{"uid":"110377f0e0ab57f5","name":"test_login_success","fullName":"Tests.test_items.test_login.TestLoginPage#test_login_success","historyId":"a57593ab350c7920ee6cf7042063d5bb","time":{"start":1764834045435,"stop":1764834054146,"duration":8711},"status":"passed","flaky":false,"newFailed":false,"newBroken":false,"newPassed":false,"retriesCount":2,"retriesStatusChange":true,"beforeStages":[{"name":"login_pa","time":{"start":1764834040428,"stop":1764834045434,"duration":5006},"status":"passed","steps":[],"attachments":[],"parameters":[],"attachmentsCount":0,"shouldDisplayMessage":false,"stepsCount":0,"attachmentStep":false,"hasContent":false}],"testStage":{"status":"passed","steps":[],"attachments":[{"uid":"1790d692be63233f","name":"log","source":"1790d692be63233f.txt","type":"text/plain","size":930}],"parameters":[],"attachmentsCount":1,"shouldDisplayMessage":false,"stepsCount":0,"attachmentStep":false,"hasContent":true},"afterStages":[{"name":"login_pa::0","time":{"start":1764834054146,"stop":1764834056319,"duration":2173},"status":"passed","steps":[],"attachments":[],"parameters":[],"attachmentsCount":0,"shouldDisplayMessage":false,"stepsCount":0,"attachmentStep":false,"hasContent":false}],"labels":[{"name":"feature","value":"登录页面测试用例"},{"name":"story","value":"登录成功"},{"name":"parentSuite","value":"Tests.test_items"},{"name":"suite","value":"test_login"},{"name":"subSuite","value":"TestLoginPage"},{"name":"host","value":"DESKTOP-L7L44NB"},{"name":"thread","value":"7688-MainThread"},{"name":"framework","value":"pytest"},{"name":"language","value":"cpython3"},{"name":"package","value":"Tests.test_items.test_login"},{"name":"resultFormat","value":"allure2"}],"parameters":[],"links":[],"hidden":false,"retry":false,"extra":{"severity":"normal","retries":[{"uid":"6ef17b5567adf553","status":"broken","statusDetails":"selenium.common.exceptions.NoSuchDriverException: Message: Unable to obtain driver for chrome; For documentation on this error, please visit: https://www.selenium.dev/documentation/webdriver/troubleshooting/errors/driver_location","time":{"start":1764833880086,"stop":1764833880086,"duration":0}},{"uid":"ebb68be82d16ca72","status":"broken","statusDetails":"selenium.common.exceptions.NoSuchDriverException: Message: Unable to obtain driver for chrome; For documentation on this error, please visit: https://www.selenium.dev/documentation/webdriver/troubleshooting/errors/driver_location","time":{"start":1764833880065,"stop":1764833880065,"duration":0}}],"categories":[],"tags":[]},"source":"110377f0e0ab57f5.json","parameterValues":[]}