{"uid":"1cc99094e694985a","name":"test_interfaceexecution_select2","fullName":"Tests.test_system.test_interfaceexecution.TestsInterfaceExecutionPage#test_interfaceexecution_select2","historyId":"3221970daf518bf1fdde1ae6d9d62560","time":{"start":1764990478975,"stop":1764990491928,"duration":12953},"status":"failed","statusMessage":"AssertionError: assert 0 > 0\n +  where 0 = len([])","statusTrace":"self = <test_system.test_interfaceexecution.TestsInterfaceExecutionPage object at 0x000001E890C484F0>, login_to_interfaceexecution = <selenium.webdriver.chrome.webdriver.WebDriver (session=\"f82588a8c5b1b52363d481d964f966e4\")>\n\n    @allure.story(\"过滤条件查询，设置包含条件查询成功\")\n    # @pytest.mark.run(order=1)\n    def test_interfaceexecution_select2(self, login_to_interfaceexecution):\n        driver = login_to_interfaceexecution  # WebDriver 实例\n        interface = ImpPage(driver)  # 用 driver 初始化 ImpPage\n        interface.wait_for_loading_to_disappear()\n        name = \"1测试\"\n        interface.click_button('//div[p[text()=\"接口名称\"]]/following-sibling::div//i')\n        interface.hover(\"包含\")\n        sleep(1)\n        interface.select_input(name)\n        sleep(1)\n        eles = interface.finds_elements(By.XPATH, '//table[@class=\"vxe-table--body\"]//tr//td[5]')\n        sleep(1)\n        list_ = [ele.text for ele in eles]\n>       assert len(list_) > 0\nE       assert 0 > 0\nE        +  where 0 = len([])\n\nTests\\test_system\\test_interfaceexecution.py:180: AssertionError","flaky":false,"newFailed":false,"newBroken":false,"newPassed":false,"retriesCount":1,"retriesStatusChange":false,"beforeStages":[{"name":"login_to_interfaceexecution","time":{"start":1764990465294,"stop":1764990478975,"duration":13681},"status":"passed","steps":[],"attachments":[],"parameters":[],"stepsCount":0,"attachmentStep":false,"hasContent":false,"attachmentsCount":0,"shouldDisplayMessage":false}],"testStage":{"status":"failed","statusMessage":"AssertionError: assert 0 > 0\n +  where 0 = len([])","statusTrace":"self = <test_system.test_interfaceexecution.TestsInterfaceExecutionPage object at 0x000001E890C484F0>, login_to_interfaceexecution = <selenium.webdriver.chrome.webdriver.WebDriver (session=\"f82588a8c5b1b52363d481d964f966e4\")>\n\n    @allure.story(\"过滤条件查询，设置包含条件查询成功\")\n    # @pytest.mark.run(order=1)\n    def test_interfaceexecution_select2(self, login_to_interfaceexecution):\n        driver = login_to_interfaceexecution  # WebDriver 实例\n        interface = ImpPage(driver)  # 用 driver 初始化 ImpPage\n        interface.wait_for_loading_to_disappear()\n        name = \"1测试\"\n        interface.click_button('//div[p[text()=\"接口名称\"]]/following-sibling::div//i')\n        interface.hover(\"包含\")\n        sleep(1)\n        interface.select_input(name)\n        sleep(1)\n        eles = interface.finds_elements(By.XPATH, '//table[@class=\"vxe-table--body\"]//tr//td[5]')\n        sleep(1)\n        list_ = [ele.text for ele in eles]\n>       assert len(list_) > 0\nE       assert 0 > 0\nE        +  where 0 = len([])\n\nTests\\test_system\\test_interfaceexecution.py:180: AssertionError","steps":[],"attachments":[{"uid":"f8554a57d177070e","name":"test_interfaceexecution_select2_failure","source":"f8554a57d177070e.png","type":"image/png","size":56779},{"uid":"4cc583b738b14a49","name":"test_interfaceexecution_select2_source","source":"4cc583b738b14a49.html","type":"text/html","size":984984},{"uid":"a1ccccb232044e2a","name":"log","source":"a1ccccb232044e2a.txt","type":"text/plain","size":3283}],"parameters":[],"stepsCount":0,"attachmentStep":false,"hasContent":true,"attachmentsCount":3,"shouldDisplayMessage":true},"afterStages":[{"name":"login_to_interfaceexecution::0","time":{"start":1764990492129,"stop":1764990494270,"duration":2141},"status":"passed","steps":[],"attachments":[],"parameters":[],"stepsCount":0,"attachmentStep":false,"hasContent":false,"attachmentsCount":0,"shouldDisplayMessage":false}],"labels":[{"name":"story","value":"过滤条件查询，设置包含条件查询成功"},{"name":"feature","value":"接口执行页用例"},{"name":"parentSuite","value":"Tests.test_system"},{"name":"suite","value":"test_interfaceexecution"},{"name":"subSuite","value":"TestsInterfaceExecutionPage"},{"name":"host","value":"DESKTOP-L7L44NB"},{"name":"thread","value":"11864-MainThread"},{"name":"framework","value":"pytest"},{"name":"language","value":"cpython3"},{"name":"package","value":"Tests.test_system.test_interfaceexecution"},{"name":"resultFormat","value":"allure2"}],"parameters":[],"links":[],"hidden":false,"retry":false,"extra":{"severity":"normal","retries":[{"uid":"e1754b6246807283","status":"failed","statusDetails":"AssertionError: assert 0 > 0\n +  where 0 = len([])","time":{"start":1764990450015,"stop":1764990462929,"duration":12914}}],"categories":[{"name":"Product defects","matchedStatuses":[]}],"tags":[]},"source":"1cc99094e694985a.json","parameterValues":[]}