{"uid":"2ce3d168b2f91057","name":"test_affairs_log_sel6","fullName":"Tests.test_system.test_affairs.TestAffairsPage#test_affairs_log_sel6","historyId":"090506200baf710aa078aa1342236f2f","time":{"start":1764977773469,"stop":1764977783432,"duration":9963},"status":"failed","statusMessage":"AssertionError: assert (['计划下发', '计划下发', '计划下发', '计划下发', '计划下发', '计划下发', ...] and False)\n +  where False = all(<generator object TestAffairsPage.test_affairs_log_sel6.<locals>.<genexpr> at 0x000001E892EDD690>)","statusTrace":"self = <test_system.test_affairs.TestAffairsPage object at 0x000001E89094F8E0>, login_to_affairs = <selenium.webdriver.chrome.webdriver.WebDriver (session=\"3a89fb816df1193e5855fe2f8fb4f96c\")>\n\n    @allure.story(\"流程日志-事务搜索成功\")\n    def test_affairs_log_sel6(self, login_to_affairs):\n        driver = login_to_affairs  # WebDriver 实例\n        affairs = AffairsPage(driver)  # 用 driver 初始化 AffairsPage\n        sleep(1)\n        num = 1000\n        affairs.click_process_log()\n        affairs_name = affairs.get_find_element_xpath('(//table[@class=\"el-table__body\"])[2]//tr[2]/td[2]').text\n        affairs.click_paging(num)\n        sleep(1)\n        affairs.sel_log_all(affairs_name=affairs_name)\n        list_ = []\n        cells = driver.find_elements(By.XPATH, '(//table[@class=\"el-table__body\"])[2]//tr/td[2]')\n        for cell in cells:\n            list_.append(cell.text)\n>       assert list_ and all(t in affairs_name for t in list_)\nE       AssertionError: assert (['计划下发', '计划下发', '计划下发', '计划下发', '计划下发', '计划下发', ...] and False)\nE        +  where False = all(<generator object TestAffairsPage.test_affairs_log_sel6.<locals>.<genexpr> at 0x000001E892EDD690>)\n\nTests\\test_system\\test_affairs.py:1428: AssertionError","flaky":false,"newFailed":false,"newBroken":false,"newPassed":false,"retriesCount":1,"retriesStatusChange":false,"beforeStages":[{"name":"login_to_affairs","time":{"start":1764977760667,"stop":1764977773469,"duration":12802},"status":"passed","steps":[],"attachments":[],"parameters":[],"stepsCount":0,"attachmentStep":false,"hasContent":false,"attachmentsCount":0,"shouldDisplayMessage":false}],"testStage":{"status":"failed","statusMessage":"AssertionError: assert (['计划下发', '计划下发', '计划下发', '计划下发', '计划下发', '计划下发', ...] and False)\n +  where False = all(<generator object TestAffairsPage.test_affairs_log_sel6.<locals>.<genexpr> at 0x000001E892EDD690>)","statusTrace":"self = <test_system.test_affairs.TestAffairsPage object at 0x000001E89094F8E0>, login_to_affairs = <selenium.webdriver.chrome.webdriver.WebDriver (session=\"3a89fb816df1193e5855fe2f8fb4f96c\")>\n\n    @allure.story(\"流程日志-事务搜索成功\")\n    def test_affairs_log_sel6(self, login_to_affairs):\n        driver = login_to_affairs  # WebDriver 实例\n        affairs = AffairsPage(driver)  # 用 driver 初始化 AffairsPage\n        sleep(1)\n        num = 1000\n        affairs.click_process_log()\n        affairs_name = affairs.get_find_element_xpath('(//table[@class=\"el-table__body\"])[2]//tr[2]/td[2]').text\n        affairs.click_paging(num)\n        sleep(1)\n        affairs.sel_log_all(affairs_name=affairs_name)\n        list_ = []\n        cells = driver.find_elements(By.XPATH, '(//table[@class=\"el-table__body\"])[2]//tr/td[2]')\n        for cell in cells:\n            list_.append(cell.text)\n>       assert list_ and all(t in affairs_name for t in list_)\nE       AssertionError: assert (['计划下发', '计划下发', '计划下发', '计划下发', '计划下发', '计划下发', ...] and False)\nE        +  where False = all(<generator object TestAffairsPage.test_affairs_log_sel6.<locals>.<genexpr> at 0x000001E892EDD690>)\n\nTests\\test_system\\test_affairs.py:1428: AssertionError","steps":[],"attachments":[{"uid":"b7572152fd7592de","name":"test_affairs_log_sel6_failure","source":"b7572152fd7592de.png","type":"image/png","size":125585},{"uid":"b7e211d0956d46db","name":"test_affairs_log_sel6_source","source":"b7e211d0956d46db.html","type":"text/html","size":1256564},{"uid":"f6190ebeb6b8ce2e","name":"log","source":"f6190ebeb6b8ce2e.txt","type":"text/plain","size":4547}],"parameters":[],"stepsCount":0,"attachmentStep":false,"hasContent":true,"attachmentsCount":3,"shouldDisplayMessage":true},"afterStages":[{"name":"login_to_affairs::0","time":{"start":1764977783660,"stop":1764977785815,"duration":2155},"status":"passed","steps":[],"attachments":[],"parameters":[],"stepsCount":0,"attachmentStep":false,"hasContent":false,"attachmentsCount":0,"shouldDisplayMessage":false}],"labels":[{"name":"story","value":"流程日志-事务搜索成功"},{"name":"feature","value":"事务管理页用例"},{"name":"parentSuite","value":"Tests.test_system"},{"name":"suite","value":"test_affairs"},{"name":"subSuite","value":"TestAffairsPage"},{"name":"host","value":"DESKTOP-L7L44NB"},{"name":"thread","value":"11864-MainThread"},{"name":"framework","value":"pytest"},{"name":"language","value":"cpython3"},{"name":"package","value":"Tests.test_system.test_affairs"},{"name":"resultFormat","value":"allure2"}],"parameters":[],"links":[],"hidden":false,"retry":false,"extra":{"severity":"normal","retries":[{"uid":"a96fbd0c9a01c890","status":"failed","statusDetails":"AssertionError: assert (['计划下发', '计划下发', '计划下发', '计划下发', '计划下发', '计划下发', ...] and False)\n +  where False = all(<generator object TestAffairsPage.test_affairs_log_sel6.<locals>.<genexpr> at 0x000001E892ED23B0>)","time":{"start":1764977746211,"stop":1764977758166,"duration":11955}}],"categories":[{"name":"Product defects","matchedStatuses":[]}],"tags":[]},"source":"2ce3d168b2f91057.json","parameterValues":[]}