{"uid":"5b06d77b56954889","name":"test_process_editnamesuccess","fullName":"Tests.test_items.test_process.TestProcessPage#test_process_editnamesuccess","historyId":"ec85f2a371b6c14fa4b30a44d07f622d","time":{"start":1764946595995,"stop":1764946611945,"duration":15950},"status":"broken","statusMessage":"selenium.common.exceptions.TimeoutException: Message: \nStacktrace:\nSymbols not available. Dumping unresolved backtrace:\n\t0x7ff71995fe35\n\t0x7ff71995fe90\n\t0x7ff7196e139d\n\t0x7ff719739d8e\n\t0x7ff71973a09c\n\t0x7ff71978e8d7\n\t0x7ff71978b61b\n\t0x7ff71972ac6d\n\t0x7ff71972bae3\n\t0x7ff719c2a10d\n\t0x7ff719c2448a\n\t0x7ff719c45157\n\t0x7ff71997a81e\n\t0x7ff71998262f\n\t0x7ff719969324\n\t0x7ff7199694df\n\t0x7ff71994ee88\n\t0x7ffaae547374\n\t0x7ffaaedfcc91","statusTrace":"self = <test_items.test_process.TestProcessPage object at 0x000001E890889660>, login_to_process = <selenium.webdriver.chrome.webdriver.WebDriver (session=\"650f5b2f3ecaeb290ccccdea1208ef88\")>\n\n    @allure.story(\"修改工序名，显示颜色成功\")\n    # @pytest.mark.run(order=1)\n    def test_process_editnamesuccess(self, login_to_process):\n        driver = login_to_process  # WebDriver 实例\n        process = ProcessPage(driver)  # 用 driver 初始化 ProcessPage\n        name = \"1测试A\"\n        # 选中工序代码\n        process.click_button('//tr[.//span[text()=\"1测试A\"]]/td[2]')\n        # 点击修改按钮\n        process.click_edi_button()\n        sleep(1)\n        # 生成随机数\n        random_int = random.randint(1, 8)\n        text = name + f\"{random_int}\"\n        # 输入修改的工序名\n        process.enter_texts(\n            '(//label[text()=\"工序名\"])[1]/parent::div//input', f\"{text}\"\n        )\n        # 获取修改好的值\n        editname = process.get_find_element_xpath(\n            '(//label[text()=\"工序名\"])[1]/parent::div//input'\n        ).get_attribute(\"value\")\n    \n        # 显示颜色下拉框\n        process.click_button('(//label[text()=\"显示颜色\"])[1]/parent::div//i')\n        sleep(2)\n        # 显示颜色\n        process.click_button(f'//span[text()=\"{random_int}\"]')\n        # 获取下拉框数据\n>       processsel = process.get_find_element_xpath(\n            '//div[label[text()=\"显示颜色\"]]/div//span[@class=\"ivu-select-selected-value\"]'\n        ).text\n\nTests\\test_items\\test_process.py:381: \n_ _ _ _ _ _ _ _ _ _ _ _ _ _ _ _ _ _ _ _ _ _ _ _ _ _ _ _ _ _ _ _ _ _ _ _ _ _ _ _ _ _ _ _ _ _ _ _ _ _ _ _ _ _ _ _ _ _ _ _ _ _ _ _ _ _ _ _ _ _ _ _ _ _ _ _ _ _ _ _ _ _ _ _ _ _ _ _ _ _ _ _ _ _ _ _ _ _ _ _ _ _ _ _ _ _ _ _ _ _ _ _ _ _ _ _\nPages\\itemsPage\\process_page.py:46: in get_find_element_xpath\n    return self.find_element(By.XPATH, xpath)\nPages\\base_page.py:28: in find_element\n    return WebDriverWait(self.driver, wait_time).until(\n_ _ _ _ _ _ _ _ _ _ _ _ _ _ _ _ _ _ _ _ _ _ _ _ _ _ _ _ _ _ _ _ _ _ _ _ _ _ _ _ _ _ _ _ _ _ _ _ _ _ _ _ _ _ _ _ _ _ _ _ _ _ _ _ _ _ _ _ _ _ _ _ _ _ _ _ _ _ _ _ _ _ _ _ _ _ _ _ _ _ _ _ _ _ _ _ _ _ _ _ _ _ _ _ _ _ _ _ _ _ _ _ _ _ _ _\n\nself = <selenium.webdriver.support.wait.WebDriverWait (session=\"650f5b2f3ecaeb290ccccdea1208ef88\")>, method = <function presence_of_element_located.<locals>._predicate at 0x000001E890F17490>, message = ''\n\n    def until(self, method: Callable[[D], Union[Literal[False], T]], message: str = \"\") -> T:\n        \"\"\"Wait until the method returns a value that is not False.\n    \n        Calls the method provided with the driver as an argument until the\n        return value does not evaluate to ``False``.\n    \n        Parameters:\n        -----------\n        method: callable(WebDriver)\n            - A callable object that takes a WebDriver instance as an argument.\n    \n        message: str\n            - Optional message for :exc:`TimeoutException`\n    \n        Return:\n        -------\n        object: T\n            - The result of the last call to `method`\n    \n        Raises:\n        -------\n        TimeoutException\n            - If 'method' does not return a truthy value within the WebDriverWait\n            object's timeout\n    \n        Example:\n        --------\n        >>> from selenium.webdriver.common.by import By\n        >>> from selenium.webdriver.support.ui import WebDriverWait\n        >>> from selenium.webdriver.support import expected_conditions as EC\n    \n        # Wait until an element is visible on the page\n        >>> wait = WebDriverWait(driver, 10)\n        >>> element = wait.until(EC.visibility_of_element_located((By.ID, \"exampleId\")))\n        >>> print(element.text)\n        \"\"\"\n        screen = None\n        stacktrace = None\n    \n        end_time = time.monotonic() + self._timeout\n        while True:\n            try:\n                value = method(self._driver)\n                if value:\n                    return value\n            except self._ignored_exceptions as exc:\n                screen = getattr(exc, \"screen\", None)\n                stacktrace = getattr(exc, \"stacktrace\", None)\n            if time.monotonic() > end_time:\n                break\n            time.sleep(self._poll)\n>       raise TimeoutException(message, screen, stacktrace)\nE       selenium.common.exceptions.TimeoutException: Message: \nE       Stacktrace:\nE       Symbols not available. Dumping unresolved backtrace:\nE       \t0x7ff71995fe35\nE       \t0x7ff71995fe90\nE       \t0x7ff7196e139d\nE       \t0x7ff719739d8e\nE       \t0x7ff71973a09c\nE       \t0x7ff71978e8d7\nE       \t0x7ff71978b61b\nE       \t0x7ff71972ac6d\nE       \t0x7ff71972bae3\nE       \t0x7ff719c2a10d\nE       \t0x7ff719c2448a\nE       \t0x7ff719c45157\nE       \t0x7ff71997a81e\nE       \t0x7ff71998262f\nE       \t0x7ff719969324\nE       \t0x7ff7199694df\nE       \t0x7ff71994ee88\nE       \t0x7ffaae547374\nE       \t0x7ffaaedfcc91\n\nD:\\Python310\\lib\\site-packages\\selenium\\webdriver\\support\\wait.py:138: TimeoutException","flaky":false,"newFailed":false,"newBroken":false,"newPassed":false,"retriesCount":0,"retriesStatusChange":false,"beforeStages":[{"name":"login_to_process","time":{"start":1764946579002,"stop":1764946595994,"duration":16992},"status":"passed","steps":[],"attachments":[],"parameters":[],"stepsCount":0,"attachmentStep":false,"hasContent":false,"attachmentsCount":0,"shouldDisplayMessage":false}],"testStage":{"status":"broken","statusMessage":"selenium.common.exceptions.TimeoutException: Message: \nStacktrace:\nSymbols not available. Dumping unresolved backtrace:\n\t0x7ff71995fe35\n\t0x7ff71995fe90\n\t0x7ff7196e139d\n\t0x7ff719739d8e\n\t0x7ff71973a09c\n\t0x7ff71978e8d7\n\t0x7ff71978b61b\n\t0x7ff71972ac6d\n\t0x7ff71972bae3\n\t0x7ff719c2a10d\n\t0x7ff719c2448a\n\t0x7ff719c45157\n\t0x7ff71997a81e\n\t0x7ff71998262f\n\t0x7ff719969324\n\t0x7ff7199694df\n\t0x7ff71994ee88\n\t0x7ffaae547374\n\t0x7ffaaedfcc91","statusTrace":"self = <test_items.test_process.TestProcessPage object at 0x000001E890889660>, login_to_process = <selenium.webdriver.chrome.webdriver.WebDriver (session=\"650f5b2f3ecaeb290ccccdea1208ef88\")>\n\n    @allure.story(\"修改工序名，显示颜色成功\")\n    # @pytest.mark.run(order=1)\n    def test_process_editnamesuccess(self, login_to_process):\n        driver = login_to_process  # WebDriver 实例\n        process = ProcessPage(driver)  # 用 driver 初始化 ProcessPage\n        name = \"1测试A\"\n        # 选中工序代码\n        process.click_button('//tr[.//span[text()=\"1测试A\"]]/td[2]')\n        # 点击修改按钮\n        process.click_edi_button()\n        sleep(1)\n        # 生成随机数\n        random_int = random.randint(1, 8)\n        text = name + f\"{random_int}\"\n        # 输入修改的工序名\n        process.enter_texts(\n            '(//label[text()=\"工序名\"])[1]/parent::div//input', f\"{text}\"\n        )\n        # 获取修改好的值\n        editname = process.get_find_element_xpath(\n            '(//label[text()=\"工序名\"])[1]/parent::div//input'\n        ).get_attribute(\"value\")\n    \n        # 显示颜色下拉框\n        process.click_button('(//label[text()=\"显示颜色\"])[1]/parent::div//i')\n        sleep(2)\n        # 显示颜色\n        process.click_button(f'//span[text()=\"{random_int}\"]')\n        # 获取下拉框数据\n>       processsel = process.get_find_element_xpath(\n            '//div[label[text()=\"显示颜色\"]]/div//span[@class=\"ivu-select-selected-value\"]'\n        ).text\n\nTests\\test_items\\test_process.py:381: \n_ _ _ _ _ _ _ _ _ _ _ _ _ _ _ _ _ _ _ _ _ _ _ _ _ _ _ _ _ _ _ _ _ _ _ _ _ _ _ _ _ _ _ _ _ _ _ _ _ _ _ _ _ _ _ _ _ _ _ _ _ _ _ _ _ _ _ _ _ _ _ _ _ _ _ _ _ _ _ _ _ _ _ _ _ _ _ _ _ _ _ _ _ _ _ _ _ _ _ _ _ _ _ _ _ _ _ _ _ _ _ _ _ _ _ _\nPages\\itemsPage\\process_page.py:46: in get_find_element_xpath\n    return self.find_element(By.XPATH, xpath)\nPages\\base_page.py:28: in find_element\n    return WebDriverWait(self.driver, wait_time).until(\n_ _ _ _ _ _ _ _ _ _ _ _ _ _ _ _ _ _ _ _ _ _ _ _ _ _ _ _ _ _ _ _ _ _ _ _ _ _ _ _ _ _ _ _ _ _ _ _ _ _ _ _ _ _ _ _ _ _ _ _ _ _ _ _ _ _ _ _ _ _ _ _ _ _ _ _ _ _ _ _ _ _ _ _ _ _ _ _ _ _ _ _ _ _ _ _ _ _ _ _ _ _ _ _ _ _ _ _ _ _ _ _ _ _ _ _\n\nself = <selenium.webdriver.support.wait.WebDriverWait (session=\"650f5b2f3ecaeb290ccccdea1208ef88\")>, method = <function presence_of_element_located.<locals>._predicate at 0x000001E890F17490>, message = ''\n\n    def until(self, method: Callable[[D], Union[Literal[False], T]], message: str = \"\") -> T:\n        \"\"\"Wait until the method returns a value that is not False.\n    \n        Calls the method provided with the driver as an argument until the\n        return value does not evaluate to ``False``.\n    \n        Parameters:\n        -----------\n        method: callable(WebDriver)\n            - A callable object that takes a WebDriver instance as an argument.\n    \n        message: str\n            - Optional message for :exc:`TimeoutException`\n    \n        Return:\n        -------\n        object: T\n            - The result of the last call to `method`\n    \n        Raises:\n        -------\n        TimeoutException\n            - If 'method' does not return a truthy value within the WebDriverWait\n            object's timeout\n    \n        Example:\n        --------\n        >>> from selenium.webdriver.common.by import By\n        >>> from selenium.webdriver.support.ui import WebDriverWait\n        >>> from selenium.webdriver.support import expected_conditions as EC\n    \n        # Wait until an element is visible on the page\n        >>> wait = WebDriverWait(driver, 10)\n        >>> element = wait.until(EC.visibility_of_element_located((By.ID, \"exampleId\")))\n        >>> print(element.text)\n        \"\"\"\n        screen = None\n        stacktrace = None\n    \n        end_time = time.monotonic() + self._timeout\n        while True:\n            try:\n                value = method(self._driver)\n                if value:\n                    return value\n            except self._ignored_exceptions as exc:\n                screen = getattr(exc, \"screen\", None)\n                stacktrace = getattr(exc, \"stacktrace\", None)\n            if time.monotonic() > end_time:\n                break\n            time.sleep(self._poll)\n>       raise TimeoutException(message, screen, stacktrace)\nE       selenium.common.exceptions.TimeoutException: Message: \nE       Stacktrace:\nE       Symbols not available. Dumping unresolved backtrace:\nE       \t0x7ff71995fe35\nE       \t0x7ff71995fe90\nE       \t0x7ff7196e139d\nE       \t0x7ff719739d8e\nE       \t0x7ff71973a09c\nE       \t0x7ff71978e8d7\nE       \t0x7ff71978b61b\nE       \t0x7ff71972ac6d\nE       \t0x7ff71972bae3\nE       \t0x7ff719c2a10d\nE       \t0x7ff719c2448a\nE       \t0x7ff719c45157\nE       \t0x7ff71997a81e\nE       \t0x7ff71998262f\nE       \t0x7ff719969324\nE       \t0x7ff7199694df\nE       \t0x7ff71994ee88\nE       \t0x7ffaae547374\nE       \t0x7ffaaedfcc91\n\nD:\\Python310\\lib\\site-packages\\selenium\\webdriver\\support\\wait.py:138: TimeoutException","steps":[],"attachments":[{"uid":"61a9aaa2400147e8","name":"test_process_editnamesuccess_failure","source":"61a9aaa2400147e8.png","type":"image/png","size":79654},{"uid":"fdd06c193734a497","name":"test_process_editnamesuccess_source","source":"fdd06c193734a497.html","type":"text/html","size":1069916},{"uid":"8d2ec07151a1425","name":"log","source":"8d2ec07151a1425.txt","type":"text/plain","size":2284}],"parameters":[],"stepsCount":0,"attachmentStep":false,"hasContent":true,"attachmentsCount":3,"shouldDisplayMessage":true},"afterStages":[{"name":"login_to_process::0","time":{"start":1764946612211,"stop":1764946614349,"duration":2138},"status":"passed","steps":[],"attachments":[],"parameters":[],"stepsCount":0,"attachmentStep":false,"hasContent":false,"attachmentsCount":0,"shouldDisplayMessage":false}],"labels":[{"name":"feature","value":"工序表测试用例"},{"name":"story","value":"修改工序名，显示颜色成功"},{"name":"parentSuite","value":"Tests.test_items"},{"name":"suite","value":"test_process"},{"name":"subSuite","value":"TestProcessPage"},{"name":"host","value":"DESKTOP-L7L44NB"},{"name":"thread","value":"11864-MainThread"},{"name":"framework","value":"pytest"},{"name":"language","value":"cpython3"},{"name":"package","value":"Tests.test_items.test_process"},{"name":"resultFormat","value":"allure2"}],"parameters":[],"links":[],"hidden":true,"retry":true,"extra":{"categories":[],"tags":[]},"source":"5b06d77b56954889.json","parameterValues":[]}