{"uid":"5c6d76011e9c5073","name":"test_role_updatedata2","fullName":"Tests.test_system.test_role.TestRolePage#test_role_updatedata2","historyId":"443c90da852f4456cb23a836a464cf18","time":{"start":1765489888568,"stop":1765489964574,"duration":76006},"status":"broken","statusMessage":"selenium.common.exceptions.TimeoutException: Message: \nStacktrace:\nSymbols not available. Dumping unresolved backtrace:\n\t0x7ff71995fe35\n\t0x7ff71995fe90\n\t0x7ff7196e139d\n\t0x7ff719739d8e\n\t0x7ff71973a09c\n\t0x7ff71978e8d7\n\t0x7ff71978b61b\n\t0x7ff71972ac6d\n\t0x7ff71972bae3\n\t0x7ff719c2a10d\n\t0x7ff719c2448a\n\t0x7ff719c45157\n\t0x7ff71997a81e\n\t0x7ff71998262f\n\t0x7ff719969324\n\t0x7ff7199694df\n\t0x7ff71994ee88\n\t0x7ffaae547374\n\t0x7ffaaedfcc91","statusTrace":"self = <test_system.test_role.TestRolePage object at 0x0000013058072410>, login_to_role = <selenium.webdriver.chrome.webdriver.WebDriver (session=\"27c33abe84b87052e5d699a27924d3ed\")>\n\n    @allure.story(\"修改菜单成功，并且可切换计划单元\")\n    # @pytest.mark.run(order=1)\n    def test_role_updatedata2(self, login_to_role):\n        driver = login_to_role  # WebDriver 实例\n        role = RolePage(driver)  # 用 driver 初始化 RolePage\n        role.wait_for_el_loading_mask()\n        date_driver = DateDriver()\n        before_name = \"1测试角色代码4\"\n        module = \"1测试计划单元CTB\"\n        role.select_input(before_name)\n        sleep(1)\n        role.click_button(f'//table[@class=\"vxe-table--body\"]//tr/td[2]//span[text()=\"{before_name}\"]')\n        sleep(1)\n        role.click_all_button(\"编辑\")\n        sleep(1)\n        num = len(role.finds_elements(By.XPATH, '//div[@class=\"ivu-tree\"]//li/label/span'))\n        for i in range(1, num+1):\n            role.click_button(f'(//div[@class=\"ivu-tree\"]//li/label/span)[{i}]')\n        sleep(1)\n        role.enter_texts('//input[@placeholder=\"请输入关键字筛选\"]', '需求管理')\n        sleep(2)\n        role.click_button('//div[@class=\"ivu-tree\"]/ul[1]//label/span')\n        te = role.get_find_element_xpath('//div[@class=\"ivu-tree\"]/ul[1]//span[@class=\"font14\"]').text\n        role.click_all_button(\"保存\")\n>       message = role.get_find_message()\n\nTests\\test_system\\test_role.py:397: \n_ _ _ _ _ _ _ _ _ _ _ _ _ _ _ _ _ _ _ _ _ _ _ _ _ _ _ _ _ _ _ _ _ _ _ _ _ _ _ _ _ _ _ _ _ _ _ _ _ _ _ _ _ _ _ _ _ _ _ _ _ _ _ _ _ _ _ _ _ _ _ _ _ _ _ _ _ _ _ _ _ _ _ _ _ _ _ _ _ _ _ _ _ _ _ _ _ _ _ _ _ _ _ _ _ _ _ _ _ _ _ _ _ _ _ _\nPages\\systemPage\\role_page.py:35: in get_find_message\n    message = WebDriverWait(self.driver, 60).until(\n_ _ _ _ _ _ _ _ _ _ _ _ _ _ _ _ _ _ _ _ _ _ _ _ _ _ _ _ _ _ _ _ _ _ _ _ _ _ _ _ _ _ _ _ _ _ _ _ _ _ _ _ _ _ _ _ _ _ _ _ _ _ _ _ _ _ _ _ _ _ _ _ _ _ _ _ _ _ _ _ _ _ _ _ _ _ _ _ _ _ _ _ _ _ _ _ _ _ _ _ _ _ _ _ _ _ _ _ _ _ _ _ _ _ _ _\n\nself = <selenium.webdriver.support.wait.WebDriverWait (session=\"27c33abe84b87052e5d699a27924d3ed\")>, method = <function visibility_of_element_located.<locals>._predicate at 0x0000013059F7EDD0>, message = ''\n\n    def until(self, method: Callable[[D], Union[Literal[False], T]], message: str = \"\") -> T:\n        \"\"\"Wait until the method returns a value that is not False.\n    \n        Calls the method provided with the driver as an argument until the\n        return value does not evaluate to ``False``.\n    \n        Parameters:\n        -----------\n        method: callable(WebDriver)\n            - A callable object that takes a WebDriver instance as an argument.\n    \n        message: str\n            - Optional message for :exc:`TimeoutException`\n    \n        Return:\n        -------\n        object: T\n            - The result of the last call to `method`\n    \n        Raises:\n        -------\n        TimeoutException\n            - If 'method' does not return a truthy value within the WebDriverWait\n            object's timeout\n    \n        Example:\n        --------\n        >>> from selenium.webdriver.common.by import By\n        >>> from selenium.webdriver.support.ui import WebDriverWait\n        >>> from selenium.webdriver.support import expected_conditions as EC\n    \n        # Wait until an element is visible on the page\n        >>> wait = WebDriverWait(driver, 10)\n        >>> element = wait.until(EC.visibility_of_element_located((By.ID, \"exampleId\")))\n        >>> print(element.text)\n        \"\"\"\n        screen = None\n        stacktrace = None\n    \n        end_time = time.monotonic() + self._timeout\n        while True:\n            try:\n                value = method(self._driver)\n                if value:\n                    return value\n            except self._ignored_exceptions as exc:\n                screen = getattr(exc, \"screen\", None)\n                stacktrace = getattr(exc, \"stacktrace\", None)\n            if time.monotonic() > end_time:\n                break\n            time.sleep(self._poll)\n>       raise TimeoutException(message, screen, stacktrace)\nE       selenium.common.exceptions.TimeoutException: Message: \nE       Stacktrace:\nE       Symbols not available. Dumping unresolved backtrace:\nE       \t0x7ff71995fe35\nE       \t0x7ff71995fe90\nE       \t0x7ff7196e139d\nE       \t0x7ff719739d8e\nE       \t0x7ff71973a09c\nE       \t0x7ff71978e8d7\nE       \t0x7ff71978b61b\nE       \t0x7ff71972ac6d\nE       \t0x7ff71972bae3\nE       \t0x7ff719c2a10d\nE       \t0x7ff719c2448a\nE       \t0x7ff719c45157\nE       \t0x7ff71997a81e\nE       \t0x7ff71998262f\nE       \t0x7ff719969324\nE       \t0x7ff7199694df\nE       \t0x7ff71994ee88\nE       \t0x7ffaae547374\nE       \t0x7ffaaedfcc91\n\nD:\\Python310\\lib\\site-packages\\selenium\\webdriver\\support\\wait.py:138: TimeoutException","flaky":false,"newFailed":false,"newBroken":false,"newPassed":false,"retriesCount":0,"retriesStatusChange":false,"beforeStages":[{"name":"login_to_role","time":{"start":1765489873304,"stop":1765489888567,"duration":15263},"status":"passed","steps":[],"attachments":[],"parameters":[],"attachmentsCount":0,"shouldDisplayMessage":false,"attachmentStep":false,"hasContent":false,"stepsCount":0}],"testStage":{"status":"broken","statusMessage":"selenium.common.exceptions.TimeoutException: Message: \nStacktrace:\nSymbols not available. Dumping unresolved backtrace:\n\t0x7ff71995fe35\n\t0x7ff71995fe90\n\t0x7ff7196e139d\n\t0x7ff719739d8e\n\t0x7ff71973a09c\n\t0x7ff71978e8d7\n\t0x7ff71978b61b\n\t0x7ff71972ac6d\n\t0x7ff71972bae3\n\t0x7ff719c2a10d\n\t0x7ff719c2448a\n\t0x7ff719c45157\n\t0x7ff71997a81e\n\t0x7ff71998262f\n\t0x7ff719969324\n\t0x7ff7199694df\n\t0x7ff71994ee88\n\t0x7ffaae547374\n\t0x7ffaaedfcc91","statusTrace":"self = <test_system.test_role.TestRolePage object at 0x0000013058072410>, login_to_role = <selenium.webdriver.chrome.webdriver.WebDriver (session=\"27c33abe84b87052e5d699a27924d3ed\")>\n\n    @allure.story(\"修改菜单成功，并且可切换计划单元\")\n    # @pytest.mark.run(order=1)\n    def test_role_updatedata2(self, login_to_role):\n        driver = login_to_role  # WebDriver 实例\n        role = RolePage(driver)  # 用 driver 初始化 RolePage\n        role.wait_for_el_loading_mask()\n        date_driver = DateDriver()\n        before_name = \"1测试角色代码4\"\n        module = \"1测试计划单元CTB\"\n        role.select_input(before_name)\n        sleep(1)\n        role.click_button(f'//table[@class=\"vxe-table--body\"]//tr/td[2]//span[text()=\"{before_name}\"]')\n        sleep(1)\n        role.click_all_button(\"编辑\")\n        sleep(1)\n        num = len(role.finds_elements(By.XPATH, '//div[@class=\"ivu-tree\"]//li/label/span'))\n        for i in range(1, num+1):\n            role.click_button(f'(//div[@class=\"ivu-tree\"]//li/label/span)[{i}]')\n        sleep(1)\n        role.enter_texts('//input[@placeholder=\"请输入关键字筛选\"]', '需求管理')\n        sleep(2)\n        role.click_button('//div[@class=\"ivu-tree\"]/ul[1]//label/span')\n        te = role.get_find_element_xpath('//div[@class=\"ivu-tree\"]/ul[1]//span[@class=\"font14\"]').text\n        role.click_all_button(\"保存\")\n>       message = role.get_find_message()\n\nTests\\test_system\\test_role.py:397: \n_ _ _ _ _ _ _ _ _ _ _ _ _ _ _ _ _ _ _ _ _ _ _ _ _ _ _ _ _ _ _ _ _ _ _ _ _ _ _ _ _ _ _ _ _ _ _ _ _ _ _ _ _ _ _ _ _ _ _ _ _ _ _ _ _ _ _ _ _ _ _ _ _ _ _ _ _ _ _ _ _ _ _ _ _ _ _ _ _ _ _ _ _ _ _ _ _ _ _ _ _ _ _ _ _ _ _ _ _ _ _ _ _ _ _ _\nPages\\systemPage\\role_page.py:35: in get_find_message\n    message = WebDriverWait(self.driver, 60).until(\n_ _ _ _ _ _ _ _ _ _ _ _ _ _ _ _ _ _ _ _ _ _ _ _ _ _ _ _ _ _ _ _ _ _ _ _ _ _ _ _ _ _ _ _ _ _ _ _ _ _ _ _ _ _ _ _ _ _ _ _ _ _ _ _ _ _ _ _ _ _ _ _ _ _ _ _ _ _ _ _ _ _ _ _ _ _ _ _ _ _ _ _ _ _ _ _ _ _ _ _ _ _ _ _ _ _ _ _ _ _ _ _ _ _ _ _\n\nself = <selenium.webdriver.support.wait.WebDriverWait (session=\"27c33abe84b87052e5d699a27924d3ed\")>, method = <function visibility_of_element_located.<locals>._predicate at 0x0000013059F7EDD0>, message = ''\n\n    def until(self, method: Callable[[D], Union[Literal[False], T]], message: str = \"\") -> T:\n        \"\"\"Wait until the method returns a value that is not False.\n    \n        Calls the method provided with the driver as an argument until the\n        return value does not evaluate to ``False``.\n    \n        Parameters:\n        -----------\n        method: callable(WebDriver)\n            - A callable object that takes a WebDriver instance as an argument.\n    \n        message: str\n            - Optional message for :exc:`TimeoutException`\n    \n        Return:\n        -------\n        object: T\n            - The result of the last call to `method`\n    \n        Raises:\n        -------\n        TimeoutException\n            - If 'method' does not return a truthy value within the WebDriverWait\n            object's timeout\n    \n        Example:\n        --------\n        >>> from selenium.webdriver.common.by import By\n        >>> from selenium.webdriver.support.ui import WebDriverWait\n        >>> from selenium.webdriver.support import expected_conditions as EC\n    \n        # Wait until an element is visible on the page\n        >>> wait = WebDriverWait(driver, 10)\n        >>> element = wait.until(EC.visibility_of_element_located((By.ID, \"exampleId\")))\n        >>> print(element.text)\n        \"\"\"\n        screen = None\n        stacktrace = None\n    \n        end_time = time.monotonic() + self._timeout\n        while True:\n            try:\n                value = method(self._driver)\n                if value:\n                    return value\n            except self._ignored_exceptions as exc:\n                screen = getattr(exc, \"screen\", None)\n                stacktrace = getattr(exc, \"stacktrace\", None)\n            if time.monotonic() > end_time:\n                break\n            time.sleep(self._poll)\n>       raise TimeoutException(message, screen, stacktrace)\nE       selenium.common.exceptions.TimeoutException: Message: \nE       Stacktrace:\nE       Symbols not available. Dumping unresolved backtrace:\nE       \t0x7ff71995fe35\nE       \t0x7ff71995fe90\nE       \t0x7ff7196e139d\nE       \t0x7ff719739d8e\nE       \t0x7ff71973a09c\nE       \t0x7ff71978e8d7\nE       \t0x7ff71978b61b\nE       \t0x7ff71972ac6d\nE       \t0x7ff71972bae3\nE       \t0x7ff719c2a10d\nE       \t0x7ff719c2448a\nE       \t0x7ff719c45157\nE       \t0x7ff71997a81e\nE       \t0x7ff71998262f\nE       \t0x7ff719969324\nE       \t0x7ff7199694df\nE       \t0x7ff71994ee88\nE       \t0x7ffaae547374\nE       \t0x7ffaaedfcc91\n\nD:\\Python310\\lib\\site-packages\\selenium\\webdriver\\support\\wait.py:138: TimeoutException","steps":[],"attachments":[{"uid":"12045cddb39381fa","name":"test_role_updatedata2","source":"12045cddb39381fa.png","type":"image/png","size":72608},{"uid":"cbf302dde0fa4162","name":"test_role_updatedata2","source":"cbf302dde0fa4162.png","type":"image/png","size":72608},{"uid":"3cc7948e14e4b9fe","name":"test_role_updatedata2","source":"3cc7948e14e4b9fe.png","type":"image/png","size":75657},{"uid":"15ffcc20653525e9","name":"log","source":"15ffcc20653525e9.txt","type":"text/plain","size":6879}],"parameters":[],"attachmentsCount":4,"shouldDisplayMessage":true,"attachmentStep":false,"hasContent":true,"stepsCount":0},"afterStages":[{"name":"login_to_role::0","time":{"start":1765489965170,"stop":1765489967337,"duration":2167},"status":"passed","steps":[],"attachments":[],"parameters":[],"attachmentsCount":0,"shouldDisplayMessage":false,"attachmentStep":false,"hasContent":false,"stepsCount":0}],"labels":[{"name":"feature","value":"角色管理页用例"},{"name":"story","value":"修改菜单成功，并且可切换计划单元"},{"name":"parentSuite","value":"Tests.test_system"},{"name":"suite","value":"test_role"},{"name":"subSuite","value":"TestRolePage"},{"name":"host","value":"DESKTOP-L7L44NB"},{"name":"thread","value":"32524-MainThread"},{"name":"framework","value":"pytest"},{"name":"language","value":"cpython3"},{"name":"package","value":"Tests.test_system.test_role"},{"name":"resultFormat","value":"allure2"}],"parameters":[],"links":[],"hidden":true,"retry":true,"extra":{"categories":[],"tags":[]},"source":"5c6d76011e9c5073.json","parameterValues":[]}