{"uid":"6d0b323ec0da7274","name":"test_user_roledel2","fullName":"Tests.test_system.test_userRole.TestUserRolePage#test_user_roledel2","historyId":"3e95d395688141b76ea80471d073565b","time":{"start":1766524324232,"stop":1766524379961,"duration":55729},"status":"broken","statusMessage":"selenium.common.exceptions.TimeoutException: Message: \nStacktrace:\nSymbols not available. Dumping unresolved backtrace:\n\t0x7ff77976fe35\n\t0x7ff77976fe90\n\t0x7ff7794f139d\n\t0x7ff779549d8e\n\t0x7ff77954a09c\n\t0x7ff77959e8d7\n\t0x7ff77959b61b\n\t0x7ff77953ac6d\n\t0x7ff77953bae3\n\t0x7ff779a3a10d\n\t0x7ff779a3448a\n\t0x7ff779a55157\n\t0x7ff77978a81e\n\t0x7ff77979262f\n\t0x7ff779779324\n\t0x7ff7797794df\n\t0x7ff77975ee88\n\t0x7ffaae547374\n\t0x7ffaaedfcc91","statusTrace":"self = <test_system.test_userRole.TestUserRolePage object at 0x00000283AB73D840>, login_to_userrole = <selenium.webdriver.chrome.webdriver.WebDriver (session=\"495aed052550238b8ace36fb79220e03\")>\n\n    @allure.story(\"删除角色成功\")\n    # @pytest.mark.run(order=1)\n    def test_user_roledel2(self, login_to_userrole):\n        driver = login_to_userrole  # WebDriver 实例\n        user = UserRolePage(driver)  # 用 driver 初始化 UserRolePage\n        username = DateDriver().username\n        name1 = \"1测试角色代码2\"\n        # 取消当前用户选中的角色\n        user.select_input(username)\n        user.click_button(f'(//table[@class=\"vxe-table--body\"])[1]//tr/td[2]//span[text()=\"{username}\"]')\n        sleep(1)\n        user.click_all_button(\"编辑\")\n        sleep(1)\n        user.enter_texts('//div[div[p[text()=\"角色代码\"]]]//input', name1)\n        sleep(1)\n        user.click_button('//table[@class=\"vxe-table--body\"]//tr/td[2]//span[@class=\"vxe-cell--checkbox is--checked\"]')\n        user.click_all_button(\"保存\")\n        user.get_find_message()\n        user.right_refresh()\n    \n        name2 = \"1测试角色代码4\"\n        # 取消当前用户选中的角色\n        user.select_input(username)\n        user.click_button(f'(//table[@class=\"vxe-table--body\"])[1]//tr/td[2]//span[text()=\"{username}\"]')\n        sleep(1)\n        user.click_all_button(\"编辑\")\n        sleep(1)\n        user.enter_texts('//div[div[p[text()=\"角色代码\"]]]//input', name2)\n        sleep(1)\n        user.click_button('//table[@class=\"vxe-table--body\"]//tr/td[2]//span[@class=\"vxe-cell--checkbox is--checked\"]')\n        user.click_all_button(\"保存\")\n        user.get_find_message()\n    \n        user.click_button('(//span[text()=\"角色管理\"])[1]')\n        # 等待遮罩层消失\n        user.wait_for_el_loading_mask()\n        user.enter_texts('//div[div[p[text()=\"角色代码\"]]]//input', name1)\n        sleep(1)\n        user.click_button(f'(//table[@class=\"vxe-table--body\"])[1]//tr/td[2]//span[text()=\"{name1}\"]')\n        user.click_all_button(\"删除\")\n        user.click_button('//div[@class=\"ivu-modal-confirm-footer\"]//span[text()=\"确定\"]')\n>       user.get_find_message()\n\nTests\\test_system\\test_userRole.py:946: \n_ _ _ _ _ _ _ _ _ _ _ _ _ _ _ _ _ _ _ _ _ _ _ _ _ _ _ _ _ _ _ _ _ _ _ _ _ _ _ _ _ _ _ _ _ _ _ _ _ _ _ _ _ _ _ _ _ _ _ _ _ _ _ _ _ _ _ _ _ _ _ _ _ _ _ _ _ _ _ _ _ _ _ _ _ _ _ _ _ _ _ _ _ _ _ _ _ _ _ _ _ _ _ _ _ _ _ _ _ _ _ _ _ _ _ _\nPages\\systemPage\\userRole_page.py:35: in get_find_message\n    message = WebDriverWait(self.driver, 30).until(\n_ _ _ _ _ _ _ _ _ _ _ _ _ _ _ _ _ _ _ _ _ _ _ _ _ _ _ _ _ _ _ _ _ _ _ _ _ _ _ _ _ _ _ _ _ _ _ _ _ _ _ _ _ _ _ _ _ _ _ _ _ _ _ _ _ _ _ _ _ _ _ _ _ _ _ _ _ _ _ _ _ _ _ _ _ _ _ _ _ _ _ _ _ _ _ _ _ _ _ _ _ _ _ _ _ _ _ _ _ _ _ _ _ _ _ _\n\nself = <selenium.webdriver.support.wait.WebDriverWait (session=\"495aed052550238b8ace36fb79220e03\")>, method = <function visibility_of_element_located.<locals>._predicate at 0x00000283AD06C0D0>, message = ''\n\n    def until(self, method: Callable[[D], Union[Literal[False], T]], message: str = \"\") -> T:\n        \"\"\"Wait until the method returns a value that is not False.\n    \n        Calls the method provided with the driver as an argument until the\n        return value does not evaluate to ``False``.\n    \n        Parameters:\n        -----------\n        method: callable(WebDriver)\n            - A callable object that takes a WebDriver instance as an argument.\n    \n        message: str\n            - Optional message for :exc:`TimeoutException`\n    \n        Return:\n        -------\n        object: T\n            - The result of the last call to `method`\n    \n        Raises:\n        -------\n        TimeoutException\n            - If 'method' does not return a truthy value within the WebDriverWait\n            object's timeout\n    \n        Example:\n        --------\n        >>> from selenium.webdriver.common.by import By\n        >>> from selenium.webdriver.support.ui import WebDriverWait\n        >>> from selenium.webdriver.support import expected_conditions as EC\n    \n        # Wait until an element is visible on the page\n        >>> wait = WebDriverWait(driver, 10)\n        >>> element = wait.until(EC.visibility_of_element_located((By.ID, \"exampleId\")))\n        >>> print(element.text)\n        \"\"\"\n        screen = None\n        stacktrace = None\n    \n        end_time = time.monotonic() + self._timeout\n        while True:\n            try:\n                value = method(self._driver)\n                if value:\n                    return value\n            except self._ignored_exceptions as exc:\n                screen = getattr(exc, \"screen\", None)\n                stacktrace = getattr(exc, \"stacktrace\", None)\n            if time.monotonic() > end_time:\n                break\n            time.sleep(self._poll)\n>       raise TimeoutException(message, screen, stacktrace)\nE       selenium.common.exceptions.TimeoutException: Message: \nE       Stacktrace:\nE       Symbols not available. Dumping unresolved backtrace:\nE       \t0x7ff77976fe35\nE       \t0x7ff77976fe90\nE       \t0x7ff7794f139d\nE       \t0x7ff779549d8e\nE       \t0x7ff77954a09c\nE       \t0x7ff77959e8d7\nE       \t0x7ff77959b61b\nE       \t0x7ff77953ac6d\nE       \t0x7ff77953bae3\nE       \t0x7ff779a3a10d\nE       \t0x7ff779a3448a\nE       \t0x7ff779a55157\nE       \t0x7ff77978a81e\nE       \t0x7ff77979262f\nE       \t0x7ff779779324\nE       \t0x7ff7797794df\nE       \t0x7ff77975ee88\nE       \t0x7ffaae547374\nE       \t0x7ffaaedfcc91\n\nD:\\Python310\\lib\\site-packages\\selenium\\webdriver\\support\\wait.py:138: TimeoutException","flaky":false,"newFailed":false,"newBroken":false,"newPassed":false,"retriesCount":0,"retriesStatusChange":false,"beforeStages":[{"name":"login_to_userrole","time":{"start":1766524310970,"stop":1766524324232,"duration":13262},"status":"passed","steps":[],"attachments":[],"parameters":[],"hasContent":false,"attachmentStep":false,"stepsCount":0,"shouldDisplayMessage":false,"attachmentsCount":0}],"testStage":{"status":"broken","statusMessage":"selenium.common.exceptions.TimeoutException: Message: \nStacktrace:\nSymbols not available. Dumping unresolved backtrace:\n\t0x7ff77976fe35\n\t0x7ff77976fe90\n\t0x7ff7794f139d\n\t0x7ff779549d8e\n\t0x7ff77954a09c\n\t0x7ff77959e8d7\n\t0x7ff77959b61b\n\t0x7ff77953ac6d\n\t0x7ff77953bae3\n\t0x7ff779a3a10d\n\t0x7ff779a3448a\n\t0x7ff779a55157\n\t0x7ff77978a81e\n\t0x7ff77979262f\n\t0x7ff779779324\n\t0x7ff7797794df\n\t0x7ff77975ee88\n\t0x7ffaae547374\n\t0x7ffaaedfcc91","statusTrace":"self = <test_system.test_userRole.TestUserRolePage object at 0x00000283AB73D840>, login_to_userrole = <selenium.webdriver.chrome.webdriver.WebDriver (session=\"495aed052550238b8ace36fb79220e03\")>\n\n    @allure.story(\"删除角色成功\")\n    # @pytest.mark.run(order=1)\n    def test_user_roledel2(self, login_to_userrole):\n        driver = login_to_userrole  # WebDriver 实例\n        user = UserRolePage(driver)  # 用 driver 初始化 UserRolePage\n        username = DateDriver().username\n        name1 = \"1测试角色代码2\"\n        # 取消当前用户选中的角色\n        user.select_input(username)\n        user.click_button(f'(//table[@class=\"vxe-table--body\"])[1]//tr/td[2]//span[text()=\"{username}\"]')\n        sleep(1)\n        user.click_all_button(\"编辑\")\n        sleep(1)\n        user.enter_texts('//div[div[p[text()=\"角色代码\"]]]//input', name1)\n        sleep(1)\n        user.click_button('//table[@class=\"vxe-table--body\"]//tr/td[2]//span[@class=\"vxe-cell--checkbox is--checked\"]')\n        user.click_all_button(\"保存\")\n        user.get_find_message()\n        user.right_refresh()\n    \n        name2 = \"1测试角色代码4\"\n        # 取消当前用户选中的角色\n        user.select_input(username)\n        user.click_button(f'(//table[@class=\"vxe-table--body\"])[1]//tr/td[2]//span[text()=\"{username}\"]')\n        sleep(1)\n        user.click_all_button(\"编辑\")\n        sleep(1)\n        user.enter_texts('//div[div[p[text()=\"角色代码\"]]]//input', name2)\n        sleep(1)\n        user.click_button('//table[@class=\"vxe-table--body\"]//tr/td[2]//span[@class=\"vxe-cell--checkbox is--checked\"]')\n        user.click_all_button(\"保存\")\n        user.get_find_message()\n    \n        user.click_button('(//span[text()=\"角色管理\"])[1]')\n        # 等待遮罩层消失\n        user.wait_for_el_loading_mask()\n        user.enter_texts('//div[div[p[text()=\"角色代码\"]]]//input', name1)\n        sleep(1)\n        user.click_button(f'(//table[@class=\"vxe-table--body\"])[1]//tr/td[2]//span[text()=\"{name1}\"]')\n        user.click_all_button(\"删除\")\n        user.click_button('//div[@class=\"ivu-modal-confirm-footer\"]//span[text()=\"确定\"]')\n>       user.get_find_message()\n\nTests\\test_system\\test_userRole.py:946: \n_ _ _ _ _ _ _ _ _ _ _ _ _ _ _ _ _ _ _ _ _ _ _ _ _ _ _ _ _ _ _ _ _ _ _ _ _ _ _ _ _ _ _ _ _ _ _ _ _ _ _ _ _ _ _ _ _ _ _ _ _ _ _ _ _ _ _ _ _ _ _ _ _ _ _ _ _ _ _ _ _ _ _ _ _ _ _ _ _ _ _ _ _ _ _ _ _ _ _ _ _ _ _ _ _ _ _ _ _ _ _ _ _ _ _ _\nPages\\systemPage\\userRole_page.py:35: in get_find_message\n    message = WebDriverWait(self.driver, 30).until(\n_ _ _ _ _ _ _ _ _ _ _ _ _ _ _ _ _ _ _ _ _ _ _ _ _ _ _ _ _ _ _ _ _ _ _ _ _ _ _ _ _ _ _ _ _ _ _ _ _ _ _ _ _ _ _ _ _ _ _ _ _ _ _ _ _ _ _ _ _ _ _ _ _ _ _ _ _ _ _ _ _ _ _ _ _ _ _ _ _ _ _ _ _ _ _ _ _ _ _ _ _ _ _ _ _ _ _ _ _ _ _ _ _ _ _ _\n\nself = <selenium.webdriver.support.wait.WebDriverWait (session=\"495aed052550238b8ace36fb79220e03\")>, method = <function visibility_of_element_located.<locals>._predicate at 0x00000283AD06C0D0>, message = ''\n\n    def until(self, method: Callable[[D], Union[Literal[False], T]], message: str = \"\") -> T:\n        \"\"\"Wait until the method returns a value that is not False.\n    \n        Calls the method provided with the driver as an argument until the\n        return value does not evaluate to ``False``.\n    \n        Parameters:\n        -----------\n        method: callable(WebDriver)\n            - A callable object that takes a WebDriver instance as an argument.\n    \n        message: str\n            - Optional message for :exc:`TimeoutException`\n    \n        Return:\n        -------\n        object: T\n            - The result of the last call to `method`\n    \n        Raises:\n        -------\n        TimeoutException\n            - If 'method' does not return a truthy value within the WebDriverWait\n            object's timeout\n    \n        Example:\n        --------\n        >>> from selenium.webdriver.common.by import By\n        >>> from selenium.webdriver.support.ui import WebDriverWait\n        >>> from selenium.webdriver.support import expected_conditions as EC\n    \n        # Wait until an element is visible on the page\n        >>> wait = WebDriverWait(driver, 10)\n        >>> element = wait.until(EC.visibility_of_element_located((By.ID, \"exampleId\")))\n        >>> print(element.text)\n        \"\"\"\n        screen = None\n        stacktrace = None\n    \n        end_time = time.monotonic() + self._timeout\n        while True:\n            try:\n                value = method(self._driver)\n                if value:\n                    return value\n            except self._ignored_exceptions as exc:\n                screen = getattr(exc, \"screen\", None)\n                stacktrace = getattr(exc, \"stacktrace\", None)\n            if time.monotonic() > end_time:\n                break\n            time.sleep(self._poll)\n>       raise TimeoutException(message, screen, stacktrace)\nE       selenium.common.exceptions.TimeoutException: Message: \nE       Stacktrace:\nE       Symbols not available. Dumping unresolved backtrace:\nE       \t0x7ff77976fe35\nE       \t0x7ff77976fe90\nE       \t0x7ff7794f139d\nE       \t0x7ff779549d8e\nE       \t0x7ff77954a09c\nE       \t0x7ff77959e8d7\nE       \t0x7ff77959b61b\nE       \t0x7ff77953ac6d\nE       \t0x7ff77953bae3\nE       \t0x7ff779a3a10d\nE       \t0x7ff779a3448a\nE       \t0x7ff779a55157\nE       \t0x7ff77978a81e\nE       \t0x7ff77979262f\nE       \t0x7ff779779324\nE       \t0x7ff7797794df\nE       \t0x7ff77975ee88\nE       \t0x7ffaae547374\nE       \t0x7ffaaedfcc91\n\nD:\\Python310\\lib\\site-packages\\selenium\\webdriver\\support\\wait.py:138: TimeoutException","steps":[],"attachments":[{"uid":"fb9d448b40b53c06","name":"test_user_roledel2_20251224_051300","source":"fb9d448b40b53c06.png","type":"image/png","size":108076},{"uid":"5fc1611d33e6d673","name":"test_user_roledel2_20251224_051300","source":"5fc1611d33e6d673.png","type":"image/png","size":108063},{"uid":"e2406cc3fa09d6c6","name":"test_user_roledel2_20251224_051300","source":"e2406cc3fa09d6c6.png","type":"image/png","size":92882},{"uid":"f1ec98fa4f695305","name":"log","source":"f1ec98fa4f695305.txt","type":"text/plain","size":4278}],"parameters":[],"hasContent":true,"attachmentStep":false,"stepsCount":0,"shouldDisplayMessage":true,"attachmentsCount":4},"afterStages":[{"name":"login_to_userrole::0","time":{"start":1766524380522,"stop":1766524382674,"duration":2152},"status":"passed","steps":[],"attachments":[],"parameters":[],"hasContent":false,"attachmentStep":false,"stepsCount":0,"shouldDisplayMessage":false,"attachmentsCount":0}],"labels":[{"name":"story","value":"删除角色成功"},{"name":"feature","value":"用户权限管理页用例"},{"name":"parentSuite","value":"Tests.test_system"},{"name":"suite","value":"test_userRole"},{"name":"subSuite","value":"TestUserRolePage"},{"name":"host","value":"DESKTOP-L7L44NB"},{"name":"thread","value":"44168-MainThread"},{"name":"framework","value":"pytest"},{"name":"language","value":"cpython3"},{"name":"package","value":"Tests.test_system.test_userRole"},{"name":"resultFormat","value":"allure2"}],"parameters":[],"links":[],"hidden":true,"retry":true,"extra":{"categories":[],"tags":[]},"source":"6d0b323ec0da7274.json","parameterValues":[]}