{"uid":"713db44958e6e566","name":"test_acceptdata_select3","fullName":"Tests.test_system.test_acceptdata.TestSAcceptDataPage#test_acceptdata_select3","historyId":"5ab1194a5914fc03419c54af6f633f77","time":{"start":1764911971751,"stop":1764911987689,"duration":15938},"status":"broken","statusMessage":"selenium.common.exceptions.TimeoutException: Message:","statusTrace":"self = <test_system.test_acceptdata.TestSAcceptDataPage object at 0x000001676A88CD30>, login_to_acceptdata = <selenium.webdriver.chrome.webdriver.WebDriver (session=\"179b500c502506773e4933a197d7ef54\")>\n\n    @allure.story(\"过滤条件查询，设置符合开头查询成功\")\n    # @pytest.mark.run(order=1)\n    def test_acceptdata_select3(self, login_to_acceptdata):\n        driver = login_to_acceptdata  # WebDriver 实例\n        acceptdata = ImpPage(driver)  # 用 driver 初始化 ImpPage\n        acceptdata.wait_for_loading_to_disappear()\n        name = \"1\"\n        acceptdata.click_button('//div[p[text()=\"接口名称\"]]/following-sibling::div//i')\n>       acceptdata.hover(\"符合开头\")\n\nTests\\test_system\\test_acceptdata.py:307: \n_ _ _ _ _ _ _ _ _ _ _ _ _ _ _ _ _ _ _ _ _ _ _ _ _ _ _ _ _ _ _ _ _ _ _ _ _ _ _ _ _ _ _ _ _ _ _ _ _ _ _ _ _ _ _ _ _ _ _ _ _ _ _ _ _ _ _ _ _ _ _ _ _ _ _ _ _ _ _ _ _ _ _ _ _ _ _ _ _ _ _ _ _ _ _ _ _ _ _ _ _ _ _ _ _ _ _ _ _ _ _ _ _ _ _ _\nPages\\systemPage\\imp_page.py:97: in hover\n    delete_icon = WebDriverWait(self.driver, 10).until(\n_ _ _ _ _ _ _ _ _ _ _ _ _ _ _ _ _ _ _ _ _ _ _ _ _ _ _ _ _ _ _ _ _ _ _ _ _ _ _ _ _ _ _ _ _ _ _ _ _ _ _ _ _ _ _ _ _ _ _ _ _ _ _ _ _ _ _ _ _ _ _ _ _ _ _ _ _ _ _ _ _ _ _ _ _ _ _ _ _ _ _ _ _ _ _ _ _ _ _ _ _ _ _ _ _ _ _ _ _ _ _ _ _ _ _ _\n\nself = <selenium.webdriver.support.wait.WebDriverWait (session=\"179b500c502506773e4933a197d7ef54\")>, method = <function visibility_of_element_located.<locals>._predicate at 0x000001676DCEBB50>, message = ''\n\n    def until(self, method: Callable[[D], Union[Literal[False], T]], message: str = \"\") -> T:\n        \"\"\"Wait until the method returns a value that is not False.\n    \n        Calls the method provided with the driver as an argument until the\n        return value does not evaluate to ``False``.\n    \n        Parameters:\n        -----------\n        method: callable(WebDriver)\n            - A callable object that takes a WebDriver instance as an argument.\n    \n        message: str\n            - Optional message for :exc:`TimeoutException`\n    \n        Return:\n        -------\n        object: T\n            - The result of the last call to `method`\n    \n        Raises:\n        -------\n        TimeoutException\n            - If 'method' does not return a truthy value within the WebDriverWait\n            object's timeout\n    \n        Example:\n        --------\n        >>> from selenium.webdriver.common.by import By\n        >>> from selenium.webdriver.support.ui import WebDriverWait\n        >>> from selenium.webdriver.support import expected_conditions as EC\n    \n        # Wait until an element is visible on the page\n        >>> wait = WebDriverWait(driver, 10)\n        >>> element = wait.until(EC.visibility_of_element_located((By.ID, \"exampleId\")))\n        >>> print(element.text)\n        \"\"\"\n        screen = None\n        stacktrace = None\n    \n        end_time = time.monotonic() + self._timeout\n        while True:\n            try:\n                value = method(self._driver)\n                if value:\n                    return value\n            except self._ignored_exceptions as exc:\n                screen = getattr(exc, \"screen\", None)\n                stacktrace = getattr(exc, \"stacktrace\", None)\n            if time.monotonic() > end_time:\n                break\n            time.sleep(self._poll)\n>       raise TimeoutException(message, screen, stacktrace)\nE       selenium.common.exceptions.TimeoutException: Message:\n\nD:\\Python310\\lib\\site-packages\\selenium\\webdriver\\support\\wait.py:138: TimeoutException","flaky":false,"newFailed":false,"newBroken":false,"newPassed":false,"retriesCount":1,"retriesStatusChange":false,"beforeStages":[{"name":"login_to_acceptdata","time":{"start":1764911959820,"stop":1764911971750,"duration":11930},"status":"passed","steps":[],"attachments":[],"parameters":[],"hasContent":false,"attachmentStep":false,"stepsCount":0,"shouldDisplayMessage":false,"attachmentsCount":0}],"testStage":{"status":"broken","statusMessage":"selenium.common.exceptions.TimeoutException: Message:","statusTrace":"self = <test_system.test_acceptdata.TestSAcceptDataPage object at 0x000001676A88CD30>, login_to_acceptdata = <selenium.webdriver.chrome.webdriver.WebDriver (session=\"179b500c502506773e4933a197d7ef54\")>\n\n    @allure.story(\"过滤条件查询，设置符合开头查询成功\")\n    # @pytest.mark.run(order=1)\n    def test_acceptdata_select3(self, login_to_acceptdata):\n        driver = login_to_acceptdata  # WebDriver 实例\n        acceptdata = ImpPage(driver)  # 用 driver 初始化 ImpPage\n        acceptdata.wait_for_loading_to_disappear()\n        name = \"1\"\n        acceptdata.click_button('//div[p[text()=\"接口名称\"]]/following-sibling::div//i')\n>       acceptdata.hover(\"符合开头\")\n\nTests\\test_system\\test_acceptdata.py:307: \n_ _ _ _ _ _ _ _ _ _ _ _ _ _ _ _ _ _ _ _ _ _ _ _ _ _ _ _ _ _ _ _ _ _ _ _ _ _ _ _ _ _ _ _ _ _ _ _ _ _ _ _ _ _ _ _ _ _ _ _ _ _ _ _ _ _ _ _ _ _ _ _ _ _ _ _ _ _ _ _ _ _ _ _ _ _ _ _ _ _ _ _ _ _ _ _ _ _ _ _ _ _ _ _ _ _ _ _ _ _ _ _ _ _ _ _\nPages\\systemPage\\imp_page.py:97: in hover\n    delete_icon = WebDriverWait(self.driver, 10).until(\n_ _ _ _ _ _ _ _ _ _ _ _ _ _ _ _ _ _ _ _ _ _ _ _ _ _ _ _ _ _ _ _ _ _ _ _ _ _ _ _ _ _ _ _ _ _ _ _ _ _ _ _ _ _ _ _ _ _ _ _ _ _ _ _ _ _ _ _ _ _ _ _ _ _ _ _ _ _ _ _ _ _ _ _ _ _ _ _ _ _ _ _ _ _ _ _ _ _ _ _ _ _ _ _ _ _ _ _ _ _ _ _ _ _ _ _\n\nself = <selenium.webdriver.support.wait.WebDriverWait (session=\"179b500c502506773e4933a197d7ef54\")>, method = <function visibility_of_element_located.<locals>._predicate at 0x000001676DCEBB50>, message = ''\n\n    def until(self, method: Callable[[D], Union[Literal[False], T]], message: str = \"\") -> T:\n        \"\"\"Wait until the method returns a value that is not False.\n    \n        Calls the method provided with the driver as an argument until the\n        return value does not evaluate to ``False``.\n    \n        Parameters:\n        -----------\n        method: callable(WebDriver)\n            - A callable object that takes a WebDriver instance as an argument.\n    \n        message: str\n            - Optional message for :exc:`TimeoutException`\n    \n        Return:\n        -------\n        object: T\n            - The result of the last call to `method`\n    \n        Raises:\n        -------\n        TimeoutException\n            - If 'method' does not return a truthy value within the WebDriverWait\n            object's timeout\n    \n        Example:\n        --------\n        >>> from selenium.webdriver.common.by import By\n        >>> from selenium.webdriver.support.ui import WebDriverWait\n        >>> from selenium.webdriver.support import expected_conditions as EC\n    \n        # Wait until an element is visible on the page\n        >>> wait = WebDriverWait(driver, 10)\n        >>> element = wait.until(EC.visibility_of_element_located((By.ID, \"exampleId\")))\n        >>> print(element.text)\n        \"\"\"\n        screen = None\n        stacktrace = None\n    \n        end_time = time.monotonic() + self._timeout\n        while True:\n            try:\n                value = method(self._driver)\n                if value:\n                    return value\n            except self._ignored_exceptions as exc:\n                screen = getattr(exc, \"screen\", None)\n                stacktrace = getattr(exc, \"stacktrace\", None)\n            if time.monotonic() > end_time:\n                break\n            time.sleep(self._poll)\n>       raise TimeoutException(message, screen, stacktrace)\nE       selenium.common.exceptions.TimeoutException: Message:\n\nD:\\Python310\\lib\\site-packages\\selenium\\webdriver\\support\\wait.py:138: TimeoutException","steps":[],"attachments":[{"uid":"33362d4d5d3ca574","name":"test_acceptdata_select3_failure","source":"33362d4d5d3ca574.png","type":"image/png","size":72544},{"uid":"ac253b880b996f94","name":"test_acceptdata_select3_source","source":"ac253b880b996f94.html","type":"text/html","size":882301},{"uid":"5e4ded46671c9f1f","name":"log","source":"5e4ded46671c9f1f.txt","type":"text/plain","size":3013}],"parameters":[],"hasContent":true,"attachmentStep":false,"stepsCount":0,"shouldDisplayMessage":true,"attachmentsCount":3},"afterStages":[{"name":"login_to_acceptdata::0","time":{"start":1764911987923,"stop":1764911990071,"duration":2148},"status":"passed","steps":[],"attachments":[],"parameters":[],"hasContent":false,"attachmentStep":false,"stepsCount":0,"shouldDisplayMessage":false,"attachmentsCount":0}],"labels":[{"name":"story","value":"过滤条件查询，设置符合开头查询成功"},{"name":"feature","value":"接收数据页用例"},{"name":"parentSuite","value":"Tests.test_system"},{"name":"suite","value":"test_acceptdata"},{"name":"subSuite","value":"TestSAcceptDataPage"},{"name":"host","value":"DESKTOP-L7L44NB"},{"name":"thread","value":"10972-MainThread"},{"name":"framework","value":"pytest"},{"name":"language","value":"cpython3"},{"name":"package","value":"Tests.test_system.test_acceptdata"},{"name":"resultFormat","value":"allure2"}],"parameters":[],"links":[],"hidden":false,"retry":false,"extra":{"severity":"normal","retries":[{"uid":"3c65fd143e537a62","status":"broken","statusDetails":"selenium.common.exceptions.TimeoutException: Message:","time":{"start":1764911941100,"stop":1764911957337,"duration":16237}}],"categories":[{"name":"Test defects","matchedStatuses":[]}],"tags":[]},"source":"713db44958e6e566.json","parameterValues":[]}