{"uid":"8ed293c6bcb362","name":"test_dictionary_addsuccess1","fullName":"Tests.test_system.test_dictionary.TestSDictionaryPage#test_dictionary_addsuccess1","historyId":"961618730b5d12790f90c7aec8658c3f","time":{"start":1766100406253,"stop":1766100422199,"duration":15946},"status":"broken","statusMessage":"selenium.common.exceptions.TimeoutException: Message: \nStacktrace:\nSymbols not available. Dumping unresolved backtrace:\n\t0x7ff73e87fe35\n\t0x7ff73e87fe90\n\t0x7ff73e60139d\n\t0x7ff73e659d8e\n\t0x7ff73e65a09c\n\t0x7ff73e6ae8d7\n\t0x7ff73e6ab61b\n\t0x7ff73e64ac6d\n\t0x7ff73e64bae3\n\t0x7ff73eb4a10d\n\t0x7ff73eb4448a\n\t0x7ff73eb65157\n\t0x7ff73e89a81e\n\t0x7ff73e8a262f\n\t0x7ff73e889324\n\t0x7ff73e8894df\n\t0x7ff73e86ee88\n\t0x7ffaae547374\n\t0x7ffaaedfcc91","statusTrace":"self = <test_system.test_dictionary.TestSDictionaryPage object at 0x000001C006C2EDD0>, login_to_dictionary = <selenium.webdriver.chrome.webdriver.WebDriver (session=\"93c9bc7b7039a740a1c694827b83c3eb\")>\n\n    @allure.story(\"添加字典成功\")\n    # @pytest.mark.run(order=1)\n    def test_dictionary_addsuccess1(self, login_to_dictionary):\n        driver = login_to_dictionary  # WebDriver 实例\n        dictionary = ExpressionPage(driver)  # 用 driver 初始化 ExpressionPage\n        add = AddsPages(driver)\n        sleep(1)\n        name = '1字典1'\n        xpath_list = [\n            '//div[@id=\"240ciohl-584b\"]//input',\n            '//div[@id=\"wsgjozwj-57r6\"]//input',\n            '//div[@id=\"0tj1refm-xmig\"]//input',\n        ]\n        dictionary.click_all_button(\"新增\")\n        add.batch_modify_input(xpath_list, name)\n        dictionary.click_confirm()\n        message = dictionary.get_find_message()\n        dictionary.click_button(f'(//div[@id=\"o6c3f11v-czxj\"]//span[text()=\"{name}\"])[1]')\n>       dictionary.select_input_dictionary(name)\n\nTests\\test_system\\test_dictionary.py:114: \n_ _ _ _ _ _ _ _ _ _ _ _ _ _ _ _ _ _ _ _ _ _ _ _ _ _ _ _ _ _ _ _ _ _ _ _ _ _ _ _ _ _ _ _ _ _ _ _ _ _ _ _ _ _ _ _ _ _ _ _ _ _ _ _ _ _ _ _ _ _ _ _ _ _ _ _ _ _ _ _ _ _ _ _ _ _ _ _ _ _ _ _ _ _ _ _ _ _ _ _ _ _ _ _ _ _ _ _ _ _ _ _ _ _ _ _\nPages\\systemPage\\expression_page.py:144: in select_input_dictionary\n    ele = self.get_find_element_xpath(xpath)\nPages\\systemPage\\expression_page.py:29: in get_find_element_xpath\n    return self.find_element(By.XPATH, xpath)\nPages\\base_page.py:28: in find_element\n    return WebDriverWait(self.driver, wait_time).until(\n_ _ _ _ _ _ _ _ _ _ _ _ _ _ _ _ _ _ _ _ _ _ _ _ _ _ _ _ _ _ _ _ _ _ _ _ _ _ _ _ _ _ _ _ _ _ _ _ _ _ _ _ _ _ _ _ _ _ _ _ _ _ _ _ _ _ _ _ _ _ _ _ _ _ _ _ _ _ _ _ _ _ _ _ _ _ _ _ _ _ _ _ _ _ _ _ _ _ _ _ _ _ _ _ _ _ _ _ _ _ _ _ _ _ _ _\n\nself = <selenium.webdriver.support.wait.WebDriverWait (session=\"93c9bc7b7039a740a1c694827b83c3eb\")>, method = <function presence_of_element_located.<locals>._predicate at 0x000001C0097DAC20>, message = ''\n\n    def until(self, method: Callable[[D], Union[Literal[False], T]], message: str = \"\") -> T:\n        \"\"\"Wait until the method returns a value that is not False.\n    \n        Calls the method provided with the driver as an argument until the\n        return value does not evaluate to ``False``.\n    \n        Parameters:\n        -----------\n        method: callable(WebDriver)\n            - A callable object that takes a WebDriver instance as an argument.\n    \n        message: str\n            - Optional message for :exc:`TimeoutException`\n    \n        Return:\n        -------\n        object: T\n            - The result of the last call to `method`\n    \n        Raises:\n        -------\n        TimeoutException\n            - If 'method' does not return a truthy value within the WebDriverWait\n            object's timeout\n    \n        Example:\n        --------\n        >>> from selenium.webdriver.common.by import By\n        >>> from selenium.webdriver.support.ui import WebDriverWait\n        >>> from selenium.webdriver.support import expected_conditions as EC\n    \n        # Wait until an element is visible on the page\n        >>> wait = WebDriverWait(driver, 10)\n        >>> element = wait.until(EC.visibility_of_element_located((By.ID, \"exampleId\")))\n        >>> print(element.text)\n        \"\"\"\n        screen = None\n        stacktrace = None\n    \n        end_time = time.monotonic() + self._timeout\n        while True:\n            try:\n                value = method(self._driver)\n                if value:\n                    return value\n            except self._ignored_exceptions as exc:\n                screen = getattr(exc, \"screen\", None)\n                stacktrace = getattr(exc, \"stacktrace\", None)\n            if time.monotonic() > end_time:\n                break\n            time.sleep(self._poll)\n>       raise TimeoutException(message, screen, stacktrace)\nE       selenium.common.exceptions.TimeoutException: Message: \nE       Stacktrace:\nE       Symbols not available. Dumping unresolved backtrace:\nE       \t0x7ff73e87fe35\nE       \t0x7ff73e87fe90\nE       \t0x7ff73e60139d\nE       \t0x7ff73e659d8e\nE       \t0x7ff73e65a09c\nE       \t0x7ff73e6ae8d7\nE       \t0x7ff73e6ab61b\nE       \t0x7ff73e64ac6d\nE       \t0x7ff73e64bae3\nE       \t0x7ff73eb4a10d\nE       \t0x7ff73eb4448a\nE       \t0x7ff73eb65157\nE       \t0x7ff73e89a81e\nE       \t0x7ff73e8a262f\nE       \t0x7ff73e889324\nE       \t0x7ff73e8894df\nE       \t0x7ff73e86ee88\nE       \t0x7ffaae547374\nE       \t0x7ffaaedfcc91\n\nD:\\Python310\\lib\\site-packages\\selenium\\webdriver\\support\\wait.py:138: TimeoutException","flaky":false,"newFailed":false,"newBroken":false,"newPassed":false,"retriesCount":0,"retriesStatusChange":false,"beforeStages":[{"name":"login_to_dictionary","time":{"start":1766100393056,"stop":1766100406253,"duration":13197},"status":"passed","steps":[],"attachments":[],"parameters":[],"stepsCount":0,"hasContent":false,"attachmentStep":false,"shouldDisplayMessage":false,"attachmentsCount":0}],"testStage":{"status":"broken","statusMessage":"selenium.common.exceptions.TimeoutException: Message: \nStacktrace:\nSymbols not available. Dumping unresolved backtrace:\n\t0x7ff73e87fe35\n\t0x7ff73e87fe90\n\t0x7ff73e60139d\n\t0x7ff73e659d8e\n\t0x7ff73e65a09c\n\t0x7ff73e6ae8d7\n\t0x7ff73e6ab61b\n\t0x7ff73e64ac6d\n\t0x7ff73e64bae3\n\t0x7ff73eb4a10d\n\t0x7ff73eb4448a\n\t0x7ff73eb65157\n\t0x7ff73e89a81e\n\t0x7ff73e8a262f\n\t0x7ff73e889324\n\t0x7ff73e8894df\n\t0x7ff73e86ee88\n\t0x7ffaae547374\n\t0x7ffaaedfcc91","statusTrace":"self = <test_system.test_dictionary.TestSDictionaryPage object at 0x000001C006C2EDD0>, login_to_dictionary = <selenium.webdriver.chrome.webdriver.WebDriver (session=\"93c9bc7b7039a740a1c694827b83c3eb\")>\n\n    @allure.story(\"添加字典成功\")\n    # @pytest.mark.run(order=1)\n    def test_dictionary_addsuccess1(self, login_to_dictionary):\n        driver = login_to_dictionary  # WebDriver 实例\n        dictionary = ExpressionPage(driver)  # 用 driver 初始化 ExpressionPage\n        add = AddsPages(driver)\n        sleep(1)\n        name = '1字典1'\n        xpath_list = [\n            '//div[@id=\"240ciohl-584b\"]//input',\n            '//div[@id=\"wsgjozwj-57r6\"]//input',\n            '//div[@id=\"0tj1refm-xmig\"]//input',\n        ]\n        dictionary.click_all_button(\"新增\")\n        add.batch_modify_input(xpath_list, name)\n        dictionary.click_confirm()\n        message = dictionary.get_find_message()\n        dictionary.click_button(f'(//div[@id=\"o6c3f11v-czxj\"]//span[text()=\"{name}\"])[1]')\n>       dictionary.select_input_dictionary(name)\n\nTests\\test_system\\test_dictionary.py:114: \n_ _ _ _ _ _ _ _ _ _ _ _ _ _ _ _ _ _ _ _ _ _ _ _ _ _ _ _ _ _ _ _ _ _ _ _ _ _ _ _ _ _ _ _ _ _ _ _ _ _ _ _ _ _ _ _ _ _ _ _ _ _ _ _ _ _ _ _ _ _ _ _ _ _ _ _ _ _ _ _ _ _ _ _ _ _ _ _ _ _ _ _ _ _ _ _ _ _ _ _ _ _ _ _ _ _ _ _ _ _ _ _ _ _ _ _\nPages\\systemPage\\expression_page.py:144: in select_input_dictionary\n    ele = self.get_find_element_xpath(xpath)\nPages\\systemPage\\expression_page.py:29: in get_find_element_xpath\n    return self.find_element(By.XPATH, xpath)\nPages\\base_page.py:28: in find_element\n    return WebDriverWait(self.driver, wait_time).until(\n_ _ _ _ _ _ _ _ _ _ _ _ _ _ _ _ _ _ _ _ _ _ _ _ _ _ _ _ _ _ _ _ _ _ _ _ _ _ _ _ _ _ _ _ _ _ _ _ _ _ _ _ _ _ _ _ _ _ _ _ _ _ _ _ _ _ _ _ _ _ _ _ _ _ _ _ _ _ _ _ _ _ _ _ _ _ _ _ _ _ _ _ _ _ _ _ _ _ _ _ _ _ _ _ _ _ _ _ _ _ _ _ _ _ _ _\n\nself = <selenium.webdriver.support.wait.WebDriverWait (session=\"93c9bc7b7039a740a1c694827b83c3eb\")>, method = <function presence_of_element_located.<locals>._predicate at 0x000001C0097DAC20>, message = ''\n\n    def until(self, method: Callable[[D], Union[Literal[False], T]], message: str = \"\") -> T:\n        \"\"\"Wait until the method returns a value that is not False.\n    \n        Calls the method provided with the driver as an argument until the\n        return value does not evaluate to ``False``.\n    \n        Parameters:\n        -----------\n        method: callable(WebDriver)\n            - A callable object that takes a WebDriver instance as an argument.\n    \n        message: str\n            - Optional message for :exc:`TimeoutException`\n    \n        Return:\n        -------\n        object: T\n            - The result of the last call to `method`\n    \n        Raises:\n        -------\n        TimeoutException\n            - If 'method' does not return a truthy value within the WebDriverWait\n            object's timeout\n    \n        Example:\n        --------\n        >>> from selenium.webdriver.common.by import By\n        >>> from selenium.webdriver.support.ui import WebDriverWait\n        >>> from selenium.webdriver.support import expected_conditions as EC\n    \n        # Wait until an element is visible on the page\n        >>> wait = WebDriverWait(driver, 10)\n        >>> element = wait.until(EC.visibility_of_element_located((By.ID, \"exampleId\")))\n        >>> print(element.text)\n        \"\"\"\n        screen = None\n        stacktrace = None\n    \n        end_time = time.monotonic() + self._timeout\n        while True:\n            try:\n                value = method(self._driver)\n                if value:\n                    return value\n            except self._ignored_exceptions as exc:\n                screen = getattr(exc, \"screen\", None)\n                stacktrace = getattr(exc, \"stacktrace\", None)\n            if time.monotonic() > end_time:\n                break\n            time.sleep(self._poll)\n>       raise TimeoutException(message, screen, stacktrace)\nE       selenium.common.exceptions.TimeoutException: Message: \nE       Stacktrace:\nE       Symbols not available. Dumping unresolved backtrace:\nE       \t0x7ff73e87fe35\nE       \t0x7ff73e87fe90\nE       \t0x7ff73e60139d\nE       \t0x7ff73e659d8e\nE       \t0x7ff73e65a09c\nE       \t0x7ff73e6ae8d7\nE       \t0x7ff73e6ab61b\nE       \t0x7ff73e64ac6d\nE       \t0x7ff73e64bae3\nE       \t0x7ff73eb4a10d\nE       \t0x7ff73eb4448a\nE       \t0x7ff73eb65157\nE       \t0x7ff73e89a81e\nE       \t0x7ff73e8a262f\nE       \t0x7ff73e889324\nE       \t0x7ff73e8894df\nE       \t0x7ff73e86ee88\nE       \t0x7ffaae547374\nE       \t0x7ffaaedfcc91\n\nD:\\Python310\\lib\\site-packages\\selenium\\webdriver\\support\\wait.py:138: TimeoutException","steps":[],"attachments":[{"uid":"b32fc3c1d4c4c6a6","name":"test_dictionary_addsuccess1","source":"b32fc3c1d4c4c6a6.png","type":"image/png","size":83083},{"uid":"33ab8d244e2292dd","name":"log","source":"33ab8d244e2292dd.txt","type":"text/plain","size":1953}],"parameters":[],"stepsCount":0,"hasContent":true,"attachmentStep":false,"shouldDisplayMessage":true,"attachmentsCount":2},"afterStages":[{"name":"login_to_dictionary::0","time":{"start":1766100422363,"stop":1766100424499,"duration":2136},"status":"passed","steps":[],"attachments":[],"parameters":[],"stepsCount":0,"hasContent":false,"attachmentStep":false,"shouldDisplayMessage":false,"attachmentsCount":0}],"labels":[{"name":"story","value":"添加字典成功"},{"name":"feature","value":"字典页用例"},{"name":"parentSuite","value":"Tests.test_system"},{"name":"suite","value":"test_dictionary"},{"name":"subSuite","value":"TestSDictionaryPage"},{"name":"host","value":"DESKTOP-L7L44NB"},{"name":"thread","value":"67796-MainThread"},{"name":"framework","value":"pytest"},{"name":"language","value":"cpython3"},{"name":"package","value":"Tests.test_system.test_dictionary"},{"name":"resultFormat","value":"allure2"}],"parameters":[],"links":[],"hidden":true,"retry":true,"extra":{"categories":[],"tags":[]},"source":"8ed293c6bcb362.json","parameterValues":[]}