{"uid":"95bfe1fb95b29869","name":"test_affairs_template_updattypesuccess","fullName":"Tests.test_system.test_affairs.TestAffairsPage#test_affairs_template_updattypesuccess","historyId":"df7c4ddeb24317083043fa88c2816ded","time":{"start":1764975733086,"stop":1764975743228,"duration":10142},"status":"broken","statusMessage":"selenium.common.exceptions.TimeoutException: Message: \nStacktrace:\nSymbols not available. Dumping unresolved backtrace:\n\t0x7ff71995fe35\n\t0x7ff71995fe90\n\t0x7ff7196e139d\n\t0x7ff719739d8e\n\t0x7ff71973a09c\n\t0x7ff71978e8d7\n\t0x7ff71978b61b\n\t0x7ff71972ac6d\n\t0x7ff71972bae3\n\t0x7ff719c2a10d\n\t0x7ff719c2448a\n\t0x7ff719c45157\n\t0x7ff71997a81e\n\t0x7ff71998262f\n\t0x7ff719969324\n\t0x7ff7199694df\n\t0x7ff71994ee88\n\t0x7ffaae547374\n\t0x7ffaaedfcc91","statusTrace":"self = <test_system.test_affairs.TestAffairsPage object at 0x000001E8907D0280>, login_to_affairs = <selenium.webdriver.chrome.webdriver.WebDriver (session=\"547b78fdb2930198c126a55ecaaa2251\")>\n\n    @allure.story(\"事务模版-切换事务类型，修改配置参数成功\")\n    # @pytest.mark.run(order=1)\n    def test_affairs_template_updattypesuccess(self, login_to_affairs):\n        driver = login_to_affairs  # WebDriver 实例\n        affairs = AffairsPage(driver)  # 用 driver 初始化 AffairsPage\n        name = \"测试事务模版7\"\n        type = \"存储过程\"\n>       affairs.hover(name=name, edi=\"编辑\")\n\nTests\\test_system\\test_affairs.py:473: \n_ _ _ _ _ _ _ _ _ _ _ _ _ _ _ _ _ _ _ _ _ _ _ _ _ _ _ _ _ _ _ _ _ _ _ _ _ _ _ _ _ _ _ _ _ _ _ _ _ _ _ _ _ _ _ _ _ _ _ _ _ _ _ _ _ _ _ _ _ _ _ _ _ _ _ _ _ _ _ _ _ _ _ _ _ _ _ _ _ _ _ _ _ _ _ _ _ _ _ _ _ _ _ _ _ _ _ _ _ _ _ _ _ _ _ _\nPages\\systemPage\\affairs_page.py:140: in hover\n    container = self.get_find_element_xpath(\nPages\\systemPage\\affairs_page.py:28: in get_find_element_xpath\n    return self.find_element(By.XPATH, xpath)\nPages\\base_page.py:28: in find_element\n    return WebDriverWait(self.driver, wait_time).until(\n_ _ _ _ _ _ _ _ _ _ _ _ _ _ _ _ _ _ _ _ _ _ _ _ _ _ _ _ _ _ _ _ _ _ _ _ _ _ _ _ _ _ _ _ _ _ _ _ _ _ _ _ _ _ _ _ _ _ _ _ _ _ _ _ _ _ _ _ _ _ _ _ _ _ _ _ _ _ _ _ _ _ _ _ _ _ _ _ _ _ _ _ _ _ _ _ _ _ _ _ _ _ _ _ _ _ _ _ _ _ _ _ _ _ _ _\n\nself = <selenium.webdriver.support.wait.WebDriverWait (session=\"547b78fdb2930198c126a55ecaaa2251\")>, method = <function presence_of_element_located.<locals>._predicate at 0x000001E892E0BBE0>, message = ''\n\n    def until(self, method: Callable[[D], Union[Literal[False], T]], message: str = \"\") -> T:\n        \"\"\"Wait until the method returns a value that is not False.\n    \n        Calls the method provided with the driver as an argument until the\n        return value does not evaluate to ``False``.\n    \n        Parameters:\n        -----------\n        method: callable(WebDriver)\n            - A callable object that takes a WebDriver instance as an argument.\n    \n        message: str\n            - Optional message for :exc:`TimeoutException`\n    \n        Return:\n        -------\n        object: T\n            - The result of the last call to `method`\n    \n        Raises:\n        -------\n        TimeoutException\n            - If 'method' does not return a truthy value within the WebDriverWait\n            object's timeout\n    \n        Example:\n        --------\n        >>> from selenium.webdriver.common.by import By\n        >>> from selenium.webdriver.support.ui import WebDriverWait\n        >>> from selenium.webdriver.support import expected_conditions as EC\n    \n        # Wait until an element is visible on the page\n        >>> wait = WebDriverWait(driver, 10)\n        >>> element = wait.until(EC.visibility_of_element_located((By.ID, \"exampleId\")))\n        >>> print(element.text)\n        \"\"\"\n        screen = None\n        stacktrace = None\n    \n        end_time = time.monotonic() + self._timeout\n        while True:\n            try:\n                value = method(self._driver)\n                if value:\n                    return value\n            except self._ignored_exceptions as exc:\n                screen = getattr(exc, \"screen\", None)\n                stacktrace = getattr(exc, \"stacktrace\", None)\n            if time.monotonic() > end_time:\n                break\n            time.sleep(self._poll)\n>       raise TimeoutException(message, screen, stacktrace)\nE       selenium.common.exceptions.TimeoutException: Message: \nE       Stacktrace:\nE       Symbols not available. Dumping unresolved backtrace:\nE       \t0x7ff71995fe35\nE       \t0x7ff71995fe90\nE       \t0x7ff7196e139d\nE       \t0x7ff719739d8e\nE       \t0x7ff71973a09c\nE       \t0x7ff71978e8d7\nE       \t0x7ff71978b61b\nE       \t0x7ff71972ac6d\nE       \t0x7ff71972bae3\nE       \t0x7ff719c2a10d\nE       \t0x7ff719c2448a\nE       \t0x7ff719c45157\nE       \t0x7ff71997a81e\nE       \t0x7ff71998262f\nE       \t0x7ff719969324\nE       \t0x7ff7199694df\nE       \t0x7ff71994ee88\nE       \t0x7ffaae547374\nE       \t0x7ffaaedfcc91\n\nD:\\Python310\\lib\\site-packages\\selenium\\webdriver\\support\\wait.py:138: TimeoutException","flaky":false,"newFailed":false,"newBroken":false,"newPassed":false,"retriesCount":0,"retriesStatusChange":false,"beforeStages":[{"name":"login_to_affairs","time":{"start":1764975721688,"stop":1764975733085,"duration":11397},"status":"passed","steps":[],"attachments":[],"parameters":[],"stepsCount":0,"attachmentStep":false,"hasContent":false,"attachmentsCount":0,"shouldDisplayMessage":false}],"testStage":{"status":"broken","statusMessage":"selenium.common.exceptions.TimeoutException: Message: \nStacktrace:\nSymbols not available. Dumping unresolved backtrace:\n\t0x7ff71995fe35\n\t0x7ff71995fe90\n\t0x7ff7196e139d\n\t0x7ff719739d8e\n\t0x7ff71973a09c\n\t0x7ff71978e8d7\n\t0x7ff71978b61b\n\t0x7ff71972ac6d\n\t0x7ff71972bae3\n\t0x7ff719c2a10d\n\t0x7ff719c2448a\n\t0x7ff719c45157\n\t0x7ff71997a81e\n\t0x7ff71998262f\n\t0x7ff719969324\n\t0x7ff7199694df\n\t0x7ff71994ee88\n\t0x7ffaae547374\n\t0x7ffaaedfcc91","statusTrace":"self = <test_system.test_affairs.TestAffairsPage object at 0x000001E8907D0280>, login_to_affairs = <selenium.webdriver.chrome.webdriver.WebDriver (session=\"547b78fdb2930198c126a55ecaaa2251\")>\n\n    @allure.story(\"事务模版-切换事务类型，修改配置参数成功\")\n    # @pytest.mark.run(order=1)\n    def test_affairs_template_updattypesuccess(self, login_to_affairs):\n        driver = login_to_affairs  # WebDriver 实例\n        affairs = AffairsPage(driver)  # 用 driver 初始化 AffairsPage\n        name = \"测试事务模版7\"\n        type = \"存储过程\"\n>       affairs.hover(name=name, edi=\"编辑\")\n\nTests\\test_system\\test_affairs.py:473: \n_ _ _ _ _ _ _ _ _ _ _ _ _ _ _ _ _ _ _ _ _ _ _ _ _ _ _ _ _ _ _ _ _ _ _ _ _ _ _ _ _ _ _ _ _ _ _ _ _ _ _ _ _ _ _ _ _ _ _ _ _ _ _ _ _ _ _ _ _ _ _ _ _ _ _ _ _ _ _ _ _ _ _ _ _ _ _ _ _ _ _ _ _ _ _ _ _ _ _ _ _ _ _ _ _ _ _ _ _ _ _ _ _ _ _ _\nPages\\systemPage\\affairs_page.py:140: in hover\n    container = self.get_find_element_xpath(\nPages\\systemPage\\affairs_page.py:28: in get_find_element_xpath\n    return self.find_element(By.XPATH, xpath)\nPages\\base_page.py:28: in find_element\n    return WebDriverWait(self.driver, wait_time).until(\n_ _ _ _ _ _ _ _ _ _ _ _ _ _ _ _ _ _ _ _ _ _ _ _ _ _ _ _ _ _ _ _ _ _ _ _ _ _ _ _ _ _ _ _ _ _ _ _ _ _ _ _ _ _ _ _ _ _ _ _ _ _ _ _ _ _ _ _ _ _ _ _ _ _ _ _ _ _ _ _ _ _ _ _ _ _ _ _ _ _ _ _ _ _ _ _ _ _ _ _ _ _ _ _ _ _ _ _ _ _ _ _ _ _ _ _\n\nself = <selenium.webdriver.support.wait.WebDriverWait (session=\"547b78fdb2930198c126a55ecaaa2251\")>, method = <function presence_of_element_located.<locals>._predicate at 0x000001E892E0BBE0>, message = ''\n\n    def until(self, method: Callable[[D], Union[Literal[False], T]], message: str = \"\") -> T:\n        \"\"\"Wait until the method returns a value that is not False.\n    \n        Calls the method provided with the driver as an argument until the\n        return value does not evaluate to ``False``.\n    \n        Parameters:\n        -----------\n        method: callable(WebDriver)\n            - A callable object that takes a WebDriver instance as an argument.\n    \n        message: str\n            - Optional message for :exc:`TimeoutException`\n    \n        Return:\n        -------\n        object: T\n            - The result of the last call to `method`\n    \n        Raises:\n        -------\n        TimeoutException\n            - If 'method' does not return a truthy value within the WebDriverWait\n            object's timeout\n    \n        Example:\n        --------\n        >>> from selenium.webdriver.common.by import By\n        >>> from selenium.webdriver.support.ui import WebDriverWait\n        >>> from selenium.webdriver.support import expected_conditions as EC\n    \n        # Wait until an element is visible on the page\n        >>> wait = WebDriverWait(driver, 10)\n        >>> element = wait.until(EC.visibility_of_element_located((By.ID, \"exampleId\")))\n        >>> print(element.text)\n        \"\"\"\n        screen = None\n        stacktrace = None\n    \n        end_time = time.monotonic() + self._timeout\n        while True:\n            try:\n                value = method(self._driver)\n                if value:\n                    return value\n            except self._ignored_exceptions as exc:\n                screen = getattr(exc, \"screen\", None)\n                stacktrace = getattr(exc, \"stacktrace\", None)\n            if time.monotonic() > end_time:\n                break\n            time.sleep(self._poll)\n>       raise TimeoutException(message, screen, stacktrace)\nE       selenium.common.exceptions.TimeoutException: Message: \nE       Stacktrace:\nE       Symbols not available. Dumping unresolved backtrace:\nE       \t0x7ff71995fe35\nE       \t0x7ff71995fe90\nE       \t0x7ff7196e139d\nE       \t0x7ff719739d8e\nE       \t0x7ff71973a09c\nE       \t0x7ff71978e8d7\nE       \t0x7ff71978b61b\nE       \t0x7ff71972ac6d\nE       \t0x7ff71972bae3\nE       \t0x7ff719c2a10d\nE       \t0x7ff719c2448a\nE       \t0x7ff719c45157\nE       \t0x7ff71997a81e\nE       \t0x7ff71998262f\nE       \t0x7ff719969324\nE       \t0x7ff7199694df\nE       \t0x7ff71994ee88\nE       \t0x7ffaae547374\nE       \t0x7ffaaedfcc91\n\nD:\\Python310\\lib\\site-packages\\selenium\\webdriver\\support\\wait.py:138: TimeoutException","steps":[],"attachments":[{"uid":"e364723d7de5901","name":"test_affairs_template_updattypesuccess_failure","source":"e364723d7de5901.png","type":"image/png","size":98934},{"uid":"d9f68573c6c99fae","name":"test_affairs_template_updattypesuccess_source","source":"d9f68573c6c99fae.html","type":"text/html","size":868346},{"uid":"164b913e13bd777e","name":"log","source":"164b913e13bd777e.txt","type":"text/plain","size":1402}],"parameters":[],"stepsCount":0,"attachmentStep":false,"hasContent":true,"attachmentsCount":3,"shouldDisplayMessage":true},"afterStages":[{"name":"login_to_affairs::0","time":{"start":1764975743505,"stop":1764975745661,"duration":2156},"status":"passed","steps":[],"attachments":[],"parameters":[],"stepsCount":0,"attachmentStep":false,"hasContent":false,"attachmentsCount":0,"shouldDisplayMessage":false}],"labels":[{"name":"feature","value":"事务管理页用例"},{"name":"story","value":"事务模版-切换事务类型，修改配置参数成功"},{"name":"parentSuite","value":"Tests.test_system"},{"name":"suite","value":"test_affairs"},{"name":"subSuite","value":"TestAffairsPage"},{"name":"host","value":"DESKTOP-L7L44NB"},{"name":"thread","value":"11864-MainThread"},{"name":"framework","value":"pytest"},{"name":"language","value":"cpython3"},{"name":"package","value":"Tests.test_system.test_affairs"},{"name":"resultFormat","value":"allure2"}],"parameters":[],"links":[],"hidden":true,"retry":true,"extra":{"categories":[],"tags":[]},"source":"95bfe1fb95b29869.json","parameterValues":[]}