{"uid":"e1b412fb5d4c3247","name":"test_affairs_process_nextsuccess3","fullName":"Tests.test_system.test_affairs.TestAffairsPage#test_affairs_process_nextsuccess3","historyId":"5c4b4259f3c9d008ed302edb58b2f560","time":{"start":1764892813927,"stop":1764892851027,"duration":37100},"status":"broken","statusMessage":"selenium.common.exceptions.TimeoutException: Message: 点击失败，找不到元素：xpath = //div[@class=\"application__name\"]/div[@class=\"name\" and contains(text(),\"添加全部模版成功\")]","statusTrace":"self = <Pages.systemPage.affairs_page.AffairsPage object at 0x000001676D2F1B70>, by_or_element = 'xpath', value = '//div[@class=\"application__name\"]/div[@class=\"name\" and contains(text(),\"添加全部模版成功\")]', wait_time = 10, retries = 2\n\n    def click(self, by_or_element, value=None, wait_time=10, retries=2):\n        \"\"\"\n        更稳健的点击方法：支持定位符或 WebElement，自动处理 stale 元素、点击拦截等问题。\n        \"\"\"\n        for attempt in range(retries):\n            try:\n                if value is not None:\n                    by = by_or_element\n                    logging.info(f\"点击元素：By = {by}, Value = {value}\")\n>                   element = WebDriverWait(self.driver, wait_time).until(\n                        EC.element_to_be_clickable((by, value))\n                    )\n\nPages\\base_page.py:49: \n_ _ _ _ _ _ _ _ _ _ _ _ _ _ _ _ _ _ _ _ _ _ _ _ _ _ _ _ _ _ _ _ _ _ _ _ _ _ _ _ _ _ _ _ _ _ _ _ _ _ _ _ _ _ _ _ _ _ _ _ _ _ _ _ _ _ _ _ _ _ _ _ _ _ _ _ _ _ _ _ _ _ _ _ _ _ _ _ _ _ _ _ _ _ _ _ _ _ _ _ _ _ _ _ _ _ _ _ _ _ _ _ _ _ _ _\n\nself = <selenium.webdriver.support.wait.WebDriverWait (session=\"5fcf3d9c9e534884a0351222208fe647\")>, method = <function element_to_be_clickable.<locals>._predicate at 0x000001676D310160>, message = ''\n\n    def until(self, method: Callable[[D], Union[Literal[False], T]], message: str = \"\") -> T:\n        \"\"\"Wait until the method returns a value that is not False.\n    \n        Calls the method provided with the driver as an argument until the\n        return value does not evaluate to ``False``.\n    \n        Parameters:\n        -----------\n        method: callable(WebDriver)\n            - A callable object that takes a WebDriver instance as an argument.\n    \n        message: str\n            - Optional message for :exc:`TimeoutException`\n    \n        Return:\n        -------\n        object: T\n            - The result of the last call to `method`\n    \n        Raises:\n        -------\n        TimeoutException\n            - If 'method' does not return a truthy value within the WebDriverWait\n            object's timeout\n    \n        Example:\n        --------\n        >>> from selenium.webdriver.common.by import By\n        >>> from selenium.webdriver.support.ui import WebDriverWait\n        >>> from selenium.webdriver.support import expected_conditions as EC\n    \n        # Wait until an element is visible on the page\n        >>> wait = WebDriverWait(driver, 10)\n        >>> element = wait.until(EC.visibility_of_element_located((By.ID, \"exampleId\")))\n        >>> print(element.text)\n        \"\"\"\n        screen = None\n        stacktrace = None\n    \n        end_time = time.monotonic() + self._timeout\n        while True:\n            try:\n                value = method(self._driver)\n                if value:\n                    return value\n            except self._ignored_exceptions as exc:\n                screen = getattr(exc, \"screen\", None)\n                stacktrace = getattr(exc, \"stacktrace\", None)\n            if time.monotonic() > end_time:\n                break\n            time.sleep(self._poll)\n>       raise TimeoutException(message, screen, stacktrace)\nE       selenium.common.exceptions.TimeoutException: Message: \nE       Stacktrace:\nE       Symbols not available. Dumping unresolved backtrace:\nE       \t0x7ff6f6d5fe35\nE       \t0x7ff6f6d5fe90\nE       \t0x7ff6f6ae139d\nE       \t0x7ff6f6b39d8e\nE       \t0x7ff6f6b3a09c\nE       \t0x7ff6f6b8e8d7\nE       \t0x7ff6f6b8b61b\nE       \t0x7ff6f6b2ac6d\nE       \t0x7ff6f6b2bae3\nE       \t0x7ff6f702a10d\nE       \t0x7ff6f702448a\nE       \t0x7ff6f7045157\nE       \t0x7ff6f6d7a81e\nE       \t0x7ff6f6d8262f\nE       \t0x7ff6f6d69324\nE       \t0x7ff6f6d694df\nE       \t0x7ff6f6d4ee88\nE       \t0x7ffc369c7374\nE       \t0x7ffc382fcc91\n\nD:\\Python310\\lib\\site-packages\\selenium\\webdriver\\support\\wait.py:138: TimeoutException\n\nDuring handling of the above exception, another exception occurred:\n\nself = <test_system.test_affairs.TestAffairsPage object at 0x000001676AC7E9E0>, login_to_affairs = <selenium.webdriver.chrome.webdriver.WebDriver (session=\"5fcf3d9c9e534884a0351222208fe647\")>\n\n    @allure.story(\"我的流程-频率为每天，添加搜索事务,添加两个事务点击保存，保存成功\")\n    # @pytest.mark.run(order=1)\n    def test_affairs_process_nextsuccess3(self, login_to_affairs):\n        driver = login_to_affairs  # WebDriver 实例\n        affairs = AffairsPage(driver)  # 用 driver 初始化 AffairsPage\n        name = \"测试流程7\"\n        sel1 = \"添加事务模版1\"\n        sel2 = \"添加全部模版成功\"\n        affairs.click_process()\n        affairs.add_process(name=name, type=\"服务\", frequency=\"每天\")\n        affairs.click_next()\n        value1 = affairs.add_process_affairs(add=False, sel=sel1)\n>       value2 = affairs.add_process_affairs(add=False, sel=sel2)\n\nTests\\test_system\\test_affairs.py:870: \n_ _ _ _ _ _ _ _ _ _ _ _ _ _ _ _ _ _ _ _ _ _ _ _ _ _ _ _ _ _ _ _ _ _ _ _ _ _ _ _ _ _ _ _ _ _ _ _ _ _ _ _ _ _ _ _ _ _ _ _ _ _ _ _ _ _ _ _ _ _ _ _ _ _ _ _ _ _ _ _ _ _ _ _ _ _ _ _ _ _ _ _ _ _ _ _ _ _ _ _ _ _ _ _ _ _ _ _ _ _ _ _ _ _ _ _\nPages\\systemPage\\affairs_page.py:193: in add_process_affairs\n    self.click_button(f'//div[@class=\"application__name\"]/div[@class=\"name\" and contains(text(),\"{sel}\")]')\nPages\\systemPage\\affairs_page.py:23: in click_button\n    self.click(By.XPATH, xpath)\n_ _ _ _ _ _ _ _ _ _ _ _ _ _ _ _ _ _ _ _ _ _ _ _ _ _ _ _ _ _ _ _ _ _ _ _ _ _ _ _ _ _ _ _ _ _ _ _ _ _ _ _ _ _ _ _ _ _ _ _ _ _ _ _ _ _ _ _ _ _ _ _ _ _ _ _ _ _ _ _ _ _ _ _ _ _ _ _ _ _ _ _ _ _ _ _ _ _ _ _ _ _ _ _ _ _ _ _ _ _ _ _ _ _ _ _\n\nself = <Pages.systemPage.affairs_page.AffairsPage object at 0x000001676D2F1B70>, by_or_element = 'xpath', value = '//div[@class=\"application__name\"]/div[@class=\"name\" and contains(text(),\"添加全部模版成功\")]', wait_time = 10, retries = 2\n\n    def click(self, by_or_element, value=None, wait_time=10, retries=2):\n        \"\"\"\n        更稳健的点击方法：支持定位符或 WebElement，自动处理 stale 元素、点击拦截等问题。\n        \"\"\"\n        for attempt in range(retries):\n            try:\n                if value is not None:\n                    by = by_or_element\n                    logging.info(f\"点击元素：By = {by}, Value = {value}\")\n                    element = WebDriverWait(self.driver, wait_time).until(\n                        EC.element_to_be_clickable((by, value))\n                    )\n                else:\n                    logging.info(\"点击元素：WebElement 对象\")\n                    element = by_or_element\n    \n                element.click()\n                logging.info(\"✅ 点击成功\")\n                return\n    \n            except ElementClickInterceptedException:\n                logging.warning(\"⚠️ 原生点击被拦截，尝试使用 JS 点击\")\n                try:\n                    self.driver.execute_script(\"arguments[0].click();\", element)\n                    logging.info(\"✅ JS 点击成功\")\n                    return\n                except Exception as js_error:\n                    logging.warning(f\"⚠️ JS 点击失败：{js_error}\")\n                    sleep(1)\n                    continue  # 下一轮重试\n    \n            except StaleElementReferenceException:\n                logging.warning(f\"⚠️ 第 {attempt + 1} 次点击失败：元素过期，尝试重新定位\")\n                sleep(1)\n                continue  # 下一轮重试时重新定位\n    \n            except TimeoutException:\n                logging.error(f\"❌ 元素未在 {wait_time} 秒内变为可点击\")\n>               raise TimeoutException(f\"点击失败，找不到元素：{by_or_element} = {value}\")\nE               selenium.common.exceptions.TimeoutException: Message: 点击失败，找不到元素：xpath = //div[@class=\"application__name\"]/div[@class=\"name\" and contains(text(),\"添加全部模版成功\")]\n\nPages\\base_page.py:78: TimeoutException","flaky":false,"newFailed":false,"newBroken":false,"newPassed":false,"retriesCount":0,"retriesStatusChange":false,"beforeStages":[{"name":"login_to_affairs","time":{"start":1764892798029,"stop":1764892813926,"duration":15897},"status":"passed","steps":[],"attachments":[],"parameters":[],"hasContent":false,"attachmentStep":false,"stepsCount":0,"shouldDisplayMessage":false,"attachmentsCount":0}],"testStage":{"status":"broken","statusMessage":"selenium.common.exceptions.TimeoutException: Message: 点击失败，找不到元素：xpath = //div[@class=\"application__name\"]/div[@class=\"name\" and contains(text(),\"添加全部模版成功\")]","statusTrace":"self = <Pages.systemPage.affairs_page.AffairsPage object at 0x000001676D2F1B70>, by_or_element = 'xpath', value = '//div[@class=\"application__name\"]/div[@class=\"name\" and contains(text(),\"添加全部模版成功\")]', wait_time = 10, retries = 2\n\n    def click(self, by_or_element, value=None, wait_time=10, retries=2):\n        \"\"\"\n        更稳健的点击方法：支持定位符或 WebElement，自动处理 stale 元素、点击拦截等问题。\n        \"\"\"\n        for attempt in range(retries):\n            try:\n                if value is not None:\n                    by = by_or_element\n                    logging.info(f\"点击元素：By = {by}, Value = {value}\")\n>                   element = WebDriverWait(self.driver, wait_time).until(\n                        EC.element_to_be_clickable((by, value))\n                    )\n\nPages\\base_page.py:49: \n_ _ _ _ _ _ _ _ _ _ _ _ _ _ _ _ _ _ _ _ _ _ _ _ _ _ _ _ _ _ _ _ _ _ _ _ _ _ _ _ _ _ _ _ _ _ _ _ _ _ _ _ _ _ _ _ _ _ _ _ _ _ _ _ _ _ _ _ _ _ _ _ _ _ _ _ _ _ _ _ _ _ _ _ _ _ _ _ _ _ _ _ _ _ _ _ _ _ _ _ _ _ _ _ _ _ _ _ _ _ _ _ _ _ _ _\n\nself = <selenium.webdriver.support.wait.WebDriverWait (session=\"5fcf3d9c9e534884a0351222208fe647\")>, method = <function element_to_be_clickable.<locals>._predicate at 0x000001676D310160>, message = ''\n\n    def until(self, method: Callable[[D], Union[Literal[False], T]], message: str = \"\") -> T:\n        \"\"\"Wait until the method returns a value that is not False.\n    \n        Calls the method provided with the driver as an argument until the\n        return value does not evaluate to ``False``.\n    \n        Parameters:\n        -----------\n        method: callable(WebDriver)\n            - A callable object that takes a WebDriver instance as an argument.\n    \n        message: str\n            - Optional message for :exc:`TimeoutException`\n    \n        Return:\n        -------\n        object: T\n            - The result of the last call to `method`\n    \n        Raises:\n        -------\n        TimeoutException\n            - If 'method' does not return a truthy value within the WebDriverWait\n            object's timeout\n    \n        Example:\n        --------\n        >>> from selenium.webdriver.common.by import By\n        >>> from selenium.webdriver.support.ui import WebDriverWait\n        >>> from selenium.webdriver.support import expected_conditions as EC\n    \n        # Wait until an element is visible on the page\n        >>> wait = WebDriverWait(driver, 10)\n        >>> element = wait.until(EC.visibility_of_element_located((By.ID, \"exampleId\")))\n        >>> print(element.text)\n        \"\"\"\n        screen = None\n        stacktrace = None\n    \n        end_time = time.monotonic() + self._timeout\n        while True:\n            try:\n                value = method(self._driver)\n                if value:\n                    return value\n            except self._ignored_exceptions as exc:\n                screen = getattr(exc, \"screen\", None)\n                stacktrace = getattr(exc, \"stacktrace\", None)\n            if time.monotonic() > end_time:\n                break\n            time.sleep(self._poll)\n>       raise TimeoutException(message, screen, stacktrace)\nE       selenium.common.exceptions.TimeoutException: Message: \nE       Stacktrace:\nE       Symbols not available. Dumping unresolved backtrace:\nE       \t0x7ff6f6d5fe35\nE       \t0x7ff6f6d5fe90\nE       \t0x7ff6f6ae139d\nE       \t0x7ff6f6b39d8e\nE       \t0x7ff6f6b3a09c\nE       \t0x7ff6f6b8e8d7\nE       \t0x7ff6f6b8b61b\nE       \t0x7ff6f6b2ac6d\nE       \t0x7ff6f6b2bae3\nE       \t0x7ff6f702a10d\nE       \t0x7ff6f702448a\nE       \t0x7ff6f7045157\nE       \t0x7ff6f6d7a81e\nE       \t0x7ff6f6d8262f\nE       \t0x7ff6f6d69324\nE       \t0x7ff6f6d694df\nE       \t0x7ff6f6d4ee88\nE       \t0x7ffc369c7374\nE       \t0x7ffc382fcc91\n\nD:\\Python310\\lib\\site-packages\\selenium\\webdriver\\support\\wait.py:138: TimeoutException\n\nDuring handling of the above exception, another exception occurred:\n\nself = <test_system.test_affairs.TestAffairsPage object at 0x000001676AC7E9E0>, login_to_affairs = <selenium.webdriver.chrome.webdriver.WebDriver (session=\"5fcf3d9c9e534884a0351222208fe647\")>\n\n    @allure.story(\"我的流程-频率为每天，添加搜索事务,添加两个事务点击保存，保存成功\")\n    # @pytest.mark.run(order=1)\n    def test_affairs_process_nextsuccess3(self, login_to_affairs):\n        driver = login_to_affairs  # WebDriver 实例\n        affairs = AffairsPage(driver)  # 用 driver 初始化 AffairsPage\n        name = \"测试流程7\"\n        sel1 = \"添加事务模版1\"\n        sel2 = \"添加全部模版成功\"\n        affairs.click_process()\n        affairs.add_process(name=name, type=\"服务\", frequency=\"每天\")\n        affairs.click_next()\n        value1 = affairs.add_process_affairs(add=False, sel=sel1)\n>       value2 = affairs.add_process_affairs(add=False, sel=sel2)\n\nTests\\test_system\\test_affairs.py:870: \n_ _ _ _ _ _ _ _ _ _ _ _ _ _ _ _ _ _ _ _ _ _ _ _ _ _ _ _ _ _ _ _ _ _ _ _ _ _ _ _ _ _ _ _ _ _ _ _ _ _ _ _ _ _ _ _ _ _ _ _ _ _ _ _ _ _ _ _ _ _ _ _ _ _ _ _ _ _ _ _ _ _ _ _ _ _ _ _ _ _ _ _ _ _ _ _ _ _ _ _ _ _ _ _ _ _ _ _ _ _ _ _ _ _ _ _\nPages\\systemPage\\affairs_page.py:193: in add_process_affairs\n    self.click_button(f'//div[@class=\"application__name\"]/div[@class=\"name\" and contains(text(),\"{sel}\")]')\nPages\\systemPage\\affairs_page.py:23: in click_button\n    self.click(By.XPATH, xpath)\n_ _ _ _ _ _ _ _ _ _ _ _ _ _ _ _ _ _ _ _ _ _ _ _ _ _ _ _ _ _ _ _ _ _ _ _ _ _ _ _ _ _ _ _ _ _ _ _ _ _ _ _ _ _ _ _ _ _ _ _ _ _ _ _ _ _ _ _ _ _ _ _ _ _ _ _ _ _ _ _ _ _ _ _ _ _ _ _ _ _ _ _ _ _ _ _ _ _ _ _ _ _ _ _ _ _ _ _ _ _ _ _ _ _ _ _\n\nself = <Pages.systemPage.affairs_page.AffairsPage object at 0x000001676D2F1B70>, by_or_element = 'xpath', value = '//div[@class=\"application__name\"]/div[@class=\"name\" and contains(text(),\"添加全部模版成功\")]', wait_time = 10, retries = 2\n\n    def click(self, by_or_element, value=None, wait_time=10, retries=2):\n        \"\"\"\n        更稳健的点击方法：支持定位符或 WebElement，自动处理 stale 元素、点击拦截等问题。\n        \"\"\"\n        for attempt in range(retries):\n            try:\n                if value is not None:\n                    by = by_or_element\n                    logging.info(f\"点击元素：By = {by}, Value = {value}\")\n                    element = WebDriverWait(self.driver, wait_time).until(\n                        EC.element_to_be_clickable((by, value))\n                    )\n                else:\n                    logging.info(\"点击元素：WebElement 对象\")\n                    element = by_or_element\n    \n                element.click()\n                logging.info(\"✅ 点击成功\")\n                return\n    \n            except ElementClickInterceptedException:\n                logging.warning(\"⚠️ 原生点击被拦截，尝试使用 JS 点击\")\n                try:\n                    self.driver.execute_script(\"arguments[0].click();\", element)\n                    logging.info(\"✅ JS 点击成功\")\n                    return\n                except Exception as js_error:\n                    logging.warning(f\"⚠️ JS 点击失败：{js_error}\")\n                    sleep(1)\n                    continue  # 下一轮重试\n    \n            except StaleElementReferenceException:\n                logging.warning(f\"⚠️ 第 {attempt + 1} 次点击失败：元素过期，尝试重新定位\")\n                sleep(1)\n                continue  # 下一轮重试时重新定位\n    \n            except TimeoutException:\n                logging.error(f\"❌ 元素未在 {wait_time} 秒内变为可点击\")\n>               raise TimeoutException(f\"点击失败，找不到元素：{by_or_element} = {value}\")\nE               selenium.common.exceptions.TimeoutException: Message: 点击失败，找不到元素：xpath = //div[@class=\"application__name\"]/div[@class=\"name\" and contains(text(),\"添加全部模版成功\")]\n\nPages\\base_page.py:78: TimeoutException","steps":[],"attachments":[{"uid":"3e546756813a4834","name":"test_affairs_process_nextsuccess3_failure","source":"3e546756813a4834.png","type":"image/png","size":75275},{"uid":"160bdbe9538b4cb9","name":"test_affairs_process_nextsuccess3_source","source":"160bdbe9538b4cb9.html","type":"text/html","size":927173},{"uid":"c274f3aa53a0acab","name":"log","source":"c274f3aa53a0acab.txt","type":"text/plain","size":5779}],"parameters":[],"hasContent":true,"attachmentStep":false,"stepsCount":0,"shouldDisplayMessage":true,"attachmentsCount":3},"afterStages":[{"name":"login_to_affairs::0","time":{"start":1764892851336,"stop":1764892853483,"duration":2147},"status":"passed","steps":[],"attachments":[],"parameters":[],"hasContent":false,"attachmentStep":false,"stepsCount":0,"shouldDisplayMessage":false,"attachmentsCount":0}],"labels":[{"name":"story","value":"我的流程-频率为每天，添加搜索事务,添加两个事务点击保存，保存成功"},{"name":"feature","value":"事务管理页用例"},{"name":"parentSuite","value":"Tests.test_system"},{"name":"suite","value":"test_affairs"},{"name":"subSuite","value":"TestAffairsPage"},{"name":"host","value":"DESKTOP-L7L44NB"},{"name":"thread","value":"10972-MainThread"},{"name":"framework","value":"pytest"},{"name":"language","value":"cpython3"},{"name":"package","value":"Tests.test_system.test_affairs"},{"name":"resultFormat","value":"allure2"}],"parameters":[],"links":[],"hidden":true,"retry":true,"extra":{"categories":[],"tags":[]},"source":"e1b412fb5d4c3247.json","parameterValues":[]}