{"uid":"e5f50e08c1011c70","name":"test_affairs_log_paging2","fullName":"Tests.test_system.test_affairs.TestAffairsPage#test_affairs_log_paging2","historyId":"d0f473f4890a1cba8ed8c62f04db4f5f","time":{"start":1769110466621,"stop":1769110481166,"duration":14545},"status":"failed","statusMessage":"AssertionError: assert not True\n +  where True = has_fail_message()\n +    where has_fail_message = <Pages.systemPage.affairs_page.AffairsPage object at 0x000001BE1A6AD9C0>.has_fail_message","statusTrace":"self = <test_system.test_affairs.TestAffairsPage object at 0x000001BE18551ED0>, login_to_affairs = <selenium.webdriver.chrome.webdriver.WebDriver (session=\"0e5a81a426eb4103fac63faf855c4b3e\")>\n\n    @allure.story(\"流程日志-设置分页为10,点击最后一页有数据\")\n    def test_affairs_log_paging2(self, login_to_affairs):\n        driver = login_to_affairs  # WebDriver 实例\n        affairs = AffairsPage(driver)  # 用 driver 初始化 AffairsPage\n        num = 10\n        affairs.click_process_log()\n        affairs.click_paging(num)\n        sleep(3)\n        affairs.click_button('//ul[@class=\"el-pager\"]/li[last()]')\n        sleep(1)\n        eles = affairs.finds_elements(By.XPATH, '(//table[@class=\"el-table__body\"])[2]/tbody/tr')\n        affairs.click_reset_button()\n        assert 0 < len(eles) <= num\n>       assert not affairs.has_fail_message()\nE       assert not True\nE        +  where True = has_fail_message()\nE        +    where has_fail_message = <Pages.systemPage.affairs_page.AffairsPage object at 0x000001BE1A6AD9C0>.has_fail_message\n\nTests\\test_system\\test_affairs.py:1607: AssertionError","flaky":false,"newFailed":false,"newBroken":false,"newPassed":false,"retriesCount":0,"retriesStatusChange":false,"beforeStages":[{"name":"login_to_affairs","time":{"start":1769109261217,"stop":1769109279558,"duration":18341},"status":"passed","steps":[],"attachments":[],"parameters":[],"shouldDisplayMessage":false,"attachmentsCount":0,"stepsCount":0,"attachmentStep":false,"hasContent":false}],"testStage":{"status":"failed","statusMessage":"AssertionError: assert not True\n +  where True = has_fail_message()\n +    where has_fail_message = <Pages.systemPage.affairs_page.AffairsPage object at 0x000001BE1A6AD9C0>.has_fail_message","statusTrace":"self = <test_system.test_affairs.TestAffairsPage object at 0x000001BE18551ED0>, login_to_affairs = <selenium.webdriver.chrome.webdriver.WebDriver (session=\"0e5a81a426eb4103fac63faf855c4b3e\")>\n\n    @allure.story(\"流程日志-设置分页为10,点击最后一页有数据\")\n    def test_affairs_log_paging2(self, login_to_affairs):\n        driver = login_to_affairs  # WebDriver 实例\n        affairs = AffairsPage(driver)  # 用 driver 初始化 AffairsPage\n        num = 10\n        affairs.click_process_log()\n        affairs.click_paging(num)\n        sleep(3)\n        affairs.click_button('//ul[@class=\"el-pager\"]/li[last()]')\n        sleep(1)\n        eles = affairs.finds_elements(By.XPATH, '(//table[@class=\"el-table__body\"])[2]/tbody/tr')\n        affairs.click_reset_button()\n        assert 0 < len(eles) <= num\n>       assert not affairs.has_fail_message()\nE       assert not True\nE        +  where True = has_fail_message()\nE        +    where has_fail_message = <Pages.systemPage.affairs_page.AffairsPage object at 0x000001BE1A6AD9C0>.has_fail_message\n\nTests\\test_system\\test_affairs.py:1607: AssertionError","steps":[],"attachments":[{"uid":"dc7ac00b1730233c","name":"test_affairs_log_paging2_20260123_033441","source":"dc7ac00b1730233c.png","type":"image/png","size":25727},{"uid":"b8ab29d50ce11e5b","name":"test_affairs_log_paging2_20260123_033441","source":"b8ab29d50ce11e5b.png","type":"image/png","size":19252},{"uid":"50d5700f6dc3a80c","name":"test_affairs_log_paging2_20260123_033441","source":"50d5700f6dc3a80c.png","type":"image/png","size":107015},{"uid":"8b8ecceed7b3e3ca","name":"log","source":"8b8ecceed7b3e3ca.txt","type":"text/plain","size":1929}],"parameters":[],"shouldDisplayMessage":true,"attachmentsCount":4,"stepsCount":0,"attachmentStep":false,"hasContent":true},"afterStages":[{"name":"login_to_affairs::0","time":{"start":1769110525805,"stop":1769110528016,"duration":2211},"status":"passed","steps":[],"attachments":[],"parameters":[],"shouldDisplayMessage":false,"attachmentsCount":0,"stepsCount":0,"attachmentStep":false,"hasContent":false}],"labels":[{"name":"feature","value":"事务管理页用例"},{"name":"story","value":"流程日志-设置分页为10,点击最后一页有数据"},{"name":"parentSuite","value":"Tests.test_system"},{"name":"suite","value":"test_affairs"},{"name":"subSuite","value":"TestAffairsPage"},{"name":"host","value":"DESKTOP-L7L44NB"},{"name":"thread","value":"47512-MainThread"},{"name":"framework","value":"pytest"},{"name":"language","value":"cpython3"},{"name":"package","value":"Tests.test_system.test_affairs"},{"name":"resultFormat","value":"allure2"}],"parameters":[],"links":[],"hidden":true,"retry":true,"extra":{"categories":[],"tags":[]},"source":"e5f50e08c1011c70.json","parameterValues":[]}