{"uid":"e9a5c2d85bfd16f3","name":"test_audit_clear","fullName":"Tests.test_system.test_auditLog.TestAuditLogPage#test_audit_clear","historyId":"91e0aeee7f2a8b9835d424f7937bce84","time":{"start":1764902616659,"stop":1764902637411,"duration":20752},"status":"broken","statusMessage":"selenium.common.exceptions.TimeoutException: Message:","statusTrace":"self = <test_system.test_auditLog.TestAuditLogPage object at 0x000001676A719150>, login_to_auditlog = <selenium.webdriver.chrome.webdriver.WebDriver (session=\"9bfbe73ed7a63f09c023d57aed0b9c03\")>\n\n    @allure.story(\"清除筛选效果成功\")\n    # @pytest.mark.run(order=1)\n    def test_audit_clear(self, login_to_auditlog):\n        driver = login_to_auditlog  # WebDriver 实例\n        audit = AuditLogPage(driver)  # 用 driver 初始化 AuditLogPage\n        today = datetime.now().date()\n        # 格式化为年/月/日\n        formatted_date = today.strftime(\"%Y/%m/%d\")\n        first_day = datetime(today.year, today.month, 1).date()\n        formatted_first_day = first_day.strftime(\"%Y/%m/%d\")\n        ele = audit.get_find_element_xpath('//div[span[text()=\"操作时间:\"]]//input')\n        ele.send_keys(Keys.CONTROL, \"a\")\n        ele.send_keys(Keys.DELETE)\n        audit.enter_texts('//div[span[text()=\"操作时间:\"]]//input', f\"{formatted_first_day} - {formatted_date}\")\n        audit.click_all_button(\"查询\")\n        WebDriverWait(driver, 10).until(EC.invisibility_of_element_located((By.CLASS_NAME, \"is--visible\")))\n        name = \"a\"\n        sleep(1)\n        audit.click_button('//div[p[text()=\"用户代码\"]]/following-sibling::div//i')\n>       audit.hover(\"包含\")\n\nTests\\test_system\\test_auditLog.py:313: \n_ _ _ _ _ _ _ _ _ _ _ _ _ _ _ _ _ _ _ _ _ _ _ _ _ _ _ _ _ _ _ _ _ _ _ _ _ _ _ _ _ _ _ _ _ _ _ _ _ _ _ _ _ _ _ _ _ _ _ _ _ _ _ _ _ _ _ _ _ _ _ _ _ _ _ _ _ _ _ _ _ _ _ _ _ _ _ _ _ _ _ _ _ _ _ _ _ _ _ _ _ _ _ _ _ _ _ _ _ _ _ _ _ _ _ _\nPages\\systemPage\\auditLog_page.py:92: in hover\n    delete_icon = WebDriverWait(self.driver, 10).until(\n_ _ _ _ _ _ _ _ _ _ _ _ _ _ _ _ _ _ _ _ _ _ _ _ _ _ _ _ _ _ _ _ _ _ _ _ _ _ _ _ _ _ _ _ _ _ _ _ _ _ _ _ _ _ _ _ _ _ _ _ _ _ _ _ _ _ _ _ _ _ _ _ _ _ _ _ _ _ _ _ _ _ _ _ _ _ _ _ _ _ _ _ _ _ _ _ _ _ _ _ _ _ _ _ _ _ _ _ _ _ _ _ _ _ _ _\n\nself = <selenium.webdriver.support.wait.WebDriverWait (session=\"9bfbe73ed7a63f09c023d57aed0b9c03\")>, method = <function visibility_of_element_located.<locals>._predicate at 0x000001676DA19A20>, message = ''\n\n    def until(self, method: Callable[[D], Union[Literal[False], T]], message: str = \"\") -> T:\n        \"\"\"Wait until the method returns a value that is not False.\n    \n        Calls the method provided with the driver as an argument until the\n        return value does not evaluate to ``False``.\n    \n        Parameters:\n        -----------\n        method: callable(WebDriver)\n            - A callable object that takes a WebDriver instance as an argument.\n    \n        message: str\n            - Optional message for :exc:`TimeoutException`\n    \n        Return:\n        -------\n        object: T\n            - The result of the last call to `method`\n    \n        Raises:\n        -------\n        TimeoutException\n            - If 'method' does not return a truthy value within the WebDriverWait\n            object's timeout\n    \n        Example:\n        --------\n        >>> from selenium.webdriver.common.by import By\n        >>> from selenium.webdriver.support.ui import WebDriverWait\n        >>> from selenium.webdriver.support import expected_conditions as EC\n    \n        # Wait until an element is visible on the page\n        >>> wait = WebDriverWait(driver, 10)\n        >>> element = wait.until(EC.visibility_of_element_located((By.ID, \"exampleId\")))\n        >>> print(element.text)\n        \"\"\"\n        screen = None\n        stacktrace = None\n    \n        end_time = time.monotonic() + self._timeout\n        while True:\n            try:\n                value = method(self._driver)\n                if value:\n                    return value\n            except self._ignored_exceptions as exc:\n                screen = getattr(exc, \"screen\", None)\n                stacktrace = getattr(exc, \"stacktrace\", None)\n            if time.monotonic() > end_time:\n                break\n            time.sleep(self._poll)\n>       raise TimeoutException(message, screen, stacktrace)\nE       selenium.common.exceptions.TimeoutException: Message:\n\nD:\\Python310\\lib\\site-packages\\selenium\\webdriver\\support\\wait.py:138: TimeoutException","flaky":false,"newFailed":false,"newBroken":false,"newPassed":false,"retriesCount":0,"retriesStatusChange":false,"beforeStages":[{"name":"login_to_auditlog","time":{"start":1764902603014,"stop":1764902616658,"duration":13644},"status":"passed","steps":[],"attachments":[],"parameters":[],"hasContent":false,"attachmentStep":false,"stepsCount":0,"shouldDisplayMessage":false,"attachmentsCount":0}],"testStage":{"status":"broken","statusMessage":"selenium.common.exceptions.TimeoutException: Message:","statusTrace":"self = <test_system.test_auditLog.TestAuditLogPage object at 0x000001676A719150>, login_to_auditlog = <selenium.webdriver.chrome.webdriver.WebDriver (session=\"9bfbe73ed7a63f09c023d57aed0b9c03\")>\n\n    @allure.story(\"清除筛选效果成功\")\n    # @pytest.mark.run(order=1)\n    def test_audit_clear(self, login_to_auditlog):\n        driver = login_to_auditlog  # WebDriver 实例\n        audit = AuditLogPage(driver)  # 用 driver 初始化 AuditLogPage\n        today = datetime.now().date()\n        # 格式化为年/月/日\n        formatted_date = today.strftime(\"%Y/%m/%d\")\n        first_day = datetime(today.year, today.month, 1).date()\n        formatted_first_day = first_day.strftime(\"%Y/%m/%d\")\n        ele = audit.get_find_element_xpath('//div[span[text()=\"操作时间:\"]]//input')\n        ele.send_keys(Keys.CONTROL, \"a\")\n        ele.send_keys(Keys.DELETE)\n        audit.enter_texts('//div[span[text()=\"操作时间:\"]]//input', f\"{formatted_first_day} - {formatted_date}\")\n        audit.click_all_button(\"查询\")\n        WebDriverWait(driver, 10).until(EC.invisibility_of_element_located((By.CLASS_NAME, \"is--visible\")))\n        name = \"a\"\n        sleep(1)\n        audit.click_button('//div[p[text()=\"用户代码\"]]/following-sibling::div//i')\n>       audit.hover(\"包含\")\n\nTests\\test_system\\test_auditLog.py:313: \n_ _ _ _ _ _ _ _ _ _ _ _ _ _ _ _ _ _ _ _ _ _ _ _ _ _ _ _ _ _ _ _ _ _ _ _ _ _ _ _ _ _ _ _ _ _ _ _ _ _ _ _ _ _ _ _ _ _ _ _ _ _ _ _ _ _ _ _ _ _ _ _ _ _ _ _ _ _ _ _ _ _ _ _ _ _ _ _ _ _ _ _ _ _ _ _ _ _ _ _ _ _ _ _ _ _ _ _ _ _ _ _ _ _ _ _\nPages\\systemPage\\auditLog_page.py:92: in hover\n    delete_icon = WebDriverWait(self.driver, 10).until(\n_ _ _ _ _ _ _ _ _ _ _ _ _ _ _ _ _ _ _ _ _ _ _ _ _ _ _ _ _ _ _ _ _ _ _ _ _ _ _ _ _ _ _ _ _ _ _ _ _ _ _ _ _ _ _ _ _ _ _ _ _ _ _ _ _ _ _ _ _ _ _ _ _ _ _ _ _ _ _ _ _ _ _ _ _ _ _ _ _ _ _ _ _ _ _ _ _ _ _ _ _ _ _ _ _ _ _ _ _ _ _ _ _ _ _ _\n\nself = <selenium.webdriver.support.wait.WebDriverWait (session=\"9bfbe73ed7a63f09c023d57aed0b9c03\")>, method = <function visibility_of_element_located.<locals>._predicate at 0x000001676DA19A20>, message = ''\n\n    def until(self, method: Callable[[D], Union[Literal[False], T]], message: str = \"\") -> T:\n        \"\"\"Wait until the method returns a value that is not False.\n    \n        Calls the method provided with the driver as an argument until the\n        return value does not evaluate to ``False``.\n    \n        Parameters:\n        -----------\n        method: callable(WebDriver)\n            - A callable object that takes a WebDriver instance as an argument.\n    \n        message: str\n            - Optional message for :exc:`TimeoutException`\n    \n        Return:\n        -------\n        object: T\n            - The result of the last call to `method`\n    \n        Raises:\n        -------\n        TimeoutException\n            - If 'method' does not return a truthy value within the WebDriverWait\n            object's timeout\n    \n        Example:\n        --------\n        >>> from selenium.webdriver.common.by import By\n        >>> from selenium.webdriver.support.ui import WebDriverWait\n        >>> from selenium.webdriver.support import expected_conditions as EC\n    \n        # Wait until an element is visible on the page\n        >>> wait = WebDriverWait(driver, 10)\n        >>> element = wait.until(EC.visibility_of_element_located((By.ID, \"exampleId\")))\n        >>> print(element.text)\n        \"\"\"\n        screen = None\n        stacktrace = None\n    \n        end_time = time.monotonic() + self._timeout\n        while True:\n            try:\n                value = method(self._driver)\n                if value:\n                    return value\n            except self._ignored_exceptions as exc:\n                screen = getattr(exc, \"screen\", None)\n                stacktrace = getattr(exc, \"stacktrace\", None)\n            if time.monotonic() > end_time:\n                break\n            time.sleep(self._poll)\n>       raise TimeoutException(message, screen, stacktrace)\nE       selenium.common.exceptions.TimeoutException: Message:\n\nD:\\Python310\\lib\\site-packages\\selenium\\webdriver\\support\\wait.py:138: TimeoutException","steps":[],"attachments":[{"uid":"5eb0198018f071f9","name":"test_audit_clear_failure","source":"5eb0198018f071f9.png","type":"image/png","size":161773},{"uid":"e6246865654f0bd1","name":"test_audit_clear_source","source":"e6246865654f0bd1.html","type":"text/html","size":973656},{"uid":"a1ae1ce09f88fa09","name":"log","source":"a1ae1ce09f88fa09.txt","type":"text/plain","size":1979}],"parameters":[],"hasContent":true,"attachmentStep":false,"stepsCount":0,"shouldDisplayMessage":true,"attachmentsCount":3},"afterStages":[{"name":"login_to_auditlog::0","time":{"start":1764902637656,"stop":1764902639793,"duration":2137},"status":"passed","steps":[],"attachments":[],"parameters":[],"hasContent":false,"attachmentStep":false,"stepsCount":0,"shouldDisplayMessage":false,"attachmentsCount":0}],"labels":[{"name":"feature","value":"审核日志页用例"},{"name":"story","value":"清除筛选效果成功"},{"name":"parentSuite","value":"Tests.test_system"},{"name":"suite","value":"test_auditLog"},{"name":"subSuite","value":"TestAuditLogPage"},{"name":"host","value":"DESKTOP-L7L44NB"},{"name":"thread","value":"10972-MainThread"},{"name":"framework","value":"pytest"},{"name":"language","value":"cpython3"},{"name":"package","value":"Tests.test_system.test_auditLog"},{"name":"resultFormat","value":"allure2"}],"parameters":[],"links":[],"hidden":true,"retry":true,"extra":{"categories":[],"tags":[]},"source":"e9a5c2d85bfd16f3.json","parameterValues":[]}