{"uid":"ef6de36ca63e3345","name":"test_production_editnum1","fullName":"Tests.test_items.test_production.TestProductionPage#test_production_editnum1","historyId":"79dc88f6e5d1c88d5b9b14cce013b54f","time":{"start":1766072214466,"stop":1766072238374,"duration":23908},"status":"broken","statusMessage":"selenium.common.exceptions.TimeoutException: Message: \nStacktrace:\nSymbols not available. Dumping unresolved backtrace:\n\t0x7ff73e87fe35\n\t0x7ff73e87fe90\n\t0x7ff73e60139d\n\t0x7ff73e659d8e\n\t0x7ff73e65a09c\n\t0x7ff73e6ae8d7\n\t0x7ff73e6ab61b\n\t0x7ff73e64ac6d\n\t0x7ff73e64bae3\n\t0x7ff73eb4a10d\n\t0x7ff73eb4448a\n\t0x7ff73eb65157\n\t0x7ff73e89a81e\n\t0x7ff73e8a262f\n\t0x7ff73e889324\n\t0x7ff73e8894df\n\t0x7ff73e86ee88\n\t0x7ffaae547374\n\t0x7ffaaedfcc91","statusTrace":"self = <test_items.test_production.TestProductionPage object at 0x000001C006ECCE50>, login_to_production = <selenium.webdriver.chrome.webdriver.WebDriver (session=\"fb7aa3feabdf08425f105ef7301250ee\")>\n\n    @allure.story(\"当报工数量小于实绩报工数量 修改报工数量成功\")\n    # @pytest.mark.run(order=1)\n    def test_production_editnum1(self, login_to_production):\n        driver = login_to_production  # WebDriver 实例\n        production = ProductionPage(driver)  # 用 driver 初始化 ProductionPage\n        name = \"1测试C订单\"\n        num = \"100\"\n        production.click_button(f'//tr[./td[2]//span[text()=\"{name}:2\"]]/td[6]')\n        production.click_edi_button()\n    \n        # 定位“报工数量”输入框，并清空已填写内容\n        input_num = production.get_find_element_xpath(\n            '//label[text()=\"报工数量\"]/following-sibling::div//input'\n        )\n        input_num.send_keys(Keys.CONTROL, \"a\")  # 全选输入框内容\n        input_num.send_keys(Keys.BACK_SPACE)  # 删除已填写的内容\n        sleep(1)\n        production.enter_texts(\n            '//label[text()=\"报工数量\"]/following-sibling::div//input', num\n        )\n    \n        production.click_button('//div[@class=\"vxe-modal--footer\"]//span[text()=\"确定\"]')\n        production.wait_for_loading_to_disappear()\n        ele1 = production.get_find_element_xpath(\n            f'//tr[./td[2]//span[text()=\"{name}:2\"]]/td[6]'\n        ).text\n        ele2 = production.get_find_element_xpath(\n            f'//tr[./td[2]//span[text()=\"{name}:2\"]]/td[2]'\n        ).text\n    \n        production.click_button('(//span[text()=\"工作指示一览\"])[1]')\n        production.wait_for_loading_to_disappear()\n>       after_text = production.get_find_element_xpath(\n            f'//tr[.//span[text()=\"{name}:2\"]]/td[10]'\n        ).get_attribute(\"innerText\")\n\nTests\\test_items\\test_production.py:648: \n_ _ _ _ _ _ _ _ _ _ _ _ _ _ _ _ _ _ _ _ _ _ _ _ _ _ _ _ _ _ _ _ _ _ _ _ _ _ _ _ _ _ _ _ _ _ _ _ _ _ _ _ _ _ _ _ _ _ _ _ _ _ _ _ _ _ _ _ _ _ _ _ _ _ _ _ _ _ _ _ _ _ _ _ _ _ _ _ _ _ _ _ _ _ _ _ _ _ _ _ _ _ _ _ _ _ _ _ _ _ _ _ _ _ _ _\nPages\\itemsPage\\production_page.py:47: in get_find_element_xpath\n    return self.find_element(By.XPATH, xpath)\nPages\\base_page.py:28: in find_element\n    return WebDriverWait(self.driver, wait_time).until(\n_ _ _ _ _ _ _ _ _ _ _ _ _ _ _ _ _ _ _ _ _ _ _ _ _ _ _ _ _ _ _ _ _ _ _ _ _ _ _ _ _ _ _ _ _ _ _ _ _ _ _ _ _ _ _ _ _ _ _ _ _ _ _ _ _ _ _ _ _ _ _ _ _ _ _ _ _ _ _ _ _ _ _ _ _ _ _ _ _ _ _ _ _ _ _ _ _ _ _ _ _ _ _ _ _ _ _ _ _ _ _ _ _ _ _ _\n\nself = <selenium.webdriver.support.wait.WebDriverWait (session=\"fb7aa3feabdf08425f105ef7301250ee\")>, method = <function presence_of_element_located.<locals>._predicate at 0x000001C008D9ACB0>, message = ''\n\n    def until(self, method: Callable[[D], Union[Literal[False], T]], message: str = \"\") -> T:\n        \"\"\"Wait until the method returns a value that is not False.\n    \n        Calls the method provided with the driver as an argument until the\n        return value does not evaluate to ``False``.\n    \n        Parameters:\n        -----------\n        method: callable(WebDriver)\n            - A callable object that takes a WebDriver instance as an argument.\n    \n        message: str\n            - Optional message for :exc:`TimeoutException`\n    \n        Return:\n        -------\n        object: T\n            - The result of the last call to `method`\n    \n        Raises:\n        -------\n        TimeoutException\n            - If 'method' does not return a truthy value within the WebDriverWait\n            object's timeout\n    \n        Example:\n        --------\n        >>> from selenium.webdriver.common.by import By\n        >>> from selenium.webdriver.support.ui import WebDriverWait\n        >>> from selenium.webdriver.support import expected_conditions as EC\n    \n        # Wait until an element is visible on the page\n        >>> wait = WebDriverWait(driver, 10)\n        >>> element = wait.until(EC.visibility_of_element_located((By.ID, \"exampleId\")))\n        >>> print(element.text)\n        \"\"\"\n        screen = None\n        stacktrace = None\n    \n        end_time = time.monotonic() + self._timeout\n        while True:\n            try:\n                value = method(self._driver)\n                if value:\n                    return value\n            except self._ignored_exceptions as exc:\n                screen = getattr(exc, \"screen\", None)\n                stacktrace = getattr(exc, \"stacktrace\", None)\n            if time.monotonic() > end_time:\n                break\n            time.sleep(self._poll)\n>       raise TimeoutException(message, screen, stacktrace)\nE       selenium.common.exceptions.TimeoutException: Message: \nE       Stacktrace:\nE       Symbols not available. Dumping unresolved backtrace:\nE       \t0x7ff73e87fe35\nE       \t0x7ff73e87fe90\nE       \t0x7ff73e60139d\nE       \t0x7ff73e659d8e\nE       \t0x7ff73e65a09c\nE       \t0x7ff73e6ae8d7\nE       \t0x7ff73e6ab61b\nE       \t0x7ff73e64ac6d\nE       \t0x7ff73e64bae3\nE       \t0x7ff73eb4a10d\nE       \t0x7ff73eb4448a\nE       \t0x7ff73eb65157\nE       \t0x7ff73e89a81e\nE       \t0x7ff73e8a262f\nE       \t0x7ff73e889324\nE       \t0x7ff73e8894df\nE       \t0x7ff73e86ee88\nE       \t0x7ffaae547374\nE       \t0x7ffaaedfcc91\n\nD:\\Python310\\lib\\site-packages\\selenium\\webdriver\\support\\wait.py:138: TimeoutException","flaky":false,"newFailed":false,"newBroken":false,"newPassed":false,"retriesCount":0,"retriesStatusChange":false,"beforeStages":[{"name":"login_to_production","time":{"start":1766071848123,"stop":1766071865258,"duration":17135},"status":"passed","steps":[],"attachments":[],"parameters":[],"stepsCount":0,"hasContent":false,"attachmentStep":false,"shouldDisplayMessage":false,"attachmentsCount":0}],"testStage":{"status":"broken","statusMessage":"selenium.common.exceptions.TimeoutException: Message: \nStacktrace:\nSymbols not available. Dumping unresolved backtrace:\n\t0x7ff73e87fe35\n\t0x7ff73e87fe90\n\t0x7ff73e60139d\n\t0x7ff73e659d8e\n\t0x7ff73e65a09c\n\t0x7ff73e6ae8d7\n\t0x7ff73e6ab61b\n\t0x7ff73e64ac6d\n\t0x7ff73e64bae3\n\t0x7ff73eb4a10d\n\t0x7ff73eb4448a\n\t0x7ff73eb65157\n\t0x7ff73e89a81e\n\t0x7ff73e8a262f\n\t0x7ff73e889324\n\t0x7ff73e8894df\n\t0x7ff73e86ee88\n\t0x7ffaae547374\n\t0x7ffaaedfcc91","statusTrace":"self = <test_items.test_production.TestProductionPage object at 0x000001C006ECCE50>, login_to_production = <selenium.webdriver.chrome.webdriver.WebDriver (session=\"fb7aa3feabdf08425f105ef7301250ee\")>\n\n    @allure.story(\"当报工数量小于实绩报工数量 修改报工数量成功\")\n    # @pytest.mark.run(order=1)\n    def test_production_editnum1(self, login_to_production):\n        driver = login_to_production  # WebDriver 实例\n        production = ProductionPage(driver)  # 用 driver 初始化 ProductionPage\n        name = \"1测试C订单\"\n        num = \"100\"\n        production.click_button(f'//tr[./td[2]//span[text()=\"{name}:2\"]]/td[6]')\n        production.click_edi_button()\n    \n        # 定位“报工数量”输入框，并清空已填写内容\n        input_num = production.get_find_element_xpath(\n            '//label[text()=\"报工数量\"]/following-sibling::div//input'\n        )\n        input_num.send_keys(Keys.CONTROL, \"a\")  # 全选输入框内容\n        input_num.send_keys(Keys.BACK_SPACE)  # 删除已填写的内容\n        sleep(1)\n        production.enter_texts(\n            '//label[text()=\"报工数量\"]/following-sibling::div//input', num\n        )\n    \n        production.click_button('//div[@class=\"vxe-modal--footer\"]//span[text()=\"确定\"]')\n        production.wait_for_loading_to_disappear()\n        ele1 = production.get_find_element_xpath(\n            f'//tr[./td[2]//span[text()=\"{name}:2\"]]/td[6]'\n        ).text\n        ele2 = production.get_find_element_xpath(\n            f'//tr[./td[2]//span[text()=\"{name}:2\"]]/td[2]'\n        ).text\n    \n        production.click_button('(//span[text()=\"工作指示一览\"])[1]')\n        production.wait_for_loading_to_disappear()\n>       after_text = production.get_find_element_xpath(\n            f'//tr[.//span[text()=\"{name}:2\"]]/td[10]'\n        ).get_attribute(\"innerText\")\n\nTests\\test_items\\test_production.py:648: \n_ _ _ _ _ _ _ _ _ _ _ _ _ _ _ _ _ _ _ _ _ _ _ _ _ _ _ _ _ _ _ _ _ _ _ _ _ _ _ _ _ _ _ _ _ _ _ _ _ _ _ _ _ _ _ _ _ _ _ _ _ _ _ _ _ _ _ _ _ _ _ _ _ _ _ _ _ _ _ _ _ _ _ _ _ _ _ _ _ _ _ _ _ _ _ _ _ _ _ _ _ _ _ _ _ _ _ _ _ _ _ _ _ _ _ _\nPages\\itemsPage\\production_page.py:47: in get_find_element_xpath\n    return self.find_element(By.XPATH, xpath)\nPages\\base_page.py:28: in find_element\n    return WebDriverWait(self.driver, wait_time).until(\n_ _ _ _ _ _ _ _ _ _ _ _ _ _ _ _ _ _ _ _ _ _ _ _ _ _ _ _ _ _ _ _ _ _ _ _ _ _ _ _ _ _ _ _ _ _ _ _ _ _ _ _ _ _ _ _ _ _ _ _ _ _ _ _ _ _ _ _ _ _ _ _ _ _ _ _ _ _ _ _ _ _ _ _ _ _ _ _ _ _ _ _ _ _ _ _ _ _ _ _ _ _ _ _ _ _ _ _ _ _ _ _ _ _ _ _\n\nself = <selenium.webdriver.support.wait.WebDriverWait (session=\"fb7aa3feabdf08425f105ef7301250ee\")>, method = <function presence_of_element_located.<locals>._predicate at 0x000001C008D9ACB0>, message = ''\n\n    def until(self, method: Callable[[D], Union[Literal[False], T]], message: str = \"\") -> T:\n        \"\"\"Wait until the method returns a value that is not False.\n    \n        Calls the method provided with the driver as an argument until the\n        return value does not evaluate to ``False``.\n    \n        Parameters:\n        -----------\n        method: callable(WebDriver)\n            - A callable object that takes a WebDriver instance as an argument.\n    \n        message: str\n            - Optional message for :exc:`TimeoutException`\n    \n        Return:\n        -------\n        object: T\n            - The result of the last call to `method`\n    \n        Raises:\n        -------\n        TimeoutException\n            - If 'method' does not return a truthy value within the WebDriverWait\n            object's timeout\n    \n        Example:\n        --------\n        >>> from selenium.webdriver.common.by import By\n        >>> from selenium.webdriver.support.ui import WebDriverWait\n        >>> from selenium.webdriver.support import expected_conditions as EC\n    \n        # Wait until an element is visible on the page\n        >>> wait = WebDriverWait(driver, 10)\n        >>> element = wait.until(EC.visibility_of_element_located((By.ID, \"exampleId\")))\n        >>> print(element.text)\n        \"\"\"\n        screen = None\n        stacktrace = None\n    \n        end_time = time.monotonic() + self._timeout\n        while True:\n            try:\n                value = method(self._driver)\n                if value:\n                    return value\n            except self._ignored_exceptions as exc:\n                screen = getattr(exc, \"screen\", None)\n                stacktrace = getattr(exc, \"stacktrace\", None)\n            if time.monotonic() > end_time:\n                break\n            time.sleep(self._poll)\n>       raise TimeoutException(message, screen, stacktrace)\nE       selenium.common.exceptions.TimeoutException: Message: \nE       Stacktrace:\nE       Symbols not available. Dumping unresolved backtrace:\nE       \t0x7ff73e87fe35\nE       \t0x7ff73e87fe90\nE       \t0x7ff73e60139d\nE       \t0x7ff73e659d8e\nE       \t0x7ff73e65a09c\nE       \t0x7ff73e6ae8d7\nE       \t0x7ff73e6ab61b\nE       \t0x7ff73e64ac6d\nE       \t0x7ff73e64bae3\nE       \t0x7ff73eb4a10d\nE       \t0x7ff73eb4448a\nE       \t0x7ff73eb65157\nE       \t0x7ff73e89a81e\nE       \t0x7ff73e8a262f\nE       \t0x7ff73e889324\nE       \t0x7ff73e8894df\nE       \t0x7ff73e86ee88\nE       \t0x7ffaae547374\nE       \t0x7ffaaedfcc91\n\nD:\\Python310\\lib\\site-packages\\selenium\\webdriver\\support\\wait.py:138: TimeoutException","steps":[],"attachments":[{"uid":"fa3f0ea8b589d9b6","name":"test_production_editnum1","source":"fa3f0ea8b589d9b6.png","type":"image/png","size":80073},{"uid":"1406d70de3e1b1d0","name":"log","source":"1406d70de3e1b1d0.txt","type":"text/plain","size":1578}],"parameters":[],"stepsCount":0,"hasContent":true,"attachmentStep":false,"shouldDisplayMessage":true,"attachmentsCount":2},"afterStages":[{"name":"login_to_production::0","time":{"start":1766072357616,"stop":1766072359747,"duration":2131},"status":"passed","steps":[],"attachments":[],"parameters":[],"stepsCount":0,"hasContent":false,"attachmentStep":false,"shouldDisplayMessage":false,"attachmentsCount":0}],"labels":[{"name":"story","value":"当报工数量小于实绩报工数量 修改报工数量成功"},{"name":"feature","value":"生产报工测试用例"},{"name":"parentSuite","value":"Tests.test_items"},{"name":"suite","value":"test_production"},{"name":"subSuite","value":"TestProductionPage"},{"name":"host","value":"DESKTOP-L7L44NB"},{"name":"thread","value":"67796-MainThread"},{"name":"framework","value":"pytest"},{"name":"language","value":"cpython3"},{"name":"package","value":"Tests.test_items.test_production"},{"name":"resultFormat","value":"allure2"}],"parameters":[],"links":[],"hidden":true,"retry":true,"extra":{"categories":[],"tags":[]},"source":"ef6de36ca63e3345.json","parameterValues":[]}