{"uid":"f7028d7f8821f58a","name":"test_user_delverify10","fullName":"Tests.test_system.test_userRole.TestUserRolePage#test_user_delverify10","historyId":"43ce2ab4c95db6c9b53876430a51af75","time":{"start":1764898572588,"stop":1764898615449,"duration":42861},"status":"broken","statusMessage":"selenium.common.exceptions.TimeoutException: Message: \nStacktrace:\nSymbols not available. Dumping unresolved backtrace:\n\t0x7ff6f6d5fe35\n\t0x7ff6f6d5fe90\n\t0x7ff6f6ae139d\n\t0x7ff6f6b39d8e\n\t0x7ff6f6b3a09c\n\t0x7ff6f6b8e8d7\n\t0x7ff6f6b8b61b\n\t0x7ff6f6b2ac6d\n\t0x7ff6f6b2bae3\n\t0x7ff6f702a10d\n\t0x7ff6f702448a\n\t0x7ff6f7045157\n\t0x7ff6f6d7a81e\n\t0x7ff6f6d8262f\n\t0x7ff6f6d69324\n\t0x7ff6f6d694df\n\t0x7ff6f6d4ee88\n\t0x7ffc369c7374\n\t0x7ffc382fcc91","statusTrace":"self = <test_system.test_userRole.TestUserRolePage object at 0x000001676B1B8880>, login_to_userrole = <selenium.webdriver.chrome.webdriver.WebDriver (session=\"78a2ae9e37db6f807b2a20f1e40312df\")>\n\n    @allure.story(\"校验数字文本框和文本框\")\n    # @pytest.mark.run(order=1)\n    def test_user_delverify10(self, login_to_userrole):\n        driver = login_to_userrole  # WebDriver 实例\n        user = UserRolePage(driver)  # 用 driver 初始化 UserRolePage\n        name = [\"1111111111111111333311222211112222211111111133331111111444441111111111111111111111111111111111111111\"]\n        user.del_(name)\n>       message = user.get_find_message()\n\nTests\\test_system\\test_userRole.py:427: \n_ _ _ _ _ _ _ _ _ _ _ _ _ _ _ _ _ _ _ _ _ _ _ _ _ _ _ _ _ _ _ _ _ _ _ _ _ _ _ _ _ _ _ _ _ _ _ _ _ _ _ _ _ _ _ _ _ _ _ _ _ _ _ _ _ _ _ _ _ _ _ _ _ _ _ _ _ _ _ _ _ _ _ _ _ _ _ _ _ _ _ _ _ _ _ _ _ _ _ _ _ _ _ _ _ _ _ _ _ _ _ _ _ _ _ _\nPages\\systemPage\\userRole_page.py:35: in get_find_message\n    message = WebDriverWait(self.driver, 30).until(\n_ _ _ _ _ _ _ _ _ _ _ _ _ _ _ _ _ _ _ _ _ _ _ _ _ _ _ _ _ _ _ _ _ _ _ _ _ _ _ _ _ _ _ _ _ _ _ _ _ _ _ _ _ _ _ _ _ _ _ _ _ _ _ _ _ _ _ _ _ _ _ _ _ _ _ _ _ _ _ _ _ _ _ _ _ _ _ _ _ _ _ _ _ _ _ _ _ _ _ _ _ _ _ _ _ _ _ _ _ _ _ _ _ _ _ _\n\nself = <selenium.webdriver.support.wait.WebDriverWait (session=\"78a2ae9e37db6f807b2a20f1e40312df\")>, method = <function visibility_of_element_located.<locals>._predicate at 0x000001676D97D2D0>, message = ''\n\n    def until(self, method: Callable[[D], Union[Literal[False], T]], message: str = \"\") -> T:\n        \"\"\"Wait until the method returns a value that is not False.\n    \n        Calls the method provided with the driver as an argument until the\n        return value does not evaluate to ``False``.\n    \n        Parameters:\n        -----------\n        method: callable(WebDriver)\n            - A callable object that takes a WebDriver instance as an argument.\n    \n        message: str\n            - Optional message for :exc:`TimeoutException`\n    \n        Return:\n        -------\n        object: T\n            - The result of the last call to `method`\n    \n        Raises:\n        -------\n        TimeoutException\n            - If 'method' does not return a truthy value within the WebDriverWait\n            object's timeout\n    \n        Example:\n        --------\n        >>> from selenium.webdriver.common.by import By\n        >>> from selenium.webdriver.support.ui import WebDriverWait\n        >>> from selenium.webdriver.support import expected_conditions as EC\n    \n        # Wait until an element is visible on the page\n        >>> wait = WebDriverWait(driver, 10)\n        >>> element = wait.until(EC.visibility_of_element_located((By.ID, \"exampleId\")))\n        >>> print(element.text)\n        \"\"\"\n        screen = None\n        stacktrace = None\n    \n        end_time = time.monotonic() + self._timeout\n        while True:\n            try:\n                value = method(self._driver)\n                if value:\n                    return value\n            except self._ignored_exceptions as exc:\n                screen = getattr(exc, \"screen\", None)\n                stacktrace = getattr(exc, \"stacktrace\", None)\n            if time.monotonic() > end_time:\n                break\n            time.sleep(self._poll)\n>       raise TimeoutException(message, screen, stacktrace)\nE       selenium.common.exceptions.TimeoutException: Message: \nE       Stacktrace:\nE       Symbols not available. Dumping unresolved backtrace:\nE       \t0x7ff6f6d5fe35\nE       \t0x7ff6f6d5fe90\nE       \t0x7ff6f6ae139d\nE       \t0x7ff6f6b39d8e\nE       \t0x7ff6f6b3a09c\nE       \t0x7ff6f6b8e8d7\nE       \t0x7ff6f6b8b61b\nE       \t0x7ff6f6b2ac6d\nE       \t0x7ff6f6b2bae3\nE       \t0x7ff6f702a10d\nE       \t0x7ff6f702448a\nE       \t0x7ff6f7045157\nE       \t0x7ff6f6d7a81e\nE       \t0x7ff6f6d8262f\nE       \t0x7ff6f6d69324\nE       \t0x7ff6f6d694df\nE       \t0x7ff6f6d4ee88\nE       \t0x7ffc369c7374\nE       \t0x7ffc382fcc91\n\nD:\\Python310\\lib\\site-packages\\selenium\\webdriver\\support\\wait.py:138: TimeoutException","flaky":false,"newFailed":false,"newBroken":false,"newPassed":false,"retriesCount":1,"retriesStatusChange":false,"beforeStages":[{"name":"login_to_userrole","time":{"start":1764898555413,"stop":1764898572588,"duration":17175},"status":"passed","steps":[],"attachments":[],"parameters":[],"hasContent":false,"attachmentStep":false,"stepsCount":0,"shouldDisplayMessage":false,"attachmentsCount":0}],"testStage":{"status":"broken","statusMessage":"selenium.common.exceptions.TimeoutException: Message: \nStacktrace:\nSymbols not available. Dumping unresolved backtrace:\n\t0x7ff6f6d5fe35\n\t0x7ff6f6d5fe90\n\t0x7ff6f6ae139d\n\t0x7ff6f6b39d8e\n\t0x7ff6f6b3a09c\n\t0x7ff6f6b8e8d7\n\t0x7ff6f6b8b61b\n\t0x7ff6f6b2ac6d\n\t0x7ff6f6b2bae3\n\t0x7ff6f702a10d\n\t0x7ff6f702448a\n\t0x7ff6f7045157\n\t0x7ff6f6d7a81e\n\t0x7ff6f6d8262f\n\t0x7ff6f6d69324\n\t0x7ff6f6d694df\n\t0x7ff6f6d4ee88\n\t0x7ffc369c7374\n\t0x7ffc382fcc91","statusTrace":"self = <test_system.test_userRole.TestUserRolePage object at 0x000001676B1B8880>, login_to_userrole = <selenium.webdriver.chrome.webdriver.WebDriver (session=\"78a2ae9e37db6f807b2a20f1e40312df\")>\n\n    @allure.story(\"校验数字文本框和文本框\")\n    # @pytest.mark.run(order=1)\n    def test_user_delverify10(self, login_to_userrole):\n        driver = login_to_userrole  # WebDriver 实例\n        user = UserRolePage(driver)  # 用 driver 初始化 UserRolePage\n        name = [\"1111111111111111333311222211112222211111111133331111111444441111111111111111111111111111111111111111\"]\n        user.del_(name)\n>       message = user.get_find_message()\n\nTests\\test_system\\test_userRole.py:427: \n_ _ _ _ _ _ _ _ _ _ _ _ _ _ _ _ _ _ _ _ _ _ _ _ _ _ _ _ _ _ _ _ _ _ _ _ _ _ _ _ _ _ _ _ _ _ _ _ _ _ _ _ _ _ _ _ _ _ _ _ _ _ _ _ _ _ _ _ _ _ _ _ _ _ _ _ _ _ _ _ _ _ _ _ _ _ _ _ _ _ _ _ _ _ _ _ _ _ _ _ _ _ _ _ _ _ _ _ _ _ _ _ _ _ _ _\nPages\\systemPage\\userRole_page.py:35: in get_find_message\n    message = WebDriverWait(self.driver, 30).until(\n_ _ _ _ _ _ _ _ _ _ _ _ _ _ _ _ _ _ _ _ _ _ _ _ _ _ _ _ _ _ _ _ _ _ _ _ _ _ _ _ _ _ _ _ _ _ _ _ _ _ _ _ _ _ _ _ _ _ _ _ _ _ _ _ _ _ _ _ _ _ _ _ _ _ _ _ _ _ _ _ _ _ _ _ _ _ _ _ _ _ _ _ _ _ _ _ _ _ _ _ _ _ _ _ _ _ _ _ _ _ _ _ _ _ _ _\n\nself = <selenium.webdriver.support.wait.WebDriverWait (session=\"78a2ae9e37db6f807b2a20f1e40312df\")>, method = <function visibility_of_element_located.<locals>._predicate at 0x000001676D97D2D0>, message = ''\n\n    def until(self, method: Callable[[D], Union[Literal[False], T]], message: str = \"\") -> T:\n        \"\"\"Wait until the method returns a value that is not False.\n    \n        Calls the method provided with the driver as an argument until the\n        return value does not evaluate to ``False``.\n    \n        Parameters:\n        -----------\n        method: callable(WebDriver)\n            - A callable object that takes a WebDriver instance as an argument.\n    \n        message: str\n            - Optional message for :exc:`TimeoutException`\n    \n        Return:\n        -------\n        object: T\n            - The result of the last call to `method`\n    \n        Raises:\n        -------\n        TimeoutException\n            - If 'method' does not return a truthy value within the WebDriverWait\n            object's timeout\n    \n        Example:\n        --------\n        >>> from selenium.webdriver.common.by import By\n        >>> from selenium.webdriver.support.ui import WebDriverWait\n        >>> from selenium.webdriver.support import expected_conditions as EC\n    \n        # Wait until an element is visible on the page\n        >>> wait = WebDriverWait(driver, 10)\n        >>> element = wait.until(EC.visibility_of_element_located((By.ID, \"exampleId\")))\n        >>> print(element.text)\n        \"\"\"\n        screen = None\n        stacktrace = None\n    \n        end_time = time.monotonic() + self._timeout\n        while True:\n            try:\n                value = method(self._driver)\n                if value:\n                    return value\n            except self._ignored_exceptions as exc:\n                screen = getattr(exc, \"screen\", None)\n                stacktrace = getattr(exc, \"stacktrace\", None)\n            if time.monotonic() > end_time:\n                break\n            time.sleep(self._poll)\n>       raise TimeoutException(message, screen, stacktrace)\nE       selenium.common.exceptions.TimeoutException: Message: \nE       Stacktrace:\nE       Symbols not available. Dumping unresolved backtrace:\nE       \t0x7ff6f6d5fe35\nE       \t0x7ff6f6d5fe90\nE       \t0x7ff6f6ae139d\nE       \t0x7ff6f6b39d8e\nE       \t0x7ff6f6b3a09c\nE       \t0x7ff6f6b8e8d7\nE       \t0x7ff6f6b8b61b\nE       \t0x7ff6f6b2ac6d\nE       \t0x7ff6f6b2bae3\nE       \t0x7ff6f702a10d\nE       \t0x7ff6f702448a\nE       \t0x7ff6f7045157\nE       \t0x7ff6f6d7a81e\nE       \t0x7ff6f6d8262f\nE       \t0x7ff6f6d69324\nE       \t0x7ff6f6d694df\nE       \t0x7ff6f6d4ee88\nE       \t0x7ffc369c7374\nE       \t0x7ffc382fcc91\n\nD:\\Python310\\lib\\site-packages\\selenium\\webdriver\\support\\wait.py:138: TimeoutException","steps":[],"attachments":[{"uid":"77780b41f5837d4b","name":"test_user_delverify10_failure","source":"77780b41f5837d4b.png","type":"image/png","size":129517},{"uid":"f85afb06b45e784b","name":"test_user_delverify10_source","source":"f85afb06b45e784b.html","type":"text/html","size":955723},{"uid":"37ff151976a5f7dd","name":"log","source":"37ff151976a5f7dd.txt","type":"text/plain","size":3249}],"parameters":[],"hasContent":true,"attachmentStep":false,"stepsCount":0,"shouldDisplayMessage":true,"attachmentsCount":3},"afterStages":[{"name":"login_to_userrole::0","time":{"start":1764898615716,"stop":1764898617853,"duration":2137},"status":"passed","steps":[],"attachments":[],"parameters":[],"hasContent":false,"attachmentStep":false,"stepsCount":0,"shouldDisplayMessage":false,"attachmentsCount":0}],"labels":[{"name":"story","value":"校验数字文本框和文本框"},{"name":"feature","value":"用户权限管理页用例"},{"name":"parentSuite","value":"Tests.test_system"},{"name":"suite","value":"test_userRole"},{"name":"subSuite","value":"TestUserRolePage"},{"name":"host","value":"DESKTOP-L7L44NB"},{"name":"thread","value":"10972-MainThread"},{"name":"framework","value":"pytest"},{"name":"language","value":"cpython3"},{"name":"package","value":"Tests.test_system.test_userRole"},{"name":"resultFormat","value":"allure2"}],"parameters":[],"links":[],"hidden":false,"retry":false,"extra":{"severity":"normal","retries":[{"uid":"79c6f46824419164","status":"broken","statusDetails":"selenium.common.exceptions.TimeoutException: Message: \nStacktrace:\nSymbols not available. Dumping unresolved backtrace:\n\t0x7ff6f6d5fe35\n\t0x7ff6f6d5fe90\n\t0x7ff6f6ae139d\n\t0x7ff6f6b39d8e\n\t0x7ff6f6b3a09c\n\t0x7ff6f6b8e8d7\n\t0x7ff6f6b8b61b\n\t0x7ff6f6b2ac6d\n\t0x7ff6f6b2bae3\n\t0x7ff6f702a10d\n\t0x7ff6f702448a\n\t0x7ff6f7045157\n\t0x7ff6f6d7a81e\n\t0x7ff6f6d8262f\n\t0x7ff6f6d69324\n\t0x7ff6f6d694df\n\t0x7ff6f6d4ee88\n\t0x7ffc369c7374\n\t0x7ffc382fcc91","time":{"start":1764898510158,"stop":1764898553026,"duration":42868}}],"categories":[{"name":"Test defects","matchedStatuses":[]}],"tags":[]},"source":"f7028d7f8821f58a.json","parameterValues":[]}