{"uid":"14a9687d12b1f852","name":"test_production_delete3","fullName":"Tests.test_items.test_production.TestProductionPage#test_production_delete3","historyId":"b4f1b8177ff2bfef20449bad738c6a19","time":{"start":1765897607852,"stop":1765897625449,"duration":17597},"status":"broken","statusMessage":"selenium.common.exceptions.TimeoutException: Message: 点击失败，找不到元素：xpath = //div[@class=\"ivu-modal-confirm-footer\"]//span[text()=\"确定\"]","statusTrace":"self = <Pages.itemsPage.production_page.ProductionPage object at 0x000002337495CD30>, by_or_element = 'xpath', value = '//div[@class=\"ivu-modal-confirm-footer\"]//span[text()=\"确定\"]', wait_time = 10, retries = 2\n\n    def click(self, by_or_element, value=None, wait_time=10, retries=2):\n        \"\"\"\n        更稳健的点击方法：支持定位符或 WebElement，自动处理 stale 元素、点击拦截等问题。\n        \"\"\"\n        for attempt in range(retries):\n            try:\n                if value is not None:\n                    by = by_or_element\n                    logging.info(f\"点击元素：By = {by}, Value = {value}\")\n>                   element = WebDriverWait(self.driver, wait_time).until(\n                        EC.element_to_be_clickable((by, value))\n                    )\n\nPages\\base_page.py:49: \n_ _ _ _ _ _ _ _ _ _ _ _ _ _ _ _ _ _ _ _ _ _ _ _ _ _ _ _ _ _ _ _ _ _ _ _ _ _ _ _ _ _ _ _ _ _ _ _ _ _ _ _ _ _ _ _ _ _ _ _ _ _ _ _ _ _ _ _ _ _ _ _ _ _ _ _ _ _ _ _ _ _ _ _ _ _ _ _ _ _ _ _ _ _ _ _ _ _ _ _ _ _ _ _ _ _ _ _ _ _ _ _ _ _ _ _\n\nself = <selenium.webdriver.support.wait.WebDriverWait (session=\"1dc432165fdc12d7044ce0abf7aa1285\")>, method = <function element_to_be_clickable.<locals>._predicate at 0x00000233760A44C0>, message = ''\n\n    def until(self, method: Callable[[D], Union[Literal[False], T]], message: str = \"\") -> T:\n        \"\"\"Wait until the method returns a value that is not False.\n    \n        Calls the method provided with the driver as an argument until the\n        return value does not evaluate to ``False``.\n    \n        Parameters:\n        -----------\n        method: callable(WebDriver)\n            - A callable object that takes a WebDriver instance as an argument.\n    \n        message: str\n            - Optional message for :exc:`TimeoutException`\n    \n        Return:\n        -------\n        object: T\n            - The result of the last call to `method`\n    \n        Raises:\n        -------\n        TimeoutException\n            - If 'method' does not return a truthy value within the WebDriverWait\n            object's timeout\n    \n        Example:\n        --------\n        >>> from selenium.webdriver.common.by import By\n        >>> from selenium.webdriver.support.ui import WebDriverWait\n        >>> from selenium.webdriver.support import expected_conditions as EC\n    \n        # Wait until an element is visible on the page\n        >>> wait = WebDriverWait(driver, 10)\n        >>> element = wait.until(EC.visibility_of_element_located((By.ID, \"exampleId\")))\n        >>> print(element.text)\n        \"\"\"\n        screen = None\n        stacktrace = None\n    \n        end_time = time.monotonic() + self._timeout\n        while True:\n            try:\n                value = method(self._driver)\n                if value:\n                    return value\n            except self._ignored_exceptions as exc:\n                screen = getattr(exc, \"screen\", None)\n                stacktrace = getattr(exc, \"stacktrace\", None)\n            if time.monotonic() > end_time:\n                break\n            time.sleep(self._poll)\n>       raise TimeoutException(message, screen, stacktrace)\nE       selenium.common.exceptions.TimeoutException: Message: \nE       Stacktrace:\nE       Symbols not available. Dumping unresolved backtrace:\nE       \t0x7ff6fa53fe35\nE       \t0x7ff6fa53fe90\nE       \t0x7ff6fa2c139d\nE       \t0x7ff6fa319d8e\nE       \t0x7ff6fa31a09c\nE       \t0x7ff6fa36e8d7\nE       \t0x7ff6fa36b61b\nE       \t0x7ff6fa30ac6d\nE       \t0x7ff6fa30bae3\nE       \t0x7ff6fa80a10d\nE       \t0x7ff6fa80448a\nE       \t0x7ff6fa825157\nE       \t0x7ff6fa55a81e\nE       \t0x7ff6fa56262f\nE       \t0x7ff6fa549324\nE       \t0x7ff6fa5494df\nE       \t0x7ff6fa52ee88\nE       \t0x7ffaae547374\nE       \t0x7ffaaedfcc91\n\nD:\\Python310\\lib\\site-packages\\selenium\\webdriver\\support\\wait.py:138: TimeoutException\n\nDuring handling of the above exception, another exception occurred:\n\nself = <test_items.test_production.TestProductionPage object at 0x0000023374015C30>, login_to_production = <selenium.webdriver.chrome.webdriver.WebDriver (session=\"1dc432165fdc12d7044ce0abf7aa1285\")>\n\n    @allure.story(\"删除数据\")\n    # @pytest.mark.run(order=1)\n    def test_production_delete3(self, login_to_production):\n        driver = login_to_production  # WebDriver 实例\n        production = ProductionPage(driver)  # 用 driver 初始化 ProductionPage\n        production.right_refresh('生产报工')\n        name = \"1测试C订单\"\n        production.enter_texts('//p[text()=\"订单代码\"]/ancestor::div[2]//input', name)\n        sleep(1)\n        ele = driver.find_elements(By.XPATH, f'//tr[./td[9]//span[text()=\"{name}\"]]')\n        while len(ele) > 0:\n            production.click_button(f'//tr[./td[9]//span[text()=\"{name}\"]]/td[4]')\n            production.click_del_button()\n    \n>           production.click_button('//div[@class=\"ivu-modal-confirm-footer\"]//span[text()=\"确定\"]')\n\nTests\\test_items\\test_production.py:853: \n_ _ _ _ _ _ _ _ _ _ _ _ _ _ _ _ _ _ _ _ _ _ _ _ _ _ _ _ _ _ _ _ _ _ _ _ _ _ _ _ _ _ _ _ _ _ _ _ _ _ _ _ _ _ _ _ _ _ _ _ _ _ _ _ _ _ _ _ _ _ _ _ _ _ _ _ _ _ _ _ _ _ _ _ _ _ _ _ _ _ _ _ _ _ _ _ _ _ _ _ _ _ _ _ _ _ _ _ _ _ _ _ _ _ _ _\nPages\\itemsPage\\production_page.py:42: in click_button\n    self.click(By.XPATH, xpath)\n_ _ _ _ _ _ _ _ _ _ _ _ _ _ _ _ _ _ _ _ _ _ _ _ _ _ _ _ _ _ _ _ _ _ _ _ _ _ _ _ _ _ _ _ _ _ _ _ _ _ _ _ _ _ _ _ _ _ _ _ _ _ _ _ _ _ _ _ _ _ _ _ _ _ _ _ _ _ _ _ _ _ _ _ _ _ _ _ _ _ _ _ _ _ _ _ _ _ _ _ _ _ _ _ _ _ _ _ _ _ _ _ _ _ _ _\n\nself = <Pages.itemsPage.production_page.ProductionPage object at 0x000002337495CD30>, by_or_element = 'xpath', value = '//div[@class=\"ivu-modal-confirm-footer\"]//span[text()=\"确定\"]', wait_time = 10, retries = 2\n\n    def click(self, by_or_element, value=None, wait_time=10, retries=2):\n        \"\"\"\n        更稳健的点击方法：支持定位符或 WebElement，自动处理 stale 元素、点击拦截等问题。\n        \"\"\"\n        for attempt in range(retries):\n            try:\n                if value is not None:\n                    by = by_or_element\n                    logging.info(f\"点击元素：By = {by}, Value = {value}\")\n                    element = WebDriverWait(self.driver, wait_time).until(\n                        EC.element_to_be_clickable((by, value))\n                    )\n                else:\n                    logging.info(\"点击元素：WebElement 对象\")\n                    element = by_or_element\n    \n                element.click()\n                logging.info(\"✅ 点击成功\")\n                return\n    \n            except ElementClickInterceptedException:\n                logging.warning(\"⚠️ 原生点击被拦截，尝试使用 JS 点击\")\n                try:\n                    self.driver.execute_script(\"arguments[0].click();\", element)\n                    logging.info(\"✅ JS 点击成功\")\n                    return\n                except Exception as js_error:\n                    logging.warning(f\"⚠️ JS 点击失败：{js_error}\")\n                    sleep(1)\n                    continue  # 下一轮重试\n    \n            except StaleElementReferenceException:\n                logging.warning(f\"⚠️ 第 {attempt + 1} 次点击失败：元素过期，尝试重新定位\")\n                sleep(1)\n                continue  # 下一轮重试时重新定位\n    \n            except TimeoutException:\n                logging.error(f\"❌ 元素未在 {wait_time} 秒内变为可点击\")\n>               raise TimeoutException(f\"点击失败，找不到元素：{by_or_element} = {value}\")\nE               selenium.common.exceptions.TimeoutException: Message: 点击失败，找不到元素：xpath = //div[@class=\"ivu-modal-confirm-footer\"]//span[text()=\"确定\"]\n\nPages\\base_page.py:78: TimeoutException","flaky":false,"newFailed":false,"newBroken":false,"newPassed":false,"retriesCount":0,"retriesStatusChange":false,"beforeStages":[{"name":"login_to_production","time":{"start":1765897225302,"stop":1765897241439,"duration":16137},"status":"passed","steps":[],"attachments":[],"parameters":[],"shouldDisplayMessage":false,"attachmentsCount":0,"hasContent":false,"stepsCount":0,"attachmentStep":false}],"testStage":{"status":"broken","statusMessage":"selenium.common.exceptions.TimeoutException: Message: 点击失败，找不到元素：xpath = //div[@class=\"ivu-modal-confirm-footer\"]//span[text()=\"确定\"]","statusTrace":"self = <Pages.itemsPage.production_page.ProductionPage object at 0x000002337495CD30>, by_or_element = 'xpath', value = '//div[@class=\"ivu-modal-confirm-footer\"]//span[text()=\"确定\"]', wait_time = 10, retries = 2\n\n    def click(self, by_or_element, value=None, wait_time=10, retries=2):\n        \"\"\"\n        更稳健的点击方法：支持定位符或 WebElement，自动处理 stale 元素、点击拦截等问题。\n        \"\"\"\n        for attempt in range(retries):\n            try:\n                if value is not None:\n                    by = by_or_element\n                    logging.info(f\"点击元素：By = {by}, Value = {value}\")\n>                   element = WebDriverWait(self.driver, wait_time).until(\n                        EC.element_to_be_clickable((by, value))\n                    )\n\nPages\\base_page.py:49: \n_ _ _ _ _ _ _ _ _ _ _ _ _ _ _ _ _ _ _ _ _ _ _ _ _ _ _ _ _ _ _ _ _ _ _ _ _ _ _ _ _ _ _ _ _ _ _ _ _ _ _ _ _ _ _ _ _ _ _ _ _ _ _ _ _ _ _ _ _ _ _ _ _ _ _ _ _ _ _ _ _ _ _ _ _ _ _ _ _ _ _ _ _ _ _ _ _ _ _ _ _ _ _ _ _ _ _ _ _ _ _ _ _ _ _ _\n\nself = <selenium.webdriver.support.wait.WebDriverWait (session=\"1dc432165fdc12d7044ce0abf7aa1285\")>, method = <function element_to_be_clickable.<locals>._predicate at 0x00000233760A44C0>, message = ''\n\n    def until(self, method: Callable[[D], Union[Literal[False], T]], message: str = \"\") -> T:\n        \"\"\"Wait until the method returns a value that is not False.\n    \n        Calls the method provided with the driver as an argument until the\n        return value does not evaluate to ``False``.\n    \n        Parameters:\n        -----------\n        method: callable(WebDriver)\n            - A callable object that takes a WebDriver instance as an argument.\n    \n        message: str\n            - Optional message for :exc:`TimeoutException`\n    \n        Return:\n        -------\n        object: T\n            - The result of the last call to `method`\n    \n        Raises:\n        -------\n        TimeoutException\n            - If 'method' does not return a truthy value within the WebDriverWait\n            object's timeout\n    \n        Example:\n        --------\n        >>> from selenium.webdriver.common.by import By\n        >>> from selenium.webdriver.support.ui import WebDriverWait\n        >>> from selenium.webdriver.support import expected_conditions as EC\n    \n        # Wait until an element is visible on the page\n        >>> wait = WebDriverWait(driver, 10)\n        >>> element = wait.until(EC.visibility_of_element_located((By.ID, \"exampleId\")))\n        >>> print(element.text)\n        \"\"\"\n        screen = None\n        stacktrace = None\n    \n        end_time = time.monotonic() + self._timeout\n        while True:\n            try:\n                value = method(self._driver)\n                if value:\n                    return value\n            except self._ignored_exceptions as exc:\n                screen = getattr(exc, \"screen\", None)\n                stacktrace = getattr(exc, \"stacktrace\", None)\n            if time.monotonic() > end_time:\n                break\n            time.sleep(self._poll)\n>       raise TimeoutException(message, screen, stacktrace)\nE       selenium.common.exceptions.TimeoutException: Message: \nE       Stacktrace:\nE       Symbols not available. Dumping unresolved backtrace:\nE       \t0x7ff6fa53fe35\nE       \t0x7ff6fa53fe90\nE       \t0x7ff6fa2c139d\nE       \t0x7ff6fa319d8e\nE       \t0x7ff6fa31a09c\nE       \t0x7ff6fa36e8d7\nE       \t0x7ff6fa36b61b\nE       \t0x7ff6fa30ac6d\nE       \t0x7ff6fa30bae3\nE       \t0x7ff6fa80a10d\nE       \t0x7ff6fa80448a\nE       \t0x7ff6fa825157\nE       \t0x7ff6fa55a81e\nE       \t0x7ff6fa56262f\nE       \t0x7ff6fa549324\nE       \t0x7ff6fa5494df\nE       \t0x7ff6fa52ee88\nE       \t0x7ffaae547374\nE       \t0x7ffaaedfcc91\n\nD:\\Python310\\lib\\site-packages\\selenium\\webdriver\\support\\wait.py:138: TimeoutException\n\nDuring handling of the above exception, another exception occurred:\n\nself = <test_items.test_production.TestProductionPage object at 0x0000023374015C30>, login_to_production = <selenium.webdriver.chrome.webdriver.WebDriver (session=\"1dc432165fdc12d7044ce0abf7aa1285\")>\n\n    @allure.story(\"删除数据\")\n    # @pytest.mark.run(order=1)\n    def test_production_delete3(self, login_to_production):\n        driver = login_to_production  # WebDriver 实例\n        production = ProductionPage(driver)  # 用 driver 初始化 ProductionPage\n        production.right_refresh('生产报工')\n        name = \"1测试C订单\"\n        production.enter_texts('//p[text()=\"订单代码\"]/ancestor::div[2]//input', name)\n        sleep(1)\n        ele = driver.find_elements(By.XPATH, f'//tr[./td[9]//span[text()=\"{name}\"]]')\n        while len(ele) > 0:\n            production.click_button(f'//tr[./td[9]//span[text()=\"{name}\"]]/td[4]')\n            production.click_del_button()\n    \n>           production.click_button('//div[@class=\"ivu-modal-confirm-footer\"]//span[text()=\"确定\"]')\n\nTests\\test_items\\test_production.py:853: \n_ _ _ _ _ _ _ _ _ _ _ _ _ _ _ _ _ _ _ _ _ _ _ _ _ _ _ _ _ _ _ _ _ _ _ _ _ _ _ _ _ _ _ _ _ _ _ _ _ _ _ _ _ _ _ _ _ _ _ _ _ _ _ _ _ _ _ _ _ _ _ _ _ _ _ _ _ _ _ _ _ _ _ _ _ _ _ _ _ _ _ _ _ _ _ _ _ _ _ _ _ _ _ _ _ _ _ _ _ _ _ _ _ _ _ _\nPages\\itemsPage\\production_page.py:42: in click_button\n    self.click(By.XPATH, xpath)\n_ _ _ _ _ _ _ _ _ _ _ _ _ _ _ _ _ _ _ _ _ _ _ _ _ _ _ _ _ _ _ _ _ _ _ _ _ _ _ _ _ _ _ _ _ _ _ _ _ _ _ _ _ _ _ _ _ _ _ _ _ _ _ _ _ _ _ _ _ _ _ _ _ _ _ _ _ _ _ _ _ _ _ _ _ _ _ _ _ _ _ _ _ _ _ _ _ _ _ _ _ _ _ _ _ _ _ _ _ _ _ _ _ _ _ _\n\nself = <Pages.itemsPage.production_page.ProductionPage object at 0x000002337495CD30>, by_or_element = 'xpath', value = '//div[@class=\"ivu-modal-confirm-footer\"]//span[text()=\"确定\"]', wait_time = 10, retries = 2\n\n    def click(self, by_or_element, value=None, wait_time=10, retries=2):\n        \"\"\"\n        更稳健的点击方法：支持定位符或 WebElement，自动处理 stale 元素、点击拦截等问题。\n        \"\"\"\n        for attempt in range(retries):\n            try:\n                if value is not None:\n                    by = by_or_element\n                    logging.info(f\"点击元素：By = {by}, Value = {value}\")\n                    element = WebDriverWait(self.driver, wait_time).until(\n                        EC.element_to_be_clickable((by, value))\n                    )\n                else:\n                    logging.info(\"点击元素：WebElement 对象\")\n                    element = by_or_element\n    \n                element.click()\n                logging.info(\"✅ 点击成功\")\n                return\n    \n            except ElementClickInterceptedException:\n                logging.warning(\"⚠️ 原生点击被拦截，尝试使用 JS 点击\")\n                try:\n                    self.driver.execute_script(\"arguments[0].click();\", element)\n                    logging.info(\"✅ JS 点击成功\")\n                    return\n                except Exception as js_error:\n                    logging.warning(f\"⚠️ JS 点击失败：{js_error}\")\n                    sleep(1)\n                    continue  # 下一轮重试\n    \n            except StaleElementReferenceException:\n                logging.warning(f\"⚠️ 第 {attempt + 1} 次点击失败：元素过期，尝试重新定位\")\n                sleep(1)\n                continue  # 下一轮重试时重新定位\n    \n            except TimeoutException:\n                logging.error(f\"❌ 元素未在 {wait_time} 秒内变为可点击\")\n>               raise TimeoutException(f\"点击失败，找不到元素：{by_or_element} = {value}\")\nE               selenium.common.exceptions.TimeoutException: Message: 点击失败，找不到元素：xpath = //div[@class=\"ivu-modal-confirm-footer\"]//span[text()=\"确定\"]\n\nPages\\base_page.py:78: TimeoutException","steps":[],"attachments":[{"uid":"212b1a57db2f7d97","name":"test_production_delete3","source":"212b1a57db2f7d97.png","type":"image/png","size":101607},{"uid":"57889ac4a59d4e67","name":"log","source":"57889ac4a59d4e67.txt","type":"text/plain","size":834}],"parameters":[],"shouldDisplayMessage":true,"attachmentsCount":2,"hasContent":true,"stepsCount":0,"attachmentStep":false},"afterStages":[{"name":"login_to_production::0","time":{"start":1765897645058,"stop":1765897647185,"duration":2127},"status":"passed","steps":[],"attachments":[],"parameters":[],"shouldDisplayMessage":false,"attachmentsCount":0,"hasContent":false,"stepsCount":0,"attachmentStep":false}],"labels":[{"name":"feature","value":"生产报工测试用例"},{"name":"story","value":"删除数据"},{"name":"parentSuite","value":"Tests.test_items"},{"name":"suite","value":"test_production"},{"name":"subSuite","value":"TestProductionPage"},{"name":"host","value":"DESKTOP-L7L44NB"},{"name":"thread","value":"50656-MainThread"},{"name":"framework","value":"pytest"},{"name":"language","value":"cpython3"},{"name":"package","value":"Tests.test_items.test_production"},{"name":"resultFormat","value":"allure2"}],"parameters":[],"links":[],"hidden":true,"retry":true,"extra":{"categories":[],"tags":[]},"source":"14a9687d12b1f852.json","parameterValues":[]}