{"uid":"1d9504ff9e8cb138","name":"test_spec_spec3","fullName":"Tests.test_items.test_spec1.TestSpecPage#test_spec_spec3","historyId":"7ad6022e9046aaf0d4ff3ba7d656f4f8","time":{"start":1767615730572,"stop":1767615788188,"duration":57616},"status":"failed","statusMessage":"AssertionError: assert 1 == 0\n +  where 1 = len([<selenium.webdriver.remote.webelement.WebElement (session=\"54d4684299ced40704e1d50bbb7f6ab5\", element=\"f.83D78DAEAC60C96B9259FB3BB777B8ED.d.C29C585C350D56BE082DDB717D03200C.e.3325\")>])","statusTrace":"self = <test_items.test_spec1.TestSpecPage object at 0x000001FF2B2BB490>, login_to_spec1 = <selenium.webdriver.chrome.webdriver.WebDriver (session=\"54d4684299ced40704e1d50bbb7f6ab5\")>\n\n    @allure.story(\"生产特征3增删查改\")\n    # @pytest.mark.run(order=1)\n    def test_spec_spec3(self, login_to_spec1):\n        driver = login_to_spec1  # WebDriver 实例\n        spec = Spec1Page(driver)  # 用 driver 初始化 Spec1Page\n        list_name = ['1测试生产特征33', '1测试生产特征3']\n        after_name = '1修改生产特征33'\n        spec.click_button('//div[text()=\" 生产特征2 \"]')\n        spec.click_button('//div[div[text()=\" 生产特征2 \"]]/span')\n        spec.click_spec_num(3)\n        add1 = spec.finds_elements(By.XPATH, f'//tr[./td[2][.//span[text()=\"{list_name[0]}\"]]]/td[2]')\n        add2 = spec.finds_elements(By.XPATH, f'//tr[./td[2][.//span[text()=\"{list_name[1]}\"]]]/td[2]')\n        add3 = spec.finds_elements(By.XPATH, f'//tr[./td[2][.//span[text()=\"{after_name}\"]]]/td[2]')\n        if len(add2) == 0:\n            spec.add_spec_data(list_name[1])\n        if len(add1) == 0 and len(add3) == 0:\n            spec.add_spec_data(list_name[0])\n            ele0 = spec.finds_elements(By.XPATH, f'//tr[./td[2][.//span[text()=\"{list_name[0]}\"]]]/td[2]')\n            assert len(ele0) == 1\n        ele1 = spec.finds_elements(By.XPATH, f'//tr[./td[2][.//span[text()=\"{list_name[1]}\"]]]/td[2]')\n        assert len(ele1) == 1\n    \n        edit = spec.finds_elements(By.XPATH, f'//tr[./td[2][.//span[text()=\"{after_name}\"]]]/td[2]')\n        if len(edit) == 0:\n            spec.edit_spec_data(list_name[0], after_name)\n        ele = spec.finds_elements(By.XPATH, f'//tr[./td[2][.//span[text()=\"{after_name}\"]]]/td[2]')\n        assert len(ele) == 1\n    \n        spec.select_spec_data(after_name)\n        speccode = spec.get_find_element_xpath(\n            '(//table[@class=\"vxe-table--body\"])[2]//tr[1]/td[2]'\n        ).text\n        # 定位第二行没有数据\n        speccode2 = driver.find_elements(\n            By.XPATH,\n            '(//table[contains(@class, \"vxe-table--body\")])[2]//tr[2]/td[2]',\n        )\n        assert speccode == after_name and len(speccode2) == 0\n    \n        spec.del_spec_data(after_name)\n        ele = spec.finds_elements(By.XPATH, f'//tr[./td[2][.//span[text()=\"{after_name}\"]]]/td[2]')\n        assert len(ele) == 0\n    \n        ele = spec.finds_elements(By.XPATH, '//i[@class=\"ivu-icon ivu-icon-ios-close-circle\"]')\n>       assert len(ele) == 0\nE       assert 1 == 0\nE        +  where 1 = len([<selenium.webdriver.remote.webelement.WebElement (session=\"54d4684299ced40704e1d50bbb7f6ab5\", element=\"f.83D78DAEAC60C96B9259FB3BB777B8ED.d.C29C585C350D56BE082DDB717D03200C.e.3325\")>])\n\nTests\\test_items\\test_spec1.py:1035: AssertionError","flaky":false,"newFailed":false,"newBroken":false,"newPassed":false,"retriesCount":0,"retriesStatusChange":false,"beforeStages":[{"name":"login_to_spec1","time":{"start":1767615225510,"stop":1767615243736,"duration":18226},"status":"passed","steps":[],"attachments":[],"parameters":[],"attachmentsCount":0,"shouldDisplayMessage":false,"stepsCount":0,"hasContent":false,"attachmentStep":false}],"testStage":{"status":"failed","statusMessage":"AssertionError: assert 1 == 0\n +  where 1 = len([<selenium.webdriver.remote.webelement.WebElement (session=\"54d4684299ced40704e1d50bbb7f6ab5\", element=\"f.83D78DAEAC60C96B9259FB3BB777B8ED.d.C29C585C350D56BE082DDB717D03200C.e.3325\")>])","statusTrace":"self = <test_items.test_spec1.TestSpecPage object at 0x000001FF2B2BB490>, login_to_spec1 = <selenium.webdriver.chrome.webdriver.WebDriver (session=\"54d4684299ced40704e1d50bbb7f6ab5\")>\n\n    @allure.story(\"生产特征3增删查改\")\n    # @pytest.mark.run(order=1)\n    def test_spec_spec3(self, login_to_spec1):\n        driver = login_to_spec1  # WebDriver 实例\n        spec = Spec1Page(driver)  # 用 driver 初始化 Spec1Page\n        list_name = ['1测试生产特征33', '1测试生产特征3']\n        after_name = '1修改生产特征33'\n        spec.click_button('//div[text()=\" 生产特征2 \"]')\n        spec.click_button('//div[div[text()=\" 生产特征2 \"]]/span')\n        spec.click_spec_num(3)\n        add1 = spec.finds_elements(By.XPATH, f'//tr[./td[2][.//span[text()=\"{list_name[0]}\"]]]/td[2]')\n        add2 = spec.finds_elements(By.XPATH, f'//tr[./td[2][.//span[text()=\"{list_name[1]}\"]]]/td[2]')\n        add3 = spec.finds_elements(By.XPATH, f'//tr[./td[2][.//span[text()=\"{after_name}\"]]]/td[2]')\n        if len(add2) == 0:\n            spec.add_spec_data(list_name[1])\n        if len(add1) == 0 and len(add3) == 0:\n            spec.add_spec_data(list_name[0])\n            ele0 = spec.finds_elements(By.XPATH, f'//tr[./td[2][.//span[text()=\"{list_name[0]}\"]]]/td[2]')\n            assert len(ele0) == 1\n        ele1 = spec.finds_elements(By.XPATH, f'//tr[./td[2][.//span[text()=\"{list_name[1]}\"]]]/td[2]')\n        assert len(ele1) == 1\n    \n        edit = spec.finds_elements(By.XPATH, f'//tr[./td[2][.//span[text()=\"{after_name}\"]]]/td[2]')\n        if len(edit) == 0:\n            spec.edit_spec_data(list_name[0], after_name)\n        ele = spec.finds_elements(By.XPATH, f'//tr[./td[2][.//span[text()=\"{after_name}\"]]]/td[2]')\n        assert len(ele) == 1\n    \n        spec.select_spec_data(after_name)\n        speccode = spec.get_find_element_xpath(\n            '(//table[@class=\"vxe-table--body\"])[2]//tr[1]/td[2]'\n        ).text\n        # 定位第二行没有数据\n        speccode2 = driver.find_elements(\n            By.XPATH,\n            '(//table[contains(@class, \"vxe-table--body\")])[2]//tr[2]/td[2]',\n        )\n        assert speccode == after_name and len(speccode2) == 0\n    \n        spec.del_spec_data(after_name)\n        ele = spec.finds_elements(By.XPATH, f'//tr[./td[2][.//span[text()=\"{after_name}\"]]]/td[2]')\n        assert len(ele) == 0\n    \n        ele = spec.finds_elements(By.XPATH, '//i[@class=\"ivu-icon ivu-icon-ios-close-circle\"]')\n>       assert len(ele) == 0\nE       assert 1 == 0\nE        +  where 1 = len([<selenium.webdriver.remote.webelement.WebElement (session=\"54d4684299ced40704e1d50bbb7f6ab5\", element=\"f.83D78DAEAC60C96B9259FB3BB777B8ED.d.C29C585C350D56BE082DDB717D03200C.e.3325\")>])\n\nTests\\test_items\\test_spec1.py:1035: AssertionError","steps":[],"attachments":[{"uid":"755003e3d507ac80","name":"test_spec_spec3_20260105_202308","source":"755003e3d507ac80.png","type":"image/png","size":67123},{"uid":"ed35f6c4a954f4f5","name":"log","source":"ed35f6c4a954f4f5.txt","type":"text/plain","size":4674}],"parameters":[],"attachmentsCount":2,"shouldDisplayMessage":true,"stepsCount":0,"hasContent":true,"attachmentStep":false},"afterStages":[{"name":"login_to_spec1::0","time":{"start":1767616252985,"stop":1767616255169,"duration":2184},"status":"passed","steps":[],"attachments":[],"parameters":[],"attachmentsCount":0,"shouldDisplayMessage":false,"stepsCount":0,"hasContent":false,"attachmentStep":false}],"labels":[{"name":"story","value":"生产特征3增删查改"},{"name":"feature","value":"生产特征表测试用例"},{"name":"parentSuite","value":"Tests.test_items"},{"name":"suite","value":"test_spec1"},{"name":"subSuite","value":"TestSpecPage"},{"name":"host","value":"DESKTOP-L7L44NB"},{"name":"thread","value":"35836-MainThread"},{"name":"framework","value":"pytest"},{"name":"language","value":"cpython3"},{"name":"package","value":"Tests.test_items.test_spec1"},{"name":"resultFormat","value":"allure2"}],"parameters":[],"links":[],"hidden":true,"retry":true,"extra":{"categories":[],"tags":[]},"source":"1d9504ff9e8cb138.json","parameterValues":[]}