{"uid":"1f0a62b0d3121004","name":"test_menu_addsuccess","fullName":"Tests.test_system.test_menu.TestSMenuPage#test_menu_addsuccess","historyId":"5587316c3de85562874789c0c8d5e69e","time":{"start":1768855992690,"stop":1768856001254,"duration":8564},"status":"broken","statusMessage":"selenium.common.exceptions.StaleElementReferenceException: Message: stale element reference: stale element not found in the current frame\n  (Session info: chrome=142.0.7444.60); For documentation on this error, please visit: https://www.selenium.dev/documentation/webdriver/troubleshooting/errors#stale-element-reference-exception\nStacktrace:\nSymbols not available. Dumping unresolved backtrace:\n\t0x7ff74af1fe35\n\t0x7ff74af1fe90\n\t0x7ff74aca139d\n\t0x7ff74aca918f\n\t0x7ff74acac1ef\n\t0x7ff74acac2af\n\t0x7ff74acfad4a\n\t0x7ff74acfae27\n\t0x7ff74acf06ac\n\t0x7ff74ad2265a\n\t0x7ff74acec7a6\n\t0x7ff74ad4b61b\n\t0x7ff74aceac6d\n\t0x7ff74acebae3\n\t0x7ff74b1ea10d\n\t0x7ff74b1e448a\n\t0x7ff74b205157\n\t0x7ff74af3a81e\n\t0x7ff74af4262f\n\t0x7ff74af29324\n\t0x7ff74af294df\n\t0x7ff74af0ee88\n\t0x7ff9e6a37374\n\t0x7ff9e86dcc91","statusTrace":"self = <test_system.test_menu.TestSMenuPage object at 0x000001E2FA9392A0>, login_to_menu = <selenium.webdriver.chrome.webdriver.WebDriver (session=\"549eaf32e92f8fa4847e2c6ee3bda313\")>\n\n    @allure.story(\"添加菜单成功\")\n    # @pytest.mark.run(order=1)\n    def test_menu_addsuccess(self, login_to_menu):\n        driver = login_to_menu  # WebDriver 实例\n        menu = ExpressionPage(driver)  # 用 driver 初始化 ExpressionPage\n        name = 'ABCDAA'\n        menu.wait_for_loading_to_disappear()\n        menu.click_all_button(\"新增\")\n        menu.enter_texts('//div[@id=\"ph5ht87u-mndd\"]//input', name)\n        menu.enter_texts('//div[@id=\"t4svyhz8-n3vp\"]//input', name)\n        menu.click_button('//div[@id=\"twqlo0fa-ulcj\"]//i')\n        menu.click_button('//div[div[text()=\"请选择图标\"]]/following-sibling::div//div[@class=\"flex-wrap\"]/div')\n        sleep(0.5)\n        menu.click_confirm()\n        message = menu.get_find_message()\n>       menu.select_input_menu(name)\n\nTests\\test_system\\test_menu.py:131: \n_ _ _ _ _ _ _ _ _ _ _ _ _ _ _ _ _ _ _ _ _ _ _ _ _ _ _ _ _ _ _ _ _ _ _ _ _ _ _ _ _ _ _ _ _ _ _ _ _ _ _ _ _ _ _ _ _ _ _ _ _ _ _ _ _ _ _ _ _ _ _ _ _ _ _ _ _ _ _ _ _ _ _ _ _ _ _ _ _ _ _ _ _ _ _ _ _ _ _ _ _ _ _ _ _ _ _ _ _ _ _ _ _ _ _ _\nPages\\systemPage\\expression_page.py:108: in select_input_menu\n    self.enter_texts(xpath, name)\nPages\\systemPage\\expression_page.py:20: in enter_texts\n    self.enter_text(By.XPATH, xpath, text)\nPages\\base_page.py:103: in enter_text\n    element.send_keys(text)\nD:\\Python310\\lib\\site-packages\\selenium\\webdriver\\remote\\webelement.py:305: in send_keys\n    self._execute(\nD:\\Python310\\lib\\site-packages\\selenium\\webdriver\\remote\\webelement.py:574: in _execute\n    return self._parent.execute(command, params)\nD:\\Python310\\lib\\site-packages\\selenium\\webdriver\\remote\\webdriver.py:447: in execute\n    self.error_handler.check_response(response)\n_ _ _ _ _ _ _ _ _ _ _ _ _ _ _ _ _ _ _ _ _ _ _ _ _ _ _ _ _ _ _ _ _ _ _ _ _ _ _ _ _ _ _ _ _ _ _ _ _ _ _ _ _ _ _ _ _ _ _ _ _ _ _ _ _ _ _ _ _ _ _ _ _ _ _ _ _ _ _ _ _ _ _ _ _ _ _ _ _ _ _ _ _ _ _ _ _ _ _ _ _ _ _ _ _ _ _ _ _ _ _ _ _ _ _ _\n\nself = <selenium.webdriver.remote.errorhandler.ErrorHandler object at 0x000001E2FC3AF610>\nresponse = {'status': 404, 'value': '{\"value\":{\"error\":\"stale element reference\",\"message\":\"stale element reference: stale elemen...ff74af4262f\\\\n\\\\t0x7ff74af29324\\\\n\\\\t0x7ff74af294df\\\\n\\\\t0x7ff74af0ee88\\\\n\\\\t0x7ff9e6a37374\\\\n\\\\t0x7ff9e86dcc91\\\\n\"}}'}\n\n    def check_response(self, response: Dict[str, Any]) -> None:\n        \"\"\"Checks that a JSON response from the WebDriver does not have an\n        error.\n    \n        :Args:\n         - response - The JSON response from the WebDriver server as a dictionary\n           object.\n    \n        :Raises: If the response contains an error message.\n        \"\"\"\n        status = response.get(\"status\", None)\n        if not status or status == ErrorCode.SUCCESS:\n            return\n        value = None\n        message = response.get(\"message\", \"\")\n        screen: str = response.get(\"screen\", \"\")\n        stacktrace = None\n        if isinstance(status, int):\n            value_json = response.get(\"value\", None)\n            if value_json and isinstance(value_json, str):\n                import json\n    \n                try:\n                    value = json.loads(value_json)\n                    if len(value) == 1:\n                        value = value[\"value\"]\n                    status = value.get(\"error\", None)\n                    if not status:\n                        status = value.get(\"status\", ErrorCode.UNKNOWN_ERROR)\n                        message = value.get(\"value\") or value.get(\"message\")\n                        if not isinstance(message, str):\n                            value = message\n                            message = message.get(\"message\")\n                    else:\n                        message = value.get(\"message\", None)\n                except ValueError:\n                    pass\n    \n        exception_class: Type[WebDriverException]\n        e = ErrorCode()\n        error_codes = [item for item in dir(e) if not item.startswith(\"__\")]\n        for error_code in error_codes:\n            error_info = getattr(ErrorCode, error_code)\n            if isinstance(error_info, list) and status in error_info:\n                exception_class = getattr(ExceptionMapping, error_code, WebDriverException)\n                break\n        else:\n            exception_class = WebDriverException\n    \n        if not value:\n            value = response[\"value\"]\n        if isinstance(value, str):\n            raise exception_class(value)\n        if message == \"\" and \"message\" in value:\n            message = value[\"message\"]\n    \n        screen = None  # type: ignore[assignment]\n        if \"screen\" in value:\n            screen = value[\"screen\"]\n    \n        stacktrace = None\n        st_value = value.get(\"stackTrace\") or value.get(\"stacktrace\")\n        if st_value:\n            if isinstance(st_value, str):\n                stacktrace = st_value.split(\"\\n\")\n            else:\n                stacktrace = []\n                try:\n                    for frame in st_value:\n                        line = frame.get(\"lineNumber\", \"\")\n                        file = frame.get(\"fileName\", \"<anonymous>\")\n                        if line:\n                            file = f\"{file}:{line}\"\n                        meth = frame.get(\"methodName\", \"<anonymous>\")\n                        if \"className\" in frame:\n                            meth = f\"{frame['className']}.{meth}\"\n                        msg = \"    at %s (%s)\"\n                        msg = msg % (meth, file)\n                        stacktrace.append(msg)\n                except TypeError:\n                    pass\n        if exception_class == UnexpectedAlertPresentException:\n            alert_text = None\n            if \"data\" in value:\n                alert_text = value[\"data\"].get(\"text\")\n            elif \"alert\" in value:\n                alert_text = value[\"alert\"].get(\"text\")\n            raise exception_class(message, screen, stacktrace, alert_text)  # type: ignore[call-arg]  # mypy is not smart enough here\n>       raise exception_class(message, screen, stacktrace)\nE       selenium.common.exceptions.StaleElementReferenceException: Message: stale element reference: stale element not found in the current frame\nE         (Session info: chrome=142.0.7444.60); For documentation on this error, please visit: https://www.selenium.dev/documentation/webdriver/troubleshooting/errors#stale-element-reference-exception\nE       Stacktrace:\nE       Symbols not available. Dumping unresolved backtrace:\nE       \t0x7ff74af1fe35\nE       \t0x7ff74af1fe90\nE       \t0x7ff74aca139d\nE       \t0x7ff74aca918f\nE       \t0x7ff74acac1ef\nE       \t0x7ff74acac2af\nE       \t0x7ff74acfad4a\nE       \t0x7ff74acfae27\nE       \t0x7ff74acf06ac\nE       \t0x7ff74ad2265a\nE       \t0x7ff74acec7a6\nE       \t0x7ff74ad4b61b\nE       \t0x7ff74aceac6d\nE       \t0x7ff74acebae3\nE       \t0x7ff74b1ea10d\nE       \t0x7ff74b1e448a\nE       \t0x7ff74b205157\nE       \t0x7ff74af3a81e\nE       \t0x7ff74af4262f\nE       \t0x7ff74af29324\nE       \t0x7ff74af294df\nE       \t0x7ff74af0ee88\nE       \t0x7ff9e6a37374\nE       \t0x7ff9e86dcc91\n\nD:\\Python310\\lib\\site-packages\\selenium\\webdriver\\remote\\errorhandler.py:232: StaleElementReferenceException","flaky":false,"newFailed":false,"newBroken":false,"newPassed":false,"retriesCount":0,"retriesStatusChange":false,"beforeStages":[{"name":"login_to_menu","time":{"start":1768855939738,"stop":1768855953183,"duration":13445},"status":"passed","steps":[],"attachments":[],"parameters":[],"shouldDisplayMessage":false,"attachmentsCount":0,"attachmentStep":false,"stepsCount":0,"hasContent":false}],"testStage":{"status":"broken","statusMessage":"selenium.common.exceptions.StaleElementReferenceException: Message: stale element reference: stale element not found in the current frame\n  (Session info: chrome=142.0.7444.60); For documentation on this error, please visit: https://www.selenium.dev/documentation/webdriver/troubleshooting/errors#stale-element-reference-exception\nStacktrace:\nSymbols not available. Dumping unresolved backtrace:\n\t0x7ff74af1fe35\n\t0x7ff74af1fe90\n\t0x7ff74aca139d\n\t0x7ff74aca918f\n\t0x7ff74acac1ef\n\t0x7ff74acac2af\n\t0x7ff74acfad4a\n\t0x7ff74acfae27\n\t0x7ff74acf06ac\n\t0x7ff74ad2265a\n\t0x7ff74acec7a6\n\t0x7ff74ad4b61b\n\t0x7ff74aceac6d\n\t0x7ff74acebae3\n\t0x7ff74b1ea10d\n\t0x7ff74b1e448a\n\t0x7ff74b205157\n\t0x7ff74af3a81e\n\t0x7ff74af4262f\n\t0x7ff74af29324\n\t0x7ff74af294df\n\t0x7ff74af0ee88\n\t0x7ff9e6a37374\n\t0x7ff9e86dcc91","statusTrace":"self = <test_system.test_menu.TestSMenuPage object at 0x000001E2FA9392A0>, login_to_menu = <selenium.webdriver.chrome.webdriver.WebDriver (session=\"549eaf32e92f8fa4847e2c6ee3bda313\")>\n\n    @allure.story(\"添加菜单成功\")\n    # @pytest.mark.run(order=1)\n    def test_menu_addsuccess(self, login_to_menu):\n        driver = login_to_menu  # WebDriver 实例\n        menu = ExpressionPage(driver)  # 用 driver 初始化 ExpressionPage\n        name = 'ABCDAA'\n        menu.wait_for_loading_to_disappear()\n        menu.click_all_button(\"新增\")\n        menu.enter_texts('//div[@id=\"ph5ht87u-mndd\"]//input', name)\n        menu.enter_texts('//div[@id=\"t4svyhz8-n3vp\"]//input', name)\n        menu.click_button('//div[@id=\"twqlo0fa-ulcj\"]//i')\n        menu.click_button('//div[div[text()=\"请选择图标\"]]/following-sibling::div//div[@class=\"flex-wrap\"]/div')\n        sleep(0.5)\n        menu.click_confirm()\n        message = menu.get_find_message()\n>       menu.select_input_menu(name)\n\nTests\\test_system\\test_menu.py:131: \n_ _ _ _ _ _ _ _ _ _ _ _ _ _ _ _ _ _ _ _ _ _ _ _ _ _ _ _ _ _ _ _ _ _ _ _ _ _ _ _ _ _ _ _ _ _ _ _ _ _ _ _ _ _ _ _ _ _ _ _ _ _ _ _ _ _ _ _ _ _ _ _ _ _ _ _ _ _ _ _ _ _ _ _ _ _ _ _ _ _ _ _ _ _ _ _ _ _ _ _ _ _ _ _ _ _ _ _ _ _ _ _ _ _ _ _\nPages\\systemPage\\expression_page.py:108: in select_input_menu\n    self.enter_texts(xpath, name)\nPages\\systemPage\\expression_page.py:20: in enter_texts\n    self.enter_text(By.XPATH, xpath, text)\nPages\\base_page.py:103: in enter_text\n    element.send_keys(text)\nD:\\Python310\\lib\\site-packages\\selenium\\webdriver\\remote\\webelement.py:305: in send_keys\n    self._execute(\nD:\\Python310\\lib\\site-packages\\selenium\\webdriver\\remote\\webelement.py:574: in _execute\n    return self._parent.execute(command, params)\nD:\\Python310\\lib\\site-packages\\selenium\\webdriver\\remote\\webdriver.py:447: in execute\n    self.error_handler.check_response(response)\n_ _ _ _ _ _ _ _ _ _ _ _ _ _ _ _ _ _ _ _ _ _ _ _ _ _ _ _ _ _ _ _ _ _ _ _ _ _ _ _ _ _ _ _ _ _ _ _ _ _ _ _ _ _ _ _ _ _ _ _ _ _ _ _ _ _ _ _ _ _ _ _ _ _ _ _ _ _ _ _ _ _ _ _ _ _ _ _ _ _ _ _ _ _ _ _ _ _ _ _ _ _ _ _ _ _ _ _ _ _ _ _ _ _ _ _\n\nself = <selenium.webdriver.remote.errorhandler.ErrorHandler object at 0x000001E2FC3AF610>\nresponse = {'status': 404, 'value': '{\"value\":{\"error\":\"stale element reference\",\"message\":\"stale element reference: stale elemen...ff74af4262f\\\\n\\\\t0x7ff74af29324\\\\n\\\\t0x7ff74af294df\\\\n\\\\t0x7ff74af0ee88\\\\n\\\\t0x7ff9e6a37374\\\\n\\\\t0x7ff9e86dcc91\\\\n\"}}'}\n\n    def check_response(self, response: Dict[str, Any]) -> None:\n        \"\"\"Checks that a JSON response from the WebDriver does not have an\n        error.\n    \n        :Args:\n         - response - The JSON response from the WebDriver server as a dictionary\n           object.\n    \n        :Raises: If the response contains an error message.\n        \"\"\"\n        status = response.get(\"status\", None)\n        if not status or status == ErrorCode.SUCCESS:\n            return\n        value = None\n        message = response.get(\"message\", \"\")\n        screen: str = response.get(\"screen\", \"\")\n        stacktrace = None\n        if isinstance(status, int):\n            value_json = response.get(\"value\", None)\n            if value_json and isinstance(value_json, str):\n                import json\n    \n                try:\n                    value = json.loads(value_json)\n                    if len(value) == 1:\n                        value = value[\"value\"]\n                    status = value.get(\"error\", None)\n                    if not status:\n                        status = value.get(\"status\", ErrorCode.UNKNOWN_ERROR)\n                        message = value.get(\"value\") or value.get(\"message\")\n                        if not isinstance(message, str):\n                            value = message\n                            message = message.get(\"message\")\n                    else:\n                        message = value.get(\"message\", None)\n                except ValueError:\n                    pass\n    \n        exception_class: Type[WebDriverException]\n        e = ErrorCode()\n        error_codes = [item for item in dir(e) if not item.startswith(\"__\")]\n        for error_code in error_codes:\n            error_info = getattr(ErrorCode, error_code)\n            if isinstance(error_info, list) and status in error_info:\n                exception_class = getattr(ExceptionMapping, error_code, WebDriverException)\n                break\n        else:\n            exception_class = WebDriverException\n    \n        if not value:\n            value = response[\"value\"]\n        if isinstance(value, str):\n            raise exception_class(value)\n        if message == \"\" and \"message\" in value:\n            message = value[\"message\"]\n    \n        screen = None  # type: ignore[assignment]\n        if \"screen\" in value:\n            screen = value[\"screen\"]\n    \n        stacktrace = None\n        st_value = value.get(\"stackTrace\") or value.get(\"stacktrace\")\n        if st_value:\n            if isinstance(st_value, str):\n                stacktrace = st_value.split(\"\\n\")\n            else:\n                stacktrace = []\n                try:\n                    for frame in st_value:\n                        line = frame.get(\"lineNumber\", \"\")\n                        file = frame.get(\"fileName\", \"<anonymous>\")\n                        if line:\n                            file = f\"{file}:{line}\"\n                        meth = frame.get(\"methodName\", \"<anonymous>\")\n                        if \"className\" in frame:\n                            meth = f\"{frame['className']}.{meth}\"\n                        msg = \"    at %s (%s)\"\n                        msg = msg % (meth, file)\n                        stacktrace.append(msg)\n                except TypeError:\n                    pass\n        if exception_class == UnexpectedAlertPresentException:\n            alert_text = None\n            if \"data\" in value:\n                alert_text = value[\"data\"].get(\"text\")\n            elif \"alert\" in value:\n                alert_text = value[\"alert\"].get(\"text\")\n            raise exception_class(message, screen, stacktrace, alert_text)  # type: ignore[call-arg]  # mypy is not smart enough here\n>       raise exception_class(message, screen, stacktrace)\nE       selenium.common.exceptions.StaleElementReferenceException: Message: stale element reference: stale element not found in the current frame\nE         (Session info: chrome=142.0.7444.60); For documentation on this error, please visit: https://www.selenium.dev/documentation/webdriver/troubleshooting/errors#stale-element-reference-exception\nE       Stacktrace:\nE       Symbols not available. Dumping unresolved backtrace:\nE       \t0x7ff74af1fe35\nE       \t0x7ff74af1fe90\nE       \t0x7ff74aca139d\nE       \t0x7ff74aca918f\nE       \t0x7ff74acac1ef\nE       \t0x7ff74acac2af\nE       \t0x7ff74acfad4a\nE       \t0x7ff74acfae27\nE       \t0x7ff74acf06ac\nE       \t0x7ff74ad2265a\nE       \t0x7ff74acec7a6\nE       \t0x7ff74ad4b61b\nE       \t0x7ff74aceac6d\nE       \t0x7ff74acebae3\nE       \t0x7ff74b1ea10d\nE       \t0x7ff74b1e448a\nE       \t0x7ff74b205157\nE       \t0x7ff74af3a81e\nE       \t0x7ff74af4262f\nE       \t0x7ff74af29324\nE       \t0x7ff74af294df\nE       \t0x7ff74af0ee88\nE       \t0x7ff9e6a37374\nE       \t0x7ff9e86dcc91\n\nD:\\Python310\\lib\\site-packages\\selenium\\webdriver\\remote\\errorhandler.py:232: StaleElementReferenceException","steps":[],"attachments":[{"uid":"7651a6fe5881acdd","name":"test_menu_addsuccess_20260120_045321","source":"7651a6fe5881acdd.png","type":"image/png","size":116691},{"uid":"6ebf9fd0b03be864","name":"test_menu_addsuccess_20260120_045321","source":"6ebf9fd0b03be864.png","type":"image/png","size":116691},{"uid":"938ca4acf66f3714","name":"test_menu_addsuccess_20260120_045321","source":"938ca4acf66f3714.png","type":"image/png","size":158020},{"uid":"379683d307927fbb","name":"log","source":"379683d307927fbb.txt","type":"text/plain","size":2444}],"parameters":[],"shouldDisplayMessage":true,"attachmentsCount":4,"attachmentStep":false,"stepsCount":0,"hasContent":true},"afterStages":[{"name":"login_to_menu::0","time":{"start":1768856384047,"stop":1768856386310,"duration":2263},"status":"passed","steps":[],"attachments":[],"parameters":[],"shouldDisplayMessage":false,"attachmentsCount":0,"attachmentStep":false,"stepsCount":0,"hasContent":false}],"labels":[{"name":"story","value":"添加菜单成功"},{"name":"feature","value":"菜单组件页用例"},{"name":"parentSuite","value":"Tests.test_system"},{"name":"suite","value":"test_menu"},{"name":"subSuite","value":"TestSMenuPage"},{"name":"host","value":"DESKTOP-L7L44NB"},{"name":"thread","value":"1124-MainThread"},{"name":"framework","value":"pytest"},{"name":"language","value":"cpython3"},{"name":"package","value":"Tests.test_system.test_menu"},{"name":"resultFormat","value":"allure2"}],"parameters":[],"links":[],"hidden":true,"retry":true,"extra":{"categories":[],"tags":[]},"source":"1f0a62b0d3121004.json","parameterValues":[]}