{"uid":"227406b820052563","name":"test_home_clear_all_cancel","fullName":"Tests.test_system.test_home.TestHomePage#test_home_clear_all_cancel","historyId":"5cc19dfbd94b61d1299fb107dc01cc0d","time":{"start":1770148241846,"stop":1770148260609,"duration":18763},"status":"failed","statusMessage":"AssertionError: assert (0 == 16)","statusTrace":"self = <test_system.test_home.TestHomePage object at 0x0000025C780A5180>, login_to_home = <selenium.webdriver.chrome.webdriver.WebDriver (session=\"9d35d8d75e066ddf64172930a48fdd8b\")>\n\n    @allure.story(\"点击清空全部，点击取消，不会删除组件\")\n    # @pytest.mark.run(order=1)\n    def test_home_clear_all_cancel(self, login_to_home):\n        driver = login_to_home  # WebDriver 实例\n        home = HomePage(driver)  # 用 driver 初始化 HomePage\n        driver.execute_script(\"document.body.style.zoom='1'\")\n        home.clear_all_button(\"取消\")\n        home.click_save_button()\n        message = home.get_find_message()\n        home.right_refresh()\n        num = home.count_div_elements()\n>       assert num == 16 and message == \"保存成功\"\nE       assert (0 == 16)\n\nTests\\test_system\\test_home.py:143: AssertionError","flaky":false,"newFailed":false,"newBroken":false,"newPassed":false,"retriesCount":1,"retriesStatusChange":false,"beforeStages":[{"name":"login_to_home","time":{"start":1770148150851,"stop":1770148169710,"duration":18859},"status":"passed","steps":[],"attachments":[],"parameters":[],"attachmentsCount":0,"shouldDisplayMessage":false,"stepsCount":0,"attachmentStep":false,"hasContent":false}],"testStage":{"status":"failed","statusMessage":"AssertionError: assert (0 == 16)","statusTrace":"self = <test_system.test_home.TestHomePage object at 0x0000025C780A5180>, login_to_home = <selenium.webdriver.chrome.webdriver.WebDriver (session=\"9d35d8d75e066ddf64172930a48fdd8b\")>\n\n    @allure.story(\"点击清空全部，点击取消，不会删除组件\")\n    # @pytest.mark.run(order=1)\n    def test_home_clear_all_cancel(self, login_to_home):\n        driver = login_to_home  # WebDriver 实例\n        home = HomePage(driver)  # 用 driver 初始化 HomePage\n        driver.execute_script(\"document.body.style.zoom='1'\")\n        home.clear_all_button(\"取消\")\n        home.click_save_button()\n        message = home.get_find_message()\n        home.right_refresh()\n        num = home.count_div_elements()\n>       assert num == 16 and message == \"保存成功\"\nE       assert (0 == 16)\n\nTests\\test_system\\test_home.py:143: AssertionError","steps":[],"attachments":[{"uid":"bd87db9ee5c6a1a6","name":"test_home_clear_all_cancel_20260204_035100","source":"bd87db9ee5c6a1a6.png","type":"image/png","size":155921},{"uid":"e2a4909321279da6","name":"test_home_clear_all_cancel_20260204_035100","source":"e2a4909321279da6.png","type":"image/png","size":155892},{"uid":"1978c9ccf8053b62","name":"test_home_clear_all_cancel_20260204_035100","source":"1978c9ccf8053b62.png","type":"image/png","size":64543},{"uid":"37f41358d6f37cf5","name":"log","source":"37f41358d6f37cf5.txt","type":"text/plain","size":1937}],"parameters":[],"attachmentsCount":4,"shouldDisplayMessage":true,"stepsCount":0,"attachmentStep":false,"hasContent":true},"afterStages":[{"name":"login_to_home::0","time":{"start":1770148719290,"stop":1770148721490,"duration":2200},"status":"passed","steps":[],"attachments":[],"parameters":[],"attachmentsCount":0,"shouldDisplayMessage":false,"stepsCount":0,"attachmentStep":false,"hasContent":false}],"labels":[{"name":"feature","value":"主页设置页用例"},{"name":"story","value":"点击清空全部，点击取消，不会删除组件"},{"name":"parentSuite","value":"Tests.test_system"},{"name":"suite","value":"test_home"},{"name":"subSuite","value":"TestHomePage"},{"name":"host","value":"DESKTOP-L7L44NB"},{"name":"thread","value":"28920-MainThread"},{"name":"framework","value":"pytest"},{"name":"language","value":"cpython3"},{"name":"package","value":"Tests.test_system.test_home"},{"name":"resultFormat","value":"allure2"}],"parameters":[],"links":[],"hidden":false,"retry":false,"extra":{"severity":"normal","retries":[{"uid":"305b9cf125a0f35a","status":"failed","statusDetails":"AssertionError: assert (0 == 16)","time":{"start":1770148215071,"stop":1770148241350,"duration":26279}}],"categories":[{"name":"Product defects","matchedStatuses":[]}],"tags":[]},"source":"227406b820052563.json","parameterValues":[]}