{"uid":"231813321809e567","name":"test_affairs_log_sel4","fullName":"Tests.test_system.test_affairs.TestAffairsPage#test_affairs_log_sel4","historyId":"96f9699cd3ac8151a098e8b70ca9d0e5","time":{"start":1767727177180,"stop":1767727185416,"duration":8236},"status":"broken","statusMessage":"selenium.common.exceptions.StaleElementReferenceException: Message: stale element reference: stale element not found in the current frame\n  (Session info: chrome=142.0.7444.60); For documentation on this error, please visit: https://www.selenium.dev/documentation/webdriver/troubleshooting/errors#stale-element-reference-exception\nStacktrace:\nSymbols not available. Dumping unresolved backtrace:\n\t0x7ff7b42cfe35\n\t0x7ff7b42cfe90\n\t0x7ff7b405139d\n\t0x7ff7b405918f\n\t0x7ff7b405c1ef\n\t0x7ff7b405c2af\n\t0x7ff7b40a3996\n\t0x7ff7b40d265a\n\t0x7ff7b409c7a6\n\t0x7ff7b40fb61b\n\t0x7ff7b409ac6d\n\t0x7ff7b409bae3\n\t0x7ff7b459a10d\n\t0x7ff7b459448a\n\t0x7ff7b45b5157\n\t0x7ff7b42ea81e\n\t0x7ff7b42f262f\n\t0x7ff7b42d9324\n\t0x7ff7b42d94df\n\t0x7ff7b42bee88\n\t0x7ff9e6a37374\n\t0x7ff9e86dcc91","statusTrace":"self = <test_system.test_affairs.TestAffairsPage object at 0x00000246435491B0>, login_to_affairs = <selenium.webdriver.chrome.webdriver.WebDriver (session=\"86fc9a817954fd4cab148c79ef2e7293\")>\n\n    @allure.story(\"流程日志-流程ID搜索成功搜索成功\")\n    def test_affairs_log_sel4(self, login_to_affairs):\n        driver = login_to_affairs  # WebDriver 实例\n        affairs = AffairsPage(driver)  # 用 driver 初始化 AffairsPage\n        num = 1000\n        affairs.click_process_log()\n        pid = affairs.get_find_element_xpath('(//table[@class=\"el-table__body\"])[2]//tr[2]/td[4]').text\n        affairs.click_paging(num)\n        sleep(1)\n        affairs.sel_log_all(pid=pid)\n        list_ = []\n        cells = driver.find_elements(By.XPATH, '(//table[@class=\"el-table__body\"])[2]//tr/td[4]')\n        for cell in cells:\n>           list_.append(cell.text)\n\nTests\\test_system\\test_affairs.py:1395: \n_ _ _ _ _ _ _ _ _ _ _ _ _ _ _ _ _ _ _ _ _ _ _ _ _ _ _ _ _ _ _ _ _ _ _ _ _ _ _ _ _ _ _ _ _ _ _ _ _ _ _ _ _ _ _ _ _ _ _ _ _ _ _ _ _ _ _ _ _ _ _ _ _ _ _ _ _ _ _ _ _ _ _ _ _ _ _ _ _ _ _ _ _ _ _ _ _ _ _ _ _ _ _ _ _ _ _ _ _ _ _ _ _ _ _ _\nD:\\Python310\\lib\\site-packages\\selenium\\webdriver\\remote\\webelement.py:111: in text\n    return self._execute(Command.GET_ELEMENT_TEXT)[\"value\"]\nD:\\Python310\\lib\\site-packages\\selenium\\webdriver\\remote\\webelement.py:574: in _execute\n    return self._parent.execute(command, params)\nD:\\Python310\\lib\\site-packages\\selenium\\webdriver\\remote\\webdriver.py:447: in execute\n    self.error_handler.check_response(response)\n_ _ _ _ _ _ _ _ _ _ _ _ _ _ _ _ _ _ _ _ _ _ _ _ _ _ _ _ _ _ _ _ _ _ _ _ _ _ _ _ _ _ _ _ _ _ _ _ _ _ _ _ _ _ _ _ _ _ _ _ _ _ _ _ _ _ _ _ _ _ _ _ _ _ _ _ _ _ _ _ _ _ _ _ _ _ _ _ _ _ _ _ _ _ _ _ _ _ _ _ _ _ _ _ _ _ _ _ _ _ _ _ _ _ _ _\n\nself = <selenium.webdriver.remote.errorhandler.ErrorHandler object at 0x000002464397F760>\nresponse = {'status': 404, 'value': '{\"value\":{\"error\":\"stale element reference\",\"message\":\"stale element reference: stale elemen...ff7b42f262f\\\\n\\\\t0x7ff7b42d9324\\\\n\\\\t0x7ff7b42d94df\\\\n\\\\t0x7ff7b42bee88\\\\n\\\\t0x7ff9e6a37374\\\\n\\\\t0x7ff9e86dcc91\\\\n\"}}'}\n\n    def check_response(self, response: Dict[str, Any]) -> None:\n        \"\"\"Checks that a JSON response from the WebDriver does not have an\n        error.\n    \n        :Args:\n         - response - The JSON response from the WebDriver server as a dictionary\n           object.\n    \n        :Raises: If the response contains an error message.\n        \"\"\"\n        status = response.get(\"status\", None)\n        if not status or status == ErrorCode.SUCCESS:\n            return\n        value = None\n        message = response.get(\"message\", \"\")\n        screen: str = response.get(\"screen\", \"\")\n        stacktrace = None\n        if isinstance(status, int):\n            value_json = response.get(\"value\", None)\n            if value_json and isinstance(value_json, str):\n                import json\n    \n                try:\n                    value = json.loads(value_json)\n                    if len(value) == 1:\n                        value = value[\"value\"]\n                    status = value.get(\"error\", None)\n                    if not status:\n                        status = value.get(\"status\", ErrorCode.UNKNOWN_ERROR)\n                        message = value.get(\"value\") or value.get(\"message\")\n                        if not isinstance(message, str):\n                            value = message\n                            message = message.get(\"message\")\n                    else:\n                        message = value.get(\"message\", None)\n                except ValueError:\n                    pass\n    \n        exception_class: Type[WebDriverException]\n        e = ErrorCode()\n        error_codes = [item for item in dir(e) if not item.startswith(\"__\")]\n        for error_code in error_codes:\n            error_info = getattr(ErrorCode, error_code)\n            if isinstance(error_info, list) and status in error_info:\n                exception_class = getattr(ExceptionMapping, error_code, WebDriverException)\n                break\n        else:\n            exception_class = WebDriverException\n    \n        if not value:\n            value = response[\"value\"]\n        if isinstance(value, str):\n            raise exception_class(value)\n        if message == \"\" and \"message\" in value:\n            message = value[\"message\"]\n    \n        screen = None  # type: ignore[assignment]\n        if \"screen\" in value:\n            screen = value[\"screen\"]\n    \n        stacktrace = None\n        st_value = value.get(\"stackTrace\") or value.get(\"stacktrace\")\n        if st_value:\n            if isinstance(st_value, str):\n                stacktrace = st_value.split(\"\\n\")\n            else:\n                stacktrace = []\n                try:\n                    for frame in st_value:\n                        line = frame.get(\"lineNumber\", \"\")\n                        file = frame.get(\"fileName\", \"<anonymous>\")\n                        if line:\n                            file = f\"{file}:{line}\"\n                        meth = frame.get(\"methodName\", \"<anonymous>\")\n                        if \"className\" in frame:\n                            meth = f\"{frame['className']}.{meth}\"\n                        msg = \"    at %s (%s)\"\n                        msg = msg % (meth, file)\n                        stacktrace.append(msg)\n                except TypeError:\n                    pass\n        if exception_class == UnexpectedAlertPresentException:\n            alert_text = None\n            if \"data\" in value:\n                alert_text = value[\"data\"].get(\"text\")\n            elif \"alert\" in value:\n                alert_text = value[\"alert\"].get(\"text\")\n            raise exception_class(message, screen, stacktrace, alert_text)  # type: ignore[call-arg]  # mypy is not smart enough here\n>       raise exception_class(message, screen, stacktrace)\nE       selenium.common.exceptions.StaleElementReferenceException: Message: stale element reference: stale element not found in the current frame\nE         (Session info: chrome=142.0.7444.60); For documentation on this error, please visit: https://www.selenium.dev/documentation/webdriver/troubleshooting/errors#stale-element-reference-exception\nE       Stacktrace:\nE       Symbols not available. Dumping unresolved backtrace:\nE       \t0x7ff7b42cfe35\nE       \t0x7ff7b42cfe90\nE       \t0x7ff7b405139d\nE       \t0x7ff7b405918f\nE       \t0x7ff7b405c1ef\nE       \t0x7ff7b405c2af\nE       \t0x7ff7b40a3996\nE       \t0x7ff7b40d265a\nE       \t0x7ff7b409c7a6\nE       \t0x7ff7b40fb61b\nE       \t0x7ff7b409ac6d\nE       \t0x7ff7b409bae3\nE       \t0x7ff7b459a10d\nE       \t0x7ff7b459448a\nE       \t0x7ff7b45b5157\nE       \t0x7ff7b42ea81e\nE       \t0x7ff7b42f262f\nE       \t0x7ff7b42d9324\nE       \t0x7ff7b42d94df\nE       \t0x7ff7b42bee88\nE       \t0x7ff9e6a37374\nE       \t0x7ff9e86dcc91\n\nD:\\Python310\\lib\\site-packages\\selenium\\webdriver\\remote\\errorhandler.py:232: StaleElementReferenceException","flaky":false,"newFailed":false,"newBroken":false,"newPassed":false,"retriesCount":0,"retriesStatusChange":false,"beforeStages":[{"name":"login_to_affairs","time":{"start":1767727163867,"stop":1767727177179,"duration":13312},"status":"passed","steps":[],"attachments":[],"parameters":[],"shouldDisplayMessage":false,"attachmentsCount":0,"attachmentStep":false,"hasContent":false,"stepsCount":0}],"testStage":{"status":"broken","statusMessage":"selenium.common.exceptions.StaleElementReferenceException: Message: stale element reference: stale element not found in the current frame\n  (Session info: chrome=142.0.7444.60); For documentation on this error, please visit: https://www.selenium.dev/documentation/webdriver/troubleshooting/errors#stale-element-reference-exception\nStacktrace:\nSymbols not available. Dumping unresolved backtrace:\n\t0x7ff7b42cfe35\n\t0x7ff7b42cfe90\n\t0x7ff7b405139d\n\t0x7ff7b405918f\n\t0x7ff7b405c1ef\n\t0x7ff7b405c2af\n\t0x7ff7b40a3996\n\t0x7ff7b40d265a\n\t0x7ff7b409c7a6\n\t0x7ff7b40fb61b\n\t0x7ff7b409ac6d\n\t0x7ff7b409bae3\n\t0x7ff7b459a10d\n\t0x7ff7b459448a\n\t0x7ff7b45b5157\n\t0x7ff7b42ea81e\n\t0x7ff7b42f262f\n\t0x7ff7b42d9324\n\t0x7ff7b42d94df\n\t0x7ff7b42bee88\n\t0x7ff9e6a37374\n\t0x7ff9e86dcc91","statusTrace":"self = <test_system.test_affairs.TestAffairsPage object at 0x00000246435491B0>, login_to_affairs = <selenium.webdriver.chrome.webdriver.WebDriver (session=\"86fc9a817954fd4cab148c79ef2e7293\")>\n\n    @allure.story(\"流程日志-流程ID搜索成功搜索成功\")\n    def test_affairs_log_sel4(self, login_to_affairs):\n        driver = login_to_affairs  # WebDriver 实例\n        affairs = AffairsPage(driver)  # 用 driver 初始化 AffairsPage\n        num = 1000\n        affairs.click_process_log()\n        pid = affairs.get_find_element_xpath('(//table[@class=\"el-table__body\"])[2]//tr[2]/td[4]').text\n        affairs.click_paging(num)\n        sleep(1)\n        affairs.sel_log_all(pid=pid)\n        list_ = []\n        cells = driver.find_elements(By.XPATH, '(//table[@class=\"el-table__body\"])[2]//tr/td[4]')\n        for cell in cells:\n>           list_.append(cell.text)\n\nTests\\test_system\\test_affairs.py:1395: \n_ _ _ _ _ _ _ _ _ _ _ _ _ _ _ _ _ _ _ _ _ _ _ _ _ _ _ _ _ _ _ _ _ _ _ _ _ _ _ _ _ _ _ _ _ _ _ _ _ _ _ _ _ _ _ _ _ _ _ _ _ _ _ _ _ _ _ _ _ _ _ _ _ _ _ _ _ _ _ _ _ _ _ _ _ _ _ _ _ _ _ _ _ _ _ _ _ _ _ _ _ _ _ _ _ _ _ _ _ _ _ _ _ _ _ _\nD:\\Python310\\lib\\site-packages\\selenium\\webdriver\\remote\\webelement.py:111: in text\n    return self._execute(Command.GET_ELEMENT_TEXT)[\"value\"]\nD:\\Python310\\lib\\site-packages\\selenium\\webdriver\\remote\\webelement.py:574: in _execute\n    return self._parent.execute(command, params)\nD:\\Python310\\lib\\site-packages\\selenium\\webdriver\\remote\\webdriver.py:447: in execute\n    self.error_handler.check_response(response)\n_ _ _ _ _ _ _ _ _ _ _ _ _ _ _ _ _ _ _ _ _ _ _ _ _ _ _ _ _ _ _ _ _ _ _ _ _ _ _ _ _ _ _ _ _ _ _ _ _ _ _ _ _ _ _ _ _ _ _ _ _ _ _ _ _ _ _ _ _ _ _ _ _ _ _ _ _ _ _ _ _ _ _ _ _ _ _ _ _ _ _ _ _ _ _ _ _ _ _ _ _ _ _ _ _ _ _ _ _ _ _ _ _ _ _ _\n\nself = <selenium.webdriver.remote.errorhandler.ErrorHandler object at 0x000002464397F760>\nresponse = {'status': 404, 'value': '{\"value\":{\"error\":\"stale element reference\",\"message\":\"stale element reference: stale elemen...ff7b42f262f\\\\n\\\\t0x7ff7b42d9324\\\\n\\\\t0x7ff7b42d94df\\\\n\\\\t0x7ff7b42bee88\\\\n\\\\t0x7ff9e6a37374\\\\n\\\\t0x7ff9e86dcc91\\\\n\"}}'}\n\n    def check_response(self, response: Dict[str, Any]) -> None:\n        \"\"\"Checks that a JSON response from the WebDriver does not have an\n        error.\n    \n        :Args:\n         - response - The JSON response from the WebDriver server as a dictionary\n           object.\n    \n        :Raises: If the response contains an error message.\n        \"\"\"\n        status = response.get(\"status\", None)\n        if not status or status == ErrorCode.SUCCESS:\n            return\n        value = None\n        message = response.get(\"message\", \"\")\n        screen: str = response.get(\"screen\", \"\")\n        stacktrace = None\n        if isinstance(status, int):\n            value_json = response.get(\"value\", None)\n            if value_json and isinstance(value_json, str):\n                import json\n    \n                try:\n                    value = json.loads(value_json)\n                    if len(value) == 1:\n                        value = value[\"value\"]\n                    status = value.get(\"error\", None)\n                    if not status:\n                        status = value.get(\"status\", ErrorCode.UNKNOWN_ERROR)\n                        message = value.get(\"value\") or value.get(\"message\")\n                        if not isinstance(message, str):\n                            value = message\n                            message = message.get(\"message\")\n                    else:\n                        message = value.get(\"message\", None)\n                except ValueError:\n                    pass\n    \n        exception_class: Type[WebDriverException]\n        e = ErrorCode()\n        error_codes = [item for item in dir(e) if not item.startswith(\"__\")]\n        for error_code in error_codes:\n            error_info = getattr(ErrorCode, error_code)\n            if isinstance(error_info, list) and status in error_info:\n                exception_class = getattr(ExceptionMapping, error_code, WebDriverException)\n                break\n        else:\n            exception_class = WebDriverException\n    \n        if not value:\n            value = response[\"value\"]\n        if isinstance(value, str):\n            raise exception_class(value)\n        if message == \"\" and \"message\" in value:\n            message = value[\"message\"]\n    \n        screen = None  # type: ignore[assignment]\n        if \"screen\" in value:\n            screen = value[\"screen\"]\n    \n        stacktrace = None\n        st_value = value.get(\"stackTrace\") or value.get(\"stacktrace\")\n        if st_value:\n            if isinstance(st_value, str):\n                stacktrace = st_value.split(\"\\n\")\n            else:\n                stacktrace = []\n                try:\n                    for frame in st_value:\n                        line = frame.get(\"lineNumber\", \"\")\n                        file = frame.get(\"fileName\", \"<anonymous>\")\n                        if line:\n                            file = f\"{file}:{line}\"\n                        meth = frame.get(\"methodName\", \"<anonymous>\")\n                        if \"className\" in frame:\n                            meth = f\"{frame['className']}.{meth}\"\n                        msg = \"    at %s (%s)\"\n                        msg = msg % (meth, file)\n                        stacktrace.append(msg)\n                except TypeError:\n                    pass\n        if exception_class == UnexpectedAlertPresentException:\n            alert_text = None\n            if \"data\" in value:\n                alert_text = value[\"data\"].get(\"text\")\n            elif \"alert\" in value:\n                alert_text = value[\"alert\"].get(\"text\")\n            raise exception_class(message, screen, stacktrace, alert_text)  # type: ignore[call-arg]  # mypy is not smart enough here\n>       raise exception_class(message, screen, stacktrace)\nE       selenium.common.exceptions.StaleElementReferenceException: Message: stale element reference: stale element not found in the current frame\nE         (Session info: chrome=142.0.7444.60); For documentation on this error, please visit: https://www.selenium.dev/documentation/webdriver/troubleshooting/errors#stale-element-reference-exception\nE       Stacktrace:\nE       Symbols not available. Dumping unresolved backtrace:\nE       \t0x7ff7b42cfe35\nE       \t0x7ff7b42cfe90\nE       \t0x7ff7b405139d\nE       \t0x7ff7b405918f\nE       \t0x7ff7b405c1ef\nE       \t0x7ff7b405c2af\nE       \t0x7ff7b40a3996\nE       \t0x7ff7b40d265a\nE       \t0x7ff7b409c7a6\nE       \t0x7ff7b40fb61b\nE       \t0x7ff7b409ac6d\nE       \t0x7ff7b409bae3\nE       \t0x7ff7b459a10d\nE       \t0x7ff7b459448a\nE       \t0x7ff7b45b5157\nE       \t0x7ff7b42ea81e\nE       \t0x7ff7b42f262f\nE       \t0x7ff7b42d9324\nE       \t0x7ff7b42d94df\nE       \t0x7ff7b42bee88\nE       \t0x7ff9e6a37374\nE       \t0x7ff9e86dcc91\n\nD:\\Python310\\lib\\site-packages\\selenium\\webdriver\\remote\\errorhandler.py:232: StaleElementReferenceException","steps":[],"attachments":[{"uid":"4c25f656a781c7f3","name":"test_affairs_log_sel4_20260107_031945","source":"4c25f656a781c7f3.png","type":"image/png","size":127021},{"uid":"8c10319810215db3","name":"log","source":"8c10319810215db3.txt","type":"text/plain","size":1937}],"parameters":[],"shouldDisplayMessage":true,"attachmentsCount":2,"attachmentStep":false,"hasContent":true,"stepsCount":0},"afterStages":[{"name":"login_to_affairs::0","time":{"start":1767727185585,"stop":1767727187732,"duration":2147},"status":"passed","steps":[],"attachments":[],"parameters":[],"shouldDisplayMessage":false,"attachmentsCount":0,"attachmentStep":false,"hasContent":false,"stepsCount":0}],"labels":[{"name":"feature","value":"事务管理页用例"},{"name":"story","value":"流程日志-流程ID搜索成功搜索成功"},{"name":"parentSuite","value":"Tests.test_system"},{"name":"suite","value":"test_affairs"},{"name":"subSuite","value":"TestAffairsPage"},{"name":"host","value":"DESKTOP-L7L44NB"},{"name":"thread","value":"436-MainThread"},{"name":"framework","value":"pytest"},{"name":"language","value":"cpython3"},{"name":"package","value":"Tests.test_system.test_affairs"},{"name":"resultFormat","value":"allure2"}],"parameters":[],"links":[],"hidden":true,"retry":true,"extra":{"categories":[],"tags":[]},"source":"231813321809e567.json","parameterValues":[]}