{"uid":"26fbcbe17f164bbc","name":"test_menu_ctrlIrepeat","fullName":"Tests.test_system.test_menu.TestSMenuPage#test_menu_ctrlIrepeat","historyId":"b1c3a57f807defd04b3e58aa1f1dc697","time":{"start":1769807501171,"stop":1769807513444,"duration":12273},"status":"broken","statusMessage":"selenium.common.exceptions.TimeoutException: Message: \nStacktrace:\nSymbols not available. Dumping unresolved backtrace:\n\t0x7ff609fefe35\n\t0x7ff609fefe90\n\t0x7ff609d7139d\n\t0x7ff609dc9d8e\n\t0x7ff609dca09c\n\t0x7ff609e1e8d7\n\t0x7ff609e1b61b\n\t0x7ff609dbac6d\n\t0x7ff609dbbae3\n\t0x7ff60a2ba10d\n\t0x7ff60a2b448a\n\t0x7ff60a2d5157\n\t0x7ff60a00a81e\n\t0x7ff60a01262f\n\t0x7ff609ff9324\n\t0x7ff609ff94df\n\t0x7ff609fdee88\n\t0x7ffc59d27374\n\t0x7ffc5a9fcc91","statusTrace":"self = <test_system.test_menu.TestSMenuPage object at 0x0000021E30BD1150>, login_to_menu = <selenium.webdriver.chrome.webdriver.WebDriver (session=\"07df155f877073b281af2f47ce0fed6f\")>\n\n    @allure.story(\"模拟ctrl+i添加重复\")\n    # @pytest.mark.run(order=1)\n    def test_menu_ctrlIrepeat(self, login_to_menu):\n        driver = login_to_menu  # WebDriver 实例\n        menu = ExpressionPage(driver)  # 用 driver 初始化 ExpressionPage\n        menu.click_button('//table[@class=\"vxe-table--body\"]//tr[2]//td[2]')\n        ActionChains(driver).key_down(Keys.CONTROL).send_keys('i').key_up(Keys.CONTROL).perform()\n        ele1 = menu.get_find_element_xpath('(//table[@class=\"vxe-table--body\"]//tr[1]/td[2])[2]').get_attribute(\n            \"innerText\")\n        menu.click_button('//div[@class=\"vxe-modal--footer\"]//span[text()=\"确定\"]')\n>       message = menu.get_error_message()\n\nTests\\test_system\\test_menu.py:820: \n_ _ _ _ _ _ _ _ _ _ _ _ _ _ _ _ _ _ _ _ _ _ _ _ _ _ _ _ _ _ _ _ _ _ _ _ _ _ _ _ _ _ _ _ _ _ _ _ _ _ _ _ _ _ _ _ _ _ _ _ _ _ _ _ _ _ _ _ _ _ _ _ _ _ _ _ _ _ _ _ _ _ _ _ _ _ _ _ _ _ _ _ _ _ _ _ _ _ _ _ _ _ _ _ _ _ _ _ _ _ _ _ _ _ _ _\nPages\\systemPage\\expression_page.py:44: in get_error_message\n    message = WebDriverWait(self.driver, 10).until(\n_ _ _ _ _ _ _ _ _ _ _ _ _ _ _ _ _ _ _ _ _ _ _ _ _ _ _ _ _ _ _ _ _ _ _ _ _ _ _ _ _ _ _ _ _ _ _ _ _ _ _ _ _ _ _ _ _ _ _ _ _ _ _ _ _ _ _ _ _ _ _ _ _ _ _ _ _ _ _ _ _ _ _ _ _ _ _ _ _ _ _ _ _ _ _ _ _ _ _ _ _ _ _ _ _ _ _ _ _ _ _ _ _ _ _ _\n\nself = <selenium.webdriver.support.wait.WebDriverWait (session=\"07df155f877073b281af2f47ce0fed6f\")>, method = <function visibility_of_element_located.<locals>._predicate at 0x0000021E33274CA0>, message = ''\n\n    def until(self, method: Callable[[D], Union[Literal[False], T]], message: str = \"\") -> T:\n        \"\"\"Wait until the method returns a value that is not False.\n    \n        Calls the method provided with the driver as an argument until the\n        return value does not evaluate to ``False``.\n    \n        Parameters:\n        -----------\n        method: callable(WebDriver)\n            - A callable object that takes a WebDriver instance as an argument.\n    \n        message: str\n            - Optional message for :exc:`TimeoutException`\n    \n        Return:\n        -------\n        object: T\n            - The result of the last call to `method`\n    \n        Raises:\n        -------\n        TimeoutException\n            - If 'method' does not return a truthy value within the WebDriverWait\n            object's timeout\n    \n        Example:\n        --------\n        >>> from selenium.webdriver.common.by import By\n        >>> from selenium.webdriver.support.ui import WebDriverWait\n        >>> from selenium.webdriver.support import expected_conditions as EC\n    \n        # Wait until an element is visible on the page\n        >>> wait = WebDriverWait(driver, 10)\n        >>> element = wait.until(EC.visibility_of_element_located((By.ID, \"exampleId\")))\n        >>> print(element.text)\n        \"\"\"\n        screen = None\n        stacktrace = None\n    \n        end_time = time.monotonic() + self._timeout\n        while True:\n            try:\n                value = method(self._driver)\n                if value:\n                    return value\n            except self._ignored_exceptions as exc:\n                screen = getattr(exc, \"screen\", None)\n                stacktrace = getattr(exc, \"stacktrace\", None)\n            if time.monotonic() > end_time:\n                break\n            time.sleep(self._poll)\n>       raise TimeoutException(message, screen, stacktrace)\nE       selenium.common.exceptions.TimeoutException: Message: \nE       Stacktrace:\nE       Symbols not available. Dumping unresolved backtrace:\nE       \t0x7ff609fefe35\nE       \t0x7ff609fefe90\nE       \t0x7ff609d7139d\nE       \t0x7ff609dc9d8e\nE       \t0x7ff609dca09c\nE       \t0x7ff609e1e8d7\nE       \t0x7ff609e1b61b\nE       \t0x7ff609dbac6d\nE       \t0x7ff609dbbae3\nE       \t0x7ff60a2ba10d\nE       \t0x7ff60a2b448a\nE       \t0x7ff60a2d5157\nE       \t0x7ff60a00a81e\nE       \t0x7ff60a01262f\nE       \t0x7ff609ff9324\nE       \t0x7ff609ff94df\nE       \t0x7ff609fdee88\nE       \t0x7ffc59d27374\nE       \t0x7ffc5a9fcc91\n\nD:\\Python310\\lib\\site-packages\\selenium\\webdriver\\support\\wait.py:138: TimeoutException","flaky":false,"newFailed":false,"newBroken":false,"newPassed":false,"retriesCount":1,"retriesStatusChange":false,"beforeStages":[{"name":"login_to_menu","time":{"start":1769807124635,"stop":1769807139357,"duration":14722},"status":"passed","steps":[],"attachments":[],"parameters":[],"attachmentsCount":0,"shouldDisplayMessage":false,"hasContent":false,"attachmentStep":false,"stepsCount":0}],"testStage":{"status":"broken","statusMessage":"selenium.common.exceptions.TimeoutException: Message: \nStacktrace:\nSymbols not available. Dumping unresolved backtrace:\n\t0x7ff609fefe35\n\t0x7ff609fefe90\n\t0x7ff609d7139d\n\t0x7ff609dc9d8e\n\t0x7ff609dca09c\n\t0x7ff609e1e8d7\n\t0x7ff609e1b61b\n\t0x7ff609dbac6d\n\t0x7ff609dbbae3\n\t0x7ff60a2ba10d\n\t0x7ff60a2b448a\n\t0x7ff60a2d5157\n\t0x7ff60a00a81e\n\t0x7ff60a01262f\n\t0x7ff609ff9324\n\t0x7ff609ff94df\n\t0x7ff609fdee88\n\t0x7ffc59d27374\n\t0x7ffc5a9fcc91","statusTrace":"self = <test_system.test_menu.TestSMenuPage object at 0x0000021E30BD1150>, login_to_menu = <selenium.webdriver.chrome.webdriver.WebDriver (session=\"07df155f877073b281af2f47ce0fed6f\")>\n\n    @allure.story(\"模拟ctrl+i添加重复\")\n    # @pytest.mark.run(order=1)\n    def test_menu_ctrlIrepeat(self, login_to_menu):\n        driver = login_to_menu  # WebDriver 实例\n        menu = ExpressionPage(driver)  # 用 driver 初始化 ExpressionPage\n        menu.click_button('//table[@class=\"vxe-table--body\"]//tr[2]//td[2]')\n        ActionChains(driver).key_down(Keys.CONTROL).send_keys('i').key_up(Keys.CONTROL).perform()\n        ele1 = menu.get_find_element_xpath('(//table[@class=\"vxe-table--body\"]//tr[1]/td[2])[2]').get_attribute(\n            \"innerText\")\n        menu.click_button('//div[@class=\"vxe-modal--footer\"]//span[text()=\"确定\"]')\n>       message = menu.get_error_message()\n\nTests\\test_system\\test_menu.py:820: \n_ _ _ _ _ _ _ _ _ _ _ _ _ _ _ _ _ _ _ _ _ _ _ _ _ _ _ _ _ _ _ _ _ _ _ _ _ _ _ _ _ _ _ _ _ _ _ _ _ _ _ _ _ _ _ _ _ _ _ _ _ _ _ _ _ _ _ _ _ _ _ _ _ _ _ _ _ _ _ _ _ _ _ _ _ _ _ _ _ _ _ _ _ _ _ _ _ _ _ _ _ _ _ _ _ _ _ _ _ _ _ _ _ _ _ _\nPages\\systemPage\\expression_page.py:44: in get_error_message\n    message = WebDriverWait(self.driver, 10).until(\n_ _ _ _ _ _ _ _ _ _ _ _ _ _ _ _ _ _ _ _ _ _ _ _ _ _ _ _ _ _ _ _ _ _ _ _ _ _ _ _ _ _ _ _ _ _ _ _ _ _ _ _ _ _ _ _ _ _ _ _ _ _ _ _ _ _ _ _ _ _ _ _ _ _ _ _ _ _ _ _ _ _ _ _ _ _ _ _ _ _ _ _ _ _ _ _ _ _ _ _ _ _ _ _ _ _ _ _ _ _ _ _ _ _ _ _\n\nself = <selenium.webdriver.support.wait.WebDriverWait (session=\"07df155f877073b281af2f47ce0fed6f\")>, method = <function visibility_of_element_located.<locals>._predicate at 0x0000021E33274CA0>, message = ''\n\n    def until(self, method: Callable[[D], Union[Literal[False], T]], message: str = \"\") -> T:\n        \"\"\"Wait until the method returns a value that is not False.\n    \n        Calls the method provided with the driver as an argument until the\n        return value does not evaluate to ``False``.\n    \n        Parameters:\n        -----------\n        method: callable(WebDriver)\n            - A callable object that takes a WebDriver instance as an argument.\n    \n        message: str\n            - Optional message for :exc:`TimeoutException`\n    \n        Return:\n        -------\n        object: T\n            - The result of the last call to `method`\n    \n        Raises:\n        -------\n        TimeoutException\n            - If 'method' does not return a truthy value within the WebDriverWait\n            object's timeout\n    \n        Example:\n        --------\n        >>> from selenium.webdriver.common.by import By\n        >>> from selenium.webdriver.support.ui import WebDriverWait\n        >>> from selenium.webdriver.support import expected_conditions as EC\n    \n        # Wait until an element is visible on the page\n        >>> wait = WebDriverWait(driver, 10)\n        >>> element = wait.until(EC.visibility_of_element_located((By.ID, \"exampleId\")))\n        >>> print(element.text)\n        \"\"\"\n        screen = None\n        stacktrace = None\n    \n        end_time = time.monotonic() + self._timeout\n        while True:\n            try:\n                value = method(self._driver)\n                if value:\n                    return value\n            except self._ignored_exceptions as exc:\n                screen = getattr(exc, \"screen\", None)\n                stacktrace = getattr(exc, \"stacktrace\", None)\n            if time.monotonic() > end_time:\n                break\n            time.sleep(self._poll)\n>       raise TimeoutException(message, screen, stacktrace)\nE       selenium.common.exceptions.TimeoutException: Message: \nE       Stacktrace:\nE       Symbols not available. Dumping unresolved backtrace:\nE       \t0x7ff609fefe35\nE       \t0x7ff609fefe90\nE       \t0x7ff609d7139d\nE       \t0x7ff609dc9d8e\nE       \t0x7ff609dca09c\nE       \t0x7ff609e1e8d7\nE       \t0x7ff609e1b61b\nE       \t0x7ff609dbac6d\nE       \t0x7ff609dbbae3\nE       \t0x7ff60a2ba10d\nE       \t0x7ff60a2b448a\nE       \t0x7ff60a2d5157\nE       \t0x7ff60a00a81e\nE       \t0x7ff60a01262f\nE       \t0x7ff609ff9324\nE       \t0x7ff609ff94df\nE       \t0x7ff609fdee88\nE       \t0x7ffc59d27374\nE       \t0x7ffc5a9fcc91\n\nD:\\Python310\\lib\\site-packages\\selenium\\webdriver\\support\\wait.py:138: TimeoutException","steps":[],"attachments":[{"uid":"3fc1c2dca74891ec","name":"test_menu_ctrlIrepeat_20260131_051153","source":"3fc1c2dca74891ec.png","type":"image/png","size":155921},{"uid":"7313c44cf28164d8","name":"test_menu_ctrlIrepeat_20260131_051153","source":"7313c44cf28164d8.png","type":"image/png","size":155921},{"uid":"d98f5e019797d58a","name":"test_menu_ctrlIrepeat_20260131_051153","source":"d98f5e019797d58a.png","type":"image/png","size":77992},{"uid":"3e6ff4c41197ae01","name":"test_menu_ctrlIrepeat_20260131_051153","source":"3e6ff4c41197ae01.png","type":"image/png","size":257641},{"uid":"85c3d9c08a987132","name":"test_menu_ctrlIrepeat_20260131_051154","source":"85c3d9c08a987132.png","type":"image/png","size":64836},{"uid":"5373c03fbb187f2a","name":"log","source":"5373c03fbb187f2a.txt","type":"text/plain","size":1149}],"parameters":[],"attachmentsCount":6,"shouldDisplayMessage":true,"hasContent":true,"attachmentStep":false,"stepsCount":0},"afterStages":[{"name":"login_to_menu::0","time":{"start":1769808116076,"stop":1769808118303,"duration":2227},"status":"passed","steps":[],"attachments":[],"parameters":[],"attachmentsCount":0,"shouldDisplayMessage":false,"hasContent":false,"attachmentStep":false,"stepsCount":0}],"labels":[{"name":"story","value":"模拟ctrl+i添加重复"},{"name":"feature","value":"菜单组件页用例"},{"name":"parentSuite","value":"Tests.test_system"},{"name":"suite","value":"test_menu"},{"name":"subSuite","value":"TestSMenuPage"},{"name":"host","value":"DESKTOP-L7L44NB"},{"name":"thread","value":"24728-MainThread"},{"name":"framework","value":"pytest"},{"name":"language","value":"cpython3"},{"name":"package","value":"Tests.test_system.test_menu"},{"name":"resultFormat","value":"allure2"}],"parameters":[],"links":[],"hidden":false,"retry":false,"extra":{"severity":"normal","retries":[{"uid":"f2b321141428a9bb","status":"broken","statusDetails":"selenium.common.exceptions.TimeoutException: Message: \nStacktrace:\nSymbols not available. Dumping unresolved backtrace:\n\t0x7ff609fefe35\n\t0x7ff609fefe90\n\t0x7ff609d7139d\n\t0x7ff609dc9d8e\n\t0x7ff609dca09c\n\t0x7ff609e1e8d7\n\t0x7ff609e1b61b\n\t0x7ff609dbac6d\n\t0x7ff609dbbae3\n\t0x7ff60a2ba10d\n\t0x7ff60a2b448a\n\t0x7ff60a2d5157\n\t0x7ff60a00a81e\n\t0x7ff60a01262f\n\t0x7ff609ff9324\n\t0x7ff609ff94df\n\t0x7ff609fdee88\n\t0x7ffc59d27374\n\t0x7ffc5a9fcc91","time":{"start":1769807490012,"stop":1769807500483,"duration":10471}}],"categories":[{"name":"Test defects","matchedStatuses":[]}],"tags":[]},"source":"26fbcbe17f164bbc.json","parameterValues":[]}