{"uid":"27db809a50911513","name":"test_synchronize_all_psis1","fullName":"Tests.test_system.test_synchronize.TestSynchronizePage#test_synchronize_all_psis1","historyId":"a1b0dcc71785491ad4112488cb4dcfde","time":{"start":1768853711723,"stop":1768853738179,"duration":26456},"status":"broken","statusMessage":"selenium.common.exceptions.TimeoutException: Message: 点击失败，找不到元素：xpath = //div[div[text()=\"将同步数据到目的计划单元, 是否继续?\"]]/following-sibling::div//span[text()=\"确定\"]","statusTrace":"self = <Pages.systemPage.synchronize_page.SynchronizePage object at 0x000001E2FACE14E0>, by_or_element = 'xpath', value = '//div[div[text()=\"将同步数据到目的计划单元, 是否继续?\"]]/following-sibling::div//span[text()=\"确定\"]', wait_time = 10\nretries = 2\n\n    def click(self, by_or_element, value=None, wait_time=10, retries=2):\n        \"\"\"\n        更稳健的点击方法：支持定位符或 WebElement，自动处理 stale 元素、点击拦截等问题。\n        \"\"\"\n        for attempt in range(retries):\n            try:\n                if value is not None:\n                    by = by_or_element\n                    logging.info(f\"点击元素：By = {by}, Value = {value}\")\n>                   element = WebDriverWait(self.driver, wait_time).until(\n                        EC.element_to_be_clickable((by, value))\n                    )\n\nPages\\base_page.py:49: \n_ _ _ _ _ _ _ _ _ _ _ _ _ _ _ _ _ _ _ _ _ _ _ _ _ _ _ _ _ _ _ _ _ _ _ _ _ _ _ _ _ _ _ _ _ _ _ _ _ _ _ _ _ _ _ _ _ _ _ _ _ _ _ _ _ _ _ _ _ _ _ _ _ _ _ _ _ _ _ _ _ _ _ _ _ _ _ _ _ _ _ _ _ _ _ _ _ _ _ _ _ _ _ _ _ _ _ _ _ _ _ _ _ _ _ _\n\nself = <selenium.webdriver.support.wait.WebDriverWait (session=\"9f9b1deef98d6bb0645e9d82307b9080\")>, method = <function element_to_be_clickable.<locals>._predicate at 0x000001E2F902C8B0>, message = ''\n\n    def until(self, method: Callable[[D], Union[Literal[False], T]], message: str = \"\") -> T:\n        \"\"\"Wait until the method returns a value that is not False.\n    \n        Calls the method provided with the driver as an argument until the\n        return value does not evaluate to ``False``.\n    \n        Parameters:\n        -----------\n        method: callable(WebDriver)\n            - A callable object that takes a WebDriver instance as an argument.\n    \n        message: str\n            - Optional message for :exc:`TimeoutException`\n    \n        Return:\n        -------\n        object: T\n            - The result of the last call to `method`\n    \n        Raises:\n        -------\n        TimeoutException\n            - If 'method' does not return a truthy value within the WebDriverWait\n            object's timeout\n    \n        Example:\n        --------\n        >>> from selenium.webdriver.common.by import By\n        >>> from selenium.webdriver.support.ui import WebDriverWait\n        >>> from selenium.webdriver.support import expected_conditions as EC\n    \n        # Wait until an element is visible on the page\n        >>> wait = WebDriverWait(driver, 10)\n        >>> element = wait.until(EC.visibility_of_element_located((By.ID, \"exampleId\")))\n        >>> print(element.text)\n        \"\"\"\n        screen = None\n        stacktrace = None\n    \n        end_time = time.monotonic() + self._timeout\n        while True:\n            try:\n                value = method(self._driver)\n                if value:\n                    return value\n            except self._ignored_exceptions as exc:\n                screen = getattr(exc, \"screen\", None)\n                stacktrace = getattr(exc, \"stacktrace\", None)\n            if time.monotonic() > end_time:\n                break\n            time.sleep(self._poll)\n>       raise TimeoutException(message, screen, stacktrace)\nE       selenium.common.exceptions.TimeoutException: Message: \nE       Stacktrace:\nE       Symbols not available. Dumping unresolved backtrace:\nE       \t0x7ff74af1fe35\nE       \t0x7ff74af1fe90\nE       \t0x7ff74aca139d\nE       \t0x7ff74acf9d8e\nE       \t0x7ff74acfa09c\nE       \t0x7ff74ad4e8d7\nE       \t0x7ff74ad4b61b\nE       \t0x7ff74aceac6d\nE       \t0x7ff74acebae3\nE       \t0x7ff74b1ea10d\nE       \t0x7ff74b1e448a\nE       \t0x7ff74b205157\nE       \t0x7ff74af3a81e\nE       \t0x7ff74af4262f\nE       \t0x7ff74af29324\nE       \t0x7ff74af294df\nE       \t0x7ff74af0ee88\nE       \t0x7ff9e6a37374\nE       \t0x7ff9e86dcc91\n\nD:\\Python310\\lib\\site-packages\\selenium\\webdriver\\support\\wait.py:138: TimeoutException\n\nDuring handling of the above exception, another exception occurred:\n\nself = <test_system.test_synchronize.TestSynchronizePage object at 0x000001E2FAEAF1F0>, login_to_synchronize = <selenium.webdriver.chrome.webdriver.WebDriver (session=\"9f9b1deef98d6bb0645e9d82307b9080\")>\n\n    @allure.story(\"同步多个psi到一个计划单元成功\")\n    # @pytest.mark.run(order=1)\n    def test_synchronize_all_psis1(self, login_to_synchronize):\n        driver = login_to_synchronize  # WebDriver 实例\n        synchronize = SynchronizePage(driver)  # 用 driver 初始化 SynchronizePage\n        date_driver = DateDriver()\n    \n        psi_names = [\n            \"1测试psi1\",\n            \"1测试psi2\",\n        ]\n        plan_names = [\n            \"1测试计划单元标准\",\n        ]\n        synchronize.click_checkbox_value(psi_names, plan_names, \"1\")\n        synchronize.click_synchronize_button()\n>       synchronize.click_synchronize_pop(True)\n\nTests\\test_system\\test_synchronize.py:163: \n_ _ _ _ _ _ _ _ _ _ _ _ _ _ _ _ _ _ _ _ _ _ _ _ _ _ _ _ _ _ _ _ _ _ _ _ _ _ _ _ _ _ _ _ _ _ _ _ _ _ _ _ _ _ _ _ _ _ _ _ _ _ _ _ _ _ _ _ _ _ _ _ _ _ _ _ _ _ _ _ _ _ _ _ _ _ _ _ _ _ _ _ _ _ _ _ _ _ _ _ _ _ _ _ _ _ _ _ _ _ _ _ _ _ _ _\nPages\\systemPage\\synchronize_page.py:216: in click_synchronize_pop\n    self.click_button('//div[div[text()=\"将同步数据到目的计划单元, 是否继续?\"]]/following-sibling::div//span[text()=\"确定\"]')\nPages\\systemPage\\synchronize_page.py:24: in click_button\n    self.click(By.XPATH, xpath)\n_ _ _ _ _ _ _ _ _ _ _ _ _ _ _ _ _ _ _ _ _ _ _ _ _ _ _ _ _ _ _ _ _ _ _ _ _ _ _ _ _ _ _ _ _ _ _ _ _ _ _ _ _ _ _ _ _ _ _ _ _ _ _ _ _ _ _ _ _ _ _ _ _ _ _ _ _ _ _ _ _ _ _ _ _ _ _ _ _ _ _ _ _ _ _ _ _ _ _ _ _ _ _ _ _ _ _ _ _ _ _ _ _ _ _ _\n\nself = <Pages.systemPage.synchronize_page.SynchronizePage object at 0x000001E2FACE14E0>, by_or_element = 'xpath', value = '//div[div[text()=\"将同步数据到目的计划单元, 是否继续?\"]]/following-sibling::div//span[text()=\"确定\"]', wait_time = 10\nretries = 2\n\n    def click(self, by_or_element, value=None, wait_time=10, retries=2):\n        \"\"\"\n        更稳健的点击方法：支持定位符或 WebElement，自动处理 stale 元素、点击拦截等问题。\n        \"\"\"\n        for attempt in range(retries):\n            try:\n                if value is not None:\n                    by = by_or_element\n                    logging.info(f\"点击元素：By = {by}, Value = {value}\")\n                    element = WebDriverWait(self.driver, wait_time).until(\n                        EC.element_to_be_clickable((by, value))\n                    )\n                else:\n                    logging.info(\"点击元素：WebElement 对象\")\n                    element = by_or_element\n    \n                element.click()\n                logging.info(\"✅ 点击成功\")\n                return\n    \n            except ElementClickInterceptedException:\n                logging.warning(\"⚠️ 原生点击被拦截，尝试使用 JS 点击\")\n                try:\n                    self.driver.execute_script(\"arguments[0].click();\", element)\n                    logging.info(\"✅ JS 点击成功\")\n                    return\n                except Exception as js_error:\n                    logging.warning(f\"⚠️ JS 点击失败：{js_error}\")\n                    sleep(1)\n                    continue  # 下一轮重试\n    \n            except StaleElementReferenceException:\n                logging.warning(f\"⚠️ 第 {attempt + 1} 次点击失败：元素过期，尝试重新定位\")\n                sleep(1)\n                continue  # 下一轮重试时重新定位\n    \n            except TimeoutException:\n                logging.error(f\"❌ 元素未在 {wait_time} 秒内变为可点击\")\n>               raise TimeoutException(f\"点击失败，找不到元素：{by_or_element} = {value}\")\nE               selenium.common.exceptions.TimeoutException: Message: 点击失败，找不到元素：xpath = //div[div[text()=\"将同步数据到目的计划单元, 是否继续?\"]]/following-sibling::div//span[text()=\"确定\"]\n\nPages\\base_page.py:78: TimeoutException","flaky":false,"newFailed":false,"newBroken":false,"newPassed":false,"retriesCount":1,"retriesStatusChange":false,"beforeStages":[{"name":"login_to_synchronize","time":{"start":1768853567840,"stop":1768853581606,"duration":13766},"status":"passed","steps":[],"attachments":[],"parameters":[],"shouldDisplayMessage":false,"attachmentsCount":0,"attachmentStep":false,"stepsCount":0,"hasContent":false}],"testStage":{"status":"broken","statusMessage":"selenium.common.exceptions.TimeoutException: Message: 点击失败，找不到元素：xpath = //div[div[text()=\"将同步数据到目的计划单元, 是否继续?\"]]/following-sibling::div//span[text()=\"确定\"]","statusTrace":"self = <Pages.systemPage.synchronize_page.SynchronizePage object at 0x000001E2FACE14E0>, by_or_element = 'xpath', value = '//div[div[text()=\"将同步数据到目的计划单元, 是否继续?\"]]/following-sibling::div//span[text()=\"确定\"]', wait_time = 10\nretries = 2\n\n    def click(self, by_or_element, value=None, wait_time=10, retries=2):\n        \"\"\"\n        更稳健的点击方法：支持定位符或 WebElement，自动处理 stale 元素、点击拦截等问题。\n        \"\"\"\n        for attempt in range(retries):\n            try:\n                if value is not None:\n                    by = by_or_element\n                    logging.info(f\"点击元素：By = {by}, Value = {value}\")\n>                   element = WebDriverWait(self.driver, wait_time).until(\n                        EC.element_to_be_clickable((by, value))\n                    )\n\nPages\\base_page.py:49: \n_ _ _ _ _ _ _ _ _ _ _ _ _ _ _ _ _ _ _ _ _ _ _ _ _ _ _ _ _ _ _ _ _ _ _ _ _ _ _ _ _ _ _ _ _ _ _ _ _ _ _ _ _ _ _ _ _ _ _ _ _ _ _ _ _ _ _ _ _ _ _ _ _ _ _ _ _ _ _ _ _ _ _ _ _ _ _ _ _ _ _ _ _ _ _ _ _ _ _ _ _ _ _ _ _ _ _ _ _ _ _ _ _ _ _ _\n\nself = <selenium.webdriver.support.wait.WebDriverWait (session=\"9f9b1deef98d6bb0645e9d82307b9080\")>, method = <function element_to_be_clickable.<locals>._predicate at 0x000001E2F902C8B0>, message = ''\n\n    def until(self, method: Callable[[D], Union[Literal[False], T]], message: str = \"\") -> T:\n        \"\"\"Wait until the method returns a value that is not False.\n    \n        Calls the method provided with the driver as an argument until the\n        return value does not evaluate to ``False``.\n    \n        Parameters:\n        -----------\n        method: callable(WebDriver)\n            - A callable object that takes a WebDriver instance as an argument.\n    \n        message: str\n            - Optional message for :exc:`TimeoutException`\n    \n        Return:\n        -------\n        object: T\n            - The result of the last call to `method`\n    \n        Raises:\n        -------\n        TimeoutException\n            - If 'method' does not return a truthy value within the WebDriverWait\n            object's timeout\n    \n        Example:\n        --------\n        >>> from selenium.webdriver.common.by import By\n        >>> from selenium.webdriver.support.ui import WebDriverWait\n        >>> from selenium.webdriver.support import expected_conditions as EC\n    \n        # Wait until an element is visible on the page\n        >>> wait = WebDriverWait(driver, 10)\n        >>> element = wait.until(EC.visibility_of_element_located((By.ID, \"exampleId\")))\n        >>> print(element.text)\n        \"\"\"\n        screen = None\n        stacktrace = None\n    \n        end_time = time.monotonic() + self._timeout\n        while True:\n            try:\n                value = method(self._driver)\n                if value:\n                    return value\n            except self._ignored_exceptions as exc:\n                screen = getattr(exc, \"screen\", None)\n                stacktrace = getattr(exc, \"stacktrace\", None)\n            if time.monotonic() > end_time:\n                break\n            time.sleep(self._poll)\n>       raise TimeoutException(message, screen, stacktrace)\nE       selenium.common.exceptions.TimeoutException: Message: \nE       Stacktrace:\nE       Symbols not available. Dumping unresolved backtrace:\nE       \t0x7ff74af1fe35\nE       \t0x7ff74af1fe90\nE       \t0x7ff74aca139d\nE       \t0x7ff74acf9d8e\nE       \t0x7ff74acfa09c\nE       \t0x7ff74ad4e8d7\nE       \t0x7ff74ad4b61b\nE       \t0x7ff74aceac6d\nE       \t0x7ff74acebae3\nE       \t0x7ff74b1ea10d\nE       \t0x7ff74b1e448a\nE       \t0x7ff74b205157\nE       \t0x7ff74af3a81e\nE       \t0x7ff74af4262f\nE       \t0x7ff74af29324\nE       \t0x7ff74af294df\nE       \t0x7ff74af0ee88\nE       \t0x7ff9e6a37374\nE       \t0x7ff9e86dcc91\n\nD:\\Python310\\lib\\site-packages\\selenium\\webdriver\\support\\wait.py:138: TimeoutException\n\nDuring handling of the above exception, another exception occurred:\n\nself = <test_system.test_synchronize.TestSynchronizePage object at 0x000001E2FAEAF1F0>, login_to_synchronize = <selenium.webdriver.chrome.webdriver.WebDriver (session=\"9f9b1deef98d6bb0645e9d82307b9080\")>\n\n    @allure.story(\"同步多个psi到一个计划单元成功\")\n    # @pytest.mark.run(order=1)\n    def test_synchronize_all_psis1(self, login_to_synchronize):\n        driver = login_to_synchronize  # WebDriver 实例\n        synchronize = SynchronizePage(driver)  # 用 driver 初始化 SynchronizePage\n        date_driver = DateDriver()\n    \n        psi_names = [\n            \"1测试psi1\",\n            \"1测试psi2\",\n        ]\n        plan_names = [\n            \"1测试计划单元标准\",\n        ]\n        synchronize.click_checkbox_value(psi_names, plan_names, \"1\")\n        synchronize.click_synchronize_button()\n>       synchronize.click_synchronize_pop(True)\n\nTests\\test_system\\test_synchronize.py:163: \n_ _ _ _ _ _ _ _ _ _ _ _ _ _ _ _ _ _ _ _ _ _ _ _ _ _ _ _ _ _ _ _ _ _ _ _ _ _ _ _ _ _ _ _ _ _ _ _ _ _ _ _ _ _ _ _ _ _ _ _ _ _ _ _ _ _ _ _ _ _ _ _ _ _ _ _ _ _ _ _ _ _ _ _ _ _ _ _ _ _ _ _ _ _ _ _ _ _ _ _ _ _ _ _ _ _ _ _ _ _ _ _ _ _ _ _\nPages\\systemPage\\synchronize_page.py:216: in click_synchronize_pop\n    self.click_button('//div[div[text()=\"将同步数据到目的计划单元, 是否继续?\"]]/following-sibling::div//span[text()=\"确定\"]')\nPages\\systemPage\\synchronize_page.py:24: in click_button\n    self.click(By.XPATH, xpath)\n_ _ _ _ _ _ _ _ _ _ _ _ _ _ _ _ _ _ _ _ _ _ _ _ _ _ _ _ _ _ _ _ _ _ _ _ _ _ _ _ _ _ _ _ _ _ _ _ _ _ _ _ _ _ _ _ _ _ _ _ _ _ _ _ _ _ _ _ _ _ _ _ _ _ _ _ _ _ _ _ _ _ _ _ _ _ _ _ _ _ _ _ _ _ _ _ _ _ _ _ _ _ _ _ _ _ _ _ _ _ _ _ _ _ _ _\n\nself = <Pages.systemPage.synchronize_page.SynchronizePage object at 0x000001E2FACE14E0>, by_or_element = 'xpath', value = '//div[div[text()=\"将同步数据到目的计划单元, 是否继续?\"]]/following-sibling::div//span[text()=\"确定\"]', wait_time = 10\nretries = 2\n\n    def click(self, by_or_element, value=None, wait_time=10, retries=2):\n        \"\"\"\n        更稳健的点击方法：支持定位符或 WebElement，自动处理 stale 元素、点击拦截等问题。\n        \"\"\"\n        for attempt in range(retries):\n            try:\n                if value is not None:\n                    by = by_or_element\n                    logging.info(f\"点击元素：By = {by}, Value = {value}\")\n                    element = WebDriverWait(self.driver, wait_time).until(\n                        EC.element_to_be_clickable((by, value))\n                    )\n                else:\n                    logging.info(\"点击元素：WebElement 对象\")\n                    element = by_or_element\n    \n                element.click()\n                logging.info(\"✅ 点击成功\")\n                return\n    \n            except ElementClickInterceptedException:\n                logging.warning(\"⚠️ 原生点击被拦截，尝试使用 JS 点击\")\n                try:\n                    self.driver.execute_script(\"arguments[0].click();\", element)\n                    logging.info(\"✅ JS 点击成功\")\n                    return\n                except Exception as js_error:\n                    logging.warning(f\"⚠️ JS 点击失败：{js_error}\")\n                    sleep(1)\n                    continue  # 下一轮重试\n    \n            except StaleElementReferenceException:\n                logging.warning(f\"⚠️ 第 {attempt + 1} 次点击失败：元素过期，尝试重新定位\")\n                sleep(1)\n                continue  # 下一轮重试时重新定位\n    \n            except TimeoutException:\n                logging.error(f\"❌ 元素未在 {wait_time} 秒内变为可点击\")\n>               raise TimeoutException(f\"点击失败，找不到元素：{by_or_element} = {value}\")\nE               selenium.common.exceptions.TimeoutException: Message: 点击失败，找不到元素：xpath = //div[div[text()=\"将同步数据到目的计划单元, 是否继续?\"]]/following-sibling::div//span[text()=\"确定\"]\n\nPages\\base_page.py:78: TimeoutException","steps":[],"attachments":[{"uid":"bf126d62e81dd6dd","name":"test_synchronize_all_psis1_20260120_041538","source":"bf126d62e81dd6dd.png","type":"image/png","size":116691},{"uid":"71f29801d07953f8","name":"test_synchronize_all_psis1_20260120_041538","source":"71f29801d07953f8.png","type":"image/png","size":116691},{"uid":"ae8dbd37b64a6b53","name":"test_synchronize_all_psis1_20260120_041538","source":"ae8dbd37b64a6b53.png","type":"image/png","size":62936},{"uid":"1eca03b0e643b731","name":"log","source":"1eca03b0e643b731.txt","type":"text/plain","size":3131}],"parameters":[],"shouldDisplayMessage":true,"attachmentsCount":4,"attachmentStep":false,"stepsCount":0,"hasContent":true},"afterStages":[{"name":"login_to_synchronize::0","time":{"start":1768854868129,"stop":1768854870271,"duration":2142},"status":"passed","steps":[],"attachments":[],"parameters":[],"shouldDisplayMessage":false,"attachmentsCount":0,"attachmentStep":false,"stepsCount":0,"hasContent":false}],"labels":[{"name":"feature","value":"配置同步页用例"},{"name":"story","value":"同步多个psi到一个计划单元成功"},{"name":"parentSuite","value":"Tests.test_system"},{"name":"suite","value":"test_synchronize"},{"name":"subSuite","value":"TestSynchronizePage"},{"name":"host","value":"DESKTOP-L7L44NB"},{"name":"thread","value":"1124-MainThread"},{"name":"framework","value":"pytest"},{"name":"language","value":"cpython3"},{"name":"package","value":"Tests.test_system.test_synchronize"},{"name":"resultFormat","value":"allure2"}],"parameters":[],"links":[],"hidden":false,"retry":false,"extra":{"severity":"normal","retries":[{"uid":"5b97bcfbdc53d9ce","status":"broken","statusDetails":"selenium.common.exceptions.TimeoutException: Message: 点击失败，找不到元素：xpath = //div[div[text()=\"将同步数据到目的计划单元, 是否继续?\"]]/following-sibling::div//span[text()=\"确定\"]","time":{"start":1768853684825,"stop":1768853711258,"duration":26433}}],"categories":[{"name":"Test defects","matchedStatuses":[]}],"tags":[]},"source":"27db809a50911513.json","parameterValues":[]}