{"uid":"2c136252d6b0e3f","name":"test_process_delsuccess1","fullName":"Tests.test_items.test_process.TestProcessPage#test_process_delsuccess1","historyId":"094b79d95a9bf77994dbe326411ddbe7","time":{"start":1767784467405,"stop":1767784534816,"duration":67411},"status":"broken","statusMessage":"selenium.common.exceptions.TimeoutException: Message: \nStacktrace:\nSymbols not available. Dumping unresolved backtrace:\n\t0x7ff7b42cfe35\n\t0x7ff7b42cfe90\n\t0x7ff7b405139d\n\t0x7ff7b40a9d8e\n\t0x7ff7b40aa09c\n\t0x7ff7b40fe8d7\n\t0x7ff7b40fb61b\n\t0x7ff7b409ac6d\n\t0x7ff7b409bae3\n\t0x7ff7b459a10d\n\t0x7ff7b459448a\n\t0x7ff7b45b5157\n\t0x7ff7b42ea81e\n\t0x7ff7b42f262f\n\t0x7ff7b42d9324\n\t0x7ff7b42d94df\n\t0x7ff7b42bee88\n\t0x7ff9e6a37374\n\t0x7ff9e86dcc91","statusTrace":"self = <test_items.test_process.TestProcessPage object at 0x000001A2943CA6B0>, login_to_process = <selenium.webdriver.chrome.webdriver.WebDriver (session=\"263ca1e6b656305a7c62188a09164f52\")>\n\n    @allure.story(\"删除测试数据成功，删除布局\")\n    # @pytest.mark.run(order=1)\n    def test_process_delsuccess1(self, login_to_process):\n        driver = login_to_process  # WebDriver 实例\n        process = ProcessPage(driver)  # 用 driver 初始化 ProcessPage\n        layout = \"测试布局A\"\n    \n        value = ['111', '11测试全部数据', '1测试A', '111111111111111133331122221111222221111111113333111111144444111111111111111111111111111111111111111111111111']\n        process.del_all(value, '//p[text()=\"工序代码\"]/ancestor::div[2]//input')\n        itemdata = [\n            driver.find_elements(By.XPATH, f'//tr[./td[2][.//span[text()=\"{v}\"]]]/td[2]')\n            for v in value[:4]\n        ]\n>       process.del_layout(layout)\n\nTests\\test_items\\test_process.py:1043: \n_ _ _ _ _ _ _ _ _ _ _ _ _ _ _ _ _ _ _ _ _ _ _ _ _ _ _ _ _ _ _ _ _ _ _ _ _ _ _ _ _ _ _ _ _ _ _ _ _ _ _ _ _ _ _ _ _ _ _ _ _ _ _ _ _ _ _ _ _ _ _ _ _ _ _ _ _ _ _ _ _ _ _ _ _ _ _ _ _ _ _ _ _ _ _ _ _ _ _ _ _ _ _ _ _ _ _ _ _ _ _ _ _ _ _ _\nPages\\itemsPage\\process_page.py:184: in del_layout\n    target_div = self.get_find_element_xpath(\nPages\\itemsPage\\process_page.py:48: in get_find_element_xpath\n    return self.find_element(By.XPATH, xpath)\nPages\\base_page.py:28: in find_element\n    return WebDriverWait(self.driver, wait_time).until(\n_ _ _ _ _ _ _ _ _ _ _ _ _ _ _ _ _ _ _ _ _ _ _ _ _ _ _ _ _ _ _ _ _ _ _ _ _ _ _ _ _ _ _ _ _ _ _ _ _ _ _ _ _ _ _ _ _ _ _ _ _ _ _ _ _ _ _ _ _ _ _ _ _ _ _ _ _ _ _ _ _ _ _ _ _ _ _ _ _ _ _ _ _ _ _ _ _ _ _ _ _ _ _ _ _ _ _ _ _ _ _ _ _ _ _ _\n\nself = <selenium.webdriver.support.wait.WebDriverWait (session=\"263ca1e6b656305a7c62188a09164f52\")>, method = <function presence_of_element_located.<locals>._predicate at 0x000001A294DFDB40>, message = ''\n\n    def until(self, method: Callable[[D], Union[Literal[False], T]], message: str = \"\") -> T:\n        \"\"\"Wait until the method returns a value that is not False.\n    \n        Calls the method provided with the driver as an argument until the\n        return value does not evaluate to ``False``.\n    \n        Parameters:\n        -----------\n        method: callable(WebDriver)\n            - A callable object that takes a WebDriver instance as an argument.\n    \n        message: str\n            - Optional message for :exc:`TimeoutException`\n    \n        Return:\n        -------\n        object: T\n            - The result of the last call to `method`\n    \n        Raises:\n        -------\n        TimeoutException\n            - If 'method' does not return a truthy value within the WebDriverWait\n            object's timeout\n    \n        Example:\n        --------\n        >>> from selenium.webdriver.common.by import By\n        >>> from selenium.webdriver.support.ui import WebDriverWait\n        >>> from selenium.webdriver.support import expected_conditions as EC\n    \n        # Wait until an element is visible on the page\n        >>> wait = WebDriverWait(driver, 10)\n        >>> element = wait.until(EC.visibility_of_element_located((By.ID, \"exampleId\")))\n        >>> print(element.text)\n        \"\"\"\n        screen = None\n        stacktrace = None\n    \n        end_time = time.monotonic() + self._timeout\n        while True:\n            try:\n                value = method(self._driver)\n                if value:\n                    return value\n            except self._ignored_exceptions as exc:\n                screen = getattr(exc, \"screen\", None)\n                stacktrace = getattr(exc, \"stacktrace\", None)\n            if time.monotonic() > end_time:\n                break\n            time.sleep(self._poll)\n>       raise TimeoutException(message, screen, stacktrace)\nE       selenium.common.exceptions.TimeoutException: Message: \nE       Stacktrace:\nE       Symbols not available. Dumping unresolved backtrace:\nE       \t0x7ff7b42cfe35\nE       \t0x7ff7b42cfe90\nE       \t0x7ff7b405139d\nE       \t0x7ff7b40a9d8e\nE       \t0x7ff7b40aa09c\nE       \t0x7ff7b40fe8d7\nE       \t0x7ff7b40fb61b\nE       \t0x7ff7b409ac6d\nE       \t0x7ff7b409bae3\nE       \t0x7ff7b459a10d\nE       \t0x7ff7b459448a\nE       \t0x7ff7b45b5157\nE       \t0x7ff7b42ea81e\nE       \t0x7ff7b42f262f\nE       \t0x7ff7b42d9324\nE       \t0x7ff7b42d94df\nE       \t0x7ff7b42bee88\nE       \t0x7ff9e6a37374\nE       \t0x7ff9e86dcc91\n\nD:\\Python310\\lib\\site-packages\\selenium\\webdriver\\support\\wait.py:138: TimeoutException","flaky":false,"newFailed":false,"newBroken":false,"newPassed":false,"retriesCount":1,"retriesStatusChange":true,"beforeStages":[{"name":"login_to_process","time":{"start":1767784063628,"stop":1767784081421,"duration":17793},"status":"passed","steps":[],"attachments":[],"parameters":[],"shouldDisplayMessage":false,"attachmentsCount":0,"stepsCount":0,"hasContent":false,"attachmentStep":false}],"testStage":{"status":"broken","statusMessage":"selenium.common.exceptions.TimeoutException: Message: \nStacktrace:\nSymbols not available. Dumping unresolved backtrace:\n\t0x7ff7b42cfe35\n\t0x7ff7b42cfe90\n\t0x7ff7b405139d\n\t0x7ff7b40a9d8e\n\t0x7ff7b40aa09c\n\t0x7ff7b40fe8d7\n\t0x7ff7b40fb61b\n\t0x7ff7b409ac6d\n\t0x7ff7b409bae3\n\t0x7ff7b459a10d\n\t0x7ff7b459448a\n\t0x7ff7b45b5157\n\t0x7ff7b42ea81e\n\t0x7ff7b42f262f\n\t0x7ff7b42d9324\n\t0x7ff7b42d94df\n\t0x7ff7b42bee88\n\t0x7ff9e6a37374\n\t0x7ff9e86dcc91","statusTrace":"self = <test_items.test_process.TestProcessPage object at 0x000001A2943CA6B0>, login_to_process = <selenium.webdriver.chrome.webdriver.WebDriver (session=\"263ca1e6b656305a7c62188a09164f52\")>\n\n    @allure.story(\"删除测试数据成功，删除布局\")\n    # @pytest.mark.run(order=1)\n    def test_process_delsuccess1(self, login_to_process):\n        driver = login_to_process  # WebDriver 实例\n        process = ProcessPage(driver)  # 用 driver 初始化 ProcessPage\n        layout = \"测试布局A\"\n    \n        value = ['111', '11测试全部数据', '1测试A', '111111111111111133331122221111222221111111113333111111144444111111111111111111111111111111111111111111111111']\n        process.del_all(value, '//p[text()=\"工序代码\"]/ancestor::div[2]//input')\n        itemdata = [\n            driver.find_elements(By.XPATH, f'//tr[./td[2][.//span[text()=\"{v}\"]]]/td[2]')\n            for v in value[:4]\n        ]\n>       process.del_layout(layout)\n\nTests\\test_items\\test_process.py:1043: \n_ _ _ _ _ _ _ _ _ _ _ _ _ _ _ _ _ _ _ _ _ _ _ _ _ _ _ _ _ _ _ _ _ _ _ _ _ _ _ _ _ _ _ _ _ _ _ _ _ _ _ _ _ _ _ _ _ _ _ _ _ _ _ _ _ _ _ _ _ _ _ _ _ _ _ _ _ _ _ _ _ _ _ _ _ _ _ _ _ _ _ _ _ _ _ _ _ _ _ _ _ _ _ _ _ _ _ _ _ _ _ _ _ _ _ _\nPages\\itemsPage\\process_page.py:184: in del_layout\n    target_div = self.get_find_element_xpath(\nPages\\itemsPage\\process_page.py:48: in get_find_element_xpath\n    return self.find_element(By.XPATH, xpath)\nPages\\base_page.py:28: in find_element\n    return WebDriverWait(self.driver, wait_time).until(\n_ _ _ _ _ _ _ _ _ _ _ _ _ _ _ _ _ _ _ _ _ _ _ _ _ _ _ _ _ _ _ _ _ _ _ _ _ _ _ _ _ _ _ _ _ _ _ _ _ _ _ _ _ _ _ _ _ _ _ _ _ _ _ _ _ _ _ _ _ _ _ _ _ _ _ _ _ _ _ _ _ _ _ _ _ _ _ _ _ _ _ _ _ _ _ _ _ _ _ _ _ _ _ _ _ _ _ _ _ _ _ _ _ _ _ _\n\nself = <selenium.webdriver.support.wait.WebDriverWait (session=\"263ca1e6b656305a7c62188a09164f52\")>, method = <function presence_of_element_located.<locals>._predicate at 0x000001A294DFDB40>, message = ''\n\n    def until(self, method: Callable[[D], Union[Literal[False], T]], message: str = \"\") -> T:\n        \"\"\"Wait until the method returns a value that is not False.\n    \n        Calls the method provided with the driver as an argument until the\n        return value does not evaluate to ``False``.\n    \n        Parameters:\n        -----------\n        method: callable(WebDriver)\n            - A callable object that takes a WebDriver instance as an argument.\n    \n        message: str\n            - Optional message for :exc:`TimeoutException`\n    \n        Return:\n        -------\n        object: T\n            - The result of the last call to `method`\n    \n        Raises:\n        -------\n        TimeoutException\n            - If 'method' does not return a truthy value within the WebDriverWait\n            object's timeout\n    \n        Example:\n        --------\n        >>> from selenium.webdriver.common.by import By\n        >>> from selenium.webdriver.support.ui import WebDriverWait\n        >>> from selenium.webdriver.support import expected_conditions as EC\n    \n        # Wait until an element is visible on the page\n        >>> wait = WebDriverWait(driver, 10)\n        >>> element = wait.until(EC.visibility_of_element_located((By.ID, \"exampleId\")))\n        >>> print(element.text)\n        \"\"\"\n        screen = None\n        stacktrace = None\n    \n        end_time = time.monotonic() + self._timeout\n        while True:\n            try:\n                value = method(self._driver)\n                if value:\n                    return value\n            except self._ignored_exceptions as exc:\n                screen = getattr(exc, \"screen\", None)\n                stacktrace = getattr(exc, \"stacktrace\", None)\n            if time.monotonic() > end_time:\n                break\n            time.sleep(self._poll)\n>       raise TimeoutException(message, screen, stacktrace)\nE       selenium.common.exceptions.TimeoutException: Message: \nE       Stacktrace:\nE       Symbols not available. Dumping unresolved backtrace:\nE       \t0x7ff7b42cfe35\nE       \t0x7ff7b42cfe90\nE       \t0x7ff7b405139d\nE       \t0x7ff7b40a9d8e\nE       \t0x7ff7b40aa09c\nE       \t0x7ff7b40fe8d7\nE       \t0x7ff7b40fb61b\nE       \t0x7ff7b409ac6d\nE       \t0x7ff7b409bae3\nE       \t0x7ff7b459a10d\nE       \t0x7ff7b459448a\nE       \t0x7ff7b45b5157\nE       \t0x7ff7b42ea81e\nE       \t0x7ff7b42f262f\nE       \t0x7ff7b42d9324\nE       \t0x7ff7b42d94df\nE       \t0x7ff7b42bee88\nE       \t0x7ff9e6a37374\nE       \t0x7ff9e86dcc91\n\nD:\\Python310\\lib\\site-packages\\selenium\\webdriver\\support\\wait.py:138: TimeoutException","steps":[],"attachments":[{"uid":"c1344ae1aed5fed","name":"test_process_delsuccess1_20260107_191534","source":"c1344ae1aed5fed.png","type":"image/png","size":49734},{"uid":"e0fd3082009ad788","name":"log","source":"e0fd3082009ad788.txt","type":"text/plain","size":6655}],"parameters":[],"shouldDisplayMessage":true,"attachmentsCount":2,"stepsCount":0,"hasContent":true,"attachmentStep":false},"afterStages":[{"name":"login_to_process::0","time":{"start":1767784534973,"stop":1767784537122,"duration":2149},"status":"passed","steps":[],"attachments":[],"parameters":[],"shouldDisplayMessage":false,"attachmentsCount":0,"stepsCount":0,"hasContent":false,"attachmentStep":false}],"labels":[{"name":"feature","value":"工序表测试用例"},{"name":"story","value":"删除测试数据成功，删除布局"},{"name":"parentSuite","value":"Tests.test_items"},{"name":"suite","value":"test_process"},{"name":"subSuite","value":"TestProcessPage"},{"name":"host","value":"DESKTOP-L7L44NB"},{"name":"thread","value":"16416-MainThread"},{"name":"framework","value":"pytest"},{"name":"language","value":"cpython3"},{"name":"package","value":"Tests.test_items.test_process"},{"name":"resultFormat","value":"allure2"}],"parameters":[],"links":[],"hidden":false,"retry":false,"extra":{"severity":"normal","retries":[{"uid":"cd8b9bea86852ebb","status":"failed","statusDetails":"AssertionError: assert False\n +  where False = all(<generator object TestProcessPage.test_process_delsuccess1.<locals>.<genexpr> at 0x000001A294F1D9A0>)","time":{"start":1767784400298,"stop":1767784467254,"duration":66956}}],"categories":[{"name":"Test defects","matchedStatuses":[]}],"tags":[]},"source":"2c136252d6b0e3f.json","parameterValues":[]}