{"uid":"2ce310927f1c3ce8","name":"test_inTransitInventory_selectcodesuccess","fullName":"Tests.test_material.test_inTransitInventory.TestItemPage#test_inTransitInventory_selectcodesuccess","historyId":"1c5c474109889f9a77ce58f441b4bb49","time":{"start":1768239356160,"stop":1768239356160,"duration":0},"status":"broken","statusMessage":"selenium.common.exceptions.TimeoutException: Message: \nStacktrace:\nSymbols not available. Dumping unresolved backtrace:\n\t0x7ff66d2efe35\n\t0x7ff66d2efe90\n\t0x7ff66d07139d\n\t0x7ff66d0c9d8e\n\t0x7ff66d0ca09c\n\t0x7ff66d11e8d7\n\t0x7ff66d11b61b\n\t0x7ff66d0bac6d\n\t0x7ff66d0bbae3\n\t0x7ff66d5ba10d\n\t0x7ff66d5b448a\n\t0x7ff66d5d5157\n\t0x7ff66d30a81e\n\t0x7ff66d31262f\n\t0x7ff66d2f9324\n\t0x7ff66d2f94df\n\t0x7ff66d2dee88\n\t0x7ff9e6a37374\n\t0x7ff9e86dcc91","statusTrace":"@pytest.fixture  # (scope=\"class\")这个参数表示整个测试类共用同一个浏览器，默认一个用例执行一次\n    def login_to_item():\n        \"\"\"初始化并返回 driver\"\"\"\n        driver_path = DateDriver().driver_path\n        driver = create_driver(driver_path)\n        driver.implicitly_wait(3)\n    \n        # 初始化登录页面\n        page = LoginPage(driver)  # 初始化登录页面\n        page.navigate_to(DateDriver().url)  # 导航到登录页面\n>       page.login(DateDriver().username, DateDriver().password, DateDriver().planning)\n\nTests\\test_material\\test_inTransitInventory.py:30: \n_ _ _ _ _ _ _ _ _ _ _ _ _ _ _ _ _ _ _ _ _ _ _ _ _ _ _ _ _ _ _ _ _ _ _ _ _ _ _ _ _ _ _ _ _ _ _ _ _ _ _ _ _ _ _ _ _ _ _ _ _ _ _ _ _ _ _ _ _ _ _ _ _ _ _ _ _ _ _ _ _ _ _ _ _ _ _ _ _ _ _ _ _ _ _ _ _ _ _ _ _ _ _ _ _ _ _ _ _ _ _ _ _ _ _ _\nPages\\itemsPage\\login_page.py:38: in login\n    self.enter_username(username)\nPages\\itemsPage\\login_page.py:17: in enter_username\n    self.enter_text(By.XPATH, '//input[@placeholder=\"请输入账户\"]', username)\nPages\\base_page.py:90: in enter_text\n    element = WebDriverWait(self.driver, wait_time).until(\n_ _ _ _ _ _ _ _ _ _ _ _ _ _ _ _ _ _ _ _ _ _ _ _ _ _ _ _ _ _ _ _ _ _ _ _ _ _ _ _ _ _ _ _ _ _ _ _ _ _ _ _ _ _ _ _ _ _ _ _ _ _ _ _ _ _ _ _ _ _ _ _ _ _ _ _ _ _ _ _ _ _ _ _ _ _ _ _ _ _ _ _ _ _ _ _ _ _ _ _ _ _ _ _ _ _ _ _ _ _ _ _ _ _ _ _\n\nself = <selenium.webdriver.support.wait.WebDriverWait (session=\"df73169f3b58a051351acc22dc03dab4\")>, method = <function visibility_of_element_located.<locals>._predicate at 0x000001F2238171C0>, message = ''\n\n    def until(self, method: Callable[[D], Union[Literal[False], T]], message: str = \"\") -> T:\n        \"\"\"Wait until the method returns a value that is not False.\n    \n        Calls the method provided with the driver as an argument until the\n        return value does not evaluate to ``False``.\n    \n        Parameters:\n        -----------\n        method: callable(WebDriver)\n            - A callable object that takes a WebDriver instance as an argument.\n    \n        message: str\n            - Optional message for :exc:`TimeoutException`\n    \n        Return:\n        -------\n        object: T\n            - The result of the last call to `method`\n    \n        Raises:\n        -------\n        TimeoutException\n            - If 'method' does not return a truthy value within the WebDriverWait\n            object's timeout\n    \n        Example:\n        --------\n        >>> from selenium.webdriver.common.by import By\n        >>> from selenium.webdriver.support.ui import WebDriverWait\n        >>> from selenium.webdriver.support import expected_conditions as EC\n    \n        # Wait until an element is visible on the page\n        >>> wait = WebDriverWait(driver, 10)\n        >>> element = wait.until(EC.visibility_of_element_located((By.ID, \"exampleId\")))\n        >>> print(element.text)\n        \"\"\"\n        screen = None\n        stacktrace = None\n    \n        end_time = time.monotonic() + self._timeout\n        while True:\n            try:\n                value = method(self._driver)\n                if value:\n                    return value\n            except self._ignored_exceptions as exc:\n                screen = getattr(exc, \"screen\", None)\n                stacktrace = getattr(exc, \"stacktrace\", None)\n            if time.monotonic() > end_time:\n                break\n            time.sleep(self._poll)\n>       raise TimeoutException(message, screen, stacktrace)\nE       selenium.common.exceptions.TimeoutException: Message: \nE       Stacktrace:\nE       Symbols not available. Dumping unresolved backtrace:\nE       \t0x7ff66d2efe35\nE       \t0x7ff66d2efe90\nE       \t0x7ff66d07139d\nE       \t0x7ff66d0c9d8e\nE       \t0x7ff66d0ca09c\nE       \t0x7ff66d11e8d7\nE       \t0x7ff66d11b61b\nE       \t0x7ff66d0bac6d\nE       \t0x7ff66d0bbae3\nE       \t0x7ff66d5ba10d\nE       \t0x7ff66d5b448a\nE       \t0x7ff66d5d5157\nE       \t0x7ff66d30a81e\nE       \t0x7ff66d31262f\nE       \t0x7ff66d2f9324\nE       \t0x7ff66d2f94df\nE       \t0x7ff66d2dee88\nE       \t0x7ff9e6a37374\nE       \t0x7ff9e86dcc91\n\nD:\\Python310\\lib\\site-packages\\selenium\\webdriver\\support\\wait.py:138: TimeoutException","flaky":false,"newFailed":false,"newBroken":false,"newPassed":false,"retriesCount":0,"retriesStatusChange":false,"beforeStages":[{"name":"login_to_item","time":{"start":1768239356161,"stop":1768239371898,"duration":15737},"status":"broken","statusMessage":"selenium.common.exceptions.TimeoutException: Message: \nStacktrace:\nSymbols not available. Dumping unresolved backtrace:\n\t0x7ff66d2efe35\n\t0x7ff66d2efe90\n\t0x7ff66d07139d\n\t0x7ff66d0c9d8e\n\t0x7ff66d0ca09c\n\t0x7ff66d11e8d7\n\t0x7ff66d11b61b\n\t0x7ff66d0bac6d\n\t0x7ff66d0bbae3\n\t0x7ff66d5ba10d\n\t0x7ff66d5b448a\n\t0x7ff66d5d5157\n\t0x7ff66d30a81e\n\t0x7ff66d31262f\n\t0x7ff66d2f9324\n\t0x7ff66d2f94df\n\t0x7ff66d2dee88\n\t0x7ff9e6a37374\n\t0x7ff9e86dcc91\n\n","statusTrace":"  File \"D:\\Python310\\lib\\site-packages\\pluggy\\_callers.py\", line 38, in run_old_style_hookwrapper\n    res = yield\n  File \"D:\\Python310\\lib\\site-packages\\pluggy\\_callers.py\", line 139, in _multicall\n    teardown.throw(exception)\n  File \"D:\\Python310\\lib\\site-packages\\pluggy\\_callers.py\", line 53, in run_old_style_hookwrapper\n    return result.get_result()\n  File \"D:\\Python310\\lib\\site-packages\\pluggy\\_result.py\", line 103, in get_result\n    raise exc.with_traceback(tb)\n  File \"D:\\Python310\\lib\\site-packages\\pluggy\\_callers.py\", line 38, in run_old_style_hookwrapper\n    res = yield\n  File \"D:\\Python310\\lib\\site-packages\\pluggy\\_callers.py\", line 139, in _multicall\n    teardown.throw(exception)\n  File \"D:\\Python310\\lib\\site-packages\\_pytest\\setuponly.py\", line 36, in pytest_fixture_setup\n    return (yield)\n  File \"D:\\Python310\\lib\\site-packages\\pluggy\\_callers.py\", line 121, in _multicall\n    res = hook_impl.function(*args)\n  File \"D:\\Python310\\lib\\site-packages\\_pytest\\fixtures.py\", line 1195, in pytest_fixture_setup\n    result = call_fixture_func(fixturefunc, request, kwargs)\n  File \"D:\\Python310\\lib\\site-packages\\_pytest\\fixtures.py\", line 922, in call_fixture_func\n    fixture_result = next(generator)\n  File \"D:\\PycharmProjects\\APS\\Tests\\test_material\\test_inTransitInventory.py\", line 30, in login_to_item\n    page.login(DateDriver().username, DateDriver().password, DateDriver().planning)\n  File \"D:\\PycharmProjects\\APS\\Pages\\itemsPage\\login_page.py\", line 38, in login\n    self.enter_username(username)\n  File \"D:\\PycharmProjects\\APS\\Pages\\itemsPage\\login_page.py\", line 17, in enter_username\n    self.enter_text(By.XPATH, '//input[@placeholder=\"请输入账户\"]', username)\n  File \"D:\\PycharmProjects\\APS\\Pages\\base_page.py\", line 90, in enter_text\n    element = WebDriverWait(self.driver, wait_time).until(\n  File \"D:\\Python310\\lib\\site-packages\\selenium\\webdriver\\support\\wait.py\", line 138, in until\n    raise TimeoutException(message, screen, stacktrace)\n","steps":[],"attachments":[{"uid":"c9572e1a168edd71","name":"Tests_test_material_test_inTransitInventory.py__TestItemPage__test_inTransitInventory_selectcodesuccess_20260113_013610","source":"c9572e1a168edd71.png","type":"image/png","size":8071},{"uid":"de67bc1a0ce04610","name":"Tests_test_material_test_inTransitInventory.py__TestItemPage__test_inTransitInventory_selectcodesuccess_20260113_013610","source":"de67bc1a0ce04610.png","type":"image/png","size":19252},{"uid":"a17fb64ec4c1e193","name":"Tests_test_material_test_inTransitInventory.py__TestItemPage__test_inTransitInventory_selectcodesuccess_20260113_013611","source":"a17fb64ec4c1e193.png","type":"image/png","size":19252},{"uid":"ccd0b860149b7f8f","name":"Tests_test_material_test_inTransitInventory.py__TestItemPage__test_inTransitInventory_selectcodesuccess_20260113_013611","source":"ccd0b860149b7f8f.png","type":"image/png","size":19252},{"uid":"2e43e2280862e343","name":"Tests_test_material_test_inTransitInventory.py__TestItemPage__test_inTransitInventory_selectcodesuccess_20260113_013611","source":"2e43e2280862e343.png","type":"image/png","size":19252},{"uid":"8646cec315c0c67c","name":"Tests_test_material_test_inTransitInventory.py__TestItemPage__test_inTransitInventory_selectcodesuccess_20260113_013611","source":"8646cec315c0c67c.png","type":"image/png","size":19252},{"uid":"611016d05746f2e4","name":"Tests_test_material_test_inTransitInventory.py__TestItemPage__test_inTransitInventory_selectcodesuccess_20260113_013611","source":"611016d05746f2e4.png","type":"image/png","size":19252},{"uid":"3883cd0fa3ed66f3","name":"Tests_test_material_test_inTransitInventory.py__TestItemPage__test_inTransitInventory_selectcodesuccess_20260113_013611","source":"3883cd0fa3ed66f3.png","type":"image/png","size":25727},{"uid":"6f238b4f16896424","name":"Tests_test_material_test_inTransitInventory.py__TestItemPage__test_inTransitInventory_selectcodesuccess_20260113_013611","source":"6f238b4f16896424.png","type":"image/png","size":19252}],"parameters":[],"hasContent":true,"stepsCount":0,"attachmentStep":false,"shouldDisplayMessage":true,"attachmentsCount":9},{"name":"setup","time":{"start":1768239391172,"stop":1768239391203,"duration":31},"status":"passed","steps":[],"attachments":[],"parameters":[],"hasContent":false,"stepsCount":0,"attachmentStep":false,"shouldDisplayMessage":false,"attachmentsCount":0}],"testStage":{"status":"broken","statusMessage":"selenium.common.exceptions.TimeoutException: Message: \nStacktrace:\nSymbols not available. Dumping unresolved backtrace:\n\t0x7ff66d2efe35\n\t0x7ff66d2efe90\n\t0x7ff66d07139d\n\t0x7ff66d0c9d8e\n\t0x7ff66d0ca09c\n\t0x7ff66d11e8d7\n\t0x7ff66d11b61b\n\t0x7ff66d0bac6d\n\t0x7ff66d0bbae3\n\t0x7ff66d5ba10d\n\t0x7ff66d5b448a\n\t0x7ff66d5d5157\n\t0x7ff66d30a81e\n\t0x7ff66d31262f\n\t0x7ff66d2f9324\n\t0x7ff66d2f94df\n\t0x7ff66d2dee88\n\t0x7ff9e6a37374\n\t0x7ff9e86dcc91","statusTrace":"@pytest.fixture  # (scope=\"class\")这个参数表示整个测试类共用同一个浏览器，默认一个用例执行一次\n    def login_to_item():\n        \"\"\"初始化并返回 driver\"\"\"\n        driver_path = DateDriver().driver_path\n        driver = create_driver(driver_path)\n        driver.implicitly_wait(3)\n    \n        # 初始化登录页面\n        page = LoginPage(driver)  # 初始化登录页面\n        page.navigate_to(DateDriver().url)  # 导航到登录页面\n>       page.login(DateDriver().username, DateDriver().password, DateDriver().planning)\n\nTests\\test_material\\test_inTransitInventory.py:30: \n_ _ _ _ _ _ _ _ _ _ _ _ _ _ _ _ _ _ _ _ _ _ _ _ _ _ _ _ _ _ _ _ _ _ _ _ _ _ _ _ _ _ _ _ _ _ _ _ _ _ _ _ _ _ _ _ _ _ _ _ _ _ _ _ _ _ _ _ _ _ _ _ _ _ _ _ _ _ _ _ _ _ _ _ _ _ _ _ _ _ _ _ _ _ _ _ _ _ _ _ _ _ _ _ _ _ _ _ _ _ _ _ _ _ _ _\nPages\\itemsPage\\login_page.py:38: in login\n    self.enter_username(username)\nPages\\itemsPage\\login_page.py:17: in enter_username\n    self.enter_text(By.XPATH, '//input[@placeholder=\"请输入账户\"]', username)\nPages\\base_page.py:90: in enter_text\n    element = WebDriverWait(self.driver, wait_time).until(\n_ _ _ _ _ _ _ _ _ _ _ _ _ _ _ _ _ _ _ _ _ _ _ _ _ _ _ _ _ _ _ _ _ _ _ _ _ _ _ _ _ _ _ _ _ _ _ _ _ _ _ _ _ _ _ _ _ _ _ _ _ _ _ _ _ _ _ _ _ _ _ _ _ _ _ _ _ _ _ _ _ _ _ _ _ _ _ _ _ _ _ _ _ _ _ _ _ _ _ _ _ _ _ _ _ _ _ _ _ _ _ _ _ _ _ _\n\nself = <selenium.webdriver.support.wait.WebDriverWait (session=\"df73169f3b58a051351acc22dc03dab4\")>, method = <function visibility_of_element_located.<locals>._predicate at 0x000001F2238171C0>, message = ''\n\n    def until(self, method: Callable[[D], Union[Literal[False], T]], message: str = \"\") -> T:\n        \"\"\"Wait until the method returns a value that is not False.\n    \n        Calls the method provided with the driver as an argument until the\n        return value does not evaluate to ``False``.\n    \n        Parameters:\n        -----------\n        method: callable(WebDriver)\n            - A callable object that takes a WebDriver instance as an argument.\n    \n        message: str\n            - Optional message for :exc:`TimeoutException`\n    \n        Return:\n        -------\n        object: T\n            - The result of the last call to `method`\n    \n        Raises:\n        -------\n        TimeoutException\n            - If 'method' does not return a truthy value within the WebDriverWait\n            object's timeout\n    \n        Example:\n        --------\n        >>> from selenium.webdriver.common.by import By\n        >>> from selenium.webdriver.support.ui import WebDriverWait\n        >>> from selenium.webdriver.support import expected_conditions as EC\n    \n        # Wait until an element is visible on the page\n        >>> wait = WebDriverWait(driver, 10)\n        >>> element = wait.until(EC.visibility_of_element_located((By.ID, \"exampleId\")))\n        >>> print(element.text)\n        \"\"\"\n        screen = None\n        stacktrace = None\n    \n        end_time = time.monotonic() + self._timeout\n        while True:\n            try:\n                value = method(self._driver)\n                if value:\n                    return value\n            except self._ignored_exceptions as exc:\n                screen = getattr(exc, \"screen\", None)\n                stacktrace = getattr(exc, \"stacktrace\", None)\n            if time.monotonic() > end_time:\n                break\n            time.sleep(self._poll)\n>       raise TimeoutException(message, screen, stacktrace)\nE       selenium.common.exceptions.TimeoutException: Message: \nE       Stacktrace:\nE       Symbols not available. Dumping unresolved backtrace:\nE       \t0x7ff66d2efe35\nE       \t0x7ff66d2efe90\nE       \t0x7ff66d07139d\nE       \t0x7ff66d0c9d8e\nE       \t0x7ff66d0ca09c\nE       \t0x7ff66d11e8d7\nE       \t0x7ff66d11b61b\nE       \t0x7ff66d0bac6d\nE       \t0x7ff66d0bbae3\nE       \t0x7ff66d5ba10d\nE       \t0x7ff66d5b448a\nE       \t0x7ff66d5d5157\nE       \t0x7ff66d30a81e\nE       \t0x7ff66d31262f\nE       \t0x7ff66d2f9324\nE       \t0x7ff66d2f94df\nE       \t0x7ff66d2dee88\nE       \t0x7ff9e6a37374\nE       \t0x7ff9e86dcc91\n\nD:\\Python310\\lib\\site-packages\\selenium\\webdriver\\support\\wait.py:138: TimeoutException","steps":[],"attachments":[{"uid":"4e1d3541d295cd97","name":"test_inTransitInventory_selectcodesuccess_20260113_013611","source":"4e1d3541d295cd97.png","type":"image/png","size":8083},{"uid":"7dc708e472cd725e","name":"test_inTransitInventory_selectcodesuccess_20260113_013612","source":"7dc708e472cd725e.png","type":"image/png","size":19252},{"uid":"1be43e030135ac0","name":"test_inTransitInventory_selectcodesuccess_20260113_013612","source":"1be43e030135ac0.png","type":"image/png","size":19252},{"uid":"e959f2f431c71729","name":"test_inTransitInventory_selectcodesuccess_20260113_013612","source":"e959f2f431c71729.png","type":"image/png","size":19252},{"uid":"d73e77ad862b0c2","name":"test_inTransitInventory_selectcodesuccess_20260113_013612","source":"d73e77ad862b0c2.png","type":"image/png","size":19252},{"uid":"5f7425b20b761b50","name":"test_inTransitInventory_selectcodesuccess_20260113_013612","source":"5f7425b20b761b50.png","type":"image/png","size":19252},{"uid":"c964e68350cfb988","name":"test_inTransitInventory_selectcodesuccess_20260113_013612","source":"c964e68350cfb988.png","type":"image/png","size":19252},{"uid":"6eb690e830c1c8b9","name":"test_inTransitInventory_selectcodesuccess_20260113_013612","source":"6eb690e830c1c8b9.png","type":"image/png","size":25727},{"uid":"87d5d9c3d8ebdfeb","name":"test_inTransitInventory_selectcodesuccess_20260113_013612","source":"87d5d9c3d8ebdfeb.png","type":"image/png","size":19252},{"uid":"5b3e2898fe267ae4","name":"log","source":"5b3e2898fe267ae4.txt","type":"text/plain","size":9734}],"parameters":[],"hasContent":true,"stepsCount":0,"attachmentStep":false,"shouldDisplayMessage":true,"attachmentsCount":10},"afterStages":[],"labels":[{"name":"story","value":"查询物料员代码成功"},{"name":"feature","value":"在途库存测试用例"},{"name":"parentSuite","value":"Tests.test_material"},{"name":"suite","value":"test_inTransitInventory"},{"name":"subSuite","value":"TestItemPage"},{"name":"host","value":"DESKTOP-L7L44NB"},{"name":"thread","value":"11696-MainThread"},{"name":"framework","value":"pytest"},{"name":"language","value":"cpython3"},{"name":"package","value":"Tests.test_material.test_inTransitInventory"},{"name":"resultFormat","value":"allure2"}],"parameters":[],"links":[],"hidden":true,"retry":true,"extra":{"categories":[],"tags":[]},"source":"2ce310927f1c3ce8.json","parameterValues":[]}