{"uid":"2dc78d3e0a264991","name":"test_materialplan_success","fullName":"Tests.test_material.test_materialplan.TestMaterialPlanPage#test_materialplan_success","historyId":"d9d83b70188dee25ffb1449f120b16bd","time":{"start":1769799481334,"stop":1769799548215,"duration":66881},"status":"broken","statusMessage":"selenium.common.exceptions.TimeoutException: Message: \nStacktrace:\nSymbols not available. Dumping unresolved backtrace:\n\t0x7ff609fefe35\n\t0x7ff609fefe90\n\t0x7ff609d7139d\n\t0x7ff609dc9d8e\n\t0x7ff609dca09c\n\t0x7ff609e1e8d7\n\t0x7ff609e1b61b\n\t0x7ff609dbac6d\n\t0x7ff609dbbae3\n\t0x7ff60a2ba10d\n\t0x7ff60a2b448a\n\t0x7ff60a2d5157\n\t0x7ff60a00a81e\n\t0x7ff60a01262f\n\t0x7ff609ff9324\n\t0x7ff609ff94df\n\t0x7ff609fdee88\n\t0x7ffc59d27374\n\t0x7ffc5a9fcc91","statusTrace":"self = <test_material.test_materialplan.TestMaterialPlanPage object at 0x0000021E30935E70>, login_to_materialplan = <selenium.webdriver.chrome.webdriver.WebDriver (session=\"0ae9155d270e5206df0ee62bdc64a877\")>\n\n    @allure.story(\"执行成功\")\n    # @pytest.mark.run(order=1)\n    def test_materialplan_success(self, login_to_materialplan):\n        driver = login_to_materialplan\n        plan = PlanPage(driver)\n        wait = WebDriverWait(driver, 60)\n    \n        # 等待 el-loading-spinner 消失\n        WebDriverWait(driver, 10).until(\n            EC.invisibility_of_element_located((By.CLASS_NAME, \"el-loading-spinner\"))\n        )\n        target = WebDriverWait(driver, 10).until(\n            EC.element_to_be_clickable((By.XPATH, '//div[@class=\"vue-treeselect__control-arrow-container\"]'))\n        )\n        sleep(3)\n        target.click()\n    \n        # 等待第一个方案标签可点击后点击选择\n        first_option = wait.until(\n            EC.element_to_be_clickable(\n                (\n                    By.XPATH,\n                    '//div[@class=\"vue-treeselect__list\"]/div[1]',\n                )\n            )\n        )\n        first_option.click()\n    \n        # 执行计划\n        plan.click_plan()\n        # 等待“完成”的文本出现\n        success_element1 = wait.until(\n            EC.presence_of_element_located(\n                (By.XPATH, '(//div[@class=\"d-flex\"])[1]/p[text()=\" 完成 \"]')\n            )\n        )\n    \n        # 等待“完成”的文本出现\n>       success_element3 = wait.until(\n            EC.presence_of_element_located(\n                (By.XPATH, '(//div[@class=\"d-flex\"])[3]/p[text()=\" 完成 \"]')\n            )\n        )\n\nTests\\test_material\\test_materialplan.py:118: \n_ _ _ _ _ _ _ _ _ _ _ _ _ _ _ _ _ _ _ _ _ _ _ _ _ _ _ _ _ _ _ _ _ _ _ _ _ _ _ _ _ _ _ _ _ _ _ _ _ _ _ _ _ _ _ _ _ _ _ _ _ _ _ _ _ _ _ _ _ _ _ _ _ _ _ _ _ _ _ _ _ _ _ _ _ _ _ _ _ _ _ _ _ _ _ _ _ _ _ _ _ _ _ _ _ _ _ _ _ _ _ _ _ _ _ _\n\nself = <selenium.webdriver.support.wait.WebDriverWait (session=\"0ae9155d270e5206df0ee62bdc64a877\")>, method = <function presence_of_element_located.<locals>._predicate at 0x0000021E32B41900>, message = ''\n\n    def until(self, method: Callable[[D], Union[Literal[False], T]], message: str = \"\") -> T:\n        \"\"\"Wait until the method returns a value that is not False.\n    \n        Calls the method provided with the driver as an argument until the\n        return value does not evaluate to ``False``.\n    \n        Parameters:\n        -----------\n        method: callable(WebDriver)\n            - A callable object that takes a WebDriver instance as an argument.\n    \n        message: str\n            - Optional message for :exc:`TimeoutException`\n    \n        Return:\n        -------\n        object: T\n            - The result of the last call to `method`\n    \n        Raises:\n        -------\n        TimeoutException\n            - If 'method' does not return a truthy value within the WebDriverWait\n            object's timeout\n    \n        Example:\n        --------\n        >>> from selenium.webdriver.common.by import By\n        >>> from selenium.webdriver.support.ui import WebDriverWait\n        >>> from selenium.webdriver.support import expected_conditions as EC\n    \n        # Wait until an element is visible on the page\n        >>> wait = WebDriverWait(driver, 10)\n        >>> element = wait.until(EC.visibility_of_element_located((By.ID, \"exampleId\")))\n        >>> print(element.text)\n        \"\"\"\n        screen = None\n        stacktrace = None\n    \n        end_time = time.monotonic() + self._timeout\n        while True:\n            try:\n                value = method(self._driver)\n                if value:\n                    return value\n            except self._ignored_exceptions as exc:\n                screen = getattr(exc, \"screen\", None)\n                stacktrace = getattr(exc, \"stacktrace\", None)\n            if time.monotonic() > end_time:\n                break\n            time.sleep(self._poll)\n>       raise TimeoutException(message, screen, stacktrace)\nE       selenium.common.exceptions.TimeoutException: Message: \nE       Stacktrace:\nE       Symbols not available. Dumping unresolved backtrace:\nE       \t0x7ff609fefe35\nE       \t0x7ff609fefe90\nE       \t0x7ff609d7139d\nE       \t0x7ff609dc9d8e\nE       \t0x7ff609dca09c\nE       \t0x7ff609e1e8d7\nE       \t0x7ff609e1b61b\nE       \t0x7ff609dbac6d\nE       \t0x7ff609dbbae3\nE       \t0x7ff60a2ba10d\nE       \t0x7ff60a2b448a\nE       \t0x7ff60a2d5157\nE       \t0x7ff60a00a81e\nE       \t0x7ff60a01262f\nE       \t0x7ff609ff9324\nE       \t0x7ff609ff94df\nE       \t0x7ff609fdee88\nE       \t0x7ffc59d27374\nE       \t0x7ffc5a9fcc91\n\nD:\\Python310\\lib\\site-packages\\selenium\\webdriver\\support\\wait.py:138: TimeoutException","flaky":false,"newFailed":false,"newBroken":false,"newPassed":false,"retriesCount":0,"retriesStatusChange":false,"beforeStages":[{"name":"login_to_materialplan","time":{"start":1769799467550,"stop":1769799481333,"duration":13783},"status":"passed","steps":[],"attachments":[],"parameters":[],"attachmentsCount":0,"shouldDisplayMessage":false,"hasContent":false,"attachmentStep":false,"stepsCount":0}],"testStage":{"status":"broken","statusMessage":"selenium.common.exceptions.TimeoutException: Message: \nStacktrace:\nSymbols not available. Dumping unresolved backtrace:\n\t0x7ff609fefe35\n\t0x7ff609fefe90\n\t0x7ff609d7139d\n\t0x7ff609dc9d8e\n\t0x7ff609dca09c\n\t0x7ff609e1e8d7\n\t0x7ff609e1b61b\n\t0x7ff609dbac6d\n\t0x7ff609dbbae3\n\t0x7ff60a2ba10d\n\t0x7ff60a2b448a\n\t0x7ff60a2d5157\n\t0x7ff60a00a81e\n\t0x7ff60a01262f\n\t0x7ff609ff9324\n\t0x7ff609ff94df\n\t0x7ff609fdee88\n\t0x7ffc59d27374\n\t0x7ffc5a9fcc91","statusTrace":"self = <test_material.test_materialplan.TestMaterialPlanPage object at 0x0000021E30935E70>, login_to_materialplan = <selenium.webdriver.chrome.webdriver.WebDriver (session=\"0ae9155d270e5206df0ee62bdc64a877\")>\n\n    @allure.story(\"执行成功\")\n    # @pytest.mark.run(order=1)\n    def test_materialplan_success(self, login_to_materialplan):\n        driver = login_to_materialplan\n        plan = PlanPage(driver)\n        wait = WebDriverWait(driver, 60)\n    \n        # 等待 el-loading-spinner 消失\n        WebDriverWait(driver, 10).until(\n            EC.invisibility_of_element_located((By.CLASS_NAME, \"el-loading-spinner\"))\n        )\n        target = WebDriverWait(driver, 10).until(\n            EC.element_to_be_clickable((By.XPATH, '//div[@class=\"vue-treeselect__control-arrow-container\"]'))\n        )\n        sleep(3)\n        target.click()\n    \n        # 等待第一个方案标签可点击后点击选择\n        first_option = wait.until(\n            EC.element_to_be_clickable(\n                (\n                    By.XPATH,\n                    '//div[@class=\"vue-treeselect__list\"]/div[1]',\n                )\n            )\n        )\n        first_option.click()\n    \n        # 执行计划\n        plan.click_plan()\n        # 等待“完成”的文本出现\n        success_element1 = wait.until(\n            EC.presence_of_element_located(\n                (By.XPATH, '(//div[@class=\"d-flex\"])[1]/p[text()=\" 完成 \"]')\n            )\n        )\n    \n        # 等待“完成”的文本出现\n>       success_element3 = wait.until(\n            EC.presence_of_element_located(\n                (By.XPATH, '(//div[@class=\"d-flex\"])[3]/p[text()=\" 完成 \"]')\n            )\n        )\n\nTests\\test_material\\test_materialplan.py:118: \n_ _ _ _ _ _ _ _ _ _ _ _ _ _ _ _ _ _ _ _ _ _ _ _ _ _ _ _ _ _ _ _ _ _ _ _ _ _ _ _ _ _ _ _ _ _ _ _ _ _ _ _ _ _ _ _ _ _ _ _ _ _ _ _ _ _ _ _ _ _ _ _ _ _ _ _ _ _ _ _ _ _ _ _ _ _ _ _ _ _ _ _ _ _ _ _ _ _ _ _ _ _ _ _ _ _ _ _ _ _ _ _ _ _ _ _\n\nself = <selenium.webdriver.support.wait.WebDriverWait (session=\"0ae9155d270e5206df0ee62bdc64a877\")>, method = <function presence_of_element_located.<locals>._predicate at 0x0000021E32B41900>, message = ''\n\n    def until(self, method: Callable[[D], Union[Literal[False], T]], message: str = \"\") -> T:\n        \"\"\"Wait until the method returns a value that is not False.\n    \n        Calls the method provided with the driver as an argument until the\n        return value does not evaluate to ``False``.\n    \n        Parameters:\n        -----------\n        method: callable(WebDriver)\n            - A callable object that takes a WebDriver instance as an argument.\n    \n        message: str\n            - Optional message for :exc:`TimeoutException`\n    \n        Return:\n        -------\n        object: T\n            - The result of the last call to `method`\n    \n        Raises:\n        -------\n        TimeoutException\n            - If 'method' does not return a truthy value within the WebDriverWait\n            object's timeout\n    \n        Example:\n        --------\n        >>> from selenium.webdriver.common.by import By\n        >>> from selenium.webdriver.support.ui import WebDriverWait\n        >>> from selenium.webdriver.support import expected_conditions as EC\n    \n        # Wait until an element is visible on the page\n        >>> wait = WebDriverWait(driver, 10)\n        >>> element = wait.until(EC.visibility_of_element_located((By.ID, \"exampleId\")))\n        >>> print(element.text)\n        \"\"\"\n        screen = None\n        stacktrace = None\n    \n        end_time = time.monotonic() + self._timeout\n        while True:\n            try:\n                value = method(self._driver)\n                if value:\n                    return value\n            except self._ignored_exceptions as exc:\n                screen = getattr(exc, \"screen\", None)\n                stacktrace = getattr(exc, \"stacktrace\", None)\n            if time.monotonic() > end_time:\n                break\n            time.sleep(self._poll)\n>       raise TimeoutException(message, screen, stacktrace)\nE       selenium.common.exceptions.TimeoutException: Message: \nE       Stacktrace:\nE       Symbols not available. Dumping unresolved backtrace:\nE       \t0x7ff609fefe35\nE       \t0x7ff609fefe90\nE       \t0x7ff609d7139d\nE       \t0x7ff609dc9d8e\nE       \t0x7ff609dca09c\nE       \t0x7ff609e1e8d7\nE       \t0x7ff609e1b61b\nE       \t0x7ff609dbac6d\nE       \t0x7ff609dbbae3\nE       \t0x7ff60a2ba10d\nE       \t0x7ff60a2b448a\nE       \t0x7ff60a2d5157\nE       \t0x7ff60a00a81e\nE       \t0x7ff60a01262f\nE       \t0x7ff609ff9324\nE       \t0x7ff609ff94df\nE       \t0x7ff609fdee88\nE       \t0x7ffc59d27374\nE       \t0x7ffc5a9fcc91\n\nD:\\Python310\\lib\\site-packages\\selenium\\webdriver\\support\\wait.py:138: TimeoutException","steps":[],"attachments":[{"uid":"1e09f5e459f6fcbb","name":"test_materialplan_success_20260131_025908","source":"1e09f5e459f6fcbb.png","type":"image/png","size":155921},{"uid":"613964678f9e2e5b","name":"test_materialplan_success_20260131_025908","source":"613964678f9e2e5b.png","type":"image/png","size":155892},{"uid":"9af52d85148e536e","name":"test_materialplan_success_20260131_025908","source":"9af52d85148e536e.png","type":"image/png","size":77992},{"uid":"35e530bc0f985ac","name":"test_materialplan_success_20260131_025908","source":"35e530bc0f985ac.png","type":"image/png","size":257043},{"uid":"376908d9a67b0ba0","name":"test_materialplan_success_20260131_025908","source":"376908d9a67b0ba0.png","type":"image/png","size":107242},{"uid":"91588bf5ef7ee68f","name":"log","source":"91588bf5ef7ee68f.txt","type":"text/plain","size":1293}],"parameters":[],"attachmentsCount":6,"shouldDisplayMessage":true,"hasContent":true,"attachmentStep":false,"stepsCount":0},"afterStages":[{"name":"login_to_materialplan::0","time":{"start":1769799549058,"stop":1769799551229,"duration":2171},"status":"passed","steps":[],"attachments":[],"parameters":[],"attachmentsCount":0,"shouldDisplayMessage":false,"hasContent":false,"attachmentStep":false,"stepsCount":0}],"labels":[{"name":"story","value":"执行成功"},{"name":"feature","value":"物控计算测试用例"},{"name":"parentSuite","value":"Tests.test_material"},{"name":"suite","value":"test_materialplan"},{"name":"subSuite","value":"TestMaterialPlanPage"},{"name":"host","value":"DESKTOP-L7L44NB"},{"name":"thread","value":"24728-MainThread"},{"name":"framework","value":"pytest"},{"name":"language","value":"cpython3"},{"name":"package","value":"Tests.test_material.test_materialplan"},{"name":"resultFormat","value":"allure2"}],"parameters":[],"links":[],"hidden":true,"retry":true,"extra":{"categories":[],"tags":[]},"source":"2dc78d3e0a264991.json","parameterValues":[]}