{"uid":"2e43f4fbd42370e3","name":"test_personal_expand2","fullName":"Tests.test_items.test_personal.TestPersonalPage#test_personal_expand2","historyId":"8f268460f6744e96f466399f6e26f649","time":{"start":1766169542923,"stop":1766169551705,"duration":8782},"status":"passed","flaky":false,"newFailed":false,"newBroken":false,"newPassed":false,"retriesCount":3,"retriesStatusChange":true,"beforeStages":[{"name":"login_to_personal","time":{"start":1766169533251,"stop":1766169542922,"duration":9671},"status":"passed","steps":[],"attachments":[],"parameters":[],"attachmentsCount":0,"shouldDisplayMessage":false,"hasContent":false,"stepsCount":0,"attachmentStep":false}],"testStage":{"status":"passed","steps":[],"attachments":[{"uid":"70e62d5375ec4f3c","name":"log","source":"70e62d5375ec4f3c.txt","type":"text/plain","size":2504}],"parameters":[],"attachmentsCount":1,"shouldDisplayMessage":false,"hasContent":true,"stepsCount":0,"attachmentStep":false},"afterStages":[{"name":"login_to_personal::0","time":{"start":1766169551706,"stop":1766169553849,"duration":2143},"status":"passed","steps":[],"attachments":[],"parameters":[],"attachmentsCount":0,"shouldDisplayMessage":false,"hasContent":false,"stepsCount":0,"attachmentStep":false}],"labels":[{"name":"feature","value":"个人设置测试用例"},{"name":"story","value":"重新启动设置不变,设置菜单展开方式为默认展开"},{"name":"parentSuite","value":"Tests.test_items"},{"name":"suite","value":"test_personal"},{"name":"subSuite","value":"TestPersonalPage"},{"name":"host","value":"DESKTOP-L7L44NB"},{"name":"thread","value":"72920-MainThread"},{"name":"framework","value":"pytest"},{"name":"language","value":"cpython3"},{"name":"package","value":"Tests.test_items.test_personal"},{"name":"resultFormat","value":"allure2"}],"parameters":[],"links":[],"hidden":false,"retry":false,"extra":{"severity":"normal","retries":[{"uid":"c8b12fc7b323b5c1","status":"broken","statusDetails":"selenium.common.exceptions.NoSuchElementException: Message: no such element: Unable to locate element: {\"method\":\"xpath\",\"selector\":\"//ul[@role=\"menubar\"]\"}\n  (Session info: chrome=142.0.7444.60); For documentation on this error, please visit: https://www.selenium.dev/documentation/webdriver/troubleshooting/errors#no-such-element-exception\nStacktrace:\nSymbols not available. Dumping unresolved backtrace:\n\t0x7ff7e089fe35\n\t0x7ff7e089fe90\n\t0x7ff7e062139d\n\t0x7ff7e0679d8e\n\t0x7ff7e067a09c\n\t0x7ff7e06ce8d7\n\t0x7ff7e06cb61b\n\t0x7ff7e066ac6d\n\t0x7ff7e066bae3\n\t0x7ff7e0b6a10d\n\t0x7ff7e0b6448a\n\t0x7ff7e0b85157\n\t0x7ff7e08ba81e\n\t0x7ff7e08c262f\n\t0x7ff7e08a9324\n\t0x7ff7e08a94df\n\t0x7ff7e088ee88\n\t0x7ffaae547374\n\t0x7ffaaedfcc91","time":{"start":1766169527804,"stop":1766169530861,"duration":3057}},{"uid":"f5b0c88fc60ad643","status":"passed","time":{"start":1766077322408,"stop":1766077331126,"duration":8718}},{"uid":"269b59be0a0713df","status":"broken","statusDetails":"selenium.common.exceptions.NoSuchElementException: Message: no such element: Unable to locate element: {\"method\":\"xpath\",\"selector\":\"//ul[@role=\"menubar\"]\"}\n  (Session info: chrome=142.0.7444.60); For documentation on this error, please visit: https://www.selenium.dev/documentation/webdriver/troubleshooting/errors#no-such-element-exception\nStacktrace:\nSymbols not available. Dumping unresolved backtrace:\n\t0x7ff73e87fe35\n\t0x7ff73e87fe90\n\t0x7ff73e60139d\n\t0x7ff73e659d8e\n\t0x7ff73e65a09c\n\t0x7ff73e6ae8d7\n\t0x7ff73e6ab61b\n\t0x7ff73e64ac6d\n\t0x7ff73e64bae3\n\t0x7ff73eb4a10d\n\t0x7ff73eb4448a\n\t0x7ff73eb65157\n\t0x7ff73e89a81e\n\t0x7ff73e8a262f\n\t0x7ff73e889324\n\t0x7ff73e8894df\n\t0x7ff73e86ee88\n\t0x7ffaae547374\n\t0x7ffaaedfcc91","time":{"start":1766077309259,"stop":1766077312344,"duration":3085}}],"categories":[],"tags":[]},"source":"2e43f4fbd42370e3.json","parameterValues":[]}