{"uid":"31703ade35a3cca6","name":"test_materialplan_success","fullName":"Tests.test_material.test_materialplan.TestMaterialPlanPage#test_materialplan_success","historyId":"d9d83b70188dee25ffb1449f120b16bd","time":{"start":1769193336718,"stop":1769193400202,"duration":63484},"status":"broken","statusMessage":"selenium.common.exceptions.TimeoutException: Message: \nStacktrace:\nSymbols not available. Dumping unresolved backtrace:\n\t0x7ff74922fe35\n\t0x7ff74922fe90\n\t0x7ff748fb139d\n\t0x7ff749009d8e\n\t0x7ff74900a09c\n\t0x7ff74905e8d7\n\t0x7ff74905b61b\n\t0x7ff748ffac6d\n\t0x7ff748ffbae3\n\t0x7ff7494fa10d\n\t0x7ff7494f448a\n\t0x7ff749515157\n\t0x7ff74924a81e\n\t0x7ff74925262f\n\t0x7ff749239324\n\t0x7ff7492394df\n\t0x7ff74921ee88\n\t0x7ffc59d27374\n\t0x7ffc5a9fcc91","statusTrace":"self = <test_material.test_materialplan.TestMaterialPlanPage object at 0x000002920D96A890>, login_to_materialplan = <selenium.webdriver.chrome.webdriver.WebDriver (session=\"71b8b0fea2cd5e0c4bfdfeffd3a1057b\")>\n\n    @allure.story(\"执行成功\")\n    # @pytest.mark.run(order=1)\n    def test_materialplan_success(self, login_to_materialplan):\n        driver = login_to_materialplan\n        plan = PlanPage(driver)\n        wait = WebDriverWait(driver, 60)\n    \n        # 等待 el-loading-spinner 消失\n        WebDriverWait(driver, 10).until(\n            EC.invisibility_of_element_located((By.CLASS_NAME, \"el-loading-spinner\"))\n        )\n        target = WebDriverWait(driver, 10).until(\n            EC.element_to_be_clickable((By.XPATH, '//div[@class=\"vue-treeselect__control-arrow-container\"]'))\n        )\n        sleep(3)\n        target.click()\n    \n        # 等待第一个方案标签可点击后点击选择\n        first_option = wait.until(\n            EC.element_to_be_clickable(\n                (\n                    By.XPATH,\n                    '//div[@class=\"vue-treeselect__list\"]/div[1]',\n                )\n            )\n        )\n        first_option.click()\n    \n        # 执行计划\n        plan.click_plan()\n        # 等待“完成”的文本出现\n        success_element1 = wait.until(\n            EC.presence_of_element_located(\n                (By.XPATH, '(//div[@class=\"d-flex\"])[1]/p[text()=\" 完成 \"]')\n            )\n        )\n    \n        # 等待“完成”的文本出现\n>       success_element3 = wait.until(\n            EC.presence_of_element_located(\n                (By.XPATH, '(//div[@class=\"d-flex\"])[3]/p[text()=\" 完成 \"]')\n            )\n        )\n\nTests\\test_material\\test_materialplan.py:118: \n_ _ _ _ _ _ _ _ _ _ _ _ _ _ _ _ _ _ _ _ _ _ _ _ _ _ _ _ _ _ _ _ _ _ _ _ _ _ _ _ _ _ _ _ _ _ _ _ _ _ _ _ _ _ _ _ _ _ _ _ _ _ _ _ _ _ _ _ _ _ _ _ _ _ _ _ _ _ _ _ _ _ _ _ _ _ _ _ _ _ _ _ _ _ _ _ _ _ _ _ _ _ _ _ _ _ _ _ _ _ _ _ _ _ _ _\n\nself = <selenium.webdriver.support.wait.WebDriverWait (session=\"71b8b0fea2cd5e0c4bfdfeffd3a1057b\")>, method = <function presence_of_element_located.<locals>._predicate at 0x000002920F419510>, message = ''\n\n    def until(self, method: Callable[[D], Union[Literal[False], T]], message: str = \"\") -> T:\n        \"\"\"Wait until the method returns a value that is not False.\n    \n        Calls the method provided with the driver as an argument until the\n        return value does not evaluate to ``False``.\n    \n        Parameters:\n        -----------\n        method: callable(WebDriver)\n            - A callable object that takes a WebDriver instance as an argument.\n    \n        message: str\n            - Optional message for :exc:`TimeoutException`\n    \n        Return:\n        -------\n        object: T\n            - The result of the last call to `method`\n    \n        Raises:\n        -------\n        TimeoutException\n            - If 'method' does not return a truthy value within the WebDriverWait\n            object's timeout\n    \n        Example:\n        --------\n        >>> from selenium.webdriver.common.by import By\n        >>> from selenium.webdriver.support.ui import WebDriverWait\n        >>> from selenium.webdriver.support import expected_conditions as EC\n    \n        # Wait until an element is visible on the page\n        >>> wait = WebDriverWait(driver, 10)\n        >>> element = wait.until(EC.visibility_of_element_located((By.ID, \"exampleId\")))\n        >>> print(element.text)\n        \"\"\"\n        screen = None\n        stacktrace = None\n    \n        end_time = time.monotonic() + self._timeout\n        while True:\n            try:\n                value = method(self._driver)\n                if value:\n                    return value\n            except self._ignored_exceptions as exc:\n                screen = getattr(exc, \"screen\", None)\n                stacktrace = getattr(exc, \"stacktrace\", None)\n            if time.monotonic() > end_time:\n                break\n            time.sleep(self._poll)\n>       raise TimeoutException(message, screen, stacktrace)\nE       selenium.common.exceptions.TimeoutException: Message: \nE       Stacktrace:\nE       Symbols not available. Dumping unresolved backtrace:\nE       \t0x7ff74922fe35\nE       \t0x7ff74922fe90\nE       \t0x7ff748fb139d\nE       \t0x7ff749009d8e\nE       \t0x7ff74900a09c\nE       \t0x7ff74905e8d7\nE       \t0x7ff74905b61b\nE       \t0x7ff748ffac6d\nE       \t0x7ff748ffbae3\nE       \t0x7ff7494fa10d\nE       \t0x7ff7494f448a\nE       \t0x7ff749515157\nE       \t0x7ff74924a81e\nE       \t0x7ff74925262f\nE       \t0x7ff749239324\nE       \t0x7ff7492394df\nE       \t0x7ff74921ee88\nE       \t0x7ffc59d27374\nE       \t0x7ffc5a9fcc91\n\nD:\\Python310\\lib\\site-packages\\selenium\\webdriver\\support\\wait.py:138: TimeoutException","flaky":false,"newFailed":false,"newBroken":false,"newPassed":false,"retriesCount":1,"retriesStatusChange":false,"beforeStages":[{"name":"login_to_materialplan","time":{"start":1769193321818,"stop":1769193336716,"duration":14898},"status":"passed","steps":[],"attachments":[],"parameters":[],"shouldDisplayMessage":false,"attachmentsCount":0,"stepsCount":0,"attachmentStep":false,"hasContent":false}],"testStage":{"status":"broken","statusMessage":"selenium.common.exceptions.TimeoutException: Message: \nStacktrace:\nSymbols not available. Dumping unresolved backtrace:\n\t0x7ff74922fe35\n\t0x7ff74922fe90\n\t0x7ff748fb139d\n\t0x7ff749009d8e\n\t0x7ff74900a09c\n\t0x7ff74905e8d7\n\t0x7ff74905b61b\n\t0x7ff748ffac6d\n\t0x7ff748ffbae3\n\t0x7ff7494fa10d\n\t0x7ff7494f448a\n\t0x7ff749515157\n\t0x7ff74924a81e\n\t0x7ff74925262f\n\t0x7ff749239324\n\t0x7ff7492394df\n\t0x7ff74921ee88\n\t0x7ffc59d27374\n\t0x7ffc5a9fcc91","statusTrace":"self = <test_material.test_materialplan.TestMaterialPlanPage object at 0x000002920D96A890>, login_to_materialplan = <selenium.webdriver.chrome.webdriver.WebDriver (session=\"71b8b0fea2cd5e0c4bfdfeffd3a1057b\")>\n\n    @allure.story(\"执行成功\")\n    # @pytest.mark.run(order=1)\n    def test_materialplan_success(self, login_to_materialplan):\n        driver = login_to_materialplan\n        plan = PlanPage(driver)\n        wait = WebDriverWait(driver, 60)\n    \n        # 等待 el-loading-spinner 消失\n        WebDriverWait(driver, 10).until(\n            EC.invisibility_of_element_located((By.CLASS_NAME, \"el-loading-spinner\"))\n        )\n        target = WebDriverWait(driver, 10).until(\n            EC.element_to_be_clickable((By.XPATH, '//div[@class=\"vue-treeselect__control-arrow-container\"]'))\n        )\n        sleep(3)\n        target.click()\n    \n        # 等待第一个方案标签可点击后点击选择\n        first_option = wait.until(\n            EC.element_to_be_clickable(\n                (\n                    By.XPATH,\n                    '//div[@class=\"vue-treeselect__list\"]/div[1]',\n                )\n            )\n        )\n        first_option.click()\n    \n        # 执行计划\n        plan.click_plan()\n        # 等待“完成”的文本出现\n        success_element1 = wait.until(\n            EC.presence_of_element_located(\n                (By.XPATH, '(//div[@class=\"d-flex\"])[1]/p[text()=\" 完成 \"]')\n            )\n        )\n    \n        # 等待“完成”的文本出现\n>       success_element3 = wait.until(\n            EC.presence_of_element_located(\n                (By.XPATH, '(//div[@class=\"d-flex\"])[3]/p[text()=\" 完成 \"]')\n            )\n        )\n\nTests\\test_material\\test_materialplan.py:118: \n_ _ _ _ _ _ _ _ _ _ _ _ _ _ _ _ _ _ _ _ _ _ _ _ _ _ _ _ _ _ _ _ _ _ _ _ _ _ _ _ _ _ _ _ _ _ _ _ _ _ _ _ _ _ _ _ _ _ _ _ _ _ _ _ _ _ _ _ _ _ _ _ _ _ _ _ _ _ _ _ _ _ _ _ _ _ _ _ _ _ _ _ _ _ _ _ _ _ _ _ _ _ _ _ _ _ _ _ _ _ _ _ _ _ _ _\n\nself = <selenium.webdriver.support.wait.WebDriverWait (session=\"71b8b0fea2cd5e0c4bfdfeffd3a1057b\")>, method = <function presence_of_element_located.<locals>._predicate at 0x000002920F419510>, message = ''\n\n    def until(self, method: Callable[[D], Union[Literal[False], T]], message: str = \"\") -> T:\n        \"\"\"Wait until the method returns a value that is not False.\n    \n        Calls the method provided with the driver as an argument until the\n        return value does not evaluate to ``False``.\n    \n        Parameters:\n        -----------\n        method: callable(WebDriver)\n            - A callable object that takes a WebDriver instance as an argument.\n    \n        message: str\n            - Optional message for :exc:`TimeoutException`\n    \n        Return:\n        -------\n        object: T\n            - The result of the last call to `method`\n    \n        Raises:\n        -------\n        TimeoutException\n            - If 'method' does not return a truthy value within the WebDriverWait\n            object's timeout\n    \n        Example:\n        --------\n        >>> from selenium.webdriver.common.by import By\n        >>> from selenium.webdriver.support.ui import WebDriverWait\n        >>> from selenium.webdriver.support import expected_conditions as EC\n    \n        # Wait until an element is visible on the page\n        >>> wait = WebDriverWait(driver, 10)\n        >>> element = wait.until(EC.visibility_of_element_located((By.ID, \"exampleId\")))\n        >>> print(element.text)\n        \"\"\"\n        screen = None\n        stacktrace = None\n    \n        end_time = time.monotonic() + self._timeout\n        while True:\n            try:\n                value = method(self._driver)\n                if value:\n                    return value\n            except self._ignored_exceptions as exc:\n                screen = getattr(exc, \"screen\", None)\n                stacktrace = getattr(exc, \"stacktrace\", None)\n            if time.monotonic() > end_time:\n                break\n            time.sleep(self._poll)\n>       raise TimeoutException(message, screen, stacktrace)\nE       selenium.common.exceptions.TimeoutException: Message: \nE       Stacktrace:\nE       Symbols not available. Dumping unresolved backtrace:\nE       \t0x7ff74922fe35\nE       \t0x7ff74922fe90\nE       \t0x7ff748fb139d\nE       \t0x7ff749009d8e\nE       \t0x7ff74900a09c\nE       \t0x7ff74905e8d7\nE       \t0x7ff74905b61b\nE       \t0x7ff748ffac6d\nE       \t0x7ff748ffbae3\nE       \t0x7ff7494fa10d\nE       \t0x7ff7494f448a\nE       \t0x7ff749515157\nE       \t0x7ff74924a81e\nE       \t0x7ff74925262f\nE       \t0x7ff749239324\nE       \t0x7ff7492394df\nE       \t0x7ff74921ee88\nE       \t0x7ffc59d27374\nE       \t0x7ffc5a9fcc91\n\nD:\\Python310\\lib\\site-packages\\selenium\\webdriver\\support\\wait.py:138: TimeoutException","steps":[],"attachments":[{"uid":"97d0d9f4331cab9c","name":"test_materialplan_success_20260124_023640","source":"97d0d9f4331cab9c.png","type":"image/png","size":104567},{"uid":"6340b64a596b6bab","name":"log","source":"6340b64a596b6bab.txt","type":"text/plain","size":2683}],"parameters":[],"shouldDisplayMessage":true,"attachmentsCount":2,"stepsCount":0,"attachmentStep":false,"hasContent":true},"afterStages":[{"name":"login_to_materialplan::0","time":{"start":1769193400321,"stop":1769193402459,"duration":2138},"status":"passed","steps":[],"attachments":[],"parameters":[],"shouldDisplayMessage":false,"attachmentsCount":0,"stepsCount":0,"attachmentStep":false,"hasContent":false}],"labels":[{"name":"story","value":"执行成功"},{"name":"feature","value":"物控计算测试用例"},{"name":"parentSuite","value":"Tests.test_material"},{"name":"suite","value":"test_materialplan"},{"name":"subSuite","value":"TestMaterialPlanPage"},{"name":"host","value":"DESKTOP-L7L44NB"},{"name":"thread","value":"13144-MainThread"},{"name":"framework","value":"pytest"},{"name":"language","value":"cpython3"},{"name":"package","value":"Tests.test_material.test_materialplan"},{"name":"resultFormat","value":"allure2"}],"parameters":[],"links":[],"hidden":false,"retry":false,"extra":{"severity":"normal","retries":[{"uid":"6202ddcfa9666d65","status":"broken","statusDetails":"selenium.common.exceptions.TimeoutException: Message: \nStacktrace:\nSymbols not available. Dumping unresolved backtrace:\n\t0x7ff74922fe35\n\t0x7ff74922fe90\n\t0x7ff748fb139d\n\t0x7ff749009d8e\n\t0x7ff74900a09c\n\t0x7ff74905e8d7\n\t0x7ff74905b61b\n\t0x7ff748ffac6d\n\t0x7ff748ffbae3\n\t0x7ff7494fa10d\n\t0x7ff7494f448a\n\t0x7ff749515157\n\t0x7ff74924a81e\n\t0x7ff74925262f\n\t0x7ff749239324\n\t0x7ff7492394df\n\t0x7ff74921ee88\n\t0x7ffc59d27374\n\t0x7ffc5a9fcc91","time":{"start":1769193252504,"stop":1769193319509,"duration":67005}}],"categories":[{"name":"Test defects","matchedStatuses":[]}],"tags":[]},"source":"31703ade35a3cca6.json","parameterValues":[]}