{"uid":"344d5f5080cd6a1b","name":"test_unit_ctrlM","fullName":"Tests.test_system.test_planUnit.TestPlanUnitPage#test_unit_ctrlM","historyId":"d768e1f4378d29ddeef62d945b019016","time":{"start":1769196896633,"stop":1769196911716,"duration":15083},"status":"broken","statusMessage":"selenium.common.exceptions.TimeoutException: Message: \nStacktrace:\nSymbols not available. Dumping unresolved backtrace:\n\t0x7ff74922fe35\n\t0x7ff74922fe90\n\t0x7ff748fb139d\n\t0x7ff749009d8e\n\t0x7ff74900a09c\n\t0x7ff74905e8d7\n\t0x7ff74905b61b\n\t0x7ff748ffac6d\n\t0x7ff748ffbae3\n\t0x7ff7494fa10d\n\t0x7ff7494f448a\n\t0x7ff749515157\n\t0x7ff74924a81e\n\t0x7ff74925262f\n\t0x7ff749239324\n\t0x7ff7492394df\n\t0x7ff74921ee88\n\t0x7ffc59d27374\n\t0x7ffc5a9fcc91","statusTrace":"self = <test_system.test_planUnit.TestPlanUnitPage object at 0x000002920CD55510>, login_to_planUnit = <selenium.webdriver.chrome.webdriver.WebDriver (session=\"2969e12936e6ecaee563ecb68a3318cf\")>\n\n    @allure.story(\"模拟ctrl+m修改\")\n    # @pytest.mark.run(order=1)\n    def test_unit_ctrlM(self, login_to_planUnit):\n        driver = login_to_planUnit  # WebDriver 实例\n        unit = PlanUnitPage(driver)  # 用 driver 初始化 PlanUnitPage\n        unit.click_button('//table[@class=\"vxe-table--body\"]//tr[1]//td[2]')\n        ActionChains(driver).key_down(Keys.CONTROL).send_keys('m').key_up(Keys.CONTROL).perform()\n        unit.click_button('(//table[@class=\"vxe-table--body\"]//tr[1]/td[2])[2]')\n        unit.enter_texts('(//table[@class=\"vxe-table--body\"]//tr[1]/td[3])[2]//input', '1没有数据修改')\n        ele1 = unit.get_find_element_xpath(\n            '(//table[@class=\"vxe-table--body\"]//tr[1]/td[3])[2]//input').get_attribute(\n            \"value\")\n        unit.click_button('//div[@class=\"vxe-modal--footer\"]//span[text()=\"确定\"]')\n        unit.get_find_message()\n        unit.select_input('1没有数据添加')\n        ele2 = unit.get_find_element_xpath('(//table[@class=\"vxe-table--body\"]//tr[1]/td[3])[1]').get_attribute(\n            \"innerText\")\n        assert ele1 == ele2\n        unit.click_button('//table[@class=\"vxe-table--body\"]//tr[1]//td[2]')\n        unit.click_all_button('删除')\n        unit.click_button('//div[@class=\"ivu-modal-confirm-footer\"]//span[text()=\"确定\"]')\n>       message = unit.get_find_message()\n\nTests\\test_system\\test_planUnit.py:871: \n_ _ _ _ _ _ _ _ _ _ _ _ _ _ _ _ _ _ _ _ _ _ _ _ _ _ _ _ _ _ _ _ _ _ _ _ _ _ _ _ _ _ _ _ _ _ _ _ _ _ _ _ _ _ _ _ _ _ _ _ _ _ _ _ _ _ _ _ _ _ _ _ _ _ _ _ _ _ _ _ _ _ _ _ _ _ _ _ _ _ _ _ _ _ _ _ _ _ _ _ _ _ _ _ _ _ _ _ _ _ _ _ _ _ _ _\nPages\\systemPage\\planUnit_page.py:35: in get_find_message\n    message = WebDriverWait(self.driver, 10).until(\n_ _ _ _ _ _ _ _ _ _ _ _ _ _ _ _ _ _ _ _ _ _ _ _ _ _ _ _ _ _ _ _ _ _ _ _ _ _ _ _ _ _ _ _ _ _ _ _ _ _ _ _ _ _ _ _ _ _ _ _ _ _ _ _ _ _ _ _ _ _ _ _ _ _ _ _ _ _ _ _ _ _ _ _ _ _ _ _ _ _ _ _ _ _ _ _ _ _ _ _ _ _ _ _ _ _ _ _ _ _ _ _ _ _ _ _\n\nself = <selenium.webdriver.support.wait.WebDriverWait (session=\"2969e12936e6ecaee563ecb68a3318cf\")>, method = <function visibility_of_element_located.<locals>._predicate at 0x000002920FC135B0>, message = ''\n\n    def until(self, method: Callable[[D], Union[Literal[False], T]], message: str = \"\") -> T:\n        \"\"\"Wait until the method returns a value that is not False.\n    \n        Calls the method provided with the driver as an argument until the\n        return value does not evaluate to ``False``.\n    \n        Parameters:\n        -----------\n        method: callable(WebDriver)\n            - A callable object that takes a WebDriver instance as an argument.\n    \n        message: str\n            - Optional message for :exc:`TimeoutException`\n    \n        Return:\n        -------\n        object: T\n            - The result of the last call to `method`\n    \n        Raises:\n        -------\n        TimeoutException\n            - If 'method' does not return a truthy value within the WebDriverWait\n            object's timeout\n    \n        Example:\n        --------\n        >>> from selenium.webdriver.common.by import By\n        >>> from selenium.webdriver.support.ui import WebDriverWait\n        >>> from selenium.webdriver.support import expected_conditions as EC\n    \n        # Wait until an element is visible on the page\n        >>> wait = WebDriverWait(driver, 10)\n        >>> element = wait.until(EC.visibility_of_element_located((By.ID, \"exampleId\")))\n        >>> print(element.text)\n        \"\"\"\n        screen = None\n        stacktrace = None\n    \n        end_time = time.monotonic() + self._timeout\n        while True:\n            try:\n                value = method(self._driver)\n                if value:\n                    return value\n            except self._ignored_exceptions as exc:\n                screen = getattr(exc, \"screen\", None)\n                stacktrace = getattr(exc, \"stacktrace\", None)\n            if time.monotonic() > end_time:\n                break\n            time.sleep(self._poll)\n>       raise TimeoutException(message, screen, stacktrace)\nE       selenium.common.exceptions.TimeoutException: Message: \nE       Stacktrace:\nE       Symbols not available. Dumping unresolved backtrace:\nE       \t0x7ff74922fe35\nE       \t0x7ff74922fe90\nE       \t0x7ff748fb139d\nE       \t0x7ff749009d8e\nE       \t0x7ff74900a09c\nE       \t0x7ff74905e8d7\nE       \t0x7ff74905b61b\nE       \t0x7ff748ffac6d\nE       \t0x7ff748ffbae3\nE       \t0x7ff7494fa10d\nE       \t0x7ff7494f448a\nE       \t0x7ff749515157\nE       \t0x7ff74924a81e\nE       \t0x7ff74925262f\nE       \t0x7ff749239324\nE       \t0x7ff7492394df\nE       \t0x7ff74921ee88\nE       \t0x7ffc59d27374\nE       \t0x7ffc5a9fcc91\n\nD:\\Python310\\lib\\site-packages\\selenium\\webdriver\\support\\wait.py:138: TimeoutException","flaky":false,"newFailed":false,"newBroken":false,"newPassed":false,"retriesCount":1,"retriesStatusChange":false,"beforeStages":[{"name":"login_to_planUnit","time":{"start":1769196538195,"stop":1769196550978,"duration":12783},"status":"passed","steps":[],"attachments":[],"parameters":[],"shouldDisplayMessage":false,"attachmentsCount":0,"stepsCount":0,"attachmentStep":false,"hasContent":false}],"testStage":{"status":"broken","statusMessage":"selenium.common.exceptions.TimeoutException: Message: \nStacktrace:\nSymbols not available. Dumping unresolved backtrace:\n\t0x7ff74922fe35\n\t0x7ff74922fe90\n\t0x7ff748fb139d\n\t0x7ff749009d8e\n\t0x7ff74900a09c\n\t0x7ff74905e8d7\n\t0x7ff74905b61b\n\t0x7ff748ffac6d\n\t0x7ff748ffbae3\n\t0x7ff7494fa10d\n\t0x7ff7494f448a\n\t0x7ff749515157\n\t0x7ff74924a81e\n\t0x7ff74925262f\n\t0x7ff749239324\n\t0x7ff7492394df\n\t0x7ff74921ee88\n\t0x7ffc59d27374\n\t0x7ffc5a9fcc91","statusTrace":"self = <test_system.test_planUnit.TestPlanUnitPage object at 0x000002920CD55510>, login_to_planUnit = <selenium.webdriver.chrome.webdriver.WebDriver (session=\"2969e12936e6ecaee563ecb68a3318cf\")>\n\n    @allure.story(\"模拟ctrl+m修改\")\n    # @pytest.mark.run(order=1)\n    def test_unit_ctrlM(self, login_to_planUnit):\n        driver = login_to_planUnit  # WebDriver 实例\n        unit = PlanUnitPage(driver)  # 用 driver 初始化 PlanUnitPage\n        unit.click_button('//table[@class=\"vxe-table--body\"]//tr[1]//td[2]')\n        ActionChains(driver).key_down(Keys.CONTROL).send_keys('m').key_up(Keys.CONTROL).perform()\n        unit.click_button('(//table[@class=\"vxe-table--body\"]//tr[1]/td[2])[2]')\n        unit.enter_texts('(//table[@class=\"vxe-table--body\"]//tr[1]/td[3])[2]//input', '1没有数据修改')\n        ele1 = unit.get_find_element_xpath(\n            '(//table[@class=\"vxe-table--body\"]//tr[1]/td[3])[2]//input').get_attribute(\n            \"value\")\n        unit.click_button('//div[@class=\"vxe-modal--footer\"]//span[text()=\"确定\"]')\n        unit.get_find_message()\n        unit.select_input('1没有数据添加')\n        ele2 = unit.get_find_element_xpath('(//table[@class=\"vxe-table--body\"]//tr[1]/td[3])[1]').get_attribute(\n            \"innerText\")\n        assert ele1 == ele2\n        unit.click_button('//table[@class=\"vxe-table--body\"]//tr[1]//td[2]')\n        unit.click_all_button('删除')\n        unit.click_button('//div[@class=\"ivu-modal-confirm-footer\"]//span[text()=\"确定\"]')\n>       message = unit.get_find_message()\n\nTests\\test_system\\test_planUnit.py:871: \n_ _ _ _ _ _ _ _ _ _ _ _ _ _ _ _ _ _ _ _ _ _ _ _ _ _ _ _ _ _ _ _ _ _ _ _ _ _ _ _ _ _ _ _ _ _ _ _ _ _ _ _ _ _ _ _ _ _ _ _ _ _ _ _ _ _ _ _ _ _ _ _ _ _ _ _ _ _ _ _ _ _ _ _ _ _ _ _ _ _ _ _ _ _ _ _ _ _ _ _ _ _ _ _ _ _ _ _ _ _ _ _ _ _ _ _\nPages\\systemPage\\planUnit_page.py:35: in get_find_message\n    message = WebDriverWait(self.driver, 10).until(\n_ _ _ _ _ _ _ _ _ _ _ _ _ _ _ _ _ _ _ _ _ _ _ _ _ _ _ _ _ _ _ _ _ _ _ _ _ _ _ _ _ _ _ _ _ _ _ _ _ _ _ _ _ _ _ _ _ _ _ _ _ _ _ _ _ _ _ _ _ _ _ _ _ _ _ _ _ _ _ _ _ _ _ _ _ _ _ _ _ _ _ _ _ _ _ _ _ _ _ _ _ _ _ _ _ _ _ _ _ _ _ _ _ _ _ _\n\nself = <selenium.webdriver.support.wait.WebDriverWait (session=\"2969e12936e6ecaee563ecb68a3318cf\")>, method = <function visibility_of_element_located.<locals>._predicate at 0x000002920FC135B0>, message = ''\n\n    def until(self, method: Callable[[D], Union[Literal[False], T]], message: str = \"\") -> T:\n        \"\"\"Wait until the method returns a value that is not False.\n    \n        Calls the method provided with the driver as an argument until the\n        return value does not evaluate to ``False``.\n    \n        Parameters:\n        -----------\n        method: callable(WebDriver)\n            - A callable object that takes a WebDriver instance as an argument.\n    \n        message: str\n            - Optional message for :exc:`TimeoutException`\n    \n        Return:\n        -------\n        object: T\n            - The result of the last call to `method`\n    \n        Raises:\n        -------\n        TimeoutException\n            - If 'method' does not return a truthy value within the WebDriverWait\n            object's timeout\n    \n        Example:\n        --------\n        >>> from selenium.webdriver.common.by import By\n        >>> from selenium.webdriver.support.ui import WebDriverWait\n        >>> from selenium.webdriver.support import expected_conditions as EC\n    \n        # Wait until an element is visible on the page\n        >>> wait = WebDriverWait(driver, 10)\n        >>> element = wait.until(EC.visibility_of_element_located((By.ID, \"exampleId\")))\n        >>> print(element.text)\n        \"\"\"\n        screen = None\n        stacktrace = None\n    \n        end_time = time.monotonic() + self._timeout\n        while True:\n            try:\n                value = method(self._driver)\n                if value:\n                    return value\n            except self._ignored_exceptions as exc:\n                screen = getattr(exc, \"screen\", None)\n                stacktrace = getattr(exc, \"stacktrace\", None)\n            if time.monotonic() > end_time:\n                break\n            time.sleep(self._poll)\n>       raise TimeoutException(message, screen, stacktrace)\nE       selenium.common.exceptions.TimeoutException: Message: \nE       Stacktrace:\nE       Symbols not available. Dumping unresolved backtrace:\nE       \t0x7ff74922fe35\nE       \t0x7ff74922fe90\nE       \t0x7ff748fb139d\nE       \t0x7ff749009d8e\nE       \t0x7ff74900a09c\nE       \t0x7ff74905e8d7\nE       \t0x7ff74905b61b\nE       \t0x7ff748ffac6d\nE       \t0x7ff748ffbae3\nE       \t0x7ff7494fa10d\nE       \t0x7ff7494f448a\nE       \t0x7ff749515157\nE       \t0x7ff74924a81e\nE       \t0x7ff74925262f\nE       \t0x7ff749239324\nE       \t0x7ff7492394df\nE       \t0x7ff74921ee88\nE       \t0x7ffc59d27374\nE       \t0x7ffc5a9fcc91\n\nD:\\Python310\\lib\\site-packages\\selenium\\webdriver\\support\\wait.py:138: TimeoutException","steps":[],"attachments":[{"uid":"821e90ccb5d634fa","name":"test_unit_ctrlM_20260124_033511","source":"821e90ccb5d634fa.png","type":"image/png","size":72737},{"uid":"f7f26a5d13ee23c2","name":"log","source":"f7f26a5d13ee23c2.txt","type":"text/plain","size":3013}],"parameters":[],"shouldDisplayMessage":true,"attachmentsCount":2,"stepsCount":0,"attachmentStep":false,"hasContent":true},"afterStages":[{"name":"login_to_planUnit::0","time":{"start":1769197011621,"stop":1769197013782,"duration":2161},"status":"passed","steps":[],"attachments":[],"parameters":[],"shouldDisplayMessage":false,"attachmentsCount":0,"stepsCount":0,"attachmentStep":false,"hasContent":false}],"labels":[{"name":"story","value":"模拟ctrl+m修改"},{"name":"feature","value":"计划单元页用例"},{"name":"parentSuite","value":"Tests.test_system"},{"name":"suite","value":"test_planUnit"},{"name":"subSuite","value":"TestPlanUnitPage"},{"name":"host","value":"DESKTOP-L7L44NB"},{"name":"thread","value":"13144-MainThread"},{"name":"framework","value":"pytest"},{"name":"language","value":"cpython3"},{"name":"package","value":"Tests.test_system.test_planUnit"},{"name":"resultFormat","value":"allure2"}],"parameters":[],"links":[],"hidden":false,"retry":false,"extra":{"severity":"normal","retries":[{"uid":"1a78b48e0b42d3a4","status":"broken","statusDetails":"selenium.common.exceptions.TimeoutException: Message: \nStacktrace:\nSymbols not available. Dumping unresolved backtrace:\n\t0x7ff74922fe35\n\t0x7ff74922fe90\n\t0x7ff748fb139d\n\t0x7ff749009d8e\n\t0x7ff74900a09c\n\t0x7ff74905e8d7\n\t0x7ff74905b61b\n\t0x7ff748ffac6d\n\t0x7ff748ffbae3\n\t0x7ff7494fa10d\n\t0x7ff7494f448a\n\t0x7ff749515157\n\t0x7ff74924a81e\n\t0x7ff74925262f\n\t0x7ff749239324\n\t0x7ff7492394df\n\t0x7ff74921ee88\n\t0x7ffc59d27374\n\t0x7ffc5a9fcc91","time":{"start":1769196878867,"stop":1769196896445,"duration":17578}}],"categories":[{"name":"Test defects","matchedStatuses":[]}],"tags":[]},"source":"344d5f5080cd6a1b.json","parameterValues":[]}