{"uid":"38f6138b2c9936a","name":"test_previewPlan_delete","fullName":"Tests.test_items.test_previewplan.TestPreviewPlanPage#test_previewPlan_delete","historyId":"b5a004c1e5a78d634189c0edd5495391","time":{"start":1770045642106,"stop":1770045652953,"duration":10847},"status":"broken","statusMessage":"selenium.common.exceptions.TimeoutException: Message: \nStacktrace:\nSymbols not available. Dumping unresolved backtrace:\n\t0x7ff64839fe35\n\t0x7ff64839fe90\n\t0x7ff64812139d\n\t0x7ff648179d8e\n\t0x7ff64817a09c\n\t0x7ff6481ce8d7\n\t0x7ff6481cb61b\n\t0x7ff64816ac6d\n\t0x7ff64816bae3\n\t0x7ff64866a10d\n\t0x7ff64866448a\n\t0x7ff648685157\n\t0x7ff6483ba81e\n\t0x7ff6483c262f\n\t0x7ff6483a9324\n\t0x7ff6483a94df\n\t0x7ff64838ee88\n\t0x7ffc59d27374\n\t0x7ffc5a9fcc91","statusTrace":"self = <test_items.test_previewplan.TestPreviewPlanPage object at 0x000001F87E6A6B30>, login_to_previewPlan = <selenium.webdriver.chrome.webdriver.WebDriver (session=\"2f09c86fd25ee24f6530c389cb6af603\")>\n\n    @allure.story(\"删除工作指示成功，并且工作指示发布重新可以查询信息\")\n    # @pytest.mark.run(order=1)\n    def test_previewPlan_delete(self, login_to_previewPlan):\n        driver = login_to_previewPlan  # WebDriver 实例\n        previewPlan = PreviewPlanPage(driver)  # 用 previewPlan 初始化 PreviewPlanPage\n        operationPlan = operationPlanPage(driver)\n        shared_data = SharedDataUtil.load_data()\n        resource1 = shared_data.get(\"master_res1\")\n        resource2 = shared_data.get(\"master_res2\")\n        previewPlan.enter_texts(\n            '//div[./p[text()=\"订单代码\"]]/parent::div//input', \"1测试C订单\"\n        )\n>       ele_resource1 = previewPlan.get_find_element_xpath(\n            '//table[.//td[4]//span[text()=\"1测试C订单\"]]//tr[1]/td[7]'\n        ).text\n\nTests\\test_items\\test_previewplan.py:105: \n_ _ _ _ _ _ _ _ _ _ _ _ _ _ _ _ _ _ _ _ _ _ _ _ _ _ _ _ _ _ _ _ _ _ _ _ _ _ _ _ _ _ _ _ _ _ _ _ _ _ _ _ _ _ _ _ _ _ _ _ _ _ _ _ _ _ _ _ _ _ _ _ _ _ _ _ _ _ _ _ _ _ _ _ _ _ _ _ _ _ _ _ _ _ _ _ _ _ _ _ _ _ _ _ _ _ _ _ _ _ _ _ _ _ _ _\nPages\\itemsPage\\previewPlan_page.py:30: in get_find_element_xpath\n    return self.find_element(By.XPATH, xpath)\nPages\\base_page.py:28: in find_element\n    return WebDriverWait(self.driver, wait_time).until(\n_ _ _ _ _ _ _ _ _ _ _ _ _ _ _ _ _ _ _ _ _ _ _ _ _ _ _ _ _ _ _ _ _ _ _ _ _ _ _ _ _ _ _ _ _ _ _ _ _ _ _ _ _ _ _ _ _ _ _ _ _ _ _ _ _ _ _ _ _ _ _ _ _ _ _ _ _ _ _ _ _ _ _ _ _ _ _ _ _ _ _ _ _ _ _ _ _ _ _ _ _ _ _ _ _ _ _ _ _ _ _ _ _ _ _ _\n\nself = <selenium.webdriver.support.wait.WebDriverWait (session=\"2f09c86fd25ee24f6530c389cb6af603\")>, method = <function presence_of_element_located.<locals>._predicate at 0x000001F87F4E2F80>, message = ''\n\n    def until(self, method: Callable[[D], Union[Literal[False], T]], message: str = \"\") -> T:\n        \"\"\"Wait until the method returns a value that is not False.\n    \n        Calls the method provided with the driver as an argument until the\n        return value does not evaluate to ``False``.\n    \n        Parameters:\n        -----------\n        method: callable(WebDriver)\n            - A callable object that takes a WebDriver instance as an argument.\n    \n        message: str\n            - Optional message for :exc:`TimeoutException`\n    \n        Return:\n        -------\n        object: T\n            - The result of the last call to `method`\n    \n        Raises:\n        -------\n        TimeoutException\n            - If 'method' does not return a truthy value within the WebDriverWait\n            object's timeout\n    \n        Example:\n        --------\n        >>> from selenium.webdriver.common.by import By\n        >>> from selenium.webdriver.support.ui import WebDriverWait\n        >>> from selenium.webdriver.support import expected_conditions as EC\n    \n        # Wait until an element is visible on the page\n        >>> wait = WebDriverWait(driver, 10)\n        >>> element = wait.until(EC.visibility_of_element_located((By.ID, \"exampleId\")))\n        >>> print(element.text)\n        \"\"\"\n        screen = None\n        stacktrace = None\n    \n        end_time = time.monotonic() + self._timeout\n        while True:\n            try:\n                value = method(self._driver)\n                if value:\n                    return value\n            except self._ignored_exceptions as exc:\n                screen = getattr(exc, \"screen\", None)\n                stacktrace = getattr(exc, \"stacktrace\", None)\n            if time.monotonic() > end_time:\n                break\n            time.sleep(self._poll)\n>       raise TimeoutException(message, screen, stacktrace)\nE       selenium.common.exceptions.TimeoutException: Message: \nE       Stacktrace:\nE       Symbols not available. Dumping unresolved backtrace:\nE       \t0x7ff64839fe35\nE       \t0x7ff64839fe90\nE       \t0x7ff64812139d\nE       \t0x7ff648179d8e\nE       \t0x7ff64817a09c\nE       \t0x7ff6481ce8d7\nE       \t0x7ff6481cb61b\nE       \t0x7ff64816ac6d\nE       \t0x7ff64816bae3\nE       \t0x7ff64866a10d\nE       \t0x7ff64866448a\nE       \t0x7ff648685157\nE       \t0x7ff6483ba81e\nE       \t0x7ff6483c262f\nE       \t0x7ff6483a9324\nE       \t0x7ff6483a94df\nE       \t0x7ff64838ee88\nE       \t0x7ffc59d27374\nE       \t0x7ffc5a9fcc91\n\nD:\\Python310\\lib\\site-packages\\selenium\\webdriver\\support\\wait.py:138: TimeoutException","flaky":false,"newFailed":false,"newBroken":false,"newPassed":false,"retriesCount":1,"retriesStatusChange":false,"beforeStages":[{"name":"login_to_previewPlan","time":{"start":1770045594687,"stop":1770045611903,"duration":17216},"status":"passed","steps":[],"attachments":[],"parameters":[],"stepsCount":0,"hasContent":false,"attachmentStep":false,"shouldDisplayMessage":false,"attachmentsCount":0}],"testStage":{"status":"broken","statusMessage":"selenium.common.exceptions.TimeoutException: Message: \nStacktrace:\nSymbols not available. Dumping unresolved backtrace:\n\t0x7ff64839fe35\n\t0x7ff64839fe90\n\t0x7ff64812139d\n\t0x7ff648179d8e\n\t0x7ff64817a09c\n\t0x7ff6481ce8d7\n\t0x7ff6481cb61b\n\t0x7ff64816ac6d\n\t0x7ff64816bae3\n\t0x7ff64866a10d\n\t0x7ff64866448a\n\t0x7ff648685157\n\t0x7ff6483ba81e\n\t0x7ff6483c262f\n\t0x7ff6483a9324\n\t0x7ff6483a94df\n\t0x7ff64838ee88\n\t0x7ffc59d27374\n\t0x7ffc5a9fcc91","statusTrace":"self = <test_items.test_previewplan.TestPreviewPlanPage object at 0x000001F87E6A6B30>, login_to_previewPlan = <selenium.webdriver.chrome.webdriver.WebDriver (session=\"2f09c86fd25ee24f6530c389cb6af603\")>\n\n    @allure.story(\"删除工作指示成功，并且工作指示发布重新可以查询信息\")\n    # @pytest.mark.run(order=1)\n    def test_previewPlan_delete(self, login_to_previewPlan):\n        driver = login_to_previewPlan  # WebDriver 实例\n        previewPlan = PreviewPlanPage(driver)  # 用 previewPlan 初始化 PreviewPlanPage\n        operationPlan = operationPlanPage(driver)\n        shared_data = SharedDataUtil.load_data()\n        resource1 = shared_data.get(\"master_res1\")\n        resource2 = shared_data.get(\"master_res2\")\n        previewPlan.enter_texts(\n            '//div[./p[text()=\"订单代码\"]]/parent::div//input', \"1测试C订单\"\n        )\n>       ele_resource1 = previewPlan.get_find_element_xpath(\n            '//table[.//td[4]//span[text()=\"1测试C订单\"]]//tr[1]/td[7]'\n        ).text\n\nTests\\test_items\\test_previewplan.py:105: \n_ _ _ _ _ _ _ _ _ _ _ _ _ _ _ _ _ _ _ _ _ _ _ _ _ _ _ _ _ _ _ _ _ _ _ _ _ _ _ _ _ _ _ _ _ _ _ _ _ _ _ _ _ _ _ _ _ _ _ _ _ _ _ _ _ _ _ _ _ _ _ _ _ _ _ _ _ _ _ _ _ _ _ _ _ _ _ _ _ _ _ _ _ _ _ _ _ _ _ _ _ _ _ _ _ _ _ _ _ _ _ _ _ _ _ _\nPages\\itemsPage\\previewPlan_page.py:30: in get_find_element_xpath\n    return self.find_element(By.XPATH, xpath)\nPages\\base_page.py:28: in find_element\n    return WebDriverWait(self.driver, wait_time).until(\n_ _ _ _ _ _ _ _ _ _ _ _ _ _ _ _ _ _ _ _ _ _ _ _ _ _ _ _ _ _ _ _ _ _ _ _ _ _ _ _ _ _ _ _ _ _ _ _ _ _ _ _ _ _ _ _ _ _ _ _ _ _ _ _ _ _ _ _ _ _ _ _ _ _ _ _ _ _ _ _ _ _ _ _ _ _ _ _ _ _ _ _ _ _ _ _ _ _ _ _ _ _ _ _ _ _ _ _ _ _ _ _ _ _ _ _\n\nself = <selenium.webdriver.support.wait.WebDriverWait (session=\"2f09c86fd25ee24f6530c389cb6af603\")>, method = <function presence_of_element_located.<locals>._predicate at 0x000001F87F4E2F80>, message = ''\n\n    def until(self, method: Callable[[D], Union[Literal[False], T]], message: str = \"\") -> T:\n        \"\"\"Wait until the method returns a value that is not False.\n    \n        Calls the method provided with the driver as an argument until the\n        return value does not evaluate to ``False``.\n    \n        Parameters:\n        -----------\n        method: callable(WebDriver)\n            - A callable object that takes a WebDriver instance as an argument.\n    \n        message: str\n            - Optional message for :exc:`TimeoutException`\n    \n        Return:\n        -------\n        object: T\n            - The result of the last call to `method`\n    \n        Raises:\n        -------\n        TimeoutException\n            - If 'method' does not return a truthy value within the WebDriverWait\n            object's timeout\n    \n        Example:\n        --------\n        >>> from selenium.webdriver.common.by import By\n        >>> from selenium.webdriver.support.ui import WebDriverWait\n        >>> from selenium.webdriver.support import expected_conditions as EC\n    \n        # Wait until an element is visible on the page\n        >>> wait = WebDriverWait(driver, 10)\n        >>> element = wait.until(EC.visibility_of_element_located((By.ID, \"exampleId\")))\n        >>> print(element.text)\n        \"\"\"\n        screen = None\n        stacktrace = None\n    \n        end_time = time.monotonic() + self._timeout\n        while True:\n            try:\n                value = method(self._driver)\n                if value:\n                    return value\n            except self._ignored_exceptions as exc:\n                screen = getattr(exc, \"screen\", None)\n                stacktrace = getattr(exc, \"stacktrace\", None)\n            if time.monotonic() > end_time:\n                break\n            time.sleep(self._poll)\n>       raise TimeoutException(message, screen, stacktrace)\nE       selenium.common.exceptions.TimeoutException: Message: \nE       Stacktrace:\nE       Symbols not available. Dumping unresolved backtrace:\nE       \t0x7ff64839fe35\nE       \t0x7ff64839fe90\nE       \t0x7ff64812139d\nE       \t0x7ff648179d8e\nE       \t0x7ff64817a09c\nE       \t0x7ff6481ce8d7\nE       \t0x7ff6481cb61b\nE       \t0x7ff64816ac6d\nE       \t0x7ff64816bae3\nE       \t0x7ff64866a10d\nE       \t0x7ff64866448a\nE       \t0x7ff648685157\nE       \t0x7ff6483ba81e\nE       \t0x7ff6483c262f\nE       \t0x7ff6483a9324\nE       \t0x7ff6483a94df\nE       \t0x7ff64838ee88\nE       \t0x7ffc59d27374\nE       \t0x7ffc5a9fcc91\n\nD:\\Python310\\lib\\site-packages\\selenium\\webdriver\\support\\wait.py:138: TimeoutException","steps":[],"attachments":[{"uid":"82dbb2ae719f6a4d","name":"test_previewPlan_delete_20260202_232052","source":"82dbb2ae719f6a4d.png","type":"image/png","size":90006},{"uid":"eede5df9eff4cc22","name":"log","source":"eede5df9eff4cc22.txt","type":"text/plain","size":2962}],"parameters":[],"stepsCount":0,"hasContent":true,"attachmentStep":false,"shouldDisplayMessage":true,"attachmentsCount":2},"afterStages":[{"name":"login_to_previewPlan::0","time":{"start":1770045718060,"stop":1770045720223,"duration":2163},"status":"passed","steps":[],"attachments":[],"parameters":[],"stepsCount":0,"hasContent":false,"attachmentStep":false,"shouldDisplayMessage":false,"attachmentsCount":0}],"labels":[{"name":"story","value":"删除工作指示成功，并且工作指示发布重新可以查询信息"},{"name":"feature","value":"工作指示一览表测试用例"},{"name":"parentSuite","value":"Tests.test_items"},{"name":"suite","value":"test_previewplan"},{"name":"subSuite","value":"TestPreviewPlanPage"},{"name":"host","value":"DESKTOP-L7L44NB"},{"name":"thread","value":"32544-MainThread"},{"name":"framework","value":"pytest"},{"name":"language","value":"cpython3"},{"name":"package","value":"Tests.test_items.test_previewplan"},{"name":"resultFormat","value":"allure2"}],"parameters":[],"links":[],"hidden":false,"retry":false,"extra":{"severity":"normal","retries":[{"uid":"abfd97bcab9c0625","status":"broken","statusDetails":"selenium.common.exceptions.TimeoutException: Message: \nStacktrace:\nSymbols not available. Dumping unresolved backtrace:\n\t0x7ff64839fe35\n\t0x7ff64839fe90\n\t0x7ff64812139d\n\t0x7ff648179d8e\n\t0x7ff64817a09c\n\t0x7ff6481ce8d7\n\t0x7ff6481cb61b\n\t0x7ff64816ac6d\n\t0x7ff64816bae3\n\t0x7ff64866a10d\n\t0x7ff64866448a\n\t0x7ff648685157\n\t0x7ff6483ba81e\n\t0x7ff6483c262f\n\t0x7ff6483a9324\n\t0x7ff6483a94df\n\t0x7ff64838ee88\n\t0x7ffc59d27374\n\t0x7ffc5a9fcc91","time":{"start":1770045620816,"stop":1770045641963,"duration":21147}}],"categories":[{"name":"Test defects","matchedStatuses":[]}],"tags":[]},"source":"38f6138b2c9936a.json","parameterValues":[]}