{"uid":"39348d620442423","name":"test_spec_spec6","fullName":"Tests.test_items.test_spec1.TestSpecPage#test_spec_spec6","historyId":"e8af9958dfee12fd2245361e7d11ab7f","time":{"start":1767097901223,"stop":1767097953199,"duration":51976},"status":"failed","statusMessage":"AssertionError: assert 1 == 0\n +  where 1 = len([<selenium.webdriver.remote.webelement.WebElement (session=\"646aa21171926d219b0a3fbf7500008b\", element=\"f.E1B84F77AAA9D186D5B0C5667A9FC17D.d.7181BEF89FF0725EA9C846B9EA50C990.e.5315\")>])","statusTrace":"self = <test_items.test_spec1.TestSpecPage object at 0x000002679B627640>, login_to_spec1 = <selenium.webdriver.chrome.webdriver.WebDriver (session=\"646aa21171926d219b0a3fbf7500008b\")>\n\n    @allure.story(\"生产特征6增删查改\")\n    # @pytest.mark.run(order=1)\n    def test_spec_spec6(self, login_to_spec1):\n        driver = login_to_spec1  # WebDriver 实例\n        spec = Spec1Page(driver)  # 用 driver 初始化 Spec1Page\n        list_name = ['1测试生产特征66', '1测试生产特征6']\n        after_name = '1修改生产特征66'\n        spec.click_button('//div[text()=\" 生产特征5 \"]')\n        spec.click_button('//div[div[text()=\" 生产特征5 \"]]/span')\n        spec.click_spec_num(6)\n        add1 = spec.finds_elements(By.XPATH, f'//tr[./td[2][.//span[text()=\"{list_name[0]}\"]]]/td[2]')\n        add2 = spec.finds_elements(By.XPATH, f'//tr[./td[2][.//span[text()=\"{list_name[1]}\"]]]/td[2]')\n        add3 = spec.finds_elements(By.XPATH, f'//tr[./td[2][.//span[text()=\"{after_name}\"]]]/td[2]')\n        if len(add2) == 0:\n            spec.add_spec_data(list_name[1])\n        if len(add1) == 0 and len(add3) == 0:\n            spec.add_spec_data(list_name[0])\n            ele0 = spec.finds_elements(By.XPATH, f'//tr[./td[2][.//span[text()=\"{list_name[0]}\"]]]/td[2]')\n            assert len(ele0) == 1\n        ele1 = spec.finds_elements(By.XPATH, f'//tr[./td[2][.//span[text()=\"{list_name[1]}\"]]]/td[2]')\n        assert len(ele1) == 1\n    \n        edit = spec.finds_elements(By.XPATH, f'//tr[./td[2][.//span[text()=\"{after_name}\"]]]/td[2]')\n        if len(edit) == 0:\n            spec.edit_spec_data(list_name[0], after_name)\n        ele = spec.finds_elements(By.XPATH, f'//tr[./td[2][.//span[text()=\"{after_name}\"]]]/td[2]')\n        assert len(ele) == 1\n    \n        spec.select_spec_data(after_name)\n        speccode = spec.get_find_element_xpath(\n            '(//table[@class=\"vxe-table--body\"])[2]//tr[1]/td[2]'\n        ).text\n        # 定位第二行没有数据\n        speccode2 = driver.find_elements(\n            By.XPATH,\n            '(//table[contains(@class, \"vxe-table--body\")])[2]//tr[2]/td[2]',\n        )\n        assert speccode == after_name and len(speccode2) == 0\n    \n        spec.del_spec_data(after_name)\n        ele = spec.finds_elements(By.XPATH, f'//tr[./td[2][.//span[text()=\"{after_name}\"]]]/td[2]')\n>       assert len(ele) == 0\nE       assert 1 == 0\nE        +  where 1 = len([<selenium.webdriver.remote.webelement.WebElement (session=\"646aa21171926d219b0a3fbf7500008b\", element=\"f.E1B84F77AAA9D186D5B0C5667A9FC17D.d.7181BEF89FF0725EA9C846B9EA50C990.e.5315\")>])\n\nTests\\test_items\\test_spec1.py:1173: AssertionError","flaky":false,"newFailed":false,"newBroken":false,"newPassed":false,"retriesCount":0,"retriesStatusChange":false,"beforeStages":[{"name":"login_to_spec1","time":{"start":1767097289518,"stop":1767097308744,"duration":19226},"status":"passed","steps":[],"attachments":[],"parameters":[],"attachmentsCount":0,"shouldDisplayMessage":false,"stepsCount":0,"hasContent":false,"attachmentStep":false}],"testStage":{"status":"failed","statusMessage":"AssertionError: assert 1 == 0\n +  where 1 = len([<selenium.webdriver.remote.webelement.WebElement (session=\"646aa21171926d219b0a3fbf7500008b\", element=\"f.E1B84F77AAA9D186D5B0C5667A9FC17D.d.7181BEF89FF0725EA9C846B9EA50C990.e.5315\")>])","statusTrace":"self = <test_items.test_spec1.TestSpecPage object at 0x000002679B627640>, login_to_spec1 = <selenium.webdriver.chrome.webdriver.WebDriver (session=\"646aa21171926d219b0a3fbf7500008b\")>\n\n    @allure.story(\"生产特征6增删查改\")\n    # @pytest.mark.run(order=1)\n    def test_spec_spec6(self, login_to_spec1):\n        driver = login_to_spec1  # WebDriver 实例\n        spec = Spec1Page(driver)  # 用 driver 初始化 Spec1Page\n        list_name = ['1测试生产特征66', '1测试生产特征6']\n        after_name = '1修改生产特征66'\n        spec.click_button('//div[text()=\" 生产特征5 \"]')\n        spec.click_button('//div[div[text()=\" 生产特征5 \"]]/span')\n        spec.click_spec_num(6)\n        add1 = spec.finds_elements(By.XPATH, f'//tr[./td[2][.//span[text()=\"{list_name[0]}\"]]]/td[2]')\n        add2 = spec.finds_elements(By.XPATH, f'//tr[./td[2][.//span[text()=\"{list_name[1]}\"]]]/td[2]')\n        add3 = spec.finds_elements(By.XPATH, f'//tr[./td[2][.//span[text()=\"{after_name}\"]]]/td[2]')\n        if len(add2) == 0:\n            spec.add_spec_data(list_name[1])\n        if len(add1) == 0 and len(add3) == 0:\n            spec.add_spec_data(list_name[0])\n            ele0 = spec.finds_elements(By.XPATH, f'//tr[./td[2][.//span[text()=\"{list_name[0]}\"]]]/td[2]')\n            assert len(ele0) == 1\n        ele1 = spec.finds_elements(By.XPATH, f'//tr[./td[2][.//span[text()=\"{list_name[1]}\"]]]/td[2]')\n        assert len(ele1) == 1\n    \n        edit = spec.finds_elements(By.XPATH, f'//tr[./td[2][.//span[text()=\"{after_name}\"]]]/td[2]')\n        if len(edit) == 0:\n            spec.edit_spec_data(list_name[0], after_name)\n        ele = spec.finds_elements(By.XPATH, f'//tr[./td[2][.//span[text()=\"{after_name}\"]]]/td[2]')\n        assert len(ele) == 1\n    \n        spec.select_spec_data(after_name)\n        speccode = spec.get_find_element_xpath(\n            '(//table[@class=\"vxe-table--body\"])[2]//tr[1]/td[2]'\n        ).text\n        # 定位第二行没有数据\n        speccode2 = driver.find_elements(\n            By.XPATH,\n            '(//table[contains(@class, \"vxe-table--body\")])[2]//tr[2]/td[2]',\n        )\n        assert speccode == after_name and len(speccode2) == 0\n    \n        spec.del_spec_data(after_name)\n        ele = spec.finds_elements(By.XPATH, f'//tr[./td[2][.//span[text()=\"{after_name}\"]]]/td[2]')\n>       assert len(ele) == 0\nE       assert 1 == 0\nE        +  where 1 = len([<selenium.webdriver.remote.webelement.WebElement (session=\"646aa21171926d219b0a3fbf7500008b\", element=\"f.E1B84F77AAA9D186D5B0C5667A9FC17D.d.7181BEF89FF0725EA9C846B9EA50C990.e.5315\")>])\n\nTests\\test_items\\test_spec1.py:1173: AssertionError","steps":[],"attachments":[{"uid":"a82f4e6199616b1d","name":"test_spec_spec6_20251230_203233","source":"a82f4e6199616b1d.png","type":"image/png","size":66580},{"uid":"46078e1b78431f9","name":"log","source":"46078e1b78431f9.txt","type":"text/plain","size":4371}],"parameters":[],"attachmentsCount":2,"shouldDisplayMessage":true,"stepsCount":0,"hasContent":true,"attachmentStep":false},"afterStages":[{"name":"login_to_spec1::0","time":{"start":1767098204565,"stop":1767098206723,"duration":2158},"status":"passed","steps":[],"attachments":[],"parameters":[],"attachmentsCount":0,"shouldDisplayMessage":false,"stepsCount":0,"hasContent":false,"attachmentStep":false}],"labels":[{"name":"story","value":"生产特征6增删查改"},{"name":"feature","value":"生产特征表测试用例"},{"name":"parentSuite","value":"Tests.test_items"},{"name":"suite","value":"test_spec1"},{"name":"subSuite","value":"TestSpecPage"},{"name":"host","value":"DESKTOP-L7L44NB"},{"name":"thread","value":"19660-MainThread"},{"name":"framework","value":"pytest"},{"name":"language","value":"cpython3"},{"name":"package","value":"Tests.test_items.test_spec1"},{"name":"resultFormat","value":"allure2"}],"parameters":[],"links":[],"hidden":true,"retry":true,"extra":{"categories":[],"tags":[]},"source":"39348d620442423.json","parameterValues":[]}