{"uid":"3b83505fccbcc3a9","name":"test_affairs_process_select4","fullName":"Tests.test_system.test_affairs.TestAffairsPage#test_affairs_process_select4","historyId":"641c398b1f449b41e38498e3aa7e77bb","time":{"start":1768850100118,"stop":1768850104039,"duration":3921},"status":"failed","statusMessage":"AssertionError: 验证失败！第 1 行不符合条件\n  期望值: '测试流程7'\n  实际值: '6312330972562366'\nassert '测试流程7' == '6312330972562366'\n  \n  \u001B[0m\u001B[91m- 6312330972562366\u001B[39;49;00m\u001B[90m\u001B[39;49;00m\n  \u001B[92m+ 测试流程7\u001B[39;49;00m\u001B[90m\u001B[39;49;00m","statusTrace":"self = <test_system.test_affairs.TestAffairsPage object at 0x000001E2FA386AA0>, login_to_affairs = <selenium.webdriver.chrome.webdriver.WebDriver (session=\"3db740648a577c5480194b135ffdb555\")>\n\n    @allure.story(\"我的流程-查询流程名称成功\")\n    # @pytest.mark.run(order=1)\n    def test_affairs_process_select4(self, login_to_affairs):\n        driver = login_to_affairs  # WebDriver 实例\n        affairs = AffairsPage(driver)  # 用 driver 初始化 AffairsPage\n        name = \"测试流程7\"\n        sleep(1)\n        affairs.click_process()\n        affairs.select_all(process=name)\n        # 获取表格中所有行\n        rows = WebDriverWait(driver, 10).until(\n            EC.presence_of_all_elements_located(\n                (By.XPATH, '(//table[@class=\"el-table__body\"])[1]//tr')\n            )\n        )\n    \n        # 逐行检查（发现第一个失败立即终止）\n        for index, row in enumerate(rows, start=1):\n            div_text = row.find_element(\n                By.XPATH,\n                './td[3]/div'\n            ).text.strip()\n    \n>           assert name == div_text, (\n                f\"验证失败！第 {index} 行不符合条件\\n\"\n                f\"期望值: '{name}'\\n\"\n                f\"实际值: '{div_text}'\"\n            )\nE           AssertionError: 验证失败！第 1 行不符合条件\nE             期望值: '测试流程7'\nE             实际值: '6312330972562366'\nE           assert '测试流程7' == '6312330972562366'\nE             \nE             \u001B[0m\u001B[91m- 6312330972562366\u001B[39;49;00m\u001B[90m\u001B[39;49;00m\nE             \u001B[92m+ 测试流程7\u001B[39;49;00m\u001B[90m\u001B[39;49;00m\n\nTests\\test_system\\test_affairs.py:1073: AssertionError","flaky":false,"newFailed":false,"newBroken":false,"newPassed":false,"retriesCount":1,"retriesStatusChange":false,"beforeStages":[{"name":"login_to_affairs","time":{"start":1768850085937,"stop":1768850100118,"duration":14181},"status":"passed","steps":[],"attachments":[],"parameters":[],"shouldDisplayMessage":false,"attachmentsCount":0,"attachmentStep":false,"stepsCount":0,"hasContent":false}],"testStage":{"status":"failed","statusMessage":"AssertionError: 验证失败！第 1 行不符合条件\n  期望值: '测试流程7'\n  实际值: '6312330972562366'\nassert '测试流程7' == '6312330972562366'\n  \n  \u001B[0m\u001B[91m- 6312330972562366\u001B[39;49;00m\u001B[90m\u001B[39;49;00m\n  \u001B[92m+ 测试流程7\u001B[39;49;00m\u001B[90m\u001B[39;49;00m","statusTrace":"self = <test_system.test_affairs.TestAffairsPage object at 0x000001E2FA386AA0>, login_to_affairs = <selenium.webdriver.chrome.webdriver.WebDriver (session=\"3db740648a577c5480194b135ffdb555\")>\n\n    @allure.story(\"我的流程-查询流程名称成功\")\n    # @pytest.mark.run(order=1)\n    def test_affairs_process_select4(self, login_to_affairs):\n        driver = login_to_affairs  # WebDriver 实例\n        affairs = AffairsPage(driver)  # 用 driver 初始化 AffairsPage\n        name = \"测试流程7\"\n        sleep(1)\n        affairs.click_process()\n        affairs.select_all(process=name)\n        # 获取表格中所有行\n        rows = WebDriverWait(driver, 10).until(\n            EC.presence_of_all_elements_located(\n                (By.XPATH, '(//table[@class=\"el-table__body\"])[1]//tr')\n            )\n        )\n    \n        # 逐行检查（发现第一个失败立即终止）\n        for index, row in enumerate(rows, start=1):\n            div_text = row.find_element(\n                By.XPATH,\n                './td[3]/div'\n            ).text.strip()\n    \n>           assert name == div_text, (\n                f\"验证失败！第 {index} 行不符合条件\\n\"\n                f\"期望值: '{name}'\\n\"\n                f\"实际值: '{div_text}'\"\n            )\nE           AssertionError: 验证失败！第 1 行不符合条件\nE             期望值: '测试流程7'\nE             实际值: '6312330972562366'\nE           assert '测试流程7' == '6312330972562366'\nE             \nE             \u001B[0m\u001B[91m- 6312330972562366\u001B[39;49;00m\u001B[90m\u001B[39;49;00m\nE             \u001B[92m+ 测试流程7\u001B[39;49;00m\u001B[90m\u001B[39;49;00m\n\nTests\\test_system\\test_affairs.py:1073: AssertionError","steps":[],"attachments":[{"uid":"affc3e88fd9a6733","name":"test_affairs_process_select4_20260120_031504","source":"affc3e88fd9a6733.png","type":"image/png","size":116691},{"uid":"c1d77957a66004bc","name":"test_affairs_process_select4_20260120_031504","source":"c1d77957a66004bc.png","type":"image/png","size":116691},{"uid":"8847badfa80a7bc1","name":"test_affairs_process_select4_20260120_031504","source":"8847badfa80a7bc1.png","type":"image/png","size":57809},{"uid":"ceb55837b7d98d39","name":"log","source":"ceb55837b7d98d39.txt","type":"text/plain","size":2955}],"parameters":[],"shouldDisplayMessage":true,"attachmentsCount":4,"attachmentStep":false,"stepsCount":0,"hasContent":true},"afterStages":[{"name":"login_to_affairs::0","time":{"start":1768850104400,"stop":1768850106557,"duration":2157},"status":"passed","steps":[],"attachments":[],"parameters":[],"shouldDisplayMessage":false,"attachmentsCount":0,"attachmentStep":false,"stepsCount":0,"hasContent":false}],"labels":[{"name":"feature","value":"事务管理页用例"},{"name":"story","value":"我的流程-查询流程名称成功"},{"name":"parentSuite","value":"Tests.test_system"},{"name":"suite","value":"test_affairs"},{"name":"subSuite","value":"TestAffairsPage"},{"name":"host","value":"DESKTOP-L7L44NB"},{"name":"thread","value":"1124-MainThread"},{"name":"framework","value":"pytest"},{"name":"language","value":"cpython3"},{"name":"package","value":"Tests.test_system.test_affairs"},{"name":"resultFormat","value":"allure2"}],"parameters":[],"links":[],"hidden":false,"retry":false,"extra":{"severity":"normal","retries":[{"uid":"be1516231e21e215","status":"failed","statusDetails":"AssertionError: 验证失败！第 1 行不符合条件\n  期望值: '测试流程7'\n  实际值: '6312330972562366'\nassert '测试流程7' == '6312330972562366'\n  \n  \u001B[0m\u001B[91m- 6312330972562366\u001B[39;49;00m\u001B[90m\u001B[39;49;00m\n  \u001B[92m+ 测试流程7\u001B[39;49;00m\u001B[90m\u001B[39;49;00m","time":{"start":1768850079540,"stop":1768850083409,"duration":3869}}],"categories":[{"name":"Product defects","matchedStatuses":[]}],"tags":[]},"source":"3b83505fccbcc3a9.json","parameterValues":[]}