{"uid":"3bac1cf846bca584","name":"test_changeR_select4","fullName":"Tests.test_items.test_changeR.TestChangeRPage#test_changeR_select4","historyId":"9b1de84143aeeafdfe5a9fdfb5a56325","time":{"start":1769694880061,"stop":1769694892144,"duration":12083},"status":"broken","statusMessage":"selenium.common.exceptions.TimeoutException: Message: \nStacktrace:\nSymbols not available. Dumping unresolved backtrace:\n\t0x7ff60eabfe35\n\t0x7ff60eabfe90\n\t0x7ff60e84139d\n\t0x7ff60e899d8e\n\t0x7ff60e89a09c\n\t0x7ff60e8ee8d7\n\t0x7ff60e8eb61b\n\t0x7ff60e88ac6d\n\t0x7ff60e88bae3\n\t0x7ff60ed8a10d\n\t0x7ff60ed8448a\n\t0x7ff60eda5157\n\t0x7ff60eada81e\n\t0x7ff60eae262f\n\t0x7ff60eac9324\n\t0x7ff60eac94df\n\t0x7ff60eaaee88\n\t0x7ffc59d27374\n\t0x7ffc5a9fcc91","statusTrace":"self = <test_items.test_changeR.TestChangeRPage object at 0x0000019956254B20>, login_to_changeR = <selenium.webdriver.chrome.webdriver.WebDriver (session=\"5ba3341b320d3624da1e3b8dccbb39c8\")>\n\n    @allure.story(\"过滤条件查询，设置符合开头查询成功\")\n    # @pytest.mark.run(order=1)\n    def test_changeR_select4(self, login_to_changeR):\n        driver = login_to_changeR  # WebDriver 实例\n        changeR = ChangeR(driver)  # 用 driver 初始化 ChangeR\n        name = changeR.get_find_element_xpath(\n            '//div[@class=\"vxe-table--body-wrapper body--wrapper\"]/table[@class=\"vxe-table--body\"]//tr[2]//td[2]'\n        ).get_attribute('innerText')\n        first_char = name[:1] if name else \"\"\n        changeR.click_button('//p[text()=\"资源\"]/ancestor::div[2]/div[3]//i')\n>       changeR.hover(\"符合开头\")\n\nTests\\test_items\\test_changeR.py:1045: \n_ _ _ _ _ _ _ _ _ _ _ _ _ _ _ _ _ _ _ _ _ _ _ _ _ _ _ _ _ _ _ _ _ _ _ _ _ _ _ _ _ _ _ _ _ _ _ _ _ _ _ _ _ _ _ _ _ _ _ _ _ _ _ _ _ _ _ _ _ _ _ _ _ _ _ _ _ _ _ _ _ _ _ _ _ _ _ _ _ _ _ _ _ _ _ _ _ _ _ _ _ _ _ _ _ _ _ _ _ _ _ _ _ _ _ _\nPages\\itemsPage\\changeR_page.py:298: in hover\n    delete_icon = WebDriverWait(self.driver, 10).until(\n_ _ _ _ _ _ _ _ _ _ _ _ _ _ _ _ _ _ _ _ _ _ _ _ _ _ _ _ _ _ _ _ _ _ _ _ _ _ _ _ _ _ _ _ _ _ _ _ _ _ _ _ _ _ _ _ _ _ _ _ _ _ _ _ _ _ _ _ _ _ _ _ _ _ _ _ _ _ _ _ _ _ _ _ _ _ _ _ _ _ _ _ _ _ _ _ _ _ _ _ _ _ _ _ _ _ _ _ _ _ _ _ _ _ _ _\n\nself = <selenium.webdriver.support.wait.WebDriverWait (session=\"5ba3341b320d3624da1e3b8dccbb39c8\")>, method = <function visibility_of_element_located.<locals>._predicate at 0x000001995751B010>, message = ''\n\n    def until(self, method: Callable[[D], Union[Literal[False], T]], message: str = \"\") -> T:\n        \"\"\"Wait until the method returns a value that is not False.\n    \n        Calls the method provided with the driver as an argument until the\n        return value does not evaluate to ``False``.\n    \n        Parameters:\n        -----------\n        method: callable(WebDriver)\n            - A callable object that takes a WebDriver instance as an argument.\n    \n        message: str\n            - Optional message for :exc:`TimeoutException`\n    \n        Return:\n        -------\n        object: T\n            - The result of the last call to `method`\n    \n        Raises:\n        -------\n        TimeoutException\n            - If 'method' does not return a truthy value within the WebDriverWait\n            object's timeout\n    \n        Example:\n        --------\n        >>> from selenium.webdriver.common.by import By\n        >>> from selenium.webdriver.support.ui import WebDriverWait\n        >>> from selenium.webdriver.support import expected_conditions as EC\n    \n        # Wait until an element is visible on the page\n        >>> wait = WebDriverWait(driver, 10)\n        >>> element = wait.until(EC.visibility_of_element_located((By.ID, \"exampleId\")))\n        >>> print(element.text)\n        \"\"\"\n        screen = None\n        stacktrace = None\n    \n        end_time = time.monotonic() + self._timeout\n        while True:\n            try:\n                value = method(self._driver)\n                if value:\n                    return value\n            except self._ignored_exceptions as exc:\n                screen = getattr(exc, \"screen\", None)\n                stacktrace = getattr(exc, \"stacktrace\", None)\n            if time.monotonic() > end_time:\n                break\n            time.sleep(self._poll)\n>       raise TimeoutException(message, screen, stacktrace)\nE       selenium.common.exceptions.TimeoutException: Message: \nE       Stacktrace:\nE       Symbols not available. Dumping unresolved backtrace:\nE       \t0x7ff60eabfe35\nE       \t0x7ff60eabfe90\nE       \t0x7ff60e84139d\nE       \t0x7ff60e899d8e\nE       \t0x7ff60e89a09c\nE       \t0x7ff60e8ee8d7\nE       \t0x7ff60e8eb61b\nE       \t0x7ff60e88ac6d\nE       \t0x7ff60e88bae3\nE       \t0x7ff60ed8a10d\nE       \t0x7ff60ed8448a\nE       \t0x7ff60eda5157\nE       \t0x7ff60eada81e\nE       \t0x7ff60eae262f\nE       \t0x7ff60eac9324\nE       \t0x7ff60eac94df\nE       \t0x7ff60eaaee88\nE       \t0x7ffc59d27374\nE       \t0x7ffc5a9fcc91\n\nD:\\Python310\\lib\\site-packages\\selenium\\webdriver\\support\\wait.py:138: TimeoutException","flaky":false,"newFailed":false,"newBroken":false,"newPassed":false,"retriesCount":0,"retriesStatusChange":false,"beforeStages":[{"name":"login_to_changeR","time":{"start":1769694447728,"stop":1769694466099,"duration":18371},"status":"passed","steps":[],"attachments":[],"parameters":[],"shouldDisplayMessage":false,"attachmentsCount":0,"stepsCount":0,"attachmentStep":false,"hasContent":false}],"testStage":{"status":"broken","statusMessage":"selenium.common.exceptions.TimeoutException: Message: \nStacktrace:\nSymbols not available. Dumping unresolved backtrace:\n\t0x7ff60eabfe35\n\t0x7ff60eabfe90\n\t0x7ff60e84139d\n\t0x7ff60e899d8e\n\t0x7ff60e89a09c\n\t0x7ff60e8ee8d7\n\t0x7ff60e8eb61b\n\t0x7ff60e88ac6d\n\t0x7ff60e88bae3\n\t0x7ff60ed8a10d\n\t0x7ff60ed8448a\n\t0x7ff60eda5157\n\t0x7ff60eada81e\n\t0x7ff60eae262f\n\t0x7ff60eac9324\n\t0x7ff60eac94df\n\t0x7ff60eaaee88\n\t0x7ffc59d27374\n\t0x7ffc5a9fcc91","statusTrace":"self = <test_items.test_changeR.TestChangeRPage object at 0x0000019956254B20>, login_to_changeR = <selenium.webdriver.chrome.webdriver.WebDriver (session=\"5ba3341b320d3624da1e3b8dccbb39c8\")>\n\n    @allure.story(\"过滤条件查询，设置符合开头查询成功\")\n    # @pytest.mark.run(order=1)\n    def test_changeR_select4(self, login_to_changeR):\n        driver = login_to_changeR  # WebDriver 实例\n        changeR = ChangeR(driver)  # 用 driver 初始化 ChangeR\n        name = changeR.get_find_element_xpath(\n            '//div[@class=\"vxe-table--body-wrapper body--wrapper\"]/table[@class=\"vxe-table--body\"]//tr[2]//td[2]'\n        ).get_attribute('innerText')\n        first_char = name[:1] if name else \"\"\n        changeR.click_button('//p[text()=\"资源\"]/ancestor::div[2]/div[3]//i')\n>       changeR.hover(\"符合开头\")\n\nTests\\test_items\\test_changeR.py:1045: \n_ _ _ _ _ _ _ _ _ _ _ _ _ _ _ _ _ _ _ _ _ _ _ _ _ _ _ _ _ _ _ _ _ _ _ _ _ _ _ _ _ _ _ _ _ _ _ _ _ _ _ _ _ _ _ _ _ _ _ _ _ _ _ _ _ _ _ _ _ _ _ _ _ _ _ _ _ _ _ _ _ _ _ _ _ _ _ _ _ _ _ _ _ _ _ _ _ _ _ _ _ _ _ _ _ _ _ _ _ _ _ _ _ _ _ _\nPages\\itemsPage\\changeR_page.py:298: in hover\n    delete_icon = WebDriverWait(self.driver, 10).until(\n_ _ _ _ _ _ _ _ _ _ _ _ _ _ _ _ _ _ _ _ _ _ _ _ _ _ _ _ _ _ _ _ _ _ _ _ _ _ _ _ _ _ _ _ _ _ _ _ _ _ _ _ _ _ _ _ _ _ _ _ _ _ _ _ _ _ _ _ _ _ _ _ _ _ _ _ _ _ _ _ _ _ _ _ _ _ _ _ _ _ _ _ _ _ _ _ _ _ _ _ _ _ _ _ _ _ _ _ _ _ _ _ _ _ _ _\n\nself = <selenium.webdriver.support.wait.WebDriverWait (session=\"5ba3341b320d3624da1e3b8dccbb39c8\")>, method = <function visibility_of_element_located.<locals>._predicate at 0x000001995751B010>, message = ''\n\n    def until(self, method: Callable[[D], Union[Literal[False], T]], message: str = \"\") -> T:\n        \"\"\"Wait until the method returns a value that is not False.\n    \n        Calls the method provided with the driver as an argument until the\n        return value does not evaluate to ``False``.\n    \n        Parameters:\n        -----------\n        method: callable(WebDriver)\n            - A callable object that takes a WebDriver instance as an argument.\n    \n        message: str\n            - Optional message for :exc:`TimeoutException`\n    \n        Return:\n        -------\n        object: T\n            - The result of the last call to `method`\n    \n        Raises:\n        -------\n        TimeoutException\n            - If 'method' does not return a truthy value within the WebDriverWait\n            object's timeout\n    \n        Example:\n        --------\n        >>> from selenium.webdriver.common.by import By\n        >>> from selenium.webdriver.support.ui import WebDriverWait\n        >>> from selenium.webdriver.support import expected_conditions as EC\n    \n        # Wait until an element is visible on the page\n        >>> wait = WebDriverWait(driver, 10)\n        >>> element = wait.until(EC.visibility_of_element_located((By.ID, \"exampleId\")))\n        >>> print(element.text)\n        \"\"\"\n        screen = None\n        stacktrace = None\n    \n        end_time = time.monotonic() + self._timeout\n        while True:\n            try:\n                value = method(self._driver)\n                if value:\n                    return value\n            except self._ignored_exceptions as exc:\n                screen = getattr(exc, \"screen\", None)\n                stacktrace = getattr(exc, \"stacktrace\", None)\n            if time.monotonic() > end_time:\n                break\n            time.sleep(self._poll)\n>       raise TimeoutException(message, screen, stacktrace)\nE       selenium.common.exceptions.TimeoutException: Message: \nE       Stacktrace:\nE       Symbols not available. Dumping unresolved backtrace:\nE       \t0x7ff60eabfe35\nE       \t0x7ff60eabfe90\nE       \t0x7ff60e84139d\nE       \t0x7ff60e899d8e\nE       \t0x7ff60e89a09c\nE       \t0x7ff60e8ee8d7\nE       \t0x7ff60e8eb61b\nE       \t0x7ff60e88ac6d\nE       \t0x7ff60e88bae3\nE       \t0x7ff60ed8a10d\nE       \t0x7ff60ed8448a\nE       \t0x7ff60eda5157\nE       \t0x7ff60eada81e\nE       \t0x7ff60eae262f\nE       \t0x7ff60eac9324\nE       \t0x7ff60eac94df\nE       \t0x7ff60eaaee88\nE       \t0x7ffc59d27374\nE       \t0x7ffc5a9fcc91\n\nD:\\Python310\\lib\\site-packages\\selenium\\webdriver\\support\\wait.py:138: TimeoutException","steps":[],"attachments":[{"uid":"85b06830980599c6","name":"test_changeR_select4_20260129_215452","source":"85b06830980599c6.png","type":"image/png","size":59068},{"uid":"7ed6ef5d5a68ad82","name":"log","source":"7ed6ef5d5a68ad82.txt","type":"text/plain","size":547}],"parameters":[],"shouldDisplayMessage":true,"attachmentsCount":2,"stepsCount":0,"attachmentStep":false,"hasContent":true},"afterStages":[{"name":"login_to_changeR::0","time":{"start":1769695129979,"stop":1769695132127,"duration":2148},"status":"passed","steps":[],"attachments":[],"parameters":[],"shouldDisplayMessage":false,"attachmentsCount":0,"stepsCount":0,"attachmentStep":false,"hasContent":false}],"labels":[{"name":"feature","value":"资源切换表测试用例"},{"name":"story","value":"过滤条件查询，设置符合开头查询成功"},{"name":"parentSuite","value":"Tests.test_items"},{"name":"suite","value":"test_changeR"},{"name":"subSuite","value":"TestChangeRPage"},{"name":"host","value":"DESKTOP-L7L44NB"},{"name":"thread","value":"20316-MainThread"},{"name":"framework","value":"pytest"},{"name":"language","value":"cpython3"},{"name":"package","value":"Tests.test_items.test_changeR"},{"name":"resultFormat","value":"allure2"}],"parameters":[],"links":[],"hidden":true,"retry":true,"extra":{"categories":[],"tags":[]},"source":"3bac1cf846bca584.json","parameterValues":[]}