{"uid":"3d483451603928c3","name":"test_planUnit_success2","fullName":"Tests.test_system.test_planUnit.TestPlanUnitPage#test_planUnit_success2","historyId":"be39db31b69fcd74a5fa37f7caa54369","time":{"start":1769542573392,"stop":1769542589181,"duration":15789},"status":"broken","statusMessage":"selenium.common.exceptions.TimeoutException: Message: \nStacktrace:\nSymbols not available. Dumping unresolved backtrace:\n\t0x7ff7a57dfe35\n\t0x7ff7a57dfe90\n\t0x7ff7a556139d\n\t0x7ff7a55b9d8e\n\t0x7ff7a55ba09c\n\t0x7ff7a560e8d7\n\t0x7ff7a560b61b\n\t0x7ff7a55aac6d\n\t0x7ff7a55abae3\n\t0x7ff7a5aaa10d\n\t0x7ff7a5aa448a\n\t0x7ff7a5ac5157\n\t0x7ff7a57fa81e\n\t0x7ff7a580262f\n\t0x7ff7a57e9324\n\t0x7ff7a57e94df\n\t0x7ff7a57cee88\n\t0x7ffc59d27374\n\t0x7ffc5a9fcc91","statusTrace":"self = <test_system.test_planUnit.TestPlanUnitPage object at 0x000001EC01A76DD0>, login_to_planUnit = <selenium.webdriver.chrome.webdriver.WebDriver (session=\"dac46d39ac3a9c92c425c5f4c361d040\")>\n\n    @allure.story(\"添加CTB计划单元成功\")\n    # @pytest.mark.run(order=1)\n    def test_planUnit_success2(self, login_to_planUnit):\n        driver = login_to_planUnit  # WebDriver 实例\n        unit = PlanUnitPage(driver)  # 用 driver 初始化 PlanUnitPage\n        name = \"1测试计划单元CTB\"\n        module = \"CTB\"\n        unit.add_plan_unit(name, module)\n        unit.click_button('(//div[@class=\"vxe-modal--footer\"]//span[text()=\"确定\"])')\n>       unit.get_find_message()\n\nTests\\test_system\\test_planUnit.py:180: \n_ _ _ _ _ _ _ _ _ _ _ _ _ _ _ _ _ _ _ _ _ _ _ _ _ _ _ _ _ _ _ _ _ _ _ _ _ _ _ _ _ _ _ _ _ _ _ _ _ _ _ _ _ _ _ _ _ _ _ _ _ _ _ _ _ _ _ _ _ _ _ _ _ _ _ _ _ _ _ _ _ _ _ _ _ _ _ _ _ _ _ _ _ _ _ _ _ _ _ _ _ _ _ _ _ _ _ _ _ _ _ _ _ _ _ _\nPages\\systemPage\\planUnit_page.py:35: in get_find_message\n    message = WebDriverWait(self.driver, 10).until(\n_ _ _ _ _ _ _ _ _ _ _ _ _ _ _ _ _ _ _ _ _ _ _ _ _ _ _ _ _ _ _ _ _ _ _ _ _ _ _ _ _ _ _ _ _ _ _ _ _ _ _ _ _ _ _ _ _ _ _ _ _ _ _ _ _ _ _ _ _ _ _ _ _ _ _ _ _ _ _ _ _ _ _ _ _ _ _ _ _ _ _ _ _ _ _ _ _ _ _ _ _ _ _ _ _ _ _ _ _ _ _ _ _ _ _ _\n\nself = <selenium.webdriver.support.wait.WebDriverWait (session=\"dac46d39ac3a9c92c425c5f4c361d040\")>, method = <function visibility_of_element_located.<locals>._predicate at 0x000001EC03F53C70>, message = ''\n\n    def until(self, method: Callable[[D], Union[Literal[False], T]], message: str = \"\") -> T:\n        \"\"\"Wait until the method returns a value that is not False.\n    \n        Calls the method provided with the driver as an argument until the\n        return value does not evaluate to ``False``.\n    \n        Parameters:\n        -----------\n        method: callable(WebDriver)\n            - A callable object that takes a WebDriver instance as an argument.\n    \n        message: str\n            - Optional message for :exc:`TimeoutException`\n    \n        Return:\n        -------\n        object: T\n            - The result of the last call to `method`\n    \n        Raises:\n        -------\n        TimeoutException\n            - If 'method' does not return a truthy value within the WebDriverWait\n            object's timeout\n    \n        Example:\n        --------\n        >>> from selenium.webdriver.common.by import By\n        >>> from selenium.webdriver.support.ui import WebDriverWait\n        >>> from selenium.webdriver.support import expected_conditions as EC\n    \n        # Wait until an element is visible on the page\n        >>> wait = WebDriverWait(driver, 10)\n        >>> element = wait.until(EC.visibility_of_element_located((By.ID, \"exampleId\")))\n        >>> print(element.text)\n        \"\"\"\n        screen = None\n        stacktrace = None\n    \n        end_time = time.monotonic() + self._timeout\n        while True:\n            try:\n                value = method(self._driver)\n                if value:\n                    return value\n            except self._ignored_exceptions as exc:\n                screen = getattr(exc, \"screen\", None)\n                stacktrace = getattr(exc, \"stacktrace\", None)\n            if time.monotonic() > end_time:\n                break\n            time.sleep(self._poll)\n>       raise TimeoutException(message, screen, stacktrace)\nE       selenium.common.exceptions.TimeoutException: Message: \nE       Stacktrace:\nE       Symbols not available. Dumping unresolved backtrace:\nE       \t0x7ff7a57dfe35\nE       \t0x7ff7a57dfe90\nE       \t0x7ff7a556139d\nE       \t0x7ff7a55b9d8e\nE       \t0x7ff7a55ba09c\nE       \t0x7ff7a560e8d7\nE       \t0x7ff7a560b61b\nE       \t0x7ff7a55aac6d\nE       \t0x7ff7a55abae3\nE       \t0x7ff7a5aaa10d\nE       \t0x7ff7a5aa448a\nE       \t0x7ff7a5ac5157\nE       \t0x7ff7a57fa81e\nE       \t0x7ff7a580262f\nE       \t0x7ff7a57e9324\nE       \t0x7ff7a57e94df\nE       \t0x7ff7a57cee88\nE       \t0x7ffc59d27374\nE       \t0x7ffc5a9fcc91\n\nD:\\Python310\\lib\\site-packages\\selenium\\webdriver\\support\\wait.py:138: TimeoutException","flaky":false,"newFailed":false,"newBroken":false,"newPassed":false,"retriesCount":1,"retriesStatusChange":false,"beforeStages":[{"name":"login_to_planUnit","time":{"start":1769542492576,"stop":1769542509207,"duration":16631},"status":"passed","steps":[],"attachments":[],"parameters":[],"attachmentStep":false,"hasContent":false,"stepsCount":0,"shouldDisplayMessage":false,"attachmentsCount":0}],"testStage":{"status":"broken","statusMessage":"selenium.common.exceptions.TimeoutException: Message: \nStacktrace:\nSymbols not available. Dumping unresolved backtrace:\n\t0x7ff7a57dfe35\n\t0x7ff7a57dfe90\n\t0x7ff7a556139d\n\t0x7ff7a55b9d8e\n\t0x7ff7a55ba09c\n\t0x7ff7a560e8d7\n\t0x7ff7a560b61b\n\t0x7ff7a55aac6d\n\t0x7ff7a55abae3\n\t0x7ff7a5aaa10d\n\t0x7ff7a5aa448a\n\t0x7ff7a5ac5157\n\t0x7ff7a57fa81e\n\t0x7ff7a580262f\n\t0x7ff7a57e9324\n\t0x7ff7a57e94df\n\t0x7ff7a57cee88\n\t0x7ffc59d27374\n\t0x7ffc5a9fcc91","statusTrace":"self = <test_system.test_planUnit.TestPlanUnitPage object at 0x000001EC01A76DD0>, login_to_planUnit = <selenium.webdriver.chrome.webdriver.WebDriver (session=\"dac46d39ac3a9c92c425c5f4c361d040\")>\n\n    @allure.story(\"添加CTB计划单元成功\")\n    # @pytest.mark.run(order=1)\n    def test_planUnit_success2(self, login_to_planUnit):\n        driver = login_to_planUnit  # WebDriver 实例\n        unit = PlanUnitPage(driver)  # 用 driver 初始化 PlanUnitPage\n        name = \"1测试计划单元CTB\"\n        module = \"CTB\"\n        unit.add_plan_unit(name, module)\n        unit.click_button('(//div[@class=\"vxe-modal--footer\"]//span[text()=\"确定\"])')\n>       unit.get_find_message()\n\nTests\\test_system\\test_planUnit.py:180: \n_ _ _ _ _ _ _ _ _ _ _ _ _ _ _ _ _ _ _ _ _ _ _ _ _ _ _ _ _ _ _ _ _ _ _ _ _ _ _ _ _ _ _ _ _ _ _ _ _ _ _ _ _ _ _ _ _ _ _ _ _ _ _ _ _ _ _ _ _ _ _ _ _ _ _ _ _ _ _ _ _ _ _ _ _ _ _ _ _ _ _ _ _ _ _ _ _ _ _ _ _ _ _ _ _ _ _ _ _ _ _ _ _ _ _ _\nPages\\systemPage\\planUnit_page.py:35: in get_find_message\n    message = WebDriverWait(self.driver, 10).until(\n_ _ _ _ _ _ _ _ _ _ _ _ _ _ _ _ _ _ _ _ _ _ _ _ _ _ _ _ _ _ _ _ _ _ _ _ _ _ _ _ _ _ _ _ _ _ _ _ _ _ _ _ _ _ _ _ _ _ _ _ _ _ _ _ _ _ _ _ _ _ _ _ _ _ _ _ _ _ _ _ _ _ _ _ _ _ _ _ _ _ _ _ _ _ _ _ _ _ _ _ _ _ _ _ _ _ _ _ _ _ _ _ _ _ _ _\n\nself = <selenium.webdriver.support.wait.WebDriverWait (session=\"dac46d39ac3a9c92c425c5f4c361d040\")>, method = <function visibility_of_element_located.<locals>._predicate at 0x000001EC03F53C70>, message = ''\n\n    def until(self, method: Callable[[D], Union[Literal[False], T]], message: str = \"\") -> T:\n        \"\"\"Wait until the method returns a value that is not False.\n    \n        Calls the method provided with the driver as an argument until the\n        return value does not evaluate to ``False``.\n    \n        Parameters:\n        -----------\n        method: callable(WebDriver)\n            - A callable object that takes a WebDriver instance as an argument.\n    \n        message: str\n            - Optional message for :exc:`TimeoutException`\n    \n        Return:\n        -------\n        object: T\n            - The result of the last call to `method`\n    \n        Raises:\n        -------\n        TimeoutException\n            - If 'method' does not return a truthy value within the WebDriverWait\n            object's timeout\n    \n        Example:\n        --------\n        >>> from selenium.webdriver.common.by import By\n        >>> from selenium.webdriver.support.ui import WebDriverWait\n        >>> from selenium.webdriver.support import expected_conditions as EC\n    \n        # Wait until an element is visible on the page\n        >>> wait = WebDriverWait(driver, 10)\n        >>> element = wait.until(EC.visibility_of_element_located((By.ID, \"exampleId\")))\n        >>> print(element.text)\n        \"\"\"\n        screen = None\n        stacktrace = None\n    \n        end_time = time.monotonic() + self._timeout\n        while True:\n            try:\n                value = method(self._driver)\n                if value:\n                    return value\n            except self._ignored_exceptions as exc:\n                screen = getattr(exc, \"screen\", None)\n                stacktrace = getattr(exc, \"stacktrace\", None)\n            if time.monotonic() > end_time:\n                break\n            time.sleep(self._poll)\n>       raise TimeoutException(message, screen, stacktrace)\nE       selenium.common.exceptions.TimeoutException: Message: \nE       Stacktrace:\nE       Symbols not available. Dumping unresolved backtrace:\nE       \t0x7ff7a57dfe35\nE       \t0x7ff7a57dfe90\nE       \t0x7ff7a556139d\nE       \t0x7ff7a55b9d8e\nE       \t0x7ff7a55ba09c\nE       \t0x7ff7a560e8d7\nE       \t0x7ff7a560b61b\nE       \t0x7ff7a55aac6d\nE       \t0x7ff7a55abae3\nE       \t0x7ff7a5aaa10d\nE       \t0x7ff7a5aa448a\nE       \t0x7ff7a5ac5157\nE       \t0x7ff7a57fa81e\nE       \t0x7ff7a580262f\nE       \t0x7ff7a57e9324\nE       \t0x7ff7a57e94df\nE       \t0x7ff7a57cee88\nE       \t0x7ffc59d27374\nE       \t0x7ffc5a9fcc91\n\nD:\\Python310\\lib\\site-packages\\selenium\\webdriver\\support\\wait.py:138: TimeoutException","steps":[],"attachments":[{"uid":"15559c7078b62be4","name":"test_planUnit_success2_20260128_033629","source":"15559c7078b62be4.png","type":"image/png","size":259908},{"uid":"6d5e684f2d9dbedc","name":"test_planUnit_success2_20260128_033629","source":"6d5e684f2d9dbedc.png","type":"image/png","size":19252},{"uid":"d72972a2a9e9f5aa","name":"test_planUnit_success2_20260128_033629","source":"d72972a2a9e9f5aa.png","type":"image/png","size":25727},{"uid":"1cafb7eaf2cc5e8d","name":"test_planUnit_success2_20260128_033629","source":"1cafb7eaf2cc5e8d.png","type":"image/png","size":19252},{"uid":"731c7c726ebe5dc4","name":"test_planUnit_success2_20260128_033629","source":"731c7c726ebe5dc4.png","type":"image/png","size":19252},{"uid":"8bf38a816d8fcc23","name":"test_planUnit_success2_20260128_033629","source":"8bf38a816d8fcc23.png","type":"image/png","size":25727},{"uid":"3bf6ace96143fdaa","name":"test_planUnit_success2_20260128_033630","source":"3bf6ace96143fdaa.png","type":"image/png","size":25727},{"uid":"d1b0a162650957a4","name":"test_planUnit_success2_20260128_033630","source":"d1b0a162650957a4.png","type":"image/png","size":19252},{"uid":"3b57ba6603c4e974","name":"test_planUnit_success2_20260128_033630","source":"3b57ba6603c4e974.png","type":"image/png","size":25727},{"uid":"ed7228090bb8e0cd","name":"test_planUnit_success2_20260128_033630","source":"ed7228090bb8e0cd.png","type":"image/png","size":25727},{"uid":"5b3fbe57d3676ef9","name":"test_planUnit_success2_20260128_033630","source":"5b3fbe57d3676ef9.png","type":"image/png","size":19252},{"uid":"a91fea91622b4edd","name":"test_planUnit_success2_20260128_033630","source":"a91fea91622b4edd.png","type":"image/png","size":25727},{"uid":"6789f07dbe602fc5","name":"test_planUnit_success2_20260128_033630","source":"6789f07dbe602fc5.png","type":"image/png","size":25727},{"uid":"7c9a90215015510","name":"test_planUnit_success2_20260128_033630","source":"7c9a90215015510.png","type":"image/png","size":25727},{"uid":"4ed8c541a38d1982","name":"test_planUnit_success2_20260128_033631","source":"4ed8c541a38d1982.png","type":"image/png","size":19252},{"uid":"fb2b5d15a41d2b33","name":"test_planUnit_success2_20260128_033631","source":"fb2b5d15a41d2b33.png","type":"image/png","size":25727},{"uid":"8f809183d1d6deae","name":"test_planUnit_success2_20260128_033631","source":"8f809183d1d6deae.png","type":"image/png","size":19252},{"uid":"962bd2bc04b86eba","name":"test_planUnit_success2_20260128_033631","source":"962bd2bc04b86eba.png","type":"image/png","size":72681},{"uid":"4cfdd20313fedd36","name":"log","source":"4cfdd20313fedd36.txt","type":"text/plain","size":3504}],"parameters":[],"attachmentStep":false,"hasContent":true,"stepsCount":0,"shouldDisplayMessage":true,"attachmentsCount":19},"afterStages":[{"name":"login_to_planUnit::0","time":{"start":1769543070199,"stop":1769543072451,"duration":2252},"status":"passed","steps":[],"attachments":[],"parameters":[],"attachmentStep":false,"hasContent":false,"stepsCount":0,"shouldDisplayMessage":false,"attachmentsCount":0}],"labels":[{"name":"feature","value":"计划单元页用例"},{"name":"story","value":"添加CTB计划单元成功"},{"name":"parentSuite","value":"Tests.test_system"},{"name":"suite","value":"test_planUnit"},{"name":"subSuite","value":"TestPlanUnitPage"},{"name":"host","value":"DESKTOP-L7L44NB"},{"name":"thread","value":"15128-MainThread"},{"name":"framework","value":"pytest"},{"name":"language","value":"cpython3"},{"name":"package","value":"Tests.test_system.test_planUnit"},{"name":"resultFormat","value":"allure2"}],"parameters":[],"links":[],"hidden":false,"retry":false,"extra":{"severity":"normal","retries":[{"uid":"d002cf52e3846b3c","status":"broken","statusDetails":"selenium.common.exceptions.TimeoutException: Message: \nStacktrace:\nSymbols not available. Dumping unresolved backtrace:\n\t0x7ff7a57dfe35\n\t0x7ff7a57dfe90\n\t0x7ff7a556139d\n\t0x7ff7a55b9d8e\n\t0x7ff7a55ba09c\n\t0x7ff7a560e8d7\n\t0x7ff7a560b61b\n\t0x7ff7a55aac6d\n\t0x7ff7a55abae3\n\t0x7ff7a5aaa10d\n\t0x7ff7a5aa448a\n\t0x7ff7a5ac5157\n\t0x7ff7a57fa81e\n\t0x7ff7a580262f\n\t0x7ff7a57e9324\n\t0x7ff7a57e94df\n\t0x7ff7a57cee88\n\t0x7ffc59d27374\n\t0x7ffc5a9fcc91","time":{"start":1769542558563,"stop":1769542571075,"duration":12512}}],"categories":[{"name":"Test defects","matchedStatuses":[]}],"tags":[]},"source":"3d483451603928c3.json","parameterValues":[]}