{"uid":"42f007e2c9bca62f","name":"test_calendar_select5","fullName":"Tests.test_items.test_calendar.TestCalendarPage#test_calendar_select5","historyId":"45291d16b6c0baab2c22b940fbf77f66","time":{"start":1770128484507,"stop":1770128494680,"duration":10173},"status":"broken","statusMessage":"selenium.common.exceptions.TimeoutException: Message: \nStacktrace:\nSymbols not available. Dumping unresolved backtrace:\n\t0x7ff64839fe35\n\t0x7ff64839fe90\n\t0x7ff64812139d\n\t0x7ff648179d8e\n\t0x7ff64817a09c\n\t0x7ff6481ce8d7\n\t0x7ff6481cb61b\n\t0x7ff64816ac6d\n\t0x7ff64816bae3\n\t0x7ff64866a10d\n\t0x7ff64866448a\n\t0x7ff648685157\n\t0x7ff6483ba81e\n\t0x7ff6483c262f\n\t0x7ff6483a9324\n\t0x7ff6483a94df\n\t0x7ff64838ee88\n\t0x7ffc59d27374\n\t0x7ffc5a9fcc91","statusTrace":"self = <test_items.test_calendar.TestCalendarPage object at 0x0000025C77409B10>, login_to_calendar = <selenium.webdriver.chrome.webdriver.WebDriver (session=\"fbc325423a54262e5fe0457aa086bcf9\")>\n\n    @allure.story(\"过滤条件查询，设置符合结尾查询成功\")\n    # @pytest.mark.run(order=1)\n    def test_calendar_select5(self, login_to_calendar):\n        driver = login_to_calendar  # WebDriver 实例\n        calendar = Calendar(driver)  # 用 driver 初始化 Calendar\n>       name = calendar.get_find_element_xpath(\n            '//div[@class=\"vxe-table--body-wrapper body--wrapper\"]/table[@class=\"vxe-table--body\"]//tr[2]//td[2]'\n        ).get_attribute('innerText')\n\nTests\\test_items\\test_calendar.py:828: \n_ _ _ _ _ _ _ _ _ _ _ _ _ _ _ _ _ _ _ _ _ _ _ _ _ _ _ _ _ _ _ _ _ _ _ _ _ _ _ _ _ _ _ _ _ _ _ _ _ _ _ _ _ _ _ _ _ _ _ _ _ _ _ _ _ _ _ _ _ _ _ _ _ _ _ _ _ _ _ _ _ _ _ _ _ _ _ _ _ _ _ _ _ _ _ _ _ _ _ _ _ _ _ _ _ _ _ _ _ _ _ _ _ _ _ _\nPages\\itemsPage\\calendar_page.py:47: in get_find_element_xpath\n    return self.find_element(By.XPATH, xpath)\nPages\\base_page.py:28: in find_element\n    return WebDriverWait(self.driver, wait_time).until(\n_ _ _ _ _ _ _ _ _ _ _ _ _ _ _ _ _ _ _ _ _ _ _ _ _ _ _ _ _ _ _ _ _ _ _ _ _ _ _ _ _ _ _ _ _ _ _ _ _ _ _ _ _ _ _ _ _ _ _ _ _ _ _ _ _ _ _ _ _ _ _ _ _ _ _ _ _ _ _ _ _ _ _ _ _ _ _ _ _ _ _ _ _ _ _ _ _ _ _ _ _ _ _ _ _ _ _ _ _ _ _ _ _ _ _ _\n\nself = <selenium.webdriver.support.wait.WebDriverWait (session=\"fbc325423a54262e5fe0457aa086bcf9\")>, method = <function presence_of_element_located.<locals>._predicate at 0x0000025C78611090>, message = ''\n\n    def until(self, method: Callable[[D], Union[Literal[False], T]], message: str = \"\") -> T:\n        \"\"\"Wait until the method returns a value that is not False.\n    \n        Calls the method provided with the driver as an argument until the\n        return value does not evaluate to ``False``.\n    \n        Parameters:\n        -----------\n        method: callable(WebDriver)\n            - A callable object that takes a WebDriver instance as an argument.\n    \n        message: str\n            - Optional message for :exc:`TimeoutException`\n    \n        Return:\n        -------\n        object: T\n            - The result of the last call to `method`\n    \n        Raises:\n        -------\n        TimeoutException\n            - If 'method' does not return a truthy value within the WebDriverWait\n            object's timeout\n    \n        Example:\n        --------\n        >>> from selenium.webdriver.common.by import By\n        >>> from selenium.webdriver.support.ui import WebDriverWait\n        >>> from selenium.webdriver.support import expected_conditions as EC\n    \n        # Wait until an element is visible on the page\n        >>> wait = WebDriverWait(driver, 10)\n        >>> element = wait.until(EC.visibility_of_element_located((By.ID, \"exampleId\")))\n        >>> print(element.text)\n        \"\"\"\n        screen = None\n        stacktrace = None\n    \n        end_time = time.monotonic() + self._timeout\n        while True:\n            try:\n                value = method(self._driver)\n                if value:\n                    return value\n            except self._ignored_exceptions as exc:\n                screen = getattr(exc, \"screen\", None)\n                stacktrace = getattr(exc, \"stacktrace\", None)\n            if time.monotonic() > end_time:\n                break\n            time.sleep(self._poll)\n>       raise TimeoutException(message, screen, stacktrace)\nE       selenium.common.exceptions.TimeoutException: Message: \nE       Stacktrace:\nE       Symbols not available. Dumping unresolved backtrace:\nE       \t0x7ff64839fe35\nE       \t0x7ff64839fe90\nE       \t0x7ff64812139d\nE       \t0x7ff648179d8e\nE       \t0x7ff64817a09c\nE       \t0x7ff6481ce8d7\nE       \t0x7ff6481cb61b\nE       \t0x7ff64816ac6d\nE       \t0x7ff64816bae3\nE       \t0x7ff64866a10d\nE       \t0x7ff64866448a\nE       \t0x7ff648685157\nE       \t0x7ff6483ba81e\nE       \t0x7ff6483c262f\nE       \t0x7ff6483a9324\nE       \t0x7ff6483a94df\nE       \t0x7ff64838ee88\nE       \t0x7ffc59d27374\nE       \t0x7ffc5a9fcc91\n\nD:\\Python310\\lib\\site-packages\\selenium\\webdriver\\support\\wait.py:138: TimeoutException","flaky":false,"newFailed":false,"newBroken":false,"newPassed":false,"retriesCount":1,"retriesStatusChange":false,"beforeStages":[{"name":"login_to_calendar","time":{"start":1770128194154,"stop":1770128212493,"duration":18339},"status":"passed","steps":[],"attachments":[],"parameters":[],"attachmentsCount":0,"shouldDisplayMessage":false,"stepsCount":0,"attachmentStep":false,"hasContent":false}],"testStage":{"status":"broken","statusMessage":"selenium.common.exceptions.TimeoutException: Message: \nStacktrace:\nSymbols not available. Dumping unresolved backtrace:\n\t0x7ff64839fe35\n\t0x7ff64839fe90\n\t0x7ff64812139d\n\t0x7ff648179d8e\n\t0x7ff64817a09c\n\t0x7ff6481ce8d7\n\t0x7ff6481cb61b\n\t0x7ff64816ac6d\n\t0x7ff64816bae3\n\t0x7ff64866a10d\n\t0x7ff64866448a\n\t0x7ff648685157\n\t0x7ff6483ba81e\n\t0x7ff6483c262f\n\t0x7ff6483a9324\n\t0x7ff6483a94df\n\t0x7ff64838ee88\n\t0x7ffc59d27374\n\t0x7ffc5a9fcc91","statusTrace":"self = <test_items.test_calendar.TestCalendarPage object at 0x0000025C77409B10>, login_to_calendar = <selenium.webdriver.chrome.webdriver.WebDriver (session=\"fbc325423a54262e5fe0457aa086bcf9\")>\n\n    @allure.story(\"过滤条件查询，设置符合结尾查询成功\")\n    # @pytest.mark.run(order=1)\n    def test_calendar_select5(self, login_to_calendar):\n        driver = login_to_calendar  # WebDriver 实例\n        calendar = Calendar(driver)  # 用 driver 初始化 Calendar\n>       name = calendar.get_find_element_xpath(\n            '//div[@class=\"vxe-table--body-wrapper body--wrapper\"]/table[@class=\"vxe-table--body\"]//tr[2]//td[2]'\n        ).get_attribute('innerText')\n\nTests\\test_items\\test_calendar.py:828: \n_ _ _ _ _ _ _ _ _ _ _ _ _ _ _ _ _ _ _ _ _ _ _ _ _ _ _ _ _ _ _ _ _ _ _ _ _ _ _ _ _ _ _ _ _ _ _ _ _ _ _ _ _ _ _ _ _ _ _ _ _ _ _ _ _ _ _ _ _ _ _ _ _ _ _ _ _ _ _ _ _ _ _ _ _ _ _ _ _ _ _ _ _ _ _ _ _ _ _ _ _ _ _ _ _ _ _ _ _ _ _ _ _ _ _ _\nPages\\itemsPage\\calendar_page.py:47: in get_find_element_xpath\n    return self.find_element(By.XPATH, xpath)\nPages\\base_page.py:28: in find_element\n    return WebDriverWait(self.driver, wait_time).until(\n_ _ _ _ _ _ _ _ _ _ _ _ _ _ _ _ _ _ _ _ _ _ _ _ _ _ _ _ _ _ _ _ _ _ _ _ _ _ _ _ _ _ _ _ _ _ _ _ _ _ _ _ _ _ _ _ _ _ _ _ _ _ _ _ _ _ _ _ _ _ _ _ _ _ _ _ _ _ _ _ _ _ _ _ _ _ _ _ _ _ _ _ _ _ _ _ _ _ _ _ _ _ _ _ _ _ _ _ _ _ _ _ _ _ _ _\n\nself = <selenium.webdriver.support.wait.WebDriverWait (session=\"fbc325423a54262e5fe0457aa086bcf9\")>, method = <function presence_of_element_located.<locals>._predicate at 0x0000025C78611090>, message = ''\n\n    def until(self, method: Callable[[D], Union[Literal[False], T]], message: str = \"\") -> T:\n        \"\"\"Wait until the method returns a value that is not False.\n    \n        Calls the method provided with the driver as an argument until the\n        return value does not evaluate to ``False``.\n    \n        Parameters:\n        -----------\n        method: callable(WebDriver)\n            - A callable object that takes a WebDriver instance as an argument.\n    \n        message: str\n            - Optional message for :exc:`TimeoutException`\n    \n        Return:\n        -------\n        object: T\n            - The result of the last call to `method`\n    \n        Raises:\n        -------\n        TimeoutException\n            - If 'method' does not return a truthy value within the WebDriverWait\n            object's timeout\n    \n        Example:\n        --------\n        >>> from selenium.webdriver.common.by import By\n        >>> from selenium.webdriver.support.ui import WebDriverWait\n        >>> from selenium.webdriver.support import expected_conditions as EC\n    \n        # Wait until an element is visible on the page\n        >>> wait = WebDriverWait(driver, 10)\n        >>> element = wait.until(EC.visibility_of_element_located((By.ID, \"exampleId\")))\n        >>> print(element.text)\n        \"\"\"\n        screen = None\n        stacktrace = None\n    \n        end_time = time.monotonic() + self._timeout\n        while True:\n            try:\n                value = method(self._driver)\n                if value:\n                    return value\n            except self._ignored_exceptions as exc:\n                screen = getattr(exc, \"screen\", None)\n                stacktrace = getattr(exc, \"stacktrace\", None)\n            if time.monotonic() > end_time:\n                break\n            time.sleep(self._poll)\n>       raise TimeoutException(message, screen, stacktrace)\nE       selenium.common.exceptions.TimeoutException: Message: \nE       Stacktrace:\nE       Symbols not available. Dumping unresolved backtrace:\nE       \t0x7ff64839fe35\nE       \t0x7ff64839fe90\nE       \t0x7ff64812139d\nE       \t0x7ff648179d8e\nE       \t0x7ff64817a09c\nE       \t0x7ff6481ce8d7\nE       \t0x7ff6481cb61b\nE       \t0x7ff64816ac6d\nE       \t0x7ff64816bae3\nE       \t0x7ff64866a10d\nE       \t0x7ff64866448a\nE       \t0x7ff648685157\nE       \t0x7ff6483ba81e\nE       \t0x7ff6483c262f\nE       \t0x7ff6483a9324\nE       \t0x7ff6483a94df\nE       \t0x7ff64838ee88\nE       \t0x7ffc59d27374\nE       \t0x7ffc5a9fcc91\n\nD:\\Python310\\lib\\site-packages\\selenium\\webdriver\\support\\wait.py:138: TimeoutException","steps":[],"attachments":[{"uid":"8b4bfe11788c9211","name":"test_calendar_select5_20260203_222134","source":"8b4bfe11788c9211.png","type":"image/png","size":60046},{"uid":"215a7fe93affba5","name":"log","source":"215a7fe93affba5.txt","type":"text/plain","size":699}],"parameters":[],"attachmentsCount":2,"shouldDisplayMessage":true,"stepsCount":0,"attachmentStep":false,"hasContent":true},"afterStages":[{"name":"login_to_calendar::0","time":{"start":1770128631686,"stop":1770128633837,"duration":2151},"status":"passed","steps":[],"attachments":[],"parameters":[],"attachmentsCount":0,"shouldDisplayMessage":false,"stepsCount":0,"attachmentStep":false,"hasContent":false}],"labels":[{"name":"story","value":"过滤条件查询，设置符合结尾查询成功"},{"name":"feature","value":"生产日历表测试用例"},{"name":"parentSuite","value":"Tests.test_items"},{"name":"suite","value":"test_calendar"},{"name":"subSuite","value":"TestCalendarPage"},{"name":"host","value":"DESKTOP-L7L44NB"},{"name":"thread","value":"28920-MainThread"},{"name":"framework","value":"pytest"},{"name":"language","value":"cpython3"},{"name":"package","value":"Tests.test_items.test_calendar"},{"name":"resultFormat","value":"allure2"}],"parameters":[],"links":[],"hidden":false,"retry":false,"extra":{"severity":"normal","retries":[{"uid":"f032d9e3cae0f584","status":"broken","statusDetails":"selenium.common.exceptions.TimeoutException: Message: \nStacktrace:\nSymbols not available. Dumping unresolved backtrace:\n\t0x7ff64839fe35\n\t0x7ff64839fe90\n\t0x7ff64812139d\n\t0x7ff648179d8e\n\t0x7ff64817a09c\n\t0x7ff6481ce8d7\n\t0x7ff6481cb61b\n\t0x7ff64816ac6d\n\t0x7ff64816bae3\n\t0x7ff64866a10d\n\t0x7ff64866448a\n\t0x7ff648685157\n\t0x7ff6483ba81e\n\t0x7ff6483c262f\n\t0x7ff6483a9324\n\t0x7ff6483a94df\n\t0x7ff64838ee88\n\t0x7ffc59d27374\n\t0x7ffc5a9fcc91","time":{"start":1770128474200,"stop":1770128484374,"duration":10174}}],"categories":[{"name":"Test defects","matchedStatuses":[]}],"tags":[]},"source":"42f007e2c9bca62f.json","parameterValues":[]}