{"uid":"44753d9d851e82ae","name":"test_home_clear_all_cancel","fullName":"Tests.test_system.test_home.TestHomePage#test_home_clear_all_cancel","historyId":"5cc19dfbd94b61d1299fb107dc01cc0d","time":{"start":1768847448768,"stop":1768847468582,"duration":19814},"status":"failed","statusMessage":"AssertionError: assert (0 == 16)","statusTrace":"self = <test_system.test_home.TestHomePage object at 0x000001E2FA3610F0>, login_to_home = <selenium.webdriver.chrome.webdriver.WebDriver (session=\"51b3a5546e47aaec11904ae64a7d8630\")>\n\n    @allure.story(\"点击清空全部，点击取消，不会删除组件\")\n    # @pytest.mark.run(order=1)\n    def test_home_clear_all_cancel(self, login_to_home):\n        driver = login_to_home  # WebDriver 实例\n        home = HomePage(driver)  # 用 driver 初始化 HomePage\n        driver.execute_script(\"document.body.style.zoom='1'\")\n        home.clear_all_button(\"取消\")\n        home.click_save_button()\n        message = home.get_find_message()\n        home.right_refresh()\n        num = home.count_div_elements()\n>       assert num == 16 and message == \"保存成功\"\nE       assert (0 == 16)\n\nTests\\test_system\\test_home.py:143: AssertionError","flaky":false,"newFailed":false,"newBroken":false,"newPassed":false,"retriesCount":1,"retriesStatusChange":false,"beforeStages":[{"name":"login_to_home","time":{"start":1768847355998,"stop":1768847370085,"duration":14087},"status":"passed","steps":[],"attachments":[],"parameters":[],"shouldDisplayMessage":false,"attachmentsCount":0,"attachmentStep":false,"stepsCount":0,"hasContent":false}],"testStage":{"status":"failed","statusMessage":"AssertionError: assert (0 == 16)","statusTrace":"self = <test_system.test_home.TestHomePage object at 0x000001E2FA3610F0>, login_to_home = <selenium.webdriver.chrome.webdriver.WebDriver (session=\"51b3a5546e47aaec11904ae64a7d8630\")>\n\n    @allure.story(\"点击清空全部，点击取消，不会删除组件\")\n    # @pytest.mark.run(order=1)\n    def test_home_clear_all_cancel(self, login_to_home):\n        driver = login_to_home  # WebDriver 实例\n        home = HomePage(driver)  # 用 driver 初始化 HomePage\n        driver.execute_script(\"document.body.style.zoom='1'\")\n        home.clear_all_button(\"取消\")\n        home.click_save_button()\n        message = home.get_find_message()\n        home.right_refresh()\n        num = home.count_div_elements()\n>       assert num == 16 and message == \"保存成功\"\nE       assert (0 == 16)\n\nTests\\test_system\\test_home.py:143: AssertionError","steps":[],"attachments":[{"uid":"abda41de7cc19506","name":"test_home_clear_all_cancel_20260120_023108","source":"abda41de7cc19506.png","type":"image/png","size":116691},{"uid":"62fea2aefc87c38c","name":"test_home_clear_all_cancel_20260120_023108","source":"62fea2aefc87c38c.png","type":"image/png","size":116691},{"uid":"c4f2f46e9dd82c69","name":"test_home_clear_all_cancel_20260120_023108","source":"c4f2f46e9dd82c69.png","type":"image/png","size":64543},{"uid":"f0f54ac59ac04825","name":"log","source":"f0f54ac59ac04825.txt","type":"text/plain","size":1937}],"parameters":[],"shouldDisplayMessage":true,"attachmentsCount":4,"attachmentStep":false,"stepsCount":0,"hasContent":true},"afterStages":[{"name":"login_to_home::0","time":{"start":1768847892325,"stop":1768847894556,"duration":2231},"status":"passed","steps":[],"attachments":[],"parameters":[],"shouldDisplayMessage":false,"attachmentsCount":0,"attachmentStep":false,"stepsCount":0,"hasContent":false}],"labels":[{"name":"story","value":"点击清空全部，点击取消，不会删除组件"},{"name":"feature","value":"主页设置页用例"},{"name":"parentSuite","value":"Tests.test_system"},{"name":"suite","value":"test_home"},{"name":"subSuite","value":"TestHomePage"},{"name":"host","value":"DESKTOP-L7L44NB"},{"name":"thread","value":"1124-MainThread"},{"name":"framework","value":"pytest"},{"name":"language","value":"cpython3"},{"name":"package","value":"Tests.test_system.test_home"},{"name":"resultFormat","value":"allure2"}],"parameters":[],"links":[],"hidden":false,"retry":false,"extra":{"severity":"normal","retries":[{"uid":"ef3fe0d232d84e8a","status":"failed","statusDetails":"AssertionError: assert (0 == 16)","time":{"start":1768847422074,"stop":1768847448407,"duration":26333}}],"categories":[{"name":"Product defects","matchedStatuses":[]}],"tags":[]},"source":"44753d9d851e82ae.json","parameterValues":[]}