{"uid":"45749c3488f83b98","name":"test_spec_addall","fullName":"Tests.test_items.test_spec1.TestSpecPage#test_spec_addall","historyId":"b0c6b840dd1b44ff77cd53bb033b1c45","time":{"start":1768219561781,"stop":1768219592716,"duration":30935},"status":"failed","statusMessage":"AssertionError: 第7项包含断言失败：'2025' not in '2026/01/12 20:06:18'\nassert '2025' in '2026/01/12 20:06:18'\n +  where '2025' = str('2025')\n +  and   '2026/01/12 20:06:18' = str('2026/01/12 20:06:18')","statusTrace":"self = <test_items.test_spec1.TestSpecPage object at 0x000001F221992920>, login_to_spec1 = <selenium.webdriver.chrome.webdriver.WebDriver (session=\"ea468a0bea9ba1d9a0f12bbafef2a421\")>\n\n    @allure.story(\"输入全部数据，添加保存成功\")\n    # @pytest.mark.run(order=1)\n    def test_spec_addall(self, login_to_spec1):\n        driver = login_to_spec1  # WebDriver 实例\n        spec = Spec1Page(driver)  # 用 driver 初始化 Spec1Page\n        data_list = [\"全部数据\", \"20\"]\n        spec.click_add_button()  # 检查点击添加\n        spec.add_input_all(data_list[0], data_list[1])\n        sleep(1)\n        spec.enter_texts(\n            '//p[text()=\"代码\"]/ancestor::div[2]//input', data_list[0]\n        )\n        # 缩放到最小（例如 25%）\n        driver.execute_script(\"document.body.style.zoom='0.4'\")\n        sleep(1)\n    \n        row_xpath = f'//tr[./td[2][.//span[text()=\"{data_list[0]}\"]]]'\n        # 获取目标行\n        target_row = driver.find_element(By.XPATH, row_xpath)\n    \n        # 获取该行下所有 td 元素\n        td_elements = target_row.find_elements(By.XPATH, \"./td\")\n        td_count = len(td_elements)\n        print(f\"该行共有 {td_count} 个 <td> 元素\")\n        columns_text = []\n        # 遍历每个 td[i]\n        # 遍历每个 td[i] 并提取文本\n        for i in range(2, td_count + 1):\n            td_xpath = f'{row_xpath}/td[{i}]'\n            sleep(0.2)\n            try:\n                td = driver.find_element(By.XPATH, td_xpath)\n                text = td.text.strip()\n                print(f\"第 {i} 个单元格内容：{text}\")\n                columns_text.append(text)\n            except StaleElementReferenceException:\n                print(f\"⚠️ 第 {i} 个单元格引用失效，尝试重新查找\")\n                sleep(0.2)\n                td = driver.find_element(By.XPATH, td_xpath)\n                text = td.text.strip()\n                columns_text.append(text)\n    \n        print(columns_text)\n        bef_text = ['全部数据', '全部数据', '2', '20', '全部数据', f'{DateDriver().username}', '2025', '20', '20', '20', '20', '20', '20', '20', '20', '20', '20', '20', '20', '20', '20', '20', '20', '20', '20', '20', '20', '20']\n        spec.right_refresh('生产特征1')\n        assert len(columns_text) == len(bef_text), f\"长度不一致：actual={len(columns_text)}, expected={len(bef_text)}\"\n        for i, (a, e) in enumerate(zip(columns_text, bef_text)):\n            if i == 6:\n>               assert str(e) in str(a), f\"第7项包含断言失败：'{e}' not in '{a}'\"\nE               AssertionError: 第7项包含断言失败：'2025' not in '2026/01/12 20:06:18'\nE               assert '2025' in '2026/01/12 20:06:18'\nE                +  where '2025' = str('2025')\nE                +  and   '2026/01/12 20:06:18' = str('2026/01/12 20:06:18')\n\nTests\\test_items\\test_spec1.py:863: AssertionError","flaky":false,"newFailed":false,"newBroken":false,"newPassed":false,"retriesCount":0,"retriesStatusChange":false,"beforeStages":[{"name":"login_to_spec1","time":{"start":1768219292578,"stop":1768219310467,"duration":17889},"status":"passed","steps":[],"attachments":[],"parameters":[],"hasContent":false,"stepsCount":0,"attachmentStep":false,"shouldDisplayMessage":false,"attachmentsCount":0}],"testStage":{"status":"failed","statusMessage":"AssertionError: 第7项包含断言失败：'2025' not in '2026/01/12 20:06:18'\nassert '2025' in '2026/01/12 20:06:18'\n +  where '2025' = str('2025')\n +  and   '2026/01/12 20:06:18' = str('2026/01/12 20:06:18')","statusTrace":"self = <test_items.test_spec1.TestSpecPage object at 0x000001F221992920>, login_to_spec1 = <selenium.webdriver.chrome.webdriver.WebDriver (session=\"ea468a0bea9ba1d9a0f12bbafef2a421\")>\n\n    @allure.story(\"输入全部数据，添加保存成功\")\n    # @pytest.mark.run(order=1)\n    def test_spec_addall(self, login_to_spec1):\n        driver = login_to_spec1  # WebDriver 实例\n        spec = Spec1Page(driver)  # 用 driver 初始化 Spec1Page\n        data_list = [\"全部数据\", \"20\"]\n        spec.click_add_button()  # 检查点击添加\n        spec.add_input_all(data_list[0], data_list[1])\n        sleep(1)\n        spec.enter_texts(\n            '//p[text()=\"代码\"]/ancestor::div[2]//input', data_list[0]\n        )\n        # 缩放到最小（例如 25%）\n        driver.execute_script(\"document.body.style.zoom='0.4'\")\n        sleep(1)\n    \n        row_xpath = f'//tr[./td[2][.//span[text()=\"{data_list[0]}\"]]]'\n        # 获取目标行\n        target_row = driver.find_element(By.XPATH, row_xpath)\n    \n        # 获取该行下所有 td 元素\n        td_elements = target_row.find_elements(By.XPATH, \"./td\")\n        td_count = len(td_elements)\n        print(f\"该行共有 {td_count} 个 <td> 元素\")\n        columns_text = []\n        # 遍历每个 td[i]\n        # 遍历每个 td[i] 并提取文本\n        for i in range(2, td_count + 1):\n            td_xpath = f'{row_xpath}/td[{i}]'\n            sleep(0.2)\n            try:\n                td = driver.find_element(By.XPATH, td_xpath)\n                text = td.text.strip()\n                print(f\"第 {i} 个单元格内容：{text}\")\n                columns_text.append(text)\n            except StaleElementReferenceException:\n                print(f\"⚠️ 第 {i} 个单元格引用失效，尝试重新查找\")\n                sleep(0.2)\n                td = driver.find_element(By.XPATH, td_xpath)\n                text = td.text.strip()\n                columns_text.append(text)\n    \n        print(columns_text)\n        bef_text = ['全部数据', '全部数据', '2', '20', '全部数据', f'{DateDriver().username}', '2025', '20', '20', '20', '20', '20', '20', '20', '20', '20', '20', '20', '20', '20', '20', '20', '20', '20', '20', '20', '20', '20']\n        spec.right_refresh('生产特征1')\n        assert len(columns_text) == len(bef_text), f\"长度不一致：actual={len(columns_text)}, expected={len(bef_text)}\"\n        for i, (a, e) in enumerate(zip(columns_text, bef_text)):\n            if i == 6:\n>               assert str(e) in str(a), f\"第7项包含断言失败：'{e}' not in '{a}'\"\nE               AssertionError: 第7项包含断言失败：'2025' not in '2026/01/12 20:06:18'\nE               assert '2025' in '2026/01/12 20:06:18'\nE                +  where '2025' = str('2025')\nE                +  and   '2026/01/12 20:06:18' = str('2026/01/12 20:06:18')\n\nTests\\test_items\\test_spec1.py:863: AssertionError","steps":[],"attachments":[{"uid":"88560812e8c2c93b","name":"test_spec_addall_20260112_200632","source":"88560812e8c2c93b.png","type":"image/png","size":44115},{"uid":"10f82f2eb659fa13","name":"log","source":"10f82f2eb659fa13.txt","type":"text/plain","size":1080}],"parameters":[],"hasContent":true,"stepsCount":0,"attachmentStep":false,"shouldDisplayMessage":true,"attachmentsCount":2},"afterStages":[{"name":"login_to_spec1::0","time":{"start":1768220345315,"stop":1768220347465,"duration":2150},"status":"passed","steps":[],"attachments":[],"parameters":[],"hasContent":false,"stepsCount":0,"attachmentStep":false,"shouldDisplayMessage":false,"attachmentsCount":0}],"labels":[{"name":"story","value":"输入全部数据，添加保存成功"},{"name":"feature","value":"生产特征表测试用例"},{"name":"parentSuite","value":"Tests.test_items"},{"name":"suite","value":"test_spec1"},{"name":"subSuite","value":"TestSpecPage"},{"name":"host","value":"DESKTOP-L7L44NB"},{"name":"thread","value":"11696-MainThread"},{"name":"framework","value":"pytest"},{"name":"language","value":"cpython3"},{"name":"package","value":"Tests.test_items.test_spec1"},{"name":"resultFormat","value":"allure2"}],"parameters":[],"links":[],"hidden":true,"retry":true,"extra":{"categories":[],"tags":[]},"source":"45749c3488f83b98.json","parameterValues":[]}