{"uid":"45a27839af849184","name":"test_affairs_template_addrepeats1","fullName":"Tests.test_system.test_affairs.TestAffairsPage#test_affairs_template_addrepeats1","historyId":"20b4ef6a44022ad251b9aa76ab7b4a72","time":{"start":1764892921303,"stop":1764892950010,"duration":28707},"status":"broken","statusMessage":"selenium.common.exceptions.TimeoutException: Message: \nStacktrace:\nSymbols not available. Dumping unresolved backtrace:\n\t0x7ff6f6d5fe35\n\t0x7ff6f6d5fe90\n\t0x7ff6f6ae139d\n\t0x7ff6f6b39d8e\n\t0x7ff6f6b3a09c\n\t0x7ff6f6b8e8d7\n\t0x7ff6f6b8b61b\n\t0x7ff6f6b2ac6d\n\t0x7ff6f6b2bae3\n\t0x7ff6f702a10d\n\t0x7ff6f702448a\n\t0x7ff6f7045157\n\t0x7ff6f6d7a81e\n\t0x7ff6f6d8262f\n\t0x7ff6f6d69324\n\t0x7ff6f6d694df\n\t0x7ff6f6d4ee88\n\t0x7ffc369c7374\n\t0x7ffc382fcc91","statusTrace":"self = <test_system.test_affairs.TestAffairsPage object at 0x000001676AC7EB30>, login_to_affairs = <selenium.webdriver.chrome.webdriver.WebDriver (session=\"851c5aa7ebf048dda80779dc514cfe4f\")>\n\n    @allure.story(\"我的流程-添加流程名称点击保存提示重复\")\n    # @pytest.mark.run(order=1)\n    def test_affairs_template_addrepeats1(self, login_to_affairs):\n        driver = login_to_affairs  # WebDriver 实例\n        affairs = AffairsPage(driver)  # 用 driver 初始化 AffairsPage\n        name = \"测试流程1\"\n        affairs.click_process()\n        affairs.add_process(name=name, type=\"服务\", frequency=\"每天\")\n        affairs.click_save()\n>       mes = affairs.get_error_message()\n\nTests\\test_system\\test_affairs.py:898: \n_ _ _ _ _ _ _ _ _ _ _ _ _ _ _ _ _ _ _ _ _ _ _ _ _ _ _ _ _ _ _ _ _ _ _ _ _ _ _ _ _ _ _ _ _ _ _ _ _ _ _ _ _ _ _ _ _ _ _ _ _ _ _ _ _ _ _ _ _ _ _ _ _ _ _ _ _ _ _ _ _ _ _ _ _ _ _ _ _ _ _ _ _ _ _ _ _ _ _ _ _ _ _ _ _ _ _ _ _ _ _ _ _ _ _ _\nPages\\systemPage\\affairs_page.py:43: in get_error_message\n    message = WebDriverWait(self.driver, 10).until(\n_ _ _ _ _ _ _ _ _ _ _ _ _ _ _ _ _ _ _ _ _ _ _ _ _ _ _ _ _ _ _ _ _ _ _ _ _ _ _ _ _ _ _ _ _ _ _ _ _ _ _ _ _ _ _ _ _ _ _ _ _ _ _ _ _ _ _ _ _ _ _ _ _ _ _ _ _ _ _ _ _ _ _ _ _ _ _ _ _ _ _ _ _ _ _ _ _ _ _ _ _ _ _ _ _ _ _ _ _ _ _ _ _ _ _ _\n\nself = <selenium.webdriver.support.wait.WebDriverWait (session=\"851c5aa7ebf048dda80779dc514cfe4f\")>, method = <function visibility_of_element_located.<locals>._predicate at 0x000001676D337250>, message = ''\n\n    def until(self, method: Callable[[D], Union[Literal[False], T]], message: str = \"\") -> T:\n        \"\"\"Wait until the method returns a value that is not False.\n    \n        Calls the method provided with the driver as an argument until the\n        return value does not evaluate to ``False``.\n    \n        Parameters:\n        -----------\n        method: callable(WebDriver)\n            - A callable object that takes a WebDriver instance as an argument.\n    \n        message: str\n            - Optional message for :exc:`TimeoutException`\n    \n        Return:\n        -------\n        object: T\n            - The result of the last call to `method`\n    \n        Raises:\n        -------\n        TimeoutException\n            - If 'method' does not return a truthy value within the WebDriverWait\n            object's timeout\n    \n        Example:\n        --------\n        >>> from selenium.webdriver.common.by import By\n        >>> from selenium.webdriver.support.ui import WebDriverWait\n        >>> from selenium.webdriver.support import expected_conditions as EC\n    \n        # Wait until an element is visible on the page\n        >>> wait = WebDriverWait(driver, 10)\n        >>> element = wait.until(EC.visibility_of_element_located((By.ID, \"exampleId\")))\n        >>> print(element.text)\n        \"\"\"\n        screen = None\n        stacktrace = None\n    \n        end_time = time.monotonic() + self._timeout\n        while True:\n            try:\n                value = method(self._driver)\n                if value:\n                    return value\n            except self._ignored_exceptions as exc:\n                screen = getattr(exc, \"screen\", None)\n                stacktrace = getattr(exc, \"stacktrace\", None)\n            if time.monotonic() > end_time:\n                break\n            time.sleep(self._poll)\n>       raise TimeoutException(message, screen, stacktrace)\nE       selenium.common.exceptions.TimeoutException: Message: \nE       Stacktrace:\nE       Symbols not available. Dumping unresolved backtrace:\nE       \t0x7ff6f6d5fe35\nE       \t0x7ff6f6d5fe90\nE       \t0x7ff6f6ae139d\nE       \t0x7ff6f6b39d8e\nE       \t0x7ff6f6b3a09c\nE       \t0x7ff6f6b8e8d7\nE       \t0x7ff6f6b8b61b\nE       \t0x7ff6f6b2ac6d\nE       \t0x7ff6f6b2bae3\nE       \t0x7ff6f702a10d\nE       \t0x7ff6f702448a\nE       \t0x7ff6f7045157\nE       \t0x7ff6f6d7a81e\nE       \t0x7ff6f6d8262f\nE       \t0x7ff6f6d69324\nE       \t0x7ff6f6d694df\nE       \t0x7ff6f6d4ee88\nE       \t0x7ffc369c7374\nE       \t0x7ffc382fcc91\n\nD:\\Python310\\lib\\site-packages\\selenium\\webdriver\\support\\wait.py:138: TimeoutException","flaky":false,"newFailed":false,"newBroken":false,"newPassed":false,"retriesCount":0,"retriesStatusChange":false,"beforeStages":[{"name":"login_to_affairs","time":{"start":1764892907714,"stop":1764892921303,"duration":13589},"status":"passed","steps":[],"attachments":[],"parameters":[],"hasContent":false,"attachmentStep":false,"stepsCount":0,"shouldDisplayMessage":false,"attachmentsCount":0}],"testStage":{"status":"broken","statusMessage":"selenium.common.exceptions.TimeoutException: Message: \nStacktrace:\nSymbols not available. Dumping unresolved backtrace:\n\t0x7ff6f6d5fe35\n\t0x7ff6f6d5fe90\n\t0x7ff6f6ae139d\n\t0x7ff6f6b39d8e\n\t0x7ff6f6b3a09c\n\t0x7ff6f6b8e8d7\n\t0x7ff6f6b8b61b\n\t0x7ff6f6b2ac6d\n\t0x7ff6f6b2bae3\n\t0x7ff6f702a10d\n\t0x7ff6f702448a\n\t0x7ff6f7045157\n\t0x7ff6f6d7a81e\n\t0x7ff6f6d8262f\n\t0x7ff6f6d69324\n\t0x7ff6f6d694df\n\t0x7ff6f6d4ee88\n\t0x7ffc369c7374\n\t0x7ffc382fcc91","statusTrace":"self = <test_system.test_affairs.TestAffairsPage object at 0x000001676AC7EB30>, login_to_affairs = <selenium.webdriver.chrome.webdriver.WebDriver (session=\"851c5aa7ebf048dda80779dc514cfe4f\")>\n\n    @allure.story(\"我的流程-添加流程名称点击保存提示重复\")\n    # @pytest.mark.run(order=1)\n    def test_affairs_template_addrepeats1(self, login_to_affairs):\n        driver = login_to_affairs  # WebDriver 实例\n        affairs = AffairsPage(driver)  # 用 driver 初始化 AffairsPage\n        name = \"测试流程1\"\n        affairs.click_process()\n        affairs.add_process(name=name, type=\"服务\", frequency=\"每天\")\n        affairs.click_save()\n>       mes = affairs.get_error_message()\n\nTests\\test_system\\test_affairs.py:898: \n_ _ _ _ _ _ _ _ _ _ _ _ _ _ _ _ _ _ _ _ _ _ _ _ _ _ _ _ _ _ _ _ _ _ _ _ _ _ _ _ _ _ _ _ _ _ _ _ _ _ _ _ _ _ _ _ _ _ _ _ _ _ _ _ _ _ _ _ _ _ _ _ _ _ _ _ _ _ _ _ _ _ _ _ _ _ _ _ _ _ _ _ _ _ _ _ _ _ _ _ _ _ _ _ _ _ _ _ _ _ _ _ _ _ _ _\nPages\\systemPage\\affairs_page.py:43: in get_error_message\n    message = WebDriverWait(self.driver, 10).until(\n_ _ _ _ _ _ _ _ _ _ _ _ _ _ _ _ _ _ _ _ _ _ _ _ _ _ _ _ _ _ _ _ _ _ _ _ _ _ _ _ _ _ _ _ _ _ _ _ _ _ _ _ _ _ _ _ _ _ _ _ _ _ _ _ _ _ _ _ _ _ _ _ _ _ _ _ _ _ _ _ _ _ _ _ _ _ _ _ _ _ _ _ _ _ _ _ _ _ _ _ _ _ _ _ _ _ _ _ _ _ _ _ _ _ _ _\n\nself = <selenium.webdriver.support.wait.WebDriverWait (session=\"851c5aa7ebf048dda80779dc514cfe4f\")>, method = <function visibility_of_element_located.<locals>._predicate at 0x000001676D337250>, message = ''\n\n    def until(self, method: Callable[[D], Union[Literal[False], T]], message: str = \"\") -> T:\n        \"\"\"Wait until the method returns a value that is not False.\n    \n        Calls the method provided with the driver as an argument until the\n        return value does not evaluate to ``False``.\n    \n        Parameters:\n        -----------\n        method: callable(WebDriver)\n            - A callable object that takes a WebDriver instance as an argument.\n    \n        message: str\n            - Optional message for :exc:`TimeoutException`\n    \n        Return:\n        -------\n        object: T\n            - The result of the last call to `method`\n    \n        Raises:\n        -------\n        TimeoutException\n            - If 'method' does not return a truthy value within the WebDriverWait\n            object's timeout\n    \n        Example:\n        --------\n        >>> from selenium.webdriver.common.by import By\n        >>> from selenium.webdriver.support.ui import WebDriverWait\n        >>> from selenium.webdriver.support import expected_conditions as EC\n    \n        # Wait until an element is visible on the page\n        >>> wait = WebDriverWait(driver, 10)\n        >>> element = wait.until(EC.visibility_of_element_located((By.ID, \"exampleId\")))\n        >>> print(element.text)\n        \"\"\"\n        screen = None\n        stacktrace = None\n    \n        end_time = time.monotonic() + self._timeout\n        while True:\n            try:\n                value = method(self._driver)\n                if value:\n                    return value\n            except self._ignored_exceptions as exc:\n                screen = getattr(exc, \"screen\", None)\n                stacktrace = getattr(exc, \"stacktrace\", None)\n            if time.monotonic() > end_time:\n                break\n            time.sleep(self._poll)\n>       raise TimeoutException(message, screen, stacktrace)\nE       selenium.common.exceptions.TimeoutException: Message: \nE       Stacktrace:\nE       Symbols not available. Dumping unresolved backtrace:\nE       \t0x7ff6f6d5fe35\nE       \t0x7ff6f6d5fe90\nE       \t0x7ff6f6ae139d\nE       \t0x7ff6f6b39d8e\nE       \t0x7ff6f6b3a09c\nE       \t0x7ff6f6b8e8d7\nE       \t0x7ff6f6b8b61b\nE       \t0x7ff6f6b2ac6d\nE       \t0x7ff6f6b2bae3\nE       \t0x7ff6f702a10d\nE       \t0x7ff6f702448a\nE       \t0x7ff6f7045157\nE       \t0x7ff6f6d7a81e\nE       \t0x7ff6f6d8262f\nE       \t0x7ff6f6d69324\nE       \t0x7ff6f6d694df\nE       \t0x7ff6f6d4ee88\nE       \t0x7ffc369c7374\nE       \t0x7ffc382fcc91\n\nD:\\Python310\\lib\\site-packages\\selenium\\webdriver\\support\\wait.py:138: TimeoutException","steps":[],"attachments":[{"uid":"b1ee1c8135361afb","name":"test_affairs_template_addrepeats1_failure","source":"b1ee1c8135361afb.png","type":"image/png","size":114670},{"uid":"1f4bb34f79fe1463","name":"test_affairs_template_addrepeats1_source","source":"1f4bb34f79fe1463.html","type":"text/html","size":924833},{"uid":"223f6a6751d4f035","name":"log","source":"223f6a6751d4f035.txt","type":"text/plain","size":4105}],"parameters":[],"hasContent":true,"attachmentStep":false,"stepsCount":0,"shouldDisplayMessage":true,"attachmentsCount":3},"afterStages":[{"name":"login_to_affairs::0","time":{"start":1764892950330,"stop":1764892952479,"duration":2149},"status":"passed","steps":[],"attachments":[],"parameters":[],"hasContent":false,"attachmentStep":false,"stepsCount":0,"shouldDisplayMessage":false,"attachmentsCount":0}],"labels":[{"name":"feature","value":"事务管理页用例"},{"name":"story","value":"我的流程-添加流程名称点击保存提示重复"},{"name":"parentSuite","value":"Tests.test_system"},{"name":"suite","value":"test_affairs"},{"name":"subSuite","value":"TestAffairsPage"},{"name":"host","value":"DESKTOP-L7L44NB"},{"name":"thread","value":"10972-MainThread"},{"name":"framework","value":"pytest"},{"name":"language","value":"cpython3"},{"name":"package","value":"Tests.test_system.test_affairs"},{"name":"resultFormat","value":"allure2"}],"parameters":[],"links":[],"hidden":true,"retry":true,"extra":{"categories":[],"tags":[]},"source":"45a27839af849184.json","parameterValues":[]}