{"uid":"46d8994956870ab1","name":"test_order_selectcodesuccess","fullName":"Tests.test_items.test_order.TestOrderPage#test_order_selectcodesuccess","historyId":"422eb74f0c5bdbef3fe02db88d5e10d6","time":{"start":1768486271144,"stop":1768486292468,"duration":21324},"status":"broken","statusMessage":"selenium.common.exceptions.TimeoutException: Message: \nStacktrace:\nSymbols not available. Dumping unresolved backtrace:\n\t0x7ff63975fe35\n\t0x7ff63975fe90\n\t0x7ff6394e139d\n\t0x7ff639539d8e\n\t0x7ff63953a09c\n\t0x7ff63958e8d7\n\t0x7ff63958b61b\n\t0x7ff63952ac6d\n\t0x7ff63952bae3\n\t0x7ff639a2a10d\n\t0x7ff639a2448a\n\t0x7ff639a45157\n\t0x7ff63977a81e\n\t0x7ff63978262f\n\t0x7ff639769324\n\t0x7ff6397694df\n\t0x7ff63974ee88\n\t0x7ff9e6a37374\n\t0x7ff9e86dcc91","statusTrace":"self = <test_items.test_order.TestOrderPage object at 0x00000202099731C0>, login_to_order = <selenium.webdriver.chrome.webdriver.WebDriver (session=\"94a423c9fc717bb0615ba0c7d1eb675e\")>\n\n    @allure.story(\"查询制造订单代码成功\")\n    # @pytest.mark.run(order=1)\n    def test_order_selectcodesuccess(self, login_to_order):\n        driver = login_to_order  # WebDriver 实例\n        order = OrderPage(driver)  # 用 driver 初始化 OrderPage\n        name = \"1测试A\"\n    \n        # 点击查询\n        order.click_sel_button()\n        sleep(1)\n        # 定位名称输入框\n        element_to_double_click = driver.find_element(\n            By.XPATH,\n            '(//div[@class=\"vxe-table--render-wrapper\"])[3]/div[1]/div[2]//tr[1]/td[4]',\n        )\n        # 创建一个 ActionChains 对象\n        actions = ActionChains(driver)\n        # 双击命令\n        actions.double_click(element_to_double_click).perform()\n        sleep(1)\n        # 点击制造订单代码\n        order.click_button('//div[text()=\"订单代码\" and contains(@optid,\"opt_\")]')\n        sleep(1)\n        # 点击比较关系框\n        order.click_button(\n            '(//div[@class=\"vxe-table--render-wrapper\"])[3]/div[1]/div[2]//tr[1]/td[5]//input'\n        )\n        sleep(1)\n        # 点击=\n        order.click_button('//div[text()=\"=\" and contains(@optid,\"opt_\")]')\n        sleep(1)\n        # 点击输入数值\n        order.enter_texts(\n            '(//div[@class=\"vxe-table--render-wrapper\"])[3]/div[1]/div[2]//tr[1]/td[6]//input',\n            name,\n        )\n        sleep(1)\n    \n        # 点击确认\n        order.click_select_button()\n        # 定位第一行是否为1A\n>       ordercode = order.get_find_element_xpath(\n            '(//table[contains(@class, \"vxe-table--body\")])[2]//tr[1]/td[2]'\n        ).text\n\nTests\\test_items\\test_order.py:657: \n_ _ _ _ _ _ _ _ _ _ _ _ _ _ _ _ _ _ _ _ _ _ _ _ _ _ _ _ _ _ _ _ _ _ _ _ _ _ _ _ _ _ _ _ _ _ _ _ _ _ _ _ _ _ _ _ _ _ _ _ _ _ _ _ _ _ _ _ _ _ _ _ _ _ _ _ _ _ _ _ _ _ _ _ _ _ _ _ _ _ _ _ _ _ _ _ _ _ _ _ _ _ _ _ _ _ _ _ _ _ _ _ _ _ _ _\nPages\\itemsPage\\order_page.py:49: in get_find_element_xpath\n    return self.find_element(By.XPATH, xpath)\nPages\\base_page.py:28: in find_element\n    return WebDriverWait(self.driver, wait_time).until(\n_ _ _ _ _ _ _ _ _ _ _ _ _ _ _ _ _ _ _ _ _ _ _ _ _ _ _ _ _ _ _ _ _ _ _ _ _ _ _ _ _ _ _ _ _ _ _ _ _ _ _ _ _ _ _ _ _ _ _ _ _ _ _ _ _ _ _ _ _ _ _ _ _ _ _ _ _ _ _ _ _ _ _ _ _ _ _ _ _ _ _ _ _ _ _ _ _ _ _ _ _ _ _ _ _ _ _ _ _ _ _ _ _ _ _ _\n\nself = <selenium.webdriver.support.wait.WebDriverWait (session=\"94a423c9fc717bb0615ba0c7d1eb675e\")>, method = <function presence_of_element_located.<locals>._predicate at 0x000002020ABADAB0>, message = ''\n\n    def until(self, method: Callable[[D], Union[Literal[False], T]], message: str = \"\") -> T:\n        \"\"\"Wait until the method returns a value that is not False.\n    \n        Calls the method provided with the driver as an argument until the\n        return value does not evaluate to ``False``.\n    \n        Parameters:\n        -----------\n        method: callable(WebDriver)\n            - A callable object that takes a WebDriver instance as an argument.\n    \n        message: str\n            - Optional message for :exc:`TimeoutException`\n    \n        Return:\n        -------\n        object: T\n            - The result of the last call to `method`\n    \n        Raises:\n        -------\n        TimeoutException\n            - If 'method' does not return a truthy value within the WebDriverWait\n            object's timeout\n    \n        Example:\n        --------\n        >>> from selenium.webdriver.common.by import By\n        >>> from selenium.webdriver.support.ui import WebDriverWait\n        >>> from selenium.webdriver.support import expected_conditions as EC\n    \n        # Wait until an element is visible on the page\n        >>> wait = WebDriverWait(driver, 10)\n        >>> element = wait.until(EC.visibility_of_element_located((By.ID, \"exampleId\")))\n        >>> print(element.text)\n        \"\"\"\n        screen = None\n        stacktrace = None\n    \n        end_time = time.monotonic() + self._timeout\n        while True:\n            try:\n                value = method(self._driver)\n                if value:\n                    return value\n            except self._ignored_exceptions as exc:\n                screen = getattr(exc, \"screen\", None)\n                stacktrace = getattr(exc, \"stacktrace\", None)\n            if time.monotonic() > end_time:\n                break\n            time.sleep(self._poll)\n>       raise TimeoutException(message, screen, stacktrace)\nE       selenium.common.exceptions.TimeoutException: Message: \nE       Stacktrace:\nE       Symbols not available. Dumping unresolved backtrace:\nE       \t0x7ff63975fe35\nE       \t0x7ff63975fe90\nE       \t0x7ff6394e139d\nE       \t0x7ff639539d8e\nE       \t0x7ff63953a09c\nE       \t0x7ff63958e8d7\nE       \t0x7ff63958b61b\nE       \t0x7ff63952ac6d\nE       \t0x7ff63952bae3\nE       \t0x7ff639a2a10d\nE       \t0x7ff639a2448a\nE       \t0x7ff639a45157\nE       \t0x7ff63977a81e\nE       \t0x7ff63978262f\nE       \t0x7ff639769324\nE       \t0x7ff6397694df\nE       \t0x7ff63974ee88\nE       \t0x7ff9e6a37374\nE       \t0x7ff9e86dcc91\n\nD:\\Python310\\lib\\site-packages\\selenium\\webdriver\\support\\wait.py:138: TimeoutException","flaky":false,"newFailed":false,"newBroken":false,"newPassed":false,"retriesCount":1,"retriesStatusChange":false,"beforeStages":[{"name":"login_to_order","time":{"start":1768486021277,"stop":1768486042206,"duration":20929},"status":"passed","steps":[],"attachments":[],"parameters":[],"stepsCount":0,"attachmentStep":false,"hasContent":false,"shouldDisplayMessage":false,"attachmentsCount":0}],"testStage":{"status":"broken","statusMessage":"selenium.common.exceptions.TimeoutException: Message: \nStacktrace:\nSymbols not available. Dumping unresolved backtrace:\n\t0x7ff63975fe35\n\t0x7ff63975fe90\n\t0x7ff6394e139d\n\t0x7ff639539d8e\n\t0x7ff63953a09c\n\t0x7ff63958e8d7\n\t0x7ff63958b61b\n\t0x7ff63952ac6d\n\t0x7ff63952bae3\n\t0x7ff639a2a10d\n\t0x7ff639a2448a\n\t0x7ff639a45157\n\t0x7ff63977a81e\n\t0x7ff63978262f\n\t0x7ff639769324\n\t0x7ff6397694df\n\t0x7ff63974ee88\n\t0x7ff9e6a37374\n\t0x7ff9e86dcc91","statusTrace":"self = <test_items.test_order.TestOrderPage object at 0x00000202099731C0>, login_to_order = <selenium.webdriver.chrome.webdriver.WebDriver (session=\"94a423c9fc717bb0615ba0c7d1eb675e\")>\n\n    @allure.story(\"查询制造订单代码成功\")\n    # @pytest.mark.run(order=1)\n    def test_order_selectcodesuccess(self, login_to_order):\n        driver = login_to_order  # WebDriver 实例\n        order = OrderPage(driver)  # 用 driver 初始化 OrderPage\n        name = \"1测试A\"\n    \n        # 点击查询\n        order.click_sel_button()\n        sleep(1)\n        # 定位名称输入框\n        element_to_double_click = driver.find_element(\n            By.XPATH,\n            '(//div[@class=\"vxe-table--render-wrapper\"])[3]/div[1]/div[2]//tr[1]/td[4]',\n        )\n        # 创建一个 ActionChains 对象\n        actions = ActionChains(driver)\n        # 双击命令\n        actions.double_click(element_to_double_click).perform()\n        sleep(1)\n        # 点击制造订单代码\n        order.click_button('//div[text()=\"订单代码\" and contains(@optid,\"opt_\")]')\n        sleep(1)\n        # 点击比较关系框\n        order.click_button(\n            '(//div[@class=\"vxe-table--render-wrapper\"])[3]/div[1]/div[2]//tr[1]/td[5]//input'\n        )\n        sleep(1)\n        # 点击=\n        order.click_button('//div[text()=\"=\" and contains(@optid,\"opt_\")]')\n        sleep(1)\n        # 点击输入数值\n        order.enter_texts(\n            '(//div[@class=\"vxe-table--render-wrapper\"])[3]/div[1]/div[2]//tr[1]/td[6]//input',\n            name,\n        )\n        sleep(1)\n    \n        # 点击确认\n        order.click_select_button()\n        # 定位第一行是否为1A\n>       ordercode = order.get_find_element_xpath(\n            '(//table[contains(@class, \"vxe-table--body\")])[2]//tr[1]/td[2]'\n        ).text\n\nTests\\test_items\\test_order.py:657: \n_ _ _ _ _ _ _ _ _ _ _ _ _ _ _ _ _ _ _ _ _ _ _ _ _ _ _ _ _ _ _ _ _ _ _ _ _ _ _ _ _ _ _ _ _ _ _ _ _ _ _ _ _ _ _ _ _ _ _ _ _ _ _ _ _ _ _ _ _ _ _ _ _ _ _ _ _ _ _ _ _ _ _ _ _ _ _ _ _ _ _ _ _ _ _ _ _ _ _ _ _ _ _ _ _ _ _ _ _ _ _ _ _ _ _ _\nPages\\itemsPage\\order_page.py:49: in get_find_element_xpath\n    return self.find_element(By.XPATH, xpath)\nPages\\base_page.py:28: in find_element\n    return WebDriverWait(self.driver, wait_time).until(\n_ _ _ _ _ _ _ _ _ _ _ _ _ _ _ _ _ _ _ _ _ _ _ _ _ _ _ _ _ _ _ _ _ _ _ _ _ _ _ _ _ _ _ _ _ _ _ _ _ _ _ _ _ _ _ _ _ _ _ _ _ _ _ _ _ _ _ _ _ _ _ _ _ _ _ _ _ _ _ _ _ _ _ _ _ _ _ _ _ _ _ _ _ _ _ _ _ _ _ _ _ _ _ _ _ _ _ _ _ _ _ _ _ _ _ _\n\nself = <selenium.webdriver.support.wait.WebDriverWait (session=\"94a423c9fc717bb0615ba0c7d1eb675e\")>, method = <function presence_of_element_located.<locals>._predicate at 0x000002020ABADAB0>, message = ''\n\n    def until(self, method: Callable[[D], Union[Literal[False], T]], message: str = \"\") -> T:\n        \"\"\"Wait until the method returns a value that is not False.\n    \n        Calls the method provided with the driver as an argument until the\n        return value does not evaluate to ``False``.\n    \n        Parameters:\n        -----------\n        method: callable(WebDriver)\n            - A callable object that takes a WebDriver instance as an argument.\n    \n        message: str\n            - Optional message for :exc:`TimeoutException`\n    \n        Return:\n        -------\n        object: T\n            - The result of the last call to `method`\n    \n        Raises:\n        -------\n        TimeoutException\n            - If 'method' does not return a truthy value within the WebDriverWait\n            object's timeout\n    \n        Example:\n        --------\n        >>> from selenium.webdriver.common.by import By\n        >>> from selenium.webdriver.support.ui import WebDriverWait\n        >>> from selenium.webdriver.support import expected_conditions as EC\n    \n        # Wait until an element is visible on the page\n        >>> wait = WebDriverWait(driver, 10)\n        >>> element = wait.until(EC.visibility_of_element_located((By.ID, \"exampleId\")))\n        >>> print(element.text)\n        \"\"\"\n        screen = None\n        stacktrace = None\n    \n        end_time = time.monotonic() + self._timeout\n        while True:\n            try:\n                value = method(self._driver)\n                if value:\n                    return value\n            except self._ignored_exceptions as exc:\n                screen = getattr(exc, \"screen\", None)\n                stacktrace = getattr(exc, \"stacktrace\", None)\n            if time.monotonic() > end_time:\n                break\n            time.sleep(self._poll)\n>       raise TimeoutException(message, screen, stacktrace)\nE       selenium.common.exceptions.TimeoutException: Message: \nE       Stacktrace:\nE       Symbols not available. Dumping unresolved backtrace:\nE       \t0x7ff63975fe35\nE       \t0x7ff63975fe90\nE       \t0x7ff6394e139d\nE       \t0x7ff639539d8e\nE       \t0x7ff63953a09c\nE       \t0x7ff63958e8d7\nE       \t0x7ff63958b61b\nE       \t0x7ff63952ac6d\nE       \t0x7ff63952bae3\nE       \t0x7ff639a2a10d\nE       \t0x7ff639a2448a\nE       \t0x7ff639a45157\nE       \t0x7ff63977a81e\nE       \t0x7ff63978262f\nE       \t0x7ff639769324\nE       \t0x7ff6397694df\nE       \t0x7ff63974ee88\nE       \t0x7ff9e6a37374\nE       \t0x7ff9e86dcc91\n\nD:\\Python310\\lib\\site-packages\\selenium\\webdriver\\support\\wait.py:138: TimeoutException","steps":[],"attachments":[{"uid":"ef6af42b2544fe87","name":"test_order_selectcodesuccess_20260115_221132","source":"ef6af42b2544fe87.png","type":"image/png","size":78003},{"uid":"73da75ce0b2fea86","name":"log","source":"73da75ce0b2fea86.txt","type":"text/plain","size":2387}],"parameters":[],"stepsCount":0,"attachmentStep":false,"hasContent":true,"shouldDisplayMessage":true,"attachmentsCount":2},"afterStages":[{"name":"login_to_order::0","time":{"start":1768487162426,"stop":1768487164662,"duration":2236},"status":"passed","steps":[],"attachments":[],"parameters":[],"stepsCount":0,"attachmentStep":false,"hasContent":false,"shouldDisplayMessage":false,"attachmentsCount":0}],"labels":[{"name":"story","value":"查询制造订单代码成功"},{"name":"feature","value":"制造订单表测试用例"},{"name":"parentSuite","value":"Tests.test_items"},{"name":"suite","value":"test_order"},{"name":"subSuite","value":"TestOrderPage"},{"name":"host","value":"DESKTOP-L7L44NB"},{"name":"thread","value":"23052-MainThread"},{"name":"framework","value":"pytest"},{"name":"language","value":"cpython3"},{"name":"package","value":"Tests.test_items.test_order"},{"name":"resultFormat","value":"allure2"}],"parameters":[],"links":[],"hidden":false,"retry":false,"extra":{"severity":"normal","retries":[{"uid":"6a935af63dfec123","status":"broken","statusDetails":"selenium.common.exceptions.TimeoutException: Message: \nStacktrace:\nSymbols not available. Dumping unresolved backtrace:\n\t0x7ff63975fe35\n\t0x7ff63975fe90\n\t0x7ff6394e139d\n\t0x7ff639539d8e\n\t0x7ff63953a09c\n\t0x7ff63958e8d7\n\t0x7ff63958b61b\n\t0x7ff63952ac6d\n\t0x7ff63952bae3\n\t0x7ff639a2a10d\n\t0x7ff639a2448a\n\t0x7ff639a45157\n\t0x7ff63977a81e\n\t0x7ff63978262f\n\t0x7ff639769324\n\t0x7ff6397694df\n\t0x7ff63974ee88\n\t0x7ff9e6a37374\n\t0x7ff9e86dcc91","time":{"start":1768486249475,"stop":1768486270925,"duration":21450}}],"categories":[{"name":"Test defects","matchedStatuses":[]}],"tags":[]},"source":"46d8994956870ab1.json","parameterValues":[]}