{"uid":"47a4ac14b3d52644","name":"test_setting_select_dateinput","fullName":"Tests.test_items.test_setting.TestSettingPage#test_setting_select_dateinput","historyId":"3f14c6b0ac055e5e3fb86f8a3d871755","time":{"start":1770136913083,"stop":1770136942815,"duration":29732},"status":"broken","statusMessage":"selenium.common.exceptions.TimeoutException: Message: \nStacktrace:\nSymbols not available. Dumping unresolved backtrace:\n\t0x7ff64839fe35\n\t0x7ff64839fe90\n\t0x7ff64812139d\n\t0x7ff648179d8e\n\t0x7ff64817a09c\n\t0x7ff6481ce8d7\n\t0x7ff6481cb61b\n\t0x7ff64816ac6d\n\t0x7ff64816bae3\n\t0x7ff64866a10d\n\t0x7ff64866448a\n\t0x7ff648685157\n\t0x7ff6483ba81e\n\t0x7ff6483c262f\n\t0x7ff6483a9324\n\t0x7ff6483a94df\n\t0x7ff64838ee88\n\t0x7ffc59d27374\n\t0x7ffc5a9fcc91","statusTrace":"self = <test_items.test_setting.TestSettingPage object at 0x0000025C77BA6FE0>, login_to_setting = <selenium.webdriver.chrome.webdriver.WebDriver (session=\"0a9de118c5e320cbcad4dc45a9c23a7c\")>\n\n    @allure.story(\"设置表格布局-制造订单交货期查询-日期范围\")\n    # @pytest.mark.run(order=1)\n    def test_setting_select_dateinput(self, login_to_setting):\n        driver = login_to_setting  # WebDriver 实例\n        setting = SettingPage(driver)  # 用 driver 初始化 SettingPage\n        layout = \"测试布局A\"\n        code = \"交货期\"\n        sleep(1)\n        setting.click_button(f'//div[@class=\"tabsDivItemCon\"]/div[text()=\" {layout} \"]')\n        sleep(1)\n        setting.click_setting_button()\n        # 点击快速查询按钮\n        setting.click_button('(//div[text()=\" 快速查询 \"])[1]')\n        sleep(1)\n        # 点击特定代码的行以选择\n        setting.click_button(\n            f'//tr[./td[3][.//span[text()=\"{code}\"]]]/td[4]//input[@placeholder=\"请选择\"]'\n        )\n        # 打开下拉框\n        setting.click_button('//div[text()=\"日期范围\"]')\n        setting.click_button('(//div[@class=\"demo-drawer-footer\"])[3]/button[2]')\n        setting.wait_for_el_loading_mask()\n        setting.wait_for_loading_to_disappear()\n        setting.click_button('//p[text()=\"交货期\"]/following-sibling::div[1]')\n        sleep(2)\n        time1 = setting.get_find_element_xpath(\n            '//div[@class=\"single-page\"]//table[@class=\"vxe-table--body\"]//tr[2]/td[9]'\n        ).get_attribute('innerText')\n        sleep(1)\n        time2 = '2025/01/01 00:00:00'\n        if time1 > time2:\n            time = time2 + \" - \" + time1\n        else:\n            time = time1 + \" - \" + time2\n>       setting.enter_texts('//div[@class=\"ivu-date-picker-rel\"]//input', time)\n\nTests\\test_items\\test_setting.py:1246: \n_ _ _ _ _ _ _ _ _ _ _ _ _ _ _ _ _ _ _ _ _ _ _ _ _ _ _ _ _ _ _ _ _ _ _ _ _ _ _ _ _ _ _ _ _ _ _ _ _ _ _ _ _ _ _ _ _ _ _ _ _ _ _ _ _ _ _ _ _ _ _ _ _ _ _ _ _ _ _ _ _ _ _ _ _ _ _ _ _ _ _ _ _ _ _ _ _ _ _ _ _ _ _ _ _ _ _ _ _ _ _ _ _ _ _ _\nPages\\itemsPage\\setting_page.py:18: in enter_texts\n    self.enter_text(By.XPATH, xpath, text)\nPages\\base_page.py:90: in enter_text\n    element = WebDriverWait(self.driver, wait_time).until(\n_ _ _ _ _ _ _ _ _ _ _ _ _ _ _ _ _ _ _ _ _ _ _ _ _ _ _ _ _ _ _ _ _ _ _ _ _ _ _ _ _ _ _ _ _ _ _ _ _ _ _ _ _ _ _ _ _ _ _ _ _ _ _ _ _ _ _ _ _ _ _ _ _ _ _ _ _ _ _ _ _ _ _ _ _ _ _ _ _ _ _ _ _ _ _ _ _ _ _ _ _ _ _ _ _ _ _ _ _ _ _ _ _ _ _ _\n\nself = <selenium.webdriver.support.wait.WebDriverWait (session=\"0a9de118c5e320cbcad4dc45a9c23a7c\")>, method = <function visibility_of_element_located.<locals>._predicate at 0x0000025C79AC4940>, message = ''\n\n    def until(self, method: Callable[[D], Union[Literal[False], T]], message: str = \"\") -> T:\n        \"\"\"Wait until the method returns a value that is not False.\n    \n        Calls the method provided with the driver as an argument until the\n        return value does not evaluate to ``False``.\n    \n        Parameters:\n        -----------\n        method: callable(WebDriver)\n            - A callable object that takes a WebDriver instance as an argument.\n    \n        message: str\n            - Optional message for :exc:`TimeoutException`\n    \n        Return:\n        -------\n        object: T\n            - The result of the last call to `method`\n    \n        Raises:\n        -------\n        TimeoutException\n            - If 'method' does not return a truthy value within the WebDriverWait\n            object's timeout\n    \n        Example:\n        --------\n        >>> from selenium.webdriver.common.by import By\n        >>> from selenium.webdriver.support.ui import WebDriverWait\n        >>> from selenium.webdriver.support import expected_conditions as EC\n    \n        # Wait until an element is visible on the page\n        >>> wait = WebDriverWait(driver, 10)\n        >>> element = wait.until(EC.visibility_of_element_located((By.ID, \"exampleId\")))\n        >>> print(element.text)\n        \"\"\"\n        screen = None\n        stacktrace = None\n    \n        end_time = time.monotonic() + self._timeout\n        while True:\n            try:\n                value = method(self._driver)\n                if value:\n                    return value\n            except self._ignored_exceptions as exc:\n                screen = getattr(exc, \"screen\", None)\n                stacktrace = getattr(exc, \"stacktrace\", None)\n            if time.monotonic() > end_time:\n                break\n            time.sleep(self._poll)\n>       raise TimeoutException(message, screen, stacktrace)\nE       selenium.common.exceptions.TimeoutException: Message: \nE       Stacktrace:\nE       Symbols not available. Dumping unresolved backtrace:\nE       \t0x7ff64839fe35\nE       \t0x7ff64839fe90\nE       \t0x7ff64812139d\nE       \t0x7ff648179d8e\nE       \t0x7ff64817a09c\nE       \t0x7ff6481ce8d7\nE       \t0x7ff6481cb61b\nE       \t0x7ff64816ac6d\nE       \t0x7ff64816bae3\nE       \t0x7ff64866a10d\nE       \t0x7ff64866448a\nE       \t0x7ff648685157\nE       \t0x7ff6483ba81e\nE       \t0x7ff6483c262f\nE       \t0x7ff6483a9324\nE       \t0x7ff6483a94df\nE       \t0x7ff64838ee88\nE       \t0x7ffc59d27374\nE       \t0x7ffc5a9fcc91\n\nD:\\Python310\\lib\\site-packages\\selenium\\webdriver\\support\\wait.py:138: TimeoutException","flaky":false,"newFailed":false,"newBroken":false,"newPassed":false,"retriesCount":1,"retriesStatusChange":false,"beforeStages":[{"name":"login_to_setting","time":{"start":1770136215215,"stop":1770136233124,"duration":17909},"status":"passed","steps":[],"attachments":[],"parameters":[],"attachmentsCount":0,"shouldDisplayMessage":false,"stepsCount":0,"attachmentStep":false,"hasContent":false}],"testStage":{"status":"broken","statusMessage":"selenium.common.exceptions.TimeoutException: Message: \nStacktrace:\nSymbols not available. Dumping unresolved backtrace:\n\t0x7ff64839fe35\n\t0x7ff64839fe90\n\t0x7ff64812139d\n\t0x7ff648179d8e\n\t0x7ff64817a09c\n\t0x7ff6481ce8d7\n\t0x7ff6481cb61b\n\t0x7ff64816ac6d\n\t0x7ff64816bae3\n\t0x7ff64866a10d\n\t0x7ff64866448a\n\t0x7ff648685157\n\t0x7ff6483ba81e\n\t0x7ff6483c262f\n\t0x7ff6483a9324\n\t0x7ff6483a94df\n\t0x7ff64838ee88\n\t0x7ffc59d27374\n\t0x7ffc5a9fcc91","statusTrace":"self = <test_items.test_setting.TestSettingPage object at 0x0000025C77BA6FE0>, login_to_setting = <selenium.webdriver.chrome.webdriver.WebDriver (session=\"0a9de118c5e320cbcad4dc45a9c23a7c\")>\n\n    @allure.story(\"设置表格布局-制造订单交货期查询-日期范围\")\n    # @pytest.mark.run(order=1)\n    def test_setting_select_dateinput(self, login_to_setting):\n        driver = login_to_setting  # WebDriver 实例\n        setting = SettingPage(driver)  # 用 driver 初始化 SettingPage\n        layout = \"测试布局A\"\n        code = \"交货期\"\n        sleep(1)\n        setting.click_button(f'//div[@class=\"tabsDivItemCon\"]/div[text()=\" {layout} \"]')\n        sleep(1)\n        setting.click_setting_button()\n        # 点击快速查询按钮\n        setting.click_button('(//div[text()=\" 快速查询 \"])[1]')\n        sleep(1)\n        # 点击特定代码的行以选择\n        setting.click_button(\n            f'//tr[./td[3][.//span[text()=\"{code}\"]]]/td[4]//input[@placeholder=\"请选择\"]'\n        )\n        # 打开下拉框\n        setting.click_button('//div[text()=\"日期范围\"]')\n        setting.click_button('(//div[@class=\"demo-drawer-footer\"])[3]/button[2]')\n        setting.wait_for_el_loading_mask()\n        setting.wait_for_loading_to_disappear()\n        setting.click_button('//p[text()=\"交货期\"]/following-sibling::div[1]')\n        sleep(2)\n        time1 = setting.get_find_element_xpath(\n            '//div[@class=\"single-page\"]//table[@class=\"vxe-table--body\"]//tr[2]/td[9]'\n        ).get_attribute('innerText')\n        sleep(1)\n        time2 = '2025/01/01 00:00:00'\n        if time1 > time2:\n            time = time2 + \" - \" + time1\n        else:\n            time = time1 + \" - \" + time2\n>       setting.enter_texts('//div[@class=\"ivu-date-picker-rel\"]//input', time)\n\nTests\\test_items\\test_setting.py:1246: \n_ _ _ _ _ _ _ _ _ _ _ _ _ _ _ _ _ _ _ _ _ _ _ _ _ _ _ _ _ _ _ _ _ _ _ _ _ _ _ _ _ _ _ _ _ _ _ _ _ _ _ _ _ _ _ _ _ _ _ _ _ _ _ _ _ _ _ _ _ _ _ _ _ _ _ _ _ _ _ _ _ _ _ _ _ _ _ _ _ _ _ _ _ _ _ _ _ _ _ _ _ _ _ _ _ _ _ _ _ _ _ _ _ _ _ _\nPages\\itemsPage\\setting_page.py:18: in enter_texts\n    self.enter_text(By.XPATH, xpath, text)\nPages\\base_page.py:90: in enter_text\n    element = WebDriverWait(self.driver, wait_time).until(\n_ _ _ _ _ _ _ _ _ _ _ _ _ _ _ _ _ _ _ _ _ _ _ _ _ _ _ _ _ _ _ _ _ _ _ _ _ _ _ _ _ _ _ _ _ _ _ _ _ _ _ _ _ _ _ _ _ _ _ _ _ _ _ _ _ _ _ _ _ _ _ _ _ _ _ _ _ _ _ _ _ _ _ _ _ _ _ _ _ _ _ _ _ _ _ _ _ _ _ _ _ _ _ _ _ _ _ _ _ _ _ _ _ _ _ _\n\nself = <selenium.webdriver.support.wait.WebDriverWait (session=\"0a9de118c5e320cbcad4dc45a9c23a7c\")>, method = <function visibility_of_element_located.<locals>._predicate at 0x0000025C79AC4940>, message = ''\n\n    def until(self, method: Callable[[D], Union[Literal[False], T]], message: str = \"\") -> T:\n        \"\"\"Wait until the method returns a value that is not False.\n    \n        Calls the method provided with the driver as an argument until the\n        return value does not evaluate to ``False``.\n    \n        Parameters:\n        -----------\n        method: callable(WebDriver)\n            - A callable object that takes a WebDriver instance as an argument.\n    \n        message: str\n            - Optional message for :exc:`TimeoutException`\n    \n        Return:\n        -------\n        object: T\n            - The result of the last call to `method`\n    \n        Raises:\n        -------\n        TimeoutException\n            - If 'method' does not return a truthy value within the WebDriverWait\n            object's timeout\n    \n        Example:\n        --------\n        >>> from selenium.webdriver.common.by import By\n        >>> from selenium.webdriver.support.ui import WebDriverWait\n        >>> from selenium.webdriver.support import expected_conditions as EC\n    \n        # Wait until an element is visible on the page\n        >>> wait = WebDriverWait(driver, 10)\n        >>> element = wait.until(EC.visibility_of_element_located((By.ID, \"exampleId\")))\n        >>> print(element.text)\n        \"\"\"\n        screen = None\n        stacktrace = None\n    \n        end_time = time.monotonic() + self._timeout\n        while True:\n            try:\n                value = method(self._driver)\n                if value:\n                    return value\n            except self._ignored_exceptions as exc:\n                screen = getattr(exc, \"screen\", None)\n                stacktrace = getattr(exc, \"stacktrace\", None)\n            if time.monotonic() > end_time:\n                break\n            time.sleep(self._poll)\n>       raise TimeoutException(message, screen, stacktrace)\nE       selenium.common.exceptions.TimeoutException: Message: \nE       Stacktrace:\nE       Symbols not available. Dumping unresolved backtrace:\nE       \t0x7ff64839fe35\nE       \t0x7ff64839fe90\nE       \t0x7ff64812139d\nE       \t0x7ff648179d8e\nE       \t0x7ff64817a09c\nE       \t0x7ff6481ce8d7\nE       \t0x7ff6481cb61b\nE       \t0x7ff64816ac6d\nE       \t0x7ff64816bae3\nE       \t0x7ff64866a10d\nE       \t0x7ff64866448a\nE       \t0x7ff648685157\nE       \t0x7ff6483ba81e\nE       \t0x7ff6483c262f\nE       \t0x7ff6483a9324\nE       \t0x7ff6483a94df\nE       \t0x7ff64838ee88\nE       \t0x7ffc59d27374\nE       \t0x7ffc5a9fcc91\n\nD:\\Python310\\lib\\site-packages\\selenium\\webdriver\\support\\wait.py:138: TimeoutException","steps":[],"attachments":[{"uid":"c6e1facbef4609cf","name":"test_setting_select_dateinput_20260204_004222","source":"c6e1facbef4609cf.png","type":"image/png","size":155892},{"uid":"de682921c4c23291","name":"test_setting_select_dateinput_20260204_004223","source":"de682921c4c23291.png","type":"image/png","size":155892},{"uid":"286a79ce04023e05","name":"test_setting_select_dateinput_20260204_004223","source":"286a79ce04023e05.png","type":"image/png","size":153589},{"uid":"46a459c66dd0c3e3","name":"log","source":"46a459c66dd0c3e3.txt","type":"text/plain","size":3373}],"parameters":[],"attachmentsCount":4,"shouldDisplayMessage":true,"stepsCount":0,"attachmentStep":false,"hasContent":true},"afterStages":[{"name":"login_to_setting::0","time":{"start":1770137716206,"stop":1770137718401,"duration":2195},"status":"passed","steps":[],"attachments":[],"parameters":[],"attachmentsCount":0,"shouldDisplayMessage":false,"stepsCount":0,"attachmentStep":false,"hasContent":false}],"labels":[{"name":"story","value":"设置表格布局-制造订单交货期查询-日期范围"},{"name":"feature","value":"标准应用设置测试用例"},{"name":"parentSuite","value":"Tests.test_items"},{"name":"suite","value":"test_setting"},{"name":"subSuite","value":"TestSettingPage"},{"name":"host","value":"DESKTOP-L7L44NB"},{"name":"thread","value":"28920-MainThread"},{"name":"framework","value":"pytest"},{"name":"language","value":"cpython3"},{"name":"package","value":"Tests.test_items.test_setting"},{"name":"resultFormat","value":"allure2"}],"parameters":[],"links":[],"hidden":false,"retry":false,"extra":{"severity":"normal","retries":[{"uid":"fd42a75d4d8d76f9","status":"broken","statusDetails":"selenium.common.exceptions.TimeoutException: Message: \nStacktrace:\nSymbols not available. Dumping unresolved backtrace:\n\t0x7ff64839fe35\n\t0x7ff64839fe90\n\t0x7ff64812139d\n\t0x7ff648179d8e\n\t0x7ff64817a09c\n\t0x7ff6481ce8d7\n\t0x7ff6481cb61b\n\t0x7ff64816ac6d\n\t0x7ff64816bae3\n\t0x7ff64866a10d\n\t0x7ff64866448a\n\t0x7ff648685157\n\t0x7ff6483ba81e\n\t0x7ff6483c262f\n\t0x7ff6483a9324\n\t0x7ff6483a94df\n\t0x7ff64838ee88\n\t0x7ffc59d27374\n\t0x7ffc5a9fcc91","time":{"start":1770136882756,"stop":1770136912540,"duration":29784}}],"categories":[{"name":"Test defects","matchedStatuses":[]}],"tags":[]},"source":"47a4ac14b3d52644.json","parameterValues":[]}