{"uid":"50994c28aecac0f0","name":"test_apps_deletetemplate","fullName":"Tests.test_system.test_apps.TestSAppsPage#test_apps_deletetemplate","historyId":"e834b7b00983faf23684c0d0d8dfb86f","time":{"start":1768510902224,"stop":1768510915371,"duration":13147},"status":"broken","statusMessage":"selenium.common.exceptions.TimeoutException: Message: \nStacktrace:\nSymbols not available. Dumping unresolved backtrace:\n\t0x7ff63975fe35\n\t0x7ff63975fe90\n\t0x7ff6394e139d\n\t0x7ff639539d8e\n\t0x7ff63953a09c\n\t0x7ff63958e8d7\n\t0x7ff63958b61b\n\t0x7ff63952ac6d\n\t0x7ff63952bae3\n\t0x7ff639a2a10d\n\t0x7ff639a2448a\n\t0x7ff639a45157\n\t0x7ff63977a81e\n\t0x7ff63978262f\n\t0x7ff639769324\n\t0x7ff6397694df\n\t0x7ff63974ee88\n\t0x7ff9e6a37374\n\t0x7ff9e86dcc91","statusTrace":"self = <test_system.test_apps.TestSAppsPage object at 0x000002020A2140A0>, login_to_apps = <selenium.webdriver.chrome.webdriver.WebDriver (session=\"57ed81d235126bba47b82fc4d0fa3f6a\")>\n\n    @allure.story(\"删除模版成功\")\n    # @pytest.mark.run(order=1)\n    def test_apps_deletetemplate(self, login_to_apps):\n        driver = login_to_apps  # WebDriver 实例\n        apps = AppsPage(driver)  # 用 driver 初始化 ExpressionPage\n        name = \"appstest1\"\n        values = [\"appstest测试模版2\"]\n        apps.wait_for_loading_to_disappear()\n>       apps.select_input(name)\n\nTests\\test_system\\test_apps.py:240: \n_ _ _ _ _ _ _ _ _ _ _ _ _ _ _ _ _ _ _ _ _ _ _ _ _ _ _ _ _ _ _ _ _ _ _ _ _ _ _ _ _ _ _ _ _ _ _ _ _ _ _ _ _ _ _ _ _ _ _ _ _ _ _ _ _ _ _ _ _ _ _ _ _ _ _ _ _ _ _ _ _ _ _ _ _ _ _ _ _ _ _ _ _ _ _ _ _ _ _ _ _ _ _ _ _ _ _ _ _ _ _ _ _ _ _ _\nPages\\systemPage\\apps_page.py:82: in select_input\n    ele = self.get_find_element_xpath(xpath)\nPages\\systemPage\\apps_page.py:29: in get_find_element_xpath\n    return self.find_element(By.XPATH, xpath)\nPages\\base_page.py:28: in find_element\n    return WebDriverWait(self.driver, wait_time).until(\n_ _ _ _ _ _ _ _ _ _ _ _ _ _ _ _ _ _ _ _ _ _ _ _ _ _ _ _ _ _ _ _ _ _ _ _ _ _ _ _ _ _ _ _ _ _ _ _ _ _ _ _ _ _ _ _ _ _ _ _ _ _ _ _ _ _ _ _ _ _ _ _ _ _ _ _ _ _ _ _ _ _ _ _ _ _ _ _ _ _ _ _ _ _ _ _ _ _ _ _ _ _ _ _ _ _ _ _ _ _ _ _ _ _ _ _\n\nself = <selenium.webdriver.support.wait.WebDriverWait (session=\"57ed81d235126bba47b82fc4d0fa3f6a\")>, method = <function presence_of_element_located.<locals>._predicate at 0x000002020C7A4F70>, message = ''\n\n    def until(self, method: Callable[[D], Union[Literal[False], T]], message: str = \"\") -> T:\n        \"\"\"Wait until the method returns a value that is not False.\n    \n        Calls the method provided with the driver as an argument until the\n        return value does not evaluate to ``False``.\n    \n        Parameters:\n        -----------\n        method: callable(WebDriver)\n            - A callable object that takes a WebDriver instance as an argument.\n    \n        message: str\n            - Optional message for :exc:`TimeoutException`\n    \n        Return:\n        -------\n        object: T\n            - The result of the last call to `method`\n    \n        Raises:\n        -------\n        TimeoutException\n            - If 'method' does not return a truthy value within the WebDriverWait\n            object's timeout\n    \n        Example:\n        --------\n        >>> from selenium.webdriver.common.by import By\n        >>> from selenium.webdriver.support.ui import WebDriverWait\n        >>> from selenium.webdriver.support import expected_conditions as EC\n    \n        # Wait until an element is visible on the page\n        >>> wait = WebDriverWait(driver, 10)\n        >>> element = wait.until(EC.visibility_of_element_located((By.ID, \"exampleId\")))\n        >>> print(element.text)\n        \"\"\"\n        screen = None\n        stacktrace = None\n    \n        end_time = time.monotonic() + self._timeout\n        while True:\n            try:\n                value = method(self._driver)\n                if value:\n                    return value\n            except self._ignored_exceptions as exc:\n                screen = getattr(exc, \"screen\", None)\n                stacktrace = getattr(exc, \"stacktrace\", None)\n            if time.monotonic() > end_time:\n                break\n            time.sleep(self._poll)\n>       raise TimeoutException(message, screen, stacktrace)\nE       selenium.common.exceptions.TimeoutException: Message: \nE       Stacktrace:\nE       Symbols not available. Dumping unresolved backtrace:\nE       \t0x7ff63975fe35\nE       \t0x7ff63975fe90\nE       \t0x7ff6394e139d\nE       \t0x7ff639539d8e\nE       \t0x7ff63953a09c\nE       \t0x7ff63958e8d7\nE       \t0x7ff63958b61b\nE       \t0x7ff63952ac6d\nE       \t0x7ff63952bae3\nE       \t0x7ff639a2a10d\nE       \t0x7ff639a2448a\nE       \t0x7ff639a45157\nE       \t0x7ff63977a81e\nE       \t0x7ff63978262f\nE       \t0x7ff639769324\nE       \t0x7ff6397694df\nE       \t0x7ff63974ee88\nE       \t0x7ff9e6a37374\nE       \t0x7ff9e86dcc91\n\nD:\\Python310\\lib\\site-packages\\selenium\\webdriver\\support\\wait.py:138: TimeoutException","flaky":false,"newFailed":false,"newBroken":false,"newPassed":false,"retriesCount":1,"retriesStatusChange":false,"beforeStages":[{"name":"login_to_apps","time":{"start":1768510723927,"stop":1768510737202,"duration":13275},"status":"passed","steps":[],"attachments":[],"parameters":[],"stepsCount":0,"attachmentStep":false,"hasContent":false,"shouldDisplayMessage":false,"attachmentsCount":0}],"testStage":{"status":"broken","statusMessage":"selenium.common.exceptions.TimeoutException: Message: \nStacktrace:\nSymbols not available. Dumping unresolved backtrace:\n\t0x7ff63975fe35\n\t0x7ff63975fe90\n\t0x7ff6394e139d\n\t0x7ff639539d8e\n\t0x7ff63953a09c\n\t0x7ff63958e8d7\n\t0x7ff63958b61b\n\t0x7ff63952ac6d\n\t0x7ff63952bae3\n\t0x7ff639a2a10d\n\t0x7ff639a2448a\n\t0x7ff639a45157\n\t0x7ff63977a81e\n\t0x7ff63978262f\n\t0x7ff639769324\n\t0x7ff6397694df\n\t0x7ff63974ee88\n\t0x7ff9e6a37374\n\t0x7ff9e86dcc91","statusTrace":"self = <test_system.test_apps.TestSAppsPage object at 0x000002020A2140A0>, login_to_apps = <selenium.webdriver.chrome.webdriver.WebDriver (session=\"57ed81d235126bba47b82fc4d0fa3f6a\")>\n\n    @allure.story(\"删除模版成功\")\n    # @pytest.mark.run(order=1)\n    def test_apps_deletetemplate(self, login_to_apps):\n        driver = login_to_apps  # WebDriver 实例\n        apps = AppsPage(driver)  # 用 driver 初始化 ExpressionPage\n        name = \"appstest1\"\n        values = [\"appstest测试模版2\"]\n        apps.wait_for_loading_to_disappear()\n>       apps.select_input(name)\n\nTests\\test_system\\test_apps.py:240: \n_ _ _ _ _ _ _ _ _ _ _ _ _ _ _ _ _ _ _ _ _ _ _ _ _ _ _ _ _ _ _ _ _ _ _ _ _ _ _ _ _ _ _ _ _ _ _ _ _ _ _ _ _ _ _ _ _ _ _ _ _ _ _ _ _ _ _ _ _ _ _ _ _ _ _ _ _ _ _ _ _ _ _ _ _ _ _ _ _ _ _ _ _ _ _ _ _ _ _ _ _ _ _ _ _ _ _ _ _ _ _ _ _ _ _ _\nPages\\systemPage\\apps_page.py:82: in select_input\n    ele = self.get_find_element_xpath(xpath)\nPages\\systemPage\\apps_page.py:29: in get_find_element_xpath\n    return self.find_element(By.XPATH, xpath)\nPages\\base_page.py:28: in find_element\n    return WebDriverWait(self.driver, wait_time).until(\n_ _ _ _ _ _ _ _ _ _ _ _ _ _ _ _ _ _ _ _ _ _ _ _ _ _ _ _ _ _ _ _ _ _ _ _ _ _ _ _ _ _ _ _ _ _ _ _ _ _ _ _ _ _ _ _ _ _ _ _ _ _ _ _ _ _ _ _ _ _ _ _ _ _ _ _ _ _ _ _ _ _ _ _ _ _ _ _ _ _ _ _ _ _ _ _ _ _ _ _ _ _ _ _ _ _ _ _ _ _ _ _ _ _ _ _\n\nself = <selenium.webdriver.support.wait.WebDriverWait (session=\"57ed81d235126bba47b82fc4d0fa3f6a\")>, method = <function presence_of_element_located.<locals>._predicate at 0x000002020C7A4F70>, message = ''\n\n    def until(self, method: Callable[[D], Union[Literal[False], T]], message: str = \"\") -> T:\n        \"\"\"Wait until the method returns a value that is not False.\n    \n        Calls the method provided with the driver as an argument until the\n        return value does not evaluate to ``False``.\n    \n        Parameters:\n        -----------\n        method: callable(WebDriver)\n            - A callable object that takes a WebDriver instance as an argument.\n    \n        message: str\n            - Optional message for :exc:`TimeoutException`\n    \n        Return:\n        -------\n        object: T\n            - The result of the last call to `method`\n    \n        Raises:\n        -------\n        TimeoutException\n            - If 'method' does not return a truthy value within the WebDriverWait\n            object's timeout\n    \n        Example:\n        --------\n        >>> from selenium.webdriver.common.by import By\n        >>> from selenium.webdriver.support.ui import WebDriverWait\n        >>> from selenium.webdriver.support import expected_conditions as EC\n    \n        # Wait until an element is visible on the page\n        >>> wait = WebDriverWait(driver, 10)\n        >>> element = wait.until(EC.visibility_of_element_located((By.ID, \"exampleId\")))\n        >>> print(element.text)\n        \"\"\"\n        screen = None\n        stacktrace = None\n    \n        end_time = time.monotonic() + self._timeout\n        while True:\n            try:\n                value = method(self._driver)\n                if value:\n                    return value\n            except self._ignored_exceptions as exc:\n                screen = getattr(exc, \"screen\", None)\n                stacktrace = getattr(exc, \"stacktrace\", None)\n            if time.monotonic() > end_time:\n                break\n            time.sleep(self._poll)\n>       raise TimeoutException(message, screen, stacktrace)\nE       selenium.common.exceptions.TimeoutException: Message: \nE       Stacktrace:\nE       Symbols not available. Dumping unresolved backtrace:\nE       \t0x7ff63975fe35\nE       \t0x7ff63975fe90\nE       \t0x7ff6394e139d\nE       \t0x7ff639539d8e\nE       \t0x7ff63953a09c\nE       \t0x7ff63958e8d7\nE       \t0x7ff63958b61b\nE       \t0x7ff63952ac6d\nE       \t0x7ff63952bae3\nE       \t0x7ff639a2a10d\nE       \t0x7ff639a2448a\nE       \t0x7ff639a45157\nE       \t0x7ff63977a81e\nE       \t0x7ff63978262f\nE       \t0x7ff639769324\nE       \t0x7ff6397694df\nE       \t0x7ff63974ee88\nE       \t0x7ff9e6a37374\nE       \t0x7ff9e86dcc91\n\nD:\\Python310\\lib\\site-packages\\selenium\\webdriver\\support\\wait.py:138: TimeoutException","steps":[],"attachments":[{"uid":"94e765d60eff7d91","name":"test_apps_deletetemplate_20260116_050155","source":"94e765d60eff7d91.png","type":"image/png","size":88039},{"uid":"7849edbb4549f9e4","name":"test_apps_deletetemplate_20260116_050155","source":"7849edbb4549f9e4.png","type":"image/png","size":88073},{"uid":"b27046e838bbde45","name":"test_apps_deletetemplate_20260116_050155","source":"b27046e838bbde45.png","type":"image/png","size":126838},{"uid":"9b43baa4f42d8fd4","name":"log","source":"9b43baa4f42d8fd4.txt","type":"text/plain","size":475}],"parameters":[],"stepsCount":0,"attachmentStep":false,"hasContent":true,"shouldDisplayMessage":true,"attachmentsCount":4},"afterStages":[{"name":"login_to_apps::0","time":{"start":1768511258446,"stop":1768511260605,"duration":2159},"status":"passed","steps":[],"attachments":[],"parameters":[],"stepsCount":0,"attachmentStep":false,"hasContent":false,"shouldDisplayMessage":false,"attachmentsCount":0}],"labels":[{"name":"story","value":"删除模版成功"},{"name":"feature","value":"应用管理页用例"},{"name":"parentSuite","value":"Tests.test_system"},{"name":"suite","value":"test_apps"},{"name":"subSuite","value":"TestSAppsPage"},{"name":"host","value":"DESKTOP-L7L44NB"},{"name":"thread","value":"23052-MainThread"},{"name":"framework","value":"pytest"},{"name":"language","value":"cpython3"},{"name":"package","value":"Tests.test_system.test_apps"},{"name":"resultFormat","value":"allure2"}],"parameters":[],"links":[],"hidden":false,"retry":false,"extra":{"severity":"normal","retries":[{"uid":"184ccc2d975491ab","status":"broken","statusDetails":"selenium.common.exceptions.TimeoutException: Message: \nStacktrace:\nSymbols not available. Dumping unresolved backtrace:\n\t0x7ff63975fe35\n\t0x7ff63975fe90\n\t0x7ff6394e139d\n\t0x7ff639539d8e\n\t0x7ff63953a09c\n\t0x7ff63958e8d7\n\t0x7ff63958b61b\n\t0x7ff63952ac6d\n\t0x7ff63952bae3\n\t0x7ff639a2a10d\n\t0x7ff639a2448a\n\t0x7ff639a45157\n\t0x7ff63977a81e\n\t0x7ff63978262f\n\t0x7ff639769324\n\t0x7ff6397694df\n\t0x7ff63974ee88\n\t0x7ff9e6a37374\n\t0x7ff9e86dcc91","time":{"start":1768510888592,"stop":1768510901792,"duration":13200}}],"categories":[{"name":"Test defects","matchedStatuses":[]}],"tags":[]},"source":"50994c28aecac0f0.json","parameterValues":[]}