{"uid":"5486dfacb1fba73e","name":"test_unit_ctrlC","fullName":"Tests.test_system.test_planUnit.TestPlanUnitPage#test_unit_ctrlC","historyId":"77a54b022ed23ff0544f90bbf262e78c","time":{"start":1768939680354,"stop":1768939690434,"duration":10080},"status":"broken","statusMessage":"selenium.common.exceptions.TimeoutException: Message: 点击失败，找不到元素：xpath = //table[@class=\"vxe-table--body\"]//tr[2]//td[2]","statusTrace":"self = <Pages.systemPage.planUnit_page.PlanUnitPage object at 0x0000020747462C80>, by_or_element = 'xpath', value = '//table[@class=\"vxe-table--body\"]//tr[2]//td[2]', wait_time = 10, retries = 2\n\n    def click(self, by_or_element, value=None, wait_time=10, retries=2):\n        \"\"\"\n        更稳健的点击方法：支持定位符或 WebElement，自动处理 stale 元素、点击拦截等问题。\n        \"\"\"\n        for attempt in range(retries):\n            try:\n                if value is not None:\n                    by = by_or_element\n                    logging.info(f\"点击元素：By = {by}, Value = {value}\")\n>                   element = WebDriverWait(self.driver, wait_time).until(\n                        EC.element_to_be_clickable((by, value))\n                    )\n\nPages\\base_page.py:49: \n_ _ _ _ _ _ _ _ _ _ _ _ _ _ _ _ _ _ _ _ _ _ _ _ _ _ _ _ _ _ _ _ _ _ _ _ _ _ _ _ _ _ _ _ _ _ _ _ _ _ _ _ _ _ _ _ _ _ _ _ _ _ _ _ _ _ _ _ _ _ _ _ _ _ _ _ _ _ _ _ _ _ _ _ _ _ _ _ _ _ _ _ _ _ _ _ _ _ _ _ _ _ _ _ _ _ _ _ _ _ _ _ _ _ _ _\n\nself = <selenium.webdriver.support.wait.WebDriverWait (session=\"23d85111b97ecf34d27bd679a8fb4980\")>, method = <function element_to_be_clickable.<locals>._predicate at 0x00000207473F6C20>, message = ''\n\n    def until(self, method: Callable[[D], Union[Literal[False], T]], message: str = \"\") -> T:\n        \"\"\"Wait until the method returns a value that is not False.\n    \n        Calls the method provided with the driver as an argument until the\n        return value does not evaluate to ``False``.\n    \n        Parameters:\n        -----------\n        method: callable(WebDriver)\n            - A callable object that takes a WebDriver instance as an argument.\n    \n        message: str\n            - Optional message for :exc:`TimeoutException`\n    \n        Return:\n        -------\n        object: T\n            - The result of the last call to `method`\n    \n        Raises:\n        -------\n        TimeoutException\n            - If 'method' does not return a truthy value within the WebDriverWait\n            object's timeout\n    \n        Example:\n        --------\n        >>> from selenium.webdriver.common.by import By\n        >>> from selenium.webdriver.support.ui import WebDriverWait\n        >>> from selenium.webdriver.support import expected_conditions as EC\n    \n        # Wait until an element is visible on the page\n        >>> wait = WebDriverWait(driver, 10)\n        >>> element = wait.until(EC.visibility_of_element_located((By.ID, \"exampleId\")))\n        >>> print(element.text)\n        \"\"\"\n        screen = None\n        stacktrace = None\n    \n        end_time = time.monotonic() + self._timeout\n        while True:\n            try:\n                value = method(self._driver)\n                if value:\n                    return value\n            except self._ignored_exceptions as exc:\n                screen = getattr(exc, \"screen\", None)\n                stacktrace = getattr(exc, \"stacktrace\", None)\n            if time.monotonic() > end_time:\n                break\n            time.sleep(self._poll)\n>       raise TimeoutException(message, screen, stacktrace)\nE       selenium.common.exceptions.TimeoutException: Message: \nE       Stacktrace:\nE       Symbols not available. Dumping unresolved backtrace:\nE       \t0x7ff74af1fe35\nE       \t0x7ff74af1fe90\nE       \t0x7ff74aca139d\nE       \t0x7ff74acf9d8e\nE       \t0x7ff74acfa09c\nE       \t0x7ff74ad4e8d7\nE       \t0x7ff74ad4b61b\nE       \t0x7ff74aceac6d\nE       \t0x7ff74acebae3\nE       \t0x7ff74b1ea10d\nE       \t0x7ff74b1e448a\nE       \t0x7ff74b205157\nE       \t0x7ff74af3a81e\nE       \t0x7ff74af4262f\nE       \t0x7ff74af29324\nE       \t0x7ff74af294df\nE       \t0x7ff74af0ee88\nE       \t0x7ff9e6a37374\nE       \t0x7ff9e86dcc91\n\nD:\\Python310\\lib\\site-packages\\selenium\\webdriver\\support\\wait.py:138: TimeoutException\n\nDuring handling of the above exception, another exception occurred:\n\nself = <test_system.test_planUnit.TestPlanUnitPage object at 0x00000207458C19C0>, login_to_planUnit = <selenium.webdriver.chrome.webdriver.WebDriver (session=\"23d85111b97ecf34d27bd679a8fb4980\")>\n\n    @allure.story(\"模拟ctrl+c复制可查询\")\n    # @pytest.mark.run(order=1)\n    def test_unit_ctrlC(self, login_to_planUnit):\n        driver = login_to_planUnit  # WebDriver 实例\n        unit = PlanUnitPage(driver)  # 用 driver 初始化 PlanUnitPage\n>       unit.click_button('//table[@class=\"vxe-table--body\"]//tr[2]//td[2]')\n\nTests\\test_system\\test_planUnit.py:881: \n_ _ _ _ _ _ _ _ _ _ _ _ _ _ _ _ _ _ _ _ _ _ _ _ _ _ _ _ _ _ _ _ _ _ _ _ _ _ _ _ _ _ _ _ _ _ _ _ _ _ _ _ _ _ _ _ _ _ _ _ _ _ _ _ _ _ _ _ _ _ _ _ _ _ _ _ _ _ _ _ _ _ _ _ _ _ _ _ _ _ _ _ _ _ _ _ _ _ _ _ _ _ _ _ _ _ _ _ _ _ _ _ _ _ _ _\nPages\\systemPage\\planUnit_page.py:24: in click_button\n    self.click(By.XPATH, xpath)\n_ _ _ _ _ _ _ _ _ _ _ _ _ _ _ _ _ _ _ _ _ _ _ _ _ _ _ _ _ _ _ _ _ _ _ _ _ _ _ _ _ _ _ _ _ _ _ _ _ _ _ _ _ _ _ _ _ _ _ _ _ _ _ _ _ _ _ _ _ _ _ _ _ _ _ _ _ _ _ _ _ _ _ _ _ _ _ _ _ _ _ _ _ _ _ _ _ _ _ _ _ _ _ _ _ _ _ _ _ _ _ _ _ _ _ _\n\nself = <Pages.systemPage.planUnit_page.PlanUnitPage object at 0x0000020747462C80>, by_or_element = 'xpath', value = '//table[@class=\"vxe-table--body\"]//tr[2]//td[2]', wait_time = 10, retries = 2\n\n    def click(self, by_or_element, value=None, wait_time=10, retries=2):\n        \"\"\"\n        更稳健的点击方法：支持定位符或 WebElement，自动处理 stale 元素、点击拦截等问题。\n        \"\"\"\n        for attempt in range(retries):\n            try:\n                if value is not None:\n                    by = by_or_element\n                    logging.info(f\"点击元素：By = {by}, Value = {value}\")\n                    element = WebDriverWait(self.driver, wait_time).until(\n                        EC.element_to_be_clickable((by, value))\n                    )\n                else:\n                    logging.info(\"点击元素：WebElement 对象\")\n                    element = by_or_element\n    \n                element.click()\n                logging.info(\"✅ 点击成功\")\n                return\n    \n            except ElementClickInterceptedException:\n                logging.warning(\"⚠️ 原生点击被拦截，尝试使用 JS 点击\")\n                try:\n                    self.driver.execute_script(\"arguments[0].click();\", element)\n                    logging.info(\"✅ JS 点击成功\")\n                    return\n                except Exception as js_error:\n                    logging.warning(f\"⚠️ JS 点击失败：{js_error}\")\n                    sleep(1)\n                    continue  # 下一轮重试\n    \n            except StaleElementReferenceException:\n                logging.warning(f\"⚠️ 第 {attempt + 1} 次点击失败：元素过期，尝试重新定位\")\n                sleep(1)\n                continue  # 下一轮重试时重新定位\n    \n            except TimeoutException:\n                logging.error(f\"❌ 元素未在 {wait_time} 秒内变为可点击\")\n>               raise TimeoutException(f\"点击失败，找不到元素：{by_or_element} = {value}\")\nE               selenium.common.exceptions.TimeoutException: Message: 点击失败，找不到元素：xpath = //table[@class=\"vxe-table--body\"]//tr[2]//td[2]\n\nPages\\base_page.py:78: TimeoutException","flaky":false,"newFailed":false,"newBroken":false,"newPassed":false,"retriesCount":1,"retriesStatusChange":false,"beforeStages":[{"name":"login_to_planUnit","time":{"start":1768939302103,"stop":1768939316029,"duration":13926},"status":"passed","steps":[],"attachments":[],"parameters":[],"hasContent":false,"attachmentStep":false,"stepsCount":0,"attachmentsCount":0,"shouldDisplayMessage":false}],"testStage":{"status":"broken","statusMessage":"selenium.common.exceptions.TimeoutException: Message: 点击失败，找不到元素：xpath = //table[@class=\"vxe-table--body\"]//tr[2]//td[2]","statusTrace":"self = <Pages.systemPage.planUnit_page.PlanUnitPage object at 0x0000020747462C80>, by_or_element = 'xpath', value = '//table[@class=\"vxe-table--body\"]//tr[2]//td[2]', wait_time = 10, retries = 2\n\n    def click(self, by_or_element, value=None, wait_time=10, retries=2):\n        \"\"\"\n        更稳健的点击方法：支持定位符或 WebElement，自动处理 stale 元素、点击拦截等问题。\n        \"\"\"\n        for attempt in range(retries):\n            try:\n                if value is not None:\n                    by = by_or_element\n                    logging.info(f\"点击元素：By = {by}, Value = {value}\")\n>                   element = WebDriverWait(self.driver, wait_time).until(\n                        EC.element_to_be_clickable((by, value))\n                    )\n\nPages\\base_page.py:49: \n_ _ _ _ _ _ _ _ _ _ _ _ _ _ _ _ _ _ _ _ _ _ _ _ _ _ _ _ _ _ _ _ _ _ _ _ _ _ _ _ _ _ _ _ _ _ _ _ _ _ _ _ _ _ _ _ _ _ _ _ _ _ _ _ _ _ _ _ _ _ _ _ _ _ _ _ _ _ _ _ _ _ _ _ _ _ _ _ _ _ _ _ _ _ _ _ _ _ _ _ _ _ _ _ _ _ _ _ _ _ _ _ _ _ _ _\n\nself = <selenium.webdriver.support.wait.WebDriverWait (session=\"23d85111b97ecf34d27bd679a8fb4980\")>, method = <function element_to_be_clickable.<locals>._predicate at 0x00000207473F6C20>, message = ''\n\n    def until(self, method: Callable[[D], Union[Literal[False], T]], message: str = \"\") -> T:\n        \"\"\"Wait until the method returns a value that is not False.\n    \n        Calls the method provided with the driver as an argument until the\n        return value does not evaluate to ``False``.\n    \n        Parameters:\n        -----------\n        method: callable(WebDriver)\n            - A callable object that takes a WebDriver instance as an argument.\n    \n        message: str\n            - Optional message for :exc:`TimeoutException`\n    \n        Return:\n        -------\n        object: T\n            - The result of the last call to `method`\n    \n        Raises:\n        -------\n        TimeoutException\n            - If 'method' does not return a truthy value within the WebDriverWait\n            object's timeout\n    \n        Example:\n        --------\n        >>> from selenium.webdriver.common.by import By\n        >>> from selenium.webdriver.support.ui import WebDriverWait\n        >>> from selenium.webdriver.support import expected_conditions as EC\n    \n        # Wait until an element is visible on the page\n        >>> wait = WebDriverWait(driver, 10)\n        >>> element = wait.until(EC.visibility_of_element_located((By.ID, \"exampleId\")))\n        >>> print(element.text)\n        \"\"\"\n        screen = None\n        stacktrace = None\n    \n        end_time = time.monotonic() + self._timeout\n        while True:\n            try:\n                value = method(self._driver)\n                if value:\n                    return value\n            except self._ignored_exceptions as exc:\n                screen = getattr(exc, \"screen\", None)\n                stacktrace = getattr(exc, \"stacktrace\", None)\n            if time.monotonic() > end_time:\n                break\n            time.sleep(self._poll)\n>       raise TimeoutException(message, screen, stacktrace)\nE       selenium.common.exceptions.TimeoutException: Message: \nE       Stacktrace:\nE       Symbols not available. Dumping unresolved backtrace:\nE       \t0x7ff74af1fe35\nE       \t0x7ff74af1fe90\nE       \t0x7ff74aca139d\nE       \t0x7ff74acf9d8e\nE       \t0x7ff74acfa09c\nE       \t0x7ff74ad4e8d7\nE       \t0x7ff74ad4b61b\nE       \t0x7ff74aceac6d\nE       \t0x7ff74acebae3\nE       \t0x7ff74b1ea10d\nE       \t0x7ff74b1e448a\nE       \t0x7ff74b205157\nE       \t0x7ff74af3a81e\nE       \t0x7ff74af4262f\nE       \t0x7ff74af29324\nE       \t0x7ff74af294df\nE       \t0x7ff74af0ee88\nE       \t0x7ff9e6a37374\nE       \t0x7ff9e86dcc91\n\nD:\\Python310\\lib\\site-packages\\selenium\\webdriver\\support\\wait.py:138: TimeoutException\n\nDuring handling of the above exception, another exception occurred:\n\nself = <test_system.test_planUnit.TestPlanUnitPage object at 0x00000207458C19C0>, login_to_planUnit = <selenium.webdriver.chrome.webdriver.WebDriver (session=\"23d85111b97ecf34d27bd679a8fb4980\")>\n\n    @allure.story(\"模拟ctrl+c复制可查询\")\n    # @pytest.mark.run(order=1)\n    def test_unit_ctrlC(self, login_to_planUnit):\n        driver = login_to_planUnit  # WebDriver 实例\n        unit = PlanUnitPage(driver)  # 用 driver 初始化 PlanUnitPage\n>       unit.click_button('//table[@class=\"vxe-table--body\"]//tr[2]//td[2]')\n\nTests\\test_system\\test_planUnit.py:881: \n_ _ _ _ _ _ _ _ _ _ _ _ _ _ _ _ _ _ _ _ _ _ _ _ _ _ _ _ _ _ _ _ _ _ _ _ _ _ _ _ _ _ _ _ _ _ _ _ _ _ _ _ _ _ _ _ _ _ _ _ _ _ _ _ _ _ _ _ _ _ _ _ _ _ _ _ _ _ _ _ _ _ _ _ _ _ _ _ _ _ _ _ _ _ _ _ _ _ _ _ _ _ _ _ _ _ _ _ _ _ _ _ _ _ _ _\nPages\\systemPage\\planUnit_page.py:24: in click_button\n    self.click(By.XPATH, xpath)\n_ _ _ _ _ _ _ _ _ _ _ _ _ _ _ _ _ _ _ _ _ _ _ _ _ _ _ _ _ _ _ _ _ _ _ _ _ _ _ _ _ _ _ _ _ _ _ _ _ _ _ _ _ _ _ _ _ _ _ _ _ _ _ _ _ _ _ _ _ _ _ _ _ _ _ _ _ _ _ _ _ _ _ _ _ _ _ _ _ _ _ _ _ _ _ _ _ _ _ _ _ _ _ _ _ _ _ _ _ _ _ _ _ _ _ _\n\nself = <Pages.systemPage.planUnit_page.PlanUnitPage object at 0x0000020747462C80>, by_or_element = 'xpath', value = '//table[@class=\"vxe-table--body\"]//tr[2]//td[2]', wait_time = 10, retries = 2\n\n    def click(self, by_or_element, value=None, wait_time=10, retries=2):\n        \"\"\"\n        更稳健的点击方法：支持定位符或 WebElement，自动处理 stale 元素、点击拦截等问题。\n        \"\"\"\n        for attempt in range(retries):\n            try:\n                if value is not None:\n                    by = by_or_element\n                    logging.info(f\"点击元素：By = {by}, Value = {value}\")\n                    element = WebDriverWait(self.driver, wait_time).until(\n                        EC.element_to_be_clickable((by, value))\n                    )\n                else:\n                    logging.info(\"点击元素：WebElement 对象\")\n                    element = by_or_element\n    \n                element.click()\n                logging.info(\"✅ 点击成功\")\n                return\n    \n            except ElementClickInterceptedException:\n                logging.warning(\"⚠️ 原生点击被拦截，尝试使用 JS 点击\")\n                try:\n                    self.driver.execute_script(\"arguments[0].click();\", element)\n                    logging.info(\"✅ JS 点击成功\")\n                    return\n                except Exception as js_error:\n                    logging.warning(f\"⚠️ JS 点击失败：{js_error}\")\n                    sleep(1)\n                    continue  # 下一轮重试\n    \n            except StaleElementReferenceException:\n                logging.warning(f\"⚠️ 第 {attempt + 1} 次点击失败：元素过期，尝试重新定位\")\n                sleep(1)\n                continue  # 下一轮重试时重新定位\n    \n            except TimeoutException:\n                logging.error(f\"❌ 元素未在 {wait_time} 秒内变为可点击\")\n>               raise TimeoutException(f\"点击失败，找不到元素：{by_or_element} = {value}\")\nE               selenium.common.exceptions.TimeoutException: Message: 点击失败，找不到元素：xpath = //table[@class=\"vxe-table--body\"]//tr[2]//td[2]\n\nPages\\base_page.py:78: TimeoutException","steps":[],"attachments":[{"uid":"7f1b01fdcbc4900e","name":"test_unit_ctrlC_20260121_040810","source":"7f1b01fdcbc4900e.png","type":"image/png","size":66479},{"uid":"43239ee005347808","name":"log","source":"43239ee005347808.txt","type":"text/plain","size":413}],"parameters":[],"hasContent":true,"attachmentStep":false,"stepsCount":0,"attachmentsCount":2,"shouldDisplayMessage":true},"afterStages":[{"name":"login_to_planUnit::0","time":{"start":1768939748131,"stop":1768939750310,"duration":2179},"status":"passed","steps":[],"attachments":[],"parameters":[],"hasContent":false,"attachmentStep":false,"stepsCount":0,"attachmentsCount":0,"shouldDisplayMessage":false}],"labels":[{"name":"story","value":"模拟ctrl+c复制可查询"},{"name":"feature","value":"计划单元页用例"},{"name":"parentSuite","value":"Tests.test_system"},{"name":"suite","value":"test_planUnit"},{"name":"subSuite","value":"TestPlanUnitPage"},{"name":"host","value":"DESKTOP-L7L44NB"},{"name":"thread","value":"11700-MainThread"},{"name":"framework","value":"pytest"},{"name":"language","value":"cpython3"},{"name":"package","value":"Tests.test_system.test_planUnit"},{"name":"resultFormat","value":"allure2"}],"parameters":[],"links":[],"hidden":false,"retry":false,"extra":{"severity":"normal","retries":[{"uid":"6246be4d0ae6c929","status":"broken","statusDetails":"selenium.common.exceptions.TimeoutException: Message: 点击失败，找不到元素：xpath = //table[@class=\"vxe-table--body\"]//tr[2]//td[2]","time":{"start":1768939669977,"stop":1768939680131,"duration":10154}}],"categories":[{"name":"Test defects","matchedStatuses":[]}],"tags":[]},"source":"5486dfacb1fba73e.json","parameterValues":[]}