{"uid":"54e074d34bffee52","name":"test_menu_addsuccess","fullName":"Tests.test_system.test_menu.TestSMenuPage#test_menu_addsuccess","historyId":"5587316c3de85562874789c0c8d5e69e","time":{"start":1768856001656,"stop":1768856019016,"duration":17360},"status":"broken","statusMessage":"selenium.common.exceptions.TimeoutException: Message: \nStacktrace:\nSymbols not available. Dumping unresolved backtrace:\n\t0x7ff74af1fe35\n\t0x7ff74af1fe90\n\t0x7ff74aca139d\n\t0x7ff74acf9d8e\n\t0x7ff74acfa09c\n\t0x7ff74ad4e8d7\n\t0x7ff74ad4b61b\n\t0x7ff74aceac6d\n\t0x7ff74acebae3\n\t0x7ff74b1ea10d\n\t0x7ff74b1e448a\n\t0x7ff74b205157\n\t0x7ff74af3a81e\n\t0x7ff74af4262f\n\t0x7ff74af29324\n\t0x7ff74af294df\n\t0x7ff74af0ee88\n\t0x7ff9e6a37374\n\t0x7ff9e86dcc91","statusTrace":"self = <test_system.test_menu.TestSMenuPage object at 0x000001E2FA9392A0>, login_to_menu = <selenium.webdriver.chrome.webdriver.WebDriver (session=\"549eaf32e92f8fa4847e2c6ee3bda313\")>\n\n    @allure.story(\"添加菜单成功\")\n    # @pytest.mark.run(order=1)\n    def test_menu_addsuccess(self, login_to_menu):\n        driver = login_to_menu  # WebDriver 实例\n        menu = ExpressionPage(driver)  # 用 driver 初始化 ExpressionPage\n        name = 'ABCDAA'\n        menu.wait_for_loading_to_disappear()\n        menu.click_all_button(\"新增\")\n        menu.enter_texts('//div[@id=\"ph5ht87u-mndd\"]//input', name)\n        menu.enter_texts('//div[@id=\"t4svyhz8-n3vp\"]//input', name)\n        menu.click_button('//div[@id=\"twqlo0fa-ulcj\"]//i')\n        menu.click_button('//div[div[text()=\"请选择图标\"]]/following-sibling::div//div[@class=\"flex-wrap\"]/div')\n        sleep(0.5)\n        menu.click_confirm()\n>       message = menu.get_find_message()\n\nTests\\test_system\\test_menu.py:130: \n_ _ _ _ _ _ _ _ _ _ _ _ _ _ _ _ _ _ _ _ _ _ _ _ _ _ _ _ _ _ _ _ _ _ _ _ _ _ _ _ _ _ _ _ _ _ _ _ _ _ _ _ _ _ _ _ _ _ _ _ _ _ _ _ _ _ _ _ _ _ _ _ _ _ _ _ _ _ _ _ _ _ _ _ _ _ _ _ _ _ _ _ _ _ _ _ _ _ _ _ _ _ _ _ _ _ _ _ _ _ _ _ _ _ _ _\nPages\\systemPage\\expression_page.py:35: in get_find_message\n    message = WebDriverWait(self.driver, 10).until(\n_ _ _ _ _ _ _ _ _ _ _ _ _ _ _ _ _ _ _ _ _ _ _ _ _ _ _ _ _ _ _ _ _ _ _ _ _ _ _ _ _ _ _ _ _ _ _ _ _ _ _ _ _ _ _ _ _ _ _ _ _ _ _ _ _ _ _ _ _ _ _ _ _ _ _ _ _ _ _ _ _ _ _ _ _ _ _ _ _ _ _ _ _ _ _ _ _ _ _ _ _ _ _ _ _ _ _ _ _ _ _ _ _ _ _ _\n\nself = <selenium.webdriver.support.wait.WebDriverWait (session=\"549eaf32e92f8fa4847e2c6ee3bda313\")>, method = <function visibility_of_element_located.<locals>._predicate at 0x000001E2FD1D5480>, message = ''\n\n    def until(self, method: Callable[[D], Union[Literal[False], T]], message: str = \"\") -> T:\n        \"\"\"Wait until the method returns a value that is not False.\n    \n        Calls the method provided with the driver as an argument until the\n        return value does not evaluate to ``False``.\n    \n        Parameters:\n        -----------\n        method: callable(WebDriver)\n            - A callable object that takes a WebDriver instance as an argument.\n    \n        message: str\n            - Optional message for :exc:`TimeoutException`\n    \n        Return:\n        -------\n        object: T\n            - The result of the last call to `method`\n    \n        Raises:\n        -------\n        TimeoutException\n            - If 'method' does not return a truthy value within the WebDriverWait\n            object's timeout\n    \n        Example:\n        --------\n        >>> from selenium.webdriver.common.by import By\n        >>> from selenium.webdriver.support.ui import WebDriverWait\n        >>> from selenium.webdriver.support import expected_conditions as EC\n    \n        # Wait until an element is visible on the page\n        >>> wait = WebDriverWait(driver, 10)\n        >>> element = wait.until(EC.visibility_of_element_located((By.ID, \"exampleId\")))\n        >>> print(element.text)\n        \"\"\"\n        screen = None\n        stacktrace = None\n    \n        end_time = time.monotonic() + self._timeout\n        while True:\n            try:\n                value = method(self._driver)\n                if value:\n                    return value\n            except self._ignored_exceptions as exc:\n                screen = getattr(exc, \"screen\", None)\n                stacktrace = getattr(exc, \"stacktrace\", None)\n            if time.monotonic() > end_time:\n                break\n            time.sleep(self._poll)\n>       raise TimeoutException(message, screen, stacktrace)\nE       selenium.common.exceptions.TimeoutException: Message: \nE       Stacktrace:\nE       Symbols not available. Dumping unresolved backtrace:\nE       \t0x7ff74af1fe35\nE       \t0x7ff74af1fe90\nE       \t0x7ff74aca139d\nE       \t0x7ff74acf9d8e\nE       \t0x7ff74acfa09c\nE       \t0x7ff74ad4e8d7\nE       \t0x7ff74ad4b61b\nE       \t0x7ff74aceac6d\nE       \t0x7ff74acebae3\nE       \t0x7ff74b1ea10d\nE       \t0x7ff74b1e448a\nE       \t0x7ff74b205157\nE       \t0x7ff74af3a81e\nE       \t0x7ff74af4262f\nE       \t0x7ff74af29324\nE       \t0x7ff74af294df\nE       \t0x7ff74af0ee88\nE       \t0x7ff9e6a37374\nE       \t0x7ff9e86dcc91\n\nD:\\Python310\\lib\\site-packages\\selenium\\webdriver\\support\\wait.py:138: TimeoutException","flaky":false,"newFailed":false,"newBroken":false,"newPassed":false,"retriesCount":1,"retriesStatusChange":false,"beforeStages":[{"name":"login_to_menu","time":{"start":1768855939738,"stop":1768855953183,"duration":13445},"status":"passed","steps":[],"attachments":[],"parameters":[],"shouldDisplayMessage":false,"attachmentsCount":0,"attachmentStep":false,"stepsCount":0,"hasContent":false}],"testStage":{"status":"broken","statusMessage":"selenium.common.exceptions.TimeoutException: Message: \nStacktrace:\nSymbols not available. Dumping unresolved backtrace:\n\t0x7ff74af1fe35\n\t0x7ff74af1fe90\n\t0x7ff74aca139d\n\t0x7ff74acf9d8e\n\t0x7ff74acfa09c\n\t0x7ff74ad4e8d7\n\t0x7ff74ad4b61b\n\t0x7ff74aceac6d\n\t0x7ff74acebae3\n\t0x7ff74b1ea10d\n\t0x7ff74b1e448a\n\t0x7ff74b205157\n\t0x7ff74af3a81e\n\t0x7ff74af4262f\n\t0x7ff74af29324\n\t0x7ff74af294df\n\t0x7ff74af0ee88\n\t0x7ff9e6a37374\n\t0x7ff9e86dcc91","statusTrace":"self = <test_system.test_menu.TestSMenuPage object at 0x000001E2FA9392A0>, login_to_menu = <selenium.webdriver.chrome.webdriver.WebDriver (session=\"549eaf32e92f8fa4847e2c6ee3bda313\")>\n\n    @allure.story(\"添加菜单成功\")\n    # @pytest.mark.run(order=1)\n    def test_menu_addsuccess(self, login_to_menu):\n        driver = login_to_menu  # WebDriver 实例\n        menu = ExpressionPage(driver)  # 用 driver 初始化 ExpressionPage\n        name = 'ABCDAA'\n        menu.wait_for_loading_to_disappear()\n        menu.click_all_button(\"新增\")\n        menu.enter_texts('//div[@id=\"ph5ht87u-mndd\"]//input', name)\n        menu.enter_texts('//div[@id=\"t4svyhz8-n3vp\"]//input', name)\n        menu.click_button('//div[@id=\"twqlo0fa-ulcj\"]//i')\n        menu.click_button('//div[div[text()=\"请选择图标\"]]/following-sibling::div//div[@class=\"flex-wrap\"]/div')\n        sleep(0.5)\n        menu.click_confirm()\n>       message = menu.get_find_message()\n\nTests\\test_system\\test_menu.py:130: \n_ _ _ _ _ _ _ _ _ _ _ _ _ _ _ _ _ _ _ _ _ _ _ _ _ _ _ _ _ _ _ _ _ _ _ _ _ _ _ _ _ _ _ _ _ _ _ _ _ _ _ _ _ _ _ _ _ _ _ _ _ _ _ _ _ _ _ _ _ _ _ _ _ _ _ _ _ _ _ _ _ _ _ _ _ _ _ _ _ _ _ _ _ _ _ _ _ _ _ _ _ _ _ _ _ _ _ _ _ _ _ _ _ _ _ _\nPages\\systemPage\\expression_page.py:35: in get_find_message\n    message = WebDriverWait(self.driver, 10).until(\n_ _ _ _ _ _ _ _ _ _ _ _ _ _ _ _ _ _ _ _ _ _ _ _ _ _ _ _ _ _ _ _ _ _ _ _ _ _ _ _ _ _ _ _ _ _ _ _ _ _ _ _ _ _ _ _ _ _ _ _ _ _ _ _ _ _ _ _ _ _ _ _ _ _ _ _ _ _ _ _ _ _ _ _ _ _ _ _ _ _ _ _ _ _ _ _ _ _ _ _ _ _ _ _ _ _ _ _ _ _ _ _ _ _ _ _\n\nself = <selenium.webdriver.support.wait.WebDriverWait (session=\"549eaf32e92f8fa4847e2c6ee3bda313\")>, method = <function visibility_of_element_located.<locals>._predicate at 0x000001E2FD1D5480>, message = ''\n\n    def until(self, method: Callable[[D], Union[Literal[False], T]], message: str = \"\") -> T:\n        \"\"\"Wait until the method returns a value that is not False.\n    \n        Calls the method provided with the driver as an argument until the\n        return value does not evaluate to ``False``.\n    \n        Parameters:\n        -----------\n        method: callable(WebDriver)\n            - A callable object that takes a WebDriver instance as an argument.\n    \n        message: str\n            - Optional message for :exc:`TimeoutException`\n    \n        Return:\n        -------\n        object: T\n            - The result of the last call to `method`\n    \n        Raises:\n        -------\n        TimeoutException\n            - If 'method' does not return a truthy value within the WebDriverWait\n            object's timeout\n    \n        Example:\n        --------\n        >>> from selenium.webdriver.common.by import By\n        >>> from selenium.webdriver.support.ui import WebDriverWait\n        >>> from selenium.webdriver.support import expected_conditions as EC\n    \n        # Wait until an element is visible on the page\n        >>> wait = WebDriverWait(driver, 10)\n        >>> element = wait.until(EC.visibility_of_element_located((By.ID, \"exampleId\")))\n        >>> print(element.text)\n        \"\"\"\n        screen = None\n        stacktrace = None\n    \n        end_time = time.monotonic() + self._timeout\n        while True:\n            try:\n                value = method(self._driver)\n                if value:\n                    return value\n            except self._ignored_exceptions as exc:\n                screen = getattr(exc, \"screen\", None)\n                stacktrace = getattr(exc, \"stacktrace\", None)\n            if time.monotonic() > end_time:\n                break\n            time.sleep(self._poll)\n>       raise TimeoutException(message, screen, stacktrace)\nE       selenium.common.exceptions.TimeoutException: Message: \nE       Stacktrace:\nE       Symbols not available. Dumping unresolved backtrace:\nE       \t0x7ff74af1fe35\nE       \t0x7ff74af1fe90\nE       \t0x7ff74aca139d\nE       \t0x7ff74acf9d8e\nE       \t0x7ff74acfa09c\nE       \t0x7ff74ad4e8d7\nE       \t0x7ff74ad4b61b\nE       \t0x7ff74aceac6d\nE       \t0x7ff74acebae3\nE       \t0x7ff74b1ea10d\nE       \t0x7ff74b1e448a\nE       \t0x7ff74b205157\nE       \t0x7ff74af3a81e\nE       \t0x7ff74af4262f\nE       \t0x7ff74af29324\nE       \t0x7ff74af294df\nE       \t0x7ff74af0ee88\nE       \t0x7ff9e6a37374\nE       \t0x7ff9e86dcc91\n\nD:\\Python310\\lib\\site-packages\\selenium\\webdriver\\support\\wait.py:138: TimeoutException","steps":[],"attachments":[{"uid":"ad324a3f03486c92","name":"test_menu_addsuccess_20260120_045339","source":"ad324a3f03486c92.png","type":"image/png","size":116691},{"uid":"5e798a4010623c18","name":"test_menu_addsuccess_20260120_045339","source":"5e798a4010623c18.png","type":"image/png","size":116691},{"uid":"aea5a8a33b489320","name":"test_menu_addsuccess_20260120_045339","source":"aea5a8a33b489320.png","type":"image/png","size":107917},{"uid":"96966d83fc200e01","name":"log","source":"96966d83fc200e01.txt","type":"text/plain","size":3257}],"parameters":[],"shouldDisplayMessage":true,"attachmentsCount":4,"attachmentStep":false,"stepsCount":0,"hasContent":true},"afterStages":[{"name":"login_to_menu::0","time":{"start":1768856384047,"stop":1768856386310,"duration":2263},"status":"passed","steps":[],"attachments":[],"parameters":[],"shouldDisplayMessage":false,"attachmentsCount":0,"attachmentStep":false,"stepsCount":0,"hasContent":false}],"labels":[{"name":"story","value":"添加菜单成功"},{"name":"feature","value":"菜单组件页用例"},{"name":"parentSuite","value":"Tests.test_system"},{"name":"suite","value":"test_menu"},{"name":"subSuite","value":"TestSMenuPage"},{"name":"host","value":"DESKTOP-L7L44NB"},{"name":"thread","value":"1124-MainThread"},{"name":"framework","value":"pytest"},{"name":"language","value":"cpython3"},{"name":"package","value":"Tests.test_system.test_menu"},{"name":"resultFormat","value":"allure2"}],"parameters":[],"links":[],"hidden":false,"retry":false,"extra":{"severity":"normal","retries":[{"uid":"1f0a62b0d3121004","status":"broken","statusDetails":"selenium.common.exceptions.StaleElementReferenceException: Message: stale element reference: stale element not found in the current frame\n  (Session info: chrome=142.0.7444.60); For documentation on this error, please visit: https://www.selenium.dev/documentation/webdriver/troubleshooting/errors#stale-element-reference-exception\nStacktrace:\nSymbols not available. Dumping unresolved backtrace:\n\t0x7ff74af1fe35\n\t0x7ff74af1fe90\n\t0x7ff74aca139d\n\t0x7ff74aca918f\n\t0x7ff74acac1ef\n\t0x7ff74acac2af\n\t0x7ff74acfad4a\n\t0x7ff74acfae27\n\t0x7ff74acf06ac\n\t0x7ff74ad2265a\n\t0x7ff74acec7a6\n\t0x7ff74ad4b61b\n\t0x7ff74aceac6d\n\t0x7ff74acebae3\n\t0x7ff74b1ea10d\n\t0x7ff74b1e448a\n\t0x7ff74b205157\n\t0x7ff74af3a81e\n\t0x7ff74af4262f\n\t0x7ff74af29324\n\t0x7ff74af294df\n\t0x7ff74af0ee88\n\t0x7ff9e6a37374\n\t0x7ff9e86dcc91","time":{"start":1768855992690,"stop":1768856001254,"duration":8564}}],"categories":[{"name":"Test defects","matchedStatuses":[]}],"tags":[]},"source":"54e074d34bffee52.json","parameterValues":[]}