{"uid":"560ee988131f6140","name":"test_apps_addsavetemplate2","fullName":"Tests.test_system.test_apps.TestSAppsPage#test_apps_addsavetemplate2","historyId":"2d822a2ec76a931cdd4fa99d7009fb9d","time":{"start":1769549118035,"stop":1769549131257,"duration":13222},"status":"broken","statusMessage":"selenium.common.exceptions.TimeoutException: Message: \nStacktrace:\nSymbols not available. Dumping unresolved backtrace:\n\t0x7ff7a57dfe35\n\t0x7ff7a57dfe90\n\t0x7ff7a556139d\n\t0x7ff7a55b9d8e\n\t0x7ff7a55ba09c\n\t0x7ff7a560e8d7\n\t0x7ff7a560b61b\n\t0x7ff7a55aac6d\n\t0x7ff7a55abae3\n\t0x7ff7a5aaa10d\n\t0x7ff7a5aa448a\n\t0x7ff7a5ac5157\n\t0x7ff7a57fa81e\n\t0x7ff7a580262f\n\t0x7ff7a57e9324\n\t0x7ff7a57e94df\n\t0x7ff7a57cee88\n\t0x7ffc59d27374\n\t0x7ffc5a9fcc91","statusTrace":"self = <test_system.test_apps.TestSAppsPage object at 0x000001EC0180E710>, login_to_apps = <selenium.webdriver.chrome.webdriver.WebDriver (session=\"c8e4134aea53d67ac82b296b2fb98251\")>\n\n    @allure.story(\"使用模版，更新模版成功\")\n    # @pytest.mark.run(order=1)\n    def test_apps_addsavetemplate2(self, login_to_apps):\n        driver = login_to_apps  # WebDriver 实例\n        apps = AppsPage(driver)  # 用 driver 初始化 ExpressionPage\n        name = \"appstest1\"\n        before_name = 'appstest测试模版1'\n        afert_name = \"appstest测试模版2\"\n        apps.wait_for_loading_to_disappear()\n>       apps.select_input(name)\n\nTests\\test_system\\test_apps.py:211: \n_ _ _ _ _ _ _ _ _ _ _ _ _ _ _ _ _ _ _ _ _ _ _ _ _ _ _ _ _ _ _ _ _ _ _ _ _ _ _ _ _ _ _ _ _ _ _ _ _ _ _ _ _ _ _ _ _ _ _ _ _ _ _ _ _ _ _ _ _ _ _ _ _ _ _ _ _ _ _ _ _ _ _ _ _ _ _ _ _ _ _ _ _ _ _ _ _ _ _ _ _ _ _ _ _ _ _ _ _ _ _ _ _ _ _ _\nPages\\systemPage\\apps_page.py:82: in select_input\n    ele = self.get_find_element_xpath(xpath)\nPages\\systemPage\\apps_page.py:29: in get_find_element_xpath\n    return self.find_element(By.XPATH, xpath)\nPages\\base_page.py:28: in find_element\n    return WebDriverWait(self.driver, wait_time).until(\n_ _ _ _ _ _ _ _ _ _ _ _ _ _ _ _ _ _ _ _ _ _ _ _ _ _ _ _ _ _ _ _ _ _ _ _ _ _ _ _ _ _ _ _ _ _ _ _ _ _ _ _ _ _ _ _ _ _ _ _ _ _ _ _ _ _ _ _ _ _ _ _ _ _ _ _ _ _ _ _ _ _ _ _ _ _ _ _ _ _ _ _ _ _ _ _ _ _ _ _ _ _ _ _ _ _ _ _ _ _ _ _ _ _ _ _\n\nself = <selenium.webdriver.support.wait.WebDriverWait (session=\"c8e4134aea53d67ac82b296b2fb98251\")>, method = <function presence_of_element_located.<locals>._predicate at 0x000001EC04A277F0>, message = ''\n\n    def until(self, method: Callable[[D], Union[Literal[False], T]], message: str = \"\") -> T:\n        \"\"\"Wait until the method returns a value that is not False.\n    \n        Calls the method provided with the driver as an argument until the\n        return value does not evaluate to ``False``.\n    \n        Parameters:\n        -----------\n        method: callable(WebDriver)\n            - A callable object that takes a WebDriver instance as an argument.\n    \n        message: str\n            - Optional message for :exc:`TimeoutException`\n    \n        Return:\n        -------\n        object: T\n            - The result of the last call to `method`\n    \n        Raises:\n        -------\n        TimeoutException\n            - If 'method' does not return a truthy value within the WebDriverWait\n            object's timeout\n    \n        Example:\n        --------\n        >>> from selenium.webdriver.common.by import By\n        >>> from selenium.webdriver.support.ui import WebDriverWait\n        >>> from selenium.webdriver.support import expected_conditions as EC\n    \n        # Wait until an element is visible on the page\n        >>> wait = WebDriverWait(driver, 10)\n        >>> element = wait.until(EC.visibility_of_element_located((By.ID, \"exampleId\")))\n        >>> print(element.text)\n        \"\"\"\n        screen = None\n        stacktrace = None\n    \n        end_time = time.monotonic() + self._timeout\n        while True:\n            try:\n                value = method(self._driver)\n                if value:\n                    return value\n            except self._ignored_exceptions as exc:\n                screen = getattr(exc, \"screen\", None)\n                stacktrace = getattr(exc, \"stacktrace\", None)\n            if time.monotonic() > end_time:\n                break\n            time.sleep(self._poll)\n>       raise TimeoutException(message, screen, stacktrace)\nE       selenium.common.exceptions.TimeoutException: Message: \nE       Stacktrace:\nE       Symbols not available. Dumping unresolved backtrace:\nE       \t0x7ff7a57dfe35\nE       \t0x7ff7a57dfe90\nE       \t0x7ff7a556139d\nE       \t0x7ff7a55b9d8e\nE       \t0x7ff7a55ba09c\nE       \t0x7ff7a560e8d7\nE       \t0x7ff7a560b61b\nE       \t0x7ff7a55aac6d\nE       \t0x7ff7a55abae3\nE       \t0x7ff7a5aaa10d\nE       \t0x7ff7a5aa448a\nE       \t0x7ff7a5ac5157\nE       \t0x7ff7a57fa81e\nE       \t0x7ff7a580262f\nE       \t0x7ff7a57e9324\nE       \t0x7ff7a57e94df\nE       \t0x7ff7a57cee88\nE       \t0x7ffc59d27374\nE       \t0x7ffc5a9fcc91\n\nD:\\Python310\\lib\\site-packages\\selenium\\webdriver\\support\\wait.py:138: TimeoutException","flaky":false,"newFailed":false,"newBroken":false,"newPassed":false,"retriesCount":0,"retriesStatusChange":false,"beforeStages":[{"name":"login_to_apps","time":{"start":1769548980407,"stop":1769548998301,"duration":17894},"status":"passed","steps":[],"attachments":[],"parameters":[],"attachmentStep":false,"hasContent":false,"stepsCount":0,"shouldDisplayMessage":false,"attachmentsCount":0}],"testStage":{"status":"broken","statusMessage":"selenium.common.exceptions.TimeoutException: Message: \nStacktrace:\nSymbols not available. Dumping unresolved backtrace:\n\t0x7ff7a57dfe35\n\t0x7ff7a57dfe90\n\t0x7ff7a556139d\n\t0x7ff7a55b9d8e\n\t0x7ff7a55ba09c\n\t0x7ff7a560e8d7\n\t0x7ff7a560b61b\n\t0x7ff7a55aac6d\n\t0x7ff7a55abae3\n\t0x7ff7a5aaa10d\n\t0x7ff7a5aa448a\n\t0x7ff7a5ac5157\n\t0x7ff7a57fa81e\n\t0x7ff7a580262f\n\t0x7ff7a57e9324\n\t0x7ff7a57e94df\n\t0x7ff7a57cee88\n\t0x7ffc59d27374\n\t0x7ffc5a9fcc91","statusTrace":"self = <test_system.test_apps.TestSAppsPage object at 0x000001EC0180E710>, login_to_apps = <selenium.webdriver.chrome.webdriver.WebDriver (session=\"c8e4134aea53d67ac82b296b2fb98251\")>\n\n    @allure.story(\"使用模版，更新模版成功\")\n    # @pytest.mark.run(order=1)\n    def test_apps_addsavetemplate2(self, login_to_apps):\n        driver = login_to_apps  # WebDriver 实例\n        apps = AppsPage(driver)  # 用 driver 初始化 ExpressionPage\n        name = \"appstest1\"\n        before_name = 'appstest测试模版1'\n        afert_name = \"appstest测试模版2\"\n        apps.wait_for_loading_to_disappear()\n>       apps.select_input(name)\n\nTests\\test_system\\test_apps.py:211: \n_ _ _ _ _ _ _ _ _ _ _ _ _ _ _ _ _ _ _ _ _ _ _ _ _ _ _ _ _ _ _ _ _ _ _ _ _ _ _ _ _ _ _ _ _ _ _ _ _ _ _ _ _ _ _ _ _ _ _ _ _ _ _ _ _ _ _ _ _ _ _ _ _ _ _ _ _ _ _ _ _ _ _ _ _ _ _ _ _ _ _ _ _ _ _ _ _ _ _ _ _ _ _ _ _ _ _ _ _ _ _ _ _ _ _ _\nPages\\systemPage\\apps_page.py:82: in select_input\n    ele = self.get_find_element_xpath(xpath)\nPages\\systemPage\\apps_page.py:29: in get_find_element_xpath\n    return self.find_element(By.XPATH, xpath)\nPages\\base_page.py:28: in find_element\n    return WebDriverWait(self.driver, wait_time).until(\n_ _ _ _ _ _ _ _ _ _ _ _ _ _ _ _ _ _ _ _ _ _ _ _ _ _ _ _ _ _ _ _ _ _ _ _ _ _ _ _ _ _ _ _ _ _ _ _ _ _ _ _ _ _ _ _ _ _ _ _ _ _ _ _ _ _ _ _ _ _ _ _ _ _ _ _ _ _ _ _ _ _ _ _ _ _ _ _ _ _ _ _ _ _ _ _ _ _ _ _ _ _ _ _ _ _ _ _ _ _ _ _ _ _ _ _\n\nself = <selenium.webdriver.support.wait.WebDriverWait (session=\"c8e4134aea53d67ac82b296b2fb98251\")>, method = <function presence_of_element_located.<locals>._predicate at 0x000001EC04A277F0>, message = ''\n\n    def until(self, method: Callable[[D], Union[Literal[False], T]], message: str = \"\") -> T:\n        \"\"\"Wait until the method returns a value that is not False.\n    \n        Calls the method provided with the driver as an argument until the\n        return value does not evaluate to ``False``.\n    \n        Parameters:\n        -----------\n        method: callable(WebDriver)\n            - A callable object that takes a WebDriver instance as an argument.\n    \n        message: str\n            - Optional message for :exc:`TimeoutException`\n    \n        Return:\n        -------\n        object: T\n            - The result of the last call to `method`\n    \n        Raises:\n        -------\n        TimeoutException\n            - If 'method' does not return a truthy value within the WebDriverWait\n            object's timeout\n    \n        Example:\n        --------\n        >>> from selenium.webdriver.common.by import By\n        >>> from selenium.webdriver.support.ui import WebDriverWait\n        >>> from selenium.webdriver.support import expected_conditions as EC\n    \n        # Wait until an element is visible on the page\n        >>> wait = WebDriverWait(driver, 10)\n        >>> element = wait.until(EC.visibility_of_element_located((By.ID, \"exampleId\")))\n        >>> print(element.text)\n        \"\"\"\n        screen = None\n        stacktrace = None\n    \n        end_time = time.monotonic() + self._timeout\n        while True:\n            try:\n                value = method(self._driver)\n                if value:\n                    return value\n            except self._ignored_exceptions as exc:\n                screen = getattr(exc, \"screen\", None)\n                stacktrace = getattr(exc, \"stacktrace\", None)\n            if time.monotonic() > end_time:\n                break\n            time.sleep(self._poll)\n>       raise TimeoutException(message, screen, stacktrace)\nE       selenium.common.exceptions.TimeoutException: Message: \nE       Stacktrace:\nE       Symbols not available. Dumping unresolved backtrace:\nE       \t0x7ff7a57dfe35\nE       \t0x7ff7a57dfe90\nE       \t0x7ff7a556139d\nE       \t0x7ff7a55b9d8e\nE       \t0x7ff7a55ba09c\nE       \t0x7ff7a560e8d7\nE       \t0x7ff7a560b61b\nE       \t0x7ff7a55aac6d\nE       \t0x7ff7a55abae3\nE       \t0x7ff7a5aaa10d\nE       \t0x7ff7a5aa448a\nE       \t0x7ff7a5ac5157\nE       \t0x7ff7a57fa81e\nE       \t0x7ff7a580262f\nE       \t0x7ff7a57e9324\nE       \t0x7ff7a57e94df\nE       \t0x7ff7a57cee88\nE       \t0x7ffc59d27374\nE       \t0x7ffc5a9fcc91\n\nD:\\Python310\\lib\\site-packages\\selenium\\webdriver\\support\\wait.py:138: TimeoutException","steps":[],"attachments":[{"uid":"2a3dc0255bc234f5","name":"test_apps_addsavetemplate2_20260128_052531","source":"2a3dc0255bc234f5.png","type":"image/png","size":259299},{"uid":"e6437ee84d01e21a","name":"test_apps_addsavetemplate2_20260128_052531","source":"e6437ee84d01e21a.png","type":"image/png","size":19252},{"uid":"2a750d94689e3c3","name":"test_apps_addsavetemplate2_20260128_052531","source":"2a750d94689e3c3.png","type":"image/png","size":25727},{"uid":"8dc4612d422085e3","name":"test_apps_addsavetemplate2_20260128_052531","source":"8dc4612d422085e3.png","type":"image/png","size":19252},{"uid":"2fb88c652c12ab1d","name":"test_apps_addsavetemplate2_20260128_052531","source":"2fb88c652c12ab1d.png","type":"image/png","size":19252},{"uid":"8723dbb572c56a82","name":"test_apps_addsavetemplate2_20260128_052531","source":"8723dbb572c56a82.png","type":"image/png","size":25727},{"uid":"8edfa6c556a62606","name":"test_apps_addsavetemplate2_20260128_052532","source":"8edfa6c556a62606.png","type":"image/png","size":25727},{"uid":"dc645067fdfc328f","name":"test_apps_addsavetemplate2_20260128_052532","source":"dc645067fdfc328f.png","type":"image/png","size":19252},{"uid":"d04dfbd72a751e30","name":"test_apps_addsavetemplate2_20260128_052532","source":"d04dfbd72a751e30.png","type":"image/png","size":25727},{"uid":"b7111e4e1f5a21b8","name":"test_apps_addsavetemplate2_20260128_052532","source":"b7111e4e1f5a21b8.png","type":"image/png","size":25727},{"uid":"ec620e3ea722942b","name":"test_apps_addsavetemplate2_20260128_052532","source":"ec620e3ea722942b.png","type":"image/png","size":19252},{"uid":"f668a38d1d1300d3","name":"test_apps_addsavetemplate2_20260128_052532","source":"f668a38d1d1300d3.png","type":"image/png","size":25727},{"uid":"a8a7415c3843d401","name":"test_apps_addsavetemplate2_20260128_052532","source":"a8a7415c3843d401.png","type":"image/png","size":25727},{"uid":"453316d78ea7227a","name":"test_apps_addsavetemplate2_20260128_052532","source":"453316d78ea7227a.png","type":"image/png","size":25727},{"uid":"ecc94606acf094e9","name":"test_apps_addsavetemplate2_20260128_052532","source":"ecc94606acf094e9.png","type":"image/png","size":19252},{"uid":"5147d0fa6994935e","name":"test_apps_addsavetemplate2_20260128_052532","source":"5147d0fa6994935e.png","type":"image/png","size":25727},{"uid":"d323170151b28e0f","name":"test_apps_addsavetemplate2_20260128_052533","source":"d323170151b28e0f.png","type":"image/png","size":19252},{"uid":"71e8dc9e16535b04","name":"test_apps_addsavetemplate2_20260128_052533","source":"71e8dc9e16535b04.png","type":"image/png","size":94475},{"uid":"d81661fdc5b99dce","name":"log","source":"d81661fdc5b99dce.txt","type":"text/plain","size":237}],"parameters":[],"attachmentStep":false,"hasContent":true,"stepsCount":0,"shouldDisplayMessage":true,"attachmentsCount":19},"afterStages":[{"name":"login_to_apps::0","time":{"start":1769549728865,"stop":1769549731056,"duration":2191},"status":"passed","steps":[],"attachments":[],"parameters":[],"attachmentStep":false,"hasContent":false,"stepsCount":0,"shouldDisplayMessage":false,"attachmentsCount":0}],"labels":[{"name":"feature","value":"应用管理页用例"},{"name":"story","value":"使用模版，更新模版成功"},{"name":"parentSuite","value":"Tests.test_system"},{"name":"suite","value":"test_apps"},{"name":"subSuite","value":"TestSAppsPage"},{"name":"host","value":"DESKTOP-L7L44NB"},{"name":"thread","value":"15128-MainThread"},{"name":"framework","value":"pytest"},{"name":"language","value":"cpython3"},{"name":"package","value":"Tests.test_system.test_apps"},{"name":"resultFormat","value":"allure2"}],"parameters":[],"links":[],"hidden":true,"retry":true,"extra":{"categories":[],"tags":[]},"source":"560ee988131f6140.json","parameterValues":[]}