{"uid":"59ee53ab751e34d2","name":"test_affairs_process_deletett","fullName":"Tests.test_system.test_affairs.TestAffairsPage#test_affairs_process_deletett","historyId":"6e126782a2756874cef9b710c2d01e47","time":{"start":1769541929442,"stop":1769541941973,"duration":12531},"status":"broken","statusMessage":"selenium.common.exceptions.TimeoutException: Message:","statusTrace":"self = <test_system.test_affairs.TestAffairsPage object at 0x000001EC022206D0>, login_to_affairs = <selenium.webdriver.chrome.webdriver.WebDriver (session=\"3b7ac90c0e1c0c871e0b51219a0a85c8\")>\n\n    @allure.story(\"我的流程-删除测试事务模版数据\")\n    def test_affairs_process_deletett(self, login_to_affairs):\n        driver = login_to_affairs  # WebDriver 实例\n        affairs = AffairsPage(driver)  # 用 driver 初始化 AffairsPage\n        name1 = \"添加全部模版成功\"\n        name2 = \"添加事务模版\"\n        affairs.click_button('//div[@id=\"tab-air\"]')\n        affairs.wait_for_el_loading_mask()\n>       affairs.hover(name1, \"删除\")\n\nTests\\test_system\\test_affairs.py:1365: \n_ _ _ _ _ _ _ _ _ _ _ _ _ _ _ _ _ _ _ _ _ _ _ _ _ _ _ _ _ _ _ _ _ _ _ _ _ _ _ _ _ _ _ _ _ _ _ _ _ _ _ _ _ _ _ _ _ _ _ _ _ _ _ _ _ _ _ _ _ _ _ _ _ _ _ _ _ _ _ _ _ _ _ _ _ _ _ _ _ _ _ _ _ _ _ _ _ _ _ _ _ _ _ _ _ _ _ _ _ _ _ _ _ _ _ _\nPages\\systemPage\\affairs_page.py:153: in hover\n    delete_icon = WebDriverWait(self.driver, 10).until(\n_ _ _ _ _ _ _ _ _ _ _ _ _ _ _ _ _ _ _ _ _ _ _ _ _ _ _ _ _ _ _ _ _ _ _ _ _ _ _ _ _ _ _ _ _ _ _ _ _ _ _ _ _ _ _ _ _ _ _ _ _ _ _ _ _ _ _ _ _ _ _ _ _ _ _ _ _ _ _ _ _ _ _ _ _ _ _ _ _ _ _ _ _ _ _ _ _ _ _ _ _ _ _ _ _ _ _ _ _ _ _ _ _ _ _ _\n\nself = <selenium.webdriver.support.wait.WebDriverWait (session=\"3b7ac90c0e1c0c871e0b51219a0a85c8\")>, method = <function visibility_of_element_located.<locals>._predicate at 0x000001EC040EA9E0>, message = ''\n\n    def until(self, method: Callable[[D], Union[Literal[False], T]], message: str = \"\") -> T:\n        \"\"\"Wait until the method returns a value that is not False.\n    \n        Calls the method provided with the driver as an argument until the\n        return value does not evaluate to ``False``.\n    \n        Parameters:\n        -----------\n        method: callable(WebDriver)\n            - A callable object that takes a WebDriver instance as an argument.\n    \n        message: str\n            - Optional message for :exc:`TimeoutException`\n    \n        Return:\n        -------\n        object: T\n            - The result of the last call to `method`\n    \n        Raises:\n        -------\n        TimeoutException\n            - If 'method' does not return a truthy value within the WebDriverWait\n            object's timeout\n    \n        Example:\n        --------\n        >>> from selenium.webdriver.common.by import By\n        >>> from selenium.webdriver.support.ui import WebDriverWait\n        >>> from selenium.webdriver.support import expected_conditions as EC\n    \n        # Wait until an element is visible on the page\n        >>> wait = WebDriverWait(driver, 10)\n        >>> element = wait.until(EC.visibility_of_element_located((By.ID, \"exampleId\")))\n        >>> print(element.text)\n        \"\"\"\n        screen = None\n        stacktrace = None\n    \n        end_time = time.monotonic() + self._timeout\n        while True:\n            try:\n                value = method(self._driver)\n                if value:\n                    return value\n            except self._ignored_exceptions as exc:\n                screen = getattr(exc, \"screen\", None)\n                stacktrace = getattr(exc, \"stacktrace\", None)\n            if time.monotonic() > end_time:\n                break\n            time.sleep(self._poll)\n>       raise TimeoutException(message, screen, stacktrace)\nE       selenium.common.exceptions.TimeoutException: Message:\n\nD:\\Python310\\lib\\site-packages\\selenium\\webdriver\\support\\wait.py:138: TimeoutException","flaky":false,"newFailed":false,"newBroken":false,"newPassed":false,"retriesCount":1,"retriesStatusChange":false,"beforeStages":[{"name":"login_to_affairs","time":{"start":1769540835285,"stop":1769540851759,"duration":16474},"status":"passed","steps":[],"attachments":[],"parameters":[],"attachmentStep":false,"hasContent":false,"stepsCount":0,"shouldDisplayMessage":false,"attachmentsCount":0}],"testStage":{"status":"broken","statusMessage":"selenium.common.exceptions.TimeoutException: Message:","statusTrace":"self = <test_system.test_affairs.TestAffairsPage object at 0x000001EC022206D0>, login_to_affairs = <selenium.webdriver.chrome.webdriver.WebDriver (session=\"3b7ac90c0e1c0c871e0b51219a0a85c8\")>\n\n    @allure.story(\"我的流程-删除测试事务模版数据\")\n    def test_affairs_process_deletett(self, login_to_affairs):\n        driver = login_to_affairs  # WebDriver 实例\n        affairs = AffairsPage(driver)  # 用 driver 初始化 AffairsPage\n        name1 = \"添加全部模版成功\"\n        name2 = \"添加事务模版\"\n        affairs.click_button('//div[@id=\"tab-air\"]')\n        affairs.wait_for_el_loading_mask()\n>       affairs.hover(name1, \"删除\")\n\nTests\\test_system\\test_affairs.py:1365: \n_ _ _ _ _ _ _ _ _ _ _ _ _ _ _ _ _ _ _ _ _ _ _ _ _ _ _ _ _ _ _ _ _ _ _ _ _ _ _ _ _ _ _ _ _ _ _ _ _ _ _ _ _ _ _ _ _ _ _ _ _ _ _ _ _ _ _ _ _ _ _ _ _ _ _ _ _ _ _ _ _ _ _ _ _ _ _ _ _ _ _ _ _ _ _ _ _ _ _ _ _ _ _ _ _ _ _ _ _ _ _ _ _ _ _ _\nPages\\systemPage\\affairs_page.py:153: in hover\n    delete_icon = WebDriverWait(self.driver, 10).until(\n_ _ _ _ _ _ _ _ _ _ _ _ _ _ _ _ _ _ _ _ _ _ _ _ _ _ _ _ _ _ _ _ _ _ _ _ _ _ _ _ _ _ _ _ _ _ _ _ _ _ _ _ _ _ _ _ _ _ _ _ _ _ _ _ _ _ _ _ _ _ _ _ _ _ _ _ _ _ _ _ _ _ _ _ _ _ _ _ _ _ _ _ _ _ _ _ _ _ _ _ _ _ _ _ _ _ _ _ _ _ _ _ _ _ _ _\n\nself = <selenium.webdriver.support.wait.WebDriverWait (session=\"3b7ac90c0e1c0c871e0b51219a0a85c8\")>, method = <function visibility_of_element_located.<locals>._predicate at 0x000001EC040EA9E0>, message = ''\n\n    def until(self, method: Callable[[D], Union[Literal[False], T]], message: str = \"\") -> T:\n        \"\"\"Wait until the method returns a value that is not False.\n    \n        Calls the method provided with the driver as an argument until the\n        return value does not evaluate to ``False``.\n    \n        Parameters:\n        -----------\n        method: callable(WebDriver)\n            - A callable object that takes a WebDriver instance as an argument.\n    \n        message: str\n            - Optional message for :exc:`TimeoutException`\n    \n        Return:\n        -------\n        object: T\n            - The result of the last call to `method`\n    \n        Raises:\n        -------\n        TimeoutException\n            - If 'method' does not return a truthy value within the WebDriverWait\n            object's timeout\n    \n        Example:\n        --------\n        >>> from selenium.webdriver.common.by import By\n        >>> from selenium.webdriver.support.ui import WebDriverWait\n        >>> from selenium.webdriver.support import expected_conditions as EC\n    \n        # Wait until an element is visible on the page\n        >>> wait = WebDriverWait(driver, 10)\n        >>> element = wait.until(EC.visibility_of_element_located((By.ID, \"exampleId\")))\n        >>> print(element.text)\n        \"\"\"\n        screen = None\n        stacktrace = None\n    \n        end_time = time.monotonic() + self._timeout\n        while True:\n            try:\n                value = method(self._driver)\n                if value:\n                    return value\n            except self._ignored_exceptions as exc:\n                screen = getattr(exc, \"screen\", None)\n                stacktrace = getattr(exc, \"stacktrace\", None)\n            if time.monotonic() > end_time:\n                break\n            time.sleep(self._poll)\n>       raise TimeoutException(message, screen, stacktrace)\nE       selenium.common.exceptions.TimeoutException: Message:\n\nD:\\Python310\\lib\\site-packages\\selenium\\webdriver\\support\\wait.py:138: TimeoutException","steps":[],"attachments":[{"uid":"96ab0306f2672574","name":"test_affairs_process_deletett_20260128_032542","source":"96ab0306f2672574.png","type":"image/png","size":259756},{"uid":"275b9c32c341e9f2","name":"test_affairs_process_deletett_20260128_032542","source":"275b9c32c341e9f2.png","type":"image/png","size":19252},{"uid":"2679ea6a7d1cd7a4","name":"test_affairs_process_deletett_20260128_032542","source":"2679ea6a7d1cd7a4.png","type":"image/png","size":25727},{"uid":"edf0c035437eebba","name":"test_affairs_process_deletett_20260128_032542","source":"edf0c035437eebba.png","type":"image/png","size":19252},{"uid":"9984217a3322eaac","name":"test_affairs_process_deletett_20260128_032542","source":"9984217a3322eaac.png","type":"image/png","size":19252},{"uid":"b5f7ef0ed500f924","name":"test_affairs_process_deletett_20260128_032542","source":"b5f7ef0ed500f924.png","type":"image/png","size":25727},{"uid":"eed0487425b63cca","name":"test_affairs_process_deletett_20260128_032542","source":"eed0487425b63cca.png","type":"image/png","size":25727},{"uid":"8233f927f2a165cb","name":"test_affairs_process_deletett_20260128_032542","source":"8233f927f2a165cb.png","type":"image/png","size":19252},{"uid":"7235a3c8f2518fa1","name":"test_affairs_process_deletett_20260128_032543","source":"7235a3c8f2518fa1.png","type":"image/png","size":25727},{"uid":"77dac4a18188692c","name":"test_affairs_process_deletett_20260128_032543","source":"77dac4a18188692c.png","type":"image/png","size":25727},{"uid":"e927a8af0b305ca0","name":"test_affairs_process_deletett_20260128_032543","source":"e927a8af0b305ca0.png","type":"image/png","size":19252},{"uid":"e36bbad9c90c163d","name":"test_affairs_process_deletett_20260128_032543","source":"e36bbad9c90c163d.png","type":"image/png","size":25727},{"uid":"8cebb5d7969479b1","name":"test_affairs_process_deletett_20260128_032543","source":"8cebb5d7969479b1.png","type":"image/png","size":25727},{"uid":"c4a1fc1a8af008cf","name":"test_affairs_process_deletett_20260128_032543","source":"c4a1fc1a8af008cf.png","type":"image/png","size":25727},{"uid":"80919b51f0770157","name":"test_affairs_process_deletett_20260128_032543","source":"80919b51f0770157.png","type":"image/png","size":19252},{"uid":"f280fa585977718f","name":"test_affairs_process_deletett_20260128_032543","source":"f280fa585977718f.png","type":"image/png","size":25727},{"uid":"91f9e0e3fd9f68e3","name":"test_affairs_process_deletett_20260128_032543","source":"91f9e0e3fd9f68e3.png","type":"image/png","size":19252},{"uid":"a8edeb2f569a2868","name":"test_affairs_process_deletett_20260128_032543","source":"a8edeb2f569a2868.png","type":"image/png","size":92374},{"uid":"46b42e59557214d0","name":"log","source":"46b42e59557214d0.txt","type":"text/plain","size":769}],"parameters":[],"attachmentStep":false,"hasContent":true,"stepsCount":0,"shouldDisplayMessage":true,"attachmentsCount":19},"afterStages":[{"name":"login_to_affairs::0","time":{"start":1769542153059,"stop":1769542155239,"duration":2180},"status":"passed","steps":[],"attachments":[],"parameters":[],"attachmentStep":false,"hasContent":false,"stepsCount":0,"shouldDisplayMessage":false,"attachmentsCount":0}],"labels":[{"name":"story","value":"我的流程-删除测试事务模版数据"},{"name":"feature","value":"事务管理页用例"},{"name":"parentSuite","value":"Tests.test_system"},{"name":"suite","value":"test_affairs"},{"name":"subSuite","value":"TestAffairsPage"},{"name":"host","value":"DESKTOP-L7L44NB"},{"name":"thread","value":"15128-MainThread"},{"name":"framework","value":"pytest"},{"name":"language","value":"cpython3"},{"name":"package","value":"Tests.test_system.test_affairs"},{"name":"resultFormat","value":"allure2"}],"parameters":[],"links":[],"hidden":false,"retry":false,"extra":{"severity":"normal","retries":[{"uid":"d9d783fe282c366d","status":"broken","statusDetails":"selenium.common.exceptions.TimeoutException: Message:","time":{"start":1769541914557,"stop":1769541927162,"duration":12605}}],"categories":[{"name":"Test defects","matchedStatuses":[]}],"tags":[]},"source":"59ee53ab751e34d2.json","parameterValues":[]}