{"uid":"6147c3800efcf8ee","name":"test_process_delsuccess1","fullName":"Tests.test_items.test_process.TestProcessPage#test_process_delsuccess1","historyId":"094b79d95a9bf77994dbe326411ddbe7","time":{"start":1767619626945,"stop":1767619694246,"duration":67301},"status":"broken","statusMessage":"selenium.common.exceptions.TimeoutException: Message: \nStacktrace:\nSymbols not available. Dumping unresolved backtrace:\n\t0x7ff6c092fe35\n\t0x7ff6c092fe90\n\t0x7ff6c06b139d\n\t0x7ff6c0709d8e\n\t0x7ff6c070a09c\n\t0x7ff6c075e8d7\n\t0x7ff6c075b61b\n\t0x7ff6c06fac6d\n\t0x7ff6c06fbae3\n\t0x7ff6c0bfa10d\n\t0x7ff6c0bf448a\n\t0x7ff6c0c15157\n\t0x7ff6c094a81e\n\t0x7ff6c095262f\n\t0x7ff6c0939324\n\t0x7ff6c09394df\n\t0x7ff6c091ee88\n\t0x7fffdc107374\n\t0x7fffddb5cc91","statusTrace":"self = <test_items.test_process.TestProcessPage object at 0x000001FF2B0BB010>, login_to_process = <selenium.webdriver.chrome.webdriver.WebDriver (session=\"2174a643e0efde70f1498f8dc1d0b260\")>\n\n    @allure.story(\"删除测试数据成功，删除布局\")\n    # @pytest.mark.run(order=1)\n    def test_process_delsuccess1(self, login_to_process):\n        driver = login_to_process  # WebDriver 实例\n        process = ProcessPage(driver)  # 用 driver 初始化 ProcessPage\n        layout = \"测试布局A\"\n    \n        value = ['111', '11测试全部数据', '1测试A', '111111111111111133331122221111222221111111113333111111144444111111111111111111111111111111111111111111111111']\n        process.del_all(value, '//p[text()=\"工序代码\"]/ancestor::div[2]//input')\n        itemdata = [\n            driver.find_elements(By.XPATH, f'//tr[./td[2][.//span[text()=\"{v}\"]]]/td[2]')\n            for v in value[:4]\n        ]\n>       process.del_layout(layout)\n\nTests\\test_items\\test_process.py:1043: \n_ _ _ _ _ _ _ _ _ _ _ _ _ _ _ _ _ _ _ _ _ _ _ _ _ _ _ _ _ _ _ _ _ _ _ _ _ _ _ _ _ _ _ _ _ _ _ _ _ _ _ _ _ _ _ _ _ _ _ _ _ _ _ _ _ _ _ _ _ _ _ _ _ _ _ _ _ _ _ _ _ _ _ _ _ _ _ _ _ _ _ _ _ _ _ _ _ _ _ _ _ _ _ _ _ _ _ _ _ _ _ _ _ _ _ _\nPages\\itemsPage\\process_page.py:184: in del_layout\n    target_div = self.get_find_element_xpath(\nPages\\itemsPage\\process_page.py:48: in get_find_element_xpath\n    return self.find_element(By.XPATH, xpath)\nPages\\base_page.py:28: in find_element\n    return WebDriverWait(self.driver, wait_time).until(\n_ _ _ _ _ _ _ _ _ _ _ _ _ _ _ _ _ _ _ _ _ _ _ _ _ _ _ _ _ _ _ _ _ _ _ _ _ _ _ _ _ _ _ _ _ _ _ _ _ _ _ _ _ _ _ _ _ _ _ _ _ _ _ _ _ _ _ _ _ _ _ _ _ _ _ _ _ _ _ _ _ _ _ _ _ _ _ _ _ _ _ _ _ _ _ _ _ _ _ _ _ _ _ _ _ _ _ _ _ _ _ _ _ _ _ _\n\nself = <selenium.webdriver.support.wait.WebDriverWait (session=\"2174a643e0efde70f1498f8dc1d0b260\")>, method = <function presence_of_element_located.<locals>._predicate at 0x000001FF2BD2C5E0>, message = ''\n\n    def until(self, method: Callable[[D], Union[Literal[False], T]], message: str = \"\") -> T:\n        \"\"\"Wait until the method returns a value that is not False.\n    \n        Calls the method provided with the driver as an argument until the\n        return value does not evaluate to ``False``.\n    \n        Parameters:\n        -----------\n        method: callable(WebDriver)\n            - A callable object that takes a WebDriver instance as an argument.\n    \n        message: str\n            - Optional message for :exc:`TimeoutException`\n    \n        Return:\n        -------\n        object: T\n            - The result of the last call to `method`\n    \n        Raises:\n        -------\n        TimeoutException\n            - If 'method' does not return a truthy value within the WebDriverWait\n            object's timeout\n    \n        Example:\n        --------\n        >>> from selenium.webdriver.common.by import By\n        >>> from selenium.webdriver.support.ui import WebDriverWait\n        >>> from selenium.webdriver.support import expected_conditions as EC\n    \n        # Wait until an element is visible on the page\n        >>> wait = WebDriverWait(driver, 10)\n        >>> element = wait.until(EC.visibility_of_element_located((By.ID, \"exampleId\")))\n        >>> print(element.text)\n        \"\"\"\n        screen = None\n        stacktrace = None\n    \n        end_time = time.monotonic() + self._timeout\n        while True:\n            try:\n                value = method(self._driver)\n                if value:\n                    return value\n            except self._ignored_exceptions as exc:\n                screen = getattr(exc, \"screen\", None)\n                stacktrace = getattr(exc, \"stacktrace\", None)\n            if time.monotonic() > end_time:\n                break\n            time.sleep(self._poll)\n>       raise TimeoutException(message, screen, stacktrace)\nE       selenium.common.exceptions.TimeoutException: Message: \nE       Stacktrace:\nE       Symbols not available. Dumping unresolved backtrace:\nE       \t0x7ff6c092fe35\nE       \t0x7ff6c092fe90\nE       \t0x7ff6c06b139d\nE       \t0x7ff6c0709d8e\nE       \t0x7ff6c070a09c\nE       \t0x7ff6c075e8d7\nE       \t0x7ff6c075b61b\nE       \t0x7ff6c06fac6d\nE       \t0x7ff6c06fbae3\nE       \t0x7ff6c0bfa10d\nE       \t0x7ff6c0bf448a\nE       \t0x7ff6c0c15157\nE       \t0x7ff6c094a81e\nE       \t0x7ff6c095262f\nE       \t0x7ff6c0939324\nE       \t0x7ff6c09394df\nE       \t0x7ff6c091ee88\nE       \t0x7fffdc107374\nE       \t0x7fffddb5cc91\n\nD:\\Python310\\lib\\site-packages\\selenium\\webdriver\\support\\wait.py:138: TimeoutException","flaky":false,"newFailed":false,"newBroken":false,"newPassed":false,"retriesCount":1,"retriesStatusChange":true,"beforeStages":[{"name":"login_to_process","time":{"start":1767619207782,"stop":1767619227722,"duration":19940},"status":"passed","steps":[],"attachments":[],"parameters":[],"attachmentsCount":0,"shouldDisplayMessage":false,"stepsCount":0,"hasContent":false,"attachmentStep":false}],"testStage":{"status":"broken","statusMessage":"selenium.common.exceptions.TimeoutException: Message: \nStacktrace:\nSymbols not available. Dumping unresolved backtrace:\n\t0x7ff6c092fe35\n\t0x7ff6c092fe90\n\t0x7ff6c06b139d\n\t0x7ff6c0709d8e\n\t0x7ff6c070a09c\n\t0x7ff6c075e8d7\n\t0x7ff6c075b61b\n\t0x7ff6c06fac6d\n\t0x7ff6c06fbae3\n\t0x7ff6c0bfa10d\n\t0x7ff6c0bf448a\n\t0x7ff6c0c15157\n\t0x7ff6c094a81e\n\t0x7ff6c095262f\n\t0x7ff6c0939324\n\t0x7ff6c09394df\n\t0x7ff6c091ee88\n\t0x7fffdc107374\n\t0x7fffddb5cc91","statusTrace":"self = <test_items.test_process.TestProcessPage object at 0x000001FF2B0BB010>, login_to_process = <selenium.webdriver.chrome.webdriver.WebDriver (session=\"2174a643e0efde70f1498f8dc1d0b260\")>\n\n    @allure.story(\"删除测试数据成功，删除布局\")\n    # @pytest.mark.run(order=1)\n    def test_process_delsuccess1(self, login_to_process):\n        driver = login_to_process  # WebDriver 实例\n        process = ProcessPage(driver)  # 用 driver 初始化 ProcessPage\n        layout = \"测试布局A\"\n    \n        value = ['111', '11测试全部数据', '1测试A', '111111111111111133331122221111222221111111113333111111144444111111111111111111111111111111111111111111111111']\n        process.del_all(value, '//p[text()=\"工序代码\"]/ancestor::div[2]//input')\n        itemdata = [\n            driver.find_elements(By.XPATH, f'//tr[./td[2][.//span[text()=\"{v}\"]]]/td[2]')\n            for v in value[:4]\n        ]\n>       process.del_layout(layout)\n\nTests\\test_items\\test_process.py:1043: \n_ _ _ _ _ _ _ _ _ _ _ _ _ _ _ _ _ _ _ _ _ _ _ _ _ _ _ _ _ _ _ _ _ _ _ _ _ _ _ _ _ _ _ _ _ _ _ _ _ _ _ _ _ _ _ _ _ _ _ _ _ _ _ _ _ _ _ _ _ _ _ _ _ _ _ _ _ _ _ _ _ _ _ _ _ _ _ _ _ _ _ _ _ _ _ _ _ _ _ _ _ _ _ _ _ _ _ _ _ _ _ _ _ _ _ _\nPages\\itemsPage\\process_page.py:184: in del_layout\n    target_div = self.get_find_element_xpath(\nPages\\itemsPage\\process_page.py:48: in get_find_element_xpath\n    return self.find_element(By.XPATH, xpath)\nPages\\base_page.py:28: in find_element\n    return WebDriverWait(self.driver, wait_time).until(\n_ _ _ _ _ _ _ _ _ _ _ _ _ _ _ _ _ _ _ _ _ _ _ _ _ _ _ _ _ _ _ _ _ _ _ _ _ _ _ _ _ _ _ _ _ _ _ _ _ _ _ _ _ _ _ _ _ _ _ _ _ _ _ _ _ _ _ _ _ _ _ _ _ _ _ _ _ _ _ _ _ _ _ _ _ _ _ _ _ _ _ _ _ _ _ _ _ _ _ _ _ _ _ _ _ _ _ _ _ _ _ _ _ _ _ _\n\nself = <selenium.webdriver.support.wait.WebDriverWait (session=\"2174a643e0efde70f1498f8dc1d0b260\")>, method = <function presence_of_element_located.<locals>._predicate at 0x000001FF2BD2C5E0>, message = ''\n\n    def until(self, method: Callable[[D], Union[Literal[False], T]], message: str = \"\") -> T:\n        \"\"\"Wait until the method returns a value that is not False.\n    \n        Calls the method provided with the driver as an argument until the\n        return value does not evaluate to ``False``.\n    \n        Parameters:\n        -----------\n        method: callable(WebDriver)\n            - A callable object that takes a WebDriver instance as an argument.\n    \n        message: str\n            - Optional message for :exc:`TimeoutException`\n    \n        Return:\n        -------\n        object: T\n            - The result of the last call to `method`\n    \n        Raises:\n        -------\n        TimeoutException\n            - If 'method' does not return a truthy value within the WebDriverWait\n            object's timeout\n    \n        Example:\n        --------\n        >>> from selenium.webdriver.common.by import By\n        >>> from selenium.webdriver.support.ui import WebDriverWait\n        >>> from selenium.webdriver.support import expected_conditions as EC\n    \n        # Wait until an element is visible on the page\n        >>> wait = WebDriverWait(driver, 10)\n        >>> element = wait.until(EC.visibility_of_element_located((By.ID, \"exampleId\")))\n        >>> print(element.text)\n        \"\"\"\n        screen = None\n        stacktrace = None\n    \n        end_time = time.monotonic() + self._timeout\n        while True:\n            try:\n                value = method(self._driver)\n                if value:\n                    return value\n            except self._ignored_exceptions as exc:\n                screen = getattr(exc, \"screen\", None)\n                stacktrace = getattr(exc, \"stacktrace\", None)\n            if time.monotonic() > end_time:\n                break\n            time.sleep(self._poll)\n>       raise TimeoutException(message, screen, stacktrace)\nE       selenium.common.exceptions.TimeoutException: Message: \nE       Stacktrace:\nE       Symbols not available. Dumping unresolved backtrace:\nE       \t0x7ff6c092fe35\nE       \t0x7ff6c092fe90\nE       \t0x7ff6c06b139d\nE       \t0x7ff6c0709d8e\nE       \t0x7ff6c070a09c\nE       \t0x7ff6c075e8d7\nE       \t0x7ff6c075b61b\nE       \t0x7ff6c06fac6d\nE       \t0x7ff6c06fbae3\nE       \t0x7ff6c0bfa10d\nE       \t0x7ff6c0bf448a\nE       \t0x7ff6c0c15157\nE       \t0x7ff6c094a81e\nE       \t0x7ff6c095262f\nE       \t0x7ff6c0939324\nE       \t0x7ff6c09394df\nE       \t0x7ff6c091ee88\nE       \t0x7fffdc107374\nE       \t0x7fffddb5cc91\n\nD:\\Python310\\lib\\site-packages\\selenium\\webdriver\\support\\wait.py:138: TimeoutException","steps":[],"attachments":[{"uid":"9cbaafd02701bff2","name":"test_process_delsuccess1_20260105_212814","source":"9cbaafd02701bff2.png","type":"image/png","size":49734},{"uid":"3efc42d3729a043c","name":"log","source":"3efc42d3729a043c.txt","type":"text/plain","size":6655}],"parameters":[],"attachmentsCount":2,"shouldDisplayMessage":true,"stepsCount":0,"hasContent":true,"attachmentStep":false},"afterStages":[{"name":"login_to_process::0","time":{"start":1767619694428,"stop":1767619696572,"duration":2144},"status":"passed","steps":[],"attachments":[],"parameters":[],"attachmentsCount":0,"shouldDisplayMessage":false,"stepsCount":0,"hasContent":false,"attachmentStep":false}],"labels":[{"name":"story","value":"删除测试数据成功，删除布局"},{"name":"feature","value":"工序表测试用例"},{"name":"parentSuite","value":"Tests.test_items"},{"name":"suite","value":"test_process"},{"name":"subSuite","value":"TestProcessPage"},{"name":"host","value":"DESKTOP-L7L44NB"},{"name":"thread","value":"35836-MainThread"},{"name":"framework","value":"pytest"},{"name":"language","value":"cpython3"},{"name":"package","value":"Tests.test_items.test_process"},{"name":"resultFormat","value":"allure2"}],"parameters":[],"links":[],"hidden":false,"retry":false,"extra":{"severity":"normal","retries":[{"uid":"8373670384d95d14","status":"failed","statusDetails":"AssertionError: assert False\n +  where False = all(<generator object TestProcessPage.test_process_delsuccess1.<locals>.<genexpr> at 0x000001FF2BC3F140>)","time":{"start":1767619563509,"stop":1767619626807,"duration":63298}}],"categories":[{"name":"Test defects","matchedStatuses":[]}],"tags":[]},"source":"6147c3800efcf8ee.json","parameterValues":[]}