{"uid":"61bd4175c34c3235","name":"test_materialcalendar_addall","fullName":"Tests.test_material.test_materialcalendar.TestMaterialCalendarPage#test_materialcalendar_addall","historyId":"dcd49a56a264295595afc5ff0d6089d3","time":{"start":1767797845959,"stop":1767797865949,"duration":19990},"status":"failed","statusMessage":"AssertionError: 第8项包含断言失败：'2025' not in '2026/01/07 22:57:38'\nassert '2025' in '2026/01/07 22:57:38'\n +  where '2025' = str('2025')\n +  and   '2026/01/07 22:57:38' = str('2026/01/07 22:57:38')","statusTrace":"self = <test_material.test_materialcalendar.TestMaterialCalendarPage object at 0x000001A294714700>, login_to_calendar = <selenium.webdriver.chrome.webdriver.WebDriver (session=\"90b1aa6fa89b77881289cf2807b01b50\")>\n\n    @allure.story(\"输入全部数据，添加保存成功\")\n    # @pytest.mark.run(order=1)\n    def test_materialcalendar_addall(self, login_to_calendar):\n        driver = login_to_calendar  # WebDriver 实例\n        calendar = MaterialCalendar(driver)  # 用 driver 初始化 MaterialCalendar\n        # 清空之前的共享数据\n        SharedDataUtil.clear_data()\n        data_list = 20\n        calendar.click_add_button()  # 检查点击添加\n        resource, shift = calendar.add_input_all(data_list)\n        # 保存数据\n        SharedDataUtil.save_data(\n            {\"resource\": resource, \"shift\": shift}\n        )\n        sleep(1)\n        calendar.click_button(\n            '//p[text()=\"更新时间\"]/following-sibling::div'\n        )\n        sleep(1)\n        calendar.click_button(\n            '//p[text()=\"更新时间\"]/following-sibling::div'\n        )\n        sleep(1)\n        # 缩放到最小（例如 60%）\n        driver.execute_script(\"document.body.style.zoom='0.6'\")\n        sleep(1)\n    \n        row_xpath = '//div[@class=\"vxe-table--body-wrapper body--wrapper\"]/table[@class=\"vxe-table--body\"]//tr[1]'\n        # 获取目标行\n        target_row = driver.find_element(By.XPATH, row_xpath)\n    \n        # 获取该行下所有 td 元素\n        td_elements = target_row.find_elements(By.XPATH, \"./td\")\n        td_count = len(td_elements)\n        print(f\"该行共有 {td_count} 个 <td> 元素\")\n        columns_text = []\n        # 遍历每个 td[i]\n        # 遍历每个 td[i] 并提取文本\n        for i in range(2, td_count + 1):\n            td_xpath = f'{row_xpath}/td[{i}]'\n            sleep(0.2)\n            try:\n                td = driver.find_element(By.XPATH, td_xpath)\n                text = td.text.strip()\n                print(f\"第 {i} 个单元格内容：{text}\")\n                columns_text.append(text)\n            except StaleElementReferenceException:\n                print(f\"⚠️ 第 {i} 个单元格引用失效，尝试重新查找\")\n                sleep(0.2)\n                td = driver.find_element(By.XPATH, td_xpath)\n                text = td.text.strip()\n                columns_text.append(text)\n    \n        print(columns_text)\n        bef_text = [f'{resource}', '*', f'{shift}', f'{data_list}', f'{data_list}', f'{data_list}', f'{DateDriver.username}', '2025']\n        assert len(columns_text) == len(bef_text), f\"长度不一致：actual={len(columns_text)}, expected={len(bef_text)}\"\n        for i, (a, e) in enumerate(zip(columns_text, bef_text), start=1):\n            if i == 8:\n>               assert str(e) in str(a), f\"第8项包含断言失败：'{e}' not in '{a}'\"\nE               AssertionError: 第8项包含断言失败：'2025' not in '2026/01/07 22:57:38'\nE               assert '2025' in '2026/01/07 22:57:38'\nE                +  where '2025' = str('2025')\nE                +  and   '2026/01/07 22:57:38' = str('2026/01/07 22:57:38')\n\nTests\\test_material\\test_materialcalendar.py:490: AssertionError","flaky":false,"newFailed":false,"newBroken":false,"newPassed":false,"retriesCount":1,"retriesStatusChange":false,"beforeStages":[{"name":"login_to_calendar","time":{"start":1767797832944,"stop":1767797845958,"duration":13014},"status":"passed","steps":[],"attachments":[],"parameters":[],"shouldDisplayMessage":false,"attachmentsCount":0,"stepsCount":0,"hasContent":false,"attachmentStep":false}],"testStage":{"status":"failed","statusMessage":"AssertionError: 第8项包含断言失败：'2025' not in '2026/01/07 22:57:38'\nassert '2025' in '2026/01/07 22:57:38'\n +  where '2025' = str('2025')\n +  and   '2026/01/07 22:57:38' = str('2026/01/07 22:57:38')","statusTrace":"self = <test_material.test_materialcalendar.TestMaterialCalendarPage object at 0x000001A294714700>, login_to_calendar = <selenium.webdriver.chrome.webdriver.WebDriver (session=\"90b1aa6fa89b77881289cf2807b01b50\")>\n\n    @allure.story(\"输入全部数据，添加保存成功\")\n    # @pytest.mark.run(order=1)\n    def test_materialcalendar_addall(self, login_to_calendar):\n        driver = login_to_calendar  # WebDriver 实例\n        calendar = MaterialCalendar(driver)  # 用 driver 初始化 MaterialCalendar\n        # 清空之前的共享数据\n        SharedDataUtil.clear_data()\n        data_list = 20\n        calendar.click_add_button()  # 检查点击添加\n        resource, shift = calendar.add_input_all(data_list)\n        # 保存数据\n        SharedDataUtil.save_data(\n            {\"resource\": resource, \"shift\": shift}\n        )\n        sleep(1)\n        calendar.click_button(\n            '//p[text()=\"更新时间\"]/following-sibling::div'\n        )\n        sleep(1)\n        calendar.click_button(\n            '//p[text()=\"更新时间\"]/following-sibling::div'\n        )\n        sleep(1)\n        # 缩放到最小（例如 60%）\n        driver.execute_script(\"document.body.style.zoom='0.6'\")\n        sleep(1)\n    \n        row_xpath = '//div[@class=\"vxe-table--body-wrapper body--wrapper\"]/table[@class=\"vxe-table--body\"]//tr[1]'\n        # 获取目标行\n        target_row = driver.find_element(By.XPATH, row_xpath)\n    \n        # 获取该行下所有 td 元素\n        td_elements = target_row.find_elements(By.XPATH, \"./td\")\n        td_count = len(td_elements)\n        print(f\"该行共有 {td_count} 个 <td> 元素\")\n        columns_text = []\n        # 遍历每个 td[i]\n        # 遍历每个 td[i] 并提取文本\n        for i in range(2, td_count + 1):\n            td_xpath = f'{row_xpath}/td[{i}]'\n            sleep(0.2)\n            try:\n                td = driver.find_element(By.XPATH, td_xpath)\n                text = td.text.strip()\n                print(f\"第 {i} 个单元格内容：{text}\")\n                columns_text.append(text)\n            except StaleElementReferenceException:\n                print(f\"⚠️ 第 {i} 个单元格引用失效，尝试重新查找\")\n                sleep(0.2)\n                td = driver.find_element(By.XPATH, td_xpath)\n                text = td.text.strip()\n                columns_text.append(text)\n    \n        print(columns_text)\n        bef_text = [f'{resource}', '*', f'{shift}', f'{data_list}', f'{data_list}', f'{data_list}', f'{DateDriver.username}', '2025']\n        assert len(columns_text) == len(bef_text), f\"长度不一致：actual={len(columns_text)}, expected={len(bef_text)}\"\n        for i, (a, e) in enumerate(zip(columns_text, bef_text), start=1):\n            if i == 8:\n>               assert str(e) in str(a), f\"第8项包含断言失败：'{e}' not in '{a}'\"\nE               AssertionError: 第8项包含断言失败：'2025' not in '2026/01/07 22:57:38'\nE               assert '2025' in '2026/01/07 22:57:38'\nE                +  where '2025' = str('2025')\nE                +  and   '2026/01/07 22:57:38' = str('2026/01/07 22:57:38')\n\nTests\\test_material\\test_materialcalendar.py:490: AssertionError","steps":[],"attachments":[{"uid":"b61bf15853c8bf35","name":"test_materialcalendar_addall_20260107_225745","source":"b61bf15853c8bf35.png","type":"image/png","size":73044},{"uid":"e69a2c8c634dee9e","name":"log","source":"e69a2c8c634dee9e.txt","type":"text/plain","size":8093}],"parameters":[],"shouldDisplayMessage":true,"attachmentsCount":2,"stepsCount":0,"hasContent":true,"attachmentStep":false},"afterStages":[{"name":"login_to_calendar::0","time":{"start":1767797866067,"stop":1767797868206,"duration":2139},"status":"passed","steps":[],"attachments":[],"parameters":[],"shouldDisplayMessage":false,"attachmentsCount":0,"stepsCount":0,"hasContent":false,"attachmentStep":false}],"labels":[{"name":"feature","value":"收货日历表测试用例"},{"name":"story","value":"输入全部数据，添加保存成功"},{"name":"parentSuite","value":"Tests.test_material"},{"name":"suite","value":"test_materialcalendar"},{"name":"subSuite","value":"TestMaterialCalendarPage"},{"name":"host","value":"DESKTOP-L7L44NB"},{"name":"thread","value":"16416-MainThread"},{"name":"framework","value":"pytest"},{"name":"language","value":"cpython3"},{"name":"package","value":"Tests.test_material.test_materialcalendar"},{"name":"resultFormat","value":"allure2"}],"parameters":[],"links":[],"hidden":false,"retry":false,"extra":{"severity":"normal","retries":[{"uid":"d2c8de01bc5e088f","status":"failed","statusDetails":"AssertionError: 第8项包含断言失败：'2025' not in '2026/01/07 22:57:04'\nassert '2025' in '2026/01/07 22:57:04'\n +  where '2025' = str('2025')\n +  and   '2026/01/07 22:57:04' = str('2026/01/07 22:57:04')","time":{"start":1767797812150,"stop":1767797830672,"duration":18522}}],"categories":[{"name":"Product defects","matchedStatuses":[]}],"tags":[]},"source":"61bd4175c34c3235.json","parameterValues":[]}