{"uid":"64d58de9347ba1fc","name":"test_customer_addall","fullName":"Tests.test_items.test_customer.TestCustomerPage#test_customer_addall","historyId":"bed4e5ddd0d59dd8611baebd11711050","time":{"start":1767616549841,"stop":1767616576226,"duration":26385},"status":"failed","statusMessage":"AssertionError: 第28项包含断言失败：'2025' not in '2026/01/05 20:36:07'\nassert '2025' in '2026/01/05 20:36:07'\n +  where '2025' = str('2025')\n +  and   '2026/01/05 20:36:07' = str('2026/01/05 20:36:07')","statusTrace":"self = <test_items.test_customer.TestCustomerPage object at 0x000001FF2ACFBAF0>, login_to_customer = <selenium.webdriver.chrome.webdriver.WebDriver (session=\"039b7e5f2187346b8f8238d941542b01\")>\n\n    @allure.story(\"输入全部数据，添加保存成功\")\n    # @pytest.mark.run(order=1)\n    def test_customer_addall(self, login_to_customer):\n        driver = login_to_customer  # WebDriver 实例\n        customer = CustomerPage(driver)  # 用 driver 初始化 CustomerPage\n        data_list = [\"全部数据\", \"20\"]\n        customer.click_add_button()  # 检查点击添加\n        customer.add_input_all(data_list[0], data_list[1])\n        sleep(1)\n        customer.enter_texts(\n            '//p[text()=\"客户代码\"]/ancestor::div[2]//input', data_list[0]\n        )\n        # 缩放到最小（例如 25%）\n        driver.execute_script(\"document.body.style.zoom='0.25'\")\n        sleep(1)\n    \n        row_xpath = f'//tr[./td[2][.//span[text()=\"{data_list[0]}\"]]]'\n        # 获取目标行\n        target_row = driver.find_element(By.XPATH, row_xpath)\n    \n        # 获取该行下所有 td 元素\n        td_elements = target_row.find_elements(By.XPATH, \"./td\")\n        td_count = len(td_elements)\n        print(f\"该行共有 {td_count} 个 <td> 元素\")\n        columns_text = []\n        # 遍历每个 td[i]\n        # 遍历每个 td[i] 并提取文本\n        for i in range(2, td_count + 1):\n            td_xpath = f'{row_xpath}/td[{i}]'\n            sleep(0.2)\n            try:\n                td = driver.find_element(By.XPATH, td_xpath)\n                text = td.text.strip()\n                print(f\"第 {i} 个单元格内容：{text}\")\n                columns_text.append(text)\n            except StaleElementReferenceException:\n                print(f\"⚠️ 第 {i} 个单元格引用失效，尝试重新查找\")\n                sleep(0.2)\n                td = driver.find_element(By.XPATH, td_xpath)\n                text = td.text.strip()\n                columns_text.append(text)\n    \n        print(columns_text)\n        bef_text = [data_list[0], data_list[0], '2', data_list[1], data_list[0], data_list[0], data_list[0], data_list[0], data_list[0], data_list[0], data_list[0], data_list[0], data_list[0], data_list[0], data_list[1], data_list[1], data_list[1], data_list[1], data_list[1], data_list[1], data_list[1], data_list[1], data_list[1], data_list[1], data_list[0], f'{DateDriver.username}', '2025']\n        assert len(columns_text) == len(bef_text), f\"长度不一致：actual={len(columns_text)}, expected={len(bef_text)}\"\n        for i, (a, e) in enumerate(zip(columns_text, bef_text)):\n            if i == 26:\n>               assert str(e) in str(a), f\"第28项包含断言失败：'{e}' not in '{a}'\"\nE               AssertionError: 第28项包含断言失败：'2025' not in '2026/01/05 20:36:07'\nE               assert '2025' in '2026/01/05 20:36:07'\nE                +  where '2025' = str('2025')\nE                +  and   '2026/01/05 20:36:07' = str('2026/01/05 20:36:07')\n\nTests\\test_items\\test_customer.py:971: AssertionError","flaky":false,"newFailed":false,"newBroken":false,"newPassed":false,"retriesCount":0,"retriesStatusChange":false,"beforeStages":[{"name":"login_to_customer","time":{"start":1767616255177,"stop":1767616274580,"duration":19403},"status":"passed","steps":[],"attachments":[],"parameters":[],"attachmentsCount":0,"shouldDisplayMessage":false,"stepsCount":0,"hasContent":false,"attachmentStep":false}],"testStage":{"status":"failed","statusMessage":"AssertionError: 第28项包含断言失败：'2025' not in '2026/01/05 20:36:07'\nassert '2025' in '2026/01/05 20:36:07'\n +  where '2025' = str('2025')\n +  and   '2026/01/05 20:36:07' = str('2026/01/05 20:36:07')","statusTrace":"self = <test_items.test_customer.TestCustomerPage object at 0x000001FF2ACFBAF0>, login_to_customer = <selenium.webdriver.chrome.webdriver.WebDriver (session=\"039b7e5f2187346b8f8238d941542b01\")>\n\n    @allure.story(\"输入全部数据，添加保存成功\")\n    # @pytest.mark.run(order=1)\n    def test_customer_addall(self, login_to_customer):\n        driver = login_to_customer  # WebDriver 实例\n        customer = CustomerPage(driver)  # 用 driver 初始化 CustomerPage\n        data_list = [\"全部数据\", \"20\"]\n        customer.click_add_button()  # 检查点击添加\n        customer.add_input_all(data_list[0], data_list[1])\n        sleep(1)\n        customer.enter_texts(\n            '//p[text()=\"客户代码\"]/ancestor::div[2]//input', data_list[0]\n        )\n        # 缩放到最小（例如 25%）\n        driver.execute_script(\"document.body.style.zoom='0.25'\")\n        sleep(1)\n    \n        row_xpath = f'//tr[./td[2][.//span[text()=\"{data_list[0]}\"]]]'\n        # 获取目标行\n        target_row = driver.find_element(By.XPATH, row_xpath)\n    \n        # 获取该行下所有 td 元素\n        td_elements = target_row.find_elements(By.XPATH, \"./td\")\n        td_count = len(td_elements)\n        print(f\"该行共有 {td_count} 个 <td> 元素\")\n        columns_text = []\n        # 遍历每个 td[i]\n        # 遍历每个 td[i] 并提取文本\n        for i in range(2, td_count + 1):\n            td_xpath = f'{row_xpath}/td[{i}]'\n            sleep(0.2)\n            try:\n                td = driver.find_element(By.XPATH, td_xpath)\n                text = td.text.strip()\n                print(f\"第 {i} 个单元格内容：{text}\")\n                columns_text.append(text)\n            except StaleElementReferenceException:\n                print(f\"⚠️ 第 {i} 个单元格引用失效，尝试重新查找\")\n                sleep(0.2)\n                td = driver.find_element(By.XPATH, td_xpath)\n                text = td.text.strip()\n                columns_text.append(text)\n    \n        print(columns_text)\n        bef_text = [data_list[0], data_list[0], '2', data_list[1], data_list[0], data_list[0], data_list[0], data_list[0], data_list[0], data_list[0], data_list[0], data_list[0], data_list[0], data_list[0], data_list[1], data_list[1], data_list[1], data_list[1], data_list[1], data_list[1], data_list[1], data_list[1], data_list[1], data_list[1], data_list[0], f'{DateDriver.username}', '2025']\n        assert len(columns_text) == len(bef_text), f\"长度不一致：actual={len(columns_text)}, expected={len(bef_text)}\"\n        for i, (a, e) in enumerate(zip(columns_text, bef_text)):\n            if i == 26:\n>               assert str(e) in str(a), f\"第28项包含断言失败：'{e}' not in '{a}'\"\nE               AssertionError: 第28项包含断言失败：'2025' not in '2026/01/05 20:36:07'\nE               assert '2025' in '2026/01/05 20:36:07'\nE                +  where '2025' = str('2025')\nE                +  and   '2026/01/05 20:36:07' = str('2026/01/05 20:36:07')\n\nTests\\test_items\\test_customer.py:971: AssertionError","steps":[],"attachments":[{"uid":"b36afe6970b310c9","name":"test_customer_addall_20260105_203616","source":"b36afe6970b310c9.png","type":"image/png","size":25085},{"uid":"2973de4bd9c003b6","name":"log","source":"2973de4bd9c003b6.txt","type":"text/plain","size":799}],"parameters":[],"attachmentsCount":2,"shouldDisplayMessage":true,"stepsCount":0,"hasContent":true,"attachmentStep":false},"afterStages":[{"name":"login_to_customer::0","time":{"start":1767616683601,"stop":1767616685743,"duration":2142},"status":"passed","steps":[],"attachments":[],"parameters":[],"attachmentsCount":0,"shouldDisplayMessage":false,"stepsCount":0,"hasContent":false,"attachmentStep":false}],"labels":[{"name":"story","value":"输入全部数据，添加保存成功"},{"name":"feature","value":"客户表测试用例"},{"name":"parentSuite","value":"Tests.test_items"},{"name":"suite","value":"test_customer"},{"name":"subSuite","value":"TestCustomerPage"},{"name":"host","value":"DESKTOP-L7L44NB"},{"name":"thread","value":"35836-MainThread"},{"name":"framework","value":"pytest"},{"name":"language","value":"cpython3"},{"name":"package","value":"Tests.test_items.test_customer"},{"name":"resultFormat","value":"allure2"}],"parameters":[],"links":[],"hidden":true,"retry":true,"extra":{"categories":[],"tags":[]},"source":"64d58de9347ba1fc.json","parameterValues":[]}