{"uid":"67ff7d85d33116c4","name":"test_inTransitInventory_selectcodesuccess","fullName":"Tests.test_material.test_inTransitInventory.TestItemPage#test_inTransitInventory_selectcodesuccess","historyId":"1c5c474109889f9a77ce58f441b4bb49","time":{"start":1768239391204,"stop":1768239419965,"duration":28761},"status":"broken","statusMessage":"selenium.common.exceptions.TimeoutException: Message: \nStacktrace:\nSymbols not available. Dumping unresolved backtrace:\n\t0x7ff66d2efe35\n\t0x7ff66d2efe90\n\t0x7ff66d07139d\n\t0x7ff66d0c9d8e\n\t0x7ff66d0ca09c\n\t0x7ff66d11e8d7\n\t0x7ff66d11b61b\n\t0x7ff66d0bac6d\n\t0x7ff66d0bbae3\n\t0x7ff66d5ba10d\n\t0x7ff66d5b448a\n\t0x7ff66d5d5157\n\t0x7ff66d30a81e\n\t0x7ff66d31262f\n\t0x7ff66d2f9324\n\t0x7ff66d2f94df\n\t0x7ff66d2dee88\n\t0x7ff9e6a37374\n\t0x7ff9e86dcc91","statusTrace":"self = <test_material.test_inTransitInventory.TestItemPage object at 0x000001F221A20610>, login_to_item = <selenium.webdriver.chrome.webdriver.WebDriver (session=\"7743a3833170beb8aa00e7c2f14daacf\")>\n\n    @allure.story(\"查询物料员代码成功\")\n    # @pytest.mark.run(order=1)\n    def test_inTransitInventory_selectcodesuccess(self, login_to_item):\n        driver = login_to_item  # WebDriver 实例\n        item = WarehouseLocationPage(driver)  # 用 driver 初始化 ItemPage\n    \n        # 点击查询\n        item.click_sel_button()\n        sleep(1)\n        # 定位名称输入框\n        element_to_double_click = driver.find_element(\n            By.XPATH,\n            '(//div[@class=\"vxe-table--render-wrapper\"])[3]/div[1]/div[2]//tr[1]/td[4]',\n        )\n        # 创建一个 ActionChains 对象\n        actions = ActionChains(driver)\n        # 双击命令\n        actions.double_click(element_to_double_click).perform()\n        sleep(1)\n        # 点击工厂代码\n        item.click_button('//div[text()=\"在途库存单据号\" and contains(@optid,\"opt_\")]')\n        sleep(1)\n        # 点击比较关系框\n        item.click_button(\n            '(//div[@class=\"vxe-table--render-wrapper\"])[3]/div[1]/div[2]//tr[1]/td[5]//input'\n        )\n        sleep(1)\n        # 点击=\n        item.click_button('//div[text()=\"=\" and contains(@optid,\"opt_\")]')\n        sleep(1)\n        # 点击输入数值\n        item.enter_texts(\n            '(//div[@class=\"vxe-table--render-wrapper\"])[3]/div[1]/div[2]//tr[1]/td[6]//input',\n            \"111\",\n        )\n        sleep(1)\n    \n        # 点击确认\n        item.click_select_button()\n        # 定位第一行是否为产品A\n>       itemcode = item.get_find_element_xpath(\n            '(//table[contains(@class, \"vxe-table--body\")])[2]//tr[1]/td[2]'\n        ).text\n\nTests\\test_material\\test_inTransitInventory.py:617: \n_ _ _ _ _ _ _ _ _ _ _ _ _ _ _ _ _ _ _ _ _ _ _ _ _ _ _ _ _ _ _ _ _ _ _ _ _ _ _ _ _ _ _ _ _ _ _ _ _ _ _ _ _ _ _ _ _ _ _ _ _ _ _ _ _ _ _ _ _ _ _ _ _ _ _ _ _ _ _ _ _ _ _ _ _ _ _ _ _ _ _ _ _ _ _ _ _ _ _ _ _ _ _ _ _ _ _ _ _ _ _ _ _ _ _ _\nPages\\materialPage\\warehouseLocation_page.py:323: in get_find_element_xpath\n    return self.find_element(By.XPATH, xpath)\nPages\\base_page.py:28: in find_element\n    return WebDriverWait(self.driver, wait_time).until(\n_ _ _ _ _ _ _ _ _ _ _ _ _ _ _ _ _ _ _ _ _ _ _ _ _ _ _ _ _ _ _ _ _ _ _ _ _ _ _ _ _ _ _ _ _ _ _ _ _ _ _ _ _ _ _ _ _ _ _ _ _ _ _ _ _ _ _ _ _ _ _ _ _ _ _ _ _ _ _ _ _ _ _ _ _ _ _ _ _ _ _ _ _ _ _ _ _ _ _ _ _ _ _ _ _ _ _ _ _ _ _ _ _ _ _ _\n\nself = <selenium.webdriver.support.wait.WebDriverWait (session=\"7743a3833170beb8aa00e7c2f14daacf\")>, method = <function presence_of_element_located.<locals>._predicate at 0x000001F223816560>, message = ''\n\n    def until(self, method: Callable[[D], Union[Literal[False], T]], message: str = \"\") -> T:\n        \"\"\"Wait until the method returns a value that is not False.\n    \n        Calls the method provided with the driver as an argument until the\n        return value does not evaluate to ``False``.\n    \n        Parameters:\n        -----------\n        method: callable(WebDriver)\n            - A callable object that takes a WebDriver instance as an argument.\n    \n        message: str\n            - Optional message for :exc:`TimeoutException`\n    \n        Return:\n        -------\n        object: T\n            - The result of the last call to `method`\n    \n        Raises:\n        -------\n        TimeoutException\n            - If 'method' does not return a truthy value within the WebDriverWait\n            object's timeout\n    \n        Example:\n        --------\n        >>> from selenium.webdriver.common.by import By\n        >>> from selenium.webdriver.support.ui import WebDriverWait\n        >>> from selenium.webdriver.support import expected_conditions as EC\n    \n        # Wait until an element is visible on the page\n        >>> wait = WebDriverWait(driver, 10)\n        >>> element = wait.until(EC.visibility_of_element_located((By.ID, \"exampleId\")))\n        >>> print(element.text)\n        \"\"\"\n        screen = None\n        stacktrace = None\n    \n        end_time = time.monotonic() + self._timeout\n        while True:\n            try:\n                value = method(self._driver)\n                if value:\n                    return value\n            except self._ignored_exceptions as exc:\n                screen = getattr(exc, \"screen\", None)\n                stacktrace = getattr(exc, \"stacktrace\", None)\n            if time.monotonic() > end_time:\n                break\n            time.sleep(self._poll)\n>       raise TimeoutException(message, screen, stacktrace)\nE       selenium.common.exceptions.TimeoutException: Message: \nE       Stacktrace:\nE       Symbols not available. Dumping unresolved backtrace:\nE       \t0x7ff66d2efe35\nE       \t0x7ff66d2efe90\nE       \t0x7ff66d07139d\nE       \t0x7ff66d0c9d8e\nE       \t0x7ff66d0ca09c\nE       \t0x7ff66d11e8d7\nE       \t0x7ff66d11b61b\nE       \t0x7ff66d0bac6d\nE       \t0x7ff66d0bbae3\nE       \t0x7ff66d5ba10d\nE       \t0x7ff66d5b448a\nE       \t0x7ff66d5d5157\nE       \t0x7ff66d30a81e\nE       \t0x7ff66d31262f\nE       \t0x7ff66d2f9324\nE       \t0x7ff66d2f94df\nE       \t0x7ff66d2dee88\nE       \t0x7ff9e6a37374\nE       \t0x7ff9e86dcc91\n\nD:\\Python310\\lib\\site-packages\\selenium\\webdriver\\support\\wait.py:138: TimeoutException","flaky":false,"newFailed":false,"newBroken":false,"newPassed":false,"retriesCount":1,"retriesStatusChange":false,"beforeStages":[{"name":"login_to_item","time":{"start":1768239373029,"stop":1768239391172,"duration":18143},"status":"passed","steps":[],"attachments":[],"parameters":[],"hasContent":false,"stepsCount":0,"attachmentStep":false,"shouldDisplayMessage":false,"attachmentsCount":0},{"name":"setup","time":{"start":1768239391172,"stop":1768239391203,"duration":31},"status":"passed","steps":[],"attachments":[],"parameters":[],"hasContent":false,"stepsCount":0,"attachmentStep":false,"shouldDisplayMessage":false,"attachmentsCount":0}],"testStage":{"status":"broken","statusMessage":"selenium.common.exceptions.TimeoutException: Message: \nStacktrace:\nSymbols not available. Dumping unresolved backtrace:\n\t0x7ff66d2efe35\n\t0x7ff66d2efe90\n\t0x7ff66d07139d\n\t0x7ff66d0c9d8e\n\t0x7ff66d0ca09c\n\t0x7ff66d11e8d7\n\t0x7ff66d11b61b\n\t0x7ff66d0bac6d\n\t0x7ff66d0bbae3\n\t0x7ff66d5ba10d\n\t0x7ff66d5b448a\n\t0x7ff66d5d5157\n\t0x7ff66d30a81e\n\t0x7ff66d31262f\n\t0x7ff66d2f9324\n\t0x7ff66d2f94df\n\t0x7ff66d2dee88\n\t0x7ff9e6a37374\n\t0x7ff9e86dcc91","statusTrace":"self = <test_material.test_inTransitInventory.TestItemPage object at 0x000001F221A20610>, login_to_item = <selenium.webdriver.chrome.webdriver.WebDriver (session=\"7743a3833170beb8aa00e7c2f14daacf\")>\n\n    @allure.story(\"查询物料员代码成功\")\n    # @pytest.mark.run(order=1)\n    def test_inTransitInventory_selectcodesuccess(self, login_to_item):\n        driver = login_to_item  # WebDriver 实例\n        item = WarehouseLocationPage(driver)  # 用 driver 初始化 ItemPage\n    \n        # 点击查询\n        item.click_sel_button()\n        sleep(1)\n        # 定位名称输入框\n        element_to_double_click = driver.find_element(\n            By.XPATH,\n            '(//div[@class=\"vxe-table--render-wrapper\"])[3]/div[1]/div[2]//tr[1]/td[4]',\n        )\n        # 创建一个 ActionChains 对象\n        actions = ActionChains(driver)\n        # 双击命令\n        actions.double_click(element_to_double_click).perform()\n        sleep(1)\n        # 点击工厂代码\n        item.click_button('//div[text()=\"在途库存单据号\" and contains(@optid,\"opt_\")]')\n        sleep(1)\n        # 点击比较关系框\n        item.click_button(\n            '(//div[@class=\"vxe-table--render-wrapper\"])[3]/div[1]/div[2]//tr[1]/td[5]//input'\n        )\n        sleep(1)\n        # 点击=\n        item.click_button('//div[text()=\"=\" and contains(@optid,\"opt_\")]')\n        sleep(1)\n        # 点击输入数值\n        item.enter_texts(\n            '(//div[@class=\"vxe-table--render-wrapper\"])[3]/div[1]/div[2]//tr[1]/td[6]//input',\n            \"111\",\n        )\n        sleep(1)\n    \n        # 点击确认\n        item.click_select_button()\n        # 定位第一行是否为产品A\n>       itemcode = item.get_find_element_xpath(\n            '(//table[contains(@class, \"vxe-table--body\")])[2]//tr[1]/td[2]'\n        ).text\n\nTests\\test_material\\test_inTransitInventory.py:617: \n_ _ _ _ _ _ _ _ _ _ _ _ _ _ _ _ _ _ _ _ _ _ _ _ _ _ _ _ _ _ _ _ _ _ _ _ _ _ _ _ _ _ _ _ _ _ _ _ _ _ _ _ _ _ _ _ _ _ _ _ _ _ _ _ _ _ _ _ _ _ _ _ _ _ _ _ _ _ _ _ _ _ _ _ _ _ _ _ _ _ _ _ _ _ _ _ _ _ _ _ _ _ _ _ _ _ _ _ _ _ _ _ _ _ _ _\nPages\\materialPage\\warehouseLocation_page.py:323: in get_find_element_xpath\n    return self.find_element(By.XPATH, xpath)\nPages\\base_page.py:28: in find_element\n    return WebDriverWait(self.driver, wait_time).until(\n_ _ _ _ _ _ _ _ _ _ _ _ _ _ _ _ _ _ _ _ _ _ _ _ _ _ _ _ _ _ _ _ _ _ _ _ _ _ _ _ _ _ _ _ _ _ _ _ _ _ _ _ _ _ _ _ _ _ _ _ _ _ _ _ _ _ _ _ _ _ _ _ _ _ _ _ _ _ _ _ _ _ _ _ _ _ _ _ _ _ _ _ _ _ _ _ _ _ _ _ _ _ _ _ _ _ _ _ _ _ _ _ _ _ _ _\n\nself = <selenium.webdriver.support.wait.WebDriverWait (session=\"7743a3833170beb8aa00e7c2f14daacf\")>, method = <function presence_of_element_located.<locals>._predicate at 0x000001F223816560>, message = ''\n\n    def until(self, method: Callable[[D], Union[Literal[False], T]], message: str = \"\") -> T:\n        \"\"\"Wait until the method returns a value that is not False.\n    \n        Calls the method provided with the driver as an argument until the\n        return value does not evaluate to ``False``.\n    \n        Parameters:\n        -----------\n        method: callable(WebDriver)\n            - A callable object that takes a WebDriver instance as an argument.\n    \n        message: str\n            - Optional message for :exc:`TimeoutException`\n    \n        Return:\n        -------\n        object: T\n            - The result of the last call to `method`\n    \n        Raises:\n        -------\n        TimeoutException\n            - If 'method' does not return a truthy value within the WebDriverWait\n            object's timeout\n    \n        Example:\n        --------\n        >>> from selenium.webdriver.common.by import By\n        >>> from selenium.webdriver.support.ui import WebDriverWait\n        >>> from selenium.webdriver.support import expected_conditions as EC\n    \n        # Wait until an element is visible on the page\n        >>> wait = WebDriverWait(driver, 10)\n        >>> element = wait.until(EC.visibility_of_element_located((By.ID, \"exampleId\")))\n        >>> print(element.text)\n        \"\"\"\n        screen = None\n        stacktrace = None\n    \n        end_time = time.monotonic() + self._timeout\n        while True:\n            try:\n                value = method(self._driver)\n                if value:\n                    return value\n            except self._ignored_exceptions as exc:\n                screen = getattr(exc, \"screen\", None)\n                stacktrace = getattr(exc, \"stacktrace\", None)\n            if time.monotonic() > end_time:\n                break\n            time.sleep(self._poll)\n>       raise TimeoutException(message, screen, stacktrace)\nE       selenium.common.exceptions.TimeoutException: Message: \nE       Stacktrace:\nE       Symbols not available. Dumping unresolved backtrace:\nE       \t0x7ff66d2efe35\nE       \t0x7ff66d2efe90\nE       \t0x7ff66d07139d\nE       \t0x7ff66d0c9d8e\nE       \t0x7ff66d0ca09c\nE       \t0x7ff66d11e8d7\nE       \t0x7ff66d11b61b\nE       \t0x7ff66d0bac6d\nE       \t0x7ff66d0bbae3\nE       \t0x7ff66d5ba10d\nE       \t0x7ff66d5b448a\nE       \t0x7ff66d5d5157\nE       \t0x7ff66d30a81e\nE       \t0x7ff66d31262f\nE       \t0x7ff66d2f9324\nE       \t0x7ff66d2f94df\nE       \t0x7ff66d2dee88\nE       \t0x7ff9e6a37374\nE       \t0x7ff9e86dcc91\n\nD:\\Python310\\lib\\site-packages\\selenium\\webdriver\\support\\wait.py:138: TimeoutException","steps":[],"attachments":[{"uid":"96654d505d01793a","name":"test_inTransitInventory_selectcodesuccess_20260113_013700","source":"96654d505d01793a.png","type":"image/png","size":8075},{"uid":"860780f5873fdea8","name":"test_inTransitInventory_selectcodesuccess_20260113_013700","source":"860780f5873fdea8.png","type":"image/png","size":19252},{"uid":"c21a9876c38be495","name":"test_inTransitInventory_selectcodesuccess_20260113_013700","source":"c21a9876c38be495.png","type":"image/png","size":19252},{"uid":"8e47f4ce6764e6e2","name":"test_inTransitInventory_selectcodesuccess_20260113_013700","source":"8e47f4ce6764e6e2.png","type":"image/png","size":19252},{"uid":"652e155e41228710","name":"test_inTransitInventory_selectcodesuccess_20260113_013700","source":"652e155e41228710.png","type":"image/png","size":19252},{"uid":"b255b74d56253217","name":"test_inTransitInventory_selectcodesuccess_20260113_013700","source":"b255b74d56253217.png","type":"image/png","size":19252},{"uid":"3ca1185718ec9e09","name":"test_inTransitInventory_selectcodesuccess_20260113_013700","source":"3ca1185718ec9e09.png","type":"image/png","size":19252},{"uid":"b38394e1fc51f25b","name":"test_inTransitInventory_selectcodesuccess_20260113_013700","source":"b38394e1fc51f25b.png","type":"image/png","size":25727},{"uid":"ffed50ff405ef355","name":"test_inTransitInventory_selectcodesuccess_20260113_013700","source":"ffed50ff405ef355.png","type":"image/png","size":19252},{"uid":"3d6f97905cbaa79d","name":"test_inTransitInventory_selectcodesuccess_20260113_013701","source":"3d6f97905cbaa79d.png","type":"image/png","size":82282},{"uid":"257249cae51fa2cf","name":"log","source":"257249cae51fa2cf.txt","type":"text/plain","size":12061}],"parameters":[],"hasContent":true,"stepsCount":0,"attachmentStep":false,"shouldDisplayMessage":true,"attachmentsCount":11},"afterStages":[{"name":"login_to_item::0","time":{"start":1768239421202,"stop":1768239423370,"duration":2168},"status":"passed","steps":[],"attachments":[],"parameters":[],"hasContent":false,"stepsCount":0,"attachmentStep":false,"shouldDisplayMessage":false,"attachmentsCount":0}],"labels":[{"name":"story","value":"查询物料员代码成功"},{"name":"feature","value":"在途库存测试用例"},{"name":"parentSuite","value":"Tests.test_material"},{"name":"suite","value":"test_inTransitInventory"},{"name":"subSuite","value":"TestItemPage"},{"name":"host","value":"DESKTOP-L7L44NB"},{"name":"thread","value":"11696-MainThread"},{"name":"framework","value":"pytest"},{"name":"language","value":"cpython3"},{"name":"package","value":"Tests.test_material.test_inTransitInventory"},{"name":"resultFormat","value":"allure2"}],"parameters":[],"links":[],"hidden":false,"retry":false,"extra":{"severity":"normal","retries":[{"uid":"2ce310927f1c3ce8","status":"broken","statusDetails":"selenium.common.exceptions.TimeoutException: Message: \nStacktrace:\nSymbols not available. Dumping unresolved backtrace:\n\t0x7ff66d2efe35\n\t0x7ff66d2efe90\n\t0x7ff66d07139d\n\t0x7ff66d0c9d8e\n\t0x7ff66d0ca09c\n\t0x7ff66d11e8d7\n\t0x7ff66d11b61b\n\t0x7ff66d0bac6d\n\t0x7ff66d0bbae3\n\t0x7ff66d5ba10d\n\t0x7ff66d5b448a\n\t0x7ff66d5d5157\n\t0x7ff66d30a81e\n\t0x7ff66d31262f\n\t0x7ff66d2f9324\n\t0x7ff66d2f94df\n\t0x7ff66d2dee88\n\t0x7ff9e6a37374\n\t0x7ff9e86dcc91","time":{"start":1768239356160,"stop":1768239356160,"duration":0}}],"categories":[{"name":"Test defects","matchedStatuses":[]}],"tags":[]},"source":"67ff7d85d33116c4.json","parameterValues":[]}