{"uid":"6ab131efd4470950","name":"test_affairs_process_addsuccess2","fullName":"Tests.test_system.test_affairs.TestAffairsPage#test_affairs_process_addsuccess2","historyId":"c250226a488837d7464c91e970d6857f","time":{"start":1768849230656,"stop":1768849247911,"duration":17255},"status":"broken","statusMessage":"selenium.common.exceptions.TimeoutException: Message: \nStacktrace:\nSymbols not available. Dumping unresolved backtrace:\n\t0x7ff74af1fe35\n\t0x7ff74af1fe90\n\t0x7ff74aca139d\n\t0x7ff74acf9d8e\n\t0x7ff74acfa09c\n\t0x7ff74ad4e8d7\n\t0x7ff74ad4b61b\n\t0x7ff74aceac6d\n\t0x7ff74acebae3\n\t0x7ff74b1ea10d\n\t0x7ff74b1e448a\n\t0x7ff74b205157\n\t0x7ff74af3a81e\n\t0x7ff74af4262f\n\t0x7ff74af29324\n\t0x7ff74af294df\n\t0x7ff74af0ee88\n\t0x7ff9e6a37374\n\t0x7ff9e86dcc91","statusTrace":"self = <test_system.test_affairs.TestAffairsPage object at 0x000001E2FA385600>, login_to_affairs = <selenium.webdriver.chrome.webdriver.WebDriver (session=\"ecf6833dc1b98ca3f302f63d5fce9a84\")>\n\n    @allure.story(\"我的流程-频率为每天，执行顺序为每天执行一次，保存成功\")\n    # @pytest.mark.run(order=1)\n    def test_affairs_process_addsuccess2(self, login_to_affairs):\n        driver = login_to_affairs  # WebDriver 实例\n        affairs = AffairsPage(driver)  # 用 driver 初始化 AffairsPage\n        name = \"测试流程2\"\n        affairs.click_process()\n        affairs.add_process(name=name, type=\"服务\", frequency=\"每天\", time=\"1\")\n        affairs.click_save()\n>       message = affairs.get_find_message()\n\nTests\\test_system\\test_affairs.py:674: \n_ _ _ _ _ _ _ _ _ _ _ _ _ _ _ _ _ _ _ _ _ _ _ _ _ _ _ _ _ _ _ _ _ _ _ _ _ _ _ _ _ _ _ _ _ _ _ _ _ _ _ _ _ _ _ _ _ _ _ _ _ _ _ _ _ _ _ _ _ _ _ _ _ _ _ _ _ _ _ _ _ _ _ _ _ _ _ _ _ _ _ _ _ _ _ _ _ _ _ _ _ _ _ _ _ _ _ _ _ _ _ _ _ _ _ _\nPages\\systemPage\\affairs_page.py:34: in get_find_message\n    message = WebDriverWait(self.driver, 10).until(\n_ _ _ _ _ _ _ _ _ _ _ _ _ _ _ _ _ _ _ _ _ _ _ _ _ _ _ _ _ _ _ _ _ _ _ _ _ _ _ _ _ _ _ _ _ _ _ _ _ _ _ _ _ _ _ _ _ _ _ _ _ _ _ _ _ _ _ _ _ _ _ _ _ _ _ _ _ _ _ _ _ _ _ _ _ _ _ _ _ _ _ _ _ _ _ _ _ _ _ _ _ _ _ _ _ _ _ _ _ _ _ _ _ _ _ _\n\nself = <selenium.webdriver.support.wait.WebDriverWait (session=\"ecf6833dc1b98ca3f302f63d5fce9a84\")>, method = <function visibility_of_element_located.<locals>._predicate at 0x000001E2FC979750>, message = ''\n\n    def until(self, method: Callable[[D], Union[Literal[False], T]], message: str = \"\") -> T:\n        \"\"\"Wait until the method returns a value that is not False.\n    \n        Calls the method provided with the driver as an argument until the\n        return value does not evaluate to ``False``.\n    \n        Parameters:\n        -----------\n        method: callable(WebDriver)\n            - A callable object that takes a WebDriver instance as an argument.\n    \n        message: str\n            - Optional message for :exc:`TimeoutException`\n    \n        Return:\n        -------\n        object: T\n            - The result of the last call to `method`\n    \n        Raises:\n        -------\n        TimeoutException\n            - If 'method' does not return a truthy value within the WebDriverWait\n            object's timeout\n    \n        Example:\n        --------\n        >>> from selenium.webdriver.common.by import By\n        >>> from selenium.webdriver.support.ui import WebDriverWait\n        >>> from selenium.webdriver.support import expected_conditions as EC\n    \n        # Wait until an element is visible on the page\n        >>> wait = WebDriverWait(driver, 10)\n        >>> element = wait.until(EC.visibility_of_element_located((By.ID, \"exampleId\")))\n        >>> print(element.text)\n        \"\"\"\n        screen = None\n        stacktrace = None\n    \n        end_time = time.monotonic() + self._timeout\n        while True:\n            try:\n                value = method(self._driver)\n                if value:\n                    return value\n            except self._ignored_exceptions as exc:\n                screen = getattr(exc, \"screen\", None)\n                stacktrace = getattr(exc, \"stacktrace\", None)\n            if time.monotonic() > end_time:\n                break\n            time.sleep(self._poll)\n>       raise TimeoutException(message, screen, stacktrace)\nE       selenium.common.exceptions.TimeoutException: Message: \nE       Stacktrace:\nE       Symbols not available. Dumping unresolved backtrace:\nE       \t0x7ff74af1fe35\nE       \t0x7ff74af1fe90\nE       \t0x7ff74aca139d\nE       \t0x7ff74acf9d8e\nE       \t0x7ff74acfa09c\nE       \t0x7ff74ad4e8d7\nE       \t0x7ff74ad4b61b\nE       \t0x7ff74aceac6d\nE       \t0x7ff74acebae3\nE       \t0x7ff74b1ea10d\nE       \t0x7ff74b1e448a\nE       \t0x7ff74b205157\nE       \t0x7ff74af3a81e\nE       \t0x7ff74af4262f\nE       \t0x7ff74af29324\nE       \t0x7ff74af294df\nE       \t0x7ff74af0ee88\nE       \t0x7ff9e6a37374\nE       \t0x7ff9e86dcc91\n\nD:\\Python310\\lib\\site-packages\\selenium\\webdriver\\support\\wait.py:138: TimeoutException","flaky":false,"newFailed":false,"newBroken":false,"newPassed":false,"retriesCount":1,"retriesStatusChange":true,"beforeStages":[{"name":"login_to_affairs","time":{"start":1768849214937,"stop":1768849230655,"duration":15718},"status":"passed","steps":[],"attachments":[],"parameters":[],"shouldDisplayMessage":false,"attachmentsCount":0,"attachmentStep":false,"stepsCount":0,"hasContent":false}],"testStage":{"status":"broken","statusMessage":"selenium.common.exceptions.TimeoutException: Message: \nStacktrace:\nSymbols not available. Dumping unresolved backtrace:\n\t0x7ff74af1fe35\n\t0x7ff74af1fe90\n\t0x7ff74aca139d\n\t0x7ff74acf9d8e\n\t0x7ff74acfa09c\n\t0x7ff74ad4e8d7\n\t0x7ff74ad4b61b\n\t0x7ff74aceac6d\n\t0x7ff74acebae3\n\t0x7ff74b1ea10d\n\t0x7ff74b1e448a\n\t0x7ff74b205157\n\t0x7ff74af3a81e\n\t0x7ff74af4262f\n\t0x7ff74af29324\n\t0x7ff74af294df\n\t0x7ff74af0ee88\n\t0x7ff9e6a37374\n\t0x7ff9e86dcc91","statusTrace":"self = <test_system.test_affairs.TestAffairsPage object at 0x000001E2FA385600>, login_to_affairs = <selenium.webdriver.chrome.webdriver.WebDriver (session=\"ecf6833dc1b98ca3f302f63d5fce9a84\")>\n\n    @allure.story(\"我的流程-频率为每天，执行顺序为每天执行一次，保存成功\")\n    # @pytest.mark.run(order=1)\n    def test_affairs_process_addsuccess2(self, login_to_affairs):\n        driver = login_to_affairs  # WebDriver 实例\n        affairs = AffairsPage(driver)  # 用 driver 初始化 AffairsPage\n        name = \"测试流程2\"\n        affairs.click_process()\n        affairs.add_process(name=name, type=\"服务\", frequency=\"每天\", time=\"1\")\n        affairs.click_save()\n>       message = affairs.get_find_message()\n\nTests\\test_system\\test_affairs.py:674: \n_ _ _ _ _ _ _ _ _ _ _ _ _ _ _ _ _ _ _ _ _ _ _ _ _ _ _ _ _ _ _ _ _ _ _ _ _ _ _ _ _ _ _ _ _ _ _ _ _ _ _ _ _ _ _ _ _ _ _ _ _ _ _ _ _ _ _ _ _ _ _ _ _ _ _ _ _ _ _ _ _ _ _ _ _ _ _ _ _ _ _ _ _ _ _ _ _ _ _ _ _ _ _ _ _ _ _ _ _ _ _ _ _ _ _ _\nPages\\systemPage\\affairs_page.py:34: in get_find_message\n    message = WebDriverWait(self.driver, 10).until(\n_ _ _ _ _ _ _ _ _ _ _ _ _ _ _ _ _ _ _ _ _ _ _ _ _ _ _ _ _ _ _ _ _ _ _ _ _ _ _ _ _ _ _ _ _ _ _ _ _ _ _ _ _ _ _ _ _ _ _ _ _ _ _ _ _ _ _ _ _ _ _ _ _ _ _ _ _ _ _ _ _ _ _ _ _ _ _ _ _ _ _ _ _ _ _ _ _ _ _ _ _ _ _ _ _ _ _ _ _ _ _ _ _ _ _ _\n\nself = <selenium.webdriver.support.wait.WebDriverWait (session=\"ecf6833dc1b98ca3f302f63d5fce9a84\")>, method = <function visibility_of_element_located.<locals>._predicate at 0x000001E2FC979750>, message = ''\n\n    def until(self, method: Callable[[D], Union[Literal[False], T]], message: str = \"\") -> T:\n        \"\"\"Wait until the method returns a value that is not False.\n    \n        Calls the method provided with the driver as an argument until the\n        return value does not evaluate to ``False``.\n    \n        Parameters:\n        -----------\n        method: callable(WebDriver)\n            - A callable object that takes a WebDriver instance as an argument.\n    \n        message: str\n            - Optional message for :exc:`TimeoutException`\n    \n        Return:\n        -------\n        object: T\n            - The result of the last call to `method`\n    \n        Raises:\n        -------\n        TimeoutException\n            - If 'method' does not return a truthy value within the WebDriverWait\n            object's timeout\n    \n        Example:\n        --------\n        >>> from selenium.webdriver.common.by import By\n        >>> from selenium.webdriver.support.ui import WebDriverWait\n        >>> from selenium.webdriver.support import expected_conditions as EC\n    \n        # Wait until an element is visible on the page\n        >>> wait = WebDriverWait(driver, 10)\n        >>> element = wait.until(EC.visibility_of_element_located((By.ID, \"exampleId\")))\n        >>> print(element.text)\n        \"\"\"\n        screen = None\n        stacktrace = None\n    \n        end_time = time.monotonic() + self._timeout\n        while True:\n            try:\n                value = method(self._driver)\n                if value:\n                    return value\n            except self._ignored_exceptions as exc:\n                screen = getattr(exc, \"screen\", None)\n                stacktrace = getattr(exc, \"stacktrace\", None)\n            if time.monotonic() > end_time:\n                break\n            time.sleep(self._poll)\n>       raise TimeoutException(message, screen, stacktrace)\nE       selenium.common.exceptions.TimeoutException: Message: \nE       Stacktrace:\nE       Symbols not available. Dumping unresolved backtrace:\nE       \t0x7ff74af1fe35\nE       \t0x7ff74af1fe90\nE       \t0x7ff74aca139d\nE       \t0x7ff74acf9d8e\nE       \t0x7ff74acfa09c\nE       \t0x7ff74ad4e8d7\nE       \t0x7ff74ad4b61b\nE       \t0x7ff74aceac6d\nE       \t0x7ff74acebae3\nE       \t0x7ff74b1ea10d\nE       \t0x7ff74b1e448a\nE       \t0x7ff74b205157\nE       \t0x7ff74af3a81e\nE       \t0x7ff74af4262f\nE       \t0x7ff74af29324\nE       \t0x7ff74af294df\nE       \t0x7ff74af0ee88\nE       \t0x7ff9e6a37374\nE       \t0x7ff9e86dcc91\n\nD:\\Python310\\lib\\site-packages\\selenium\\webdriver\\support\\wait.py:138: TimeoutException","steps":[],"attachments":[{"uid":"4c67c862acf4a9e8","name":"test_affairs_process_addsuccess2_20260120_030048","source":"4c67c862acf4a9e8.png","type":"image/png","size":116691},{"uid":"9b0acf8ca02197c2","name":"test_affairs_process_addsuccess2_20260120_030048","source":"9b0acf8ca02197c2.png","type":"image/png","size":116691},{"uid":"5e47d891134a4060","name":"test_affairs_process_addsuccess2_20260120_030048","source":"5e47d891134a4060.png","type":"image/png","size":80955},{"uid":"c20da02c13db6797","name":"log","source":"c20da02c13db6797.txt","type":"text/plain","size":5694}],"parameters":[],"shouldDisplayMessage":true,"attachmentsCount":4,"attachmentStep":false,"stepsCount":0,"hasContent":true},"afterStages":[{"name":"login_to_affairs::0","time":{"start":1768849248472,"stop":1768849250614,"duration":2142},"status":"passed","steps":[],"attachments":[],"parameters":[],"shouldDisplayMessage":false,"attachmentsCount":0,"attachmentStep":false,"stepsCount":0,"hasContent":false}],"labels":[{"name":"story","value":"我的流程-频率为每天，执行顺序为每天执行一次，保存成功"},{"name":"feature","value":"事务管理页用例"},{"name":"parentSuite","value":"Tests.test_system"},{"name":"suite","value":"test_affairs"},{"name":"subSuite","value":"TestAffairsPage"},{"name":"host","value":"DESKTOP-L7L44NB"},{"name":"thread","value":"1124-MainThread"},{"name":"framework","value":"pytest"},{"name":"language","value":"cpython3"},{"name":"package","value":"Tests.test_system.test_affairs"},{"name":"resultFormat","value":"allure2"}],"parameters":[],"links":[],"hidden":false,"retry":false,"extra":{"severity":"normal","retries":[{"uid":"1051832e6976e270","status":"failed","statusDetails":"AssertionError: assert ('\\u65b0\\u589e...0\\u529f\\uff01' == '\\u65b0\\u589e...0\\u529f\\uff01'\n  \n  \u001B[0m\u001B[90m \u001B[39;49;00m 新增成功！\u001B[90m\u001B[39;49;00m and 0 == 1)\n +  where 0 = len([])","time":{"start":1768849201750,"stop":1768849212392,"duration":10642}}],"categories":[{"name":"Test defects","matchedStatuses":[]}],"tags":[]},"source":"6ab131efd4470950.json","parameterValues":[]}