{"uid":"6c7d98edb60485bf","name":"test_apps_addfail1","fullName":"Tests.test_system.test_apps.TestSAppsPage#test_apps_addfail1","historyId":"828ab8be2243e2fc7e63779808fb01f1","time":{"start":1768510737203,"stop":1768510759124,"duration":21921},"status":"broken","statusMessage":"selenium.common.exceptions.TimeoutException: Message: \nStacktrace:\nSymbols not available. Dumping unresolved backtrace:\n\t0x7ff63975fe35\n\t0x7ff63975fe90\n\t0x7ff6394e139d\n\t0x7ff639539d8e\n\t0x7ff63953a09c\n\t0x7ff63958e8d7\n\t0x7ff63958b61b\n\t0x7ff63952ac6d\n\t0x7ff63952bae3\n\t0x7ff639a2a10d\n\t0x7ff639a2448a\n\t0x7ff639a45157\n\t0x7ff63977a81e\n\t0x7ff63978262f\n\t0x7ff639769324\n\t0x7ff6397694df\n\t0x7ff63974ee88\n\t0x7ff9e6a37374\n\t0x7ff9e86dcc91","statusTrace":"self = <test_system.test_apps.TestSAppsPage object at 0x000002020A1E7760>, login_to_apps = <selenium.webdriver.chrome.webdriver.WebDriver (session=\"57ed81d235126bba47b82fc4d0fa3f6a\")>\n\n    @allure.story(\"新增直接点击保存不允许添加\")\n    # @pytest.mark.run(order=1)\n    def test_apps_addfail1(self, login_to_apps):\n        driver = login_to_apps  # WebDriver 实例\n        apps = AppsPage(driver)  # 用 driver 初始化 ExpressionPage\n        layout = \"测试布局A\"\n        apps.add_layout(layout)\n        # 获取布局名称的文本元素\n        name = apps.get_find_element_xpath(\n            f'//div[@class=\"tabsDivItemCon\"]/div[text()=\" {layout} \"]'\n        ).text\n        sleep(1)\n        apps.click_all_button(\"新增\")\n        sleep(1)\n        apps.click_save_button()\n>       message = apps.get_error_message()\n\nTests\\test_system\\test_apps.py:79: \n_ _ _ _ _ _ _ _ _ _ _ _ _ _ _ _ _ _ _ _ _ _ _ _ _ _ _ _ _ _ _ _ _ _ _ _ _ _ _ _ _ _ _ _ _ _ _ _ _ _ _ _ _ _ _ _ _ _ _ _ _ _ _ _ _ _ _ _ _ _ _ _ _ _ _ _ _ _ _ _ _ _ _ _ _ _ _ _ _ _ _ _ _ _ _ _ _ _ _ _ _ _ _ _ _ _ _ _ _ _ _ _ _ _ _ _\nPages\\systemPage\\apps_page.py:44: in get_error_message\n    message = WebDriverWait(self.driver, 10).until(\n_ _ _ _ _ _ _ _ _ _ _ _ _ _ _ _ _ _ _ _ _ _ _ _ _ _ _ _ _ _ _ _ _ _ _ _ _ _ _ _ _ _ _ _ _ _ _ _ _ _ _ _ _ _ _ _ _ _ _ _ _ _ _ _ _ _ _ _ _ _ _ _ _ _ _ _ _ _ _ _ _ _ _ _ _ _ _ _ _ _ _ _ _ _ _ _ _ _ _ _ _ _ _ _ _ _ _ _ _ _ _ _ _ _ _ _\n\nself = <selenium.webdriver.support.wait.WebDriverWait (session=\"57ed81d235126bba47b82fc4d0fa3f6a\")>, method = <function visibility_of_element_located.<locals>._predicate at 0x000002020CA2FF40>, message = ''\n\n    def until(self, method: Callable[[D], Union[Literal[False], T]], message: str = \"\") -> T:\n        \"\"\"Wait until the method returns a value that is not False.\n    \n        Calls the method provided with the driver as an argument until the\n        return value does not evaluate to ``False``.\n    \n        Parameters:\n        -----------\n        method: callable(WebDriver)\n            - A callable object that takes a WebDriver instance as an argument.\n    \n        message: str\n            - Optional message for :exc:`TimeoutException`\n    \n        Return:\n        -------\n        object: T\n            - The result of the last call to `method`\n    \n        Raises:\n        -------\n        TimeoutException\n            - If 'method' does not return a truthy value within the WebDriverWait\n            object's timeout\n    \n        Example:\n        --------\n        >>> from selenium.webdriver.common.by import By\n        >>> from selenium.webdriver.support.ui import WebDriverWait\n        >>> from selenium.webdriver.support import expected_conditions as EC\n    \n        # Wait until an element is visible on the page\n        >>> wait = WebDriverWait(driver, 10)\n        >>> element = wait.until(EC.visibility_of_element_located((By.ID, \"exampleId\")))\n        >>> print(element.text)\n        \"\"\"\n        screen = None\n        stacktrace = None\n    \n        end_time = time.monotonic() + self._timeout\n        while True:\n            try:\n                value = method(self._driver)\n                if value:\n                    return value\n            except self._ignored_exceptions as exc:\n                screen = getattr(exc, \"screen\", None)\n                stacktrace = getattr(exc, \"stacktrace\", None)\n            if time.monotonic() > end_time:\n                break\n            time.sleep(self._poll)\n>       raise TimeoutException(message, screen, stacktrace)\nE       selenium.common.exceptions.TimeoutException: Message: \nE       Stacktrace:\nE       Symbols not available. Dumping unresolved backtrace:\nE       \t0x7ff63975fe35\nE       \t0x7ff63975fe90\nE       \t0x7ff6394e139d\nE       \t0x7ff639539d8e\nE       \t0x7ff63953a09c\nE       \t0x7ff63958e8d7\nE       \t0x7ff63958b61b\nE       \t0x7ff63952ac6d\nE       \t0x7ff63952bae3\nE       \t0x7ff639a2a10d\nE       \t0x7ff639a2448a\nE       \t0x7ff639a45157\nE       \t0x7ff63977a81e\nE       \t0x7ff63978262f\nE       \t0x7ff639769324\nE       \t0x7ff6397694df\nE       \t0x7ff63974ee88\nE       \t0x7ff9e6a37374\nE       \t0x7ff9e86dcc91\n\nD:\\Python310\\lib\\site-packages\\selenium\\webdriver\\support\\wait.py:138: TimeoutException","flaky":false,"newFailed":false,"newBroken":false,"newPassed":false,"retriesCount":0,"retriesStatusChange":false,"beforeStages":[{"name":"login_to_apps","time":{"start":1768510723927,"stop":1768510737202,"duration":13275},"status":"passed","steps":[],"attachments":[],"parameters":[],"stepsCount":0,"attachmentStep":false,"hasContent":false,"shouldDisplayMessage":false,"attachmentsCount":0}],"testStage":{"status":"broken","statusMessage":"selenium.common.exceptions.TimeoutException: Message: \nStacktrace:\nSymbols not available. Dumping unresolved backtrace:\n\t0x7ff63975fe35\n\t0x7ff63975fe90\n\t0x7ff6394e139d\n\t0x7ff639539d8e\n\t0x7ff63953a09c\n\t0x7ff63958e8d7\n\t0x7ff63958b61b\n\t0x7ff63952ac6d\n\t0x7ff63952bae3\n\t0x7ff639a2a10d\n\t0x7ff639a2448a\n\t0x7ff639a45157\n\t0x7ff63977a81e\n\t0x7ff63978262f\n\t0x7ff639769324\n\t0x7ff6397694df\n\t0x7ff63974ee88\n\t0x7ff9e6a37374\n\t0x7ff9e86dcc91","statusTrace":"self = <test_system.test_apps.TestSAppsPage object at 0x000002020A1E7760>, login_to_apps = <selenium.webdriver.chrome.webdriver.WebDriver (session=\"57ed81d235126bba47b82fc4d0fa3f6a\")>\n\n    @allure.story(\"新增直接点击保存不允许添加\")\n    # @pytest.mark.run(order=1)\n    def test_apps_addfail1(self, login_to_apps):\n        driver = login_to_apps  # WebDriver 实例\n        apps = AppsPage(driver)  # 用 driver 初始化 ExpressionPage\n        layout = \"测试布局A\"\n        apps.add_layout(layout)\n        # 获取布局名称的文本元素\n        name = apps.get_find_element_xpath(\n            f'//div[@class=\"tabsDivItemCon\"]/div[text()=\" {layout} \"]'\n        ).text\n        sleep(1)\n        apps.click_all_button(\"新增\")\n        sleep(1)\n        apps.click_save_button()\n>       message = apps.get_error_message()\n\nTests\\test_system\\test_apps.py:79: \n_ _ _ _ _ _ _ _ _ _ _ _ _ _ _ _ _ _ _ _ _ _ _ _ _ _ _ _ _ _ _ _ _ _ _ _ _ _ _ _ _ _ _ _ _ _ _ _ _ _ _ _ _ _ _ _ _ _ _ _ _ _ _ _ _ _ _ _ _ _ _ _ _ _ _ _ _ _ _ _ _ _ _ _ _ _ _ _ _ _ _ _ _ _ _ _ _ _ _ _ _ _ _ _ _ _ _ _ _ _ _ _ _ _ _ _\nPages\\systemPage\\apps_page.py:44: in get_error_message\n    message = WebDriverWait(self.driver, 10).until(\n_ _ _ _ _ _ _ _ _ _ _ _ _ _ _ _ _ _ _ _ _ _ _ _ _ _ _ _ _ _ _ _ _ _ _ _ _ _ _ _ _ _ _ _ _ _ _ _ _ _ _ _ _ _ _ _ _ _ _ _ _ _ _ _ _ _ _ _ _ _ _ _ _ _ _ _ _ _ _ _ _ _ _ _ _ _ _ _ _ _ _ _ _ _ _ _ _ _ _ _ _ _ _ _ _ _ _ _ _ _ _ _ _ _ _ _\n\nself = <selenium.webdriver.support.wait.WebDriverWait (session=\"57ed81d235126bba47b82fc4d0fa3f6a\")>, method = <function visibility_of_element_located.<locals>._predicate at 0x000002020CA2FF40>, message = ''\n\n    def until(self, method: Callable[[D], Union[Literal[False], T]], message: str = \"\") -> T:\n        \"\"\"Wait until the method returns a value that is not False.\n    \n        Calls the method provided with the driver as an argument until the\n        return value does not evaluate to ``False``.\n    \n        Parameters:\n        -----------\n        method: callable(WebDriver)\n            - A callable object that takes a WebDriver instance as an argument.\n    \n        message: str\n            - Optional message for :exc:`TimeoutException`\n    \n        Return:\n        -------\n        object: T\n            - The result of the last call to `method`\n    \n        Raises:\n        -------\n        TimeoutException\n            - If 'method' does not return a truthy value within the WebDriverWait\n            object's timeout\n    \n        Example:\n        --------\n        >>> from selenium.webdriver.common.by import By\n        >>> from selenium.webdriver.support.ui import WebDriverWait\n        >>> from selenium.webdriver.support import expected_conditions as EC\n    \n        # Wait until an element is visible on the page\n        >>> wait = WebDriverWait(driver, 10)\n        >>> element = wait.until(EC.visibility_of_element_located((By.ID, \"exampleId\")))\n        >>> print(element.text)\n        \"\"\"\n        screen = None\n        stacktrace = None\n    \n        end_time = time.monotonic() + self._timeout\n        while True:\n            try:\n                value = method(self._driver)\n                if value:\n                    return value\n            except self._ignored_exceptions as exc:\n                screen = getattr(exc, \"screen\", None)\n                stacktrace = getattr(exc, \"stacktrace\", None)\n            if time.monotonic() > end_time:\n                break\n            time.sleep(self._poll)\n>       raise TimeoutException(message, screen, stacktrace)\nE       selenium.common.exceptions.TimeoutException: Message: \nE       Stacktrace:\nE       Symbols not available. Dumping unresolved backtrace:\nE       \t0x7ff63975fe35\nE       \t0x7ff63975fe90\nE       \t0x7ff6394e139d\nE       \t0x7ff639539d8e\nE       \t0x7ff63953a09c\nE       \t0x7ff63958e8d7\nE       \t0x7ff63958b61b\nE       \t0x7ff63952ac6d\nE       \t0x7ff63952bae3\nE       \t0x7ff639a2a10d\nE       \t0x7ff639a2448a\nE       \t0x7ff639a45157\nE       \t0x7ff63977a81e\nE       \t0x7ff63978262f\nE       \t0x7ff639769324\nE       \t0x7ff6397694df\nE       \t0x7ff63974ee88\nE       \t0x7ff9e6a37374\nE       \t0x7ff9e86dcc91\n\nD:\\Python310\\lib\\site-packages\\selenium\\webdriver\\support\\wait.py:138: TimeoutException","steps":[],"attachments":[{"uid":"ea228c96b4fcac9c","name":"test_apps_addfail1_20260116_045919","source":"ea228c96b4fcac9c.png","type":"image/png","size":88073},{"uid":"59c4bf2974e9748","name":"test_apps_addfail1_20260116_045919","source":"59c4bf2974e9748.png","type":"image/png","size":88073},{"uid":"a5d21e903e9eafb9","name":"test_apps_addfail1_20260116_045919","source":"a5d21e903e9eafb9.png","type":"image/png","size":126669},{"uid":"24b3e2b8d5c7b5ba","name":"log","source":"24b3e2b8d5c7b5ba.txt","type":"text/plain","size":3150}],"parameters":[],"stepsCount":0,"attachmentStep":false,"hasContent":true,"shouldDisplayMessage":true,"attachmentsCount":4},"afterStages":[{"name":"login_to_apps::0","time":{"start":1768511258446,"stop":1768511260605,"duration":2159},"status":"passed","steps":[],"attachments":[],"parameters":[],"stepsCount":0,"attachmentStep":false,"hasContent":false,"shouldDisplayMessage":false,"attachmentsCount":0}],"labels":[{"name":"feature","value":"应用管理页用例"},{"name":"story","value":"新增直接点击保存不允许添加"},{"name":"parentSuite","value":"Tests.test_system"},{"name":"suite","value":"test_apps"},{"name":"subSuite","value":"TestSAppsPage"},{"name":"host","value":"DESKTOP-L7L44NB"},{"name":"thread","value":"23052-MainThread"},{"name":"framework","value":"pytest"},{"name":"language","value":"cpython3"},{"name":"package","value":"Tests.test_system.test_apps"},{"name":"resultFormat","value":"allure2"}],"parameters":[],"links":[],"hidden":true,"retry":true,"extra":{"categories":[],"tags":[]},"source":"6c7d98edb60485bf.json","parameterValues":[]}