{"uid":"743c36ab9a153b7f","name":"test_affairs_log_sel3","fullName":"Tests.test_system.test_affairs.TestAffairsPage#test_affairs_log_sel3","historyId":"cccf4ab41891acb1a4334d230911651d","time":{"start":1769802354877,"stop":1769802376151,"duration":21274},"status":"failed","statusMessage":"AssertionError: assert not True\n +  where True = has_fail_message()\n +    where has_fail_message = <Pages.systemPage.affairs_page.AffairsPage object at 0x0000021E32AEAE00>.has_fail_message","statusTrace":"self = <test_system.test_affairs.TestAffairsPage object at 0x0000021E30A41A50>, login_to_affairs = <selenium.webdriver.chrome.webdriver.WebDriver (session=\"e0b5c6adac50daa9e8c347a3711845db\")>\n\n    @allure.story(\"流程日志-执行执行状态执行成功搜索成功\")\n    def test_affairs_log_sel3(self, login_to_affairs):\n        driver = login_to_affairs  # WebDriver 实例\n        affairs = AffairsPage(driver)  # 用 driver 初始化 AffairsPage\n        ptype = \"执行失败\"\n        num = 1000\n        affairs.click_process_log()\n        affairs.click_paging(num)\n        sleep(1)\n        affairs.sel_log_all(ptype=ptype)\n        list_ = []\n        cells = driver.find_elements(By.XPATH, '(//table[@class=\"el-table__body\"])[2]//tr/td[2]')\n        for cell in cells:\n            list_.append(cell.text)\n        affairs.click_reset_button()\n        assert all(ptype == t for t in list_)\n>       assert not affairs.has_fail_message()\nE       assert not True\nE        +  where True = has_fail_message()\nE        +    where has_fail_message = <Pages.systemPage.affairs_page.AffairsPage object at 0x0000021E32AEAE00>.has_fail_message\n\nTests\\test_system\\test_affairs.py:1432: AssertionError","flaky":false,"newFailed":false,"newBroken":false,"newPassed":false,"retriesCount":0,"retriesStatusChange":false,"beforeStages":[{"name":"login_to_affairs","time":{"start":1769801410701,"stop":1769801425305,"duration":14604},"status":"passed","steps":[],"attachments":[],"parameters":[],"attachmentsCount":0,"shouldDisplayMessage":false,"hasContent":false,"attachmentStep":false,"stepsCount":0}],"testStage":{"status":"failed","statusMessage":"AssertionError: assert not True\n +  where True = has_fail_message()\n +    where has_fail_message = <Pages.systemPage.affairs_page.AffairsPage object at 0x0000021E32AEAE00>.has_fail_message","statusTrace":"self = <test_system.test_affairs.TestAffairsPage object at 0x0000021E30A41A50>, login_to_affairs = <selenium.webdriver.chrome.webdriver.WebDriver (session=\"e0b5c6adac50daa9e8c347a3711845db\")>\n\n    @allure.story(\"流程日志-执行执行状态执行成功搜索成功\")\n    def test_affairs_log_sel3(self, login_to_affairs):\n        driver = login_to_affairs  # WebDriver 实例\n        affairs = AffairsPage(driver)  # 用 driver 初始化 AffairsPage\n        ptype = \"执行失败\"\n        num = 1000\n        affairs.click_process_log()\n        affairs.click_paging(num)\n        sleep(1)\n        affairs.sel_log_all(ptype=ptype)\n        list_ = []\n        cells = driver.find_elements(By.XPATH, '(//table[@class=\"el-table__body\"])[2]//tr/td[2]')\n        for cell in cells:\n            list_.append(cell.text)\n        affairs.click_reset_button()\n        assert all(ptype == t for t in list_)\n>       assert not affairs.has_fail_message()\nE       assert not True\nE        +  where True = has_fail_message()\nE        +    where has_fail_message = <Pages.systemPage.affairs_page.AffairsPage object at 0x0000021E32AEAE00>.has_fail_message\n\nTests\\test_system\\test_affairs.py:1432: AssertionError","steps":[],"attachments":[{"uid":"f9184294aa89e9b2","name":"test_affairs_log_sel3_20260131_034616","source":"f9184294aa89e9b2.png","type":"image/png","size":155921},{"uid":"ed52fd68dcc66c3a","name":"test_affairs_log_sel3_20260131_034616","source":"ed52fd68dcc66c3a.png","type":"image/png","size":155921},{"uid":"63483a58d3c198d6","name":"test_affairs_log_sel3_20260131_034616","source":"63483a58d3c198d6.png","type":"image/png","size":77992},{"uid":"5c3df0b37a882e26","name":"test_affairs_log_sel3_20260131_034616","source":"5c3df0b37a882e26.png","type":"image/png","size":259056},{"uid":"6e1e27d36b775620","name":"test_affairs_log_sel3_20260131_034616","source":"6e1e27d36b775620.png","type":"image/png","size":115168},{"uid":"407908345c41c785","name":"log","source":"407908345c41c785.txt","type":"text/plain","size":2354}],"parameters":[],"attachmentsCount":6,"shouldDisplayMessage":true,"hasContent":true,"attachmentStep":false,"stepsCount":0},"afterStages":[{"name":"login_to_affairs::0","time":{"start":1769802676021,"stop":1769802678241,"duration":2220},"status":"passed","steps":[],"attachments":[],"parameters":[],"attachmentsCount":0,"shouldDisplayMessage":false,"hasContent":false,"attachmentStep":false,"stepsCount":0}],"labels":[{"name":"feature","value":"事务管理页用例"},{"name":"story","value":"流程日志-执行执行状态执行成功搜索成功"},{"name":"parentSuite","value":"Tests.test_system"},{"name":"suite","value":"test_affairs"},{"name":"subSuite","value":"TestAffairsPage"},{"name":"host","value":"DESKTOP-L7L44NB"},{"name":"thread","value":"24728-MainThread"},{"name":"framework","value":"pytest"},{"name":"language","value":"cpython3"},{"name":"package","value":"Tests.test_system.test_affairs"},{"name":"resultFormat","value":"allure2"}],"parameters":[],"links":[],"hidden":true,"retry":true,"extra":{"categories":[],"tags":[]},"source":"743c36ab9a153b7f.json","parameterValues":[]}