{"uid":"79dc99972243c0b1","name":"test_changespec_selectcodesuccess","fullName":"Tests.test_items.test_changespec.TestChangeSpecPage#test_changespec_selectcodesuccess","historyId":"f6ec98a4d5a1ba8709197cb9610ac554","time":{"start":1764863464858,"stop":1764863477104,"duration":12246},"status":"broken","statusMessage":"selenium.common.exceptions.TimeoutException: Message: \nStacktrace:\nSymbols not available. Dumping unresolved backtrace:\n\t0x7ff6f6d5fe35\n\t0x7ff6f6d5fe90\n\t0x7ff6f6ae139d\n\t0x7ff6f6b39d8e\n\t0x7ff6f6b3a09c\n\t0x7ff6f6b8e8d7\n\t0x7ff6f6b8b61b\n\t0x7ff6f6b2ac6d\n\t0x7ff6f6b2bae3\n\t0x7ff6f702a10d\n\t0x7ff6f702448a\n\t0x7ff6f7045157\n\t0x7ff6f6d7a81e\n\t0x7ff6f6d8262f\n\t0x7ff6f6d69324\n\t0x7ff6f6d694df\n\t0x7ff6f6d4ee88\n\t0x7ffc369c7374\n\t0x7ffc382fcc91","statusTrace":"self = <test_items.test_changespec.TestChangeSpecPage object at 0x000001676A4845E0>, login_to_changespec = <selenium.webdriver.chrome.webdriver.WebDriver (session=\"91bc73792839cb5a225cde42d146020f\")>\n\n    @allure.story(\"查询资源成功\")\n    # @pytest.mark.run(order=1)\n    def test_changespec_selectcodesuccess(self, login_to_changespec):\n        driver = login_to_changespec  # WebDriver 实例\n        change = ChangeR(driver)  # 用 driver 初始化 ChangeR\n        sleep(2)\n>       after = change.get_find_element_xpath(\n            '(//table[@class=\"vxe-table--body\"])[2]//tr[2]/td[2]'\n        ).text\n\nTests\\test_items\\test_changespec.py:912: \n_ _ _ _ _ _ _ _ _ _ _ _ _ _ _ _ _ _ _ _ _ _ _ _ _ _ _ _ _ _ _ _ _ _ _ _ _ _ _ _ _ _ _ _ _ _ _ _ _ _ _ _ _ _ _ _ _ _ _ _ _ _ _ _ _ _ _ _ _ _ _ _ _ _ _ _ _ _ _ _ _ _ _ _ _ _ _ _ _ _ _ _ _ _ _ _ _ _ _ _ _ _ _ _ _ _ _ _ _ _ _ _ _ _ _ _\nPages\\itemsPage\\changeR_page.py:47: in get_find_element_xpath\n    return self.find_element(By.XPATH, xpath)\nPages\\base_page.py:28: in find_element\n    return WebDriverWait(self.driver, wait_time).until(\n_ _ _ _ _ _ _ _ _ _ _ _ _ _ _ _ _ _ _ _ _ _ _ _ _ _ _ _ _ _ _ _ _ _ _ _ _ _ _ _ _ _ _ _ _ _ _ _ _ _ _ _ _ _ _ _ _ _ _ _ _ _ _ _ _ _ _ _ _ _ _ _ _ _ _ _ _ _ _ _ _ _ _ _ _ _ _ _ _ _ _ _ _ _ _ _ _ _ _ _ _ _ _ _ _ _ _ _ _ _ _ _ _ _ _ _\n\nself = <selenium.webdriver.support.wait.WebDriverWait (session=\"91bc73792839cb5a225cde42d146020f\")>, method = <function presence_of_element_located.<locals>._predicate at 0x000001676B56AE60>, message = ''\n\n    def until(self, method: Callable[[D], Union[Literal[False], T]], message: str = \"\") -> T:\n        \"\"\"Wait until the method returns a value that is not False.\n    \n        Calls the method provided with the driver as an argument until the\n        return value does not evaluate to ``False``.\n    \n        Parameters:\n        -----------\n        method: callable(WebDriver)\n            - A callable object that takes a WebDriver instance as an argument.\n    \n        message: str\n            - Optional message for :exc:`TimeoutException`\n    \n        Return:\n        -------\n        object: T\n            - The result of the last call to `method`\n    \n        Raises:\n        -------\n        TimeoutException\n            - If 'method' does not return a truthy value within the WebDriverWait\n            object's timeout\n    \n        Example:\n        --------\n        >>> from selenium.webdriver.common.by import By\n        >>> from selenium.webdriver.support.ui import WebDriverWait\n        >>> from selenium.webdriver.support import expected_conditions as EC\n    \n        # Wait until an element is visible on the page\n        >>> wait = WebDriverWait(driver, 10)\n        >>> element = wait.until(EC.visibility_of_element_located((By.ID, \"exampleId\")))\n        >>> print(element.text)\n        \"\"\"\n        screen = None\n        stacktrace = None\n    \n        end_time = time.monotonic() + self._timeout\n        while True:\n            try:\n                value = method(self._driver)\n                if value:\n                    return value\n            except self._ignored_exceptions as exc:\n                screen = getattr(exc, \"screen\", None)\n                stacktrace = getattr(exc, \"stacktrace\", None)\n            if time.monotonic() > end_time:\n                break\n            time.sleep(self._poll)\n>       raise TimeoutException(message, screen, stacktrace)\nE       selenium.common.exceptions.TimeoutException: Message: \nE       Stacktrace:\nE       Symbols not available. Dumping unresolved backtrace:\nE       \t0x7ff6f6d5fe35\nE       \t0x7ff6f6d5fe90\nE       \t0x7ff6f6ae139d\nE       \t0x7ff6f6b39d8e\nE       \t0x7ff6f6b3a09c\nE       \t0x7ff6f6b8e8d7\nE       \t0x7ff6f6b8b61b\nE       \t0x7ff6f6b2ac6d\nE       \t0x7ff6f6b2bae3\nE       \t0x7ff6f702a10d\nE       \t0x7ff6f702448a\nE       \t0x7ff6f7045157\nE       \t0x7ff6f6d7a81e\nE       \t0x7ff6f6d8262f\nE       \t0x7ff6f6d69324\nE       \t0x7ff6f6d694df\nE       \t0x7ff6f6d4ee88\nE       \t0x7ffc369c7374\nE       \t0x7ffc382fcc91\n\nD:\\Python310\\lib\\site-packages\\selenium\\webdriver\\support\\wait.py:138: TimeoutException","flaky":false,"newFailed":false,"newBroken":false,"newPassed":false,"retriesCount":1,"retriesStatusChange":false,"beforeStages":[{"name":"login_to_changespec","time":{"start":1764863448695,"stop":1764863464857,"duration":16162},"status":"passed","steps":[],"attachments":[],"parameters":[],"hasContent":false,"attachmentStep":false,"stepsCount":0,"shouldDisplayMessage":false,"attachmentsCount":0}],"testStage":{"status":"broken","statusMessage":"selenium.common.exceptions.TimeoutException: Message: \nStacktrace:\nSymbols not available. Dumping unresolved backtrace:\n\t0x7ff6f6d5fe35\n\t0x7ff6f6d5fe90\n\t0x7ff6f6ae139d\n\t0x7ff6f6b39d8e\n\t0x7ff6f6b3a09c\n\t0x7ff6f6b8e8d7\n\t0x7ff6f6b8b61b\n\t0x7ff6f6b2ac6d\n\t0x7ff6f6b2bae3\n\t0x7ff6f702a10d\n\t0x7ff6f702448a\n\t0x7ff6f7045157\n\t0x7ff6f6d7a81e\n\t0x7ff6f6d8262f\n\t0x7ff6f6d69324\n\t0x7ff6f6d694df\n\t0x7ff6f6d4ee88\n\t0x7ffc369c7374\n\t0x7ffc382fcc91","statusTrace":"self = <test_items.test_changespec.TestChangeSpecPage object at 0x000001676A4845E0>, login_to_changespec = <selenium.webdriver.chrome.webdriver.WebDriver (session=\"91bc73792839cb5a225cde42d146020f\")>\n\n    @allure.story(\"查询资源成功\")\n    # @pytest.mark.run(order=1)\n    def test_changespec_selectcodesuccess(self, login_to_changespec):\n        driver = login_to_changespec  # WebDriver 实例\n        change = ChangeR(driver)  # 用 driver 初始化 ChangeR\n        sleep(2)\n>       after = change.get_find_element_xpath(\n            '(//table[@class=\"vxe-table--body\"])[2]//tr[2]/td[2]'\n        ).text\n\nTests\\test_items\\test_changespec.py:912: \n_ _ _ _ _ _ _ _ _ _ _ _ _ _ _ _ _ _ _ _ _ _ _ _ _ _ _ _ _ _ _ _ _ _ _ _ _ _ _ _ _ _ _ _ _ _ _ _ _ _ _ _ _ _ _ _ _ _ _ _ _ _ _ _ _ _ _ _ _ _ _ _ _ _ _ _ _ _ _ _ _ _ _ _ _ _ _ _ _ _ _ _ _ _ _ _ _ _ _ _ _ _ _ _ _ _ _ _ _ _ _ _ _ _ _ _\nPages\\itemsPage\\changeR_page.py:47: in get_find_element_xpath\n    return self.find_element(By.XPATH, xpath)\nPages\\base_page.py:28: in find_element\n    return WebDriverWait(self.driver, wait_time).until(\n_ _ _ _ _ _ _ _ _ _ _ _ _ _ _ _ _ _ _ _ _ _ _ _ _ _ _ _ _ _ _ _ _ _ _ _ _ _ _ _ _ _ _ _ _ _ _ _ _ _ _ _ _ _ _ _ _ _ _ _ _ _ _ _ _ _ _ _ _ _ _ _ _ _ _ _ _ _ _ _ _ _ _ _ _ _ _ _ _ _ _ _ _ _ _ _ _ _ _ _ _ _ _ _ _ _ _ _ _ _ _ _ _ _ _ _\n\nself = <selenium.webdriver.support.wait.WebDriverWait (session=\"91bc73792839cb5a225cde42d146020f\")>, method = <function presence_of_element_located.<locals>._predicate at 0x000001676B56AE60>, message = ''\n\n    def until(self, method: Callable[[D], Union[Literal[False], T]], message: str = \"\") -> T:\n        \"\"\"Wait until the method returns a value that is not False.\n    \n        Calls the method provided with the driver as an argument until the\n        return value does not evaluate to ``False``.\n    \n        Parameters:\n        -----------\n        method: callable(WebDriver)\n            - A callable object that takes a WebDriver instance as an argument.\n    \n        message: str\n            - Optional message for :exc:`TimeoutException`\n    \n        Return:\n        -------\n        object: T\n            - The result of the last call to `method`\n    \n        Raises:\n        -------\n        TimeoutException\n            - If 'method' does not return a truthy value within the WebDriverWait\n            object's timeout\n    \n        Example:\n        --------\n        >>> from selenium.webdriver.common.by import By\n        >>> from selenium.webdriver.support.ui import WebDriverWait\n        >>> from selenium.webdriver.support import expected_conditions as EC\n    \n        # Wait until an element is visible on the page\n        >>> wait = WebDriverWait(driver, 10)\n        >>> element = wait.until(EC.visibility_of_element_located((By.ID, \"exampleId\")))\n        >>> print(element.text)\n        \"\"\"\n        screen = None\n        stacktrace = None\n    \n        end_time = time.monotonic() + self._timeout\n        while True:\n            try:\n                value = method(self._driver)\n                if value:\n                    return value\n            except self._ignored_exceptions as exc:\n                screen = getattr(exc, \"screen\", None)\n                stacktrace = getattr(exc, \"stacktrace\", None)\n            if time.monotonic() > end_time:\n                break\n            time.sleep(self._poll)\n>       raise TimeoutException(message, screen, stacktrace)\nE       selenium.common.exceptions.TimeoutException: Message: \nE       Stacktrace:\nE       Symbols not available. Dumping unresolved backtrace:\nE       \t0x7ff6f6d5fe35\nE       \t0x7ff6f6d5fe90\nE       \t0x7ff6f6ae139d\nE       \t0x7ff6f6b39d8e\nE       \t0x7ff6f6b3a09c\nE       \t0x7ff6f6b8e8d7\nE       \t0x7ff6f6b8b61b\nE       \t0x7ff6f6b2ac6d\nE       \t0x7ff6f6b2bae3\nE       \t0x7ff6f702a10d\nE       \t0x7ff6f702448a\nE       \t0x7ff6f7045157\nE       \t0x7ff6f6d7a81e\nE       \t0x7ff6f6d8262f\nE       \t0x7ff6f6d69324\nE       \t0x7ff6f6d694df\nE       \t0x7ff6f6d4ee88\nE       \t0x7ffc369c7374\nE       \t0x7ffc382fcc91\n\nD:\\Python310\\lib\\site-packages\\selenium\\webdriver\\support\\wait.py:138: TimeoutException","steps":[],"attachments":[{"uid":"eca02426871032c","name":"test_changespec_selectcodesuccess_failure","source":"eca02426871032c.png","type":"image/png","size":73307},{"uid":"dedd0632a12bf0d6","name":"test_changespec_selectcodesuccess_source","source":"dedd0632a12bf0d6.html","type":"text/html","size":1025281},{"uid":"fd4056e54d4a06c2","name":"log","source":"fd4056e54d4a06c2.txt","type":"text/plain","size":2755}],"parameters":[],"hasContent":true,"attachmentStep":false,"stepsCount":0,"shouldDisplayMessage":true,"attachmentsCount":3},"afterStages":[{"name":"login_to_changespec::0","time":{"start":1764863477367,"stop":1764863479491,"duration":2124},"status":"passed","steps":[],"attachments":[],"parameters":[],"hasContent":false,"attachmentStep":false,"stepsCount":0,"shouldDisplayMessage":false,"attachmentsCount":0}],"labels":[{"name":"story","value":"查询资源成功"},{"name":"feature","value":"生产特征切换表测试用例"},{"name":"parentSuite","value":"Tests.test_items"},{"name":"suite","value":"test_changespec"},{"name":"subSuite","value":"TestChangeSpecPage"},{"name":"host","value":"DESKTOP-L7L44NB"},{"name":"thread","value":"10972-MainThread"},{"name":"framework","value":"pytest"},{"name":"language","value":"cpython3"},{"name":"package","value":"Tests.test_items.test_changespec"},{"name":"resultFormat","value":"allure2"}],"parameters":[],"links":[],"hidden":false,"retry":false,"extra":{"severity":"normal","retries":[{"uid":"f5ff4a7c4a26e382","status":"broken","statusDetails":"selenium.common.exceptions.TimeoutException: Message: \nStacktrace:\nSymbols not available. Dumping unresolved backtrace:\n\t0x7ff6f6d5fe35\n\t0x7ff6f6d5fe90\n\t0x7ff6f6ae139d\n\t0x7ff6f6b39d8e\n\t0x7ff6f6b3a09c\n\t0x7ff6f6b8e8d7\n\t0x7ff6f6b8b61b\n\t0x7ff6f6b2ac6d\n\t0x7ff6f6b2bae3\n\t0x7ff6f702a10d\n\t0x7ff6f702448a\n\t0x7ff6f7045157\n\t0x7ff6f6d7a81e\n\t0x7ff6f6d8262f\n\t0x7ff6f6d69324\n\t0x7ff6f6d694df\n\t0x7ff6f6d4ee88\n\t0x7ffc369c7374\n\t0x7ffc382fcc91","time":{"start":1764863434068,"stop":1764863446280,"duration":12212}}],"categories":[{"name":"Test defects","matchedStatuses":[]}],"tags":[]},"source":"79dc99972243c0b1.json","parameterValues":[]}