{"uid":"7a33b49565f6378c","name":"test_module_shift","fullName":"Tests.test_system.test_module.TestSModulePage#test_module_shift","historyId":"4d4c3be07ad849e81fc9e82bbee0a396","time":{"start":1769809246973,"stop":1769809258272,"duration":11299},"status":"broken","statusMessage":"selenium.common.exceptions.TimeoutException: Message: \nStacktrace:\nSymbols not available. Dumping unresolved backtrace:\n\t0x7ff609fefe35\n\t0x7ff609fefe90\n\t0x7ff609d7139d\n\t0x7ff609dc9d8e\n\t0x7ff609dca09c\n\t0x7ff609e1e8d7\n\t0x7ff609e1b61b\n\t0x7ff609dbac6d\n\t0x7ff609dbbae3\n\t0x7ff60a2ba10d\n\t0x7ff60a2b448a\n\t0x7ff60a2d5157\n\t0x7ff60a00a81e\n\t0x7ff60a01262f\n\t0x7ff609ff9324\n\t0x7ff609ff94df\n\t0x7ff609fdee88\n\t0x7ffc59d27374\n\t0x7ffc5a9fcc91","statusTrace":"self = <test_system.test_module.TestSModulePage object at 0x0000021E30C1D5D0>, login_to_module = <selenium.webdriver.chrome.webdriver.WebDriver (session=\"0eb0bbf1657ef9ae66cdb700c3737813\")>\n\n    @allure.story(\"模拟Shift+点击可多选ctrl+i添加\")\n    # @pytest.mark.run(order=1)\n    def test_module_shift(self, login_to_module):\n        driver = login_to_module  # WebDriver 实例\n        module = ExpressionPage(driver)  # 用 driver 初始化 ExpressionPage\n        elements = ['(//table[@class=\"vxe-table--body\"]//tr[1]//td[1])[2]',\n                    '(//table[@class=\"vxe-table--body\"]//tr[2]//td[1])[2]']\n        module.click_button(elements[0])\n        # 第二个单元格 Shift+点击（选择范围）\n>       cell2 = module.get_find_element_xpath(elements[1])\n\nTests\\test_system\\test_module.py:1432: \n_ _ _ _ _ _ _ _ _ _ _ _ _ _ _ _ _ _ _ _ _ _ _ _ _ _ _ _ _ _ _ _ _ _ _ _ _ _ _ _ _ _ _ _ _ _ _ _ _ _ _ _ _ _ _ _ _ _ _ _ _ _ _ _ _ _ _ _ _ _ _ _ _ _ _ _ _ _ _ _ _ _ _ _ _ _ _ _ _ _ _ _ _ _ _ _ _ _ _ _ _ _ _ _ _ _ _ _ _ _ _ _ _ _ _ _\nPages\\systemPage\\expression_page.py:29: in get_find_element_xpath\n    return self.find_element(By.XPATH, xpath)\nPages\\base_page.py:28: in find_element\n    return WebDriverWait(self.driver, wait_time).until(\n_ _ _ _ _ _ _ _ _ _ _ _ _ _ _ _ _ _ _ _ _ _ _ _ _ _ _ _ _ _ _ _ _ _ _ _ _ _ _ _ _ _ _ _ _ _ _ _ _ _ _ _ _ _ _ _ _ _ _ _ _ _ _ _ _ _ _ _ _ _ _ _ _ _ _ _ _ _ _ _ _ _ _ _ _ _ _ _ _ _ _ _ _ _ _ _ _ _ _ _ _ _ _ _ _ _ _ _ _ _ _ _ _ _ _ _\n\nself = <selenium.webdriver.support.wait.WebDriverWait (session=\"0eb0bbf1657ef9ae66cdb700c3737813\")>, method = <function presence_of_element_located.<locals>._predicate at 0x0000021E33277D90>, message = ''\n\n    def until(self, method: Callable[[D], Union[Literal[False], T]], message: str = \"\") -> T:\n        \"\"\"Wait until the method returns a value that is not False.\n    \n        Calls the method provided with the driver as an argument until the\n        return value does not evaluate to ``False``.\n    \n        Parameters:\n        -----------\n        method: callable(WebDriver)\n            - A callable object that takes a WebDriver instance as an argument.\n    \n        message: str\n            - Optional message for :exc:`TimeoutException`\n    \n        Return:\n        -------\n        object: T\n            - The result of the last call to `method`\n    \n        Raises:\n        -------\n        TimeoutException\n            - If 'method' does not return a truthy value within the WebDriverWait\n            object's timeout\n    \n        Example:\n        --------\n        >>> from selenium.webdriver.common.by import By\n        >>> from selenium.webdriver.support.ui import WebDriverWait\n        >>> from selenium.webdriver.support import expected_conditions as EC\n    \n        # Wait until an element is visible on the page\n        >>> wait = WebDriverWait(driver, 10)\n        >>> element = wait.until(EC.visibility_of_element_located((By.ID, \"exampleId\")))\n        >>> print(element.text)\n        \"\"\"\n        screen = None\n        stacktrace = None\n    \n        end_time = time.monotonic() + self._timeout\n        while True:\n            try:\n                value = method(self._driver)\n                if value:\n                    return value\n            except self._ignored_exceptions as exc:\n                screen = getattr(exc, \"screen\", None)\n                stacktrace = getattr(exc, \"stacktrace\", None)\n            if time.monotonic() > end_time:\n                break\n            time.sleep(self._poll)\n>       raise TimeoutException(message, screen, stacktrace)\nE       selenium.common.exceptions.TimeoutException: Message: \nE       Stacktrace:\nE       Symbols not available. Dumping unresolved backtrace:\nE       \t0x7ff609fefe35\nE       \t0x7ff609fefe90\nE       \t0x7ff609d7139d\nE       \t0x7ff609dc9d8e\nE       \t0x7ff609dca09c\nE       \t0x7ff609e1e8d7\nE       \t0x7ff609e1b61b\nE       \t0x7ff609dbac6d\nE       \t0x7ff609dbbae3\nE       \t0x7ff60a2ba10d\nE       \t0x7ff60a2b448a\nE       \t0x7ff60a2d5157\nE       \t0x7ff60a00a81e\nE       \t0x7ff60a01262f\nE       \t0x7ff609ff9324\nE       \t0x7ff609ff94df\nE       \t0x7ff609fdee88\nE       \t0x7ffc59d27374\nE       \t0x7ffc5a9fcc91\n\nD:\\Python310\\lib\\site-packages\\selenium\\webdriver\\support\\wait.py:138: TimeoutException","flaky":false,"newFailed":false,"newBroken":false,"newPassed":false,"retriesCount":0,"retriesStatusChange":false,"beforeStages":[{"name":"login_to_module","time":{"start":1769808118311,"stop":1769808131760,"duration":13449},"status":"passed","steps":[],"attachments":[],"parameters":[],"attachmentsCount":0,"shouldDisplayMessage":false,"hasContent":false,"attachmentStep":false,"stepsCount":0}],"testStage":{"status":"broken","statusMessage":"selenium.common.exceptions.TimeoutException: Message: \nStacktrace:\nSymbols not available. Dumping unresolved backtrace:\n\t0x7ff609fefe35\n\t0x7ff609fefe90\n\t0x7ff609d7139d\n\t0x7ff609dc9d8e\n\t0x7ff609dca09c\n\t0x7ff609e1e8d7\n\t0x7ff609e1b61b\n\t0x7ff609dbac6d\n\t0x7ff609dbbae3\n\t0x7ff60a2ba10d\n\t0x7ff60a2b448a\n\t0x7ff60a2d5157\n\t0x7ff60a00a81e\n\t0x7ff60a01262f\n\t0x7ff609ff9324\n\t0x7ff609ff94df\n\t0x7ff609fdee88\n\t0x7ffc59d27374\n\t0x7ffc5a9fcc91","statusTrace":"self = <test_system.test_module.TestSModulePage object at 0x0000021E30C1D5D0>, login_to_module = <selenium.webdriver.chrome.webdriver.WebDriver (session=\"0eb0bbf1657ef9ae66cdb700c3737813\")>\n\n    @allure.story(\"模拟Shift+点击可多选ctrl+i添加\")\n    # @pytest.mark.run(order=1)\n    def test_module_shift(self, login_to_module):\n        driver = login_to_module  # WebDriver 实例\n        module = ExpressionPage(driver)  # 用 driver 初始化 ExpressionPage\n        elements = ['(//table[@class=\"vxe-table--body\"]//tr[1]//td[1])[2]',\n                    '(//table[@class=\"vxe-table--body\"]//tr[2]//td[1])[2]']\n        module.click_button(elements[0])\n        # 第二个单元格 Shift+点击（选择范围）\n>       cell2 = module.get_find_element_xpath(elements[1])\n\nTests\\test_system\\test_module.py:1432: \n_ _ _ _ _ _ _ _ _ _ _ _ _ _ _ _ _ _ _ _ _ _ _ _ _ _ _ _ _ _ _ _ _ _ _ _ _ _ _ _ _ _ _ _ _ _ _ _ _ _ _ _ _ _ _ _ _ _ _ _ _ _ _ _ _ _ _ _ _ _ _ _ _ _ _ _ _ _ _ _ _ _ _ _ _ _ _ _ _ _ _ _ _ _ _ _ _ _ _ _ _ _ _ _ _ _ _ _ _ _ _ _ _ _ _ _\nPages\\systemPage\\expression_page.py:29: in get_find_element_xpath\n    return self.find_element(By.XPATH, xpath)\nPages\\base_page.py:28: in find_element\n    return WebDriverWait(self.driver, wait_time).until(\n_ _ _ _ _ _ _ _ _ _ _ _ _ _ _ _ _ _ _ _ _ _ _ _ _ _ _ _ _ _ _ _ _ _ _ _ _ _ _ _ _ _ _ _ _ _ _ _ _ _ _ _ _ _ _ _ _ _ _ _ _ _ _ _ _ _ _ _ _ _ _ _ _ _ _ _ _ _ _ _ _ _ _ _ _ _ _ _ _ _ _ _ _ _ _ _ _ _ _ _ _ _ _ _ _ _ _ _ _ _ _ _ _ _ _ _\n\nself = <selenium.webdriver.support.wait.WebDriverWait (session=\"0eb0bbf1657ef9ae66cdb700c3737813\")>, method = <function presence_of_element_located.<locals>._predicate at 0x0000021E33277D90>, message = ''\n\n    def until(self, method: Callable[[D], Union[Literal[False], T]], message: str = \"\") -> T:\n        \"\"\"Wait until the method returns a value that is not False.\n    \n        Calls the method provided with the driver as an argument until the\n        return value does not evaluate to ``False``.\n    \n        Parameters:\n        -----------\n        method: callable(WebDriver)\n            - A callable object that takes a WebDriver instance as an argument.\n    \n        message: str\n            - Optional message for :exc:`TimeoutException`\n    \n        Return:\n        -------\n        object: T\n            - The result of the last call to `method`\n    \n        Raises:\n        -------\n        TimeoutException\n            - If 'method' does not return a truthy value within the WebDriverWait\n            object's timeout\n    \n        Example:\n        --------\n        >>> from selenium.webdriver.common.by import By\n        >>> from selenium.webdriver.support.ui import WebDriverWait\n        >>> from selenium.webdriver.support import expected_conditions as EC\n    \n        # Wait until an element is visible on the page\n        >>> wait = WebDriverWait(driver, 10)\n        >>> element = wait.until(EC.visibility_of_element_located((By.ID, \"exampleId\")))\n        >>> print(element.text)\n        \"\"\"\n        screen = None\n        stacktrace = None\n    \n        end_time = time.monotonic() + self._timeout\n        while True:\n            try:\n                value = method(self._driver)\n                if value:\n                    return value\n            except self._ignored_exceptions as exc:\n                screen = getattr(exc, \"screen\", None)\n                stacktrace = getattr(exc, \"stacktrace\", None)\n            if time.monotonic() > end_time:\n                break\n            time.sleep(self._poll)\n>       raise TimeoutException(message, screen, stacktrace)\nE       selenium.common.exceptions.TimeoutException: Message: \nE       Stacktrace:\nE       Symbols not available. Dumping unresolved backtrace:\nE       \t0x7ff609fefe35\nE       \t0x7ff609fefe90\nE       \t0x7ff609d7139d\nE       \t0x7ff609dc9d8e\nE       \t0x7ff609dca09c\nE       \t0x7ff609e1e8d7\nE       \t0x7ff609e1b61b\nE       \t0x7ff609dbac6d\nE       \t0x7ff609dbbae3\nE       \t0x7ff60a2ba10d\nE       \t0x7ff60a2b448a\nE       \t0x7ff60a2d5157\nE       \t0x7ff60a00a81e\nE       \t0x7ff60a01262f\nE       \t0x7ff609ff9324\nE       \t0x7ff609ff94df\nE       \t0x7ff609fdee88\nE       \t0x7ffc59d27374\nE       \t0x7ffc5a9fcc91\n\nD:\\Python310\\lib\\site-packages\\selenium\\webdriver\\support\\wait.py:138: TimeoutException","steps":[],"attachments":[{"uid":"fcc656a0ffe1e268","name":"test_module_shift_20260131_054058","source":"fcc656a0ffe1e268.png","type":"image/png","size":155892},{"uid":"1f078aded1638290","name":"test_module_shift_20260131_054058","source":"1f078aded1638290.png","type":"image/png","size":155921},{"uid":"3874a4a2f301268b","name":"test_module_shift_20260131_054058","source":"3874a4a2f301268b.png","type":"image/png","size":77992},{"uid":"6d35b849f69aed16","name":"test_module_shift_20260131_054058","source":"6d35b849f69aed16.png","type":"image/png","size":257505},{"uid":"2643e1626ae7226c","name":"test_module_shift_20260131_054058","source":"2643e1626ae7226c.png","type":"image/png","size":59357},{"uid":"26f6251a8ba1f81c","name":"log","source":"26f6251a8ba1f81c.txt","type":"text/plain","size":534}],"parameters":[],"attachmentsCount":6,"shouldDisplayMessage":true,"hasContent":true,"attachmentStep":false,"stepsCount":0},"afterStages":[{"name":"login_to_module::0","time":{"start":1769809324936,"stop":1769809327115,"duration":2179},"status":"passed","steps":[],"attachments":[],"parameters":[],"attachmentsCount":0,"shouldDisplayMessage":false,"hasContent":false,"attachmentStep":false,"stepsCount":0}],"labels":[{"name":"story","value":"模拟Shift+点击可多选ctrl+i添加"},{"name":"feature","value":"模块管理页用例"},{"name":"parentSuite","value":"Tests.test_system"},{"name":"suite","value":"test_module"},{"name":"subSuite","value":"TestSModulePage"},{"name":"host","value":"DESKTOP-L7L44NB"},{"name":"thread","value":"24728-MainThread"},{"name":"framework","value":"pytest"},{"name":"language","value":"cpython3"},{"name":"package","value":"Tests.test_system.test_module"},{"name":"resultFormat","value":"allure2"}],"parameters":[],"links":[],"hidden":true,"retry":true,"extra":{"categories":[],"tags":[]},"source":"7a33b49565f6378c.json","parameterValues":[]}