{"uid":"80002164d00e243d","name":"test_previewPlan_delete","fullName":"Tests.test_items.test_previewplan.TestPreviewPlanPage#test_previewPlan_delete","historyId":"b5a004c1e5a78d634189c0edd5495391","time":{"start":1765986642725,"stop":1765986653563,"duration":10838},"status":"broken","statusMessage":"selenium.common.exceptions.TimeoutException: Message: \nStacktrace:\nSymbols not available. Dumping unresolved backtrace:\n\t0x7ff6172afe35\n\t0x7ff6172afe90\n\t0x7ff61703139d\n\t0x7ff617089d8e\n\t0x7ff61708a09c\n\t0x7ff6170de8d7\n\t0x7ff6170db61b\n\t0x7ff61707ac6d\n\t0x7ff61707bae3\n\t0x7ff61757a10d\n\t0x7ff61757448a\n\t0x7ff617595157\n\t0x7ff6172ca81e\n\t0x7ff6172d262f\n\t0x7ff6172b9324\n\t0x7ff6172b94df\n\t0x7ff61729ee88\n\t0x7ffaae547374\n\t0x7ffaaedfcc91","statusTrace":"self = <test_items.test_previewplan.TestPreviewPlanPage object at 0x000001D9FC3AE980>, login_to_previewPlan = <selenium.webdriver.chrome.webdriver.WebDriver (session=\"743145296d2452d3b8262789664853d4\")>\n\n    @allure.story(\"删除工作指示成功，并且工作指示发布重新可以查询信息\")\n    # @pytest.mark.run(order=1)\n    def test_previewPlan_delete(self, login_to_previewPlan):\n        driver = login_to_previewPlan  # WebDriver 实例\n        previewPlan = PreviewPlanPage(driver)  # 用 previewPlan 初始化 PreviewPlanPage\n        operationPlan = operationPlanPage(driver)\n        shared_data = SharedDataUtil.load_data()\n        resource1 = shared_data.get(\"master_res1\")\n        resource2 = shared_data.get(\"master_res2\")\n        previewPlan.enter_texts(\n            '//div[./p[text()=\"订单代码\"]]/parent::div//input', \"1测试C订单\"\n        )\n>       ele_resource1 = previewPlan.get_find_element_xpath(\n            '//table[.//td[4]//span[text()=\"1测试C订单\"]]//tr[1]/td[7]'\n        ).text\n\nTests\\test_items\\test_previewplan.py:105: \n_ _ _ _ _ _ _ _ _ _ _ _ _ _ _ _ _ _ _ _ _ _ _ _ _ _ _ _ _ _ _ _ _ _ _ _ _ _ _ _ _ _ _ _ _ _ _ _ _ _ _ _ _ _ _ _ _ _ _ _ _ _ _ _ _ _ _ _ _ _ _ _ _ _ _ _ _ _ _ _ _ _ _ _ _ _ _ _ _ _ _ _ _ _ _ _ _ _ _ _ _ _ _ _ _ _ _ _ _ _ _ _ _ _ _ _\nPages\\itemsPage\\previewPlan_page.py:28: in get_find_element_xpath\n    return self.find_element(By.XPATH, xpath)\nPages\\base_page.py:28: in find_element\n    return WebDriverWait(self.driver, wait_time).until(\n_ _ _ _ _ _ _ _ _ _ _ _ _ _ _ _ _ _ _ _ _ _ _ _ _ _ _ _ _ _ _ _ _ _ _ _ _ _ _ _ _ _ _ _ _ _ _ _ _ _ _ _ _ _ _ _ _ _ _ _ _ _ _ _ _ _ _ _ _ _ _ _ _ _ _ _ _ _ _ _ _ _ _ _ _ _ _ _ _ _ _ _ _ _ _ _ _ _ _ _ _ _ _ _ _ _ _ _ _ _ _ _ _ _ _ _\n\nself = <selenium.webdriver.support.wait.WebDriverWait (session=\"743145296d2452d3b8262789664853d4\")>, method = <function presence_of_element_located.<locals>._predicate at 0x000001D9FE368AF0>, message = ''\n\n    def until(self, method: Callable[[D], Union[Literal[False], T]], message: str = \"\") -> T:\n        \"\"\"Wait until the method returns a value that is not False.\n    \n        Calls the method provided with the driver as an argument until the\n        return value does not evaluate to ``False``.\n    \n        Parameters:\n        -----------\n        method: callable(WebDriver)\n            - A callable object that takes a WebDriver instance as an argument.\n    \n        message: str\n            - Optional message for :exc:`TimeoutException`\n    \n        Return:\n        -------\n        object: T\n            - The result of the last call to `method`\n    \n        Raises:\n        -------\n        TimeoutException\n            - If 'method' does not return a truthy value within the WebDriverWait\n            object's timeout\n    \n        Example:\n        --------\n        >>> from selenium.webdriver.common.by import By\n        >>> from selenium.webdriver.support.ui import WebDriverWait\n        >>> from selenium.webdriver.support import expected_conditions as EC\n    \n        # Wait until an element is visible on the page\n        >>> wait = WebDriverWait(driver, 10)\n        >>> element = wait.until(EC.visibility_of_element_located((By.ID, \"exampleId\")))\n        >>> print(element.text)\n        \"\"\"\n        screen = None\n        stacktrace = None\n    \n        end_time = time.monotonic() + self._timeout\n        while True:\n            try:\n                value = method(self._driver)\n                if value:\n                    return value\n            except self._ignored_exceptions as exc:\n                screen = getattr(exc, \"screen\", None)\n                stacktrace = getattr(exc, \"stacktrace\", None)\n            if time.monotonic() > end_time:\n                break\n            time.sleep(self._poll)\n>       raise TimeoutException(message, screen, stacktrace)\nE       selenium.common.exceptions.TimeoutException: Message: \nE       Stacktrace:\nE       Symbols not available. Dumping unresolved backtrace:\nE       \t0x7ff6172afe35\nE       \t0x7ff6172afe90\nE       \t0x7ff61703139d\nE       \t0x7ff617089d8e\nE       \t0x7ff61708a09c\nE       \t0x7ff6170de8d7\nE       \t0x7ff6170db61b\nE       \t0x7ff61707ac6d\nE       \t0x7ff61707bae3\nE       \t0x7ff61757a10d\nE       \t0x7ff61757448a\nE       \t0x7ff617595157\nE       \t0x7ff6172ca81e\nE       \t0x7ff6172d262f\nE       \t0x7ff6172b9324\nE       \t0x7ff6172b94df\nE       \t0x7ff61729ee88\nE       \t0x7ffaae547374\nE       \t0x7ffaaedfcc91\n\nD:\\Python310\\lib\\site-packages\\selenium\\webdriver\\support\\wait.py:138: TimeoutException","flaky":false,"newFailed":false,"newBroken":false,"newPassed":false,"retriesCount":0,"retriesStatusChange":false,"beforeStages":[{"name":"login_to_previewPlan","time":{"start":1765986601129,"stop":1765986620930,"duration":19801},"status":"passed","steps":[],"attachments":[],"parameters":[],"attachmentsCount":0,"shouldDisplayMessage":false,"hasContent":false,"stepsCount":0,"attachmentStep":false}],"testStage":{"status":"broken","statusMessage":"selenium.common.exceptions.TimeoutException: Message: \nStacktrace:\nSymbols not available. Dumping unresolved backtrace:\n\t0x7ff6172afe35\n\t0x7ff6172afe90\n\t0x7ff61703139d\n\t0x7ff617089d8e\n\t0x7ff61708a09c\n\t0x7ff6170de8d7\n\t0x7ff6170db61b\n\t0x7ff61707ac6d\n\t0x7ff61707bae3\n\t0x7ff61757a10d\n\t0x7ff61757448a\n\t0x7ff617595157\n\t0x7ff6172ca81e\n\t0x7ff6172d262f\n\t0x7ff6172b9324\n\t0x7ff6172b94df\n\t0x7ff61729ee88\n\t0x7ffaae547374\n\t0x7ffaaedfcc91","statusTrace":"self = <test_items.test_previewplan.TestPreviewPlanPage object at 0x000001D9FC3AE980>, login_to_previewPlan = <selenium.webdriver.chrome.webdriver.WebDriver (session=\"743145296d2452d3b8262789664853d4\")>\n\n    @allure.story(\"删除工作指示成功，并且工作指示发布重新可以查询信息\")\n    # @pytest.mark.run(order=1)\n    def test_previewPlan_delete(self, login_to_previewPlan):\n        driver = login_to_previewPlan  # WebDriver 实例\n        previewPlan = PreviewPlanPage(driver)  # 用 previewPlan 初始化 PreviewPlanPage\n        operationPlan = operationPlanPage(driver)\n        shared_data = SharedDataUtil.load_data()\n        resource1 = shared_data.get(\"master_res1\")\n        resource2 = shared_data.get(\"master_res2\")\n        previewPlan.enter_texts(\n            '//div[./p[text()=\"订单代码\"]]/parent::div//input', \"1测试C订单\"\n        )\n>       ele_resource1 = previewPlan.get_find_element_xpath(\n            '//table[.//td[4]//span[text()=\"1测试C订单\"]]//tr[1]/td[7]'\n        ).text\n\nTests\\test_items\\test_previewplan.py:105: \n_ _ _ _ _ _ _ _ _ _ _ _ _ _ _ _ _ _ _ _ _ _ _ _ _ _ _ _ _ _ _ _ _ _ _ _ _ _ _ _ _ _ _ _ _ _ _ _ _ _ _ _ _ _ _ _ _ _ _ _ _ _ _ _ _ _ _ _ _ _ _ _ _ _ _ _ _ _ _ _ _ _ _ _ _ _ _ _ _ _ _ _ _ _ _ _ _ _ _ _ _ _ _ _ _ _ _ _ _ _ _ _ _ _ _ _\nPages\\itemsPage\\previewPlan_page.py:28: in get_find_element_xpath\n    return self.find_element(By.XPATH, xpath)\nPages\\base_page.py:28: in find_element\n    return WebDriverWait(self.driver, wait_time).until(\n_ _ _ _ _ _ _ _ _ _ _ _ _ _ _ _ _ _ _ _ _ _ _ _ _ _ _ _ _ _ _ _ _ _ _ _ _ _ _ _ _ _ _ _ _ _ _ _ _ _ _ _ _ _ _ _ _ _ _ _ _ _ _ _ _ _ _ _ _ _ _ _ _ _ _ _ _ _ _ _ _ _ _ _ _ _ _ _ _ _ _ _ _ _ _ _ _ _ _ _ _ _ _ _ _ _ _ _ _ _ _ _ _ _ _ _\n\nself = <selenium.webdriver.support.wait.WebDriverWait (session=\"743145296d2452d3b8262789664853d4\")>, method = <function presence_of_element_located.<locals>._predicate at 0x000001D9FE368AF0>, message = ''\n\n    def until(self, method: Callable[[D], Union[Literal[False], T]], message: str = \"\") -> T:\n        \"\"\"Wait until the method returns a value that is not False.\n    \n        Calls the method provided with the driver as an argument until the\n        return value does not evaluate to ``False``.\n    \n        Parameters:\n        -----------\n        method: callable(WebDriver)\n            - A callable object that takes a WebDriver instance as an argument.\n    \n        message: str\n            - Optional message for :exc:`TimeoutException`\n    \n        Return:\n        -------\n        object: T\n            - The result of the last call to `method`\n    \n        Raises:\n        -------\n        TimeoutException\n            - If 'method' does not return a truthy value within the WebDriverWait\n            object's timeout\n    \n        Example:\n        --------\n        >>> from selenium.webdriver.common.by import By\n        >>> from selenium.webdriver.support.ui import WebDriverWait\n        >>> from selenium.webdriver.support import expected_conditions as EC\n    \n        # Wait until an element is visible on the page\n        >>> wait = WebDriverWait(driver, 10)\n        >>> element = wait.until(EC.visibility_of_element_located((By.ID, \"exampleId\")))\n        >>> print(element.text)\n        \"\"\"\n        screen = None\n        stacktrace = None\n    \n        end_time = time.monotonic() + self._timeout\n        while True:\n            try:\n                value = method(self._driver)\n                if value:\n                    return value\n            except self._ignored_exceptions as exc:\n                screen = getattr(exc, \"screen\", None)\n                stacktrace = getattr(exc, \"stacktrace\", None)\n            if time.monotonic() > end_time:\n                break\n            time.sleep(self._poll)\n>       raise TimeoutException(message, screen, stacktrace)\nE       selenium.common.exceptions.TimeoutException: Message: \nE       Stacktrace:\nE       Symbols not available. Dumping unresolved backtrace:\nE       \t0x7ff6172afe35\nE       \t0x7ff6172afe90\nE       \t0x7ff61703139d\nE       \t0x7ff617089d8e\nE       \t0x7ff61708a09c\nE       \t0x7ff6170de8d7\nE       \t0x7ff6170db61b\nE       \t0x7ff61707ac6d\nE       \t0x7ff61707bae3\nE       \t0x7ff61757a10d\nE       \t0x7ff61757448a\nE       \t0x7ff617595157\nE       \t0x7ff6172ca81e\nE       \t0x7ff6172d262f\nE       \t0x7ff6172b9324\nE       \t0x7ff6172b94df\nE       \t0x7ff61729ee88\nE       \t0x7ffaae547374\nE       \t0x7ffaaedfcc91\n\nD:\\Python310\\lib\\site-packages\\selenium\\webdriver\\support\\wait.py:138: TimeoutException","steps":[],"attachments":[{"uid":"378e90a676807c32","name":"test_previewPlan_delete","source":"378e90a676807c32.png","type":"image/png","size":67745},{"uid":"1b6112ac95e79aea","name":"log","source":"1b6112ac95e79aea.txt","type":"text/plain","size":273}],"parameters":[],"attachmentsCount":2,"shouldDisplayMessage":true,"hasContent":true,"stepsCount":0,"attachmentStep":false},"afterStages":[{"name":"login_to_previewPlan::0","time":{"start":1765986664673,"stop":1765986666804,"duration":2131},"status":"passed","steps":[],"attachments":[],"parameters":[],"attachmentsCount":0,"shouldDisplayMessage":false,"hasContent":false,"stepsCount":0,"attachmentStep":false}],"labels":[{"name":"story","value":"删除工作指示成功，并且工作指示发布重新可以查询信息"},{"name":"feature","value":"工作指示一览表测试用例"},{"name":"parentSuite","value":"Tests.test_items"},{"name":"suite","value":"test_previewplan"},{"name":"subSuite","value":"TestPreviewPlanPage"},{"name":"host","value":"DESKTOP-L7L44NB"},{"name":"thread","value":"63784-MainThread"},{"name":"framework","value":"pytest"},{"name":"language","value":"cpython3"},{"name":"package","value":"Tests.test_items.test_previewplan"},{"name":"resultFormat","value":"allure2"}],"parameters":[],"links":[],"hidden":true,"retry":true,"extra":{"categories":[],"tags":[]},"source":"80002164d00e243d.json","parameterValues":[]}