{"uid":"84a7d4ed7e3131ea","name":"test_apps_addfail2","fullName":"Tests.test_system.test_apps.TestSAppsPage#test_apps_addfail2","historyId":"7f44c2452720abdfa8f6aa8cf1263f0b","time":{"start":1768510770162,"stop":1768510783820,"duration":13658},"status":"broken","statusMessage":"selenium.common.exceptions.TimeoutException: Message: \nStacktrace:\nSymbols not available. Dumping unresolved backtrace:\n\t0x7ff63975fe35\n\t0x7ff63975fe90\n\t0x7ff6394e139d\n\t0x7ff639539d8e\n\t0x7ff63953a09c\n\t0x7ff63958e8d7\n\t0x7ff63958b61b\n\t0x7ff63952ac6d\n\t0x7ff63952bae3\n\t0x7ff639a2a10d\n\t0x7ff639a2448a\n\t0x7ff639a45157\n\t0x7ff63977a81e\n\t0x7ff63978262f\n\t0x7ff639769324\n\t0x7ff6397694df\n\t0x7ff63974ee88\n\t0x7ff9e6a37374\n\t0x7ff9e86dcc91","statusTrace":"self = <test_system.test_apps.TestSAppsPage object at 0x000002020A1E78E0>, login_to_apps = <selenium.webdriver.chrome.webdriver.WebDriver (session=\"57ed81d235126bba47b82fc4d0fa3f6a\")>\n\n    @allure.story(\"新增输入应用代码，应用名称点击保存不允许添加\")\n    # @pytest.mark.run(order=1)\n    def test_apps_addfail2(self, login_to_apps):\n        driver = login_to_apps  # WebDriver 实例\n        apps = AppsPage(driver)  # 用 driver 初始化 ExpressionPage\n        add = AddsPages(driver)\n        name = \"testapp1\"\n        xpath_list = [\n            '//div[@class=\"d-flex\"]/div[label[text()=\"应用代码\"]]//input',\n            '//div[@class=\"d-flex\"]/div[label[text()=\"应用名称\"]]//input',\n            '//div[@class=\"d-flex\"]/div[label[text()=\"模块名称\"]]//input[@type=\"text\"]',\n            '//div[@class=\"d-flex\"]/div[label[text()=\"图标\"]]//i[contains(@class,\"ivu-icon\")]',\n            '//div[@class=\"d-flex\"]/div[label[text()=\"排序\"]]//input',\n        ]\n        add.batch_modify_input(xpath_list[:2], name)\n        apps.click_save_button()\n>       message = apps.get_error_message()\n\nTests\\test_system\\test_apps.py:100: \n_ _ _ _ _ _ _ _ _ _ _ _ _ _ _ _ _ _ _ _ _ _ _ _ _ _ _ _ _ _ _ _ _ _ _ _ _ _ _ _ _ _ _ _ _ _ _ _ _ _ _ _ _ _ _ _ _ _ _ _ _ _ _ _ _ _ _ _ _ _ _ _ _ _ _ _ _ _ _ _ _ _ _ _ _ _ _ _ _ _ _ _ _ _ _ _ _ _ _ _ _ _ _ _ _ _ _ _ _ _ _ _ _ _ _ _\nPages\\systemPage\\apps_page.py:44: in get_error_message\n    message = WebDriverWait(self.driver, 10).until(\n_ _ _ _ _ _ _ _ _ _ _ _ _ _ _ _ _ _ _ _ _ _ _ _ _ _ _ _ _ _ _ _ _ _ _ _ _ _ _ _ _ _ _ _ _ _ _ _ _ _ _ _ _ _ _ _ _ _ _ _ _ _ _ _ _ _ _ _ _ _ _ _ _ _ _ _ _ _ _ _ _ _ _ _ _ _ _ _ _ _ _ _ _ _ _ _ _ _ _ _ _ _ _ _ _ _ _ _ _ _ _ _ _ _ _ _\n\nself = <selenium.webdriver.support.wait.WebDriverWait (session=\"57ed81d235126bba47b82fc4d0fa3f6a\")>, method = <function visibility_of_element_located.<locals>._predicate at 0x000002020CA2F1C0>, message = ''\n\n    def until(self, method: Callable[[D], Union[Literal[False], T]], message: str = \"\") -> T:\n        \"\"\"Wait until the method returns a value that is not False.\n    \n        Calls the method provided with the driver as an argument until the\n        return value does not evaluate to ``False``.\n    \n        Parameters:\n        -----------\n        method: callable(WebDriver)\n            - A callable object that takes a WebDriver instance as an argument.\n    \n        message: str\n            - Optional message for :exc:`TimeoutException`\n    \n        Return:\n        -------\n        object: T\n            - The result of the last call to `method`\n    \n        Raises:\n        -------\n        TimeoutException\n            - If 'method' does not return a truthy value within the WebDriverWait\n            object's timeout\n    \n        Example:\n        --------\n        >>> from selenium.webdriver.common.by import By\n        >>> from selenium.webdriver.support.ui import WebDriverWait\n        >>> from selenium.webdriver.support import expected_conditions as EC\n    \n        # Wait until an element is visible on the page\n        >>> wait = WebDriverWait(driver, 10)\n        >>> element = wait.until(EC.visibility_of_element_located((By.ID, \"exampleId\")))\n        >>> print(element.text)\n        \"\"\"\n        screen = None\n        stacktrace = None\n    \n        end_time = time.monotonic() + self._timeout\n        while True:\n            try:\n                value = method(self._driver)\n                if value:\n                    return value\n            except self._ignored_exceptions as exc:\n                screen = getattr(exc, \"screen\", None)\n                stacktrace = getattr(exc, \"stacktrace\", None)\n            if time.monotonic() > end_time:\n                break\n            time.sleep(self._poll)\n>       raise TimeoutException(message, screen, stacktrace)\nE       selenium.common.exceptions.TimeoutException: Message: \nE       Stacktrace:\nE       Symbols not available. Dumping unresolved backtrace:\nE       \t0x7ff63975fe35\nE       \t0x7ff63975fe90\nE       \t0x7ff6394e139d\nE       \t0x7ff639539d8e\nE       \t0x7ff63953a09c\nE       \t0x7ff63958e8d7\nE       \t0x7ff63958b61b\nE       \t0x7ff63952ac6d\nE       \t0x7ff63952bae3\nE       \t0x7ff639a2a10d\nE       \t0x7ff639a2448a\nE       \t0x7ff639a45157\nE       \t0x7ff63977a81e\nE       \t0x7ff63978262f\nE       \t0x7ff639769324\nE       \t0x7ff6397694df\nE       \t0x7ff63974ee88\nE       \t0x7ff9e6a37374\nE       \t0x7ff9e86dcc91\n\nD:\\Python310\\lib\\site-packages\\selenium\\webdriver\\support\\wait.py:138: TimeoutException","flaky":false,"newFailed":false,"newBroken":false,"newPassed":false,"retriesCount":0,"retriesStatusChange":false,"beforeStages":[{"name":"login_to_apps","time":{"start":1768510723927,"stop":1768510737202,"duration":13275},"status":"passed","steps":[],"attachments":[],"parameters":[],"stepsCount":0,"attachmentStep":false,"hasContent":false,"shouldDisplayMessage":false,"attachmentsCount":0}],"testStage":{"status":"broken","statusMessage":"selenium.common.exceptions.TimeoutException: Message: \nStacktrace:\nSymbols not available. Dumping unresolved backtrace:\n\t0x7ff63975fe35\n\t0x7ff63975fe90\n\t0x7ff6394e139d\n\t0x7ff639539d8e\n\t0x7ff63953a09c\n\t0x7ff63958e8d7\n\t0x7ff63958b61b\n\t0x7ff63952ac6d\n\t0x7ff63952bae3\n\t0x7ff639a2a10d\n\t0x7ff639a2448a\n\t0x7ff639a45157\n\t0x7ff63977a81e\n\t0x7ff63978262f\n\t0x7ff639769324\n\t0x7ff6397694df\n\t0x7ff63974ee88\n\t0x7ff9e6a37374\n\t0x7ff9e86dcc91","statusTrace":"self = <test_system.test_apps.TestSAppsPage object at 0x000002020A1E78E0>, login_to_apps = <selenium.webdriver.chrome.webdriver.WebDriver (session=\"57ed81d235126bba47b82fc4d0fa3f6a\")>\n\n    @allure.story(\"新增输入应用代码，应用名称点击保存不允许添加\")\n    # @pytest.mark.run(order=1)\n    def test_apps_addfail2(self, login_to_apps):\n        driver = login_to_apps  # WebDriver 实例\n        apps = AppsPage(driver)  # 用 driver 初始化 ExpressionPage\n        add = AddsPages(driver)\n        name = \"testapp1\"\n        xpath_list = [\n            '//div[@class=\"d-flex\"]/div[label[text()=\"应用代码\"]]//input',\n            '//div[@class=\"d-flex\"]/div[label[text()=\"应用名称\"]]//input',\n            '//div[@class=\"d-flex\"]/div[label[text()=\"模块名称\"]]//input[@type=\"text\"]',\n            '//div[@class=\"d-flex\"]/div[label[text()=\"图标\"]]//i[contains(@class,\"ivu-icon\")]',\n            '//div[@class=\"d-flex\"]/div[label[text()=\"排序\"]]//input',\n        ]\n        add.batch_modify_input(xpath_list[:2], name)\n        apps.click_save_button()\n>       message = apps.get_error_message()\n\nTests\\test_system\\test_apps.py:100: \n_ _ _ _ _ _ _ _ _ _ _ _ _ _ _ _ _ _ _ _ _ _ _ _ _ _ _ _ _ _ _ _ _ _ _ _ _ _ _ _ _ _ _ _ _ _ _ _ _ _ _ _ _ _ _ _ _ _ _ _ _ _ _ _ _ _ _ _ _ _ _ _ _ _ _ _ _ _ _ _ _ _ _ _ _ _ _ _ _ _ _ _ _ _ _ _ _ _ _ _ _ _ _ _ _ _ _ _ _ _ _ _ _ _ _ _\nPages\\systemPage\\apps_page.py:44: in get_error_message\n    message = WebDriverWait(self.driver, 10).until(\n_ _ _ _ _ _ _ _ _ _ _ _ _ _ _ _ _ _ _ _ _ _ _ _ _ _ _ _ _ _ _ _ _ _ _ _ _ _ _ _ _ _ _ _ _ _ _ _ _ _ _ _ _ _ _ _ _ _ _ _ _ _ _ _ _ _ _ _ _ _ _ _ _ _ _ _ _ _ _ _ _ _ _ _ _ _ _ _ _ _ _ _ _ _ _ _ _ _ _ _ _ _ _ _ _ _ _ _ _ _ _ _ _ _ _ _\n\nself = <selenium.webdriver.support.wait.WebDriverWait (session=\"57ed81d235126bba47b82fc4d0fa3f6a\")>, method = <function visibility_of_element_located.<locals>._predicate at 0x000002020CA2F1C0>, message = ''\n\n    def until(self, method: Callable[[D], Union[Literal[False], T]], message: str = \"\") -> T:\n        \"\"\"Wait until the method returns a value that is not False.\n    \n        Calls the method provided with the driver as an argument until the\n        return value does not evaluate to ``False``.\n    \n        Parameters:\n        -----------\n        method: callable(WebDriver)\n            - A callable object that takes a WebDriver instance as an argument.\n    \n        message: str\n            - Optional message for :exc:`TimeoutException`\n    \n        Return:\n        -------\n        object: T\n            - The result of the last call to `method`\n    \n        Raises:\n        -------\n        TimeoutException\n            - If 'method' does not return a truthy value within the WebDriverWait\n            object's timeout\n    \n        Example:\n        --------\n        >>> from selenium.webdriver.common.by import By\n        >>> from selenium.webdriver.support.ui import WebDriverWait\n        >>> from selenium.webdriver.support import expected_conditions as EC\n    \n        # Wait until an element is visible on the page\n        >>> wait = WebDriverWait(driver, 10)\n        >>> element = wait.until(EC.visibility_of_element_located((By.ID, \"exampleId\")))\n        >>> print(element.text)\n        \"\"\"\n        screen = None\n        stacktrace = None\n    \n        end_time = time.monotonic() + self._timeout\n        while True:\n            try:\n                value = method(self._driver)\n                if value:\n                    return value\n            except self._ignored_exceptions as exc:\n                screen = getattr(exc, \"screen\", None)\n                stacktrace = getattr(exc, \"stacktrace\", None)\n            if time.monotonic() > end_time:\n                break\n            time.sleep(self._poll)\n>       raise TimeoutException(message, screen, stacktrace)\nE       selenium.common.exceptions.TimeoutException: Message: \nE       Stacktrace:\nE       Symbols not available. Dumping unresolved backtrace:\nE       \t0x7ff63975fe35\nE       \t0x7ff63975fe90\nE       \t0x7ff6394e139d\nE       \t0x7ff639539d8e\nE       \t0x7ff63953a09c\nE       \t0x7ff63958e8d7\nE       \t0x7ff63958b61b\nE       \t0x7ff63952ac6d\nE       \t0x7ff63952bae3\nE       \t0x7ff639a2a10d\nE       \t0x7ff639a2448a\nE       \t0x7ff639a45157\nE       \t0x7ff63977a81e\nE       \t0x7ff63978262f\nE       \t0x7ff639769324\nE       \t0x7ff6397694df\nE       \t0x7ff63974ee88\nE       \t0x7ff9e6a37374\nE       \t0x7ff9e86dcc91\n\nD:\\Python310\\lib\\site-packages\\selenium\\webdriver\\support\\wait.py:138: TimeoutException","steps":[],"attachments":[{"uid":"a7e2a2139a184df9","name":"test_apps_addfail2_20260116_045943","source":"a7e2a2139a184df9.png","type":"image/png","size":88073},{"uid":"6e269f1ab3734bf","name":"test_apps_addfail2_20260116_045944","source":"6e269f1ab3734bf.png","type":"image/png","size":88073},{"uid":"82f250002615dff9","name":"test_apps_addfail2_20260116_045944","source":"82f250002615dff9.png","type":"image/png","size":126959},{"uid":"f5fc65d865b55eef","name":"log","source":"f5fc65d865b55eef.txt","type":"text/plain","size":276}],"parameters":[],"stepsCount":0,"attachmentStep":false,"hasContent":true,"shouldDisplayMessage":true,"attachmentsCount":4},"afterStages":[{"name":"login_to_apps::0","time":{"start":1768511258446,"stop":1768511260605,"duration":2159},"status":"passed","steps":[],"attachments":[],"parameters":[],"stepsCount":0,"attachmentStep":false,"hasContent":false,"shouldDisplayMessage":false,"attachmentsCount":0}],"labels":[{"name":"feature","value":"应用管理页用例"},{"name":"story","value":"新增输入应用代码，应用名称点击保存不允许添加"},{"name":"parentSuite","value":"Tests.test_system"},{"name":"suite","value":"test_apps"},{"name":"subSuite","value":"TestSAppsPage"},{"name":"host","value":"DESKTOP-L7L44NB"},{"name":"thread","value":"23052-MainThread"},{"name":"framework","value":"pytest"},{"name":"language","value":"cpython3"},{"name":"package","value":"Tests.test_system.test_apps"},{"name":"resultFormat","value":"allure2"}],"parameters":[],"links":[],"hidden":true,"retry":true,"extra":{"categories":[],"tags":[]},"source":"84a7d4ed7e3131ea.json","parameterValues":[]}