{"uid":"865128dbad907ff3","name":"test_production_delsuccess","fullName":"Tests.test_items.test_production.TestProductionPage#test_production_delsuccess","historyId":"173c7d9d56f2d4fdaea8f12fc398a077","time":{"start":1766164387322,"stop":1766164397510,"duration":10188},"status":"broken","statusMessage":"selenium.common.exceptions.TimeoutException: Message: \nStacktrace:\nSymbols not available. Dumping unresolved backtrace:\n\t0x7ff7e089fe35\n\t0x7ff7e089fe90\n\t0x7ff7e062139d\n\t0x7ff7e0679d8e\n\t0x7ff7e067a09c\n\t0x7ff7e06ce8d7\n\t0x7ff7e06cb61b\n\t0x7ff7e066ac6d\n\t0x7ff7e066bae3\n\t0x7ff7e0b6a10d\n\t0x7ff7e0b6448a\n\t0x7ff7e0b85157\n\t0x7ff7e08ba81e\n\t0x7ff7e08c262f\n\t0x7ff7e08a9324\n\t0x7ff7e08a94df\n\t0x7ff7e088ee88\n\t0x7ffaae547374\n\t0x7ffaaedfcc91","statusTrace":"self = <test_items.test_production.TestProductionPage object at 0x000001BB366E5840>, login_to_production = <selenium.webdriver.chrome.webdriver.WebDriver (session=\"d82463f323e3e8b99fe326f00c531190\")>\n\n    @allure.story(\"删除布局成功\")\n    # @pytest.mark.run(order=1)\n    def test_production_delsuccess(self, login_to_production):\n        driver = login_to_production  # WebDriver 实例\n        production = ProductionPage(driver)  # 用 driver 初始化 ProductionPage\n        layout = \"测试布局A\"\n>       production.del_layout(layout)\n\nTests\\test_items\\test_production.py:873: \n_ _ _ _ _ _ _ _ _ _ _ _ _ _ _ _ _ _ _ _ _ _ _ _ _ _ _ _ _ _ _ _ _ _ _ _ _ _ _ _ _ _ _ _ _ _ _ _ _ _ _ _ _ _ _ _ _ _ _ _ _ _ _ _ _ _ _ _ _ _ _ _ _ _ _ _ _ _ _ _ _ _ _ _ _ _ _ _ _ _ _ _ _ _ _ _ _ _ _ _ _ _ _ _ _ _ _ _ _ _ _ _ _ _ _ _\nPages\\itemsPage\\production_page.py:156: in del_layout\n    target_div = self.get_find_element_xpath(\nPages\\itemsPage\\production_page.py:47: in get_find_element_xpath\n    return self.find_element(By.XPATH, xpath)\nPages\\base_page.py:28: in find_element\n    return WebDriverWait(self.driver, wait_time).until(\n_ _ _ _ _ _ _ _ _ _ _ _ _ _ _ _ _ _ _ _ _ _ _ _ _ _ _ _ _ _ _ _ _ _ _ _ _ _ _ _ _ _ _ _ _ _ _ _ _ _ _ _ _ _ _ _ _ _ _ _ _ _ _ _ _ _ _ _ _ _ _ _ _ _ _ _ _ _ _ _ _ _ _ _ _ _ _ _ _ _ _ _ _ _ _ _ _ _ _ _ _ _ _ _ _ _ _ _ _ _ _ _ _ _ _ _\n\nself = <selenium.webdriver.support.wait.WebDriverWait (session=\"d82463f323e3e8b99fe326f00c531190\")>, method = <function presence_of_element_located.<locals>._predicate at 0x000001BB385A7BE0>, message = ''\n\n    def until(self, method: Callable[[D], Union[Literal[False], T]], message: str = \"\") -> T:\n        \"\"\"Wait until the method returns a value that is not False.\n    \n        Calls the method provided with the driver as an argument until the\n        return value does not evaluate to ``False``.\n    \n        Parameters:\n        -----------\n        method: callable(WebDriver)\n            - A callable object that takes a WebDriver instance as an argument.\n    \n        message: str\n            - Optional message for :exc:`TimeoutException`\n    \n        Return:\n        -------\n        object: T\n            - The result of the last call to `method`\n    \n        Raises:\n        -------\n        TimeoutException\n            - If 'method' does not return a truthy value within the WebDriverWait\n            object's timeout\n    \n        Example:\n        --------\n        >>> from selenium.webdriver.common.by import By\n        >>> from selenium.webdriver.support.ui import WebDriverWait\n        >>> from selenium.webdriver.support import expected_conditions as EC\n    \n        # Wait until an element is visible on the page\n        >>> wait = WebDriverWait(driver, 10)\n        >>> element = wait.until(EC.visibility_of_element_located((By.ID, \"exampleId\")))\n        >>> print(element.text)\n        \"\"\"\n        screen = None\n        stacktrace = None\n    \n        end_time = time.monotonic() + self._timeout\n        while True:\n            try:\n                value = method(self._driver)\n                if value:\n                    return value\n            except self._ignored_exceptions as exc:\n                screen = getattr(exc, \"screen\", None)\n                stacktrace = getattr(exc, \"stacktrace\", None)\n            if time.monotonic() > end_time:\n                break\n            time.sleep(self._poll)\n>       raise TimeoutException(message, screen, stacktrace)\nE       selenium.common.exceptions.TimeoutException: Message: \nE       Stacktrace:\nE       Symbols not available. Dumping unresolved backtrace:\nE       \t0x7ff7e089fe35\nE       \t0x7ff7e089fe90\nE       \t0x7ff7e062139d\nE       \t0x7ff7e0679d8e\nE       \t0x7ff7e067a09c\nE       \t0x7ff7e06ce8d7\nE       \t0x7ff7e06cb61b\nE       \t0x7ff7e066ac6d\nE       \t0x7ff7e066bae3\nE       \t0x7ff7e0b6a10d\nE       \t0x7ff7e0b6448a\nE       \t0x7ff7e0b85157\nE       \t0x7ff7e08ba81e\nE       \t0x7ff7e08c262f\nE       \t0x7ff7e08a9324\nE       \t0x7ff7e08a94df\nE       \t0x7ff7e088ee88\nE       \t0x7ffaae547374\nE       \t0x7ffaaedfcc91\n\nD:\\Python310\\lib\\site-packages\\selenium\\webdriver\\support\\wait.py:138: TimeoutException","flaky":false,"newFailed":false,"newBroken":false,"newPassed":false,"retriesCount":0,"retriesStatusChange":false,"beforeStages":[{"name":"login_to_production","time":{"start":1766163899669,"stop":1766163918309,"duration":18640},"status":"passed","steps":[],"attachments":[],"parameters":[],"attachmentsCount":0,"shouldDisplayMessage":false,"hasContent":false,"stepsCount":0,"attachmentStep":false}],"testStage":{"status":"broken","statusMessage":"selenium.common.exceptions.TimeoutException: Message: \nStacktrace:\nSymbols not available. Dumping unresolved backtrace:\n\t0x7ff7e089fe35\n\t0x7ff7e089fe90\n\t0x7ff7e062139d\n\t0x7ff7e0679d8e\n\t0x7ff7e067a09c\n\t0x7ff7e06ce8d7\n\t0x7ff7e06cb61b\n\t0x7ff7e066ac6d\n\t0x7ff7e066bae3\n\t0x7ff7e0b6a10d\n\t0x7ff7e0b6448a\n\t0x7ff7e0b85157\n\t0x7ff7e08ba81e\n\t0x7ff7e08c262f\n\t0x7ff7e08a9324\n\t0x7ff7e08a94df\n\t0x7ff7e088ee88\n\t0x7ffaae547374\n\t0x7ffaaedfcc91","statusTrace":"self = <test_items.test_production.TestProductionPage object at 0x000001BB366E5840>, login_to_production = <selenium.webdriver.chrome.webdriver.WebDriver (session=\"d82463f323e3e8b99fe326f00c531190\")>\n\n    @allure.story(\"删除布局成功\")\n    # @pytest.mark.run(order=1)\n    def test_production_delsuccess(self, login_to_production):\n        driver = login_to_production  # WebDriver 实例\n        production = ProductionPage(driver)  # 用 driver 初始化 ProductionPage\n        layout = \"测试布局A\"\n>       production.del_layout(layout)\n\nTests\\test_items\\test_production.py:873: \n_ _ _ _ _ _ _ _ _ _ _ _ _ _ _ _ _ _ _ _ _ _ _ _ _ _ _ _ _ _ _ _ _ _ _ _ _ _ _ _ _ _ _ _ _ _ _ _ _ _ _ _ _ _ _ _ _ _ _ _ _ _ _ _ _ _ _ _ _ _ _ _ _ _ _ _ _ _ _ _ _ _ _ _ _ _ _ _ _ _ _ _ _ _ _ _ _ _ _ _ _ _ _ _ _ _ _ _ _ _ _ _ _ _ _ _\nPages\\itemsPage\\production_page.py:156: in del_layout\n    target_div = self.get_find_element_xpath(\nPages\\itemsPage\\production_page.py:47: in get_find_element_xpath\n    return self.find_element(By.XPATH, xpath)\nPages\\base_page.py:28: in find_element\n    return WebDriverWait(self.driver, wait_time).until(\n_ _ _ _ _ _ _ _ _ _ _ _ _ _ _ _ _ _ _ _ _ _ _ _ _ _ _ _ _ _ _ _ _ _ _ _ _ _ _ _ _ _ _ _ _ _ _ _ _ _ _ _ _ _ _ _ _ _ _ _ _ _ _ _ _ _ _ _ _ _ _ _ _ _ _ _ _ _ _ _ _ _ _ _ _ _ _ _ _ _ _ _ _ _ _ _ _ _ _ _ _ _ _ _ _ _ _ _ _ _ _ _ _ _ _ _\n\nself = <selenium.webdriver.support.wait.WebDriverWait (session=\"d82463f323e3e8b99fe326f00c531190\")>, method = <function presence_of_element_located.<locals>._predicate at 0x000001BB385A7BE0>, message = ''\n\n    def until(self, method: Callable[[D], Union[Literal[False], T]], message: str = \"\") -> T:\n        \"\"\"Wait until the method returns a value that is not False.\n    \n        Calls the method provided with the driver as an argument until the\n        return value does not evaluate to ``False``.\n    \n        Parameters:\n        -----------\n        method: callable(WebDriver)\n            - A callable object that takes a WebDriver instance as an argument.\n    \n        message: str\n            - Optional message for :exc:`TimeoutException`\n    \n        Return:\n        -------\n        object: T\n            - The result of the last call to `method`\n    \n        Raises:\n        -------\n        TimeoutException\n            - If 'method' does not return a truthy value within the WebDriverWait\n            object's timeout\n    \n        Example:\n        --------\n        >>> from selenium.webdriver.common.by import By\n        >>> from selenium.webdriver.support.ui import WebDriverWait\n        >>> from selenium.webdriver.support import expected_conditions as EC\n    \n        # Wait until an element is visible on the page\n        >>> wait = WebDriverWait(driver, 10)\n        >>> element = wait.until(EC.visibility_of_element_located((By.ID, \"exampleId\")))\n        >>> print(element.text)\n        \"\"\"\n        screen = None\n        stacktrace = None\n    \n        end_time = time.monotonic() + self._timeout\n        while True:\n            try:\n                value = method(self._driver)\n                if value:\n                    return value\n            except self._ignored_exceptions as exc:\n                screen = getattr(exc, \"screen\", None)\n                stacktrace = getattr(exc, \"stacktrace\", None)\n            if time.monotonic() > end_time:\n                break\n            time.sleep(self._poll)\n>       raise TimeoutException(message, screen, stacktrace)\nE       selenium.common.exceptions.TimeoutException: Message: \nE       Stacktrace:\nE       Symbols not available. Dumping unresolved backtrace:\nE       \t0x7ff7e089fe35\nE       \t0x7ff7e089fe90\nE       \t0x7ff7e062139d\nE       \t0x7ff7e0679d8e\nE       \t0x7ff7e067a09c\nE       \t0x7ff7e06ce8d7\nE       \t0x7ff7e06cb61b\nE       \t0x7ff7e066ac6d\nE       \t0x7ff7e066bae3\nE       \t0x7ff7e0b6a10d\nE       \t0x7ff7e0b6448a\nE       \t0x7ff7e0b85157\nE       \t0x7ff7e08ba81e\nE       \t0x7ff7e08c262f\nE       \t0x7ff7e08a9324\nE       \t0x7ff7e08a94df\nE       \t0x7ff7e088ee88\nE       \t0x7ffaae547374\nE       \t0x7ffaaedfcc91\n\nD:\\Python310\\lib\\site-packages\\selenium\\webdriver\\support\\wait.py:138: TimeoutException","steps":[],"attachments":[{"uid":"29f82dc84b21b800","name":"test_production_delsuccess","source":"29f82dc84b21b800.png","type":"image/png","size":80073},{"uid":"aa451adb87d47a4a","name":"log","source":"aa451adb87d47a4a.txt","type":"text/plain","size":271}],"parameters":[],"attachmentsCount":2,"shouldDisplayMessage":true,"hasContent":true,"stepsCount":0,"attachmentStep":false},"afterStages":[{"name":"login_to_production::0","time":{"start":1766164407992,"stop":1766164410129,"duration":2137},"status":"passed","steps":[],"attachments":[],"parameters":[],"attachmentsCount":0,"shouldDisplayMessage":false,"hasContent":false,"stepsCount":0,"attachmentStep":false}],"labels":[{"name":"feature","value":"生产报工测试用例"},{"name":"story","value":"删除布局成功"},{"name":"parentSuite","value":"Tests.test_items"},{"name":"suite","value":"test_production"},{"name":"subSuite","value":"TestProductionPage"},{"name":"host","value":"DESKTOP-L7L44NB"},{"name":"thread","value":"72920-MainThread"},{"name":"framework","value":"pytest"},{"name":"language","value":"cpython3"},{"name":"package","value":"Tests.test_items.test_production"},{"name":"resultFormat","value":"allure2"}],"parameters":[],"links":[],"hidden":true,"retry":true,"extra":{"categories":[],"tags":[]},"source":"865128dbad907ff3.json","parameterValues":[]}