{"uid":"87449ea65e235d61","name":"test_plan_closebutton","fullName":"Tests.test_items.test_plan.TestPlanPage#test_plan_closebutton","historyId":"517533ef47ffbd03f0030f9d56ed47e1","time":{"start":1767709266234,"stop":1767709279658,"duration":13424},"status":"broken","statusMessage":"selenium.common.exceptions.TimeoutException: Message: \nStacktrace:\nSymbols not available. Dumping unresolved backtrace:\n\t0x7ff7b42cfe35\n\t0x7ff7b42cfe90\n\t0x7ff7b405139d\n\t0x7ff7b40a9d8e\n\t0x7ff7b40aa09c\n\t0x7ff7b40fe8d7\n\t0x7ff7b40fb61b\n\t0x7ff7b409ac6d\n\t0x7ff7b409bae3\n\t0x7ff7b459a10d\n\t0x7ff7b459448a\n\t0x7ff7b45b5157\n\t0x7ff7b42ea81e\n\t0x7ff7b42f262f\n\t0x7ff7b42d9324\n\t0x7ff7b42d94df\n\t0x7ff7b42bee88\n\t0x7ff9e6a37374\n\t0x7ff9e86dcc91","statusTrace":"self = <test_items.test_plan.TestPlanPage object at 0x0000024643008670>, login_to_plan = <selenium.webdriver.chrome.webdriver.WebDriver (session=\"5e32115e7bd4727f58db3568a4ba3e06\")>\n\n    @allure.story(\"方案管理中计划方案组合框显示关闭，不显示该方案\")\n    # @pytest.mark.run(order=1)\n    def test_plan_closebutton(self, login_to_plan):\n        driver = login_to_plan  # WebDriver 实例\n        plan = PlanPage(driver)  # 用 driver 初始化 PlanPage\n        sched = SchedPage(driver)  # 用 driver 初始化 SchedPage\n        wait = WebDriverWait(driver, 20)\n        list_ = [\"计划方案管理\"]\n        for v in list_:\n            plan.click_button(f'(//span[text()=\"{v}\"])[1]')\n        # 选择第一个方案\n        sched_text = sched.get_find_element_xpath(\n            '//div[@class=\"ivu-tree\"]//li/ul[1]'\n        ).text\n        sched.click_button('//div[@class=\"ivu-tree\"]//li/ul[1]')\n        sched.click_attribute_button()\n        # 点击开关 如果为开 则关闭\n>       ele = sched.get_find_element_xpath(\n            '//div[text()=\"计划方案组合框显示\"]/following-sibling::div//span[1]'\n        )\n\nTests\\test_items\\test_plan.py:140: \n_ _ _ _ _ _ _ _ _ _ _ _ _ _ _ _ _ _ _ _ _ _ _ _ _ _ _ _ _ _ _ _ _ _ _ _ _ _ _ _ _ _ _ _ _ _ _ _ _ _ _ _ _ _ _ _ _ _ _ _ _ _ _ _ _ _ _ _ _ _ _ _ _ _ _ _ _ _ _ _ _ _ _ _ _ _ _ _ _ _ _ _ _ _ _ _ _ _ _ _ _ _ _ _ _ _ _ _ _ _ _ _ _ _ _ _\nPages\\itemsPage\\sched_page.py:86: in get_find_element_xpath\n    return self.find_element(By.XPATH, xpath)\nPages\\base_page.py:28: in find_element\n    return WebDriverWait(self.driver, wait_time).until(\n_ _ _ _ _ _ _ _ _ _ _ _ _ _ _ _ _ _ _ _ _ _ _ _ _ _ _ _ _ _ _ _ _ _ _ _ _ _ _ _ _ _ _ _ _ _ _ _ _ _ _ _ _ _ _ _ _ _ _ _ _ _ _ _ _ _ _ _ _ _ _ _ _ _ _ _ _ _ _ _ _ _ _ _ _ _ _ _ _ _ _ _ _ _ _ _ _ _ _ _ _ _ _ _ _ _ _ _ _ _ _ _ _ _ _ _\n\nself = <selenium.webdriver.support.wait.WebDriverWait (session=\"5e32115e7bd4727f58db3568a4ba3e06\")>, method = <function presence_of_element_located.<locals>._predicate at 0x0000024643BBFA30>, message = ''\n\n    def until(self, method: Callable[[D], Union[Literal[False], T]], message: str = \"\") -> T:\n        \"\"\"Wait until the method returns a value that is not False.\n    \n        Calls the method provided with the driver as an argument until the\n        return value does not evaluate to ``False``.\n    \n        Parameters:\n        -----------\n        method: callable(WebDriver)\n            - A callable object that takes a WebDriver instance as an argument.\n    \n        message: str\n            - Optional message for :exc:`TimeoutException`\n    \n        Return:\n        -------\n        object: T\n            - The result of the last call to `method`\n    \n        Raises:\n        -------\n        TimeoutException\n            - If 'method' does not return a truthy value within the WebDriverWait\n            object's timeout\n    \n        Example:\n        --------\n        >>> from selenium.webdriver.common.by import By\n        >>> from selenium.webdriver.support.ui import WebDriverWait\n        >>> from selenium.webdriver.support import expected_conditions as EC\n    \n        # Wait until an element is visible on the page\n        >>> wait = WebDriverWait(driver, 10)\n        >>> element = wait.until(EC.visibility_of_element_located((By.ID, \"exampleId\")))\n        >>> print(element.text)\n        \"\"\"\n        screen = None\n        stacktrace = None\n    \n        end_time = time.monotonic() + self._timeout\n        while True:\n            try:\n                value = method(self._driver)\n                if value:\n                    return value\n            except self._ignored_exceptions as exc:\n                screen = getattr(exc, \"screen\", None)\n                stacktrace = getattr(exc, \"stacktrace\", None)\n            if time.monotonic() > end_time:\n                break\n            time.sleep(self._poll)\n>       raise TimeoutException(message, screen, stacktrace)\nE       selenium.common.exceptions.TimeoutException: Message: \nE       Stacktrace:\nE       Symbols not available. Dumping unresolved backtrace:\nE       \t0x7ff7b42cfe35\nE       \t0x7ff7b42cfe90\nE       \t0x7ff7b405139d\nE       \t0x7ff7b40a9d8e\nE       \t0x7ff7b40aa09c\nE       \t0x7ff7b40fe8d7\nE       \t0x7ff7b40fb61b\nE       \t0x7ff7b409ac6d\nE       \t0x7ff7b409bae3\nE       \t0x7ff7b459a10d\nE       \t0x7ff7b459448a\nE       \t0x7ff7b45b5157\nE       \t0x7ff7b42ea81e\nE       \t0x7ff7b42f262f\nE       \t0x7ff7b42d9324\nE       \t0x7ff7b42d94df\nE       \t0x7ff7b42bee88\nE       \t0x7ff9e6a37374\nE       \t0x7ff9e86dcc91\n\nD:\\Python310\\lib\\site-packages\\selenium\\webdriver\\support\\wait.py:138: TimeoutException","flaky":false,"newFailed":false,"newBroken":false,"newPassed":false,"retriesCount":1,"retriesStatusChange":false,"beforeStages":[{"name":"login_to_plan","time":{"start":1767709248094,"stop":1767709266234,"duration":18140},"status":"passed","steps":[],"attachments":[],"parameters":[],"shouldDisplayMessage":false,"attachmentsCount":0,"attachmentStep":false,"hasContent":false,"stepsCount":0}],"testStage":{"status":"broken","statusMessage":"selenium.common.exceptions.TimeoutException: Message: \nStacktrace:\nSymbols not available. Dumping unresolved backtrace:\n\t0x7ff7b42cfe35\n\t0x7ff7b42cfe90\n\t0x7ff7b405139d\n\t0x7ff7b40a9d8e\n\t0x7ff7b40aa09c\n\t0x7ff7b40fe8d7\n\t0x7ff7b40fb61b\n\t0x7ff7b409ac6d\n\t0x7ff7b409bae3\n\t0x7ff7b459a10d\n\t0x7ff7b459448a\n\t0x7ff7b45b5157\n\t0x7ff7b42ea81e\n\t0x7ff7b42f262f\n\t0x7ff7b42d9324\n\t0x7ff7b42d94df\n\t0x7ff7b42bee88\n\t0x7ff9e6a37374\n\t0x7ff9e86dcc91","statusTrace":"self = <test_items.test_plan.TestPlanPage object at 0x0000024643008670>, login_to_plan = <selenium.webdriver.chrome.webdriver.WebDriver (session=\"5e32115e7bd4727f58db3568a4ba3e06\")>\n\n    @allure.story(\"方案管理中计划方案组合框显示关闭，不显示该方案\")\n    # @pytest.mark.run(order=1)\n    def test_plan_closebutton(self, login_to_plan):\n        driver = login_to_plan  # WebDriver 实例\n        plan = PlanPage(driver)  # 用 driver 初始化 PlanPage\n        sched = SchedPage(driver)  # 用 driver 初始化 SchedPage\n        wait = WebDriverWait(driver, 20)\n        list_ = [\"计划方案管理\"]\n        for v in list_:\n            plan.click_button(f'(//span[text()=\"{v}\"])[1]')\n        # 选择第一个方案\n        sched_text = sched.get_find_element_xpath(\n            '//div[@class=\"ivu-tree\"]//li/ul[1]'\n        ).text\n        sched.click_button('//div[@class=\"ivu-tree\"]//li/ul[1]')\n        sched.click_attribute_button()\n        # 点击开关 如果为开 则关闭\n>       ele = sched.get_find_element_xpath(\n            '//div[text()=\"计划方案组合框显示\"]/following-sibling::div//span[1]'\n        )\n\nTests\\test_items\\test_plan.py:140: \n_ _ _ _ _ _ _ _ _ _ _ _ _ _ _ _ _ _ _ _ _ _ _ _ _ _ _ _ _ _ _ _ _ _ _ _ _ _ _ _ _ _ _ _ _ _ _ _ _ _ _ _ _ _ _ _ _ _ _ _ _ _ _ _ _ _ _ _ _ _ _ _ _ _ _ _ _ _ _ _ _ _ _ _ _ _ _ _ _ _ _ _ _ _ _ _ _ _ _ _ _ _ _ _ _ _ _ _ _ _ _ _ _ _ _ _\nPages\\itemsPage\\sched_page.py:86: in get_find_element_xpath\n    return self.find_element(By.XPATH, xpath)\nPages\\base_page.py:28: in find_element\n    return WebDriverWait(self.driver, wait_time).until(\n_ _ _ _ _ _ _ _ _ _ _ _ _ _ _ _ _ _ _ _ _ _ _ _ _ _ _ _ _ _ _ _ _ _ _ _ _ _ _ _ _ _ _ _ _ _ _ _ _ _ _ _ _ _ _ _ _ _ _ _ _ _ _ _ _ _ _ _ _ _ _ _ _ _ _ _ _ _ _ _ _ _ _ _ _ _ _ _ _ _ _ _ _ _ _ _ _ _ _ _ _ _ _ _ _ _ _ _ _ _ _ _ _ _ _ _\n\nself = <selenium.webdriver.support.wait.WebDriverWait (session=\"5e32115e7bd4727f58db3568a4ba3e06\")>, method = <function presence_of_element_located.<locals>._predicate at 0x0000024643BBFA30>, message = ''\n\n    def until(self, method: Callable[[D], Union[Literal[False], T]], message: str = \"\") -> T:\n        \"\"\"Wait until the method returns a value that is not False.\n    \n        Calls the method provided with the driver as an argument until the\n        return value does not evaluate to ``False``.\n    \n        Parameters:\n        -----------\n        method: callable(WebDriver)\n            - A callable object that takes a WebDriver instance as an argument.\n    \n        message: str\n            - Optional message for :exc:`TimeoutException`\n    \n        Return:\n        -------\n        object: T\n            - The result of the last call to `method`\n    \n        Raises:\n        -------\n        TimeoutException\n            - If 'method' does not return a truthy value within the WebDriverWait\n            object's timeout\n    \n        Example:\n        --------\n        >>> from selenium.webdriver.common.by import By\n        >>> from selenium.webdriver.support.ui import WebDriverWait\n        >>> from selenium.webdriver.support import expected_conditions as EC\n    \n        # Wait until an element is visible on the page\n        >>> wait = WebDriverWait(driver, 10)\n        >>> element = wait.until(EC.visibility_of_element_located((By.ID, \"exampleId\")))\n        >>> print(element.text)\n        \"\"\"\n        screen = None\n        stacktrace = None\n    \n        end_time = time.monotonic() + self._timeout\n        while True:\n            try:\n                value = method(self._driver)\n                if value:\n                    return value\n            except self._ignored_exceptions as exc:\n                screen = getattr(exc, \"screen\", None)\n                stacktrace = getattr(exc, \"stacktrace\", None)\n            if time.monotonic() > end_time:\n                break\n            time.sleep(self._poll)\n>       raise TimeoutException(message, screen, stacktrace)\nE       selenium.common.exceptions.TimeoutException: Message: \nE       Stacktrace:\nE       Symbols not available. Dumping unresolved backtrace:\nE       \t0x7ff7b42cfe35\nE       \t0x7ff7b42cfe90\nE       \t0x7ff7b405139d\nE       \t0x7ff7b40a9d8e\nE       \t0x7ff7b40aa09c\nE       \t0x7ff7b40fe8d7\nE       \t0x7ff7b40fb61b\nE       \t0x7ff7b409ac6d\nE       \t0x7ff7b409bae3\nE       \t0x7ff7b459a10d\nE       \t0x7ff7b459448a\nE       \t0x7ff7b45b5157\nE       \t0x7ff7b42ea81e\nE       \t0x7ff7b42f262f\nE       \t0x7ff7b42d9324\nE       \t0x7ff7b42d94df\nE       \t0x7ff7b42bee88\nE       \t0x7ff9e6a37374\nE       \t0x7ff9e86dcc91\n\nD:\\Python310\\lib\\site-packages\\selenium\\webdriver\\support\\wait.py:138: TimeoutException","steps":[],"attachments":[{"uid":"237f85b5cb781873","name":"test_plan_closebutton_20260106_222119","source":"237f85b5cb781873.png","type":"image/png","size":76191},{"uid":"435115ff98846ac6","name":"log","source":"435115ff98846ac6.txt","type":"text/plain","size":5027}],"parameters":[],"shouldDisplayMessage":true,"attachmentsCount":2,"attachmentStep":false,"hasContent":true,"stepsCount":0},"afterStages":[{"name":"login_to_plan::0","time":{"start":1767709279805,"stop":1767709281925,"duration":2120},"status":"passed","steps":[],"attachments":[],"parameters":[],"shouldDisplayMessage":false,"attachmentsCount":0,"attachmentStep":false,"hasContent":false,"stepsCount":0}],"labels":[{"name":"feature","value":"计划计算测试用例"},{"name":"story","value":"方案管理中计划方案组合框显示关闭，不显示该方案"},{"name":"parentSuite","value":"Tests.test_items"},{"name":"suite","value":"test_plan"},{"name":"subSuite","value":"TestPlanPage"},{"name":"host","value":"DESKTOP-L7L44NB"},{"name":"thread","value":"436-MainThread"},{"name":"framework","value":"pytest"},{"name":"language","value":"cpython3"},{"name":"package","value":"Tests.test_items.test_plan"},{"name":"resultFormat","value":"allure2"}],"parameters":[],"links":[],"hidden":false,"retry":false,"extra":{"severity":"normal","retries":[{"uid":"420dd333e623f940","status":"broken","statusDetails":"selenium.common.exceptions.TimeoutException: Message: \nStacktrace:\nSymbols not available. Dumping unresolved backtrace:\n\t0x7ff7b42cfe35\n\t0x7ff7b42cfe90\n\t0x7ff7b405139d\n\t0x7ff7b40a9d8e\n\t0x7ff7b40aa09c\n\t0x7ff7b40fe8d7\n\t0x7ff7b40fb61b\n\t0x7ff7b409ac6d\n\t0x7ff7b409bae3\n\t0x7ff7b459a10d\n\t0x7ff7b459448a\n\t0x7ff7b45b5157\n\t0x7ff7b42ea81e\n\t0x7ff7b42f262f\n\t0x7ff7b42d9324\n\t0x7ff7b42d94df\n\t0x7ff7b42bee88\n\t0x7ff9e6a37374\n\t0x7ff9e86dcc91","time":{"start":1767709232723,"stop":1767709245816,"duration":13093}}],"categories":[{"name":"Test defects","matchedStatuses":[]}],"tags":[]},"source":"87449ea65e235d61.json","parameterValues":[]}