{"uid":"8a8a249fcc39ca3","name":"test_materialRequirementsDefinition_updatesuccess","fullName":"Tests.test_material.test_materialRequirementsDefinition.TestSMaterialRequirementsDefinitionPage#test_materialRequirementsDefinition_updatesuccess","historyId":"c0b8159173d2863575df50a97d8a7485","time":{"start":1766515280140,"stop":1766515298442,"duration":18302},"status":"broken","statusMessage":"selenium.common.exceptions.TimeoutException: Message: \nStacktrace:\nSymbols not available. Dumping unresolved backtrace:\n\t0x7ff77976fe35\n\t0x7ff77976fe90\n\t0x7ff7794f139d\n\t0x7ff779549d8e\n\t0x7ff77954a09c\n\t0x7ff77959e8d7\n\t0x7ff77959b61b\n\t0x7ff77953ac6d\n\t0x7ff77953bae3\n\t0x7ff779a3a10d\n\t0x7ff779a3448a\n\t0x7ff779a55157\n\t0x7ff77978a81e\n\t0x7ff77979262f\n\t0x7ff779779324\n\t0x7ff7797794df\n\t0x7ff77975ee88\n\t0x7ffaae547374\n\t0x7ffaaedfcc91","statusTrace":"self = <test_material.test_materialRequirementsDefinition.TestSMaterialRequirementsDefinitionPage object at 0x00000283AACAE4D0>\nlogin_to_materialRequirementsDefinition = <selenium.webdriver.chrome.webdriver.WebDriver (session=\"8b7252d68d9030b352ba028b917354f6\")>\n\n    @allure.story(\"修改名称和类型成功\")\n    # @pytest.mark.run(order=1)\n    def test_materialRequirementsDefinition_updatesuccess(self, login_to_materialRequirementsDefinition):\n        driver = login_to_materialRequirementsDefinition  # WebDriver 实例\n        material = MaterialControlDefinition(driver)  # 用 driver 初始化 MaterialControlDefinition\n        value = \"1测试数据2\"\n        material.select_input_mrq(value)\n        material.click_button(f'(//table[@class=\"vxe-table--body\"])[1]//tr/td[2]//span[text()=\"{value}\"]')\n        material.click_all_button(\"编辑\")\n        sleep(2)\n        material.enter_texts('//div[div[text()=\" 需求来源名称: \"]]//input', \"1测试数据2修改\")\n        material.click_button('//label[span[text()=\"销售\"]]')\n        material.click_confirm()\n>       message = material.get_find_message()\n\nTests\\test_material\\test_materialRequirementsDefinition.py:198: \n_ _ _ _ _ _ _ _ _ _ _ _ _ _ _ _ _ _ _ _ _ _ _ _ _ _ _ _ _ _ _ _ _ _ _ _ _ _ _ _ _ _ _ _ _ _ _ _ _ _ _ _ _ _ _ _ _ _ _ _ _ _ _ _ _ _ _ _ _ _ _ _ _ _ _ _ _ _ _ _ _ _ _ _ _ _ _ _ _ _ _ _ _ _ _ _ _ _ _ _ _ _ _ _ _ _ _ _ _ _ _ _ _ _ _ _\nPages\\materialPage\\materialControlDefinition_page.py:35: in get_find_message\n    message = WebDriverWait(self.driver, 10).until(\n_ _ _ _ _ _ _ _ _ _ _ _ _ _ _ _ _ _ _ _ _ _ _ _ _ _ _ _ _ _ _ _ _ _ _ _ _ _ _ _ _ _ _ _ _ _ _ _ _ _ _ _ _ _ _ _ _ _ _ _ _ _ _ _ _ _ _ _ _ _ _ _ _ _ _ _ _ _ _ _ _ _ _ _ _ _ _ _ _ _ _ _ _ _ _ _ _ _ _ _ _ _ _ _ _ _ _ _ _ _ _ _ _ _ _ _\n\nself = <selenium.webdriver.support.wait.WebDriverWait (session=\"8b7252d68d9030b352ba028b917354f6\")>, method = <function visibility_of_element_located.<locals>._predicate at 0x00000283ACD5F6D0>, message = ''\n\n    def until(self, method: Callable[[D], Union[Literal[False], T]], message: str = \"\") -> T:\n        \"\"\"Wait until the method returns a value that is not False.\n    \n        Calls the method provided with the driver as an argument until the\n        return value does not evaluate to ``False``.\n    \n        Parameters:\n        -----------\n        method: callable(WebDriver)\n            - A callable object that takes a WebDriver instance as an argument.\n    \n        message: str\n            - Optional message for :exc:`TimeoutException`\n    \n        Return:\n        -------\n        object: T\n            - The result of the last call to `method`\n    \n        Raises:\n        -------\n        TimeoutException\n            - If 'method' does not return a truthy value within the WebDriverWait\n            object's timeout\n    \n        Example:\n        --------\n        >>> from selenium.webdriver.common.by import By\n        >>> from selenium.webdriver.support.ui import WebDriverWait\n        >>> from selenium.webdriver.support import expected_conditions as EC\n    \n        # Wait until an element is visible on the page\n        >>> wait = WebDriverWait(driver, 10)\n        >>> element = wait.until(EC.visibility_of_element_located((By.ID, \"exampleId\")))\n        >>> print(element.text)\n        \"\"\"\n        screen = None\n        stacktrace = None\n    \n        end_time = time.monotonic() + self._timeout\n        while True:\n            try:\n                value = method(self._driver)\n                if value:\n                    return value\n            except self._ignored_exceptions as exc:\n                screen = getattr(exc, \"screen\", None)\n                stacktrace = getattr(exc, \"stacktrace\", None)\n            if time.monotonic() > end_time:\n                break\n            time.sleep(self._poll)\n>       raise TimeoutException(message, screen, stacktrace)\nE       selenium.common.exceptions.TimeoutException: Message: \nE       Stacktrace:\nE       Symbols not available. Dumping unresolved backtrace:\nE       \t0x7ff77976fe35\nE       \t0x7ff77976fe90\nE       \t0x7ff7794f139d\nE       \t0x7ff779549d8e\nE       \t0x7ff77954a09c\nE       \t0x7ff77959e8d7\nE       \t0x7ff77959b61b\nE       \t0x7ff77953ac6d\nE       \t0x7ff77953bae3\nE       \t0x7ff779a3a10d\nE       \t0x7ff779a3448a\nE       \t0x7ff779a55157\nE       \t0x7ff77978a81e\nE       \t0x7ff77979262f\nE       \t0x7ff779779324\nE       \t0x7ff7797794df\nE       \t0x7ff77975ee88\nE       \t0x7ffaae547374\nE       \t0x7ffaaedfcc91\n\nD:\\Python310\\lib\\site-packages\\selenium\\webdriver\\support\\wait.py:138: TimeoutException","flaky":false,"newFailed":false,"newBroken":false,"newPassed":false,"retriesCount":0,"retriesStatusChange":false,"beforeStages":[{"name":"login_to_materialRequirementsDefinition","time":{"start":1766515263267,"stop":1766515280139,"duration":16872},"status":"passed","steps":[],"attachments":[],"parameters":[],"hasContent":false,"attachmentStep":false,"stepsCount":0,"shouldDisplayMessage":false,"attachmentsCount":0}],"testStage":{"status":"broken","statusMessage":"selenium.common.exceptions.TimeoutException: Message: \nStacktrace:\nSymbols not available. Dumping unresolved backtrace:\n\t0x7ff77976fe35\n\t0x7ff77976fe90\n\t0x7ff7794f139d\n\t0x7ff779549d8e\n\t0x7ff77954a09c\n\t0x7ff77959e8d7\n\t0x7ff77959b61b\n\t0x7ff77953ac6d\n\t0x7ff77953bae3\n\t0x7ff779a3a10d\n\t0x7ff779a3448a\n\t0x7ff779a55157\n\t0x7ff77978a81e\n\t0x7ff77979262f\n\t0x7ff779779324\n\t0x7ff7797794df\n\t0x7ff77975ee88\n\t0x7ffaae547374\n\t0x7ffaaedfcc91","statusTrace":"self = <test_material.test_materialRequirementsDefinition.TestSMaterialRequirementsDefinitionPage object at 0x00000283AACAE4D0>\nlogin_to_materialRequirementsDefinition = <selenium.webdriver.chrome.webdriver.WebDriver (session=\"8b7252d68d9030b352ba028b917354f6\")>\n\n    @allure.story(\"修改名称和类型成功\")\n    # @pytest.mark.run(order=1)\n    def test_materialRequirementsDefinition_updatesuccess(self, login_to_materialRequirementsDefinition):\n        driver = login_to_materialRequirementsDefinition  # WebDriver 实例\n        material = MaterialControlDefinition(driver)  # 用 driver 初始化 MaterialControlDefinition\n        value = \"1测试数据2\"\n        material.select_input_mrq(value)\n        material.click_button(f'(//table[@class=\"vxe-table--body\"])[1]//tr/td[2]//span[text()=\"{value}\"]')\n        material.click_all_button(\"编辑\")\n        sleep(2)\n        material.enter_texts('//div[div[text()=\" 需求来源名称: \"]]//input', \"1测试数据2修改\")\n        material.click_button('//label[span[text()=\"销售\"]]')\n        material.click_confirm()\n>       message = material.get_find_message()\n\nTests\\test_material\\test_materialRequirementsDefinition.py:198: \n_ _ _ _ _ _ _ _ _ _ _ _ _ _ _ _ _ _ _ _ _ _ _ _ _ _ _ _ _ _ _ _ _ _ _ _ _ _ _ _ _ _ _ _ _ _ _ _ _ _ _ _ _ _ _ _ _ _ _ _ _ _ _ _ _ _ _ _ _ _ _ _ _ _ _ _ _ _ _ _ _ _ _ _ _ _ _ _ _ _ _ _ _ _ _ _ _ _ _ _ _ _ _ _ _ _ _ _ _ _ _ _ _ _ _ _\nPages\\materialPage\\materialControlDefinition_page.py:35: in get_find_message\n    message = WebDriverWait(self.driver, 10).until(\n_ _ _ _ _ _ _ _ _ _ _ _ _ _ _ _ _ _ _ _ _ _ _ _ _ _ _ _ _ _ _ _ _ _ _ _ _ _ _ _ _ _ _ _ _ _ _ _ _ _ _ _ _ _ _ _ _ _ _ _ _ _ _ _ _ _ _ _ _ _ _ _ _ _ _ _ _ _ _ _ _ _ _ _ _ _ _ _ _ _ _ _ _ _ _ _ _ _ _ _ _ _ _ _ _ _ _ _ _ _ _ _ _ _ _ _\n\nself = <selenium.webdriver.support.wait.WebDriverWait (session=\"8b7252d68d9030b352ba028b917354f6\")>, method = <function visibility_of_element_located.<locals>._predicate at 0x00000283ACD5F6D0>, message = ''\n\n    def until(self, method: Callable[[D], Union[Literal[False], T]], message: str = \"\") -> T:\n        \"\"\"Wait until the method returns a value that is not False.\n    \n        Calls the method provided with the driver as an argument until the\n        return value does not evaluate to ``False``.\n    \n        Parameters:\n        -----------\n        method: callable(WebDriver)\n            - A callable object that takes a WebDriver instance as an argument.\n    \n        message: str\n            - Optional message for :exc:`TimeoutException`\n    \n        Return:\n        -------\n        object: T\n            - The result of the last call to `method`\n    \n        Raises:\n        -------\n        TimeoutException\n            - If 'method' does not return a truthy value within the WebDriverWait\n            object's timeout\n    \n        Example:\n        --------\n        >>> from selenium.webdriver.common.by import By\n        >>> from selenium.webdriver.support.ui import WebDriverWait\n        >>> from selenium.webdriver.support import expected_conditions as EC\n    \n        # Wait until an element is visible on the page\n        >>> wait = WebDriverWait(driver, 10)\n        >>> element = wait.until(EC.visibility_of_element_located((By.ID, \"exampleId\")))\n        >>> print(element.text)\n        \"\"\"\n        screen = None\n        stacktrace = None\n    \n        end_time = time.monotonic() + self._timeout\n        while True:\n            try:\n                value = method(self._driver)\n                if value:\n                    return value\n            except self._ignored_exceptions as exc:\n                screen = getattr(exc, \"screen\", None)\n                stacktrace = getattr(exc, \"stacktrace\", None)\n            if time.monotonic() > end_time:\n                break\n            time.sleep(self._poll)\n>       raise TimeoutException(message, screen, stacktrace)\nE       selenium.common.exceptions.TimeoutException: Message: \nE       Stacktrace:\nE       Symbols not available. Dumping unresolved backtrace:\nE       \t0x7ff77976fe35\nE       \t0x7ff77976fe90\nE       \t0x7ff7794f139d\nE       \t0x7ff779549d8e\nE       \t0x7ff77954a09c\nE       \t0x7ff77959e8d7\nE       \t0x7ff77959b61b\nE       \t0x7ff77953ac6d\nE       \t0x7ff77953bae3\nE       \t0x7ff779a3a10d\nE       \t0x7ff779a3448a\nE       \t0x7ff779a55157\nE       \t0x7ff77978a81e\nE       \t0x7ff77979262f\nE       \t0x7ff779779324\nE       \t0x7ff7797794df\nE       \t0x7ff77975ee88\nE       \t0x7ffaae547374\nE       \t0x7ffaaedfcc91\n\nD:\\Python310\\lib\\site-packages\\selenium\\webdriver\\support\\wait.py:138: TimeoutException","steps":[],"attachments":[{"uid":"11e4341800140646","name":"test_materialRequirementsDefinition_updatesuccess_20251224_024138","source":"11e4341800140646.png","type":"image/png","size":108076},{"uid":"c1ca23a133ae1d36","name":"test_materialRequirementsDefinition_updatesuccess_20251224_024138","source":"c1ca23a133ae1d36.png","type":"image/png","size":108063},{"uid":"e5e4635283ca2db6","name":"test_materialRequirementsDefinition_updatesuccess_20251224_024138","source":"e5e4635283ca2db6.png","type":"image/png","size":114596},{"uid":"53304b0d89a89e21","name":"log","source":"53304b0d89a89e21.txt","type":"text/plain","size":2051}],"parameters":[],"hasContent":true,"attachmentStep":false,"stepsCount":0,"shouldDisplayMessage":true,"attachmentsCount":4},"afterStages":[{"name":"login_to_materialRequirementsDefinition::0","time":{"start":1766515298864,"stop":1766515301009,"duration":2145},"status":"passed","steps":[],"attachments":[],"parameters":[],"hasContent":false,"attachmentStep":false,"stepsCount":0,"shouldDisplayMessage":false,"attachmentsCount":0}],"labels":[{"name":"story","value":"修改名称和类型成功"},{"name":"feature","value":"物控需求定义页用例"},{"name":"parentSuite","value":"Tests.test_material"},{"name":"suite","value":"test_materialRequirementsDefinition"},{"name":"subSuite","value":"TestSMaterialRequirementsDefinitionPage"},{"name":"host","value":"DESKTOP-L7L44NB"},{"name":"thread","value":"44168-MainThread"},{"name":"framework","value":"pytest"},{"name":"language","value":"cpython3"},{"name":"package","value":"Tests.test_material.test_materialRequirementsDefinition"},{"name":"resultFormat","value":"allure2"}],"parameters":[],"links":[],"hidden":true,"retry":true,"extra":{"categories":[],"tags":[]},"source":"8a8a249fcc39ca3.json","parameterValues":[]}