{"uid":"8dcf5ae042f86c4a","name":"test_home_save_template_11","fullName":"Tests.test_system.test_home.TestHomePage#test_home_save_template_11","historyId":"c4a1aed8b0ba7dd6ab0c91020734a908","time":{"start":1768413647739,"stop":1768413664219,"duration":16480},"status":"broken","statusMessage":"selenium.common.exceptions.TimeoutException: Message: \nStacktrace:\nSymbols not available. Dumping unresolved backtrace:\n\t0x7ff66d2efe35\n\t0x7ff66d2efe90\n\t0x7ff66d07139d\n\t0x7ff66d0c9d8e\n\t0x7ff66d0ca09c\n\t0x7ff66d11e8d7\n\t0x7ff66d11b61b\n\t0x7ff66d0bac6d\n\t0x7ff66d0bbae3\n\t0x7ff66d5ba10d\n\t0x7ff66d5b448a\n\t0x7ff66d5d5157\n\t0x7ff66d30a81e\n\t0x7ff66d31262f\n\t0x7ff66d2f9324\n\t0x7ff66d2f94df\n\t0x7ff66d2dee88\n\t0x7ff9e6a37374\n\t0x7ff9e86dcc91","statusTrace":"self = <test_system.test_home.TestHomePage object at 0x000001F15DDA5B40>, login_to_home = <selenium.webdriver.chrome.webdriver.WebDriver (session=\"27dd26f9a13db05000dc7d740648f39b\")>\n\n    @allure.story(\"添加测试模版\")\n    # @pytest.mark.run(order=1)\n    def test_home_save_template_11(self, login_to_home):\n        driver = login_to_home  # WebDriver 实例\n        home = HomePage(driver)  # 用 driver 初始化 HomePage\n        driver.execute_script(\"document.body.style.zoom='0.6'\")\n        sleep(1)\n        home.click_template()\n        ele = home.finds_elements(By.XPATH, '//span[text()=\" 初始模版使用 \"]')\n        if ele:\n            xpath = '//span[text()=\" 初始模版使用 \"]/following-sibling::span[not(contains(@style,\"display: none\"))]'\n            text_ = home.get_find_element_xpath(xpath).get_attribute(\"innerText\")\n            if text_ == \"加载模板\":\n                home.click_button(xpath)\n                home.click_button('//div[@class=\"ivu-modal-confirm-footer\"]//span[text()=\"确定\"]')\n                sleep(1)\n        else:\n>           text = home.click_save_template_button(name=\"初始模版使用\", button=\"确定\")\n\nTests\\test_system\\test_home.py:83: \n_ _ _ _ _ _ _ _ _ _ _ _ _ _ _ _ _ _ _ _ _ _ _ _ _ _ _ _ _ _ _ _ _ _ _ _ _ _ _ _ _ _ _ _ _ _ _ _ _ _ _ _ _ _ _ _ _ _ _ _ _ _ _ _ _ _ _ _ _ _ _ _ _ _ _ _ _ _ _ _ _ _ _ _ _ _ _ _ _ _ _ _ _ _ _ _ _ _ _ _ _ _ _ _ _ _ _ _ _ _ _ _ _ _ _ _\nPages\\systemPage\\homepage_page.py:87: in click_save_template_button\n    self.enter_texts('//div[text()=\" 名称 \"]/following-sibling::div//input', name)\nPages\\systemPage\\homepage_page.py:18: in enter_texts\n    self.enter_text(By.XPATH, xpath, text)\nPages\\base_page.py:90: in enter_text\n    element = WebDriverWait(self.driver, wait_time).until(\n_ _ _ _ _ _ _ _ _ _ _ _ _ _ _ _ _ _ _ _ _ _ _ _ _ _ _ _ _ _ _ _ _ _ _ _ _ _ _ _ _ _ _ _ _ _ _ _ _ _ _ _ _ _ _ _ _ _ _ _ _ _ _ _ _ _ _ _ _ _ _ _ _ _ _ _ _ _ _ _ _ _ _ _ _ _ _ _ _ _ _ _ _ _ _ _ _ _ _ _ _ _ _ _ _ _ _ _ _ _ _ _ _ _ _ _\n\nself = <selenium.webdriver.support.wait.WebDriverWait (session=\"27dd26f9a13db05000dc7d740648f39b\")>, method = <function visibility_of_element_located.<locals>._predicate at 0x000001F15FAA6E60>, message = ''\n\n    def until(self, method: Callable[[D], Union[Literal[False], T]], message: str = \"\") -> T:\n        \"\"\"Wait until the method returns a value that is not False.\n    \n        Calls the method provided with the driver as an argument until the\n        return value does not evaluate to ``False``.\n    \n        Parameters:\n        -----------\n        method: callable(WebDriver)\n            - A callable object that takes a WebDriver instance as an argument.\n    \n        message: str\n            - Optional message for :exc:`TimeoutException`\n    \n        Return:\n        -------\n        object: T\n            - The result of the last call to `method`\n    \n        Raises:\n        -------\n        TimeoutException\n            - If 'method' does not return a truthy value within the WebDriverWait\n            object's timeout\n    \n        Example:\n        --------\n        >>> from selenium.webdriver.common.by import By\n        >>> from selenium.webdriver.support.ui import WebDriverWait\n        >>> from selenium.webdriver.support import expected_conditions as EC\n    \n        # Wait until an element is visible on the page\n        >>> wait = WebDriverWait(driver, 10)\n        >>> element = wait.until(EC.visibility_of_element_located((By.ID, \"exampleId\")))\n        >>> print(element.text)\n        \"\"\"\n        screen = None\n        stacktrace = None\n    \n        end_time = time.monotonic() + self._timeout\n        while True:\n            try:\n                value = method(self._driver)\n                if value:\n                    return value\n            except self._ignored_exceptions as exc:\n                screen = getattr(exc, \"screen\", None)\n                stacktrace = getattr(exc, \"stacktrace\", None)\n            if time.monotonic() > end_time:\n                break\n            time.sleep(self._poll)\n>       raise TimeoutException(message, screen, stacktrace)\nE       selenium.common.exceptions.TimeoutException: Message: \nE       Stacktrace:\nE       Symbols not available. Dumping unresolved backtrace:\nE       \t0x7ff66d2efe35\nE       \t0x7ff66d2efe90\nE       \t0x7ff66d07139d\nE       \t0x7ff66d0c9d8e\nE       \t0x7ff66d0ca09c\nE       \t0x7ff66d11e8d7\nE       \t0x7ff66d11b61b\nE       \t0x7ff66d0bac6d\nE       \t0x7ff66d0bbae3\nE       \t0x7ff66d5ba10d\nE       \t0x7ff66d5b448a\nE       \t0x7ff66d5d5157\nE       \t0x7ff66d30a81e\nE       \t0x7ff66d31262f\nE       \t0x7ff66d2f9324\nE       \t0x7ff66d2f94df\nE       \t0x7ff66d2dee88\nE       \t0x7ff9e6a37374\nE       \t0x7ff9e86dcc91\n\nD:\\Python310\\lib\\site-packages\\selenium\\webdriver\\support\\wait.py:138: TimeoutException","flaky":false,"newFailed":false,"newBroken":false,"newPassed":false,"retriesCount":0,"retriesStatusChange":false,"beforeStages":[{"name":"login_to_home","time":{"start":1768413629910,"stop":1768413647739,"duration":17829},"status":"passed","steps":[],"attachments":[],"parameters":[],"stepsCount":0,"hasContent":false,"attachmentStep":false,"shouldDisplayMessage":false,"attachmentsCount":0}],"testStage":{"status":"broken","statusMessage":"selenium.common.exceptions.TimeoutException: Message: \nStacktrace:\nSymbols not available. Dumping unresolved backtrace:\n\t0x7ff66d2efe35\n\t0x7ff66d2efe90\n\t0x7ff66d07139d\n\t0x7ff66d0c9d8e\n\t0x7ff66d0ca09c\n\t0x7ff66d11e8d7\n\t0x7ff66d11b61b\n\t0x7ff66d0bac6d\n\t0x7ff66d0bbae3\n\t0x7ff66d5ba10d\n\t0x7ff66d5b448a\n\t0x7ff66d5d5157\n\t0x7ff66d30a81e\n\t0x7ff66d31262f\n\t0x7ff66d2f9324\n\t0x7ff66d2f94df\n\t0x7ff66d2dee88\n\t0x7ff9e6a37374\n\t0x7ff9e86dcc91","statusTrace":"self = <test_system.test_home.TestHomePage object at 0x000001F15DDA5B40>, login_to_home = <selenium.webdriver.chrome.webdriver.WebDriver (session=\"27dd26f9a13db05000dc7d740648f39b\")>\n\n    @allure.story(\"添加测试模版\")\n    # @pytest.mark.run(order=1)\n    def test_home_save_template_11(self, login_to_home):\n        driver = login_to_home  # WebDriver 实例\n        home = HomePage(driver)  # 用 driver 初始化 HomePage\n        driver.execute_script(\"document.body.style.zoom='0.6'\")\n        sleep(1)\n        home.click_template()\n        ele = home.finds_elements(By.XPATH, '//span[text()=\" 初始模版使用 \"]')\n        if ele:\n            xpath = '//span[text()=\" 初始模版使用 \"]/following-sibling::span[not(contains(@style,\"display: none\"))]'\n            text_ = home.get_find_element_xpath(xpath).get_attribute(\"innerText\")\n            if text_ == \"加载模板\":\n                home.click_button(xpath)\n                home.click_button('//div[@class=\"ivu-modal-confirm-footer\"]//span[text()=\"确定\"]')\n                sleep(1)\n        else:\n>           text = home.click_save_template_button(name=\"初始模版使用\", button=\"确定\")\n\nTests\\test_system\\test_home.py:83: \n_ _ _ _ _ _ _ _ _ _ _ _ _ _ _ _ _ _ _ _ _ _ _ _ _ _ _ _ _ _ _ _ _ _ _ _ _ _ _ _ _ _ _ _ _ _ _ _ _ _ _ _ _ _ _ _ _ _ _ _ _ _ _ _ _ _ _ _ _ _ _ _ _ _ _ _ _ _ _ _ _ _ _ _ _ _ _ _ _ _ _ _ _ _ _ _ _ _ _ _ _ _ _ _ _ _ _ _ _ _ _ _ _ _ _ _\nPages\\systemPage\\homepage_page.py:87: in click_save_template_button\n    self.enter_texts('//div[text()=\" 名称 \"]/following-sibling::div//input', name)\nPages\\systemPage\\homepage_page.py:18: in enter_texts\n    self.enter_text(By.XPATH, xpath, text)\nPages\\base_page.py:90: in enter_text\n    element = WebDriverWait(self.driver, wait_time).until(\n_ _ _ _ _ _ _ _ _ _ _ _ _ _ _ _ _ _ _ _ _ _ _ _ _ _ _ _ _ _ _ _ _ _ _ _ _ _ _ _ _ _ _ _ _ _ _ _ _ _ _ _ _ _ _ _ _ _ _ _ _ _ _ _ _ _ _ _ _ _ _ _ _ _ _ _ _ _ _ _ _ _ _ _ _ _ _ _ _ _ _ _ _ _ _ _ _ _ _ _ _ _ _ _ _ _ _ _ _ _ _ _ _ _ _ _\n\nself = <selenium.webdriver.support.wait.WebDriverWait (session=\"27dd26f9a13db05000dc7d740648f39b\")>, method = <function visibility_of_element_located.<locals>._predicate at 0x000001F15FAA6E60>, message = ''\n\n    def until(self, method: Callable[[D], Union[Literal[False], T]], message: str = \"\") -> T:\n        \"\"\"Wait until the method returns a value that is not False.\n    \n        Calls the method provided with the driver as an argument until the\n        return value does not evaluate to ``False``.\n    \n        Parameters:\n        -----------\n        method: callable(WebDriver)\n            - A callable object that takes a WebDriver instance as an argument.\n    \n        message: str\n            - Optional message for :exc:`TimeoutException`\n    \n        Return:\n        -------\n        object: T\n            - The result of the last call to `method`\n    \n        Raises:\n        -------\n        TimeoutException\n            - If 'method' does not return a truthy value within the WebDriverWait\n            object's timeout\n    \n        Example:\n        --------\n        >>> from selenium.webdriver.common.by import By\n        >>> from selenium.webdriver.support.ui import WebDriverWait\n        >>> from selenium.webdriver.support import expected_conditions as EC\n    \n        # Wait until an element is visible on the page\n        >>> wait = WebDriverWait(driver, 10)\n        >>> element = wait.until(EC.visibility_of_element_located((By.ID, \"exampleId\")))\n        >>> print(element.text)\n        \"\"\"\n        screen = None\n        stacktrace = None\n    \n        end_time = time.monotonic() + self._timeout\n        while True:\n            try:\n                value = method(self._driver)\n                if value:\n                    return value\n            except self._ignored_exceptions as exc:\n                screen = getattr(exc, \"screen\", None)\n                stacktrace = getattr(exc, \"stacktrace\", None)\n            if time.monotonic() > end_time:\n                break\n            time.sleep(self._poll)\n>       raise TimeoutException(message, screen, stacktrace)\nE       selenium.common.exceptions.TimeoutException: Message: \nE       Stacktrace:\nE       Symbols not available. Dumping unresolved backtrace:\nE       \t0x7ff66d2efe35\nE       \t0x7ff66d2efe90\nE       \t0x7ff66d07139d\nE       \t0x7ff66d0c9d8e\nE       \t0x7ff66d0ca09c\nE       \t0x7ff66d11e8d7\nE       \t0x7ff66d11b61b\nE       \t0x7ff66d0bac6d\nE       \t0x7ff66d0bbae3\nE       \t0x7ff66d5ba10d\nE       \t0x7ff66d5b448a\nE       \t0x7ff66d5d5157\nE       \t0x7ff66d30a81e\nE       \t0x7ff66d31262f\nE       \t0x7ff66d2f9324\nE       \t0x7ff66d2f94df\nE       \t0x7ff66d2dee88\nE       \t0x7ff9e6a37374\nE       \t0x7ff9e86dcc91\n\nD:\\Python310\\lib\\site-packages\\selenium\\webdriver\\support\\wait.py:138: TimeoutException","steps":[],"attachments":[{"uid":"598639c49ac6ec0e","name":"test_home_save_template_11_20260115_020104","source":"598639c49ac6ec0e.png","type":"image/png","size":73614},{"uid":"512822a39f2a3b8d","name":"log","source":"512822a39f2a3b8d.txt","type":"text/plain","size":1634}],"parameters":[],"stepsCount":0,"hasContent":true,"attachmentStep":false,"shouldDisplayMessage":true,"attachmentsCount":2},"afterStages":[{"name":"login_to_home::0","time":{"start":1768414157437,"stop":1768414159679,"duration":2242},"status":"passed","steps":[],"attachments":[],"parameters":[],"stepsCount":0,"hasContent":false,"attachmentStep":false,"shouldDisplayMessage":false,"attachmentsCount":0}],"labels":[{"name":"feature","value":"主页设置页用例"},{"name":"story","value":"添加测试模版"},{"name":"parentSuite","value":"Tests.test_system"},{"name":"suite","value":"test_home"},{"name":"subSuite","value":"TestHomePage"},{"name":"host","value":"DESKTOP-L7L44NB"},{"name":"thread","value":"19716-MainThread"},{"name":"framework","value":"pytest"},{"name":"language","value":"cpython3"},{"name":"package","value":"Tests.test_system.test_home"},{"name":"resultFormat","value":"allure2"}],"parameters":[],"links":[],"hidden":true,"retry":true,"extra":{"categories":[],"tags":[]},"source":"8dcf5ae042f86c4a.json","parameterValues":[]}