{"uid":"91b08026988dcdf9","name":"test_imp_textverify","fullName":"Tests.test_system.test_imp.TestImpPage#test_imp_textverify","historyId":"1ecaa337287ba7b17659af2c8667d333","time":{"start":1769198591211,"stop":1769198603258,"duration":12047},"status":"broken","statusMessage":"selenium.common.exceptions.TimeoutException: Message: \nStacktrace:\nSymbols not available. Dumping unresolved backtrace:\n\t0x7ff74922fe35\n\t0x7ff74922fe90\n\t0x7ff748fb139d\n\t0x7ff749009d8e\n\t0x7ff74900a09c\n\t0x7ff74905e8d7\n\t0x7ff74905b61b\n\t0x7ff748ffac6d\n\t0x7ff748ffbae3\n\t0x7ff7494fa10d\n\t0x7ff7494f448a\n\t0x7ff749515157\n\t0x7ff74924a81e\n\t0x7ff74925262f\n\t0x7ff749239324\n\t0x7ff7492394df\n\t0x7ff74921ee88\n\t0x7ffc59d27374\n\t0x7ffc5a9fcc91","statusTrace":"self = <test_system.test_imp.TestImpPage object at 0x000002920DE618A0>, login_to_imp = <selenium.webdriver.chrome.webdriver.WebDriver (session=\"6daab22c69fdf970cbe7f31055b58643\")>\n\n    @allure.story(\"文本框的校验\")\n    # @pytest.mark.run(order=1)\n    def test_imp_textverify(self, login_to_imp):\n        driver = login_to_imp  # WebDriver 实例\n        imp = ImpPage(driver)  # 用 driver 初始化 ImpPage\n        name = \"111111111111111133331122221111222221111111113333111111144444111111111111111111111111111111111111111111111111\"\n        imp.add_imp(name)\n>       message = imp.get_find_message()\n\nTests\\test_system\\test_imp.py:100: \n_ _ _ _ _ _ _ _ _ _ _ _ _ _ _ _ _ _ _ _ _ _ _ _ _ _ _ _ _ _ _ _ _ _ _ _ _ _ _ _ _ _ _ _ _ _ _ _ _ _ _ _ _ _ _ _ _ _ _ _ _ _ _ _ _ _ _ _ _ _ _ _ _ _ _ _ _ _ _ _ _ _ _ _ _ _ _ _ _ _ _ _ _ _ _ _ _ _ _ _ _ _ _ _ _ _ _ _ _ _ _ _ _ _ _ _\nPages\\systemPage\\imp_page.py:42: in get_find_message\n    message = WebDriverWait(self.driver, 10).until(\n_ _ _ _ _ _ _ _ _ _ _ _ _ _ _ _ _ _ _ _ _ _ _ _ _ _ _ _ _ _ _ _ _ _ _ _ _ _ _ _ _ _ _ _ _ _ _ _ _ _ _ _ _ _ _ _ _ _ _ _ _ _ _ _ _ _ _ _ _ _ _ _ _ _ _ _ _ _ _ _ _ _ _ _ _ _ _ _ _ _ _ _ _ _ _ _ _ _ _ _ _ _ _ _ _ _ _ _ _ _ _ _ _ _ _ _\n\nself = <selenium.webdriver.support.wait.WebDriverWait (session=\"6daab22c69fdf970cbe7f31055b58643\")>, method = <function visibility_of_element_located.<locals>._predicate at 0x000002920FC12170>, message = ''\n\n    def until(self, method: Callable[[D], Union[Literal[False], T]], message: str = \"\") -> T:\n        \"\"\"Wait until the method returns a value that is not False.\n    \n        Calls the method provided with the driver as an argument until the\n        return value does not evaluate to ``False``.\n    \n        Parameters:\n        -----------\n        method: callable(WebDriver)\n            - A callable object that takes a WebDriver instance as an argument.\n    \n        message: str\n            - Optional message for :exc:`TimeoutException`\n    \n        Return:\n        -------\n        object: T\n            - The result of the last call to `method`\n    \n        Raises:\n        -------\n        TimeoutException\n            - If 'method' does not return a truthy value within the WebDriverWait\n            object's timeout\n    \n        Example:\n        --------\n        >>> from selenium.webdriver.common.by import By\n        >>> from selenium.webdriver.support.ui import WebDriverWait\n        >>> from selenium.webdriver.support import expected_conditions as EC\n    \n        # Wait until an element is visible on the page\n        >>> wait = WebDriverWait(driver, 10)\n        >>> element = wait.until(EC.visibility_of_element_located((By.ID, \"exampleId\")))\n        >>> print(element.text)\n        \"\"\"\n        screen = None\n        stacktrace = None\n    \n        end_time = time.monotonic() + self._timeout\n        while True:\n            try:\n                value = method(self._driver)\n                if value:\n                    return value\n            except self._ignored_exceptions as exc:\n                screen = getattr(exc, \"screen\", None)\n                stacktrace = getattr(exc, \"stacktrace\", None)\n            if time.monotonic() > end_time:\n                break\n            time.sleep(self._poll)\n>       raise TimeoutException(message, screen, stacktrace)\nE       selenium.common.exceptions.TimeoutException: Message: \nE       Stacktrace:\nE       Symbols not available. Dumping unresolved backtrace:\nE       \t0x7ff74922fe35\nE       \t0x7ff74922fe90\nE       \t0x7ff748fb139d\nE       \t0x7ff749009d8e\nE       \t0x7ff74900a09c\nE       \t0x7ff74905e8d7\nE       \t0x7ff74905b61b\nE       \t0x7ff748ffac6d\nE       \t0x7ff748ffbae3\nE       \t0x7ff7494fa10d\nE       \t0x7ff7494f448a\nE       \t0x7ff749515157\nE       \t0x7ff74924a81e\nE       \t0x7ff74925262f\nE       \t0x7ff749239324\nE       \t0x7ff7492394df\nE       \t0x7ff74921ee88\nE       \t0x7ffc59d27374\nE       \t0x7ffc5a9fcc91\n\nD:\\Python310\\lib\\site-packages\\selenium\\webdriver\\support\\wait.py:138: TimeoutException","flaky":false,"newFailed":false,"newBroken":false,"newPassed":false,"retriesCount":1,"retriesStatusChange":true,"beforeStages":[{"name":"login_to_imp","time":{"start":1769198557037,"stop":1769198573842,"duration":16805},"status":"passed","steps":[],"attachments":[],"parameters":[],"shouldDisplayMessage":false,"attachmentsCount":0,"stepsCount":0,"attachmentStep":false,"hasContent":false}],"testStage":{"status":"broken","statusMessage":"selenium.common.exceptions.TimeoutException: Message: \nStacktrace:\nSymbols not available. Dumping unresolved backtrace:\n\t0x7ff74922fe35\n\t0x7ff74922fe90\n\t0x7ff748fb139d\n\t0x7ff749009d8e\n\t0x7ff74900a09c\n\t0x7ff74905e8d7\n\t0x7ff74905b61b\n\t0x7ff748ffac6d\n\t0x7ff748ffbae3\n\t0x7ff7494fa10d\n\t0x7ff7494f448a\n\t0x7ff749515157\n\t0x7ff74924a81e\n\t0x7ff74925262f\n\t0x7ff749239324\n\t0x7ff7492394df\n\t0x7ff74921ee88\n\t0x7ffc59d27374\n\t0x7ffc5a9fcc91","statusTrace":"self = <test_system.test_imp.TestImpPage object at 0x000002920DE618A0>, login_to_imp = <selenium.webdriver.chrome.webdriver.WebDriver (session=\"6daab22c69fdf970cbe7f31055b58643\")>\n\n    @allure.story(\"文本框的校验\")\n    # @pytest.mark.run(order=1)\n    def test_imp_textverify(self, login_to_imp):\n        driver = login_to_imp  # WebDriver 实例\n        imp = ImpPage(driver)  # 用 driver 初始化 ImpPage\n        name = \"111111111111111133331122221111222221111111113333111111144444111111111111111111111111111111111111111111111111\"\n        imp.add_imp(name)\n>       message = imp.get_find_message()\n\nTests\\test_system\\test_imp.py:100: \n_ _ _ _ _ _ _ _ _ _ _ _ _ _ _ _ _ _ _ _ _ _ _ _ _ _ _ _ _ _ _ _ _ _ _ _ _ _ _ _ _ _ _ _ _ _ _ _ _ _ _ _ _ _ _ _ _ _ _ _ _ _ _ _ _ _ _ _ _ _ _ _ _ _ _ _ _ _ _ _ _ _ _ _ _ _ _ _ _ _ _ _ _ _ _ _ _ _ _ _ _ _ _ _ _ _ _ _ _ _ _ _ _ _ _ _\nPages\\systemPage\\imp_page.py:42: in get_find_message\n    message = WebDriverWait(self.driver, 10).until(\n_ _ _ _ _ _ _ _ _ _ _ _ _ _ _ _ _ _ _ _ _ _ _ _ _ _ _ _ _ _ _ _ _ _ _ _ _ _ _ _ _ _ _ _ _ _ _ _ _ _ _ _ _ _ _ _ _ _ _ _ _ _ _ _ _ _ _ _ _ _ _ _ _ _ _ _ _ _ _ _ _ _ _ _ _ _ _ _ _ _ _ _ _ _ _ _ _ _ _ _ _ _ _ _ _ _ _ _ _ _ _ _ _ _ _ _\n\nself = <selenium.webdriver.support.wait.WebDriverWait (session=\"6daab22c69fdf970cbe7f31055b58643\")>, method = <function visibility_of_element_located.<locals>._predicate at 0x000002920FC12170>, message = ''\n\n    def until(self, method: Callable[[D], Union[Literal[False], T]], message: str = \"\") -> T:\n        \"\"\"Wait until the method returns a value that is not False.\n    \n        Calls the method provided with the driver as an argument until the\n        return value does not evaluate to ``False``.\n    \n        Parameters:\n        -----------\n        method: callable(WebDriver)\n            - A callable object that takes a WebDriver instance as an argument.\n    \n        message: str\n            - Optional message for :exc:`TimeoutException`\n    \n        Return:\n        -------\n        object: T\n            - The result of the last call to `method`\n    \n        Raises:\n        -------\n        TimeoutException\n            - If 'method' does not return a truthy value within the WebDriverWait\n            object's timeout\n    \n        Example:\n        --------\n        >>> from selenium.webdriver.common.by import By\n        >>> from selenium.webdriver.support.ui import WebDriverWait\n        >>> from selenium.webdriver.support import expected_conditions as EC\n    \n        # Wait until an element is visible on the page\n        >>> wait = WebDriverWait(driver, 10)\n        >>> element = wait.until(EC.visibility_of_element_located((By.ID, \"exampleId\")))\n        >>> print(element.text)\n        \"\"\"\n        screen = None\n        stacktrace = None\n    \n        end_time = time.monotonic() + self._timeout\n        while True:\n            try:\n                value = method(self._driver)\n                if value:\n                    return value\n            except self._ignored_exceptions as exc:\n                screen = getattr(exc, \"screen\", None)\n                stacktrace = getattr(exc, \"stacktrace\", None)\n            if time.monotonic() > end_time:\n                break\n            time.sleep(self._poll)\n>       raise TimeoutException(message, screen, stacktrace)\nE       selenium.common.exceptions.TimeoutException: Message: \nE       Stacktrace:\nE       Symbols not available. Dumping unresolved backtrace:\nE       \t0x7ff74922fe35\nE       \t0x7ff74922fe90\nE       \t0x7ff748fb139d\nE       \t0x7ff749009d8e\nE       \t0x7ff74900a09c\nE       \t0x7ff74905e8d7\nE       \t0x7ff74905b61b\nE       \t0x7ff748ffac6d\nE       \t0x7ff748ffbae3\nE       \t0x7ff7494fa10d\nE       \t0x7ff7494f448a\nE       \t0x7ff749515157\nE       \t0x7ff74924a81e\nE       \t0x7ff74925262f\nE       \t0x7ff749239324\nE       \t0x7ff7492394df\nE       \t0x7ff74921ee88\nE       \t0x7ffc59d27374\nE       \t0x7ffc5a9fcc91\n\nD:\\Python310\\lib\\site-packages\\selenium\\webdriver\\support\\wait.py:138: TimeoutException","steps":[],"attachments":[{"uid":"c465fe8b0a1a4cdd","name":"test_imp_textverify_20260124_040323","source":"c465fe8b0a1a4cdd.png","type":"image/png","size":45550},{"uid":"22f34e54407bd2b","name":"log","source":"22f34e54407bd2b.txt","type":"text/plain","size":1060}],"parameters":[],"shouldDisplayMessage":true,"attachmentsCount":2,"stepsCount":0,"attachmentStep":false,"hasContent":true},"afterStages":[{"name":"login_to_imp::0","time":{"start":1769198726032,"stop":1769198728206,"duration":2174},"status":"passed","steps":[],"attachments":[],"parameters":[],"shouldDisplayMessage":false,"attachmentsCount":0,"stepsCount":0,"attachmentStep":false,"hasContent":false}],"labels":[{"name":"story","value":"文本框的校验"},{"name":"feature","value":"导入设置页用例"},{"name":"parentSuite","value":"Tests.test_system"},{"name":"suite","value":"test_imp"},{"name":"subSuite","value":"TestImpPage"},{"name":"host","value":"DESKTOP-L7L44NB"},{"name":"thread","value":"13144-MainThread"},{"name":"framework","value":"pytest"},{"name":"language","value":"cpython3"},{"name":"package","value":"Tests.test_system.test_imp"},{"name":"resultFormat","value":"allure2"}],"parameters":[],"links":[],"hidden":false,"retry":false,"extra":{"severity":"normal","retries":[{"uid":"871988e3c6bf1163","status":"failed","statusDetails":"AssertionError: assert ('\\u65b0\\u589e...0\\u529f\\uff01' == '\\u65b0\\u589e...0\\u529f\\uff01'\n  \n  \u001B[0m\u001B[90m \u001B[39;49;00m 新增成功！\u001B[90m\u001B[39;49;00m and '' == '111111111111...1111111111111'\n  \n  \u001B[0m\u001B[91m- 111111111111111133331122221111222221111111113333111111144444111111111111111111111111111111111111111111111111\u001B[39;49;00m\u001B[90m\u001B[39;49;00m)","time":{"start":1769198586131,"stop":1769198591108,"duration":4977}}],"categories":[{"name":"Test defects","matchedStatuses":[]}],"tags":[]},"source":"91b08026988dcdf9.json","parameterValues":[]}