{"uid":"9756ce3b339f3968","name":"test_home_delete","fullName":"Tests.test_system.test_home.TestHomePage#test_home_delete","historyId":"a811a2687d27896e712f44a4c71d17b1","time":{"start":1765227243151,"stop":1765227272576,"duration":29425},"status":"failed","statusMessage":"AssertionError: assert 1 == 2","statusTrace":"self = <test_system.test_home.TestHomePage object at 0x000001F32EDF7550>, login_to_home = <selenium.webdriver.chrome.webdriver.WebDriver (session=\"917d8a56828657747ecaa8b672b1e813\")>\n\n    @allure.story(\"删除组件成功\")\n    # @pytest.mark.run(order=1)\n    def test_home_delete(self, login_to_home):\n        driver = login_to_home  # WebDriver 实例\n        home = HomePage(driver)  # 用 driver 初始化 HomePage\n        home.click_button('//div[@id=\"homeCanvasBox\"]/div[2]')\n        home.clear_button(\"确定\")\n        home.click_save_button()\n        home.wait_for_el_loading_mask()\n        home.right_refresh()\n        num = home.count_div_elements()\n>       assert num == 2\nE       assert 1 == 2\n\nTests\\test_system\\test_home.py:341: AssertionError","flaky":false,"newFailed":false,"newBroken":false,"newPassed":false,"retriesCount":1,"retriesStatusChange":true,"beforeStages":[{"name":"login_to_home","time":{"start":1765227224947,"stop":1765227243150,"duration":18203},"status":"passed","steps":[],"attachments":[],"parameters":[],"stepsCount":0,"attachmentStep":false,"hasContent":false,"attachmentsCount":0,"shouldDisplayMessage":false}],"testStage":{"status":"failed","statusMessage":"AssertionError: assert 1 == 2","statusTrace":"self = <test_system.test_home.TestHomePage object at 0x000001F32EDF7550>, login_to_home = <selenium.webdriver.chrome.webdriver.WebDriver (session=\"917d8a56828657747ecaa8b672b1e813\")>\n\n    @allure.story(\"删除组件成功\")\n    # @pytest.mark.run(order=1)\n    def test_home_delete(self, login_to_home):\n        driver = login_to_home  # WebDriver 实例\n        home = HomePage(driver)  # 用 driver 初始化 HomePage\n        home.click_button('//div[@id=\"homeCanvasBox\"]/div[2]')\n        home.clear_button(\"确定\")\n        home.click_save_button()\n        home.wait_for_el_loading_mask()\n        home.right_refresh()\n        num = home.count_div_elements()\n>       assert num == 2\nE       assert 1 == 2\n\nTests\\test_system\\test_home.py:341: AssertionError","steps":[],"attachments":[{"uid":"982fe0bd008b8fb6","name":"test_home_delete_failure","source":"982fe0bd008b8fb6.png","type":"image/png","size":70425},{"uid":"d4530ea141e055b8","name":"test_home_delete_source","source":"d4530ea141e055b8.html","type":"text/html","size":14237021},{"uid":"d967786b573143e9","name":"log","source":"d967786b573143e9.txt","type":"text/plain","size":4108}],"parameters":[],"stepsCount":0,"attachmentStep":false,"hasContent":true,"attachmentsCount":3,"shouldDisplayMessage":true},"afterStages":[{"name":"login_to_home::0","time":{"start":1765227273758,"stop":1765227275910,"duration":2152},"status":"passed","steps":[],"attachments":[],"parameters":[],"stepsCount":0,"attachmentStep":false,"hasContent":false,"attachmentsCount":0,"shouldDisplayMessage":false}],"labels":[{"name":"feature","value":"主页设置页用例"},{"name":"story","value":"删除组件成功"},{"name":"parentSuite","value":"Tests.test_system"},{"name":"suite","value":"test_home"},{"name":"subSuite","value":"TestHomePage"},{"name":"host","value":"DESKTOP-L7L44NB"},{"name":"thread","value":"23632-MainThread"},{"name":"framework","value":"pytest"},{"name":"language","value":"cpython3"},{"name":"package","value":"Tests.test_system.test_home"},{"name":"resultFormat","value":"allure2"}],"parameters":[],"links":[],"hidden":false,"retry":false,"extra":{"severity":"normal","retries":[{"uid":"8b3714a65a5fec30","status":"broken","statusDetails":"selenium.common.exceptions.TimeoutException: Message:","time":{"start":1765227202973,"stop":1765227221518,"duration":18545}}],"categories":[{"name":"Product defects","matchedStatuses":[]}],"tags":[]},"source":"9756ce3b339f3968.json","parameterValues":[]}