{"uid":"9965625e827d81f5","name":"test_apps_select1","fullName":"Tests.test_system.test_apps.TestSAppsPage#test_apps_select1","historyId":"2ec5392b3d2fae8d10e6858b68f24395","time":{"start":1769549346144,"stop":1769549359329,"duration":13185},"status":"broken","statusMessage":"selenium.common.exceptions.TimeoutException: Message: \nStacktrace:\nSymbols not available. Dumping unresolved backtrace:\n\t0x7ff7a57dfe35\n\t0x7ff7a57dfe90\n\t0x7ff7a556139d\n\t0x7ff7a55b9d8e\n\t0x7ff7a55ba09c\n\t0x7ff7a560e8d7\n\t0x7ff7a560b61b\n\t0x7ff7a55aac6d\n\t0x7ff7a55abae3\n\t0x7ff7a5aaa10d\n\t0x7ff7a5aa448a\n\t0x7ff7a5ac5157\n\t0x7ff7a57fa81e\n\t0x7ff7a580262f\n\t0x7ff7a57e9324\n\t0x7ff7a57e94df\n\t0x7ff7a57cee88\n\t0x7ffc59d27374\n\t0x7ffc5a9fcc91","statusTrace":"self = <test_system.test_apps.TestSAppsPage object at 0x000001EC0180CA30>, login_to_apps = <selenium.webdriver.chrome.webdriver.WebDriver (session=\"c8e4134aea53d67ac82b296b2fb98251\")>\n\n    @allure.story(\"过滤查组件名称成功\")\n    # @pytest.mark.run(order=1)\n    def test_apps_select1(self, login_to_apps):\n        driver = login_to_apps  # WebDriver 实例\n        apps = AppsPage(driver)  # 用 driver 初始化 ExpressionPage\n        apps.wait_for_loading_to_disappear()\n        name = \"物品\"\n>       apps.enter_texts('//div[div[p[text()=\"应用名称\"]]]//input', name)\n\nTests\\test_system\\test_apps.py:869: \n_ _ _ _ _ _ _ _ _ _ _ _ _ _ _ _ _ _ _ _ _ _ _ _ _ _ _ _ _ _ _ _ _ _ _ _ _ _ _ _ _ _ _ _ _ _ _ _ _ _ _ _ _ _ _ _ _ _ _ _ _ _ _ _ _ _ _ _ _ _ _ _ _ _ _ _ _ _ _ _ _ _ _ _ _ _ _ _ _ _ _ _ _ _ _ _ _ _ _ _ _ _ _ _ _ _ _ _ _ _ _ _ _ _ _ _\nPages\\systemPage\\apps_page.py:20: in enter_texts\n    self.enter_text(By.XPATH, xpath, text)\nPages\\base_page.py:90: in enter_text\n    element = WebDriverWait(self.driver, wait_time).until(\n_ _ _ _ _ _ _ _ _ _ _ _ _ _ _ _ _ _ _ _ _ _ _ _ _ _ _ _ _ _ _ _ _ _ _ _ _ _ _ _ _ _ _ _ _ _ _ _ _ _ _ _ _ _ _ _ _ _ _ _ _ _ _ _ _ _ _ _ _ _ _ _ _ _ _ _ _ _ _ _ _ _ _ _ _ _ _ _ _ _ _ _ _ _ _ _ _ _ _ _ _ _ _ _ _ _ _ _ _ _ _ _ _ _ _ _\n\nself = <selenium.webdriver.support.wait.WebDriverWait (session=\"c8e4134aea53d67ac82b296b2fb98251\")>, method = <function visibility_of_element_located.<locals>._predicate at 0x000001EC04A256C0>, message = ''\n\n    def until(self, method: Callable[[D], Union[Literal[False], T]], message: str = \"\") -> T:\n        \"\"\"Wait until the method returns a value that is not False.\n    \n        Calls the method provided with the driver as an argument until the\n        return value does not evaluate to ``False``.\n    \n        Parameters:\n        -----------\n        method: callable(WebDriver)\n            - A callable object that takes a WebDriver instance as an argument.\n    \n        message: str\n            - Optional message for :exc:`TimeoutException`\n    \n        Return:\n        -------\n        object: T\n            - The result of the last call to `method`\n    \n        Raises:\n        -------\n        TimeoutException\n            - If 'method' does not return a truthy value within the WebDriverWait\n            object's timeout\n    \n        Example:\n        --------\n        >>> from selenium.webdriver.common.by import By\n        >>> from selenium.webdriver.support.ui import WebDriverWait\n        >>> from selenium.webdriver.support import expected_conditions as EC\n    \n        # Wait until an element is visible on the page\n        >>> wait = WebDriverWait(driver, 10)\n        >>> element = wait.until(EC.visibility_of_element_located((By.ID, \"exampleId\")))\n        >>> print(element.text)\n        \"\"\"\n        screen = None\n        stacktrace = None\n    \n        end_time = time.monotonic() + self._timeout\n        while True:\n            try:\n                value = method(self._driver)\n                if value:\n                    return value\n            except self._ignored_exceptions as exc:\n                screen = getattr(exc, \"screen\", None)\n                stacktrace = getattr(exc, \"stacktrace\", None)\n            if time.monotonic() > end_time:\n                break\n            time.sleep(self._poll)\n>       raise TimeoutException(message, screen, stacktrace)\nE       selenium.common.exceptions.TimeoutException: Message: \nE       Stacktrace:\nE       Symbols not available. Dumping unresolved backtrace:\nE       \t0x7ff7a57dfe35\nE       \t0x7ff7a57dfe90\nE       \t0x7ff7a556139d\nE       \t0x7ff7a55b9d8e\nE       \t0x7ff7a55ba09c\nE       \t0x7ff7a560e8d7\nE       \t0x7ff7a560b61b\nE       \t0x7ff7a55aac6d\nE       \t0x7ff7a55abae3\nE       \t0x7ff7a5aaa10d\nE       \t0x7ff7a5aa448a\nE       \t0x7ff7a5ac5157\nE       \t0x7ff7a57fa81e\nE       \t0x7ff7a580262f\nE       \t0x7ff7a57e9324\nE       \t0x7ff7a57e94df\nE       \t0x7ff7a57cee88\nE       \t0x7ffc59d27374\nE       \t0x7ffc5a9fcc91\n\nD:\\Python310\\lib\\site-packages\\selenium\\webdriver\\support\\wait.py:138: TimeoutException","flaky":false,"newFailed":false,"newBroken":false,"newPassed":false,"retriesCount":1,"retriesStatusChange":false,"beforeStages":[{"name":"login_to_apps","time":{"start":1769548980407,"stop":1769548998301,"duration":17894},"status":"passed","steps":[],"attachments":[],"parameters":[],"attachmentStep":false,"hasContent":false,"stepsCount":0,"shouldDisplayMessage":false,"attachmentsCount":0}],"testStage":{"status":"broken","statusMessage":"selenium.common.exceptions.TimeoutException: Message: \nStacktrace:\nSymbols not available. Dumping unresolved backtrace:\n\t0x7ff7a57dfe35\n\t0x7ff7a57dfe90\n\t0x7ff7a556139d\n\t0x7ff7a55b9d8e\n\t0x7ff7a55ba09c\n\t0x7ff7a560e8d7\n\t0x7ff7a560b61b\n\t0x7ff7a55aac6d\n\t0x7ff7a55abae3\n\t0x7ff7a5aaa10d\n\t0x7ff7a5aa448a\n\t0x7ff7a5ac5157\n\t0x7ff7a57fa81e\n\t0x7ff7a580262f\n\t0x7ff7a57e9324\n\t0x7ff7a57e94df\n\t0x7ff7a57cee88\n\t0x7ffc59d27374\n\t0x7ffc5a9fcc91","statusTrace":"self = <test_system.test_apps.TestSAppsPage object at 0x000001EC0180CA30>, login_to_apps = <selenium.webdriver.chrome.webdriver.WebDriver (session=\"c8e4134aea53d67ac82b296b2fb98251\")>\n\n    @allure.story(\"过滤查组件名称成功\")\n    # @pytest.mark.run(order=1)\n    def test_apps_select1(self, login_to_apps):\n        driver = login_to_apps  # WebDriver 实例\n        apps = AppsPage(driver)  # 用 driver 初始化 ExpressionPage\n        apps.wait_for_loading_to_disappear()\n        name = \"物品\"\n>       apps.enter_texts('//div[div[p[text()=\"应用名称\"]]]//input', name)\n\nTests\\test_system\\test_apps.py:869: \n_ _ _ _ _ _ _ _ _ _ _ _ _ _ _ _ _ _ _ _ _ _ _ _ _ _ _ _ _ _ _ _ _ _ _ _ _ _ _ _ _ _ _ _ _ _ _ _ _ _ _ _ _ _ _ _ _ _ _ _ _ _ _ _ _ _ _ _ _ _ _ _ _ _ _ _ _ _ _ _ _ _ _ _ _ _ _ _ _ _ _ _ _ _ _ _ _ _ _ _ _ _ _ _ _ _ _ _ _ _ _ _ _ _ _ _\nPages\\systemPage\\apps_page.py:20: in enter_texts\n    self.enter_text(By.XPATH, xpath, text)\nPages\\base_page.py:90: in enter_text\n    element = WebDriverWait(self.driver, wait_time).until(\n_ _ _ _ _ _ _ _ _ _ _ _ _ _ _ _ _ _ _ _ _ _ _ _ _ _ _ _ _ _ _ _ _ _ _ _ _ _ _ _ _ _ _ _ _ _ _ _ _ _ _ _ _ _ _ _ _ _ _ _ _ _ _ _ _ _ _ _ _ _ _ _ _ _ _ _ _ _ _ _ _ _ _ _ _ _ _ _ _ _ _ _ _ _ _ _ _ _ _ _ _ _ _ _ _ _ _ _ _ _ _ _ _ _ _ _\n\nself = <selenium.webdriver.support.wait.WebDriverWait (session=\"c8e4134aea53d67ac82b296b2fb98251\")>, method = <function visibility_of_element_located.<locals>._predicate at 0x000001EC04A256C0>, message = ''\n\n    def until(self, method: Callable[[D], Union[Literal[False], T]], message: str = \"\") -> T:\n        \"\"\"Wait until the method returns a value that is not False.\n    \n        Calls the method provided with the driver as an argument until the\n        return value does not evaluate to ``False``.\n    \n        Parameters:\n        -----------\n        method: callable(WebDriver)\n            - A callable object that takes a WebDriver instance as an argument.\n    \n        message: str\n            - Optional message for :exc:`TimeoutException`\n    \n        Return:\n        -------\n        object: T\n            - The result of the last call to `method`\n    \n        Raises:\n        -------\n        TimeoutException\n            - If 'method' does not return a truthy value within the WebDriverWait\n            object's timeout\n    \n        Example:\n        --------\n        >>> from selenium.webdriver.common.by import By\n        >>> from selenium.webdriver.support.ui import WebDriverWait\n        >>> from selenium.webdriver.support import expected_conditions as EC\n    \n        # Wait until an element is visible on the page\n        >>> wait = WebDriverWait(driver, 10)\n        >>> element = wait.until(EC.visibility_of_element_located((By.ID, \"exampleId\")))\n        >>> print(element.text)\n        \"\"\"\n        screen = None\n        stacktrace = None\n    \n        end_time = time.monotonic() + self._timeout\n        while True:\n            try:\n                value = method(self._driver)\n                if value:\n                    return value\n            except self._ignored_exceptions as exc:\n                screen = getattr(exc, \"screen\", None)\n                stacktrace = getattr(exc, \"stacktrace\", None)\n            if time.monotonic() > end_time:\n                break\n            time.sleep(self._poll)\n>       raise TimeoutException(message, screen, stacktrace)\nE       selenium.common.exceptions.TimeoutException: Message: \nE       Stacktrace:\nE       Symbols not available. Dumping unresolved backtrace:\nE       \t0x7ff7a57dfe35\nE       \t0x7ff7a57dfe90\nE       \t0x7ff7a556139d\nE       \t0x7ff7a55b9d8e\nE       \t0x7ff7a55ba09c\nE       \t0x7ff7a560e8d7\nE       \t0x7ff7a560b61b\nE       \t0x7ff7a55aac6d\nE       \t0x7ff7a55abae3\nE       \t0x7ff7a5aaa10d\nE       \t0x7ff7a5aa448a\nE       \t0x7ff7a5ac5157\nE       \t0x7ff7a57fa81e\nE       \t0x7ff7a580262f\nE       \t0x7ff7a57e9324\nE       \t0x7ff7a57e94df\nE       \t0x7ff7a57cee88\nE       \t0x7ffc59d27374\nE       \t0x7ffc5a9fcc91\n\nD:\\Python310\\lib\\site-packages\\selenium\\webdriver\\support\\wait.py:138: TimeoutException","steps":[],"attachments":[{"uid":"ded73b32d075b0a7","name":"test_apps_select1_20260128_052919","source":"ded73b32d075b0a7.png","type":"image/png","size":259061},{"uid":"80cd69710d87e271","name":"test_apps_select1_20260128_052919","source":"80cd69710d87e271.png","type":"image/png","size":19252},{"uid":"3c9f65fd24a3b75f","name":"test_apps_select1_20260128_052919","source":"3c9f65fd24a3b75f.png","type":"image/png","size":25727},{"uid":"a18fce4095589d0d","name":"test_apps_select1_20260128_052919","source":"a18fce4095589d0d.png","type":"image/png","size":19252},{"uid":"311ae992f2609c5b","name":"test_apps_select1_20260128_052919","source":"311ae992f2609c5b.png","type":"image/png","size":19252},{"uid":"7b43ace0a0670a00","name":"test_apps_select1_20260128_052919","source":"7b43ace0a0670a00.png","type":"image/png","size":25727},{"uid":"5234a8572ade651e","name":"test_apps_select1_20260128_052920","source":"5234a8572ade651e.png","type":"image/png","size":25727},{"uid":"7e28d9149e330ac6","name":"test_apps_select1_20260128_052920","source":"7e28d9149e330ac6.png","type":"image/png","size":19252},{"uid":"6d6f2f47977a4a08","name":"test_apps_select1_20260128_052920","source":"6d6f2f47977a4a08.png","type":"image/png","size":25727},{"uid":"aa09bcc676dbcb64","name":"test_apps_select1_20260128_052920","source":"aa09bcc676dbcb64.png","type":"image/png","size":25727},{"uid":"1d56343f2766fd48","name":"test_apps_select1_20260128_052920","source":"1d56343f2766fd48.png","type":"image/png","size":19252},{"uid":"ca6a6f9ea1f0b9b7","name":"test_apps_select1_20260128_052920","source":"ca6a6f9ea1f0b9b7.png","type":"image/png","size":25727},{"uid":"254eb8be50b4c687","name":"test_apps_select1_20260128_052920","source":"254eb8be50b4c687.png","type":"image/png","size":25727},{"uid":"6b744865ea0c2c91","name":"test_apps_select1_20260128_052920","source":"6b744865ea0c2c91.png","type":"image/png","size":25727},{"uid":"147f785d02770aa6","name":"test_apps_select1_20260128_052920","source":"147f785d02770aa6.png","type":"image/png","size":19252},{"uid":"58f570d924acf4f9","name":"test_apps_select1_20260128_052920","source":"58f570d924acf4f9.png","type":"image/png","size":25727},{"uid":"867823b36a67b790","name":"test_apps_select1_20260128_052921","source":"867823b36a67b790.png","type":"image/png","size":19252},{"uid":"8d10cdf5381d7ddc","name":"test_apps_select1_20260128_052921","source":"8d10cdf5381d7ddc.png","type":"image/png","size":94475}],"parameters":[],"attachmentStep":false,"hasContent":true,"stepsCount":0,"shouldDisplayMessage":true,"attachmentsCount":18},"afterStages":[{"name":"login_to_apps::0","time":{"start":1769549728865,"stop":1769549731056,"duration":2191},"status":"passed","steps":[],"attachments":[],"parameters":[],"attachmentStep":false,"hasContent":false,"stepsCount":0,"shouldDisplayMessage":false,"attachmentsCount":0}],"labels":[{"name":"story","value":"过滤查组件名称成功"},{"name":"feature","value":"应用管理页用例"},{"name":"parentSuite","value":"Tests.test_system"},{"name":"suite","value":"test_apps"},{"name":"subSuite","value":"TestSAppsPage"},{"name":"host","value":"DESKTOP-L7L44NB"},{"name":"thread","value":"15128-MainThread"},{"name":"framework","value":"pytest"},{"name":"language","value":"cpython3"},{"name":"package","value":"Tests.test_system.test_apps"},{"name":"resultFormat","value":"allure2"}],"parameters":[],"links":[],"hidden":false,"retry":false,"extra":{"severity":"normal","retries":[{"uid":"538ef6bcb1493e4a","status":"broken","statusDetails":"selenium.common.exceptions.TimeoutException: Message: \nStacktrace:\nSymbols not available. Dumping unresolved backtrace:\n\t0x7ff7a57dfe35\n\t0x7ff7a57dfe90\n\t0x7ff7a556139d\n\t0x7ff7a55b9d8e\n\t0x7ff7a55ba09c\n\t0x7ff7a560e8d7\n\t0x7ff7a560b61b\n\t0x7ff7a55aac6d\n\t0x7ff7a55abae3\n\t0x7ff7a5aaa10d\n\t0x7ff7a5aa448a\n\t0x7ff7a5ac5157\n\t0x7ff7a57fa81e\n\t0x7ff7a580262f\n\t0x7ff7a57e9324\n\t0x7ff7a57e94df\n\t0x7ff7a57cee88\n\t0x7ffc59d27374\n\t0x7ffc5a9fcc91","time":{"start":1769549330974,"stop":1769549344170,"duration":13196}}],"categories":[{"name":"Test defects","matchedStatuses":[]}],"tags":[]},"source":"9965625e827d81f5.json","parameterValues":[]}