{"uid":"9dce96699b7f7de4","name":"test_materialBuyer_addrepeat","fullName":"Tests.test_material.test_materialBuyer.TestItemPage#test_materialBuyer_addrepeat","historyId":"802242934a3a2d06860f0f98e32cd9ca","time":{"start":1764882565903,"stop":1764882577807,"duration":11904},"status":"broken","statusMessage":"selenium.common.exceptions.TimeoutException: Message: \nStacktrace:\nSymbols not available. Dumping unresolved backtrace:\n\t0x7ff6f6d5fe35\n\t0x7ff6f6d5fe90\n\t0x7ff6f6ae139d\n\t0x7ff6f6b39d8e\n\t0x7ff6f6b3a09c\n\t0x7ff6f6b8e8d7\n\t0x7ff6f6b8b61b\n\t0x7ff6f6b2ac6d\n\t0x7ff6f6b2bae3\n\t0x7ff6f702a10d\n\t0x7ff6f702448a\n\t0x7ff6f7045157\n\t0x7ff6f6d7a81e\n\t0x7ff6f6d8262f\n\t0x7ff6f6d69324\n\t0x7ff6f6d694df\n\t0x7ff6f6d4ee88\n\t0x7ffc369c7374\n\t0x7ffc382fcc91","statusTrace":"self = <test_material.test_materialBuyer.TestItemPage object at 0x000001676A88E9E0>, login_to_item = <selenium.webdriver.chrome.webdriver.WebDriver (session=\"e255332fd631ee0e7f4a77e5d85ad3a2\")>\n\n    @allure.story(\"添加数据重复\")\n    # @pytest.mark.run(order=1)\n    def test_materialBuyer_addrepeat(self, login_to_item):\n    \n        self.item.click_add_button()  # 检查点击添加\n        # 输入供应商代码\n>       self.item.enter_texts(\"//div[@id='gd8ku89o-3d7y']//input\", \"111\")\n\nTests\\test_material\\test_materialBuyer.py:153: \n_ _ _ _ _ _ _ _ _ _ _ _ _ _ _ _ _ _ _ _ _ _ _ _ _ _ _ _ _ _ _ _ _ _ _ _ _ _ _ _ _ _ _ _ _ _ _ _ _ _ _ _ _ _ _ _ _ _ _ _ _ _ _ _ _ _ _ _ _ _ _ _ _ _ _ _ _ _ _ _ _ _ _ _ _ _ _ _ _ _ _ _ _ _ _ _ _ _ _ _ _ _ _ _ _ _ _ _ _ _ _ _ _ _ _ _\nPages\\materialPage\\warehouseLocation_page.py:154: in enter_texts\n    self.enter_text(By.XPATH, xpath, text)\nPages\\base_page.py:90: in enter_text\n    element = WebDriverWait(self.driver, wait_time).until(\n_ _ _ _ _ _ _ _ _ _ _ _ _ _ _ _ _ _ _ _ _ _ _ _ _ _ _ _ _ _ _ _ _ _ _ _ _ _ _ _ _ _ _ _ _ _ _ _ _ _ _ _ _ _ _ _ _ _ _ _ _ _ _ _ _ _ _ _ _ _ _ _ _ _ _ _ _ _ _ _ _ _ _ _ _ _ _ _ _ _ _ _ _ _ _ _ _ _ _ _ _ _ _ _ _ _ _ _ _ _ _ _ _ _ _ _\n\nself = <selenium.webdriver.support.wait.WebDriverWait (session=\"e255332fd631ee0e7f4a77e5d85ad3a2\")>, method = <function visibility_of_element_located.<locals>._predicate at 0x000001676CF8D360>, message = ''\n\n    def until(self, method: Callable[[D], Union[Literal[False], T]], message: str = \"\") -> T:\n        \"\"\"Wait until the method returns a value that is not False.\n    \n        Calls the method provided with the driver as an argument until the\n        return value does not evaluate to ``False``.\n    \n        Parameters:\n        -----------\n        method: callable(WebDriver)\n            - A callable object that takes a WebDriver instance as an argument.\n    \n        message: str\n            - Optional message for :exc:`TimeoutException`\n    \n        Return:\n        -------\n        object: T\n            - The result of the last call to `method`\n    \n        Raises:\n        -------\n        TimeoutException\n            - If 'method' does not return a truthy value within the WebDriverWait\n            object's timeout\n    \n        Example:\n        --------\n        >>> from selenium.webdriver.common.by import By\n        >>> from selenium.webdriver.support.ui import WebDriverWait\n        >>> from selenium.webdriver.support import expected_conditions as EC\n    \n        # Wait until an element is visible on the page\n        >>> wait = WebDriverWait(driver, 10)\n        >>> element = wait.until(EC.visibility_of_element_located((By.ID, \"exampleId\")))\n        >>> print(element.text)\n        \"\"\"\n        screen = None\n        stacktrace = None\n    \n        end_time = time.monotonic() + self._timeout\n        while True:\n            try:\n                value = method(self._driver)\n                if value:\n                    return value\n            except self._ignored_exceptions as exc:\n                screen = getattr(exc, \"screen\", None)\n                stacktrace = getattr(exc, \"stacktrace\", None)\n            if time.monotonic() > end_time:\n                break\n            time.sleep(self._poll)\n>       raise TimeoutException(message, screen, stacktrace)\nE       selenium.common.exceptions.TimeoutException: Message: \nE       Stacktrace:\nE       Symbols not available. Dumping unresolved backtrace:\nE       \t0x7ff6f6d5fe35\nE       \t0x7ff6f6d5fe90\nE       \t0x7ff6f6ae139d\nE       \t0x7ff6f6b39d8e\nE       \t0x7ff6f6b3a09c\nE       \t0x7ff6f6b8e8d7\nE       \t0x7ff6f6b8b61b\nE       \t0x7ff6f6b2ac6d\nE       \t0x7ff6f6b2bae3\nE       \t0x7ff6f702a10d\nE       \t0x7ff6f702448a\nE       \t0x7ff6f7045157\nE       \t0x7ff6f6d7a81e\nE       \t0x7ff6f6d8262f\nE       \t0x7ff6f6d69324\nE       \t0x7ff6f6d694df\nE       \t0x7ff6f6d4ee88\nE       \t0x7ffc369c7374\nE       \t0x7ffc382fcc91\n\nD:\\Python310\\lib\\site-packages\\selenium\\webdriver\\support\\wait.py:138: TimeoutException","flaky":false,"newFailed":false,"newBroken":false,"newPassed":false,"retriesCount":1,"retriesStatusChange":false,"beforeStages":[{"name":"login_to_item","time":{"start":1764882550864,"stop":1764882565901,"duration":15037},"status":"passed","steps":[],"attachments":[],"parameters":[],"hasContent":false,"attachmentStep":false,"stepsCount":0,"shouldDisplayMessage":false,"attachmentsCount":0},{"name":"setup","time":{"start":1764882565901,"stop":1764882565903,"duration":2},"status":"passed","steps":[],"attachments":[],"parameters":[],"hasContent":false,"attachmentStep":false,"stepsCount":0,"shouldDisplayMessage":false,"attachmentsCount":0}],"testStage":{"status":"broken","statusMessage":"selenium.common.exceptions.TimeoutException: Message: \nStacktrace:\nSymbols not available. Dumping unresolved backtrace:\n\t0x7ff6f6d5fe35\n\t0x7ff6f6d5fe90\n\t0x7ff6f6ae139d\n\t0x7ff6f6b39d8e\n\t0x7ff6f6b3a09c\n\t0x7ff6f6b8e8d7\n\t0x7ff6f6b8b61b\n\t0x7ff6f6b2ac6d\n\t0x7ff6f6b2bae3\n\t0x7ff6f702a10d\n\t0x7ff6f702448a\n\t0x7ff6f7045157\n\t0x7ff6f6d7a81e\n\t0x7ff6f6d8262f\n\t0x7ff6f6d69324\n\t0x7ff6f6d694df\n\t0x7ff6f6d4ee88\n\t0x7ffc369c7374\n\t0x7ffc382fcc91","statusTrace":"self = <test_material.test_materialBuyer.TestItemPage object at 0x000001676A88E9E0>, login_to_item = <selenium.webdriver.chrome.webdriver.WebDriver (session=\"e255332fd631ee0e7f4a77e5d85ad3a2\")>\n\n    @allure.story(\"添加数据重复\")\n    # @pytest.mark.run(order=1)\n    def test_materialBuyer_addrepeat(self, login_to_item):\n    \n        self.item.click_add_button()  # 检查点击添加\n        # 输入供应商代码\n>       self.item.enter_texts(\"//div[@id='gd8ku89o-3d7y']//input\", \"111\")\n\nTests\\test_material\\test_materialBuyer.py:153: \n_ _ _ _ _ _ _ _ _ _ _ _ _ _ _ _ _ _ _ _ _ _ _ _ _ _ _ _ _ _ _ _ _ _ _ _ _ _ _ _ _ _ _ _ _ _ _ _ _ _ _ _ _ _ _ _ _ _ _ _ _ _ _ _ _ _ _ _ _ _ _ _ _ _ _ _ _ _ _ _ _ _ _ _ _ _ _ _ _ _ _ _ _ _ _ _ _ _ _ _ _ _ _ _ _ _ _ _ _ _ _ _ _ _ _ _\nPages\\materialPage\\warehouseLocation_page.py:154: in enter_texts\n    self.enter_text(By.XPATH, xpath, text)\nPages\\base_page.py:90: in enter_text\n    element = WebDriverWait(self.driver, wait_time).until(\n_ _ _ _ _ _ _ _ _ _ _ _ _ _ _ _ _ _ _ _ _ _ _ _ _ _ _ _ _ _ _ _ _ _ _ _ _ _ _ _ _ _ _ _ _ _ _ _ _ _ _ _ _ _ _ _ _ _ _ _ _ _ _ _ _ _ _ _ _ _ _ _ _ _ _ _ _ _ _ _ _ _ _ _ _ _ _ _ _ _ _ _ _ _ _ _ _ _ _ _ _ _ _ _ _ _ _ _ _ _ _ _ _ _ _ _\n\nself = <selenium.webdriver.support.wait.WebDriverWait (session=\"e255332fd631ee0e7f4a77e5d85ad3a2\")>, method = <function visibility_of_element_located.<locals>._predicate at 0x000001676CF8D360>, message = ''\n\n    def until(self, method: Callable[[D], Union[Literal[False], T]], message: str = \"\") -> T:\n        \"\"\"Wait until the method returns a value that is not False.\n    \n        Calls the method provided with the driver as an argument until the\n        return value does not evaluate to ``False``.\n    \n        Parameters:\n        -----------\n        method: callable(WebDriver)\n            - A callable object that takes a WebDriver instance as an argument.\n    \n        message: str\n            - Optional message for :exc:`TimeoutException`\n    \n        Return:\n        -------\n        object: T\n            - The result of the last call to `method`\n    \n        Raises:\n        -------\n        TimeoutException\n            - If 'method' does not return a truthy value within the WebDriverWait\n            object's timeout\n    \n        Example:\n        --------\n        >>> from selenium.webdriver.common.by import By\n        >>> from selenium.webdriver.support.ui import WebDriverWait\n        >>> from selenium.webdriver.support import expected_conditions as EC\n    \n        # Wait until an element is visible on the page\n        >>> wait = WebDriverWait(driver, 10)\n        >>> element = wait.until(EC.visibility_of_element_located((By.ID, \"exampleId\")))\n        >>> print(element.text)\n        \"\"\"\n        screen = None\n        stacktrace = None\n    \n        end_time = time.monotonic() + self._timeout\n        while True:\n            try:\n                value = method(self._driver)\n                if value:\n                    return value\n            except self._ignored_exceptions as exc:\n                screen = getattr(exc, \"screen\", None)\n                stacktrace = getattr(exc, \"stacktrace\", None)\n            if time.monotonic() > end_time:\n                break\n            time.sleep(self._poll)\n>       raise TimeoutException(message, screen, stacktrace)\nE       selenium.common.exceptions.TimeoutException: Message: \nE       Stacktrace:\nE       Symbols not available. Dumping unresolved backtrace:\nE       \t0x7ff6f6d5fe35\nE       \t0x7ff6f6d5fe90\nE       \t0x7ff6f6ae139d\nE       \t0x7ff6f6b39d8e\nE       \t0x7ff6f6b3a09c\nE       \t0x7ff6f6b8e8d7\nE       \t0x7ff6f6b8b61b\nE       \t0x7ff6f6b2ac6d\nE       \t0x7ff6f6b2bae3\nE       \t0x7ff6f702a10d\nE       \t0x7ff6f702448a\nE       \t0x7ff6f7045157\nE       \t0x7ff6f6d7a81e\nE       \t0x7ff6f6d8262f\nE       \t0x7ff6f6d69324\nE       \t0x7ff6f6d694df\nE       \t0x7ff6f6d4ee88\nE       \t0x7ffc369c7374\nE       \t0x7ffc382fcc91\n\nD:\\Python310\\lib\\site-packages\\selenium\\webdriver\\support\\wait.py:138: TimeoutException","steps":[],"attachments":[{"uid":"28348b7523b5ad8b","name":"test_materialBuyer_addrepeat_failure","source":"28348b7523b5ad8b.png","type":"image/png","size":69403},{"uid":"907fb804d3a2b8f7","name":"test_materialBuyer_addrepeat_source","source":"907fb804d3a2b8f7.html","type":"text/html","size":999885},{"uid":"ba118c6b94b6ea52","name":"log","source":"ba118c6b94b6ea52.txt","type":"text/plain","size":2529}],"parameters":[],"hasContent":true,"attachmentStep":false,"stepsCount":0,"shouldDisplayMessage":true,"attachmentsCount":3},"afterStages":[{"name":"login_to_item::0","time":{"start":1764882578047,"stop":1764882580197,"duration":2150},"status":"passed","steps":[],"attachments":[],"parameters":[],"hasContent":false,"attachmentStep":false,"stepsCount":0,"shouldDisplayMessage":false,"attachmentsCount":0}],"labels":[{"name":"story","value":"添加数据重复"},{"name":"feature","value":"物料员测试用例"},{"name":"parentSuite","value":"Tests.test_material"},{"name":"suite","value":"test_materialBuyer"},{"name":"subSuite","value":"TestItemPage"},{"name":"host","value":"DESKTOP-L7L44NB"},{"name":"thread","value":"10972-MainThread"},{"name":"framework","value":"pytest"},{"name":"language","value":"cpython3"},{"name":"package","value":"Tests.test_material.test_materialBuyer"},{"name":"resultFormat","value":"allure2"}],"parameters":[],"links":[],"hidden":false,"retry":false,"extra":{"severity":"normal","retries":[{"uid":"3959bacff5e95687","status":"broken","statusDetails":"selenium.common.exceptions.TimeoutException: Message: \nStacktrace:\nSymbols not available. Dumping unresolved backtrace:\n\t0x7ff6f6d5fe35\n\t0x7ff6f6d5fe90\n\t0x7ff6f6ae139d\n\t0x7ff6f6b39d8e\n\t0x7ff6f6b3a09c\n\t0x7ff6f6b8e8d7\n\t0x7ff6f6b8b61b\n\t0x7ff6f6b2ac6d\n\t0x7ff6f6b2bae3\n\t0x7ff6f702a10d\n\t0x7ff6f702448a\n\t0x7ff6f7045157\n\t0x7ff6f6d7a81e\n\t0x7ff6f6d8262f\n\t0x7ff6f6d69324\n\t0x7ff6f6d694df\n\t0x7ff6f6d4ee88\n\t0x7ffc369c7374\n\t0x7ffc382fcc91","time":{"start":1764882536480,"stop":1764882548446,"duration":11966}}],"categories":[{"name":"Test defects","matchedStatuses":[]}],"tags":[]},"source":"9dce96699b7f7de4.json","parameterValues":[]}