{"uid":"a953dd8f4eb72ebc","name":"test_order_salesorder","fullName":"Tests.test_items.test_order.TestOrderPage#test_order_salesorder","historyId":"4a823d1cfd131401fe070ed571bb4334","time":{"start":1764954042986,"stop":1764954090401,"duration":47415},"status":"failed","statusMessage":"AssertionError: assert '获取成功！' == '成功'\n  \n  \u001B[0m\u001B[91m- 成功\u001B[39;49;00m\u001B[90m\u001B[39;49;00m\n  \u001B[92m+ 获取成功！\u001B[39;49;00m\u001B[90m\u001B[39;49;00m","statusTrace":"self = <test_items.test_order.TestOrderPage object at 0x000001E890B5A9B0>, login_to_order = <selenium.webdriver.chrome.webdriver.WebDriver (session=\"1c7a7d65edb7b360f6e2494f1d4887e6\")>\n\n    @allure.story(\"计划需求增删查改\")\n    # @pytest.mark.run(order=1)\n    def test_order_salesorder(self, login_to_order):\n        driver = login_to_order  # WebDriver 实例\n        order = OrderPage(driver)  # 用 driver 初始化 OrderPage\n        list_name = ['11计划需求', '11计划需求测试']\n        after_name = '11修改计划需求'\n        order.click_button('//div[text()=\" 制造订单 \"]')\n        order.click_button('//div[div[text()=\" 制造订单 \"]]/span')\n        order.click_order_page('计划需求')\n        add1 = order.finds_elements(By.XPATH, f'//tr[./td[2][.//span[text()=\"{list_name[0]}\"]]]/td[2]')\n        add2 = order.finds_elements(By.XPATH, f'//tr[./td[2][.//span[text()=\"{list_name[1]}\"]]]/td[2]')\n        add3 = order.finds_elements(By.XPATH, f'//tr[./td[2][.//span[text()=\"{after_name}\"]]]/td[2]')\n        if len(add2) == 0:\n            order.add_order_data(list_name[1])\n        if len(add1) == 0 and len(add3) == 0:\n            order.add_order_data(list_name[0])\n            ele0 = order.finds_elements(By.XPATH, f'//tr[./td[2][.//span[text()=\"{list_name[0]}\"]]]/td[2]')\n            assert len(ele0) == 1\n        ele1 = order.finds_elements(By.XPATH, f'//tr[./td[2][.//span[text()=\"{list_name[1]}\"]]]/td[2]')\n        assert len(ele1) == 1\n    \n        edit = order.finds_elements(By.XPATH, f'//tr[./td[2][.//span[text()=\"{after_name}\"]]]/td[2]')\n        if len(edit) == 0:\n            order.edit_order_data(list_name[0], after_name)\n        ele = order.finds_elements(By.XPATH, f'//tr[./td[2][.//span[text()=\"{after_name}\"]]]/td[2]')\n        assert len(ele) == 1\n    \n        order.select_order_data(after_name)\n        speccode = order.get_find_element_xpath(\n            '(//table[@class=\"vxe-table--body\"])[2]//tr[1]/td[2]'\n        ).text\n        # 定位第二行没有数据\n        speccode2 = driver.find_elements(\n            By.XPATH,\n            '(//table[contains(@class, \"vxe-table--body\")])[2]//tr[2]/td[2]',\n        )\n        assert speccode == after_name and len(speccode2) == 0\n    \n        order.del_order_data(after_name)\n        ele = order.finds_elements(By.XPATH, f'//tr[./td[2][.//span[text()=\"{after_name}\"]]]/td[2]')\n        assert len(ele) == 0\n    \n        # 点击获取需求不报错\n        order.click_button('//p[text()=\"获取需求\"]')\n        order.click_button('//div[@class=\"ivu-modal-confirm-footer\"]//span[text()=\"确定\"]')\n        message = order.get_find_message()\n>       assert message == \"成功\"\nE       AssertionError: assert '获取成功！' == '成功'\nE         \nE         \u001B[0m\u001B[91m- 成功\u001B[39;49;00m\u001B[90m\u001B[39;49;00m\nE         \u001B[92m+ 获取成功！\u001B[39;49;00m\u001B[90m\u001B[39;49;00m\n\nTests\\test_items\\test_order.py:1266: AssertionError","flaky":false,"newFailed":false,"newBroken":false,"newPassed":false,"retriesCount":1,"retriesStatusChange":false,"beforeStages":[{"name":"login_to_order","time":{"start":1764954024450,"stop":1764954042986,"duration":18536},"status":"passed","steps":[],"attachments":[],"parameters":[],"stepsCount":0,"attachmentStep":false,"hasContent":false,"attachmentsCount":0,"shouldDisplayMessage":false}],"testStage":{"status":"failed","statusMessage":"AssertionError: assert '获取成功！' == '成功'\n  \n  \u001B[0m\u001B[91m- 成功\u001B[39;49;00m\u001B[90m\u001B[39;49;00m\n  \u001B[92m+ 获取成功！\u001B[39;49;00m\u001B[90m\u001B[39;49;00m","statusTrace":"self = <test_items.test_order.TestOrderPage object at 0x000001E890B5A9B0>, login_to_order = <selenium.webdriver.chrome.webdriver.WebDriver (session=\"1c7a7d65edb7b360f6e2494f1d4887e6\")>\n\n    @allure.story(\"计划需求增删查改\")\n    # @pytest.mark.run(order=1)\n    def test_order_salesorder(self, login_to_order):\n        driver = login_to_order  # WebDriver 实例\n        order = OrderPage(driver)  # 用 driver 初始化 OrderPage\n        list_name = ['11计划需求', '11计划需求测试']\n        after_name = '11修改计划需求'\n        order.click_button('//div[text()=\" 制造订单 \"]')\n        order.click_button('//div[div[text()=\" 制造订单 \"]]/span')\n        order.click_order_page('计划需求')\n        add1 = order.finds_elements(By.XPATH, f'//tr[./td[2][.//span[text()=\"{list_name[0]}\"]]]/td[2]')\n        add2 = order.finds_elements(By.XPATH, f'//tr[./td[2][.//span[text()=\"{list_name[1]}\"]]]/td[2]')\n        add3 = order.finds_elements(By.XPATH, f'//tr[./td[2][.//span[text()=\"{after_name}\"]]]/td[2]')\n        if len(add2) == 0:\n            order.add_order_data(list_name[1])\n        if len(add1) == 0 and len(add3) == 0:\n            order.add_order_data(list_name[0])\n            ele0 = order.finds_elements(By.XPATH, f'//tr[./td[2][.//span[text()=\"{list_name[0]}\"]]]/td[2]')\n            assert len(ele0) == 1\n        ele1 = order.finds_elements(By.XPATH, f'//tr[./td[2][.//span[text()=\"{list_name[1]}\"]]]/td[2]')\n        assert len(ele1) == 1\n    \n        edit = order.finds_elements(By.XPATH, f'//tr[./td[2][.//span[text()=\"{after_name}\"]]]/td[2]')\n        if len(edit) == 0:\n            order.edit_order_data(list_name[0], after_name)\n        ele = order.finds_elements(By.XPATH, f'//tr[./td[2][.//span[text()=\"{after_name}\"]]]/td[2]')\n        assert len(ele) == 1\n    \n        order.select_order_data(after_name)\n        speccode = order.get_find_element_xpath(\n            '(//table[@class=\"vxe-table--body\"])[2]//tr[1]/td[2]'\n        ).text\n        # 定位第二行没有数据\n        speccode2 = driver.find_elements(\n            By.XPATH,\n            '(//table[contains(@class, \"vxe-table--body\")])[2]//tr[2]/td[2]',\n        )\n        assert speccode == after_name and len(speccode2) == 0\n    \n        order.del_order_data(after_name)\n        ele = order.finds_elements(By.XPATH, f'//tr[./td[2][.//span[text()=\"{after_name}\"]]]/td[2]')\n        assert len(ele) == 0\n    \n        # 点击获取需求不报错\n        order.click_button('//p[text()=\"获取需求\"]')\n        order.click_button('//div[@class=\"ivu-modal-confirm-footer\"]//span[text()=\"确定\"]')\n        message = order.get_find_message()\n>       assert message == \"成功\"\nE       AssertionError: assert '获取成功！' == '成功'\nE         \nE         \u001B[0m\u001B[91m- 成功\u001B[39;49;00m\u001B[90m\u001B[39;49;00m\nE         \u001B[92m+ 获取成功！\u001B[39;49;00m\u001B[90m\u001B[39;49;00m\n\nTests\\test_items\\test_order.py:1266: AssertionError","steps":[],"attachments":[{"uid":"6d06a2430972d837","name":"test_order_salesorder_failure","source":"6d06a2430972d837.png","type":"image/png","size":76933},{"uid":"4a382113e2648988","name":"test_order_salesorder_source","source":"4a382113e2648988.html","type":"text/html","size":1040336},{"uid":"a5db058a5e31d063","name":"log","source":"a5db058a5e31d063.txt","type":"text/plain","size":12610}],"parameters":[],"stepsCount":0,"attachmentStep":false,"hasContent":true,"attachmentsCount":3,"shouldDisplayMessage":true},"afterStages":[{"name":"login_to_order::0","time":{"start":1764954090609,"stop":1764954092725,"duration":2116},"status":"passed","steps":[],"attachments":[],"parameters":[],"stepsCount":0,"attachmentStep":false,"hasContent":false,"attachmentsCount":0,"shouldDisplayMessage":false}],"labels":[{"name":"feature","value":"制造订单表测试用例"},{"name":"story","value":"计划需求增删查改"},{"name":"parentSuite","value":"Tests.test_items"},{"name":"suite","value":"test_order"},{"name":"subSuite","value":"TestOrderPage"},{"name":"host","value":"DESKTOP-L7L44NB"},{"name":"thread","value":"11864-MainThread"},{"name":"framework","value":"pytest"},{"name":"language","value":"cpython3"},{"name":"package","value":"Tests.test_items.test_order"},{"name":"resultFormat","value":"allure2"}],"parameters":[],"links":[],"hidden":false,"retry":false,"extra":{"severity":"normal","retries":[{"uid":"49d9b885d230e303","status":"failed","statusDetails":"AssertionError: assert 1 == 0\n +  where 1 = len([<selenium.webdriver.remote.webelement.WebElement (session=\"246ba8e694ef7c93f4fd47004a40ee83\", element=\"f.95471C9A0525463DBD5BADC856626144.d.74FA093D75A86C6520CD0C1E747B5CD8.e.604\")>])","time":{"start":1764953967562,"stop":1764954022082,"duration":54520}}],"categories":[{"name":"Product defects","matchedStatuses":[]}],"tags":[]},"source":"a953dd8f4eb72ebc.json","parameterValues":[]}