{"uid":"aa24f0261ed6ea59","name":"test_coverage_restart","fullName":"Tests.test_items.test_coverage.TestCoveragePage#test_coverage_restart","historyId":"c66fe9d1503e51682680c1e8c400772f","time":{"start":1767704817057,"stop":1767704826666,"duration":9609},"status":"failed","statusMessage":"AssertionError: 第8项包含断言失败：'2025' not in '2026/01/06 21:06:31'\nassert '2025' in '2026/01/06 21:06:31'\n +  where '2025' = str('2025')\n +  and   '2026/01/06 21:06:31' = str('2026/01/06 21:06:31')","statusTrace":"self = <test_items.test_coverage.TestCoveragePage object at 0x0000024642443EB0>, login_to_coverage = <selenium.webdriver.chrome.webdriver.WebDriver (session=\"8c9ef149f389d878a297621efec5acef\")>\n\n    @allure.story(\"重新打开浏览器，数据还存在\")\n    # @pytest.mark.run(order=1)\n    def test_coverage_restart(self, login_to_coverage):\n        driver = login_to_coverage  # WebDriver 实例\n        coverage = Coverage(driver)  # 用 driver 初始化 Coverage\n        shared_data = SharedDataUtil.load_data()\n        resource = shared_data.get(\"resource\")\n        start = shared_data.get(\"start\")\n        end = shared_data.get(\"end\")\n        selClass = shared_data.get(\"selClass\")\n        data_list = \"20\"\n        coverage.wait_for_loading_to_disappear()\n        coverage.click_button('//span[text()=\" 更新时间\"]/following-sibling::div')\n        sleep(1)\n        coverage.click_button('//span[text()=\" 更新时间\"]/following-sibling::div')\n        sleep(1)\n        # 缩放到最小（例如 25%）\n        driver.execute_script(\"document.body.style.zoom='0.8'\")\n        sleep(1)\n    \n        row_xpath = '(//div[@id=\"canvasGird0\"]//table[@class=\"vxe-table--body\"])[1]//tr[1]'\n        # 获取目标行\n        target_row = driver.find_element(By.XPATH, row_xpath)\n    \n        # 获取该行下所有 td 元素\n        td_elements = target_row.find_elements(By.XPATH, \"./td\")\n        td_count = len(td_elements)\n        print(f\"该行共有 {td_count} 个 <td> 元素\")\n        columns_text = []\n        # 遍历每个 td[i]\n        # 遍历每个 td[i] 并提取文本\n        for i in range(2, td_count + 1):\n            td_xpath = f'{row_xpath}/td[{i}]'\n            sleep(0.2)\n            try:\n                td = driver.find_element(By.XPATH, td_xpath)\n            except StaleElementReferenceException:\n                print(f\"⚠️ 第 {i} 个单元格引用失效，尝试重新查找\")\n                sleep(0.2)\n                td = driver.find_element(By.XPATH, td_xpath)\n    \n            if i == 6:\n                try:\n                    label = td.find_element(By.TAG_NAME, \"span\")\n                    label_class = label.get_attribute(\"class\")\n                    print(f\"第 {i} 个单元格中 <label> 的 class 属性：{label_class}\")\n                    columns_text.append(label_class)\n                except NoSuchElementException:\n                    print(f\"⚠️ 第 {i} 个单元格中未找到 <label> 元素\")\n                    columns_text.append(\"\")\n            else:\n                text = td.text.strip()\n                print(f\"第 {i} 个单元格内容：{text}\")\n                columns_text.append(text)\n        # 获取当前时间\n        current_time = datetime.now()\n        # 格式化为 年/月/日 的字符串\n        formatted_date = current_time.strftime(\"%Y/%m/%d\")\n        print(columns_text)\n        bef_text = [f'{resource}', f'{start}', f'{end}', f'{data_list}', f'{selClass}', f'{start};{end}',\n                    f'{data_list}', '2025', f'{formatted_date}',\n                    '2', f'{data_list}', f'{data_list}', f'{DateDriver.username}']\n        assert len(columns_text) == len(bef_text), f\"长度不一致：actual={len(columns_text)}, expected={len(bef_text)}\"\n        for i, (a, e) in enumerate(zip(columns_text, bef_text), start=1):\n            if i == 8:\n>               assert str(e) in str(a), f\"第8项包含断言失败：'{e}' not in '{a}'\"\nE               AssertionError: 第8项包含断言失败：'2025' not in '2026/01/06 21:06:31'\nE               assert '2025' in '2026/01/06 21:06:31'\nE                +  where '2025' = str('2025')\nE                +  and   '2026/01/06 21:06:31' = str('2026/01/06 21:06:31')\n\nTests\\test_items\\test_coverage.py:649: AssertionError","flaky":false,"newFailed":false,"newBroken":false,"newPassed":false,"retriesCount":1,"retriesStatusChange":false,"beforeStages":[{"name":"login_to_coverage","time":{"start":1767704598928,"stop":1767704622202,"duration":23274},"status":"passed","steps":[],"attachments":[],"parameters":[],"shouldDisplayMessage":false,"attachmentsCount":0,"attachmentStep":false,"hasContent":false,"stepsCount":0}],"testStage":{"status":"failed","statusMessage":"AssertionError: 第8项包含断言失败：'2025' not in '2026/01/06 21:06:31'\nassert '2025' in '2026/01/06 21:06:31'\n +  where '2025' = str('2025')\n +  and   '2026/01/06 21:06:31' = str('2026/01/06 21:06:31')","statusTrace":"self = <test_items.test_coverage.TestCoveragePage object at 0x0000024642443EB0>, login_to_coverage = <selenium.webdriver.chrome.webdriver.WebDriver (session=\"8c9ef149f389d878a297621efec5acef\")>\n\n    @allure.story(\"重新打开浏览器，数据还存在\")\n    # @pytest.mark.run(order=1)\n    def test_coverage_restart(self, login_to_coverage):\n        driver = login_to_coverage  # WebDriver 实例\n        coverage = Coverage(driver)  # 用 driver 初始化 Coverage\n        shared_data = SharedDataUtil.load_data()\n        resource = shared_data.get(\"resource\")\n        start = shared_data.get(\"start\")\n        end = shared_data.get(\"end\")\n        selClass = shared_data.get(\"selClass\")\n        data_list = \"20\"\n        coverage.wait_for_loading_to_disappear()\n        coverage.click_button('//span[text()=\" 更新时间\"]/following-sibling::div')\n        sleep(1)\n        coverage.click_button('//span[text()=\" 更新时间\"]/following-sibling::div')\n        sleep(1)\n        # 缩放到最小（例如 25%）\n        driver.execute_script(\"document.body.style.zoom='0.8'\")\n        sleep(1)\n    \n        row_xpath = '(//div[@id=\"canvasGird0\"]//table[@class=\"vxe-table--body\"])[1]//tr[1]'\n        # 获取目标行\n        target_row = driver.find_element(By.XPATH, row_xpath)\n    \n        # 获取该行下所有 td 元素\n        td_elements = target_row.find_elements(By.XPATH, \"./td\")\n        td_count = len(td_elements)\n        print(f\"该行共有 {td_count} 个 <td> 元素\")\n        columns_text = []\n        # 遍历每个 td[i]\n        # 遍历每个 td[i] 并提取文本\n        for i in range(2, td_count + 1):\n            td_xpath = f'{row_xpath}/td[{i}]'\n            sleep(0.2)\n            try:\n                td = driver.find_element(By.XPATH, td_xpath)\n            except StaleElementReferenceException:\n                print(f\"⚠️ 第 {i} 个单元格引用失效，尝试重新查找\")\n                sleep(0.2)\n                td = driver.find_element(By.XPATH, td_xpath)\n    \n            if i == 6:\n                try:\n                    label = td.find_element(By.TAG_NAME, \"span\")\n                    label_class = label.get_attribute(\"class\")\n                    print(f\"第 {i} 个单元格中 <label> 的 class 属性：{label_class}\")\n                    columns_text.append(label_class)\n                except NoSuchElementException:\n                    print(f\"⚠️ 第 {i} 个单元格中未找到 <label> 元素\")\n                    columns_text.append(\"\")\n            else:\n                text = td.text.strip()\n                print(f\"第 {i} 个单元格内容：{text}\")\n                columns_text.append(text)\n        # 获取当前时间\n        current_time = datetime.now()\n        # 格式化为 年/月/日 的字符串\n        formatted_date = current_time.strftime(\"%Y/%m/%d\")\n        print(columns_text)\n        bef_text = [f'{resource}', f'{start}', f'{end}', f'{data_list}', f'{selClass}', f'{start};{end}',\n                    f'{data_list}', '2025', f'{formatted_date}',\n                    '2', f'{data_list}', f'{data_list}', f'{DateDriver.username}']\n        assert len(columns_text) == len(bef_text), f\"长度不一致：actual={len(columns_text)}, expected={len(bef_text)}\"\n        for i, (a, e) in enumerate(zip(columns_text, bef_text), start=1):\n            if i == 8:\n>               assert str(e) in str(a), f\"第8项包含断言失败：'{e}' not in '{a}'\"\nE               AssertionError: 第8项包含断言失败：'2025' not in '2026/01/06 21:06:31'\nE               assert '2025' in '2026/01/06 21:06:31'\nE                +  where '2025' = str('2025')\nE                +  and   '2026/01/06 21:06:31' = str('2026/01/06 21:06:31')\n\nTests\\test_items\\test_coverage.py:649: AssertionError","steps":[],"attachments":[{"uid":"14a2cdd3c4314134","name":"test_coverage_restart_20260106_210706","source":"14a2cdd3c4314134.png","type":"image/png","size":95456},{"uid":"8076d8e24ff39093","name":"log","source":"8076d8e24ff39093.txt","type":"text/plain","size":927}],"parameters":[],"shouldDisplayMessage":true,"attachmentsCount":2,"attachmentStep":false,"hasContent":true,"stepsCount":0},"afterStages":[{"name":"login_to_coverage::0","time":{"start":1767704944931,"stop":1767704947062,"duration":2131},"status":"passed","steps":[],"attachments":[],"parameters":[],"shouldDisplayMessage":false,"attachmentsCount":0,"attachmentStep":false,"hasContent":false,"stepsCount":0}],"labels":[{"name":"feature","value":"覆盖日历表测试用例"},{"name":"story","value":"重新打开浏览器，数据还存在"},{"name":"parentSuite","value":"Tests.test_items"},{"name":"suite","value":"test_coverage"},{"name":"subSuite","value":"TestCoveragePage"},{"name":"host","value":"DESKTOP-L7L44NB"},{"name":"thread","value":"436-MainThread"},{"name":"framework","value":"pytest"},{"name":"language","value":"cpython3"},{"name":"package","value":"Tests.test_items.test_coverage"},{"name":"resultFormat","value":"allure2"}],"parameters":[],"links":[],"hidden":false,"retry":false,"extra":{"severity":"normal","retries":[{"uid":"e6ba60b6a7943a0d","status":"failed","statusDetails":"AssertionError: 第8项包含断言失败：'2025' not in '2026/01/06 21:06:31'\nassert '2025' in '2026/01/06 21:06:31'\n +  where '2025' = str('2025')\n +  and   '2026/01/06 21:06:31' = str('2026/01/06 21:06:31')","time":{"start":1767704804832,"stop":1767704816875,"duration":12043}}],"categories":[{"name":"Product defects","matchedStatuses":[]}],"tags":[]},"source":"aa24f0261ed6ea59.json","parameterValues":[]}