{"uid":"aa4103b7f2dfc63f","name":"test_apps_update3","fullName":"Tests.test_system.test_apps.TestSAppsPage#test_apps_update3","historyId":"292bf2cd290d0a20715e95b21f890077","time":{"start":1770068896106,"stop":1770068909424,"duration":13318},"status":"broken","statusMessage":"selenium.common.exceptions.TimeoutException: Message: \nStacktrace:\nSymbols not available. Dumping unresolved backtrace:\n\t0x7ff64839fe35\n\t0x7ff64839fe90\n\t0x7ff64812139d\n\t0x7ff648179d8e\n\t0x7ff64817a09c\n\t0x7ff6481ce8d7\n\t0x7ff6481cb61b\n\t0x7ff64816ac6d\n\t0x7ff64816bae3\n\t0x7ff64866a10d\n\t0x7ff64866448a\n\t0x7ff648685157\n\t0x7ff6483ba81e\n\t0x7ff6483c262f\n\t0x7ff6483a9324\n\t0x7ff6483a94df\n\t0x7ff64838ee88\n\t0x7ffc59d27374\n\t0x7ffc5a9fcc91","statusTrace":"self = <test_system.test_apps.TestSAppsPage object at 0x000001F87ED254B0>, login_to_apps = <selenium.webdriver.chrome.webdriver.WebDriver (session=\"3e2214a99cc140b1112e080834d2938d\")>\n\n    @allure.story(\"修改排序成功\")\n    # @pytest.mark.run(order=1)\n    def test_apps_update3(self, login_to_apps):\n        driver = login_to_apps  # WebDriver 实例\n        apps = AppsPage(driver)  # 用 driver 初始化 ExpressionPage\n        name = \"appstest1\"\n        apps.wait_for_loading_to_disappear()\n>       apps.select_input(name)\n\nTests\\test_system\\test_apps.py:300: \n_ _ _ _ _ _ _ _ _ _ _ _ _ _ _ _ _ _ _ _ _ _ _ _ _ _ _ _ _ _ _ _ _ _ _ _ _ _ _ _ _ _ _ _ _ _ _ _ _ _ _ _ _ _ _ _ _ _ _ _ _ _ _ _ _ _ _ _ _ _ _ _ _ _ _ _ _ _ _ _ _ _ _ _ _ _ _ _ _ _ _ _ _ _ _ _ _ _ _ _ _ _ _ _ _ _ _ _ _ _ _ _ _ _ _ _\nPages\\systemPage\\apps_page.py:82: in select_input\n    ele = self.get_find_element_xpath(xpath)\nPages\\systemPage\\apps_page.py:29: in get_find_element_xpath\n    return self.find_element(By.XPATH, xpath)\nPages\\base_page.py:28: in find_element\n    return WebDriverWait(self.driver, wait_time).until(\n_ _ _ _ _ _ _ _ _ _ _ _ _ _ _ _ _ _ _ _ _ _ _ _ _ _ _ _ _ _ _ _ _ _ _ _ _ _ _ _ _ _ _ _ _ _ _ _ _ _ _ _ _ _ _ _ _ _ _ _ _ _ _ _ _ _ _ _ _ _ _ _ _ _ _ _ _ _ _ _ _ _ _ _ _ _ _ _ _ _ _ _ _ _ _ _ _ _ _ _ _ _ _ _ _ _ _ _ _ _ _ _ _ _ _ _\n\nself = <selenium.webdriver.support.wait.WebDriverWait (session=\"3e2214a99cc140b1112e080834d2938d\")>, method = <function presence_of_element_located.<locals>._predicate at 0x000001F80177F130>, message = ''\n\n    def until(self, method: Callable[[D], Union[Literal[False], T]], message: str = \"\") -> T:\n        \"\"\"Wait until the method returns a value that is not False.\n    \n        Calls the method provided with the driver as an argument until the\n        return value does not evaluate to ``False``.\n    \n        Parameters:\n        -----------\n        method: callable(WebDriver)\n            - A callable object that takes a WebDriver instance as an argument.\n    \n        message: str\n            - Optional message for :exc:`TimeoutException`\n    \n        Return:\n        -------\n        object: T\n            - The result of the last call to `method`\n    \n        Raises:\n        -------\n        TimeoutException\n            - If 'method' does not return a truthy value within the WebDriverWait\n            object's timeout\n    \n        Example:\n        --------\n        >>> from selenium.webdriver.common.by import By\n        >>> from selenium.webdriver.support.ui import WebDriverWait\n        >>> from selenium.webdriver.support import expected_conditions as EC\n    \n        # Wait until an element is visible on the page\n        >>> wait = WebDriverWait(driver, 10)\n        >>> element = wait.until(EC.visibility_of_element_located((By.ID, \"exampleId\")))\n        >>> print(element.text)\n        \"\"\"\n        screen = None\n        stacktrace = None\n    \n        end_time = time.monotonic() + self._timeout\n        while True:\n            try:\n                value = method(self._driver)\n                if value:\n                    return value\n            except self._ignored_exceptions as exc:\n                screen = getattr(exc, \"screen\", None)\n                stacktrace = getattr(exc, \"stacktrace\", None)\n            if time.monotonic() > end_time:\n                break\n            time.sleep(self._poll)\n>       raise TimeoutException(message, screen, stacktrace)\nE       selenium.common.exceptions.TimeoutException: Message: \nE       Stacktrace:\nE       Symbols not available. Dumping unresolved backtrace:\nE       \t0x7ff64839fe35\nE       \t0x7ff64839fe90\nE       \t0x7ff64812139d\nE       \t0x7ff648179d8e\nE       \t0x7ff64817a09c\nE       \t0x7ff6481ce8d7\nE       \t0x7ff6481cb61b\nE       \t0x7ff64816ac6d\nE       \t0x7ff64816bae3\nE       \t0x7ff64866a10d\nE       \t0x7ff64866448a\nE       \t0x7ff648685157\nE       \t0x7ff6483ba81e\nE       \t0x7ff6483c262f\nE       \t0x7ff6483a9324\nE       \t0x7ff6483a94df\nE       \t0x7ff64838ee88\nE       \t0x7ffc59d27374\nE       \t0x7ffc5a9fcc91\n\nD:\\Python310\\lib\\site-packages\\selenium\\webdriver\\support\\wait.py:138: TimeoutException","flaky":false,"newFailed":false,"newBroken":false,"newPassed":false,"retriesCount":1,"retriesStatusChange":false,"beforeStages":[{"name":"login_to_apps","time":{"start":1770068644651,"stop":1770068660249,"duration":15598},"status":"passed","steps":[],"attachments":[],"parameters":[],"stepsCount":0,"hasContent":false,"attachmentStep":false,"shouldDisplayMessage":false,"attachmentsCount":0}],"testStage":{"status":"broken","statusMessage":"selenium.common.exceptions.TimeoutException: Message: \nStacktrace:\nSymbols not available. Dumping unresolved backtrace:\n\t0x7ff64839fe35\n\t0x7ff64839fe90\n\t0x7ff64812139d\n\t0x7ff648179d8e\n\t0x7ff64817a09c\n\t0x7ff6481ce8d7\n\t0x7ff6481cb61b\n\t0x7ff64816ac6d\n\t0x7ff64816bae3\n\t0x7ff64866a10d\n\t0x7ff64866448a\n\t0x7ff648685157\n\t0x7ff6483ba81e\n\t0x7ff6483c262f\n\t0x7ff6483a9324\n\t0x7ff6483a94df\n\t0x7ff64838ee88\n\t0x7ffc59d27374\n\t0x7ffc5a9fcc91","statusTrace":"self = <test_system.test_apps.TestSAppsPage object at 0x000001F87ED254B0>, login_to_apps = <selenium.webdriver.chrome.webdriver.WebDriver (session=\"3e2214a99cc140b1112e080834d2938d\")>\n\n    @allure.story(\"修改排序成功\")\n    # @pytest.mark.run(order=1)\n    def test_apps_update3(self, login_to_apps):\n        driver = login_to_apps  # WebDriver 实例\n        apps = AppsPage(driver)  # 用 driver 初始化 ExpressionPage\n        name = \"appstest1\"\n        apps.wait_for_loading_to_disappear()\n>       apps.select_input(name)\n\nTests\\test_system\\test_apps.py:300: \n_ _ _ _ _ _ _ _ _ _ _ _ _ _ _ _ _ _ _ _ _ _ _ _ _ _ _ _ _ _ _ _ _ _ _ _ _ _ _ _ _ _ _ _ _ _ _ _ _ _ _ _ _ _ _ _ _ _ _ _ _ _ _ _ _ _ _ _ _ _ _ _ _ _ _ _ _ _ _ _ _ _ _ _ _ _ _ _ _ _ _ _ _ _ _ _ _ _ _ _ _ _ _ _ _ _ _ _ _ _ _ _ _ _ _ _\nPages\\systemPage\\apps_page.py:82: in select_input\n    ele = self.get_find_element_xpath(xpath)\nPages\\systemPage\\apps_page.py:29: in get_find_element_xpath\n    return self.find_element(By.XPATH, xpath)\nPages\\base_page.py:28: in find_element\n    return WebDriverWait(self.driver, wait_time).until(\n_ _ _ _ _ _ _ _ _ _ _ _ _ _ _ _ _ _ _ _ _ _ _ _ _ _ _ _ _ _ _ _ _ _ _ _ _ _ _ _ _ _ _ _ _ _ _ _ _ _ _ _ _ _ _ _ _ _ _ _ _ _ _ _ _ _ _ _ _ _ _ _ _ _ _ _ _ _ _ _ _ _ _ _ _ _ _ _ _ _ _ _ _ _ _ _ _ _ _ _ _ _ _ _ _ _ _ _ _ _ _ _ _ _ _ _\n\nself = <selenium.webdriver.support.wait.WebDriverWait (session=\"3e2214a99cc140b1112e080834d2938d\")>, method = <function presence_of_element_located.<locals>._predicate at 0x000001F80177F130>, message = ''\n\n    def until(self, method: Callable[[D], Union[Literal[False], T]], message: str = \"\") -> T:\n        \"\"\"Wait until the method returns a value that is not False.\n    \n        Calls the method provided with the driver as an argument until the\n        return value does not evaluate to ``False``.\n    \n        Parameters:\n        -----------\n        method: callable(WebDriver)\n            - A callable object that takes a WebDriver instance as an argument.\n    \n        message: str\n            - Optional message for :exc:`TimeoutException`\n    \n        Return:\n        -------\n        object: T\n            - The result of the last call to `method`\n    \n        Raises:\n        -------\n        TimeoutException\n            - If 'method' does not return a truthy value within the WebDriverWait\n            object's timeout\n    \n        Example:\n        --------\n        >>> from selenium.webdriver.common.by import By\n        >>> from selenium.webdriver.support.ui import WebDriverWait\n        >>> from selenium.webdriver.support import expected_conditions as EC\n    \n        # Wait until an element is visible on the page\n        >>> wait = WebDriverWait(driver, 10)\n        >>> element = wait.until(EC.visibility_of_element_located((By.ID, \"exampleId\")))\n        >>> print(element.text)\n        \"\"\"\n        screen = None\n        stacktrace = None\n    \n        end_time = time.monotonic() + self._timeout\n        while True:\n            try:\n                value = method(self._driver)\n                if value:\n                    return value\n            except self._ignored_exceptions as exc:\n                screen = getattr(exc, \"screen\", None)\n                stacktrace = getattr(exc, \"stacktrace\", None)\n            if time.monotonic() > end_time:\n                break\n            time.sleep(self._poll)\n>       raise TimeoutException(message, screen, stacktrace)\nE       selenium.common.exceptions.TimeoutException: Message: \nE       Stacktrace:\nE       Symbols not available. Dumping unresolved backtrace:\nE       \t0x7ff64839fe35\nE       \t0x7ff64839fe90\nE       \t0x7ff64812139d\nE       \t0x7ff648179d8e\nE       \t0x7ff64817a09c\nE       \t0x7ff6481ce8d7\nE       \t0x7ff6481cb61b\nE       \t0x7ff64816ac6d\nE       \t0x7ff64816bae3\nE       \t0x7ff64866a10d\nE       \t0x7ff64866448a\nE       \t0x7ff648685157\nE       \t0x7ff6483ba81e\nE       \t0x7ff6483c262f\nE       \t0x7ff6483a9324\nE       \t0x7ff6483a94df\nE       \t0x7ff64838ee88\nE       \t0x7ffc59d27374\nE       \t0x7ffc5a9fcc91\n\nD:\\Python310\\lib\\site-packages\\selenium\\webdriver\\support\\wait.py:138: TimeoutException","steps":[],"attachments":[{"uid":"8f2113cc832683ce","name":"test_apps_update3_20260203_054829","source":"8f2113cc832683ce.png","type":"image/png","size":155892},{"uid":"a1ec11f4452567e7","name":"test_apps_update3_20260203_054829","source":"a1ec11f4452567e7.png","type":"image/png","size":155892},{"uid":"d1b3078aee8e38aa","name":"test_apps_update3_20260203_054829","source":"d1b3078aee8e38aa.png","type":"image/png","size":77111},{"uid":"fe63e07fe3cdd89e","name":"test_apps_update3_20260203_054829","source":"fe63e07fe3cdd89e.png","type":"image/png","size":94448},{"uid":"577e999971da8a83","name":"log","source":"577e999971da8a83.txt","type":"text/plain","size":475}],"parameters":[],"stepsCount":0,"hasContent":true,"attachmentStep":false,"shouldDisplayMessage":true,"attachmentsCount":5},"afterStages":[{"name":"login_to_apps::0","time":{"start":1770069325176,"stop":1770069327326,"duration":2150},"status":"passed","steps":[],"attachments":[],"parameters":[],"stepsCount":0,"hasContent":false,"attachmentStep":false,"shouldDisplayMessage":false,"attachmentsCount":0}],"labels":[{"name":"story","value":"修改排序成功"},{"name":"feature","value":"应用管理页用例"},{"name":"parentSuite","value":"Tests.test_system"},{"name":"suite","value":"test_apps"},{"name":"subSuite","value":"TestSAppsPage"},{"name":"host","value":"DESKTOP-L7L44NB"},{"name":"thread","value":"32544-MainThread"},{"name":"framework","value":"pytest"},{"name":"language","value":"cpython3"},{"name":"package","value":"Tests.test_system.test_apps"},{"name":"resultFormat","value":"allure2"}],"parameters":[],"links":[],"hidden":false,"retry":false,"extra":{"severity":"normal","retries":[{"uid":"9cd6092011c3d8c5","status":"broken","statusDetails":"selenium.common.exceptions.TimeoutException: Message: \nStacktrace:\nSymbols not available. Dumping unresolved backtrace:\n\t0x7ff64839fe35\n\t0x7ff64839fe90\n\t0x7ff64812139d\n\t0x7ff648179d8e\n\t0x7ff64817a09c\n\t0x7ff6481ce8d7\n\t0x7ff6481cb61b\n\t0x7ff64816ac6d\n\t0x7ff64816bae3\n\t0x7ff64866a10d\n\t0x7ff64866448a\n\t0x7ff648685157\n\t0x7ff6483ba81e\n\t0x7ff6483c262f\n\t0x7ff6483a9324\n\t0x7ff6483a94df\n\t0x7ff64838ee88\n\t0x7ffc59d27374\n\t0x7ffc5a9fcc91","time":{"start":1770068882186,"stop":1770068895468,"duration":13282}}],"categories":[{"name":"Test defects","matchedStatuses":[]}],"tags":[]},"source":"aa4103b7f2dfc63f.json","parameterValues":[]}