{"uid":"aba630c1de1d4743","name":"test_role_select5","fullName":"Tests.test_system.test_role.TestRolePage#test_role_select5","historyId":"930442a0af0dbdefc0103067de6b8623","time":{"start":1768330466970,"stop":1768330472315,"duration":5345},"status":"failed","statusMessage":"AssertionError: assert False\n +  where False = all(<generator object TestRolePage.test_role_select5.<locals>.<genexpr> at 0x00000202C2205AF0>)","statusTrace":"self = <test_system.test_role.TestRolePage object at 0x00000202C0AD5B70>, login_to_role = <selenium.webdriver.chrome.webdriver.WebDriver (session=\"12db30e00b2f5de524cf9ad5e300b058\")>\n\n    @allure.story(\"过滤条件查询，设置符合结尾查询成功\")\n    # @pytest.mark.run(order=1)\n    def test_role_select5(self, login_to_role):\n        driver = login_to_role  # WebDriver 实例\n        role = RolePage(driver)  # 用 driver 初始化 RolePage\n        name = \"2\"\n        role.click_button('//div[p[text()=\"角色代码\"]]/following-sibling::div//i')\n        role.hover(\"符合结尾\")\n        sleep(1)\n        role.select_input(name)\n        sleep(1)\n        eles = role.finds_elements(By.XPATH, '//table[@class=\"vxe-table--body\"]//tr//td[2]')\n        sleep(1)\n        list_ = [ele.text for ele in eles]\n>       assert all(str(item).endswith(name) for item in list_)\nE       assert False\nE        +  where False = all(<generator object TestRolePage.test_role_select5.<locals>.<genexpr> at 0x00000202C2205AF0>)\n\nTests\\test_system\\test_role.py:547: AssertionError","flaky":false,"newFailed":false,"newBroken":false,"newPassed":false,"retriesCount":1,"retriesStatusChange":false,"beforeStages":[{"name":"login_to_role","time":{"start":1768329841443,"stop":1768329857666,"duration":16223},"status":"passed","steps":[],"attachments":[],"parameters":[],"attachmentsCount":0,"shouldDisplayMessage":false,"hasContent":false,"attachmentStep":false,"stepsCount":0}],"testStage":{"status":"failed","statusMessage":"AssertionError: assert False\n +  where False = all(<generator object TestRolePage.test_role_select5.<locals>.<genexpr> at 0x00000202C2205AF0>)","statusTrace":"self = <test_system.test_role.TestRolePage object at 0x00000202C0AD5B70>, login_to_role = <selenium.webdriver.chrome.webdriver.WebDriver (session=\"12db30e00b2f5de524cf9ad5e300b058\")>\n\n    @allure.story(\"过滤条件查询，设置符合结尾查询成功\")\n    # @pytest.mark.run(order=1)\n    def test_role_select5(self, login_to_role):\n        driver = login_to_role  # WebDriver 实例\n        role = RolePage(driver)  # 用 driver 初始化 RolePage\n        name = \"2\"\n        role.click_button('//div[p[text()=\"角色代码\"]]/following-sibling::div//i')\n        role.hover(\"符合结尾\")\n        sleep(1)\n        role.select_input(name)\n        sleep(1)\n        eles = role.finds_elements(By.XPATH, '//table[@class=\"vxe-table--body\"]//tr//td[2]')\n        sleep(1)\n        list_ = [ele.text for ele in eles]\n>       assert all(str(item).endswith(name) for item in list_)\nE       assert False\nE        +  where False = all(<generator object TestRolePage.test_role_select5.<locals>.<genexpr> at 0x00000202C2205AF0>)\n\nTests\\test_system\\test_role.py:547: AssertionError","steps":[],"attachments":[{"uid":"476b744718490caa","name":"test_role_select5_20260114_025432","source":"476b744718490caa.png","type":"image/png","size":104320},{"uid":"898bd44fcace0d29","name":"log","source":"898bd44fcace0d29.txt","type":"text/plain","size":1025}],"parameters":[],"attachmentsCount":2,"shouldDisplayMessage":true,"hasContent":true,"attachmentStep":false,"stepsCount":0},"afterStages":[{"name":"login_to_role::0","time":{"start":1768330528705,"stop":1768330530867,"duration":2162},"status":"passed","steps":[],"attachments":[],"parameters":[],"attachmentsCount":0,"shouldDisplayMessage":false,"hasContent":false,"attachmentStep":false,"stepsCount":0}],"labels":[{"name":"feature","value":"角色管理页用例"},{"name":"story","value":"过滤条件查询，设置符合结尾查询成功"},{"name":"parentSuite","value":"Tests.test_system"},{"name":"suite","value":"test_role"},{"name":"subSuite","value":"TestRolePage"},{"name":"host","value":"DESKTOP-L7L44NB"},{"name":"thread","value":"23908-MainThread"},{"name":"framework","value":"pytest"},{"name":"language","value":"cpython3"},{"name":"package","value":"Tests.test_system.test_role"},{"name":"resultFormat","value":"allure2"}],"parameters":[],"links":[],"hidden":false,"retry":false,"extra":{"severity":"normal","retries":[{"uid":"18f9f2d238274802","status":"failed","statusDetails":"AssertionError: assert False\n +  where False = all(<generator object TestRolePage.test_role_select5.<locals>.<genexpr> at 0x00000202C22F50E0>)","time":{"start":1768330461538,"stop":1768330466853,"duration":5315}}],"categories":[{"name":"Product defects","matchedStatuses":[]}],"tags":[]},"source":"aba630c1de1d4743.json","parameterValues":[]}