{"uid":"acd37fa18c959eb9","name":"test_setting_addsuccess","fullName":"Tests.test_items.test_setting.TestSettingPage#test_setting_addsuccess","historyId":"295df01d6953ec4e10cd7a4aeb69b9fc","time":{"start":1767108629671,"stop":1767108644364,"duration":14693},"status":"broken","statusMessage":"selenium.common.exceptions.TimeoutException: Message: \nStacktrace:\nSymbols not available. Dumping unresolved backtrace:\n\t0x7ff6c092fe35\n\t0x7ff6c092fe90\n\t0x7ff6c06b139d\n\t0x7ff6c0709d8e\n\t0x7ff6c070a09c\n\t0x7ff6c075e8d7\n\t0x7ff6c075b61b\n\t0x7ff6c06fac6d\n\t0x7ff6c06fbae3\n\t0x7ff6c0bfa10d\n\t0x7ff6c0bf448a\n\t0x7ff6c0c15157\n\t0x7ff6c094a81e\n\t0x7ff6c095262f\n\t0x7ff6c0939324\n\t0x7ff6c09394df\n\t0x7ff6c091ee88\n\t0x7fffdc107374\n\t0x7fffddb5cc91","statusTrace":"self = <test_items.test_setting.TestSettingPage object at 0x000002679B5AE6B0>, login_to_setting = <selenium.webdriver.chrome.webdriver.WebDriver (session=\"a4fce4c5253b07210c80c723227c0b9f\")>\n\n    @allure.story(\"添加布局成功\")\n    # @pytest.mark.run(order=1)\n    def test_setting_addsuccess(self, login_to_setting):\n        driver = login_to_setting  # WebDriver 实例\n        setting = SettingPage(driver)  # 用 driver 初始化 SettingPage\n        layout = \"测试布局A\"\n        setting.add_layout_ok(layout)\n    \n        # 获取布局名称的文本元素\n>       name = setting.get_find_element_xpath(\n            f'//div[@class=\"tabsDivItemCon\"]/div[text()=\" {layout} \"]'\n        ).text\n\nTests\\test_items\\test_setting.py:122: \n_ _ _ _ _ _ _ _ _ _ _ _ _ _ _ _ _ _ _ _ _ _ _ _ _ _ _ _ _ _ _ _ _ _ _ _ _ _ _ _ _ _ _ _ _ _ _ _ _ _ _ _ _ _ _ _ _ _ _ _ _ _ _ _ _ _ _ _ _ _ _ _ _ _ _ _ _ _ _ _ _ _ _ _ _ _ _ _ _ _ _ _ _ _ _ _ _ _ _ _ _ _ _ _ _ _ _ _ _ _ _ _ _ _ _ _\nPages\\itemsPage\\setting_page.py:27: in get_find_element_xpath\n    return self.find_element(By.XPATH, xpath)\nPages\\base_page.py:28: in find_element\n    return WebDriverWait(self.driver, wait_time).until(\n_ _ _ _ _ _ _ _ _ _ _ _ _ _ _ _ _ _ _ _ _ _ _ _ _ _ _ _ _ _ _ _ _ _ _ _ _ _ _ _ _ _ _ _ _ _ _ _ _ _ _ _ _ _ _ _ _ _ _ _ _ _ _ _ _ _ _ _ _ _ _ _ _ _ _ _ _ _ _ _ _ _ _ _ _ _ _ _ _ _ _ _ _ _ _ _ _ _ _ _ _ _ _ _ _ _ _ _ _ _ _ _ _ _ _ _\n\nself = <selenium.webdriver.support.wait.WebDriverWait (session=\"a4fce4c5253b07210c80c723227c0b9f\")>, method = <function presence_of_element_located.<locals>._predicate at 0x000002679BF53D00>, message = ''\n\n    def until(self, method: Callable[[D], Union[Literal[False], T]], message: str = \"\") -> T:\n        \"\"\"Wait until the method returns a value that is not False.\n    \n        Calls the method provided with the driver as an argument until the\n        return value does not evaluate to ``False``.\n    \n        Parameters:\n        -----------\n        method: callable(WebDriver)\n            - A callable object that takes a WebDriver instance as an argument.\n    \n        message: str\n            - Optional message for :exc:`TimeoutException`\n    \n        Return:\n        -------\n        object: T\n            - The result of the last call to `method`\n    \n        Raises:\n        -------\n        TimeoutException\n            - If 'method' does not return a truthy value within the WebDriverWait\n            object's timeout\n    \n        Example:\n        --------\n        >>> from selenium.webdriver.common.by import By\n        >>> from selenium.webdriver.support.ui import WebDriverWait\n        >>> from selenium.webdriver.support import expected_conditions as EC\n    \n        # Wait until an element is visible on the page\n        >>> wait = WebDriverWait(driver, 10)\n        >>> element = wait.until(EC.visibility_of_element_located((By.ID, \"exampleId\")))\n        >>> print(element.text)\n        \"\"\"\n        screen = None\n        stacktrace = None\n    \n        end_time = time.monotonic() + self._timeout\n        while True:\n            try:\n                value = method(self._driver)\n                if value:\n                    return value\n            except self._ignored_exceptions as exc:\n                screen = getattr(exc, \"screen\", None)\n                stacktrace = getattr(exc, \"stacktrace\", None)\n            if time.monotonic() > end_time:\n                break\n            time.sleep(self._poll)\n>       raise TimeoutException(message, screen, stacktrace)\nE       selenium.common.exceptions.TimeoutException: Message: \nE       Stacktrace:\nE       Symbols not available. Dumping unresolved backtrace:\nE       \t0x7ff6c092fe35\nE       \t0x7ff6c092fe90\nE       \t0x7ff6c06b139d\nE       \t0x7ff6c0709d8e\nE       \t0x7ff6c070a09c\nE       \t0x7ff6c075e8d7\nE       \t0x7ff6c075b61b\nE       \t0x7ff6c06fac6d\nE       \t0x7ff6c06fbae3\nE       \t0x7ff6c0bfa10d\nE       \t0x7ff6c0bf448a\nE       \t0x7ff6c0c15157\nE       \t0x7ff6c094a81e\nE       \t0x7ff6c095262f\nE       \t0x7ff6c0939324\nE       \t0x7ff6c09394df\nE       \t0x7ff6c091ee88\nE       \t0x7fffdc107374\nE       \t0x7fffddb5cc91\n\nD:\\Python310\\lib\\site-packages\\selenium\\webdriver\\support\\wait.py:138: TimeoutException","flaky":false,"newFailed":false,"newBroken":false,"newPassed":false,"retriesCount":0,"retriesStatusChange":false,"beforeStages":[{"name":"login_to_setting","time":{"start":1767108606758,"stop":1767108629670,"duration":22912},"status":"passed","steps":[],"attachments":[],"parameters":[],"attachmentsCount":0,"shouldDisplayMessage":false,"stepsCount":0,"hasContent":false,"attachmentStep":false}],"testStage":{"status":"broken","statusMessage":"selenium.common.exceptions.TimeoutException: Message: \nStacktrace:\nSymbols not available. Dumping unresolved backtrace:\n\t0x7ff6c092fe35\n\t0x7ff6c092fe90\n\t0x7ff6c06b139d\n\t0x7ff6c0709d8e\n\t0x7ff6c070a09c\n\t0x7ff6c075e8d7\n\t0x7ff6c075b61b\n\t0x7ff6c06fac6d\n\t0x7ff6c06fbae3\n\t0x7ff6c0bfa10d\n\t0x7ff6c0bf448a\n\t0x7ff6c0c15157\n\t0x7ff6c094a81e\n\t0x7ff6c095262f\n\t0x7ff6c0939324\n\t0x7ff6c09394df\n\t0x7ff6c091ee88\n\t0x7fffdc107374\n\t0x7fffddb5cc91","statusTrace":"self = <test_items.test_setting.TestSettingPage object at 0x000002679B5AE6B0>, login_to_setting = <selenium.webdriver.chrome.webdriver.WebDriver (session=\"a4fce4c5253b07210c80c723227c0b9f\")>\n\n    @allure.story(\"添加布局成功\")\n    # @pytest.mark.run(order=1)\n    def test_setting_addsuccess(self, login_to_setting):\n        driver = login_to_setting  # WebDriver 实例\n        setting = SettingPage(driver)  # 用 driver 初始化 SettingPage\n        layout = \"测试布局A\"\n        setting.add_layout_ok(layout)\n    \n        # 获取布局名称的文本元素\n>       name = setting.get_find_element_xpath(\n            f'//div[@class=\"tabsDivItemCon\"]/div[text()=\" {layout} \"]'\n        ).text\n\nTests\\test_items\\test_setting.py:122: \n_ _ _ _ _ _ _ _ _ _ _ _ _ _ _ _ _ _ _ _ _ _ _ _ _ _ _ _ _ _ _ _ _ _ _ _ _ _ _ _ _ _ _ _ _ _ _ _ _ _ _ _ _ _ _ _ _ _ _ _ _ _ _ _ _ _ _ _ _ _ _ _ _ _ _ _ _ _ _ _ _ _ _ _ _ _ _ _ _ _ _ _ _ _ _ _ _ _ _ _ _ _ _ _ _ _ _ _ _ _ _ _ _ _ _ _\nPages\\itemsPage\\setting_page.py:27: in get_find_element_xpath\n    return self.find_element(By.XPATH, xpath)\nPages\\base_page.py:28: in find_element\n    return WebDriverWait(self.driver, wait_time).until(\n_ _ _ _ _ _ _ _ _ _ _ _ _ _ _ _ _ _ _ _ _ _ _ _ _ _ _ _ _ _ _ _ _ _ _ _ _ _ _ _ _ _ _ _ _ _ _ _ _ _ _ _ _ _ _ _ _ _ _ _ _ _ _ _ _ _ _ _ _ _ _ _ _ _ _ _ _ _ _ _ _ _ _ _ _ _ _ _ _ _ _ _ _ _ _ _ _ _ _ _ _ _ _ _ _ _ _ _ _ _ _ _ _ _ _ _\n\nself = <selenium.webdriver.support.wait.WebDriverWait (session=\"a4fce4c5253b07210c80c723227c0b9f\")>, method = <function presence_of_element_located.<locals>._predicate at 0x000002679BF53D00>, message = ''\n\n    def until(self, method: Callable[[D], Union[Literal[False], T]], message: str = \"\") -> T:\n        \"\"\"Wait until the method returns a value that is not False.\n    \n        Calls the method provided with the driver as an argument until the\n        return value does not evaluate to ``False``.\n    \n        Parameters:\n        -----------\n        method: callable(WebDriver)\n            - A callable object that takes a WebDriver instance as an argument.\n    \n        message: str\n            - Optional message for :exc:`TimeoutException`\n    \n        Return:\n        -------\n        object: T\n            - The result of the last call to `method`\n    \n        Raises:\n        -------\n        TimeoutException\n            - If 'method' does not return a truthy value within the WebDriverWait\n            object's timeout\n    \n        Example:\n        --------\n        >>> from selenium.webdriver.common.by import By\n        >>> from selenium.webdriver.support.ui import WebDriverWait\n        >>> from selenium.webdriver.support import expected_conditions as EC\n    \n        # Wait until an element is visible on the page\n        >>> wait = WebDriverWait(driver, 10)\n        >>> element = wait.until(EC.visibility_of_element_located((By.ID, \"exampleId\")))\n        >>> print(element.text)\n        \"\"\"\n        screen = None\n        stacktrace = None\n    \n        end_time = time.monotonic() + self._timeout\n        while True:\n            try:\n                value = method(self._driver)\n                if value:\n                    return value\n            except self._ignored_exceptions as exc:\n                screen = getattr(exc, \"screen\", None)\n                stacktrace = getattr(exc, \"stacktrace\", None)\n            if time.monotonic() > end_time:\n                break\n            time.sleep(self._poll)\n>       raise TimeoutException(message, screen, stacktrace)\nE       selenium.common.exceptions.TimeoutException: Message: \nE       Stacktrace:\nE       Symbols not available. Dumping unresolved backtrace:\nE       \t0x7ff6c092fe35\nE       \t0x7ff6c092fe90\nE       \t0x7ff6c06b139d\nE       \t0x7ff6c0709d8e\nE       \t0x7ff6c070a09c\nE       \t0x7ff6c075e8d7\nE       \t0x7ff6c075b61b\nE       \t0x7ff6c06fac6d\nE       \t0x7ff6c06fbae3\nE       \t0x7ff6c0bfa10d\nE       \t0x7ff6c0bf448a\nE       \t0x7ff6c0c15157\nE       \t0x7ff6c094a81e\nE       \t0x7ff6c095262f\nE       \t0x7ff6c0939324\nE       \t0x7ff6c09394df\nE       \t0x7ff6c091ee88\nE       \t0x7fffdc107374\nE       \t0x7fffddb5cc91\n\nD:\\Python310\\lib\\site-packages\\selenium\\webdriver\\support\\wait.py:138: TimeoutException","steps":[],"attachments":[{"uid":"9be574b1b53bef41","name":"test_setting_addsuccess_20251230_233044","source":"9be574b1b53bef41.png","type":"image/png","size":170670},{"uid":"4defa34ae74eac90","name":"log","source":"4defa34ae74eac90.txt","type":"text/plain","size":2490}],"parameters":[],"attachmentsCount":2,"shouldDisplayMessage":true,"stepsCount":0,"hasContent":true,"attachmentStep":false},"afterStages":[{"name":"login_to_setting::0","time":{"start":1767108644553,"stop":1767108646678,"duration":2125},"status":"passed","steps":[],"attachments":[],"parameters":[],"attachmentsCount":0,"shouldDisplayMessage":false,"stepsCount":0,"hasContent":false,"attachmentStep":false}],"labels":[{"name":"feature","value":"标准应用设置测试用例"},{"name":"story","value":"添加布局成功"},{"name":"parentSuite","value":"Tests.test_items"},{"name":"suite","value":"test_setting"},{"name":"subSuite","value":"TestSettingPage"},{"name":"host","value":"DESKTOP-L7L44NB"},{"name":"thread","value":"19660-MainThread"},{"name":"framework","value":"pytest"},{"name":"language","value":"cpython3"},{"name":"package","value":"Tests.test_items.test_setting"},{"name":"resultFormat","value":"allure2"}],"parameters":[],"links":[],"hidden":true,"retry":true,"extra":{"categories":[],"tags":[]},"source":"acd37fa18c959eb9.json","parameterValues":[]}