{"uid":"aea94623ac42d21a","name":"test_process_restart","fullName":"Tests.test_items.test_process.TestProcessPage#test_process_restart","historyId":"03ded50d0489fd65c080d6403aaf0b14","time":{"start":1767704079020,"stop":1767704083707,"duration":4687},"status":"broken","statusMessage":"selenium.common.exceptions.NoSuchElementException: Message: no such element: Unable to locate element: {\"method\":\"xpath\",\"selector\":\"//tr[./td[2][.//span[text()=\"11测试全部数据\"]]]\"}\n  (Session info: chrome=142.0.7444.60); For documentation on this error, please visit: https://www.selenium.dev/documentation/webdriver/troubleshooting/errors#no-such-element-exception\nStacktrace:\nSymbols not available. Dumping unresolved backtrace:\n\t0x7ff7b42cfe35\n\t0x7ff7b42cfe90\n\t0x7ff7b405139d\n\t0x7ff7b40a9d8e\n\t0x7ff7b40aa09c\n\t0x7ff7b40fe8d7\n\t0x7ff7b40fb61b\n\t0x7ff7b409ac6d\n\t0x7ff7b409bae3\n\t0x7ff7b459a10d\n\t0x7ff7b459448a\n\t0x7ff7b45b5157\n\t0x7ff7b42ea81e\n\t0x7ff7b42f262f\n\t0x7ff7b42d9324\n\t0x7ff7b42d94df\n\t0x7ff7b42bee88\n\t0x7ff9e6a37374\n\t0x7ff9e86dcc91","statusTrace":"self = <test_items.test_process.TestProcessPage object at 0x0000024643036AD0>, login_to_process = <selenium.webdriver.chrome.webdriver.WebDriver (session=\"176d05195f5a2d2eb5cdf29f4c1e7668\")>\n\n    @allure.story(\"重新打开浏览器，数据还存在\")\n    # @pytest.mark.run(order=1)\n    def test_process_restart(self, login_to_process):\n        driver = login_to_process  # WebDriver 实例\n        process = ProcessPage(driver)  # 用 driver 初始化 ProcessPage\n        code = '11测试全部数据'\n        process.enter_texts(\n            '//p[text()=\"工序代码\"]/ancestor::div[2]//input', code\n        )\n        # 缩放到最小（例如 70%）\n        driver.execute_script(\"document.body.style.zoom='0.7'\")\n        sleep(1)\n    \n        row_xpath = f'//tr[./td[2][.//span[text()=\"{code}\"]]]'\n        # 获取目标行\n>       target_row = driver.find_element(By.XPATH, row_xpath)\n\nTests\\test_items\\test_process.py:984: \n_ _ _ _ _ _ _ _ _ _ _ _ _ _ _ _ _ _ _ _ _ _ _ _ _ _ _ _ _ _ _ _ _ _ _ _ _ _ _ _ _ _ _ _ _ _ _ _ _ _ _ _ _ _ _ _ _ _ _ _ _ _ _ _ _ _ _ _ _ _ _ _ _ _ _ _ _ _ _ _ _ _ _ _ _ _ _ _ _ _ _ _ _ _ _ _ _ _ _ _ _ _ _ _ _ _ _ _ _ _ _ _ _ _ _ _\nD:\\Python310\\lib\\site-packages\\selenium\\webdriver\\remote\\webdriver.py:914: in find_element\n    return self.execute(Command.FIND_ELEMENT, {\"using\": by, \"value\": value})[\"value\"]\nD:\\Python310\\lib\\site-packages\\selenium\\webdriver\\remote\\webdriver.py:447: in execute\n    self.error_handler.check_response(response)\n_ _ _ _ _ _ _ _ _ _ _ _ _ _ _ _ _ _ _ _ _ _ _ _ _ _ _ _ _ _ _ _ _ _ _ _ _ _ _ _ _ _ _ _ _ _ _ _ _ _ _ _ _ _ _ _ _ _ _ _ _ _ _ _ _ _ _ _ _ _ _ _ _ _ _ _ _ _ _ _ _ _ _ _ _ _ _ _ _ _ _ _ _ _ _ _ _ _ _ _ _ _ _ _ _ _ _ _ _ _ _ _ _ _ _ _\n\nself = <selenium.webdriver.remote.errorhandler.ErrorHandler object at 0x0000024643B259F0>\nresponse = {'status': 404, 'value': '{\"value\":{\"error\":\"no such element\",\"message\":\"no such element: Unable to locate element: {\\...ff7b42f262f\\\\n\\\\t0x7ff7b42d9324\\\\n\\\\t0x7ff7b42d94df\\\\n\\\\t0x7ff7b42bee88\\\\n\\\\t0x7ff9e6a37374\\\\n\\\\t0x7ff9e86dcc91\\\\n\"}}'}\n\n    def check_response(self, response: Dict[str, Any]) -> None:\n        \"\"\"Checks that a JSON response from the WebDriver does not have an\n        error.\n    \n        :Args:\n         - response - The JSON response from the WebDriver server as a dictionary\n           object.\n    \n        :Raises: If the response contains an error message.\n        \"\"\"\n        status = response.get(\"status\", None)\n        if not status or status == ErrorCode.SUCCESS:\n            return\n        value = None\n        message = response.get(\"message\", \"\")\n        screen: str = response.get(\"screen\", \"\")\n        stacktrace = None\n        if isinstance(status, int):\n            value_json = response.get(\"value\", None)\n            if value_json and isinstance(value_json, str):\n                import json\n    \n                try:\n                    value = json.loads(value_json)\n                    if len(value) == 1:\n                        value = value[\"value\"]\n                    status = value.get(\"error\", None)\n                    if not status:\n                        status = value.get(\"status\", ErrorCode.UNKNOWN_ERROR)\n                        message = value.get(\"value\") or value.get(\"message\")\n                        if not isinstance(message, str):\n                            value = message\n                            message = message.get(\"message\")\n                    else:\n                        message = value.get(\"message\", None)\n                except ValueError:\n                    pass\n    \n        exception_class: Type[WebDriverException]\n        e = ErrorCode()\n        error_codes = [item for item in dir(e) if not item.startswith(\"__\")]\n        for error_code in error_codes:\n            error_info = getattr(ErrorCode, error_code)\n            if isinstance(error_info, list) and status in error_info:\n                exception_class = getattr(ExceptionMapping, error_code, WebDriverException)\n                break\n        else:\n            exception_class = WebDriverException\n    \n        if not value:\n            value = response[\"value\"]\n        if isinstance(value, str):\n            raise exception_class(value)\n        if message == \"\" and \"message\" in value:\n            message = value[\"message\"]\n    \n        screen = None  # type: ignore[assignment]\n        if \"screen\" in value:\n            screen = value[\"screen\"]\n    \n        stacktrace = None\n        st_value = value.get(\"stackTrace\") or value.get(\"stacktrace\")\n        if st_value:\n            if isinstance(st_value, str):\n                stacktrace = st_value.split(\"\\n\")\n            else:\n                stacktrace = []\n                try:\n                    for frame in st_value:\n                        line = frame.get(\"lineNumber\", \"\")\n                        file = frame.get(\"fileName\", \"<anonymous>\")\n                        if line:\n                            file = f\"{file}:{line}\"\n                        meth = frame.get(\"methodName\", \"<anonymous>\")\n                        if \"className\" in frame:\n                            meth = f\"{frame['className']}.{meth}\"\n                        msg = \"    at %s (%s)\"\n                        msg = msg % (meth, file)\n                        stacktrace.append(msg)\n                except TypeError:\n                    pass\n        if exception_class == UnexpectedAlertPresentException:\n            alert_text = None\n            if \"data\" in value:\n                alert_text = value[\"data\"].get(\"text\")\n            elif \"alert\" in value:\n                alert_text = value[\"alert\"].get(\"text\")\n            raise exception_class(message, screen, stacktrace, alert_text)  # type: ignore[call-arg]  # mypy is not smart enough here\n>       raise exception_class(message, screen, stacktrace)\nE       selenium.common.exceptions.NoSuchElementException: Message: no such element: Unable to locate element: {\"method\":\"xpath\",\"selector\":\"//tr[./td[2][.//span[text()=\"11测试全部数据\"]]]\"}\nE         (Session info: chrome=142.0.7444.60); For documentation on this error, please visit: https://www.selenium.dev/documentation/webdriver/troubleshooting/errors#no-such-element-exception\nE       Stacktrace:\nE       Symbols not available. Dumping unresolved backtrace:\nE       \t0x7ff7b42cfe35\nE       \t0x7ff7b42cfe90\nE       \t0x7ff7b405139d\nE       \t0x7ff7b40a9d8e\nE       \t0x7ff7b40aa09c\nE       \t0x7ff7b40fe8d7\nE       \t0x7ff7b40fb61b\nE       \t0x7ff7b409ac6d\nE       \t0x7ff7b409bae3\nE       \t0x7ff7b459a10d\nE       \t0x7ff7b459448a\nE       \t0x7ff7b45b5157\nE       \t0x7ff7b42ea81e\nE       \t0x7ff7b42f262f\nE       \t0x7ff7b42d9324\nE       \t0x7ff7b42d94df\nE       \t0x7ff7b42bee88\nE       \t0x7ff9e6a37374\nE       \t0x7ff9e86dcc91\n\nD:\\Python310\\lib\\site-packages\\selenium\\webdriver\\remote\\errorhandler.py:232: NoSuchElementException","flaky":false,"newFailed":false,"newBroken":false,"newPassed":false,"retriesCount":1,"retriesStatusChange":false,"beforeStages":[{"name":"login_to_process","time":{"start":1767703746831,"stop":1767703764291,"duration":17460},"status":"passed","steps":[],"attachments":[],"parameters":[],"shouldDisplayMessage":false,"attachmentsCount":0,"attachmentStep":false,"hasContent":false,"stepsCount":0}],"testStage":{"status":"broken","statusMessage":"selenium.common.exceptions.NoSuchElementException: Message: no such element: Unable to locate element: {\"method\":\"xpath\",\"selector\":\"//tr[./td[2][.//span[text()=\"11测试全部数据\"]]]\"}\n  (Session info: chrome=142.0.7444.60); For documentation on this error, please visit: https://www.selenium.dev/documentation/webdriver/troubleshooting/errors#no-such-element-exception\nStacktrace:\nSymbols not available. Dumping unresolved backtrace:\n\t0x7ff7b42cfe35\n\t0x7ff7b42cfe90\n\t0x7ff7b405139d\n\t0x7ff7b40a9d8e\n\t0x7ff7b40aa09c\n\t0x7ff7b40fe8d7\n\t0x7ff7b40fb61b\n\t0x7ff7b409ac6d\n\t0x7ff7b409bae3\n\t0x7ff7b459a10d\n\t0x7ff7b459448a\n\t0x7ff7b45b5157\n\t0x7ff7b42ea81e\n\t0x7ff7b42f262f\n\t0x7ff7b42d9324\n\t0x7ff7b42d94df\n\t0x7ff7b42bee88\n\t0x7ff9e6a37374\n\t0x7ff9e86dcc91","statusTrace":"self = <test_items.test_process.TestProcessPage object at 0x0000024643036AD0>, login_to_process = <selenium.webdriver.chrome.webdriver.WebDriver (session=\"176d05195f5a2d2eb5cdf29f4c1e7668\")>\n\n    @allure.story(\"重新打开浏览器，数据还存在\")\n    # @pytest.mark.run(order=1)\n    def test_process_restart(self, login_to_process):\n        driver = login_to_process  # WebDriver 实例\n        process = ProcessPage(driver)  # 用 driver 初始化 ProcessPage\n        code = '11测试全部数据'\n        process.enter_texts(\n            '//p[text()=\"工序代码\"]/ancestor::div[2]//input', code\n        )\n        # 缩放到最小（例如 70%）\n        driver.execute_script(\"document.body.style.zoom='0.7'\")\n        sleep(1)\n    \n        row_xpath = f'//tr[./td[2][.//span[text()=\"{code}\"]]]'\n        # 获取目标行\n>       target_row = driver.find_element(By.XPATH, row_xpath)\n\nTests\\test_items\\test_process.py:984: \n_ _ _ _ _ _ _ _ _ _ _ _ _ _ _ _ _ _ _ _ _ _ _ _ _ _ _ _ _ _ _ _ _ _ _ _ _ _ _ _ _ _ _ _ _ _ _ _ _ _ _ _ _ _ _ _ _ _ _ _ _ _ _ _ _ _ _ _ _ _ _ _ _ _ _ _ _ _ _ _ _ _ _ _ _ _ _ _ _ _ _ _ _ _ _ _ _ _ _ _ _ _ _ _ _ _ _ _ _ _ _ _ _ _ _ _\nD:\\Python310\\lib\\site-packages\\selenium\\webdriver\\remote\\webdriver.py:914: in find_element\n    return self.execute(Command.FIND_ELEMENT, {\"using\": by, \"value\": value})[\"value\"]\nD:\\Python310\\lib\\site-packages\\selenium\\webdriver\\remote\\webdriver.py:447: in execute\n    self.error_handler.check_response(response)\n_ _ _ _ _ _ _ _ _ _ _ _ _ _ _ _ _ _ _ _ _ _ _ _ _ _ _ _ _ _ _ _ _ _ _ _ _ _ _ _ _ _ _ _ _ _ _ _ _ _ _ _ _ _ _ _ _ _ _ _ _ _ _ _ _ _ _ _ _ _ _ _ _ _ _ _ _ _ _ _ _ _ _ _ _ _ _ _ _ _ _ _ _ _ _ _ _ _ _ _ _ _ _ _ _ _ _ _ _ _ _ _ _ _ _ _\n\nself = <selenium.webdriver.remote.errorhandler.ErrorHandler object at 0x0000024643B259F0>\nresponse = {'status': 404, 'value': '{\"value\":{\"error\":\"no such element\",\"message\":\"no such element: Unable to locate element: {\\...ff7b42f262f\\\\n\\\\t0x7ff7b42d9324\\\\n\\\\t0x7ff7b42d94df\\\\n\\\\t0x7ff7b42bee88\\\\n\\\\t0x7ff9e6a37374\\\\n\\\\t0x7ff9e86dcc91\\\\n\"}}'}\n\n    def check_response(self, response: Dict[str, Any]) -> None:\n        \"\"\"Checks that a JSON response from the WebDriver does not have an\n        error.\n    \n        :Args:\n         - response - The JSON response from the WebDriver server as a dictionary\n           object.\n    \n        :Raises: If the response contains an error message.\n        \"\"\"\n        status = response.get(\"status\", None)\n        if not status or status == ErrorCode.SUCCESS:\n            return\n        value = None\n        message = response.get(\"message\", \"\")\n        screen: str = response.get(\"screen\", \"\")\n        stacktrace = None\n        if isinstance(status, int):\n            value_json = response.get(\"value\", None)\n            if value_json and isinstance(value_json, str):\n                import json\n    \n                try:\n                    value = json.loads(value_json)\n                    if len(value) == 1:\n                        value = value[\"value\"]\n                    status = value.get(\"error\", None)\n                    if not status:\n                        status = value.get(\"status\", ErrorCode.UNKNOWN_ERROR)\n                        message = value.get(\"value\") or value.get(\"message\")\n                        if not isinstance(message, str):\n                            value = message\n                            message = message.get(\"message\")\n                    else:\n                        message = value.get(\"message\", None)\n                except ValueError:\n                    pass\n    \n        exception_class: Type[WebDriverException]\n        e = ErrorCode()\n        error_codes = [item for item in dir(e) if not item.startswith(\"__\")]\n        for error_code in error_codes:\n            error_info = getattr(ErrorCode, error_code)\n            if isinstance(error_info, list) and status in error_info:\n                exception_class = getattr(ExceptionMapping, error_code, WebDriverException)\n                break\n        else:\n            exception_class = WebDriverException\n    \n        if not value:\n            value = response[\"value\"]\n        if isinstance(value, str):\n            raise exception_class(value)\n        if message == \"\" and \"message\" in value:\n            message = value[\"message\"]\n    \n        screen = None  # type: ignore[assignment]\n        if \"screen\" in value:\n            screen = value[\"screen\"]\n    \n        stacktrace = None\n        st_value = value.get(\"stackTrace\") or value.get(\"stacktrace\")\n        if st_value:\n            if isinstance(st_value, str):\n                stacktrace = st_value.split(\"\\n\")\n            else:\n                stacktrace = []\n                try:\n                    for frame in st_value:\n                        line = frame.get(\"lineNumber\", \"\")\n                        file = frame.get(\"fileName\", \"<anonymous>\")\n                        if line:\n                            file = f\"{file}:{line}\"\n                        meth = frame.get(\"methodName\", \"<anonymous>\")\n                        if \"className\" in frame:\n                            meth = f\"{frame['className']}.{meth}\"\n                        msg = \"    at %s (%s)\"\n                        msg = msg % (meth, file)\n                        stacktrace.append(msg)\n                except TypeError:\n                    pass\n        if exception_class == UnexpectedAlertPresentException:\n            alert_text = None\n            if \"data\" in value:\n                alert_text = value[\"data\"].get(\"text\")\n            elif \"alert\" in value:\n                alert_text = value[\"alert\"].get(\"text\")\n            raise exception_class(message, screen, stacktrace, alert_text)  # type: ignore[call-arg]  # mypy is not smart enough here\n>       raise exception_class(message, screen, stacktrace)\nE       selenium.common.exceptions.NoSuchElementException: Message: no such element: Unable to locate element: {\"method\":\"xpath\",\"selector\":\"//tr[./td[2][.//span[text()=\"11测试全部数据\"]]]\"}\nE         (Session info: chrome=142.0.7444.60); For documentation on this error, please visit: https://www.selenium.dev/documentation/webdriver/troubleshooting/errors#no-such-element-exception\nE       Stacktrace:\nE       Symbols not available. Dumping unresolved backtrace:\nE       \t0x7ff7b42cfe35\nE       \t0x7ff7b42cfe90\nE       \t0x7ff7b405139d\nE       \t0x7ff7b40a9d8e\nE       \t0x7ff7b40aa09c\nE       \t0x7ff7b40fe8d7\nE       \t0x7ff7b40fb61b\nE       \t0x7ff7b409ac6d\nE       \t0x7ff7b409bae3\nE       \t0x7ff7b459a10d\nE       \t0x7ff7b459448a\nE       \t0x7ff7b45b5157\nE       \t0x7ff7b42ea81e\nE       \t0x7ff7b42f262f\nE       \t0x7ff7b42d9324\nE       \t0x7ff7b42d94df\nE       \t0x7ff7b42bee88\nE       \t0x7ff9e6a37374\nE       \t0x7ff9e86dcc91\n\nD:\\Python310\\lib\\site-packages\\selenium\\webdriver\\remote\\errorhandler.py:232: NoSuchElementException","steps":[],"attachments":[{"uid":"4b585f6c4e103a45","name":"test_process_restart_20260106_205443","source":"4b585f6c4e103a45.png","type":"image/png","size":49641}],"parameters":[],"shouldDisplayMessage":true,"attachmentsCount":1,"attachmentStep":false,"hasContent":true,"stepsCount":0},"afterStages":[{"name":"login_to_process::0","time":{"start":1767704214293,"stop":1767704216459,"duration":2166},"status":"passed","steps":[],"attachments":[],"parameters":[],"shouldDisplayMessage":false,"attachmentsCount":0,"attachmentStep":false,"hasContent":false,"stepsCount":0}],"labels":[{"name":"story","value":"重新打开浏览器，数据还存在"},{"name":"feature","value":"工序表测试用例"},{"name":"parentSuite","value":"Tests.test_items"},{"name":"suite","value":"test_process"},{"name":"subSuite","value":"TestProcessPage"},{"name":"host","value":"DESKTOP-L7L44NB"},{"name":"thread","value":"436-MainThread"},{"name":"framework","value":"pytest"},{"name":"language","value":"cpython3"},{"name":"package","value":"Tests.test_items.test_process"},{"name":"resultFormat","value":"allure2"}],"parameters":[],"links":[],"hidden":false,"retry":false,"extra":{"severity":"normal","retries":[{"uid":"1c04eac1517afd21","status":"broken","statusDetails":"selenium.common.exceptions.NoSuchElementException: Message: no such element: Unable to locate element: {\"method\":\"xpath\",\"selector\":\"//tr[./td[2][.//span[text()=\"11测试全部数据\"]]]\"}\n  (Session info: chrome=142.0.7444.60); For documentation on this error, please visit: https://www.selenium.dev/documentation/webdriver/troubleshooting/errors#no-such-element-exception\nStacktrace:\nSymbols not available. Dumping unresolved backtrace:\n\t0x7ff7b42cfe35\n\t0x7ff7b42cfe90\n\t0x7ff7b405139d\n\t0x7ff7b40a9d8e\n\t0x7ff7b40aa09c\n\t0x7ff7b40fe8d7\n\t0x7ff7b40fb61b\n\t0x7ff7b409ac6d\n\t0x7ff7b409bae3\n\t0x7ff7b459a10d\n\t0x7ff7b459448a\n\t0x7ff7b45b5157\n\t0x7ff7b42ea81e\n\t0x7ff7b42f262f\n\t0x7ff7b42d9324\n\t0x7ff7b42d94df\n\t0x7ff7b42bee88\n\t0x7ff9e6a37374\n\t0x7ff9e86dcc91","time":{"start":1767704073951,"stop":1767704078768,"duration":4817}}],"categories":[{"name":"Test defects","matchedStatuses":[]}],"tags":[]},"source":"aea94623ac42d21a.json","parameterValues":[]}