{"uid":"b077a0a2861e8e61","name":"test_setting_addtable2","fullName":"Tests.test_items.test_setting.TestSettingPage#test_setting_addtable2","historyId":"772dddfa57c7cc0f68156710da5fa03c","time":{"start":1765472592677,"stop":1765472614064,"duration":21387},"status":"broken","statusMessage":"selenium.common.exceptions.TimeoutException: Message: \nStacktrace:\nSymbols not available. Dumping unresolved backtrace:\n\t0x7ff71995fe35\n\t0x7ff71995fe90\n\t0x7ff7196e139d\n\t0x7ff719739d8e\n\t0x7ff71973a09c\n\t0x7ff71978e8d7\n\t0x7ff71978b61b\n\t0x7ff71972ac6d\n\t0x7ff71972bae3\n\t0x7ff719c2a10d\n\t0x7ff719c2448a\n\t0x7ff719c45157\n\t0x7ff71997a81e\n\t0x7ff71998262f\n\t0x7ff719969324\n\t0x7ff7199694df\n\t0x7ff71994ee88\n\t0x7ffaae547374\n\t0x7ffaaedfcc91","statusTrace":"self = <test_items.test_setting.TestSettingPage object at 0x0000013057C0A0E0>, login_to_setting = <selenium.webdriver.chrome.webdriver.WebDriver (session=\"ca106e4f053aaf482365c95113e0bd57\")>\n\n    @allure.story(\"添加透视表布局-添加名称添加显示设置 添加成功\")\n    # @pytest.mark.run(order=1)\n    def test_setting_addtable2(self, login_to_setting):\n        driver = login_to_setting\n        setting = SettingPage(driver)\n        layout = \"测试透视表B\"\n        # 调用 add_pivot_table 方法，用于添加布局\n        setting.add_pivot_table()\n        setting.enter_texts(\n            '//div[text()=\"当前布局:\"]/following-sibling::div//input', f\"{layout}\"\n        )\n    \n        setting.click_button('//div[text()=\" 显示设置 \"]')\n        # 定义文本元素和目标输入框的 XPath\n        text_elements = [\n            '//div[span[text()=\" code(物料代码) \"]]',\n            '//div[span[text()=\" name(物料名称) \"]]',\n            '//div[span[text()=\" type(物料种类) \"]]',\n        ]\n    \n        input_elements = [\n            '(//div[@class=\"axis\"])[1]',\n            '(//div[@class=\"axis\"])[2]',\n            '(//div[@class=\"axis\"])[3]',\n        ]\n    \n        # 使用循环进行拖放操作\n        for text_xpath, input_xpath in zip(text_elements, input_elements):\n            text_element = setting.get_find_element_xpath(text_xpath)\n            input_element = setting.get_find_element_xpath(input_xpath)\n            ActionChains(driver).drag_and_drop(text_element, input_element).perform()\n    \n        sleep(2)\n        setting.click_confirm_button()\n    \n        # 获取布局名称的文本元素\n>       name = setting.get_find_element_xpath(\n            f'//div[@class=\"tabsDivItemCon\"]/div[text()=\" {layout} \"]'\n        ).text\n\nTests\\test_items\\test_setting.py:237: \n_ _ _ _ _ _ _ _ _ _ _ _ _ _ _ _ _ _ _ _ _ _ _ _ _ _ _ _ _ _ _ _ _ _ _ _ _ _ _ _ _ _ _ _ _ _ _ _ _ _ _ _ _ _ _ _ _ _ _ _ _ _ _ _ _ _ _ _ _ _ _ _ _ _ _ _ _ _ _ _ _ _ _ _ _ _ _ _ _ _ _ _ _ _ _ _ _ _ _ _ _ _ _ _ _ _ _ _ _ _ _ _ _ _ _ _\nPages\\itemsPage\\setting_page.py:27: in get_find_element_xpath\n    return self.find_element(By.XPATH, xpath)\nPages\\base_page.py:28: in find_element\n    return WebDriverWait(self.driver, wait_time).until(\n_ _ _ _ _ _ _ _ _ _ _ _ _ _ _ _ _ _ _ _ _ _ _ _ _ _ _ _ _ _ _ _ _ _ _ _ _ _ _ _ _ _ _ _ _ _ _ _ _ _ _ _ _ _ _ _ _ _ _ _ _ _ _ _ _ _ _ _ _ _ _ _ _ _ _ _ _ _ _ _ _ _ _ _ _ _ _ _ _ _ _ _ _ _ _ _ _ _ _ _ _ _ _ _ _ _ _ _ _ _ _ _ _ _ _ _\n\nself = <selenium.webdriver.support.wait.WebDriverWait (session=\"ca106e4f053aaf482365c95113e0bd57\")>, method = <function presence_of_element_located.<locals>._predicate at 0x0000013058D12B90>, message = ''\n\n    def until(self, method: Callable[[D], Union[Literal[False], T]], message: str = \"\") -> T:\n        \"\"\"Wait until the method returns a value that is not False.\n    \n        Calls the method provided with the driver as an argument until the\n        return value does not evaluate to ``False``.\n    \n        Parameters:\n        -----------\n        method: callable(WebDriver)\n            - A callable object that takes a WebDriver instance as an argument.\n    \n        message: str\n            - Optional message for :exc:`TimeoutException`\n    \n        Return:\n        -------\n        object: T\n            - The result of the last call to `method`\n    \n        Raises:\n        -------\n        TimeoutException\n            - If 'method' does not return a truthy value within the WebDriverWait\n            object's timeout\n    \n        Example:\n        --------\n        >>> from selenium.webdriver.common.by import By\n        >>> from selenium.webdriver.support.ui import WebDriverWait\n        >>> from selenium.webdriver.support import expected_conditions as EC\n    \n        # Wait until an element is visible on the page\n        >>> wait = WebDriverWait(driver, 10)\n        >>> element = wait.until(EC.visibility_of_element_located((By.ID, \"exampleId\")))\n        >>> print(element.text)\n        \"\"\"\n        screen = None\n        stacktrace = None\n    \n        end_time = time.monotonic() + self._timeout\n        while True:\n            try:\n                value = method(self._driver)\n                if value:\n                    return value\n            except self._ignored_exceptions as exc:\n                screen = getattr(exc, \"screen\", None)\n                stacktrace = getattr(exc, \"stacktrace\", None)\n            if time.monotonic() > end_time:\n                break\n            time.sleep(self._poll)\n>       raise TimeoutException(message, screen, stacktrace)\nE       selenium.common.exceptions.TimeoutException: Message: \nE       Stacktrace:\nE       Symbols not available. Dumping unresolved backtrace:\nE       \t0x7ff71995fe35\nE       \t0x7ff71995fe90\nE       \t0x7ff7196e139d\nE       \t0x7ff719739d8e\nE       \t0x7ff71973a09c\nE       \t0x7ff71978e8d7\nE       \t0x7ff71978b61b\nE       \t0x7ff71972ac6d\nE       \t0x7ff71972bae3\nE       \t0x7ff719c2a10d\nE       \t0x7ff719c2448a\nE       \t0x7ff719c45157\nE       \t0x7ff71997a81e\nE       \t0x7ff71998262f\nE       \t0x7ff719969324\nE       \t0x7ff7199694df\nE       \t0x7ff71994ee88\nE       \t0x7ffaae547374\nE       \t0x7ffaaedfcc91\n\nD:\\Python310\\lib\\site-packages\\selenium\\webdriver\\support\\wait.py:138: TimeoutException","flaky":false,"newFailed":false,"newBroken":false,"newPassed":false,"retriesCount":1,"retriesStatusChange":false,"beforeStages":[{"name":"login_to_setting","time":{"start":1765472575739,"stop":1765472592675,"duration":16936},"status":"passed","steps":[],"attachments":[],"parameters":[],"attachmentsCount":0,"shouldDisplayMessage":false,"attachmentStep":false,"hasContent":false,"stepsCount":0}],"testStage":{"status":"broken","statusMessage":"selenium.common.exceptions.TimeoutException: Message: \nStacktrace:\nSymbols not available. Dumping unresolved backtrace:\n\t0x7ff71995fe35\n\t0x7ff71995fe90\n\t0x7ff7196e139d\n\t0x7ff719739d8e\n\t0x7ff71973a09c\n\t0x7ff71978e8d7\n\t0x7ff71978b61b\n\t0x7ff71972ac6d\n\t0x7ff71972bae3\n\t0x7ff719c2a10d\n\t0x7ff719c2448a\n\t0x7ff719c45157\n\t0x7ff71997a81e\n\t0x7ff71998262f\n\t0x7ff719969324\n\t0x7ff7199694df\n\t0x7ff71994ee88\n\t0x7ffaae547374\n\t0x7ffaaedfcc91","statusTrace":"self = <test_items.test_setting.TestSettingPage object at 0x0000013057C0A0E0>, login_to_setting = <selenium.webdriver.chrome.webdriver.WebDriver (session=\"ca106e4f053aaf482365c95113e0bd57\")>\n\n    @allure.story(\"添加透视表布局-添加名称添加显示设置 添加成功\")\n    # @pytest.mark.run(order=1)\n    def test_setting_addtable2(self, login_to_setting):\n        driver = login_to_setting\n        setting = SettingPage(driver)\n        layout = \"测试透视表B\"\n        # 调用 add_pivot_table 方法，用于添加布局\n        setting.add_pivot_table()\n        setting.enter_texts(\n            '//div[text()=\"当前布局:\"]/following-sibling::div//input', f\"{layout}\"\n        )\n    \n        setting.click_button('//div[text()=\" 显示设置 \"]')\n        # 定义文本元素和目标输入框的 XPath\n        text_elements = [\n            '//div[span[text()=\" code(物料代码) \"]]',\n            '//div[span[text()=\" name(物料名称) \"]]',\n            '//div[span[text()=\" type(物料种类) \"]]',\n        ]\n    \n        input_elements = [\n            '(//div[@class=\"axis\"])[1]',\n            '(//div[@class=\"axis\"])[2]',\n            '(//div[@class=\"axis\"])[3]',\n        ]\n    \n        # 使用循环进行拖放操作\n        for text_xpath, input_xpath in zip(text_elements, input_elements):\n            text_element = setting.get_find_element_xpath(text_xpath)\n            input_element = setting.get_find_element_xpath(input_xpath)\n            ActionChains(driver).drag_and_drop(text_element, input_element).perform()\n    \n        sleep(2)\n        setting.click_confirm_button()\n    \n        # 获取布局名称的文本元素\n>       name = setting.get_find_element_xpath(\n            f'//div[@class=\"tabsDivItemCon\"]/div[text()=\" {layout} \"]'\n        ).text\n\nTests\\test_items\\test_setting.py:237: \n_ _ _ _ _ _ _ _ _ _ _ _ _ _ _ _ _ _ _ _ _ _ _ _ _ _ _ _ _ _ _ _ _ _ _ _ _ _ _ _ _ _ _ _ _ _ _ _ _ _ _ _ _ _ _ _ _ _ _ _ _ _ _ _ _ _ _ _ _ _ _ _ _ _ _ _ _ _ _ _ _ _ _ _ _ _ _ _ _ _ _ _ _ _ _ _ _ _ _ _ _ _ _ _ _ _ _ _ _ _ _ _ _ _ _ _\nPages\\itemsPage\\setting_page.py:27: in get_find_element_xpath\n    return self.find_element(By.XPATH, xpath)\nPages\\base_page.py:28: in find_element\n    return WebDriverWait(self.driver, wait_time).until(\n_ _ _ _ _ _ _ _ _ _ _ _ _ _ _ _ _ _ _ _ _ _ _ _ _ _ _ _ _ _ _ _ _ _ _ _ _ _ _ _ _ _ _ _ _ _ _ _ _ _ _ _ _ _ _ _ _ _ _ _ _ _ _ _ _ _ _ _ _ _ _ _ _ _ _ _ _ _ _ _ _ _ _ _ _ _ _ _ _ _ _ _ _ _ _ _ _ _ _ _ _ _ _ _ _ _ _ _ _ _ _ _ _ _ _ _\n\nself = <selenium.webdriver.support.wait.WebDriverWait (session=\"ca106e4f053aaf482365c95113e0bd57\")>, method = <function presence_of_element_located.<locals>._predicate at 0x0000013058D12B90>, message = ''\n\n    def until(self, method: Callable[[D], Union[Literal[False], T]], message: str = \"\") -> T:\n        \"\"\"Wait until the method returns a value that is not False.\n    \n        Calls the method provided with the driver as an argument until the\n        return value does not evaluate to ``False``.\n    \n        Parameters:\n        -----------\n        method: callable(WebDriver)\n            - A callable object that takes a WebDriver instance as an argument.\n    \n        message: str\n            - Optional message for :exc:`TimeoutException`\n    \n        Return:\n        -------\n        object: T\n            - The result of the last call to `method`\n    \n        Raises:\n        -------\n        TimeoutException\n            - If 'method' does not return a truthy value within the WebDriverWait\n            object's timeout\n    \n        Example:\n        --------\n        >>> from selenium.webdriver.common.by import By\n        >>> from selenium.webdriver.support.ui import WebDriverWait\n        >>> from selenium.webdriver.support import expected_conditions as EC\n    \n        # Wait until an element is visible on the page\n        >>> wait = WebDriverWait(driver, 10)\n        >>> element = wait.until(EC.visibility_of_element_located((By.ID, \"exampleId\")))\n        >>> print(element.text)\n        \"\"\"\n        screen = None\n        stacktrace = None\n    \n        end_time = time.monotonic() + self._timeout\n        while True:\n            try:\n                value = method(self._driver)\n                if value:\n                    return value\n            except self._ignored_exceptions as exc:\n                screen = getattr(exc, \"screen\", None)\n                stacktrace = getattr(exc, \"stacktrace\", None)\n            if time.monotonic() > end_time:\n                break\n            time.sleep(self._poll)\n>       raise TimeoutException(message, screen, stacktrace)\nE       selenium.common.exceptions.TimeoutException: Message: \nE       Stacktrace:\nE       Symbols not available. Dumping unresolved backtrace:\nE       \t0x7ff71995fe35\nE       \t0x7ff71995fe90\nE       \t0x7ff7196e139d\nE       \t0x7ff719739d8e\nE       \t0x7ff71973a09c\nE       \t0x7ff71978e8d7\nE       \t0x7ff71978b61b\nE       \t0x7ff71972ac6d\nE       \t0x7ff71972bae3\nE       \t0x7ff719c2a10d\nE       \t0x7ff719c2448a\nE       \t0x7ff719c45157\nE       \t0x7ff71997a81e\nE       \t0x7ff71998262f\nE       \t0x7ff719969324\nE       \t0x7ff7199694df\nE       \t0x7ff71994ee88\nE       \t0x7ffaae547374\nE       \t0x7ffaaedfcc91\n\nD:\\Python310\\lib\\site-packages\\selenium\\webdriver\\support\\wait.py:138: TimeoutException","steps":[],"attachments":[{"uid":"b5451b010063dcef","name":"test_setting_addtable2","source":"b5451b010063dcef.png","type":"image/png","size":72608},{"uid":"3d09b3d4fee83e50","name":"test_setting_addtable2","source":"3d09b3d4fee83e50.png","type":"image/png","size":72608},{"uid":"d858b2c9dc8abb6","name":"test_setting_addtable2","source":"d858b2c9dc8abb6.png","type":"image/png","size":142837},{"uid":"aa63baa037172cba","name":"log","source":"aa63baa037172cba.txt","type":"text/plain","size":5315}],"parameters":[],"attachmentsCount":4,"shouldDisplayMessage":true,"attachmentStep":false,"hasContent":true,"stepsCount":0},"afterStages":[{"name":"login_to_setting::0","time":{"start":1765472614472,"stop":1765472616609,"duration":2137},"status":"passed","steps":[],"attachments":[],"parameters":[],"attachmentsCount":0,"shouldDisplayMessage":false,"attachmentStep":false,"hasContent":false,"stepsCount":0}],"labels":[{"name":"story","value":"添加透视表布局-添加名称添加显示设置 添加成功"},{"name":"feature","value":"标准应用设置测试用例"},{"name":"parentSuite","value":"Tests.test_items"},{"name":"suite","value":"test_setting"},{"name":"subSuite","value":"TestSettingPage"},{"name":"host","value":"DESKTOP-L7L44NB"},{"name":"thread","value":"32524-MainThread"},{"name":"framework","value":"pytest"},{"name":"language","value":"cpython3"},{"name":"package","value":"Tests.test_items.test_setting"},{"name":"resultFormat","value":"allure2"}],"parameters":[],"links":[],"hidden":false,"retry":false,"extra":{"severity":"normal","retries":[{"uid":"739bddfe5b4ba35c","status":"broken","statusDetails":"selenium.common.exceptions.TimeoutException: Message: \nStacktrace:\nSymbols not available. Dumping unresolved backtrace:\n\t0x7ff71995fe35\n\t0x7ff71995fe90\n\t0x7ff7196e139d\n\t0x7ff719739d8e\n\t0x7ff71973a09c\n\t0x7ff71978e8d7\n\t0x7ff71978b61b\n\t0x7ff71972ac6d\n\t0x7ff71972bae3\n\t0x7ff719c2a10d\n\t0x7ff719c2448a\n\t0x7ff719c45157\n\t0x7ff71997a81e\n\t0x7ff71998262f\n\t0x7ff719969324\n\t0x7ff7199694df\n\t0x7ff71994ee88\n\t0x7ffaae547374\n\t0x7ffaaedfcc91","time":{"start":1765472551602,"stop":1765472573058,"duration":21456}}],"categories":[{"name":"Test defects","matchedStatuses":[]}],"tags":[]},"source":"b077a0a2861e8e61.json","parameterValues":[]}