{"uid":"b10477975ae63450","name":"test_synchronize_all_import2","fullName":"Tests.test_system.test_synchronize.TestSynchronizePage#test_synchronize_all_import2","historyId":"07bb02cd68920c84d1a806d8bb3ba89e","time":{"start":1769545462271,"stop":1769545472449,"duration":10178},"status":"broken","statusMessage":"selenium.common.exceptions.TimeoutException: Message: 点击失败，找不到元素：xpath = //div[text()=\" 数据导入 \"]","statusTrace":"self = <Pages.systemPage.synchronize_page.SynchronizePage object at 0x000001EC019671F0>, by_or_element = 'xpath', value = '//div[text()=\" 数据导入 \"]', wait_time = 10, retries = 2\n\n    def click(self, by_or_element, value=None, wait_time=10, retries=2):\n        \"\"\"\n        更稳健的点击方法：支持定位符或 WebElement，自动处理 stale 元素、点击拦截等问题。\n        \"\"\"\n        for attempt in range(retries):\n            try:\n                if value is not None:\n                    by = by_or_element\n                    logging.info(f\"点击元素：By = {by}, Value = {value}\")\n>                   element = WebDriverWait(self.driver, wait_time).until(\n                        EC.element_to_be_clickable((by, value))\n                    )\n\nPages\\base_page.py:49: \n_ _ _ _ _ _ _ _ _ _ _ _ _ _ _ _ _ _ _ _ _ _ _ _ _ _ _ _ _ _ _ _ _ _ _ _ _ _ _ _ _ _ _ _ _ _ _ _ _ _ _ _ _ _ _ _ _ _ _ _ _ _ _ _ _ _ _ _ _ _ _ _ _ _ _ _ _ _ _ _ _ _ _ _ _ _ _ _ _ _ _ _ _ _ _ _ _ _ _ _ _ _ _ _ _ _ _ _ _ _ _ _ _ _ _ _\n\nself = <selenium.webdriver.support.wait.WebDriverWait (session=\"8792c7be6fc7ec2e1216ba80ed2e7295\")>, method = <function element_to_be_clickable.<locals>._predicate at 0x000001EC047EFD00>, message = ''\n\n    def until(self, method: Callable[[D], Union[Literal[False], T]], message: str = \"\") -> T:\n        \"\"\"Wait until the method returns a value that is not False.\n    \n        Calls the method provided with the driver as an argument until the\n        return value does not evaluate to ``False``.\n    \n        Parameters:\n        -----------\n        method: callable(WebDriver)\n            - A callable object that takes a WebDriver instance as an argument.\n    \n        message: str\n            - Optional message for :exc:`TimeoutException`\n    \n        Return:\n        -------\n        object: T\n            - The result of the last call to `method`\n    \n        Raises:\n        -------\n        TimeoutException\n            - If 'method' does not return a truthy value within the WebDriverWait\n            object's timeout\n    \n        Example:\n        --------\n        >>> from selenium.webdriver.common.by import By\n        >>> from selenium.webdriver.support.ui import WebDriverWait\n        >>> from selenium.webdriver.support import expected_conditions as EC\n    \n        # Wait until an element is visible on the page\n        >>> wait = WebDriverWait(driver, 10)\n        >>> element = wait.until(EC.visibility_of_element_located((By.ID, \"exampleId\")))\n        >>> print(element.text)\n        \"\"\"\n        screen = None\n        stacktrace = None\n    \n        end_time = time.monotonic() + self._timeout\n        while True:\n            try:\n                value = method(self._driver)\n                if value:\n                    return value\n            except self._ignored_exceptions as exc:\n                screen = getattr(exc, \"screen\", None)\n                stacktrace = getattr(exc, \"stacktrace\", None)\n            if time.monotonic() > end_time:\n                break\n            time.sleep(self._poll)\n>       raise TimeoutException(message, screen, stacktrace)\nE       selenium.common.exceptions.TimeoutException: Message: \nE       Stacktrace:\nE       Symbols not available. Dumping unresolved backtrace:\nE       \t0x7ff7a57dfe35\nE       \t0x7ff7a57dfe90\nE       \t0x7ff7a556139d\nE       \t0x7ff7a55b9d8e\nE       \t0x7ff7a55ba09c\nE       \t0x7ff7a560e8d7\nE       \t0x7ff7a560b61b\nE       \t0x7ff7a55aac6d\nE       \t0x7ff7a55abae3\nE       \t0x7ff7a5aaa10d\nE       \t0x7ff7a5aa448a\nE       \t0x7ff7a5ac5157\nE       \t0x7ff7a57fa81e\nE       \t0x7ff7a580262f\nE       \t0x7ff7a57e9324\nE       \t0x7ff7a57e94df\nE       \t0x7ff7a57cee88\nE       \t0x7ffc59d27374\nE       \t0x7ffc5a9fcc91\n\nD:\\Python310\\lib\\site-packages\\selenium\\webdriver\\support\\wait.py:138: TimeoutException\n\nDuring handling of the above exception, another exception occurred:\n\nself = <test_system.test_synchronize.TestSynchronizePage object at 0x000001EC02556170>, login_to_synchronize = <selenium.webdriver.chrome.webdriver.WebDriver (session=\"8792c7be6fc7ec2e1216ba80ed2e7295\")>\n\n    @allure.story(\"同步1个数据导入到多个计划单元成功\")\n    # @pytest.mark.run(order=1)\n    def test_synchronize_all_import2(self, login_to_synchronize):\n        driver = login_to_synchronize  # WebDriver 实例\n        synchronize = SynchronizePage(driver)  # 用 driver 初始化 SynchronizePage\n        date_driver = DateDriver()\n        import_name = [\n            \"1同步导入3\",\n        ]\n        plan_names = [\n            \"1测试计划单元标准\",\n            \"1测试A\",\n        ]\n>       synchronize.click_checkbox_value(import_name, plan_names, \"4\")\n\nTests\\test_system\\test_synchronize.py:781: \n_ _ _ _ _ _ _ _ _ _ _ _ _ _ _ _ _ _ _ _ _ _ _ _ _ _ _ _ _ _ _ _ _ _ _ _ _ _ _ _ _ _ _ _ _ _ _ _ _ _ _ _ _ _ _ _ _ _ _ _ _ _ _ _ _ _ _ _ _ _ _ _ _ _ _ _ _ _ _ _ _ _ _ _ _ _ _ _ _ _ _ _ _ _ _ _ _ _ _ _ _ _ _ _ _ _ _ _ _ _ _ _ _ _ _ _\nPages\\systemPage\\synchronize_page.py:199: in click_checkbox_value\n    self.click_button(section[\"section_xpath\"])\nPages\\systemPage\\synchronize_page.py:24: in click_button\n    self.click(By.XPATH, xpath)\n_ _ _ _ _ _ _ _ _ _ _ _ _ _ _ _ _ _ _ _ _ _ _ _ _ _ _ _ _ _ _ _ _ _ _ _ _ _ _ _ _ _ _ _ _ _ _ _ _ _ _ _ _ _ _ _ _ _ _ _ _ _ _ _ _ _ _ _ _ _ _ _ _ _ _ _ _ _ _ _ _ _ _ _ _ _ _ _ _ _ _ _ _ _ _ _ _ _ _ _ _ _ _ _ _ _ _ _ _ _ _ _ _ _ _ _\n\nself = <Pages.systemPage.synchronize_page.SynchronizePage object at 0x000001EC019671F0>, by_or_element = 'xpath', value = '//div[text()=\" 数据导入 \"]', wait_time = 10, retries = 2\n\n    def click(self, by_or_element, value=None, wait_time=10, retries=2):\n        \"\"\"\n        更稳健的点击方法：支持定位符或 WebElement，自动处理 stale 元素、点击拦截等问题。\n        \"\"\"\n        for attempt in range(retries):\n            try:\n                if value is not None:\n                    by = by_or_element\n                    logging.info(f\"点击元素：By = {by}, Value = {value}\")\n                    element = WebDriverWait(self.driver, wait_time).until(\n                        EC.element_to_be_clickable((by, value))\n                    )\n                else:\n                    logging.info(\"点击元素：WebElement 对象\")\n                    element = by_or_element\n    \n                element.click()\n                logging.info(\"✅ 点击成功\")\n                return\n    \n            except ElementClickInterceptedException:\n                logging.warning(\"⚠️ 原生点击被拦截，尝试使用 JS 点击\")\n                try:\n                    self.driver.execute_script(\"arguments[0].click();\", element)\n                    logging.info(\"✅ JS 点击成功\")\n                    return\n                except Exception as js_error:\n                    logging.warning(f\"⚠️ JS 点击失败：{js_error}\")\n                    sleep(1)\n                    continue  # 下一轮重试\n    \n            except StaleElementReferenceException:\n                logging.warning(f\"⚠️ 第 {attempt + 1} 次点击失败：元素过期，尝试重新定位\")\n                sleep(1)\n                continue  # 下一轮重试时重新定位\n    \n            except TimeoutException:\n                logging.error(f\"❌ 元素未在 {wait_time} 秒内变为可点击\")\n>               raise TimeoutException(f\"点击失败，找不到元素：{by_or_element} = {value}\")\nE               selenium.common.exceptions.TimeoutException: Message: 点击失败，找不到元素：xpath = //div[text()=\" 数据导入 \"]\n\nPages\\base_page.py:78: TimeoutException","flaky":false,"newFailed":false,"newBroken":false,"newPassed":false,"retriesCount":1,"retriesStatusChange":false,"beforeStages":[{"name":"login_to_synchronize","time":{"start":1769544873859,"stop":1769544886429,"duration":12570},"status":"passed","steps":[],"attachments":[],"parameters":[],"attachmentStep":false,"hasContent":false,"stepsCount":0,"shouldDisplayMessage":false,"attachmentsCount":0}],"testStage":{"status":"broken","statusMessage":"selenium.common.exceptions.TimeoutException: Message: 点击失败，找不到元素：xpath = //div[text()=\" 数据导入 \"]","statusTrace":"self = <Pages.systemPage.synchronize_page.SynchronizePage object at 0x000001EC019671F0>, by_or_element = 'xpath', value = '//div[text()=\" 数据导入 \"]', wait_time = 10, retries = 2\n\n    def click(self, by_or_element, value=None, wait_time=10, retries=2):\n        \"\"\"\n        更稳健的点击方法：支持定位符或 WebElement，自动处理 stale 元素、点击拦截等问题。\n        \"\"\"\n        for attempt in range(retries):\n            try:\n                if value is not None:\n                    by = by_or_element\n                    logging.info(f\"点击元素：By = {by}, Value = {value}\")\n>                   element = WebDriverWait(self.driver, wait_time).until(\n                        EC.element_to_be_clickable((by, value))\n                    )\n\nPages\\base_page.py:49: \n_ _ _ _ _ _ _ _ _ _ _ _ _ _ _ _ _ _ _ _ _ _ _ _ _ _ _ _ _ _ _ _ _ _ _ _ _ _ _ _ _ _ _ _ _ _ _ _ _ _ _ _ _ _ _ _ _ _ _ _ _ _ _ _ _ _ _ _ _ _ _ _ _ _ _ _ _ _ _ _ _ _ _ _ _ _ _ _ _ _ _ _ _ _ _ _ _ _ _ _ _ _ _ _ _ _ _ _ _ _ _ _ _ _ _ _\n\nself = <selenium.webdriver.support.wait.WebDriverWait (session=\"8792c7be6fc7ec2e1216ba80ed2e7295\")>, method = <function element_to_be_clickable.<locals>._predicate at 0x000001EC047EFD00>, message = ''\n\n    def until(self, method: Callable[[D], Union[Literal[False], T]], message: str = \"\") -> T:\n        \"\"\"Wait until the method returns a value that is not False.\n    \n        Calls the method provided with the driver as an argument until the\n        return value does not evaluate to ``False``.\n    \n        Parameters:\n        -----------\n        method: callable(WebDriver)\n            - A callable object that takes a WebDriver instance as an argument.\n    \n        message: str\n            - Optional message for :exc:`TimeoutException`\n    \n        Return:\n        -------\n        object: T\n            - The result of the last call to `method`\n    \n        Raises:\n        -------\n        TimeoutException\n            - If 'method' does not return a truthy value within the WebDriverWait\n            object's timeout\n    \n        Example:\n        --------\n        >>> from selenium.webdriver.common.by import By\n        >>> from selenium.webdriver.support.ui import WebDriverWait\n        >>> from selenium.webdriver.support import expected_conditions as EC\n    \n        # Wait until an element is visible on the page\n        >>> wait = WebDriverWait(driver, 10)\n        >>> element = wait.until(EC.visibility_of_element_located((By.ID, \"exampleId\")))\n        >>> print(element.text)\n        \"\"\"\n        screen = None\n        stacktrace = None\n    \n        end_time = time.monotonic() + self._timeout\n        while True:\n            try:\n                value = method(self._driver)\n                if value:\n                    return value\n            except self._ignored_exceptions as exc:\n                screen = getattr(exc, \"screen\", None)\n                stacktrace = getattr(exc, \"stacktrace\", None)\n            if time.monotonic() > end_time:\n                break\n            time.sleep(self._poll)\n>       raise TimeoutException(message, screen, stacktrace)\nE       selenium.common.exceptions.TimeoutException: Message: \nE       Stacktrace:\nE       Symbols not available. Dumping unresolved backtrace:\nE       \t0x7ff7a57dfe35\nE       \t0x7ff7a57dfe90\nE       \t0x7ff7a556139d\nE       \t0x7ff7a55b9d8e\nE       \t0x7ff7a55ba09c\nE       \t0x7ff7a560e8d7\nE       \t0x7ff7a560b61b\nE       \t0x7ff7a55aac6d\nE       \t0x7ff7a55abae3\nE       \t0x7ff7a5aaa10d\nE       \t0x7ff7a5aa448a\nE       \t0x7ff7a5ac5157\nE       \t0x7ff7a57fa81e\nE       \t0x7ff7a580262f\nE       \t0x7ff7a57e9324\nE       \t0x7ff7a57e94df\nE       \t0x7ff7a57cee88\nE       \t0x7ffc59d27374\nE       \t0x7ffc5a9fcc91\n\nD:\\Python310\\lib\\site-packages\\selenium\\webdriver\\support\\wait.py:138: TimeoutException\n\nDuring handling of the above exception, another exception occurred:\n\nself = <test_system.test_synchronize.TestSynchronizePage object at 0x000001EC02556170>, login_to_synchronize = <selenium.webdriver.chrome.webdriver.WebDriver (session=\"8792c7be6fc7ec2e1216ba80ed2e7295\")>\n\n    @allure.story(\"同步1个数据导入到多个计划单元成功\")\n    # @pytest.mark.run(order=1)\n    def test_synchronize_all_import2(self, login_to_synchronize):\n        driver = login_to_synchronize  # WebDriver 实例\n        synchronize = SynchronizePage(driver)  # 用 driver 初始化 SynchronizePage\n        date_driver = DateDriver()\n        import_name = [\n            \"1同步导入3\",\n        ]\n        plan_names = [\n            \"1测试计划单元标准\",\n            \"1测试A\",\n        ]\n>       synchronize.click_checkbox_value(import_name, plan_names, \"4\")\n\nTests\\test_system\\test_synchronize.py:781: \n_ _ _ _ _ _ _ _ _ _ _ _ _ _ _ _ _ _ _ _ _ _ _ _ _ _ _ _ _ _ _ _ _ _ _ _ _ _ _ _ _ _ _ _ _ _ _ _ _ _ _ _ _ _ _ _ _ _ _ _ _ _ _ _ _ _ _ _ _ _ _ _ _ _ _ _ _ _ _ _ _ _ _ _ _ _ _ _ _ _ _ _ _ _ _ _ _ _ _ _ _ _ _ _ _ _ _ _ _ _ _ _ _ _ _ _\nPages\\systemPage\\synchronize_page.py:199: in click_checkbox_value\n    self.click_button(section[\"section_xpath\"])\nPages\\systemPage\\synchronize_page.py:24: in click_button\n    self.click(By.XPATH, xpath)\n_ _ _ _ _ _ _ _ _ _ _ _ _ _ _ _ _ _ _ _ _ _ _ _ _ _ _ _ _ _ _ _ _ _ _ _ _ _ _ _ _ _ _ _ _ _ _ _ _ _ _ _ _ _ _ _ _ _ _ _ _ _ _ _ _ _ _ _ _ _ _ _ _ _ _ _ _ _ _ _ _ _ _ _ _ _ _ _ _ _ _ _ _ _ _ _ _ _ _ _ _ _ _ _ _ _ _ _ _ _ _ _ _ _ _ _\n\nself = <Pages.systemPage.synchronize_page.SynchronizePage object at 0x000001EC019671F0>, by_or_element = 'xpath', value = '//div[text()=\" 数据导入 \"]', wait_time = 10, retries = 2\n\n    def click(self, by_or_element, value=None, wait_time=10, retries=2):\n        \"\"\"\n        更稳健的点击方法：支持定位符或 WebElement，自动处理 stale 元素、点击拦截等问题。\n        \"\"\"\n        for attempt in range(retries):\n            try:\n                if value is not None:\n                    by = by_or_element\n                    logging.info(f\"点击元素：By = {by}, Value = {value}\")\n                    element = WebDriverWait(self.driver, wait_time).until(\n                        EC.element_to_be_clickable((by, value))\n                    )\n                else:\n                    logging.info(\"点击元素：WebElement 对象\")\n                    element = by_or_element\n    \n                element.click()\n                logging.info(\"✅ 点击成功\")\n                return\n    \n            except ElementClickInterceptedException:\n                logging.warning(\"⚠️ 原生点击被拦截，尝试使用 JS 点击\")\n                try:\n                    self.driver.execute_script(\"arguments[0].click();\", element)\n                    logging.info(\"✅ JS 点击成功\")\n                    return\n                except Exception as js_error:\n                    logging.warning(f\"⚠️ JS 点击失败：{js_error}\")\n                    sleep(1)\n                    continue  # 下一轮重试\n    \n            except StaleElementReferenceException:\n                logging.warning(f\"⚠️ 第 {attempt + 1} 次点击失败：元素过期，尝试重新定位\")\n                sleep(1)\n                continue  # 下一轮重试时重新定位\n    \n            except TimeoutException:\n                logging.error(f\"❌ 元素未在 {wait_time} 秒内变为可点击\")\n>               raise TimeoutException(f\"点击失败，找不到元素：{by_or_element} = {value}\")\nE               selenium.common.exceptions.TimeoutException: Message: 点击失败，找不到元素：xpath = //div[text()=\" 数据导入 \"]\n\nPages\\base_page.py:78: TimeoutException","steps":[],"attachments":[{"uid":"95b6005b7c05cf7d","name":"test_synchronize_all_import2_20260128_042432","source":"95b6005b7c05cf7d.png","type":"image/png","size":259241},{"uid":"e730a9f6f2c8f033","name":"test_synchronize_all_import2_20260128_042432","source":"e730a9f6f2c8f033.png","type":"image/png","size":19252},{"uid":"899d0cfe4b43b1c6","name":"test_synchronize_all_import2_20260128_042432","source":"899d0cfe4b43b1c6.png","type":"image/png","size":25727},{"uid":"4dc253061f5fcc76","name":"test_synchronize_all_import2_20260128_042432","source":"4dc253061f5fcc76.png","type":"image/png","size":19252},{"uid":"f0d91a477e7912bf","name":"test_synchronize_all_import2_20260128_042432","source":"f0d91a477e7912bf.png","type":"image/png","size":19252},{"uid":"74cfcc664dd48336","name":"test_synchronize_all_import2_20260128_042433","source":"74cfcc664dd48336.png","type":"image/png","size":25727},{"uid":"c28a7f2f421a93a2","name":"test_synchronize_all_import2_20260128_042433","source":"c28a7f2f421a93a2.png","type":"image/png","size":25727},{"uid":"61701f8408715c44","name":"test_synchronize_all_import2_20260128_042433","source":"61701f8408715c44.png","type":"image/png","size":19252},{"uid":"70ac597a671a03d5","name":"test_synchronize_all_import2_20260128_042433","source":"70ac597a671a03d5.png","type":"image/png","size":25727},{"uid":"c8784ff9ee4ce51","name":"test_synchronize_all_import2_20260128_042433","source":"c8784ff9ee4ce51.png","type":"image/png","size":25727},{"uid":"d47f1c506fadb122","name":"test_synchronize_all_import2_20260128_042433","source":"d47f1c506fadb122.png","type":"image/png","size":19252},{"uid":"2eedafe37f74772e","name":"test_synchronize_all_import2_20260128_042433","source":"2eedafe37f74772e.png","type":"image/png","size":25727},{"uid":"78bcca44a5bd1f66","name":"test_synchronize_all_import2_20260128_042433","source":"78bcca44a5bd1f66.png","type":"image/png","size":25727},{"uid":"13c30acd89971d7f","name":"test_synchronize_all_import2_20260128_042433","source":"13c30acd89971d7f.png","type":"image/png","size":25727},{"uid":"cbebd7fe4fb14570","name":"test_synchronize_all_import2_20260128_042434","source":"cbebd7fe4fb14570.png","type":"image/png","size":19252},{"uid":"28c117c3b065f62d","name":"test_synchronize_all_import2_20260128_042434","source":"28c117c3b065f62d.png","type":"image/png","size":25727},{"uid":"ba0b5408847e0902","name":"test_synchronize_all_import2_20260128_042434","source":"ba0b5408847e0902.png","type":"image/png","size":19252},{"uid":"ad588f82d27bc6e0","name":"test_synchronize_all_import2_20260128_042434","source":"ad588f82d27bc6e0.png","type":"image/png","size":77992},{"uid":"e2a012caa4cf5df8","name":"log","source":"e2a012caa4cf5df8.txt","type":"text/plain","size":379}],"parameters":[],"attachmentStep":false,"hasContent":true,"stepsCount":0,"shouldDisplayMessage":true,"attachmentsCount":19},"afterStages":[{"name":"login_to_synchronize::0","time":{"start":1769545522795,"stop":1769545525010,"duration":2215},"status":"passed","steps":[],"attachments":[],"parameters":[],"attachmentStep":false,"hasContent":false,"stepsCount":0,"shouldDisplayMessage":false,"attachmentsCount":0}],"labels":[{"name":"story","value":"同步1个数据导入到多个计划单元成功"},{"name":"feature","value":"配置同步页用例"},{"name":"parentSuite","value":"Tests.test_system"},{"name":"suite","value":"test_synchronize"},{"name":"subSuite","value":"TestSynchronizePage"},{"name":"host","value":"DESKTOP-L7L44NB"},{"name":"thread","value":"15128-MainThread"},{"name":"framework","value":"pytest"},{"name":"language","value":"cpython3"},{"name":"package","value":"Tests.test_system.test_synchronize"},{"name":"resultFormat","value":"allure2"}],"parameters":[],"links":[],"hidden":false,"retry":false,"extra":{"severity":"normal","retries":[{"uid":"8b976ec95ce1c9b0","status":"broken","statusDetails":"selenium.common.exceptions.TimeoutException: Message: 点击失败，找不到元素：xpath = //div[text()=\" 数据导入 \"]","time":{"start":1769545450198,"stop":1769545460300,"duration":10102}}],"categories":[{"name":"Test defects","matchedStatuses":[]}],"tags":[]},"source":"b10477975ae63450.json","parameterValues":[]}