{"uid":"b470385331ef6e67","name":"test_apps_addsavetemplate2","fullName":"Tests.test_system.test_apps.TestSAppsPage#test_apps_addsavetemplate2","historyId":"2d822a2ec76a931cdd4fa99d7009fb9d","time":{"start":1769809454256,"stop":1769809467452,"duration":13196},"status":"broken","statusMessage":"selenium.common.exceptions.TimeoutException: Message: \nStacktrace:\nSymbols not available. Dumping unresolved backtrace:\n\t0x7ff609fefe35\n\t0x7ff609fefe90\n\t0x7ff609d7139d\n\t0x7ff609dc9d8e\n\t0x7ff609dca09c\n\t0x7ff609e1e8d7\n\t0x7ff609e1b61b\n\t0x7ff609dbac6d\n\t0x7ff609dbbae3\n\t0x7ff60a2ba10d\n\t0x7ff60a2b448a\n\t0x7ff60a2d5157\n\t0x7ff60a00a81e\n\t0x7ff60a01262f\n\t0x7ff609ff9324\n\t0x7ff609ff94df\n\t0x7ff609fdee88\n\t0x7ffc59d27374\n\t0x7ffc5a9fcc91","statusTrace":"self = <test_system.test_apps.TestSAppsPage object at 0x0000021E30A64850>, login_to_apps = <selenium.webdriver.chrome.webdriver.WebDriver (session=\"4dda475139727e68ea33a3c038dd12e6\")>\n\n    @allure.story(\"使用模版，更新模版成功\")\n    # @pytest.mark.run(order=1)\n    def test_apps_addsavetemplate2(self, login_to_apps):\n        driver = login_to_apps  # WebDriver 实例\n        apps = AppsPage(driver)  # 用 driver 初始化 ExpressionPage\n        name = \"appstest1\"\n        before_name = 'appstest测试模版1'\n        afert_name = \"appstest测试模版2\"\n        apps.wait_for_loading_to_disappear()\n>       apps.select_input(name)\n\nTests\\test_system\\test_apps.py:211: \n_ _ _ _ _ _ _ _ _ _ _ _ _ _ _ _ _ _ _ _ _ _ _ _ _ _ _ _ _ _ _ _ _ _ _ _ _ _ _ _ _ _ _ _ _ _ _ _ _ _ _ _ _ _ _ _ _ _ _ _ _ _ _ _ _ _ _ _ _ _ _ _ _ _ _ _ _ _ _ _ _ _ _ _ _ _ _ _ _ _ _ _ _ _ _ _ _ _ _ _ _ _ _ _ _ _ _ _ _ _ _ _ _ _ _ _\nPages\\systemPage\\apps_page.py:82: in select_input\n    ele = self.get_find_element_xpath(xpath)\nPages\\systemPage\\apps_page.py:29: in get_find_element_xpath\n    return self.find_element(By.XPATH, xpath)\nPages\\base_page.py:28: in find_element\n    return WebDriverWait(self.driver, wait_time).until(\n_ _ _ _ _ _ _ _ _ _ _ _ _ _ _ _ _ _ _ _ _ _ _ _ _ _ _ _ _ _ _ _ _ _ _ _ _ _ _ _ _ _ _ _ _ _ _ _ _ _ _ _ _ _ _ _ _ _ _ _ _ _ _ _ _ _ _ _ _ _ _ _ _ _ _ _ _ _ _ _ _ _ _ _ _ _ _ _ _ _ _ _ _ _ _ _ _ _ _ _ _ _ _ _ _ _ _ _ _ _ _ _ _ _ _ _\n\nself = <selenium.webdriver.support.wait.WebDriverWait (session=\"4dda475139727e68ea33a3c038dd12e6\")>, method = <function presence_of_element_located.<locals>._predicate at 0x0000021E33357BE0>, message = ''\n\n    def until(self, method: Callable[[D], Union[Literal[False], T]], message: str = \"\") -> T:\n        \"\"\"Wait until the method returns a value that is not False.\n    \n        Calls the method provided with the driver as an argument until the\n        return value does not evaluate to ``False``.\n    \n        Parameters:\n        -----------\n        method: callable(WebDriver)\n            - A callable object that takes a WebDriver instance as an argument.\n    \n        message: str\n            - Optional message for :exc:`TimeoutException`\n    \n        Return:\n        -------\n        object: T\n            - The result of the last call to `method`\n    \n        Raises:\n        -------\n        TimeoutException\n            - If 'method' does not return a truthy value within the WebDriverWait\n            object's timeout\n    \n        Example:\n        --------\n        >>> from selenium.webdriver.common.by import By\n        >>> from selenium.webdriver.support.ui import WebDriverWait\n        >>> from selenium.webdriver.support import expected_conditions as EC\n    \n        # Wait until an element is visible on the page\n        >>> wait = WebDriverWait(driver, 10)\n        >>> element = wait.until(EC.visibility_of_element_located((By.ID, \"exampleId\")))\n        >>> print(element.text)\n        \"\"\"\n        screen = None\n        stacktrace = None\n    \n        end_time = time.monotonic() + self._timeout\n        while True:\n            try:\n                value = method(self._driver)\n                if value:\n                    return value\n            except self._ignored_exceptions as exc:\n                screen = getattr(exc, \"screen\", None)\n                stacktrace = getattr(exc, \"stacktrace\", None)\n            if time.monotonic() > end_time:\n                break\n            time.sleep(self._poll)\n>       raise TimeoutException(message, screen, stacktrace)\nE       selenium.common.exceptions.TimeoutException: Message: \nE       Stacktrace:\nE       Symbols not available. Dumping unresolved backtrace:\nE       \t0x7ff609fefe35\nE       \t0x7ff609fefe90\nE       \t0x7ff609d7139d\nE       \t0x7ff609dc9d8e\nE       \t0x7ff609dca09c\nE       \t0x7ff609e1e8d7\nE       \t0x7ff609e1b61b\nE       \t0x7ff609dbac6d\nE       \t0x7ff609dbbae3\nE       \t0x7ff60a2ba10d\nE       \t0x7ff60a2b448a\nE       \t0x7ff60a2d5157\nE       \t0x7ff60a00a81e\nE       \t0x7ff60a01262f\nE       \t0x7ff609ff9324\nE       \t0x7ff609ff94df\nE       \t0x7ff609fdee88\nE       \t0x7ffc59d27374\nE       \t0x7ffc5a9fcc91\n\nD:\\Python310\\lib\\site-packages\\selenium\\webdriver\\support\\wait.py:138: TimeoutException","flaky":false,"newFailed":false,"newBroken":false,"newPassed":false,"retriesCount":0,"retriesStatusChange":false,"beforeStages":[{"name":"login_to_apps","time":{"start":1769809327122,"stop":1769809341954,"duration":14832},"status":"passed","steps":[],"attachments":[],"parameters":[],"attachmentsCount":0,"shouldDisplayMessage":false,"hasContent":false,"attachmentStep":false,"stepsCount":0}],"testStage":{"status":"broken","statusMessage":"selenium.common.exceptions.TimeoutException: Message: \nStacktrace:\nSymbols not available. Dumping unresolved backtrace:\n\t0x7ff609fefe35\n\t0x7ff609fefe90\n\t0x7ff609d7139d\n\t0x7ff609dc9d8e\n\t0x7ff609dca09c\n\t0x7ff609e1e8d7\n\t0x7ff609e1b61b\n\t0x7ff609dbac6d\n\t0x7ff609dbbae3\n\t0x7ff60a2ba10d\n\t0x7ff60a2b448a\n\t0x7ff60a2d5157\n\t0x7ff60a00a81e\n\t0x7ff60a01262f\n\t0x7ff609ff9324\n\t0x7ff609ff94df\n\t0x7ff609fdee88\n\t0x7ffc59d27374\n\t0x7ffc5a9fcc91","statusTrace":"self = <test_system.test_apps.TestSAppsPage object at 0x0000021E30A64850>, login_to_apps = <selenium.webdriver.chrome.webdriver.WebDriver (session=\"4dda475139727e68ea33a3c038dd12e6\")>\n\n    @allure.story(\"使用模版，更新模版成功\")\n    # @pytest.mark.run(order=1)\n    def test_apps_addsavetemplate2(self, login_to_apps):\n        driver = login_to_apps  # WebDriver 实例\n        apps = AppsPage(driver)  # 用 driver 初始化 ExpressionPage\n        name = \"appstest1\"\n        before_name = 'appstest测试模版1'\n        afert_name = \"appstest测试模版2\"\n        apps.wait_for_loading_to_disappear()\n>       apps.select_input(name)\n\nTests\\test_system\\test_apps.py:211: \n_ _ _ _ _ _ _ _ _ _ _ _ _ _ _ _ _ _ _ _ _ _ _ _ _ _ _ _ _ _ _ _ _ _ _ _ _ _ _ _ _ _ _ _ _ _ _ _ _ _ _ _ _ _ _ _ _ _ _ _ _ _ _ _ _ _ _ _ _ _ _ _ _ _ _ _ _ _ _ _ _ _ _ _ _ _ _ _ _ _ _ _ _ _ _ _ _ _ _ _ _ _ _ _ _ _ _ _ _ _ _ _ _ _ _ _\nPages\\systemPage\\apps_page.py:82: in select_input\n    ele = self.get_find_element_xpath(xpath)\nPages\\systemPage\\apps_page.py:29: in get_find_element_xpath\n    return self.find_element(By.XPATH, xpath)\nPages\\base_page.py:28: in find_element\n    return WebDriverWait(self.driver, wait_time).until(\n_ _ _ _ _ _ _ _ _ _ _ _ _ _ _ _ _ _ _ _ _ _ _ _ _ _ _ _ _ _ _ _ _ _ _ _ _ _ _ _ _ _ _ _ _ _ _ _ _ _ _ _ _ _ _ _ _ _ _ _ _ _ _ _ _ _ _ _ _ _ _ _ _ _ _ _ _ _ _ _ _ _ _ _ _ _ _ _ _ _ _ _ _ _ _ _ _ _ _ _ _ _ _ _ _ _ _ _ _ _ _ _ _ _ _ _\n\nself = <selenium.webdriver.support.wait.WebDriverWait (session=\"4dda475139727e68ea33a3c038dd12e6\")>, method = <function presence_of_element_located.<locals>._predicate at 0x0000021E33357BE0>, message = ''\n\n    def until(self, method: Callable[[D], Union[Literal[False], T]], message: str = \"\") -> T:\n        \"\"\"Wait until the method returns a value that is not False.\n    \n        Calls the method provided with the driver as an argument until the\n        return value does not evaluate to ``False``.\n    \n        Parameters:\n        -----------\n        method: callable(WebDriver)\n            - A callable object that takes a WebDriver instance as an argument.\n    \n        message: str\n            - Optional message for :exc:`TimeoutException`\n    \n        Return:\n        -------\n        object: T\n            - The result of the last call to `method`\n    \n        Raises:\n        -------\n        TimeoutException\n            - If 'method' does not return a truthy value within the WebDriverWait\n            object's timeout\n    \n        Example:\n        --------\n        >>> from selenium.webdriver.common.by import By\n        >>> from selenium.webdriver.support.ui import WebDriverWait\n        >>> from selenium.webdriver.support import expected_conditions as EC\n    \n        # Wait until an element is visible on the page\n        >>> wait = WebDriverWait(driver, 10)\n        >>> element = wait.until(EC.visibility_of_element_located((By.ID, \"exampleId\")))\n        >>> print(element.text)\n        \"\"\"\n        screen = None\n        stacktrace = None\n    \n        end_time = time.monotonic() + self._timeout\n        while True:\n            try:\n                value = method(self._driver)\n                if value:\n                    return value\n            except self._ignored_exceptions as exc:\n                screen = getattr(exc, \"screen\", None)\n                stacktrace = getattr(exc, \"stacktrace\", None)\n            if time.monotonic() > end_time:\n                break\n            time.sleep(self._poll)\n>       raise TimeoutException(message, screen, stacktrace)\nE       selenium.common.exceptions.TimeoutException: Message: \nE       Stacktrace:\nE       Symbols not available. Dumping unresolved backtrace:\nE       \t0x7ff609fefe35\nE       \t0x7ff609fefe90\nE       \t0x7ff609d7139d\nE       \t0x7ff609dc9d8e\nE       \t0x7ff609dca09c\nE       \t0x7ff609e1e8d7\nE       \t0x7ff609e1b61b\nE       \t0x7ff609dbac6d\nE       \t0x7ff609dbbae3\nE       \t0x7ff60a2ba10d\nE       \t0x7ff60a2b448a\nE       \t0x7ff60a2d5157\nE       \t0x7ff60a00a81e\nE       \t0x7ff60a01262f\nE       \t0x7ff609ff9324\nE       \t0x7ff609ff94df\nE       \t0x7ff609fdee88\nE       \t0x7ffc59d27374\nE       \t0x7ffc5a9fcc91\n\nD:\\Python310\\lib\\site-packages\\selenium\\webdriver\\support\\wait.py:138: TimeoutException","steps":[],"attachments":[{"uid":"259e5a5fdf7793f1","name":"test_apps_addsavetemplate2_20260131_054427","source":"259e5a5fdf7793f1.png","type":"image/png","size":155892},{"uid":"6d42664619ae3568","name":"test_apps_addsavetemplate2_20260131_054427","source":"6d42664619ae3568.png","type":"image/png","size":155892},{"uid":"dc6dec3e7fcaca22","name":"test_apps_addsavetemplate2_20260131_054427","source":"dc6dec3e7fcaca22.png","type":"image/png","size":77992},{"uid":"fb9cdd054ac07fcf","name":"test_apps_addsavetemplate2_20260131_054427","source":"fb9cdd054ac07fcf.png","type":"image/png","size":257991},{"uid":"447b9eb8b1b7bb77","name":"test_apps_addsavetemplate2_20260131_054428","source":"447b9eb8b1b7bb77.png","type":"image/png","size":94510},{"uid":"148f997b466f14c2","name":"log","source":"148f997b466f14c2.txt","type":"text/plain","size":237}],"parameters":[],"attachmentsCount":6,"shouldDisplayMessage":true,"hasContent":true,"attachmentStep":false,"stepsCount":0},"afterStages":[{"name":"login_to_apps::0","time":{"start":1769810014121,"stop":1769810016334,"duration":2213},"status":"passed","steps":[],"attachments":[],"parameters":[],"attachmentsCount":0,"shouldDisplayMessage":false,"hasContent":false,"attachmentStep":false,"stepsCount":0}],"labels":[{"name":"feature","value":"应用管理页用例"},{"name":"story","value":"使用模版，更新模版成功"},{"name":"parentSuite","value":"Tests.test_system"},{"name":"suite","value":"test_apps"},{"name":"subSuite","value":"TestSAppsPage"},{"name":"host","value":"DESKTOP-L7L44NB"},{"name":"thread","value":"24728-MainThread"},{"name":"framework","value":"pytest"},{"name":"language","value":"cpython3"},{"name":"package","value":"Tests.test_system.test_apps"},{"name":"resultFormat","value":"allure2"}],"parameters":[],"links":[],"hidden":true,"retry":true,"extra":{"categories":[],"tags":[]},"source":"b470385331ef6e67.json","parameterValues":[]}