{"uid":"b51e401166424856","name":"test_monitor_select3","fullName":"Tests.test_system.test_monitor.TestSMonitorPage#test_monitor_select3","historyId":"a8707844dcb3a19644a1f38a505d01d2","time":{"start":1768258860437,"stop":1768258860437,"duration":0},"status":"broken","statusMessage":"selenium.common.exceptions.TimeoutException: Message: 点击失败，找不到元素：xpath = (//span[text()=\"平台监控\"])[1]","statusTrace":"self = <Pages.itemsPage.login_page.LoginPage object at 0x000001F222131390>, by_or_element = 'xpath', value = '(//span[text()=\"平台监控\"])[1]', wait_time = 10, retries = 2\n\n    def click(self, by_or_element, value=None, wait_time=10, retries=2):\n        \"\"\"\n        更稳健的点击方法：支持定位符或 WebElement，自动处理 stale 元素、点击拦截等问题。\n        \"\"\"\n        for attempt in range(retries):\n            try:\n                if value is not None:\n                    by = by_or_element\n                    logging.info(f\"点击元素：By = {by}, Value = {value}\")\n>                   element = WebDriverWait(self.driver, wait_time).until(\n                        EC.element_to_be_clickable((by, value))\n                    )\n\nPages\\base_page.py:49: \n_ _ _ _ _ _ _ _ _ _ _ _ _ _ _ _ _ _ _ _ _ _ _ _ _ _ _ _ _ _ _ _ _ _ _ _ _ _ _ _ _ _ _ _ _ _ _ _ _ _ _ _ _ _ _ _ _ _ _ _ _ _ _ _ _ _ _ _ _ _ _ _ _ _ _ _ _ _ _ _ _ _ _ _ _ _ _ _ _ _ _ _ _ _ _ _ _ _ _ _ _ _ _ _ _ _ _ _ _ _ _ _ _ _ _ _\n\nself = <selenium.webdriver.support.wait.WebDriverWait (session=\"89eba592a8cbbc109a6a8043dceebab3\")>, method = <function element_to_be_clickable.<locals>._predicate at 0x000001F223F07E20>, message = ''\n\n    def until(self, method: Callable[[D], Union[Literal[False], T]], message: str = \"\") -> T:\n        \"\"\"Wait until the method returns a value that is not False.\n    \n        Calls the method provided with the driver as an argument until the\n        return value does not evaluate to ``False``.\n    \n        Parameters:\n        -----------\n        method: callable(WebDriver)\n            - A callable object that takes a WebDriver instance as an argument.\n    \n        message: str\n            - Optional message for :exc:`TimeoutException`\n    \n        Return:\n        -------\n        object: T\n            - The result of the last call to `method`\n    \n        Raises:\n        -------\n        TimeoutException\n            - If 'method' does not return a truthy value within the WebDriverWait\n            object's timeout\n    \n        Example:\n        --------\n        >>> from selenium.webdriver.common.by import By\n        >>> from selenium.webdriver.support.ui import WebDriverWait\n        >>> from selenium.webdriver.support import expected_conditions as EC\n    \n        # Wait until an element is visible on the page\n        >>> wait = WebDriverWait(driver, 10)\n        >>> element = wait.until(EC.visibility_of_element_located((By.ID, \"exampleId\")))\n        >>> print(element.text)\n        \"\"\"\n        screen = None\n        stacktrace = None\n    \n        end_time = time.monotonic() + self._timeout\n        while True:\n            try:\n                value = method(self._driver)\n                if value:\n                    return value\n            except self._ignored_exceptions as exc:\n                screen = getattr(exc, \"screen\", None)\n                stacktrace = getattr(exc, \"stacktrace\", None)\n            if time.monotonic() > end_time:\n                break\n            time.sleep(self._poll)\n>       raise TimeoutException(message, screen, stacktrace)\nE       selenium.common.exceptions.TimeoutException: Message: \nE       Stacktrace:\nE       Symbols not available. Dumping unresolved backtrace:\nE       \t0x7ff66d2efe35\nE       \t0x7ff66d2efe90\nE       \t0x7ff66d07139d\nE       \t0x7ff66d0c9d8e\nE       \t0x7ff66d0ca09c\nE       \t0x7ff66d11e8d7\nE       \t0x7ff66d11b61b\nE       \t0x7ff66d0bac6d\nE       \t0x7ff66d0bbae3\nE       \t0x7ff66d5ba10d\nE       \t0x7ff66d5b448a\nE       \t0x7ff66d5d5157\nE       \t0x7ff66d30a81e\nE       \t0x7ff66d31262f\nE       \t0x7ff66d2f9324\nE       \t0x7ff66d2f94df\nE       \t0x7ff66d2dee88\nE       \t0x7ff9e6a37374\nE       \t0x7ff9e86dcc91\n\nD:\\Python310\\lib\\site-packages\\selenium\\webdriver\\support\\wait.py:138: TimeoutException\n\nDuring handling of the above exception, another exception occurred:\n\n    @pytest.fixture  # (scope=\"class\")这个参数表示整个测试类共用同一个浏览器，默认一个用例执行一次\n    def login_to_monitor():\n        driver = None\n        try:\n            \"\"\"初始化并返回 driver\"\"\"\n            date_driver = DateDriver()\n            driver = create_driver(date_driver.driver_path)\n            driver.implicitly_wait(3)\n    \n            # 初始化登录页面\n            page = LoginPage(driver)  # 初始化登录页面\n            url = date_driver.url\n            print(f\"[INFO] 正在导航到 URL: {url}\")\n            # 尝试访问 URL，捕获连接错误\n            for attempt in range(2):\n                try:\n                    page.navigate_to(url)\n                    break\n                except WebDriverException as e:\n                    capture_screenshot(driver, f\"login_fail_{attempt + 1}\")\n                    logging.warning(f\"第 {attempt + 1} 次连接失败: {e}\")\n                    driver.refresh()\n                    sleep(date_driver.URL_RETRY_WAIT)\n            else:\n                logging.error(\"连接失败多次，测试中止\")\n                safe_quit(driver)\n                raise RuntimeError(\"无法连接到登录页面\")\n    \n            page.login(date_driver.username, date_driver.password, date_driver.planning)\n            list_ = [\"系统管理\", \"系统设置\", \"平台监控\"]\n            for v in list_:\n>               page.click_button(f'(//span[text()=\"{v}\"])[1]')\n\nTests\\test_system\\test_monitor.py:53: \n_ _ _ _ _ _ _ _ _ _ _ _ _ _ _ _ _ _ _ _ _ _ _ _ _ _ _ _ _ _ _ _ _ _ _ _ _ _ _ _ _ _ _ _ _ _ _ _ _ _ _ _ _ _ _ _ _ _ _ _ _ _ _ _ _ _ _ _ _ _ _ _ _ _ _ _ _ _ _ _ _ _ _ _ _ _ _ _ _ _ _ _ _ _ _ _ _ _ _ _ _ _ _ _ _ _ _ _ _ _ _ _ _ _ _ _\nPages\\itemsPage\\login_page.py:25: in click_button\n    self.click(By.XPATH, xpath)\n_ _ _ _ _ _ _ _ _ _ _ _ _ _ _ _ _ _ _ _ _ _ _ _ _ _ _ _ _ _ _ _ _ _ _ _ _ _ _ _ _ _ _ _ _ _ _ _ _ _ _ _ _ _ _ _ _ _ _ _ _ _ _ _ _ _ _ _ _ _ _ _ _ _ _ _ _ _ _ _ _ _ _ _ _ _ _ _ _ _ _ _ _ _ _ _ _ _ _ _ _ _ _ _ _ _ _ _ _ _ _ _ _ _ _ _\n\nself = <Pages.itemsPage.login_page.LoginPage object at 0x000001F222131390>, by_or_element = 'xpath', value = '(//span[text()=\"平台监控\"])[1]', wait_time = 10, retries = 2\n\n    def click(self, by_or_element, value=None, wait_time=10, retries=2):\n        \"\"\"\n        更稳健的点击方法：支持定位符或 WebElement，自动处理 stale 元素、点击拦截等问题。\n        \"\"\"\n        for attempt in range(retries):\n            try:\n                if value is not None:\n                    by = by_or_element\n                    logging.info(f\"点击元素：By = {by}, Value = {value}\")\n                    element = WebDriverWait(self.driver, wait_time).until(\n                        EC.element_to_be_clickable((by, value))\n                    )\n                else:\n                    logging.info(\"点击元素：WebElement 对象\")\n                    element = by_or_element\n    \n                element.click()\n                logging.info(\"✅ 点击成功\")\n                return\n    \n            except ElementClickInterceptedException:\n                logging.warning(\"⚠️ 原生点击被拦截，尝试使用 JS 点击\")\n                try:\n                    self.driver.execute_script(\"arguments[0].click();\", element)\n                    logging.info(\"✅ JS 点击成功\")\n                    return\n                except Exception as js_error:\n                    logging.warning(f\"⚠️ JS 点击失败：{js_error}\")\n                    sleep(1)\n                    continue  # 下一轮重试\n    \n            except StaleElementReferenceException:\n                logging.warning(f\"⚠️ 第 {attempt + 1} 次点击失败：元素过期，尝试重新定位\")\n                sleep(1)\n                continue  # 下一轮重试时重新定位\n    \n            except TimeoutException:\n                logging.error(f\"❌ 元素未在 {wait_time} 秒内变为可点击\")\n>               raise TimeoutException(f\"点击失败，找不到元素：{by_or_element} = {value}\")\nE               selenium.common.exceptions.TimeoutException: Message: 点击失败，找不到元素：xpath = (//span[text()=\"平台监控\"])[1]\n\nPages\\base_page.py:78: TimeoutException","flaky":false,"newFailed":false,"newBroken":false,"newPassed":false,"retriesCount":0,"retriesStatusChange":false,"beforeStages":[{"name":"login_to_monitor","time":{"start":1768258860440,"stop":1768258887546,"duration":27106},"status":"broken","statusMessage":"selenium.common.exceptions.TimeoutException: Message: 点击失败，找不到元素：xpath = (//span[text()=\"平台监控\"])[1]\n\n","statusTrace":"  File \"D:\\Python310\\lib\\site-packages\\pluggy\\_callers.py\", line 38, in run_old_style_hookwrapper\n    res = yield\n  File \"D:\\Python310\\lib\\site-packages\\pluggy\\_callers.py\", line 139, in _multicall\n    teardown.throw(exception)\n  File \"D:\\Python310\\lib\\site-packages\\pluggy\\_callers.py\", line 53, in run_old_style_hookwrapper\n    return result.get_result()\n  File \"D:\\Python310\\lib\\site-packages\\pluggy\\_result.py\", line 103, in get_result\n    raise exc.with_traceback(tb)\n  File \"D:\\Python310\\lib\\site-packages\\pluggy\\_callers.py\", line 38, in run_old_style_hookwrapper\n    res = yield\n  File \"D:\\Python310\\lib\\site-packages\\pluggy\\_callers.py\", line 139, in _multicall\n    teardown.throw(exception)\n  File \"D:\\Python310\\lib\\site-packages\\_pytest\\setuponly.py\", line 36, in pytest_fixture_setup\n    return (yield)\n  File \"D:\\Python310\\lib\\site-packages\\pluggy\\_callers.py\", line 121, in _multicall\n    res = hook_impl.function(*args)\n  File \"D:\\Python310\\lib\\site-packages\\_pytest\\fixtures.py\", line 1195, in pytest_fixture_setup\n    result = call_fixture_func(fixturefunc, request, kwargs)\n  File \"D:\\Python310\\lib\\site-packages\\_pytest\\fixtures.py\", line 922, in call_fixture_func\n    fixture_result = next(generator)\n  File \"D:\\PycharmProjects\\APS\\Tests\\test_system\\test_monitor.py\", line 53, in login_to_monitor\n    page.click_button(f'(//span[text()=\"{v}\"])[1]')\n  File \"D:\\PycharmProjects\\APS\\Pages\\itemsPage\\login_page.py\", line 25, in click_button\n    self.click(By.XPATH, xpath)\n  File \"D:\\PycharmProjects\\APS\\Pages\\base_page.py\", line 78, in click\n    raise TimeoutException(f\"点击失败，找不到元素：{by_or_element} = {value}\")\n","steps":[],"attachments":[{"uid":"14ba5cfeec2d52a7","name":"Tests_test_system_test_monitor.py__TestSMonitorPage__test_monitor_select3_20260113_070126","source":"14ba5cfeec2d52a7.png","type":"image/png","size":8047},{"uid":"d82e26c8d9472a06","name":"Tests_test_system_test_monitor.py__TestSMonitorPage__test_monitor_select3_20260113_070126","source":"d82e26c8d9472a06.png","type":"image/png","size":19252},{"uid":"2e8d72f83133f25f","name":"Tests_test_system_test_monitor.py__TestSMonitorPage__test_monitor_select3_20260113_070126","source":"2e8d72f83133f25f.png","type":"image/png","size":19252},{"uid":"601e837ad8989490","name":"Tests_test_system_test_monitor.py__TestSMonitorPage__test_monitor_select3_20260113_070126","source":"601e837ad8989490.png","type":"image/png","size":19252},{"uid":"cbc83d107324a864","name":"Tests_test_system_test_monitor.py__TestSMonitorPage__test_monitor_select3_20260113_070126","source":"cbc83d107324a864.png","type":"image/png","size":19252},{"uid":"e9add77010efde3","name":"Tests_test_system_test_monitor.py__TestSMonitorPage__test_monitor_select3_20260113_070126","source":"e9add77010efde3.png","type":"image/png","size":19252},{"uid":"ac68932904c264f6","name":"Tests_test_system_test_monitor.py__TestSMonitorPage__test_monitor_select3_20260113_070127","source":"ac68932904c264f6.png","type":"image/png","size":19252},{"uid":"f5811ef6a6e1c1bb","name":"Tests_test_system_test_monitor.py__TestSMonitorPage__test_monitor_select3_20260113_070127","source":"f5811ef6a6e1c1bb.png","type":"image/png","size":25727},{"uid":"f584afb4b4919d49","name":"Tests_test_system_test_monitor.py__TestSMonitorPage__test_monitor_select3_20260113_070127","source":"f584afb4b4919d49.png","type":"image/png","size":19252}],"parameters":[],"hasContent":true,"stepsCount":0,"attachmentStep":false,"shouldDisplayMessage":true,"attachmentsCount":9}],"testStage":{"status":"broken","statusMessage":"selenium.common.exceptions.TimeoutException: Message: 点击失败，找不到元素：xpath = (//span[text()=\"平台监控\"])[1]","statusTrace":"self = <Pages.itemsPage.login_page.LoginPage object at 0x000001F222131390>, by_or_element = 'xpath', value = '(//span[text()=\"平台监控\"])[1]', wait_time = 10, retries = 2\n\n    def click(self, by_or_element, value=None, wait_time=10, retries=2):\n        \"\"\"\n        更稳健的点击方法：支持定位符或 WebElement，自动处理 stale 元素、点击拦截等问题。\n        \"\"\"\n        for attempt in range(retries):\n            try:\n                if value is not None:\n                    by = by_or_element\n                    logging.info(f\"点击元素：By = {by}, Value = {value}\")\n>                   element = WebDriverWait(self.driver, wait_time).until(\n                        EC.element_to_be_clickable((by, value))\n                    )\n\nPages\\base_page.py:49: \n_ _ _ _ _ _ _ _ _ _ _ _ _ _ _ _ _ _ _ _ _ _ _ _ _ _ _ _ _ _ _ _ _ _ _ _ _ _ _ _ _ _ _ _ _ _ _ _ _ _ _ _ _ _ _ _ _ _ _ _ _ _ _ _ _ _ _ _ _ _ _ _ _ _ _ _ _ _ _ _ _ _ _ _ _ _ _ _ _ _ _ _ _ _ _ _ _ _ _ _ _ _ _ _ _ _ _ _ _ _ _ _ _ _ _ _\n\nself = <selenium.webdriver.support.wait.WebDriverWait (session=\"89eba592a8cbbc109a6a8043dceebab3\")>, method = <function element_to_be_clickable.<locals>._predicate at 0x000001F223F07E20>, message = ''\n\n    def until(self, method: Callable[[D], Union[Literal[False], T]], message: str = \"\") -> T:\n        \"\"\"Wait until the method returns a value that is not False.\n    \n        Calls the method provided with the driver as an argument until the\n        return value does not evaluate to ``False``.\n    \n        Parameters:\n        -----------\n        method: callable(WebDriver)\n            - A callable object that takes a WebDriver instance as an argument.\n    \n        message: str\n            - Optional message for :exc:`TimeoutException`\n    \n        Return:\n        -------\n        object: T\n            - The result of the last call to `method`\n    \n        Raises:\n        -------\n        TimeoutException\n            - If 'method' does not return a truthy value within the WebDriverWait\n            object's timeout\n    \n        Example:\n        --------\n        >>> from selenium.webdriver.common.by import By\n        >>> from selenium.webdriver.support.ui import WebDriverWait\n        >>> from selenium.webdriver.support import expected_conditions as EC\n    \n        # Wait until an element is visible on the page\n        >>> wait = WebDriverWait(driver, 10)\n        >>> element = wait.until(EC.visibility_of_element_located((By.ID, \"exampleId\")))\n        >>> print(element.text)\n        \"\"\"\n        screen = None\n        stacktrace = None\n    \n        end_time = time.monotonic() + self._timeout\n        while True:\n            try:\n                value = method(self._driver)\n                if value:\n                    return value\n            except self._ignored_exceptions as exc:\n                screen = getattr(exc, \"screen\", None)\n                stacktrace = getattr(exc, \"stacktrace\", None)\n            if time.monotonic() > end_time:\n                break\n            time.sleep(self._poll)\n>       raise TimeoutException(message, screen, stacktrace)\nE       selenium.common.exceptions.TimeoutException: Message: \nE       Stacktrace:\nE       Symbols not available. Dumping unresolved backtrace:\nE       \t0x7ff66d2efe35\nE       \t0x7ff66d2efe90\nE       \t0x7ff66d07139d\nE       \t0x7ff66d0c9d8e\nE       \t0x7ff66d0ca09c\nE       \t0x7ff66d11e8d7\nE       \t0x7ff66d11b61b\nE       \t0x7ff66d0bac6d\nE       \t0x7ff66d0bbae3\nE       \t0x7ff66d5ba10d\nE       \t0x7ff66d5b448a\nE       \t0x7ff66d5d5157\nE       \t0x7ff66d30a81e\nE       \t0x7ff66d31262f\nE       \t0x7ff66d2f9324\nE       \t0x7ff66d2f94df\nE       \t0x7ff66d2dee88\nE       \t0x7ff9e6a37374\nE       \t0x7ff9e86dcc91\n\nD:\\Python310\\lib\\site-packages\\selenium\\webdriver\\support\\wait.py:138: TimeoutException\n\nDuring handling of the above exception, another exception occurred:\n\n    @pytest.fixture  # (scope=\"class\")这个参数表示整个测试类共用同一个浏览器，默认一个用例执行一次\n    def login_to_monitor():\n        driver = None\n        try:\n            \"\"\"初始化并返回 driver\"\"\"\n            date_driver = DateDriver()\n            driver = create_driver(date_driver.driver_path)\n            driver.implicitly_wait(3)\n    \n            # 初始化登录页面\n            page = LoginPage(driver)  # 初始化登录页面\n            url = date_driver.url\n            print(f\"[INFO] 正在导航到 URL: {url}\")\n            # 尝试访问 URL，捕获连接错误\n            for attempt in range(2):\n                try:\n                    page.navigate_to(url)\n                    break\n                except WebDriverException as e:\n                    capture_screenshot(driver, f\"login_fail_{attempt + 1}\")\n                    logging.warning(f\"第 {attempt + 1} 次连接失败: {e}\")\n                    driver.refresh()\n                    sleep(date_driver.URL_RETRY_WAIT)\n            else:\n                logging.error(\"连接失败多次，测试中止\")\n                safe_quit(driver)\n                raise RuntimeError(\"无法连接到登录页面\")\n    \n            page.login(date_driver.username, date_driver.password, date_driver.planning)\n            list_ = [\"系统管理\", \"系统设置\", \"平台监控\"]\n            for v in list_:\n>               page.click_button(f'(//span[text()=\"{v}\"])[1]')\n\nTests\\test_system\\test_monitor.py:53: \n_ _ _ _ _ _ _ _ _ _ _ _ _ _ _ _ _ _ _ _ _ _ _ _ _ _ _ _ _ _ _ _ _ _ _ _ _ _ _ _ _ _ _ _ _ _ _ _ _ _ _ _ _ _ _ _ _ _ _ _ _ _ _ _ _ _ _ _ _ _ _ _ _ _ _ _ _ _ _ _ _ _ _ _ _ _ _ _ _ _ _ _ _ _ _ _ _ _ _ _ _ _ _ _ _ _ _ _ _ _ _ _ _ _ _ _\nPages\\itemsPage\\login_page.py:25: in click_button\n    self.click(By.XPATH, xpath)\n_ _ _ _ _ _ _ _ _ _ _ _ _ _ _ _ _ _ _ _ _ _ _ _ _ _ _ _ _ _ _ _ _ _ _ _ _ _ _ _ _ _ _ _ _ _ _ _ _ _ _ _ _ _ _ _ _ _ _ _ _ _ _ _ _ _ _ _ _ _ _ _ _ _ _ _ _ _ _ _ _ _ _ _ _ _ _ _ _ _ _ _ _ _ _ _ _ _ _ _ _ _ _ _ _ _ _ _ _ _ _ _ _ _ _ _\n\nself = <Pages.itemsPage.login_page.LoginPage object at 0x000001F222131390>, by_or_element = 'xpath', value = '(//span[text()=\"平台监控\"])[1]', wait_time = 10, retries = 2\n\n    def click(self, by_or_element, value=None, wait_time=10, retries=2):\n        \"\"\"\n        更稳健的点击方法：支持定位符或 WebElement，自动处理 stale 元素、点击拦截等问题。\n        \"\"\"\n        for attempt in range(retries):\n            try:\n                if value is not None:\n                    by = by_or_element\n                    logging.info(f\"点击元素：By = {by}, Value = {value}\")\n                    element = WebDriverWait(self.driver, wait_time).until(\n                        EC.element_to_be_clickable((by, value))\n                    )\n                else:\n                    logging.info(\"点击元素：WebElement 对象\")\n                    element = by_or_element\n    \n                element.click()\n                logging.info(\"✅ 点击成功\")\n                return\n    \n            except ElementClickInterceptedException:\n                logging.warning(\"⚠️ 原生点击被拦截，尝试使用 JS 点击\")\n                try:\n                    self.driver.execute_script(\"arguments[0].click();\", element)\n                    logging.info(\"✅ JS 点击成功\")\n                    return\n                except Exception as js_error:\n                    logging.warning(f\"⚠️ JS 点击失败：{js_error}\")\n                    sleep(1)\n                    continue  # 下一轮重试\n    \n            except StaleElementReferenceException:\n                logging.warning(f\"⚠️ 第 {attempt + 1} 次点击失败：元素过期，尝试重新定位\")\n                sleep(1)\n                continue  # 下一轮重试时重新定位\n    \n            except TimeoutException:\n                logging.error(f\"❌ 元素未在 {wait_time} 秒内变为可点击\")\n>               raise TimeoutException(f\"点击失败，找不到元素：{by_or_element} = {value}\")\nE               selenium.common.exceptions.TimeoutException: Message: 点击失败，找不到元素：xpath = (//span[text()=\"平台监控\"])[1]\n\nPages\\base_page.py:78: TimeoutException","steps":[],"attachments":[{"uid":"d518b9559ebed0ef","name":"test_monitor_select3_20260113_070127","source":"d518b9559ebed0ef.png","type":"image/png","size":8070},{"uid":"af7c59e8c2923df1","name":"test_monitor_select3_20260113_070127","source":"af7c59e8c2923df1.png","type":"image/png","size":19252},{"uid":"6fdb5f1a4a68bd93","name":"test_monitor_select3_20260113_070127","source":"6fdb5f1a4a68bd93.png","type":"image/png","size":19252},{"uid":"384065e80ac47f0","name":"test_monitor_select3_20260113_070127","source":"384065e80ac47f0.png","type":"image/png","size":19252},{"uid":"7d070c68a117ad9b","name":"test_monitor_select3_20260113_070128","source":"7d070c68a117ad9b.png","type":"image/png","size":19252},{"uid":"80817cb071cafd9b","name":"test_monitor_select3_20260113_070128","source":"80817cb071cafd9b.png","type":"image/png","size":19252},{"uid":"d9dbdcda460581f1","name":"test_monitor_select3_20260113_070128","source":"d9dbdcda460581f1.png","type":"image/png","size":19252},{"uid":"f141eeb42031f4f2","name":"test_monitor_select3_20260113_070128","source":"f141eeb42031f4f2.png","type":"image/png","size":25727},{"uid":"d89c4c301de1edf8","name":"test_monitor_select3_20260113_070128","source":"d89c4c301de1edf8.png","type":"image/png","size":19252},{"uid":"2d167467a3843d2b","name":"log","source":"2d167467a3843d2b.txt","type":"text/plain","size":9257}],"parameters":[],"hasContent":true,"stepsCount":0,"attachmentStep":false,"shouldDisplayMessage":true,"attachmentsCount":10},"afterStages":[],"labels":[{"name":"feature","value":"平台监控页用例"},{"name":"story","value":"查询不报错"},{"name":"parentSuite","value":"Tests.test_system"},{"name":"suite","value":"test_monitor"},{"name":"subSuite","value":"TestSMonitorPage"},{"name":"host","value":"DESKTOP-L7L44NB"},{"name":"thread","value":"11696-MainThread"},{"name":"framework","value":"pytest"},{"name":"language","value":"cpython3"},{"name":"package","value":"Tests.test_system.test_monitor"},{"name":"resultFormat","value":"allure2"}],"parameters":[],"links":[],"hidden":true,"retry":true,"extra":{"categories":[],"tags":[]},"source":"b51e401166424856.json","parameterValues":[]}