{"uid":"b78e400ad0600ba1","name":"test_apps_delsuccess","fullName":"Tests.test_system.test_apps.TestSAppsPage#test_apps_delsuccess","historyId":"e0b28036116b1db7f9c8a98763a66ef7","time":{"start":1769722839163,"stop":1769722860454,"duration":21291},"status":"broken","statusMessage":"selenium.common.exceptions.TimeoutException: Message: \nStacktrace:\nSymbols not available. Dumping unresolved backtrace:\n\t0x7ff60eabfe35\n\t0x7ff60eabfe90\n\t0x7ff60e84139d\n\t0x7ff60e899d8e\n\t0x7ff60e89a09c\n\t0x7ff60e8ee8d7\n\t0x7ff60e8eb61b\n\t0x7ff60e88ac6d\n\t0x7ff60e88bae3\n\t0x7ff60ed8a10d\n\t0x7ff60ed8448a\n\t0x7ff60eda5157\n\t0x7ff60eada81e\n\t0x7ff60eae262f\n\t0x7ff60eac9324\n\t0x7ff60eac94df\n\t0x7ff60eaaee88\n\t0x7ffc59d27374\n\t0x7ffc5a9fcc91","statusTrace":"self = <Pages.systemPage.apps_page.AppsPage object at 0x00000199553AA080>, xpath = '//div[p[text()=\"应用代码\"]]/following-sibling::div//input', value = ['appstest1']\n\n    def del_all(self, xpath, value=[]):\n        for index, v in enumerate(value, start=1):\n            try:\n                sleep(1)\n>               self.enter_texts(xpath, v)\n\nPages\\systemPage\\apps_page.py:176: \n_ _ _ _ _ _ _ _ _ _ _ _ _ _ _ _ _ _ _ _ _ _ _ _ _ _ _ _ _ _ _ _ _ _ _ _ _ _ _ _ _ _ _ _ _ _ _ _ _ _ _ _ _ _ _ _ _ _ _ _ _ _ _ _ _ _ _ _ _ _ _ _ _ _ _ _ _ _ _ _ _ _ _ _ _ _ _ _ _ _ _ _ _ _ _ _ _ _ _ _ _ _ _ _ _ _ _ _ _ _ _ _ _ _ _ _\nPages\\systemPage\\apps_page.py:20: in enter_texts\n    self.enter_text(By.XPATH, xpath, text)\nPages\\base_page.py:90: in enter_text\n    element = WebDriverWait(self.driver, wait_time).until(\n_ _ _ _ _ _ _ _ _ _ _ _ _ _ _ _ _ _ _ _ _ _ _ _ _ _ _ _ _ _ _ _ _ _ _ _ _ _ _ _ _ _ _ _ _ _ _ _ _ _ _ _ _ _ _ _ _ _ _ _ _ _ _ _ _ _ _ _ _ _ _ _ _ _ _ _ _ _ _ _ _ _ _ _ _ _ _ _ _ _ _ _ _ _ _ _ _ _ _ _ _ _ _ _ _ _ _ _ _ _ _ _ _ _ _ _\n\nself = <selenium.webdriver.support.wait.WebDriverWait (session=\"5d98c52f636c29de6b6004e692015d26\")>, method = <function visibility_of_element_located.<locals>._predicate at 0x00000199596CF130>, message = ''\n\n    def until(self, method: Callable[[D], Union[Literal[False], T]], message: str = \"\") -> T:\n        \"\"\"Wait until the method returns a value that is not False.\n    \n        Calls the method provided with the driver as an argument until the\n        return value does not evaluate to ``False``.\n    \n        Parameters:\n        -----------\n        method: callable(WebDriver)\n            - A callable object that takes a WebDriver instance as an argument.\n    \n        message: str\n            - Optional message for :exc:`TimeoutException`\n    \n        Return:\n        -------\n        object: T\n            - The result of the last call to `method`\n    \n        Raises:\n        -------\n        TimeoutException\n            - If 'method' does not return a truthy value within the WebDriverWait\n            object's timeout\n    \n        Example:\n        --------\n        >>> from selenium.webdriver.common.by import By\n        >>> from selenium.webdriver.support.ui import WebDriverWait\n        >>> from selenium.webdriver.support import expected_conditions as EC\n    \n        # Wait until an element is visible on the page\n        >>> wait = WebDriverWait(driver, 10)\n        >>> element = wait.until(EC.visibility_of_element_located((By.ID, \"exampleId\")))\n        >>> print(element.text)\n        \"\"\"\n        screen = None\n        stacktrace = None\n    \n        end_time = time.monotonic() + self._timeout\n        while True:\n            try:\n                value = method(self._driver)\n                if value:\n                    return value\n            except self._ignored_exceptions as exc:\n                screen = getattr(exc, \"screen\", None)\n                stacktrace = getattr(exc, \"stacktrace\", None)\n            if time.monotonic() > end_time:\n                break\n            time.sleep(self._poll)\n>       raise TimeoutException(message, screen, stacktrace)\nE       selenium.common.exceptions.TimeoutException: Message: \nE       Stacktrace:\nE       Symbols not available. Dumping unresolved backtrace:\nE       \t0x7ff60eabfe35\nE       \t0x7ff60eabfe90\nE       \t0x7ff60e84139d\nE       \t0x7ff60e899d8e\nE       \t0x7ff60e89a09c\nE       \t0x7ff60e8ee8d7\nE       \t0x7ff60e8eb61b\nE       \t0x7ff60e88ac6d\nE       \t0x7ff60e88bae3\nE       \t0x7ff60ed8a10d\nE       \t0x7ff60ed8448a\nE       \t0x7ff60eda5157\nE       \t0x7ff60eada81e\nE       \t0x7ff60eae262f\nE       \t0x7ff60eac9324\nE       \t0x7ff60eac94df\nE       \t0x7ff60eaaee88\nE       \t0x7ffc59d27374\nE       \t0x7ffc5a9fcc91\n\nD:\\Python310\\lib\\site-packages\\selenium\\webdriver\\support\\wait.py:138: TimeoutException\n\nDuring handling of the above exception, another exception occurred:\n\nself = <test_system.test_apps.TestSAppsPage object at 0x0000019956CE6A70>, login_to_apps = <selenium.webdriver.chrome.webdriver.WebDriver (session=\"5d98c52f636c29de6b6004e692015d26\")>\n\n    @allure.story(\"删除测试数据成功，删除布局成功\")\n    # @pytest.mark.run(order=1)\n    def test_apps_delsuccess(self, login_to_apps):\n        driver = login_to_apps  # WebDriver 实例\n        apps = AppsPage(driver)  # 用 driver 初始化 ExpressionPage\n        layout = \"测试布局A\"\n    \n        value = ['appstest1']\n>       apps.del_all(xpath='//div[p[text()=\"应用代码\"]]/following-sibling::div//input', value=value)\n\nTests\\test_system\\test_apps.py:1117: \n_ _ _ _ _ _ _ _ _ _ _ _ _ _ _ _ _ _ _ _ _ _ _ _ _ _ _ _ _ _ _ _ _ _ _ _ _ _ _ _ _ _ _ _ _ _ _ _ _ _ _ _ _ _ _ _ _ _ _ _ _ _ _ _ _ _ _ _ _ _ _ _ _ _ _ _ _ _ _ _ _ _ _ _ _ _ _ _ _ _ _ _ _ _ _ _ _ _ _ _ _ _ _ _ _ _ _ _ _ _ _ _ _ _ _ _\nPages\\systemPage\\apps_page.py:193: in del_all\n    ele = self.get_find_element_xpath(xpath)\nPages\\systemPage\\apps_page.py:29: in get_find_element_xpath\n    return self.find_element(By.XPATH, xpath)\nPages\\base_page.py:28: in find_element\n    return WebDriverWait(self.driver, wait_time).until(\n_ _ _ _ _ _ _ _ _ _ _ _ _ _ _ _ _ _ _ _ _ _ _ _ _ _ _ _ _ _ _ _ _ _ _ _ _ _ _ _ _ _ _ _ _ _ _ _ _ _ _ _ _ _ _ _ _ _ _ _ _ _ _ _ _ _ _ _ _ _ _ _ _ _ _ _ _ _ _ _ _ _ _ _ _ _ _ _ _ _ _ _ _ _ _ _ _ _ _ _ _ _ _ _ _ _ _ _ _ _ _ _ _ _ _ _\n\nself = <selenium.webdriver.support.wait.WebDriverWait (session=\"5d98c52f636c29de6b6004e692015d26\")>, method = <function presence_of_element_located.<locals>._predicate at 0x0000019959774700>, message = ''\n\n    def until(self, method: Callable[[D], Union[Literal[False], T]], message: str = \"\") -> T:\n        \"\"\"Wait until the method returns a value that is not False.\n    \n        Calls the method provided with the driver as an argument until the\n        return value does not evaluate to ``False``.\n    \n        Parameters:\n        -----------\n        method: callable(WebDriver)\n            - A callable object that takes a WebDriver instance as an argument.\n    \n        message: str\n            - Optional message for :exc:`TimeoutException`\n    \n        Return:\n        -------\n        object: T\n            - The result of the last call to `method`\n    \n        Raises:\n        -------\n        TimeoutException\n            - If 'method' does not return a truthy value within the WebDriverWait\n            object's timeout\n    \n        Example:\n        --------\n        >>> from selenium.webdriver.common.by import By\n        >>> from selenium.webdriver.support.ui import WebDriverWait\n        >>> from selenium.webdriver.support import expected_conditions as EC\n    \n        # Wait until an element is visible on the page\n        >>> wait = WebDriverWait(driver, 10)\n        >>> element = wait.until(EC.visibility_of_element_located((By.ID, \"exampleId\")))\n        >>> print(element.text)\n        \"\"\"\n        screen = None\n        stacktrace = None\n    \n        end_time = time.monotonic() + self._timeout\n        while True:\n            try:\n                value = method(self._driver)\n                if value:\n                    return value\n            except self._ignored_exceptions as exc:\n                screen = getattr(exc, \"screen\", None)\n                stacktrace = getattr(exc, \"stacktrace\", None)\n            if time.monotonic() > end_time:\n                break\n            time.sleep(self._poll)\n>       raise TimeoutException(message, screen, stacktrace)\nE       selenium.common.exceptions.TimeoutException: Message: \nE       Stacktrace:\nE       Symbols not available. Dumping unresolved backtrace:\nE       \t0x7ff60eabfe35\nE       \t0x7ff60eabfe90\nE       \t0x7ff60e84139d\nE       \t0x7ff60e899d8e\nE       \t0x7ff60e89a09c\nE       \t0x7ff60e8ee8d7\nE       \t0x7ff60e8eb61b\nE       \t0x7ff60e88ac6d\nE       \t0x7ff60e88bae3\nE       \t0x7ff60ed8a10d\nE       \t0x7ff60ed8448a\nE       \t0x7ff60eda5157\nE       \t0x7ff60eada81e\nE       \t0x7ff60eae262f\nE       \t0x7ff60eac9324\nE       \t0x7ff60eac94df\nE       \t0x7ff60eaaee88\nE       \t0x7ffc59d27374\nE       \t0x7ffc5a9fcc91\n\nD:\\Python310\\lib\\site-packages\\selenium\\webdriver\\support\\wait.py:138: TimeoutException","flaky":false,"newFailed":false,"newBroken":false,"newPassed":false,"retriesCount":0,"retriesStatusChange":false,"beforeStages":[{"name":"login_to_apps","time":{"start":1769722221912,"stop":1769722235348,"duration":13436},"status":"passed","steps":[],"attachments":[],"parameters":[],"shouldDisplayMessage":false,"attachmentsCount":0,"stepsCount":0,"attachmentStep":false,"hasContent":false}],"testStage":{"status":"broken","statusMessage":"selenium.common.exceptions.TimeoutException: Message: \nStacktrace:\nSymbols not available. Dumping unresolved backtrace:\n\t0x7ff60eabfe35\n\t0x7ff60eabfe90\n\t0x7ff60e84139d\n\t0x7ff60e899d8e\n\t0x7ff60e89a09c\n\t0x7ff60e8ee8d7\n\t0x7ff60e8eb61b\n\t0x7ff60e88ac6d\n\t0x7ff60e88bae3\n\t0x7ff60ed8a10d\n\t0x7ff60ed8448a\n\t0x7ff60eda5157\n\t0x7ff60eada81e\n\t0x7ff60eae262f\n\t0x7ff60eac9324\n\t0x7ff60eac94df\n\t0x7ff60eaaee88\n\t0x7ffc59d27374\n\t0x7ffc5a9fcc91","statusTrace":"self = <Pages.systemPage.apps_page.AppsPage object at 0x00000199553AA080>, xpath = '//div[p[text()=\"应用代码\"]]/following-sibling::div//input', value = ['appstest1']\n\n    def del_all(self, xpath, value=[]):\n        for index, v in enumerate(value, start=1):\n            try:\n                sleep(1)\n>               self.enter_texts(xpath, v)\n\nPages\\systemPage\\apps_page.py:176: \n_ _ _ _ _ _ _ _ _ _ _ _ _ _ _ _ _ _ _ _ _ _ _ _ _ _ _ _ _ _ _ _ _ _ _ _ _ _ _ _ _ _ _ _ _ _ _ _ _ _ _ _ _ _ _ _ _ _ _ _ _ _ _ _ _ _ _ _ _ _ _ _ _ _ _ _ _ _ _ _ _ _ _ _ _ _ _ _ _ _ _ _ _ _ _ _ _ _ _ _ _ _ _ _ _ _ _ _ _ _ _ _ _ _ _ _\nPages\\systemPage\\apps_page.py:20: in enter_texts\n    self.enter_text(By.XPATH, xpath, text)\nPages\\base_page.py:90: in enter_text\n    element = WebDriverWait(self.driver, wait_time).until(\n_ _ _ _ _ _ _ _ _ _ _ _ _ _ _ _ _ _ _ _ _ _ _ _ _ _ _ _ _ _ _ _ _ _ _ _ _ _ _ _ _ _ _ _ _ _ _ _ _ _ _ _ _ _ _ _ _ _ _ _ _ _ _ _ _ _ _ _ _ _ _ _ _ _ _ _ _ _ _ _ _ _ _ _ _ _ _ _ _ _ _ _ _ _ _ _ _ _ _ _ _ _ _ _ _ _ _ _ _ _ _ _ _ _ _ _\n\nself = <selenium.webdriver.support.wait.WebDriverWait (session=\"5d98c52f636c29de6b6004e692015d26\")>, method = <function visibility_of_element_located.<locals>._predicate at 0x00000199596CF130>, message = ''\n\n    def until(self, method: Callable[[D], Union[Literal[False], T]], message: str = \"\") -> T:\n        \"\"\"Wait until the method returns a value that is not False.\n    \n        Calls the method provided with the driver as an argument until the\n        return value does not evaluate to ``False``.\n    \n        Parameters:\n        -----------\n        method: callable(WebDriver)\n            - A callable object that takes a WebDriver instance as an argument.\n    \n        message: str\n            - Optional message for :exc:`TimeoutException`\n    \n        Return:\n        -------\n        object: T\n            - The result of the last call to `method`\n    \n        Raises:\n        -------\n        TimeoutException\n            - If 'method' does not return a truthy value within the WebDriverWait\n            object's timeout\n    \n        Example:\n        --------\n        >>> from selenium.webdriver.common.by import By\n        >>> from selenium.webdriver.support.ui import WebDriverWait\n        >>> from selenium.webdriver.support import expected_conditions as EC\n    \n        # Wait until an element is visible on the page\n        >>> wait = WebDriverWait(driver, 10)\n        >>> element = wait.until(EC.visibility_of_element_located((By.ID, \"exampleId\")))\n        >>> print(element.text)\n        \"\"\"\n        screen = None\n        stacktrace = None\n    \n        end_time = time.monotonic() + self._timeout\n        while True:\n            try:\n                value = method(self._driver)\n                if value:\n                    return value\n            except self._ignored_exceptions as exc:\n                screen = getattr(exc, \"screen\", None)\n                stacktrace = getattr(exc, \"stacktrace\", None)\n            if time.monotonic() > end_time:\n                break\n            time.sleep(self._poll)\n>       raise TimeoutException(message, screen, stacktrace)\nE       selenium.common.exceptions.TimeoutException: Message: \nE       Stacktrace:\nE       Symbols not available. Dumping unresolved backtrace:\nE       \t0x7ff60eabfe35\nE       \t0x7ff60eabfe90\nE       \t0x7ff60e84139d\nE       \t0x7ff60e899d8e\nE       \t0x7ff60e89a09c\nE       \t0x7ff60e8ee8d7\nE       \t0x7ff60e8eb61b\nE       \t0x7ff60e88ac6d\nE       \t0x7ff60e88bae3\nE       \t0x7ff60ed8a10d\nE       \t0x7ff60ed8448a\nE       \t0x7ff60eda5157\nE       \t0x7ff60eada81e\nE       \t0x7ff60eae262f\nE       \t0x7ff60eac9324\nE       \t0x7ff60eac94df\nE       \t0x7ff60eaaee88\nE       \t0x7ffc59d27374\nE       \t0x7ffc5a9fcc91\n\nD:\\Python310\\lib\\site-packages\\selenium\\webdriver\\support\\wait.py:138: TimeoutException\n\nDuring handling of the above exception, another exception occurred:\n\nself = <test_system.test_apps.TestSAppsPage object at 0x0000019956CE6A70>, login_to_apps = <selenium.webdriver.chrome.webdriver.WebDriver (session=\"5d98c52f636c29de6b6004e692015d26\")>\n\n    @allure.story(\"删除测试数据成功，删除布局成功\")\n    # @pytest.mark.run(order=1)\n    def test_apps_delsuccess(self, login_to_apps):\n        driver = login_to_apps  # WebDriver 实例\n        apps = AppsPage(driver)  # 用 driver 初始化 ExpressionPage\n        layout = \"测试布局A\"\n    \n        value = ['appstest1']\n>       apps.del_all(xpath='//div[p[text()=\"应用代码\"]]/following-sibling::div//input', value=value)\n\nTests\\test_system\\test_apps.py:1117: \n_ _ _ _ _ _ _ _ _ _ _ _ _ _ _ _ _ _ _ _ _ _ _ _ _ _ _ _ _ _ _ _ _ _ _ _ _ _ _ _ _ _ _ _ _ _ _ _ _ _ _ _ _ _ _ _ _ _ _ _ _ _ _ _ _ _ _ _ _ _ _ _ _ _ _ _ _ _ _ _ _ _ _ _ _ _ _ _ _ _ _ _ _ _ _ _ _ _ _ _ _ _ _ _ _ _ _ _ _ _ _ _ _ _ _ _\nPages\\systemPage\\apps_page.py:193: in del_all\n    ele = self.get_find_element_xpath(xpath)\nPages\\systemPage\\apps_page.py:29: in get_find_element_xpath\n    return self.find_element(By.XPATH, xpath)\nPages\\base_page.py:28: in find_element\n    return WebDriverWait(self.driver, wait_time).until(\n_ _ _ _ _ _ _ _ _ _ _ _ _ _ _ _ _ _ _ _ _ _ _ _ _ _ _ _ _ _ _ _ _ _ _ _ _ _ _ _ _ _ _ _ _ _ _ _ _ _ _ _ _ _ _ _ _ _ _ _ _ _ _ _ _ _ _ _ _ _ _ _ _ _ _ _ _ _ _ _ _ _ _ _ _ _ _ _ _ _ _ _ _ _ _ _ _ _ _ _ _ _ _ _ _ _ _ _ _ _ _ _ _ _ _ _\n\nself = <selenium.webdriver.support.wait.WebDriverWait (session=\"5d98c52f636c29de6b6004e692015d26\")>, method = <function presence_of_element_located.<locals>._predicate at 0x0000019959774700>, message = ''\n\n    def until(self, method: Callable[[D], Union[Literal[False], T]], message: str = \"\") -> T:\n        \"\"\"Wait until the method returns a value that is not False.\n    \n        Calls the method provided with the driver as an argument until the\n        return value does not evaluate to ``False``.\n    \n        Parameters:\n        -----------\n        method: callable(WebDriver)\n            - A callable object that takes a WebDriver instance as an argument.\n    \n        message: str\n            - Optional message for :exc:`TimeoutException`\n    \n        Return:\n        -------\n        object: T\n            - The result of the last call to `method`\n    \n        Raises:\n        -------\n        TimeoutException\n            - If 'method' does not return a truthy value within the WebDriverWait\n            object's timeout\n    \n        Example:\n        --------\n        >>> from selenium.webdriver.common.by import By\n        >>> from selenium.webdriver.support.ui import WebDriverWait\n        >>> from selenium.webdriver.support import expected_conditions as EC\n    \n        # Wait until an element is visible on the page\n        >>> wait = WebDriverWait(driver, 10)\n        >>> element = wait.until(EC.visibility_of_element_located((By.ID, \"exampleId\")))\n        >>> print(element.text)\n        \"\"\"\n        screen = None\n        stacktrace = None\n    \n        end_time = time.monotonic() + self._timeout\n        while True:\n            try:\n                value = method(self._driver)\n                if value:\n                    return value\n            except self._ignored_exceptions as exc:\n                screen = getattr(exc, \"screen\", None)\n                stacktrace = getattr(exc, \"stacktrace\", None)\n            if time.monotonic() > end_time:\n                break\n            time.sleep(self._poll)\n>       raise TimeoutException(message, screen, stacktrace)\nE       selenium.common.exceptions.TimeoutException: Message: \nE       Stacktrace:\nE       Symbols not available. Dumping unresolved backtrace:\nE       \t0x7ff60eabfe35\nE       \t0x7ff60eabfe90\nE       \t0x7ff60e84139d\nE       \t0x7ff60e899d8e\nE       \t0x7ff60e89a09c\nE       \t0x7ff60e8ee8d7\nE       \t0x7ff60e8eb61b\nE       \t0x7ff60e88ac6d\nE       \t0x7ff60e88bae3\nE       \t0x7ff60ed8a10d\nE       \t0x7ff60ed8448a\nE       \t0x7ff60eda5157\nE       \t0x7ff60eada81e\nE       \t0x7ff60eae262f\nE       \t0x7ff60eac9324\nE       \t0x7ff60eac94df\nE       \t0x7ff60eaaee88\nE       \t0x7ffc59d27374\nE       \t0x7ffc5a9fcc91\n\nD:\\Python310\\lib\\site-packages\\selenium\\webdriver\\support\\wait.py:138: TimeoutException","steps":[],"attachments":[{"uid":"ab8e8deebd95d77","name":"test_apps_delsuccess_20260130_054100","source":"ab8e8deebd95d77.png","type":"image/png","size":94609},{"uid":"dcb8d9f63b1bc1af","name":"log","source":"dcb8d9f63b1bc1af.txt","type":"text/plain","size":273}],"parameters":[],"shouldDisplayMessage":true,"attachmentsCount":2,"stepsCount":0,"attachmentStep":false,"hasContent":true},"afterStages":[{"name":"login_to_apps::0","time":{"start":1769722882257,"stop":1769722884395,"duration":2138},"status":"passed","steps":[],"attachments":[],"parameters":[],"shouldDisplayMessage":false,"attachmentsCount":0,"stepsCount":0,"attachmentStep":false,"hasContent":false}],"labels":[{"name":"story","value":"删除测试数据成功，删除布局成功"},{"name":"feature","value":"应用管理页用例"},{"name":"parentSuite","value":"Tests.test_system"},{"name":"suite","value":"test_apps"},{"name":"subSuite","value":"TestSAppsPage"},{"name":"host","value":"DESKTOP-L7L44NB"},{"name":"thread","value":"20316-MainThread"},{"name":"framework","value":"pytest"},{"name":"language","value":"cpython3"},{"name":"package","value":"Tests.test_system.test_apps"},{"name":"resultFormat","value":"allure2"}],"parameters":[],"links":[],"hidden":true,"retry":true,"extra":{"categories":[],"tags":[]},"source":"b78e400ad0600ba1.json","parameterValues":[]}