{"uid":"ba5342e7c0ab5f13","name":"test_affairs_log_sel6","fullName":"Tests.test_system.test_affairs.TestAffairsPage#test_affairs_log_sel6","historyId":"090506200baf710aa078aa1342236f2f","time":{"start":1765570836613,"stop":1765570846624,"duration":10011},"status":"failed","statusMessage":"AssertionError: assert (['计划下发', '计划下发', '计划下发', '计划下发', '计划下发', '计划下发', ...] and False)\n +  where False = all(<generator object TestAffairsPage.test_affairs_log_sel6.<locals>.<genexpr> at 0x000001DA0DABC510>)","statusTrace":"self = <test_system.test_affairs.TestAffairsPage object at 0x000001DA0BE6F880>, login_to_affairs = <selenium.webdriver.chrome.webdriver.WebDriver (session=\"c5e0023de2491c35851538cc66657918\")>\n\n    @allure.story(\"流程日志-事务搜索成功\")\n    def test_affairs_log_sel6(self, login_to_affairs):\n        driver = login_to_affairs  # WebDriver 实例\n        affairs = AffairsPage(driver)  # 用 driver 初始化 AffairsPage\n        sleep(1)\n        num = 1000\n        affairs.click_process_log()\n        affairs_name = affairs.get_find_element_xpath('(//table[@class=\"el-table__body\"])[2]//tr[2]/td[2]').text\n        affairs.click_paging(num)\n        sleep(1)\n        affairs.sel_log_all(affairs_name=affairs_name)\n        list_ = []\n        cells = driver.find_elements(By.XPATH, '(//table[@class=\"el-table__body\"])[2]//tr/td[2]')\n        for cell in cells:\n            list_.append(cell.text)\n>       assert list_ and all(t in affairs_name for t in list_)\nE       AssertionError: assert (['计划下发', '计划下发', '计划下发', '计划下发', '计划下发', '计划下发', ...] and False)\nE        +  where False = all(<generator object TestAffairsPage.test_affairs_log_sel6.<locals>.<genexpr> at 0x000001DA0DABC510>)\n\nTests\\test_system\\test_affairs.py:1429: AssertionError","flaky":false,"newFailed":false,"newBroken":false,"newPassed":false,"retriesCount":1,"retriesStatusChange":false,"beforeStages":[{"name":"login_to_affairs","time":{"start":1765570819164,"stop":1765570836613,"duration":17449},"status":"passed","steps":[],"attachments":[],"parameters":[],"shouldDisplayMessage":false,"attachmentsCount":0,"stepsCount":0,"attachmentStep":false,"hasContent":false}],"testStage":{"status":"failed","statusMessage":"AssertionError: assert (['计划下发', '计划下发', '计划下发', '计划下发', '计划下发', '计划下发', ...] and False)\n +  where False = all(<generator object TestAffairsPage.test_affairs_log_sel6.<locals>.<genexpr> at 0x000001DA0DABC510>)","statusTrace":"self = <test_system.test_affairs.TestAffairsPage object at 0x000001DA0BE6F880>, login_to_affairs = <selenium.webdriver.chrome.webdriver.WebDriver (session=\"c5e0023de2491c35851538cc66657918\")>\n\n    @allure.story(\"流程日志-事务搜索成功\")\n    def test_affairs_log_sel6(self, login_to_affairs):\n        driver = login_to_affairs  # WebDriver 实例\n        affairs = AffairsPage(driver)  # 用 driver 初始化 AffairsPage\n        sleep(1)\n        num = 1000\n        affairs.click_process_log()\n        affairs_name = affairs.get_find_element_xpath('(//table[@class=\"el-table__body\"])[2]//tr[2]/td[2]').text\n        affairs.click_paging(num)\n        sleep(1)\n        affairs.sel_log_all(affairs_name=affairs_name)\n        list_ = []\n        cells = driver.find_elements(By.XPATH, '(//table[@class=\"el-table__body\"])[2]//tr/td[2]')\n        for cell in cells:\n            list_.append(cell.text)\n>       assert list_ and all(t in affairs_name for t in list_)\nE       AssertionError: assert (['计划下发', '计划下发', '计划下发', '计划下发', '计划下发', '计划下发', ...] and False)\nE        +  where False = all(<generator object TestAffairsPage.test_affairs_log_sel6.<locals>.<genexpr> at 0x000001DA0DABC510>)\n\nTests\\test_system\\test_affairs.py:1429: AssertionError","steps":[],"attachments":[{"uid":"b29457cefe083fdc","name":"test_affairs_log_sel6","source":"b29457cefe083fdc.png","type":"image/png","size":82951},{"uid":"cded9d7990095d05","name":"test_affairs_log_sel6","source":"cded9d7990095d05.png","type":"image/png","size":82951},{"uid":"14d7052030e7158d","name":"test_affairs_log_sel6","source":"14d7052030e7158d.png","type":"image/png","size":125622},{"uid":"62b7db6fb09ac76d","name":"log","source":"62b7db6fb09ac76d.txt","type":"text/plain","size":4547}],"parameters":[],"shouldDisplayMessage":true,"attachmentsCount":4,"stepsCount":0,"attachmentStep":false,"hasContent":true},"afterStages":[{"name":"login_to_affairs::0","time":{"start":1765570847052,"stop":1765570849208,"duration":2156},"status":"passed","steps":[],"attachments":[],"parameters":[],"shouldDisplayMessage":false,"attachmentsCount":0,"stepsCount":0,"attachmentStep":false,"hasContent":false}],"labels":[{"name":"feature","value":"事务管理页用例"},{"name":"story","value":"流程日志-事务搜索成功"},{"name":"parentSuite","value":"Tests.test_system"},{"name":"suite","value":"test_affairs"},{"name":"subSuite","value":"TestAffairsPage"},{"name":"host","value":"DESKTOP-L7L44NB"},{"name":"thread","value":"48416-MainThread"},{"name":"framework","value":"pytest"},{"name":"language","value":"cpython3"},{"name":"package","value":"Tests.test_system.test_affairs"},{"name":"resultFormat","value":"allure2"}],"parameters":[],"links":[],"hidden":false,"retry":false,"extra":{"severity":"normal","retries":[{"uid":"7cf659250974a6e4","status":"failed","statusDetails":"AssertionError: assert (['计划下发', '计划下发', '计划下发', '计划下发', '计划下发', '计划下发', ...] and False)\n +  where False = all(<generator object TestAffairsPage.test_affairs_log_sel6.<locals>.<genexpr> at 0x000001DA0DA28190>)","time":{"start":1765570807131,"stop":1765570816569,"duration":9438}}],"categories":[{"name":"Product defects","matchedStatuses":[]}],"tags":[]},"source":"ba5342e7c0ab5f13.json","parameterValues":[]}