{"uid":"bbb4802bb2a5f297","name":"test_home_delete_template1","fullName":"Tests.test_system.test_home.TestHomePage#test_home_delete_template1","historyId":"17889a324d5a5152570b98cd303519ba","time":{"start":1769108876027,"stop":1769108887266,"duration":11239},"status":"broken","statusMessage":"selenium.common.exceptions.TimeoutException: Message: \nStacktrace:\nSymbols not available. Dumping unresolved backtrace:\n\t0x7ff74af1fe35\n\t0x7ff74af1fe90\n\t0x7ff74aca139d\n\t0x7ff74acf9d8e\n\t0x7ff74acfa09c\n\t0x7ff74ad4e8d7\n\t0x7ff74ad4b61b\n\t0x7ff74aceac6d\n\t0x7ff74acebae3\n\t0x7ff74b1ea10d\n\t0x7ff74b1e448a\n\t0x7ff74b205157\n\t0x7ff74af3a81e\n\t0x7ff74af4262f\n\t0x7ff74af29324\n\t0x7ff74af294df\n\t0x7ff74af0ee88\n\t0x7ff9e6a37374\n\t0x7ff9e86dcc91","statusTrace":"self = <test_system.test_home.TestHomePage object at 0x000001BE17C1F880>, login_to_home = <selenium.webdriver.chrome.webdriver.WebDriver (session=\"b4da509b1f5c5927a39d29ee2a002d0c\")>\n\n    @allure.story(\"删除测试布局成功\")\n    # @pytest.mark.run(order=1)\n    def test_home_delete_template1(self, login_to_home):\n        driver = login_to_home  # WebDriver 实例\n        home = HomePage(driver)  # 用 driver 初始化 HomePage\n        name = \"测试模版2confirm\"\n>       ele = home.delete_template(name)\n\nTests\\test_system\\test_home.py:548: \n_ _ _ _ _ _ _ _ _ _ _ _ _ _ _ _ _ _ _ _ _ _ _ _ _ _ _ _ _ _ _ _ _ _ _ _ _ _ _ _ _ _ _ _ _ _ _ _ _ _ _ _ _ _ _ _ _ _ _ _ _ _ _ _ _ _ _ _ _ _ _ _ _ _ _ _ _ _ _ _ _ _ _ _ _ _ _ _ _ _ _ _ _ _ _ _ _ _ _ _ _ _ _ _ _ _ _ _ _ _ _ _ _ _ _ _\nPages\\systemPage\\homepage_page.py:137: in delete_template\n    container = self.get_find_element_xpath(\nPages\\systemPage\\homepage_page.py:27: in get_find_element_xpath\n    return self.find_element(By.XPATH, xpath)\nPages\\base_page.py:28: in find_element\n    return WebDriverWait(self.driver, wait_time).until(\n_ _ _ _ _ _ _ _ _ _ _ _ _ _ _ _ _ _ _ _ _ _ _ _ _ _ _ _ _ _ _ _ _ _ _ _ _ _ _ _ _ _ _ _ _ _ _ _ _ _ _ _ _ _ _ _ _ _ _ _ _ _ _ _ _ _ _ _ _ _ _ _ _ _ _ _ _ _ _ _ _ _ _ _ _ _ _ _ _ _ _ _ _ _ _ _ _ _ _ _ _ _ _ _ _ _ _ _ _ _ _ _ _ _ _ _\n\nself = <selenium.webdriver.support.wait.WebDriverWait (session=\"b4da509b1f5c5927a39d29ee2a002d0c\")>, method = <function presence_of_element_located.<locals>._predicate at 0x000001BE1A60F520>, message = ''\n\n    def until(self, method: Callable[[D], Union[Literal[False], T]], message: str = \"\") -> T:\n        \"\"\"Wait until the method returns a value that is not False.\n    \n        Calls the method provided with the driver as an argument until the\n        return value does not evaluate to ``False``.\n    \n        Parameters:\n        -----------\n        method: callable(WebDriver)\n            - A callable object that takes a WebDriver instance as an argument.\n    \n        message: str\n            - Optional message for :exc:`TimeoutException`\n    \n        Return:\n        -------\n        object: T\n            - The result of the last call to `method`\n    \n        Raises:\n        -------\n        TimeoutException\n            - If 'method' does not return a truthy value within the WebDriverWait\n            object's timeout\n    \n        Example:\n        --------\n        >>> from selenium.webdriver.common.by import By\n        >>> from selenium.webdriver.support.ui import WebDriverWait\n        >>> from selenium.webdriver.support import expected_conditions as EC\n    \n        # Wait until an element is visible on the page\n        >>> wait = WebDriverWait(driver, 10)\n        >>> element = wait.until(EC.visibility_of_element_located((By.ID, \"exampleId\")))\n        >>> print(element.text)\n        \"\"\"\n        screen = None\n        stacktrace = None\n    \n        end_time = time.monotonic() + self._timeout\n        while True:\n            try:\n                value = method(self._driver)\n                if value:\n                    return value\n            except self._ignored_exceptions as exc:\n                screen = getattr(exc, \"screen\", None)\n                stacktrace = getattr(exc, \"stacktrace\", None)\n            if time.monotonic() > end_time:\n                break\n            time.sleep(self._poll)\n>       raise TimeoutException(message, screen, stacktrace)\nE       selenium.common.exceptions.TimeoutException: Message: \nE       Stacktrace:\nE       Symbols not available. Dumping unresolved backtrace:\nE       \t0x7ff74af1fe35\nE       \t0x7ff74af1fe90\nE       \t0x7ff74aca139d\nE       \t0x7ff74acf9d8e\nE       \t0x7ff74acfa09c\nE       \t0x7ff74ad4e8d7\nE       \t0x7ff74ad4b61b\nE       \t0x7ff74aceac6d\nE       \t0x7ff74acebae3\nE       \t0x7ff74b1ea10d\nE       \t0x7ff74b1e448a\nE       \t0x7ff74b205157\nE       \t0x7ff74af3a81e\nE       \t0x7ff74af4262f\nE       \t0x7ff74af29324\nE       \t0x7ff74af294df\nE       \t0x7ff74af0ee88\nE       \t0x7ff9e6a37374\nE       \t0x7ff9e86dcc91\n\nD:\\Python310\\lib\\site-packages\\selenium\\webdriver\\support\\wait.py:138: TimeoutException","flaky":false,"newFailed":false,"newBroken":false,"newPassed":false,"retriesCount":0,"retriesStatusChange":false,"beforeStages":[{"name":"login_to_home","time":{"start":1769108451685,"stop":1769108465955,"duration":14270},"status":"passed","steps":[],"attachments":[],"parameters":[],"shouldDisplayMessage":false,"attachmentsCount":0,"stepsCount":0,"attachmentStep":false,"hasContent":false}],"testStage":{"status":"broken","statusMessage":"selenium.common.exceptions.TimeoutException: Message: \nStacktrace:\nSymbols not available. Dumping unresolved backtrace:\n\t0x7ff74af1fe35\n\t0x7ff74af1fe90\n\t0x7ff74aca139d\n\t0x7ff74acf9d8e\n\t0x7ff74acfa09c\n\t0x7ff74ad4e8d7\n\t0x7ff74ad4b61b\n\t0x7ff74aceac6d\n\t0x7ff74acebae3\n\t0x7ff74b1ea10d\n\t0x7ff74b1e448a\n\t0x7ff74b205157\n\t0x7ff74af3a81e\n\t0x7ff74af4262f\n\t0x7ff74af29324\n\t0x7ff74af294df\n\t0x7ff74af0ee88\n\t0x7ff9e6a37374\n\t0x7ff9e86dcc91","statusTrace":"self = <test_system.test_home.TestHomePage object at 0x000001BE17C1F880>, login_to_home = <selenium.webdriver.chrome.webdriver.WebDriver (session=\"b4da509b1f5c5927a39d29ee2a002d0c\")>\n\n    @allure.story(\"删除测试布局成功\")\n    # @pytest.mark.run(order=1)\n    def test_home_delete_template1(self, login_to_home):\n        driver = login_to_home  # WebDriver 实例\n        home = HomePage(driver)  # 用 driver 初始化 HomePage\n        name = \"测试模版2confirm\"\n>       ele = home.delete_template(name)\n\nTests\\test_system\\test_home.py:548: \n_ _ _ _ _ _ _ _ _ _ _ _ _ _ _ _ _ _ _ _ _ _ _ _ _ _ _ _ _ _ _ _ _ _ _ _ _ _ _ _ _ _ _ _ _ _ _ _ _ _ _ _ _ _ _ _ _ _ _ _ _ _ _ _ _ _ _ _ _ _ _ _ _ _ _ _ _ _ _ _ _ _ _ _ _ _ _ _ _ _ _ _ _ _ _ _ _ _ _ _ _ _ _ _ _ _ _ _ _ _ _ _ _ _ _ _\nPages\\systemPage\\homepage_page.py:137: in delete_template\n    container = self.get_find_element_xpath(\nPages\\systemPage\\homepage_page.py:27: in get_find_element_xpath\n    return self.find_element(By.XPATH, xpath)\nPages\\base_page.py:28: in find_element\n    return WebDriverWait(self.driver, wait_time).until(\n_ _ _ _ _ _ _ _ _ _ _ _ _ _ _ _ _ _ _ _ _ _ _ _ _ _ _ _ _ _ _ _ _ _ _ _ _ _ _ _ _ _ _ _ _ _ _ _ _ _ _ _ _ _ _ _ _ _ _ _ _ _ _ _ _ _ _ _ _ _ _ _ _ _ _ _ _ _ _ _ _ _ _ _ _ _ _ _ _ _ _ _ _ _ _ _ _ _ _ _ _ _ _ _ _ _ _ _ _ _ _ _ _ _ _ _\n\nself = <selenium.webdriver.support.wait.WebDriverWait (session=\"b4da509b1f5c5927a39d29ee2a002d0c\")>, method = <function presence_of_element_located.<locals>._predicate at 0x000001BE1A60F520>, message = ''\n\n    def until(self, method: Callable[[D], Union[Literal[False], T]], message: str = \"\") -> T:\n        \"\"\"Wait until the method returns a value that is not False.\n    \n        Calls the method provided with the driver as an argument until the\n        return value does not evaluate to ``False``.\n    \n        Parameters:\n        -----------\n        method: callable(WebDriver)\n            - A callable object that takes a WebDriver instance as an argument.\n    \n        message: str\n            - Optional message for :exc:`TimeoutException`\n    \n        Return:\n        -------\n        object: T\n            - The result of the last call to `method`\n    \n        Raises:\n        -------\n        TimeoutException\n            - If 'method' does not return a truthy value within the WebDriverWait\n            object's timeout\n    \n        Example:\n        --------\n        >>> from selenium.webdriver.common.by import By\n        >>> from selenium.webdriver.support.ui import WebDriverWait\n        >>> from selenium.webdriver.support import expected_conditions as EC\n    \n        # Wait until an element is visible on the page\n        >>> wait = WebDriverWait(driver, 10)\n        >>> element = wait.until(EC.visibility_of_element_located((By.ID, \"exampleId\")))\n        >>> print(element.text)\n        \"\"\"\n        screen = None\n        stacktrace = None\n    \n        end_time = time.monotonic() + self._timeout\n        while True:\n            try:\n                value = method(self._driver)\n                if value:\n                    return value\n            except self._ignored_exceptions as exc:\n                screen = getattr(exc, \"screen\", None)\n                stacktrace = getattr(exc, \"stacktrace\", None)\n            if time.monotonic() > end_time:\n                break\n            time.sleep(self._poll)\n>       raise TimeoutException(message, screen, stacktrace)\nE       selenium.common.exceptions.TimeoutException: Message: \nE       Stacktrace:\nE       Symbols not available. Dumping unresolved backtrace:\nE       \t0x7ff74af1fe35\nE       \t0x7ff74af1fe90\nE       \t0x7ff74aca139d\nE       \t0x7ff74acf9d8e\nE       \t0x7ff74acfa09c\nE       \t0x7ff74ad4e8d7\nE       \t0x7ff74ad4b61b\nE       \t0x7ff74aceac6d\nE       \t0x7ff74acebae3\nE       \t0x7ff74b1ea10d\nE       \t0x7ff74b1e448a\nE       \t0x7ff74b205157\nE       \t0x7ff74af3a81e\nE       \t0x7ff74af4262f\nE       \t0x7ff74af29324\nE       \t0x7ff74af294df\nE       \t0x7ff74af0ee88\nE       \t0x7ff9e6a37374\nE       \t0x7ff9e86dcc91\n\nD:\\Python310\\lib\\site-packages\\selenium\\webdriver\\support\\wait.py:138: TimeoutException","steps":[],"attachments":[{"uid":"d852465d6434ac9a","name":"test_home_delete_template1_20260123_030807","source":"d852465d6434ac9a.png","type":"image/png","size":25727},{"uid":"f269f443cfeb7c51","name":"test_home_delete_template1_20260123_030807","source":"f269f443cfeb7c51.png","type":"image/png","size":19252},{"uid":"96f7c70186478737","name":"test_home_delete_template1_20260123_030807","source":"96f7c70186478737.png","type":"image/png","size":92225},{"uid":"669cc1f316c38248","name":"log","source":"669cc1f316c38248.txt","type":"text/plain","size":418}],"parameters":[],"shouldDisplayMessage":true,"attachmentsCount":4,"stepsCount":0,"attachmentStep":false,"hasContent":true},"afterStages":[{"name":"login_to_home::0","time":{"start":1769108926172,"stop":1769108928375,"duration":2203},"status":"passed","steps":[],"attachments":[],"parameters":[],"shouldDisplayMessage":false,"attachmentsCount":0,"stepsCount":0,"attachmentStep":false,"hasContent":false}],"labels":[{"name":"feature","value":"主页设置页用例"},{"name":"story","value":"删除测试布局成功"},{"name":"parentSuite","value":"Tests.test_system"},{"name":"suite","value":"test_home"},{"name":"subSuite","value":"TestHomePage"},{"name":"host","value":"DESKTOP-L7L44NB"},{"name":"thread","value":"47512-MainThread"},{"name":"framework","value":"pytest"},{"name":"language","value":"cpython3"},{"name":"package","value":"Tests.test_system.test_home"},{"name":"resultFormat","value":"allure2"}],"parameters":[],"links":[],"hidden":true,"retry":true,"extra":{"categories":[],"tags":[]},"source":"bbb4802bb2a5f297.json","parameterValues":[]}