{"uid":"bd9fc5520967f474","name":"test_modeldesign_save","fullName":"Tests.test_system.test_modeldesign.TestSModelDesignPage#test_modeldesign_save","historyId":"0f64803f1165750c5438c218ed2324c6","time":{"start":1768258662672,"stop":1768258675072,"duration":12400},"status":"broken","statusMessage":"selenium.common.exceptions.TimeoutException: Message: \nStacktrace:\nSymbols not available. Dumping unresolved backtrace:\n\t0x7ff66d2efe35\n\t0x7ff66d2efe90\n\t0x7ff66d07139d\n\t0x7ff66d0c9d8e\n\t0x7ff66d0ca09c\n\t0x7ff66d11e8d7\n\t0x7ff66d11b61b\n\t0x7ff66d0bac6d\n\t0x7ff66d0bbae3\n\t0x7ff66d5ba10d\n\t0x7ff66d5b448a\n\t0x7ff66d5d5157\n\t0x7ff66d30a81e\n\t0x7ff66d31262f\n\t0x7ff66d2f9324\n\t0x7ff66d2f94df\n\t0x7ff66d2dee88\n\t0x7ff9e6a37374\n\t0x7ff9e86dcc91","statusTrace":"self = <test_system.test_modeldesign.TestSModelDesignPage object at 0x000001F221E3CBB0>, login_to_modeldesign = <selenium.webdriver.chrome.webdriver.WebDriver (session=\"bd6d77a2b456131442ca2b1927f96f81\")>\n\n    @allure.story(\"点击保存 不报错\")\n    # @pytest.mark.run(order=1)\n    def test_modeldesign_save(self, login_to_modeldesign):\n        driver = login_to_modeldesign  # WebDriver 实例\n        model = OtherPage(driver)  # 用 driver 初始化 OtherPage\n        name = '3测试模型'\n        sleep(2)\n        model.click_button(\n            f'//div[@class=\"content-siadeNav\"]//div[@role=\"treeitem\"][1]/div[2]/div//span[text()=\" {name} \"]')\n        model.click_modeldesign_button(\"保存\")\n        model.click_del_confirm()\n>       message = model.get_find_message()\n\nTests\\test_system\\test_modeldesign.py:188: \n_ _ _ _ _ _ _ _ _ _ _ _ _ _ _ _ _ _ _ _ _ _ _ _ _ _ _ _ _ _ _ _ _ _ _ _ _ _ _ _ _ _ _ _ _ _ _ _ _ _ _ _ _ _ _ _ _ _ _ _ _ _ _ _ _ _ _ _ _ _ _ _ _ _ _ _ _ _ _ _ _ _ _ _ _ _ _ _ _ _ _ _ _ _ _ _ _ _ _ _ _ _ _ _ _ _ _ _ _ _ _ _ _ _ _ _\nPages\\systemPage\\other_page.py:35: in get_find_message\n    message = WebDriverWait(self.driver, 10).until(\n_ _ _ _ _ _ _ _ _ _ _ _ _ _ _ _ _ _ _ _ _ _ _ _ _ _ _ _ _ _ _ _ _ _ _ _ _ _ _ _ _ _ _ _ _ _ _ _ _ _ _ _ _ _ _ _ _ _ _ _ _ _ _ _ _ _ _ _ _ _ _ _ _ _ _ _ _ _ _ _ _ _ _ _ _ _ _ _ _ _ _ _ _ _ _ _ _ _ _ _ _ _ _ _ _ _ _ _ _ _ _ _ _ _ _ _\n\nself = <selenium.webdriver.support.wait.WebDriverWait (session=\"bd6d77a2b456131442ca2b1927f96f81\")>, method = <function visibility_of_element_located.<locals>._predicate at 0x000001F223DC5AB0>, message = ''\n\n    def until(self, method: Callable[[D], Union[Literal[False], T]], message: str = \"\") -> T:\n        \"\"\"Wait until the method returns a value that is not False.\n    \n        Calls the method provided with the driver as an argument until the\n        return value does not evaluate to ``False``.\n    \n        Parameters:\n        -----------\n        method: callable(WebDriver)\n            - A callable object that takes a WebDriver instance as an argument.\n    \n        message: str\n            - Optional message for :exc:`TimeoutException`\n    \n        Return:\n        -------\n        object: T\n            - The result of the last call to `method`\n    \n        Raises:\n        -------\n        TimeoutException\n            - If 'method' does not return a truthy value within the WebDriverWait\n            object's timeout\n    \n        Example:\n        --------\n        >>> from selenium.webdriver.common.by import By\n        >>> from selenium.webdriver.support.ui import WebDriverWait\n        >>> from selenium.webdriver.support import expected_conditions as EC\n    \n        # Wait until an element is visible on the page\n        >>> wait = WebDriverWait(driver, 10)\n        >>> element = wait.until(EC.visibility_of_element_located((By.ID, \"exampleId\")))\n        >>> print(element.text)\n        \"\"\"\n        screen = None\n        stacktrace = None\n    \n        end_time = time.monotonic() + self._timeout\n        while True:\n            try:\n                value = method(self._driver)\n                if value:\n                    return value\n            except self._ignored_exceptions as exc:\n                screen = getattr(exc, \"screen\", None)\n                stacktrace = getattr(exc, \"stacktrace\", None)\n            if time.monotonic() > end_time:\n                break\n            time.sleep(self._poll)\n>       raise TimeoutException(message, screen, stacktrace)\nE       selenium.common.exceptions.TimeoutException: Message: \nE       Stacktrace:\nE       Symbols not available. Dumping unresolved backtrace:\nE       \t0x7ff66d2efe35\nE       \t0x7ff66d2efe90\nE       \t0x7ff66d07139d\nE       \t0x7ff66d0c9d8e\nE       \t0x7ff66d0ca09c\nE       \t0x7ff66d11e8d7\nE       \t0x7ff66d11b61b\nE       \t0x7ff66d0bac6d\nE       \t0x7ff66d0bbae3\nE       \t0x7ff66d5ba10d\nE       \t0x7ff66d5b448a\nE       \t0x7ff66d5d5157\nE       \t0x7ff66d30a81e\nE       \t0x7ff66d31262f\nE       \t0x7ff66d2f9324\nE       \t0x7ff66d2f94df\nE       \t0x7ff66d2dee88\nE       \t0x7ff9e6a37374\nE       \t0x7ff9e86dcc91\n\nD:\\Python310\\lib\\site-packages\\selenium\\webdriver\\support\\wait.py:138: TimeoutException","flaky":false,"newFailed":false,"newBroken":false,"newPassed":false,"retriesCount":0,"retriesStatusChange":false,"beforeStages":[{"name":"login_to_modeldesign","time":{"start":1768258647484,"stop":1768258662672,"duration":15188},"status":"passed","steps":[],"attachments":[],"parameters":[],"hasContent":false,"stepsCount":0,"attachmentStep":false,"shouldDisplayMessage":false,"attachmentsCount":0}],"testStage":{"status":"broken","statusMessage":"selenium.common.exceptions.TimeoutException: Message: \nStacktrace:\nSymbols not available. Dumping unresolved backtrace:\n\t0x7ff66d2efe35\n\t0x7ff66d2efe90\n\t0x7ff66d07139d\n\t0x7ff66d0c9d8e\n\t0x7ff66d0ca09c\n\t0x7ff66d11e8d7\n\t0x7ff66d11b61b\n\t0x7ff66d0bac6d\n\t0x7ff66d0bbae3\n\t0x7ff66d5ba10d\n\t0x7ff66d5b448a\n\t0x7ff66d5d5157\n\t0x7ff66d30a81e\n\t0x7ff66d31262f\n\t0x7ff66d2f9324\n\t0x7ff66d2f94df\n\t0x7ff66d2dee88\n\t0x7ff9e6a37374\n\t0x7ff9e86dcc91","statusTrace":"self = <test_system.test_modeldesign.TestSModelDesignPage object at 0x000001F221E3CBB0>, login_to_modeldesign = <selenium.webdriver.chrome.webdriver.WebDriver (session=\"bd6d77a2b456131442ca2b1927f96f81\")>\n\n    @allure.story(\"点击保存 不报错\")\n    # @pytest.mark.run(order=1)\n    def test_modeldesign_save(self, login_to_modeldesign):\n        driver = login_to_modeldesign  # WebDriver 实例\n        model = OtherPage(driver)  # 用 driver 初始化 OtherPage\n        name = '3测试模型'\n        sleep(2)\n        model.click_button(\n            f'//div[@class=\"content-siadeNav\"]//div[@role=\"treeitem\"][1]/div[2]/div//span[text()=\" {name} \"]')\n        model.click_modeldesign_button(\"保存\")\n        model.click_del_confirm()\n>       message = model.get_find_message()\n\nTests\\test_system\\test_modeldesign.py:188: \n_ _ _ _ _ _ _ _ _ _ _ _ _ _ _ _ _ _ _ _ _ _ _ _ _ _ _ _ _ _ _ _ _ _ _ _ _ _ _ _ _ _ _ _ _ _ _ _ _ _ _ _ _ _ _ _ _ _ _ _ _ _ _ _ _ _ _ _ _ _ _ _ _ _ _ _ _ _ _ _ _ _ _ _ _ _ _ _ _ _ _ _ _ _ _ _ _ _ _ _ _ _ _ _ _ _ _ _ _ _ _ _ _ _ _ _\nPages\\systemPage\\other_page.py:35: in get_find_message\n    message = WebDriverWait(self.driver, 10).until(\n_ _ _ _ _ _ _ _ _ _ _ _ _ _ _ _ _ _ _ _ _ _ _ _ _ _ _ _ _ _ _ _ _ _ _ _ _ _ _ _ _ _ _ _ _ _ _ _ _ _ _ _ _ _ _ _ _ _ _ _ _ _ _ _ _ _ _ _ _ _ _ _ _ _ _ _ _ _ _ _ _ _ _ _ _ _ _ _ _ _ _ _ _ _ _ _ _ _ _ _ _ _ _ _ _ _ _ _ _ _ _ _ _ _ _ _\n\nself = <selenium.webdriver.support.wait.WebDriverWait (session=\"bd6d77a2b456131442ca2b1927f96f81\")>, method = <function visibility_of_element_located.<locals>._predicate at 0x000001F223DC5AB0>, message = ''\n\n    def until(self, method: Callable[[D], Union[Literal[False], T]], message: str = \"\") -> T:\n        \"\"\"Wait until the method returns a value that is not False.\n    \n        Calls the method provided with the driver as an argument until the\n        return value does not evaluate to ``False``.\n    \n        Parameters:\n        -----------\n        method: callable(WebDriver)\n            - A callable object that takes a WebDriver instance as an argument.\n    \n        message: str\n            - Optional message for :exc:`TimeoutException`\n    \n        Return:\n        -------\n        object: T\n            - The result of the last call to `method`\n    \n        Raises:\n        -------\n        TimeoutException\n            - If 'method' does not return a truthy value within the WebDriverWait\n            object's timeout\n    \n        Example:\n        --------\n        >>> from selenium.webdriver.common.by import By\n        >>> from selenium.webdriver.support.ui import WebDriverWait\n        >>> from selenium.webdriver.support import expected_conditions as EC\n    \n        # Wait until an element is visible on the page\n        >>> wait = WebDriverWait(driver, 10)\n        >>> element = wait.until(EC.visibility_of_element_located((By.ID, \"exampleId\")))\n        >>> print(element.text)\n        \"\"\"\n        screen = None\n        stacktrace = None\n    \n        end_time = time.monotonic() + self._timeout\n        while True:\n            try:\n                value = method(self._driver)\n                if value:\n                    return value\n            except self._ignored_exceptions as exc:\n                screen = getattr(exc, \"screen\", None)\n                stacktrace = getattr(exc, \"stacktrace\", None)\n            if time.monotonic() > end_time:\n                break\n            time.sleep(self._poll)\n>       raise TimeoutException(message, screen, stacktrace)\nE       selenium.common.exceptions.TimeoutException: Message: \nE       Stacktrace:\nE       Symbols not available. Dumping unresolved backtrace:\nE       \t0x7ff66d2efe35\nE       \t0x7ff66d2efe90\nE       \t0x7ff66d07139d\nE       \t0x7ff66d0c9d8e\nE       \t0x7ff66d0ca09c\nE       \t0x7ff66d11e8d7\nE       \t0x7ff66d11b61b\nE       \t0x7ff66d0bac6d\nE       \t0x7ff66d0bbae3\nE       \t0x7ff66d5ba10d\nE       \t0x7ff66d5b448a\nE       \t0x7ff66d5d5157\nE       \t0x7ff66d30a81e\nE       \t0x7ff66d31262f\nE       \t0x7ff66d2f9324\nE       \t0x7ff66d2f94df\nE       \t0x7ff66d2dee88\nE       \t0x7ff9e6a37374\nE       \t0x7ff9e86dcc91\n\nD:\\Python310\\lib\\site-packages\\selenium\\webdriver\\support\\wait.py:138: TimeoutException","steps":[],"attachments":[{"uid":"405f6264227c6816","name":"test_modeldesign_save_20260113_065755","source":"405f6264227c6816.png","type":"image/png","size":8073},{"uid":"33a7d9a363e3253d","name":"test_modeldesign_save_20260113_065755","source":"33a7d9a363e3253d.png","type":"image/png","size":19252},{"uid":"9e714eba5468359d","name":"test_modeldesign_save_20260113_065755","source":"9e714eba5468359d.png","type":"image/png","size":19252},{"uid":"9bd469eca9b4ea03","name":"test_modeldesign_save_20260113_065755","source":"9bd469eca9b4ea03.png","type":"image/png","size":19252},{"uid":"507022a681992dec","name":"test_modeldesign_save_20260113_065755","source":"507022a681992dec.png","type":"image/png","size":19252},{"uid":"65901b758e7b62fc","name":"test_modeldesign_save_20260113_065755","source":"65901b758e7b62fc.png","type":"image/png","size":19252},{"uid":"53de1f7e82d1bf61","name":"test_modeldesign_save_20260113_065755","source":"53de1f7e82d1bf61.png","type":"image/png","size":19252},{"uid":"dcc92b7393ee4ace","name":"test_modeldesign_save_20260113_065756","source":"dcc92b7393ee4ace.png","type":"image/png","size":25727},{"uid":"96cd6be4d12b7a4f","name":"test_modeldesign_save_20260113_065756","source":"96cd6be4d12b7a4f.png","type":"image/png","size":19252},{"uid":"77aebac143769a10","name":"test_modeldesign_save_20260113_065756","source":"77aebac143769a10.png","type":"image/png","size":65648},{"uid":"f4db4af345e41b1d","name":"log","source":"f4db4af345e41b1d.txt","type":"text/plain","size":1715}],"parameters":[],"hasContent":true,"stepsCount":0,"attachmentStep":false,"shouldDisplayMessage":true,"attachmentsCount":11},"afterStages":[{"name":"login_to_modeldesign::0","time":{"start":1768258676409,"stop":1768258678566,"duration":2157},"status":"passed","steps":[],"attachments":[],"parameters":[],"hasContent":false,"stepsCount":0,"attachmentStep":false,"shouldDisplayMessage":false,"attachmentsCount":0}],"labels":[{"name":"story","value":"点击保存 不报错"},{"name":"feature","value":"模型设计页用例"},{"name":"parentSuite","value":"Tests.test_system"},{"name":"suite","value":"test_modeldesign"},{"name":"subSuite","value":"TestSModelDesignPage"},{"name":"host","value":"DESKTOP-L7L44NB"},{"name":"thread","value":"11696-MainThread"},{"name":"framework","value":"pytest"},{"name":"language","value":"cpython3"},{"name":"package","value":"Tests.test_system.test_modeldesign"},{"name":"resultFormat","value":"allure2"}],"parameters":[],"links":[],"hidden":true,"retry":true,"extra":{"categories":[],"tags":[]},"source":"bd9fc5520967f474.json","parameterValues":[]}