{"uid":"c454bc2893b64573","name":"test_changespec_addall","fullName":"Tests.test_items.test_changespec.TestChangeSpecPage#test_changespec_addall","historyId":"6f85f63032f9d4a4bf1e2d2f2811dff6","time":{"start":1764863624229,"stop":1764863676107,"duration":51878},"status":"broken","statusMessage":"selenium.common.exceptions.NoSuchElementException: Message: 元素未找到（XPath列表第5个）: //label[text()=\"切换时间调整表达式\"]/following-sibling::div//input; For documentation on this error, please visit: https://www.selenium.dev/documentation/webdriver/troubleshooting/errors#no-such-element-exception","statusTrace":"self = <Pages.itemsPage.adds_page.AddsPages object at 0x000001676ADA8430>\nxpath_list = ['//label[text()=\"备注\"]/following-sibling::div//input', '//label[text()=\"资源\"]/following-sibling::div//input', '//label[...//label[text()=\"切换时间调整表达式\"]/following-sibling::div//input', '//label[text()=\"优先度\"]/following-sibling::div//input', ...]\ntext_value = ''\n\n    def batch_acquisition_input(self, xpath_list=[], text_value=\"\"):\n        \"\"\"批量获取输入框\"\"\"\n        values = []\n        for index, xpath in enumerate(xpath_list, 1):\n            try:\n>               value = self.get_find_element_xpath(xpath).get_attribute(\"value\")\n\nPages\\itemsPage\\adds_page.py:106: \n_ _ _ _ _ _ _ _ _ _ _ _ _ _ _ _ _ _ _ _ _ _ _ _ _ _ _ _ _ _ _ _ _ _ _ _ _ _ _ _ _ _ _ _ _ _ _ _ _ _ _ _ _ _ _ _ _ _ _ _ _ _ _ _ _ _ _ _ _ _ _ _ _ _ _ _ _ _ _ _ _ _ _ _ _ _ _ _ _ _ _ _ _ _ _ _ _ _ _ _ _ _ _ _ _ _ _ _ _ _ _ _ _ _ _ _\nPages\\itemsPage\\adds_page.py:27: in get_find_element_xpath\n    return self.find_element(By.XPATH, xpath)\nPages\\base_page.py:28: in find_element\n    return WebDriverWait(self.driver, wait_time).until(\n_ _ _ _ _ _ _ _ _ _ _ _ _ _ _ _ _ _ _ _ _ _ _ _ _ _ _ _ _ _ _ _ _ _ _ _ _ _ _ _ _ _ _ _ _ _ _ _ _ _ _ _ _ _ _ _ _ _ _ _ _ _ _ _ _ _ _ _ _ _ _ _ _ _ _ _ _ _ _ _ _ _ _ _ _ _ _ _ _ _ _ _ _ _ _ _ _ _ _ _ _ _ _ _ _ _ _ _ _ _ _ _ _ _ _ _\n\nself = <selenium.webdriver.support.wait.WebDriverWait (session=\"e7e42da2114caf66738fce5f7d356a49\")>, method = <function presence_of_element_located.<locals>._predicate at 0x000001676B569360>, message = ''\n\n    def until(self, method: Callable[[D], Union[Literal[False], T]], message: str = \"\") -> T:\n        \"\"\"Wait until the method returns a value that is not False.\n    \n        Calls the method provided with the driver as an argument until the\n        return value does not evaluate to ``False``.\n    \n        Parameters:\n        -----------\n        method: callable(WebDriver)\n            - A callable object that takes a WebDriver instance as an argument.\n    \n        message: str\n            - Optional message for :exc:`TimeoutException`\n    \n        Return:\n        -------\n        object: T\n            - The result of the last call to `method`\n    \n        Raises:\n        -------\n        TimeoutException\n            - If 'method' does not return a truthy value within the WebDriverWait\n            object's timeout\n    \n        Example:\n        --------\n        >>> from selenium.webdriver.common.by import By\n        >>> from selenium.webdriver.support.ui import WebDriverWait\n        >>> from selenium.webdriver.support import expected_conditions as EC\n    \n        # Wait until an element is visible on the page\n        >>> wait = WebDriverWait(driver, 10)\n        >>> element = wait.until(EC.visibility_of_element_located((By.ID, \"exampleId\")))\n        >>> print(element.text)\n        \"\"\"\n        screen = None\n        stacktrace = None\n    \n        end_time = time.monotonic() + self._timeout\n        while True:\n            try:\n                value = method(self._driver)\n                if value:\n                    return value\n            except self._ignored_exceptions as exc:\n                screen = getattr(exc, \"screen\", None)\n                stacktrace = getattr(exc, \"stacktrace\", None)\n            if time.monotonic() > end_time:\n                break\n            time.sleep(self._poll)\n>       raise TimeoutException(message, screen, stacktrace)\nE       selenium.common.exceptions.TimeoutException: Message: \nE       Stacktrace:\nE       Symbols not available. Dumping unresolved backtrace:\nE       \t0x7ff6f6d5fe35\nE       \t0x7ff6f6d5fe90\nE       \t0x7ff6f6ae139d\nE       \t0x7ff6f6b39d8e\nE       \t0x7ff6f6b3a09c\nE       \t0x7ff6f6b8e8d7\nE       \t0x7ff6f6b8b61b\nE       \t0x7ff6f6b2ac6d\nE       \t0x7ff6f6b2bae3\nE       \t0x7ff6f702a10d\nE       \t0x7ff6f702448a\nE       \t0x7ff6f7045157\nE       \t0x7ff6f6d7a81e\nE       \t0x7ff6f6d8262f\nE       \t0x7ff6f6d69324\nE       \t0x7ff6f6d694df\nE       \t0x7ff6f6d4ee88\nE       \t0x7ffc369c7374\nE       \t0x7ffc382fcc91\n\nD:\\Python310\\lib\\site-packages\\selenium\\webdriver\\support\\wait.py:138: TimeoutException\n\nDuring handling of the above exception, another exception occurred:\n\nself = <test_items.test_changespec.TestChangeSpecPage object at 0x000001676A486080>, login_to_changespec = <selenium.webdriver.chrome.webdriver.WebDriver (session=\"e7e42da2114caf66738fce5f7d356a49\")>\n\n    @allure.story(\"输入全部数据，添加保存成功\")\n    # @pytest.mark.run(order=1)\n    def test_changespec_addall(self, login_to_changespec):\n        driver = login_to_changespec  # WebDriver 实例\n        change = ChangeR(driver)  # 用 driver 初始化 ChangeR\n        adds = AddsPages(driver)\n        input_value = '11测试全部数据'\n        change.click_add_button()\n        text_list = [\n            '//label[text()=\"备注\"]/following-sibling::div//input',\n        ]\n        adds.batch_modify_input(text_list, input_value)\n    \n        value_bos = '(//div[@class=\"vxe-modal--body\"]//table[@class=\"vxe-table--body\"]//tr[1]/td[2])[2]/div/span'\n        box_list = [\n            '//label[text()=\"资源\"]/following-sibling::div//i',\n            '//label[text()=\"前生产特征\"]/following-sibling::div//i',\n            '//label[text()=\"后生产特征\"]/following-sibling::div//i',\n        ]\n        adds.batch_modify_dialog_box(box_list, value_bos)\n        resource_value = change.get_find_element_xpath('//label[text()=\"资源\"]/following-sibling::div//input').get_attribute(\"value\")\n    \n        code_value = '//span[text()=\"AdvanceAlongResourceWorkingTime\"]'\n        code_list = [\n            '//label[text()=\"切换时间调整表达式\"]/following-sibling::div//i',\n        ]\n        adds.batch_modify_code_box(code_list, code_value)\n    \n        input_num_value = '1'\n        num_list = [\n            '//label[text()=\"优先度\"]/following-sibling::div//input',\n            '//label[text()=\"切换时间(分钟)\"]/following-sibling::div//input',\n        ]\n        adds.batch_modify_input(num_list, input_num_value)\n    \n        box_input_list = [xpath.replace(\"//i\", \"//input\") for xpath in box_list]\n        code_input_list = [xpath.replace(\"//i\", \"//input\") for xpath in code_list]\n        all_value = text_list + box_input_list + code_input_list + num_list\n        len_num = len(all_value)\n>       before_all_value = adds.batch_acquisition_input(all_value)\n\nTests\\test_items\\test_changespec.py:1027: \n_ _ _ _ _ _ _ _ _ _ _ _ _ _ _ _ _ _ _ _ _ _ _ _ _ _ _ _ _ _ _ _ _ _ _ _ _ _ _ _ _ _ _ _ _ _ _ _ _ _ _ _ _ _ _ _ _ _ _ _ _ _ _ _ _ _ _ _ _ _ _ _ _ _ _ _ _ _ _ _ _ _ _ _ _ _ _ _ _ _ _ _ _ _ _ _ _ _ _ _ _ _ _ _ _ _ _ _ _ _ _ _ _ _ _ _\n\nself = <Pages.itemsPage.adds_page.AddsPages object at 0x000001676ADA8430>\nxpath_list = ['//label[text()=\"备注\"]/following-sibling::div//input', '//label[text()=\"资源\"]/following-sibling::div//input', '//label[...//label[text()=\"切换时间调整表达式\"]/following-sibling::div//input', '//label[text()=\"优先度\"]/following-sibling::div//input', ...]\ntext_value = ''\n\n    def batch_acquisition_input(self, xpath_list=[], text_value=\"\"):\n        \"\"\"批量获取输入框\"\"\"\n        values = []\n        for index, xpath in enumerate(xpath_list, 1):\n            try:\n                value = self.get_find_element_xpath(xpath).get_attribute(\"value\")\n                values.append(value)\n    \n            except TimeoutException:\n>               raise NoSuchElementException(\n                    f\"元素未找到（XPath列表第{index}个）: {xpath}\"\n                )\nE               selenium.common.exceptions.NoSuchElementException: Message: 元素未找到（XPath列表第5个）: //label[text()=\"切换时间调整表达式\"]/following-sibling::div//input; For documentation on this error, please visit: https://www.selenium.dev/documentation/webdriver/troubleshooting/errors#no-such-element-exception\n\nPages\\itemsPage\\adds_page.py:110: NoSuchElementException","flaky":false,"newFailed":false,"newBroken":false,"newPassed":false,"retriesCount":0,"retriesStatusChange":false,"beforeStages":[{"name":"login_to_changespec","time":{"start":1764863605811,"stop":1764863624229,"duration":18418},"status":"passed","steps":[],"attachments":[],"parameters":[],"hasContent":false,"attachmentStep":false,"stepsCount":0,"shouldDisplayMessage":false,"attachmentsCount":0}],"testStage":{"status":"broken","statusMessage":"selenium.common.exceptions.NoSuchElementException: Message: 元素未找到（XPath列表第5个）: //label[text()=\"切换时间调整表达式\"]/following-sibling::div//input; For documentation on this error, please visit: https://www.selenium.dev/documentation/webdriver/troubleshooting/errors#no-such-element-exception","statusTrace":"self = <Pages.itemsPage.adds_page.AddsPages object at 0x000001676ADA8430>\nxpath_list = ['//label[text()=\"备注\"]/following-sibling::div//input', '//label[text()=\"资源\"]/following-sibling::div//input', '//label[...//label[text()=\"切换时间调整表达式\"]/following-sibling::div//input', '//label[text()=\"优先度\"]/following-sibling::div//input', ...]\ntext_value = ''\n\n    def batch_acquisition_input(self, xpath_list=[], text_value=\"\"):\n        \"\"\"批量获取输入框\"\"\"\n        values = []\n        for index, xpath in enumerate(xpath_list, 1):\n            try:\n>               value = self.get_find_element_xpath(xpath).get_attribute(\"value\")\n\nPages\\itemsPage\\adds_page.py:106: \n_ _ _ _ _ _ _ _ _ _ _ _ _ _ _ _ _ _ _ _ _ _ _ _ _ _ _ _ _ _ _ _ _ _ _ _ _ _ _ _ _ _ _ _ _ _ _ _ _ _ _ _ _ _ _ _ _ _ _ _ _ _ _ _ _ _ _ _ _ _ _ _ _ _ _ _ _ _ _ _ _ _ _ _ _ _ _ _ _ _ _ _ _ _ _ _ _ _ _ _ _ _ _ _ _ _ _ _ _ _ _ _ _ _ _ _\nPages\\itemsPage\\adds_page.py:27: in get_find_element_xpath\n    return self.find_element(By.XPATH, xpath)\nPages\\base_page.py:28: in find_element\n    return WebDriverWait(self.driver, wait_time).until(\n_ _ _ _ _ _ _ _ _ _ _ _ _ _ _ _ _ _ _ _ _ _ _ _ _ _ _ _ _ _ _ _ _ _ _ _ _ _ _ _ _ _ _ _ _ _ _ _ _ _ _ _ _ _ _ _ _ _ _ _ _ _ _ _ _ _ _ _ _ _ _ _ _ _ _ _ _ _ _ _ _ _ _ _ _ _ _ _ _ _ _ _ _ _ _ _ _ _ _ _ _ _ _ _ _ _ _ _ _ _ _ _ _ _ _ _\n\nself = <selenium.webdriver.support.wait.WebDriverWait (session=\"e7e42da2114caf66738fce5f7d356a49\")>, method = <function presence_of_element_located.<locals>._predicate at 0x000001676B569360>, message = ''\n\n    def until(self, method: Callable[[D], Union[Literal[False], T]], message: str = \"\") -> T:\n        \"\"\"Wait until the method returns a value that is not False.\n    \n        Calls the method provided with the driver as an argument until the\n        return value does not evaluate to ``False``.\n    \n        Parameters:\n        -----------\n        method: callable(WebDriver)\n            - A callable object that takes a WebDriver instance as an argument.\n    \n        message: str\n            - Optional message for :exc:`TimeoutException`\n    \n        Return:\n        -------\n        object: T\n            - The result of the last call to `method`\n    \n        Raises:\n        -------\n        TimeoutException\n            - If 'method' does not return a truthy value within the WebDriverWait\n            object's timeout\n    \n        Example:\n        --------\n        >>> from selenium.webdriver.common.by import By\n        >>> from selenium.webdriver.support.ui import WebDriverWait\n        >>> from selenium.webdriver.support import expected_conditions as EC\n    \n        # Wait until an element is visible on the page\n        >>> wait = WebDriverWait(driver, 10)\n        >>> element = wait.until(EC.visibility_of_element_located((By.ID, \"exampleId\")))\n        >>> print(element.text)\n        \"\"\"\n        screen = None\n        stacktrace = None\n    \n        end_time = time.monotonic() + self._timeout\n        while True:\n            try:\n                value = method(self._driver)\n                if value:\n                    return value\n            except self._ignored_exceptions as exc:\n                screen = getattr(exc, \"screen\", None)\n                stacktrace = getattr(exc, \"stacktrace\", None)\n            if time.monotonic() > end_time:\n                break\n            time.sleep(self._poll)\n>       raise TimeoutException(message, screen, stacktrace)\nE       selenium.common.exceptions.TimeoutException: Message: \nE       Stacktrace:\nE       Symbols not available. Dumping unresolved backtrace:\nE       \t0x7ff6f6d5fe35\nE       \t0x7ff6f6d5fe90\nE       \t0x7ff6f6ae139d\nE       \t0x7ff6f6b39d8e\nE       \t0x7ff6f6b3a09c\nE       \t0x7ff6f6b8e8d7\nE       \t0x7ff6f6b8b61b\nE       \t0x7ff6f6b2ac6d\nE       \t0x7ff6f6b2bae3\nE       \t0x7ff6f702a10d\nE       \t0x7ff6f702448a\nE       \t0x7ff6f7045157\nE       \t0x7ff6f6d7a81e\nE       \t0x7ff6f6d8262f\nE       \t0x7ff6f6d69324\nE       \t0x7ff6f6d694df\nE       \t0x7ff6f6d4ee88\nE       \t0x7ffc369c7374\nE       \t0x7ffc382fcc91\n\nD:\\Python310\\lib\\site-packages\\selenium\\webdriver\\support\\wait.py:138: TimeoutException\n\nDuring handling of the above exception, another exception occurred:\n\nself = <test_items.test_changespec.TestChangeSpecPage object at 0x000001676A486080>, login_to_changespec = <selenium.webdriver.chrome.webdriver.WebDriver (session=\"e7e42da2114caf66738fce5f7d356a49\")>\n\n    @allure.story(\"输入全部数据，添加保存成功\")\n    # @pytest.mark.run(order=1)\n    def test_changespec_addall(self, login_to_changespec):\n        driver = login_to_changespec  # WebDriver 实例\n        change = ChangeR(driver)  # 用 driver 初始化 ChangeR\n        adds = AddsPages(driver)\n        input_value = '11测试全部数据'\n        change.click_add_button()\n        text_list = [\n            '//label[text()=\"备注\"]/following-sibling::div//input',\n        ]\n        adds.batch_modify_input(text_list, input_value)\n    \n        value_bos = '(//div[@class=\"vxe-modal--body\"]//table[@class=\"vxe-table--body\"]//tr[1]/td[2])[2]/div/span'\n        box_list = [\n            '//label[text()=\"资源\"]/following-sibling::div//i',\n            '//label[text()=\"前生产特征\"]/following-sibling::div//i',\n            '//label[text()=\"后生产特征\"]/following-sibling::div//i',\n        ]\n        adds.batch_modify_dialog_box(box_list, value_bos)\n        resource_value = change.get_find_element_xpath('//label[text()=\"资源\"]/following-sibling::div//input').get_attribute(\"value\")\n    \n        code_value = '//span[text()=\"AdvanceAlongResourceWorkingTime\"]'\n        code_list = [\n            '//label[text()=\"切换时间调整表达式\"]/following-sibling::div//i',\n        ]\n        adds.batch_modify_code_box(code_list, code_value)\n    \n        input_num_value = '1'\n        num_list = [\n            '//label[text()=\"优先度\"]/following-sibling::div//input',\n            '//label[text()=\"切换时间(分钟)\"]/following-sibling::div//input',\n        ]\n        adds.batch_modify_input(num_list, input_num_value)\n    \n        box_input_list = [xpath.replace(\"//i\", \"//input\") for xpath in box_list]\n        code_input_list = [xpath.replace(\"//i\", \"//input\") for xpath in code_list]\n        all_value = text_list + box_input_list + code_input_list + num_list\n        len_num = len(all_value)\n>       before_all_value = adds.batch_acquisition_input(all_value)\n\nTests\\test_items\\test_changespec.py:1027: \n_ _ _ _ _ _ _ _ _ _ _ _ _ _ _ _ _ _ _ _ _ _ _ _ _ _ _ _ _ _ _ _ _ _ _ _ _ _ _ _ _ _ _ _ _ _ _ _ _ _ _ _ _ _ _ _ _ _ _ _ _ _ _ _ _ _ _ _ _ _ _ _ _ _ _ _ _ _ _ _ _ _ _ _ _ _ _ _ _ _ _ _ _ _ _ _ _ _ _ _ _ _ _ _ _ _ _ _ _ _ _ _ _ _ _ _\n\nself = <Pages.itemsPage.adds_page.AddsPages object at 0x000001676ADA8430>\nxpath_list = ['//label[text()=\"备注\"]/following-sibling::div//input', '//label[text()=\"资源\"]/following-sibling::div//input', '//label[...//label[text()=\"切换时间调整表达式\"]/following-sibling::div//input', '//label[text()=\"优先度\"]/following-sibling::div//input', ...]\ntext_value = ''\n\n    def batch_acquisition_input(self, xpath_list=[], text_value=\"\"):\n        \"\"\"批量获取输入框\"\"\"\n        values = []\n        for index, xpath in enumerate(xpath_list, 1):\n            try:\n                value = self.get_find_element_xpath(xpath).get_attribute(\"value\")\n                values.append(value)\n    \n            except TimeoutException:\n>               raise NoSuchElementException(\n                    f\"元素未找到（XPath列表第{index}个）: {xpath}\"\n                )\nE               selenium.common.exceptions.NoSuchElementException: Message: 元素未找到（XPath列表第5个）: //label[text()=\"切换时间调整表达式\"]/following-sibling::div//input; For documentation on this error, please visit: https://www.selenium.dev/documentation/webdriver/troubleshooting/errors#no-such-element-exception\n\nPages\\itemsPage\\adds_page.py:110: NoSuchElementException","steps":[],"attachments":[{"uid":"5767af47d58d3f51","name":"test_changespec_addall_failure","source":"5767af47d58d3f51.png","type":"image/png","size":80964},{"uid":"ef7bf3bf9399c47d","name":"test_changespec_addall_source","source":"ef7bf3bf9399c47d.html","type":"text/html","size":1055719},{"uid":"eef803c411728151","name":"log","source":"eef803c411728151.txt","type":"text/plain","size":4465}],"parameters":[],"hasContent":true,"attachmentStep":false,"stepsCount":0,"shouldDisplayMessage":true,"attachmentsCount":3},"afterStages":[{"name":"login_to_changespec::0","time":{"start":1764863676378,"stop":1764863678500,"duration":2122},"status":"passed","steps":[],"attachments":[],"parameters":[],"hasContent":false,"attachmentStep":false,"stepsCount":0,"shouldDisplayMessage":false,"attachmentsCount":0}],"labels":[{"name":"feature","value":"生产特征切换表测试用例"},{"name":"story","value":"输入全部数据，添加保存成功"},{"name":"parentSuite","value":"Tests.test_items"},{"name":"suite","value":"test_changespec"},{"name":"subSuite","value":"TestChangeSpecPage"},{"name":"host","value":"DESKTOP-L7L44NB"},{"name":"thread","value":"10972-MainThread"},{"name":"framework","value":"pytest"},{"name":"language","value":"cpython3"},{"name":"package","value":"Tests.test_items.test_changespec"},{"name":"resultFormat","value":"allure2"}],"parameters":[],"links":[],"hidden":true,"retry":true,"extra":{"categories":[],"tags":[]},"source":"c454bc2893b64573.json","parameterValues":[]}