{"uid":"c66cf1e2bc6ac957","name":"test_home_add_template_repeat","fullName":"Tests.test_system.test_home.TestHomePage#test_home_add_template_repeat","historyId":"b27552da9164e8d404aef2123fffe2bd","time":{"start":1769627084802,"stop":1769627101132,"duration":16330},"status":"broken","statusMessage":"selenium.common.exceptions.TimeoutException: Message: \nStacktrace:\nSymbols not available. Dumping unresolved backtrace:\n\t0x7ff7a57dfe35\n\t0x7ff7a57dfe90\n\t0x7ff7a556139d\n\t0x7ff7a55b9d8e\n\t0x7ff7a55ba09c\n\t0x7ff7a560e8d7\n\t0x7ff7a560b61b\n\t0x7ff7a55aac6d\n\t0x7ff7a55abae3\n\t0x7ff7a5aaa10d\n\t0x7ff7a5aa448a\n\t0x7ff7a5ac5157\n\t0x7ff7a57fa81e\n\t0x7ff7a580262f\n\t0x7ff7a57e9324\n\t0x7ff7a57e94df\n\t0x7ff7a57cee88\n\t0x7ffc59d27374\n\t0x7ffc5a9fcc91","statusTrace":"self = <test_system.test_home.TestHomePage object at 0x000001F11BD89990>, login_to_home = <selenium.webdriver.chrome.webdriver.WebDriver (session=\"ac8e91c55d93756d061cab62ef37b82d\")>\n\n    @allure.story(\"添加模版，重复命名，点击确定，弹出提示不允许保存\")\n    # @pytest.mark.run(order=1)\n    def test_home_add_template_repeat(self, login_to_home):\n        driver = login_to_home  # WebDriver 实例\n        home = HomePage(driver)  # 用 driver 初始化 HomePage\n        driver.execute_script(\"document.body.style.zoom='1'\")\n        home.wait_for_el_loading_mask()\n        home.click_button('(//div[@class=\"d-flex m-b-7 toolBar\"]//button)[2]')\n        home.enter_texts('//div[text()=\" 名称 \"]/following-sibling::div//input', \"测试模版confirm\")\n        home.click_button(\n            f'//div[@class=\"vxe-modal--footer\"]//span[text()=\"确定\"]')\n>       message = home.get_error_message()\n\nTests\\test_system\\test_home.py:233: \n_ _ _ _ _ _ _ _ _ _ _ _ _ _ _ _ _ _ _ _ _ _ _ _ _ _ _ _ _ _ _ _ _ _ _ _ _ _ _ _ _ _ _ _ _ _ _ _ _ _ _ _ _ _ _ _ _ _ _ _ _ _ _ _ _ _ _ _ _ _ _ _ _ _ _ _ _ _ _ _ _ _ _ _ _ _ _ _ _ _ _ _ _ _ _ _ _ _ _ _ _ _ _ _ _ _ _ _ _ _ _ _ _ _ _ _\nPages\\systemPage\\homepage_page.py:42: in get_error_message\n    message = WebDriverWait(self.driver, 10).until(\n_ _ _ _ _ _ _ _ _ _ _ _ _ _ _ _ _ _ _ _ _ _ _ _ _ _ _ _ _ _ _ _ _ _ _ _ _ _ _ _ _ _ _ _ _ _ _ _ _ _ _ _ _ _ _ _ _ _ _ _ _ _ _ _ _ _ _ _ _ _ _ _ _ _ _ _ _ _ _ _ _ _ _ _ _ _ _ _ _ _ _ _ _ _ _ _ _ _ _ _ _ _ _ _ _ _ _ _ _ _ _ _ _ _ _ _\n\nself = <selenium.webdriver.support.wait.WebDriverWait (session=\"ac8e91c55d93756d061cab62ef37b82d\")>, method = <function visibility_of_element_located.<locals>._predicate at 0x000001F11DB0B130>, message = ''\n\n    def until(self, method: Callable[[D], Union[Literal[False], T]], message: str = \"\") -> T:\n        \"\"\"Wait until the method returns a value that is not False.\n    \n        Calls the method provided with the driver as an argument until the\n        return value does not evaluate to ``False``.\n    \n        Parameters:\n        -----------\n        method: callable(WebDriver)\n            - A callable object that takes a WebDriver instance as an argument.\n    \n        message: str\n            - Optional message for :exc:`TimeoutException`\n    \n        Return:\n        -------\n        object: T\n            - The result of the last call to `method`\n    \n        Raises:\n        -------\n        TimeoutException\n            - If 'method' does not return a truthy value within the WebDriverWait\n            object's timeout\n    \n        Example:\n        --------\n        >>> from selenium.webdriver.common.by import By\n        >>> from selenium.webdriver.support.ui import WebDriverWait\n        >>> from selenium.webdriver.support import expected_conditions as EC\n    \n        # Wait until an element is visible on the page\n        >>> wait = WebDriverWait(driver, 10)\n        >>> element = wait.until(EC.visibility_of_element_located((By.ID, \"exampleId\")))\n        >>> print(element.text)\n        \"\"\"\n        screen = None\n        stacktrace = None\n    \n        end_time = time.monotonic() + self._timeout\n        while True:\n            try:\n                value = method(self._driver)\n                if value:\n                    return value\n            except self._ignored_exceptions as exc:\n                screen = getattr(exc, \"screen\", None)\n                stacktrace = getattr(exc, \"stacktrace\", None)\n            if time.monotonic() > end_time:\n                break\n            time.sleep(self._poll)\n>       raise TimeoutException(message, screen, stacktrace)\nE       selenium.common.exceptions.TimeoutException: Message: \nE       Stacktrace:\nE       Symbols not available. Dumping unresolved backtrace:\nE       \t0x7ff7a57dfe35\nE       \t0x7ff7a57dfe90\nE       \t0x7ff7a556139d\nE       \t0x7ff7a55b9d8e\nE       \t0x7ff7a55ba09c\nE       \t0x7ff7a560e8d7\nE       \t0x7ff7a560b61b\nE       \t0x7ff7a55aac6d\nE       \t0x7ff7a55abae3\nE       \t0x7ff7a5aaa10d\nE       \t0x7ff7a5aa448a\nE       \t0x7ff7a5ac5157\nE       \t0x7ff7a57fa81e\nE       \t0x7ff7a580262f\nE       \t0x7ff7a57e9324\nE       \t0x7ff7a57e94df\nE       \t0x7ff7a57cee88\nE       \t0x7ffc59d27374\nE       \t0x7ffc5a9fcc91\n\nD:\\Python310\\lib\\site-packages\\selenium\\webdriver\\support\\wait.py:138: TimeoutException","flaky":false,"newFailed":false,"newBroken":false,"newPassed":false,"retriesCount":0,"retriesStatusChange":false,"beforeStages":[{"name":"login_to_home","time":{"start":1769626912278,"stop":1769626925866,"duration":13588},"status":"passed","steps":[],"attachments":[],"parameters":[],"shouldDisplayMessage":false,"attachmentsCount":0,"hasContent":false,"stepsCount":0,"attachmentStep":false}],"testStage":{"status":"broken","statusMessage":"selenium.common.exceptions.TimeoutException: Message: \nStacktrace:\nSymbols not available. Dumping unresolved backtrace:\n\t0x7ff7a57dfe35\n\t0x7ff7a57dfe90\n\t0x7ff7a556139d\n\t0x7ff7a55b9d8e\n\t0x7ff7a55ba09c\n\t0x7ff7a560e8d7\n\t0x7ff7a560b61b\n\t0x7ff7a55aac6d\n\t0x7ff7a55abae3\n\t0x7ff7a5aaa10d\n\t0x7ff7a5aa448a\n\t0x7ff7a5ac5157\n\t0x7ff7a57fa81e\n\t0x7ff7a580262f\n\t0x7ff7a57e9324\n\t0x7ff7a57e94df\n\t0x7ff7a57cee88\n\t0x7ffc59d27374\n\t0x7ffc5a9fcc91","statusTrace":"self = <test_system.test_home.TestHomePage object at 0x000001F11BD89990>, login_to_home = <selenium.webdriver.chrome.webdriver.WebDriver (session=\"ac8e91c55d93756d061cab62ef37b82d\")>\n\n    @allure.story(\"添加模版，重复命名，点击确定，弹出提示不允许保存\")\n    # @pytest.mark.run(order=1)\n    def test_home_add_template_repeat(self, login_to_home):\n        driver = login_to_home  # WebDriver 实例\n        home = HomePage(driver)  # 用 driver 初始化 HomePage\n        driver.execute_script(\"document.body.style.zoom='1'\")\n        home.wait_for_el_loading_mask()\n        home.click_button('(//div[@class=\"d-flex m-b-7 toolBar\"]//button)[2]')\n        home.enter_texts('//div[text()=\" 名称 \"]/following-sibling::div//input', \"测试模版confirm\")\n        home.click_button(\n            f'//div[@class=\"vxe-modal--footer\"]//span[text()=\"确定\"]')\n>       message = home.get_error_message()\n\nTests\\test_system\\test_home.py:233: \n_ _ _ _ _ _ _ _ _ _ _ _ _ _ _ _ _ _ _ _ _ _ _ _ _ _ _ _ _ _ _ _ _ _ _ _ _ _ _ _ _ _ _ _ _ _ _ _ _ _ _ _ _ _ _ _ _ _ _ _ _ _ _ _ _ _ _ _ _ _ _ _ _ _ _ _ _ _ _ _ _ _ _ _ _ _ _ _ _ _ _ _ _ _ _ _ _ _ _ _ _ _ _ _ _ _ _ _ _ _ _ _ _ _ _ _\nPages\\systemPage\\homepage_page.py:42: in get_error_message\n    message = WebDriverWait(self.driver, 10).until(\n_ _ _ _ _ _ _ _ _ _ _ _ _ _ _ _ _ _ _ _ _ _ _ _ _ _ _ _ _ _ _ _ _ _ _ _ _ _ _ _ _ _ _ _ _ _ _ _ _ _ _ _ _ _ _ _ _ _ _ _ _ _ _ _ _ _ _ _ _ _ _ _ _ _ _ _ _ _ _ _ _ _ _ _ _ _ _ _ _ _ _ _ _ _ _ _ _ _ _ _ _ _ _ _ _ _ _ _ _ _ _ _ _ _ _ _\n\nself = <selenium.webdriver.support.wait.WebDriverWait (session=\"ac8e91c55d93756d061cab62ef37b82d\")>, method = <function visibility_of_element_located.<locals>._predicate at 0x000001F11DB0B130>, message = ''\n\n    def until(self, method: Callable[[D], Union[Literal[False], T]], message: str = \"\") -> T:\n        \"\"\"Wait until the method returns a value that is not False.\n    \n        Calls the method provided with the driver as an argument until the\n        return value does not evaluate to ``False``.\n    \n        Parameters:\n        -----------\n        method: callable(WebDriver)\n            - A callable object that takes a WebDriver instance as an argument.\n    \n        message: str\n            - Optional message for :exc:`TimeoutException`\n    \n        Return:\n        -------\n        object: T\n            - The result of the last call to `method`\n    \n        Raises:\n        -------\n        TimeoutException\n            - If 'method' does not return a truthy value within the WebDriverWait\n            object's timeout\n    \n        Example:\n        --------\n        >>> from selenium.webdriver.common.by import By\n        >>> from selenium.webdriver.support.ui import WebDriverWait\n        >>> from selenium.webdriver.support import expected_conditions as EC\n    \n        # Wait until an element is visible on the page\n        >>> wait = WebDriverWait(driver, 10)\n        >>> element = wait.until(EC.visibility_of_element_located((By.ID, \"exampleId\")))\n        >>> print(element.text)\n        \"\"\"\n        screen = None\n        stacktrace = None\n    \n        end_time = time.monotonic() + self._timeout\n        while True:\n            try:\n                value = method(self._driver)\n                if value:\n                    return value\n            except self._ignored_exceptions as exc:\n                screen = getattr(exc, \"screen\", None)\n                stacktrace = getattr(exc, \"stacktrace\", None)\n            if time.monotonic() > end_time:\n                break\n            time.sleep(self._poll)\n>       raise TimeoutException(message, screen, stacktrace)\nE       selenium.common.exceptions.TimeoutException: Message: \nE       Stacktrace:\nE       Symbols not available. Dumping unresolved backtrace:\nE       \t0x7ff7a57dfe35\nE       \t0x7ff7a57dfe90\nE       \t0x7ff7a556139d\nE       \t0x7ff7a55b9d8e\nE       \t0x7ff7a55ba09c\nE       \t0x7ff7a560e8d7\nE       \t0x7ff7a560b61b\nE       \t0x7ff7a55aac6d\nE       \t0x7ff7a55abae3\nE       \t0x7ff7a5aaa10d\nE       \t0x7ff7a5aa448a\nE       \t0x7ff7a5ac5157\nE       \t0x7ff7a57fa81e\nE       \t0x7ff7a580262f\nE       \t0x7ff7a57e9324\nE       \t0x7ff7a57e94df\nE       \t0x7ff7a57cee88\nE       \t0x7ffc59d27374\nE       \t0x7ffc5a9fcc91\n\nD:\\Python310\\lib\\site-packages\\selenium\\webdriver\\support\\wait.py:138: TimeoutException","steps":[],"attachments":[{"uid":"127d77ffe24b8c4d","name":"test_home_add_template_repeat_20260129_030501","source":"127d77ffe24b8c4d.png","type":"image/png","size":90036},{"uid":"4eb2abd172d01f0b","name":"log","source":"4eb2abd172d01f0b.txt","type":"text/plain","size":462}],"parameters":[],"shouldDisplayMessage":true,"attachmentsCount":2,"hasContent":true,"stepsCount":0,"attachmentStep":false},"afterStages":[{"name":"login_to_home::0","time":{"start":1769627375930,"stop":1769627378093,"duration":2163},"status":"passed","steps":[],"attachments":[],"parameters":[],"shouldDisplayMessage":false,"attachmentsCount":0,"hasContent":false,"stepsCount":0,"attachmentStep":false}],"labels":[{"name":"feature","value":"主页设置页用例"},{"name":"story","value":"添加模版，重复命名，点击确定，弹出提示不允许保存"},{"name":"parentSuite","value":"Tests.test_system"},{"name":"suite","value":"test_home"},{"name":"subSuite","value":"TestHomePage"},{"name":"host","value":"DESKTOP-L7L44NB"},{"name":"thread","value":"29932-MainThread"},{"name":"framework","value":"pytest"},{"name":"language","value":"cpython3"},{"name":"package","value":"Tests.test_system.test_home"},{"name":"resultFormat","value":"allure2"}],"parameters":[],"links":[],"hidden":true,"retry":true,"extra":{"categories":[],"tags":[]},"source":"c66cf1e2bc6ac957.json","parameterValues":[]}