{"uid":"c66f5e53a7a88a28","name":"test_affairs_log_sel3","fullName":"Tests.test_system.test_affairs.TestAffairsPage#test_affairs_log_sel3","historyId":"cccf4ab41891acb1a4334d230911651d","time":{"start":1770061407489,"stop":1770061438937,"duration":31448},"status":"failed","statusMessage":"AssertionError: assert not True\n +  where True = has_fail_message()\n +    where has_fail_message = <Pages.systemPage.affairs_page.AffairsPage object at 0x000001F87FA256C0>.has_fail_message","statusTrace":"self = <test_system.test_affairs.TestAffairsPage object at 0x000001F87ECFE050>, login_to_affairs = <selenium.webdriver.chrome.webdriver.WebDriver (session=\"14f50198672887da69128b2f300dd8ce\")>\n\n    @allure.story(\"流程日志-执行执行状态执行成功搜索成功\")\n    def test_affairs_log_sel3(self, login_to_affairs):\n        driver = login_to_affairs  # WebDriver 实例\n        affairs = AffairsPage(driver)  # 用 driver 初始化 AffairsPage\n        ptype = \"执行失败\"\n        num = 1000\n        affairs.click_process_log()\n        affairs.click_paging(num)\n        sleep(1)\n        affairs.sel_log_all(ptype=ptype)\n        list_ = []\n        cells = driver.find_elements(By.XPATH, '(//table[@class=\"el-table__body\"])[2]//tr/td[2]')\n        for cell in cells:\n            list_.append(cell.text)\n        affairs.click_reset_button()\n        assert all(ptype == t for t in list_)\n>       assert not affairs.has_fail_message()\nE       assert not True\nE        +  where True = has_fail_message()\nE        +    where has_fail_message = <Pages.systemPage.affairs_page.AffairsPage object at 0x000001F87FA256C0>.has_fail_message\n\nTests\\test_system\\test_affairs.py:1432: AssertionError","flaky":false,"newFailed":false,"newBroken":false,"newPassed":false,"retriesCount":1,"retriesStatusChange":false,"beforeStages":[{"name":"login_to_affairs","time":{"start":1770060415489,"stop":1770060432232,"duration":16743},"status":"passed","steps":[],"attachments":[],"parameters":[],"stepsCount":0,"hasContent":false,"attachmentStep":false,"shouldDisplayMessage":false,"attachmentsCount":0}],"testStage":{"status":"failed","statusMessage":"AssertionError: assert not True\n +  where True = has_fail_message()\n +    where has_fail_message = <Pages.systemPage.affairs_page.AffairsPage object at 0x000001F87FA256C0>.has_fail_message","statusTrace":"self = <test_system.test_affairs.TestAffairsPage object at 0x000001F87ECFE050>, login_to_affairs = <selenium.webdriver.chrome.webdriver.WebDriver (session=\"14f50198672887da69128b2f300dd8ce\")>\n\n    @allure.story(\"流程日志-执行执行状态执行成功搜索成功\")\n    def test_affairs_log_sel3(self, login_to_affairs):\n        driver = login_to_affairs  # WebDriver 实例\n        affairs = AffairsPage(driver)  # 用 driver 初始化 AffairsPage\n        ptype = \"执行失败\"\n        num = 1000\n        affairs.click_process_log()\n        affairs.click_paging(num)\n        sleep(1)\n        affairs.sel_log_all(ptype=ptype)\n        list_ = []\n        cells = driver.find_elements(By.XPATH, '(//table[@class=\"el-table__body\"])[2]//tr/td[2]')\n        for cell in cells:\n            list_.append(cell.text)\n        affairs.click_reset_button()\n        assert all(ptype == t for t in list_)\n>       assert not affairs.has_fail_message()\nE       assert not True\nE        +  where True = has_fail_message()\nE        +    where has_fail_message = <Pages.systemPage.affairs_page.AffairsPage object at 0x000001F87FA256C0>.has_fail_message\n\nTests\\test_system\\test_affairs.py:1432: AssertionError","steps":[],"attachments":[{"uid":"1ed0f4e95ff3f7d0","name":"test_affairs_log_sel3_20260203_034358","source":"1ed0f4e95ff3f7d0.png","type":"image/png","size":155892},{"uid":"17deaa031bc8b90e","name":"test_affairs_log_sel3_20260203_034359","source":"17deaa031bc8b90e.png","type":"image/png","size":155921},{"uid":"5ff22cc906c172","name":"test_affairs_log_sel3_20260203_034359","source":"5ff22cc906c172.png","type":"image/png","size":77111},{"uid":"f2a2a44f8a1bddac","name":"test_affairs_log_sel3_20260203_034359","source":"f2a2a44f8a1bddac.png","type":"image/png","size":115168},{"uid":"90eee90998b6ea4d","name":"log","source":"90eee90998b6ea4d.txt","type":"text/plain","size":4709}],"parameters":[],"stepsCount":0,"hasContent":true,"attachmentStep":false,"shouldDisplayMessage":true,"attachmentsCount":5},"afterStages":[{"name":"login_to_affairs::0","time":{"start":1770061724325,"stop":1770061726550,"duration":2225},"status":"passed","steps":[],"attachments":[],"parameters":[],"stepsCount":0,"hasContent":false,"attachmentStep":false,"shouldDisplayMessage":false,"attachmentsCount":0}],"labels":[{"name":"feature","value":"事务管理页用例"},{"name":"story","value":"流程日志-执行执行状态执行成功搜索成功"},{"name":"parentSuite","value":"Tests.test_system"},{"name":"suite","value":"test_affairs"},{"name":"subSuite","value":"TestAffairsPage"},{"name":"host","value":"DESKTOP-L7L44NB"},{"name":"thread","value":"32544-MainThread"},{"name":"framework","value":"pytest"},{"name":"language","value":"cpython3"},{"name":"package","value":"Tests.test_system.test_affairs"},{"name":"resultFormat","value":"allure2"}],"parameters":[],"links":[],"hidden":false,"retry":false,"extra":{"severity":"normal","retries":[{"uid":"c24043b59380715e","status":"failed","statusDetails":"AssertionError: assert not True\n +  where True = has_fail_message()\n +    where has_fail_message = <Pages.systemPage.affairs_page.AffairsPage object at 0x000001F87F2142B0>.has_fail_message","time":{"start":1770061374304,"stop":1770061406811,"duration":32507}}],"categories":[{"name":"Product defects","matchedStatuses":[]}],"tags":[]},"source":"c66f5e53a7a88a28.json","parameterValues":[]}