{"uid":"ccb1cec2113128f1","name":"test_module_ctrlM","fullName":"Tests.test_system.test_module.TestSModulePage#test_module_ctrlM","historyId":"a6ab358c4f7e7fa3b9428e9a43593e35","time":{"start":1769030243662,"stop":1769030257708,"duration":14046},"status":"broken","statusMessage":"selenium.common.exceptions.TimeoutException: Message: \nStacktrace:\nSymbols not available. Dumping unresolved backtrace:\n\t0x7ff74af1fe35\n\t0x7ff74af1fe90\n\t0x7ff74aca139d\n\t0x7ff74acf9d8e\n\t0x7ff74acfa09c\n\t0x7ff74ad4e8d7\n\t0x7ff74ad4b61b\n\t0x7ff74aceac6d\n\t0x7ff74acebae3\n\t0x7ff74b1ea10d\n\t0x7ff74b1e448a\n\t0x7ff74b205157\n\t0x7ff74af3a81e\n\t0x7ff74af4262f\n\t0x7ff74af29324\n\t0x7ff74af294df\n\t0x7ff74af0ee88\n\t0x7ff9e6a37374\n\t0x7ff9e86dcc91","statusTrace":"self = <test_system.test_module.TestSModulePage object at 0x000001934B5059C0>, login_to_module = <selenium.webdriver.chrome.webdriver.WebDriver (session=\"c41d80f840264ceb36d56f6e5a87ac4a\")>\n\n    @allure.story(\"模拟ctrl+m修改\")\n    # @pytest.mark.run(order=1)\n    def test_module_ctrlM(self, login_to_module):\n        driver = login_to_module  # WebDriver 实例\n        module = ExpressionPage(driver)  # 用 driver 初始化 ExpressionPage\n        module.click_button('//table[@class=\"vxe-table--body\"]//tr[1]//td[2]')\n        ActionChains(driver).key_down(Keys.CONTROL).send_keys('m').key_up(Keys.CONTROL).perform()\n        module.click_button('(//table[@class=\"vxe-table--body\"]//tr[1]/td[2])[2]')\n        module.enter_texts('(//table[@class=\"vxe-table--body\"]//tr[1]/td[2])[2]//input', '1没有数据修改')\n        ele1 = module.get_find_element_xpath(\n            '(//table[@class=\"vxe-table--body\"]//tr[1]/td[2])[2]//input').get_attribute(\n            \"value\")\n        module.click_button('//div[@class=\"vxe-modal--footer\"]//span[text()=\"确定\"]')\n>       module.get_find_message()\n\nTests\\test_system\\test_module.py:916: \n_ _ _ _ _ _ _ _ _ _ _ _ _ _ _ _ _ _ _ _ _ _ _ _ _ _ _ _ _ _ _ _ _ _ _ _ _ _ _ _ _ _ _ _ _ _ _ _ _ _ _ _ _ _ _ _ _ _ _ _ _ _ _ _ _ _ _ _ _ _ _ _ _ _ _ _ _ _ _ _ _ _ _ _ _ _ _ _ _ _ _ _ _ _ _ _ _ _ _ _ _ _ _ _ _ _ _ _ _ _ _ _ _ _ _ _\nPages\\systemPage\\expression_page.py:35: in get_find_message\n    message = WebDriverWait(self.driver, 10).until(\n_ _ _ _ _ _ _ _ _ _ _ _ _ _ _ _ _ _ _ _ _ _ _ _ _ _ _ _ _ _ _ _ _ _ _ _ _ _ _ _ _ _ _ _ _ _ _ _ _ _ _ _ _ _ _ _ _ _ _ _ _ _ _ _ _ _ _ _ _ _ _ _ _ _ _ _ _ _ _ _ _ _ _ _ _ _ _ _ _ _ _ _ _ _ _ _ _ _ _ _ _ _ _ _ _ _ _ _ _ _ _ _ _ _ _ _\n\nself = <selenium.webdriver.support.wait.WebDriverWait (session=\"c41d80f840264ceb36d56f6e5a87ac4a\")>, method = <function visibility_of_element_located.<locals>._predicate at 0x000001934D8C84C0>, message = ''\n\n    def until(self, method: Callable[[D], Union[Literal[False], T]], message: str = \"\") -> T:\n        \"\"\"Wait until the method returns a value that is not False.\n    \n        Calls the method provided with the driver as an argument until the\n        return value does not evaluate to ``False``.\n    \n        Parameters:\n        -----------\n        method: callable(WebDriver)\n            - A callable object that takes a WebDriver instance as an argument.\n    \n        message: str\n            - Optional message for :exc:`TimeoutException`\n    \n        Return:\n        -------\n        object: T\n            - The result of the last call to `method`\n    \n        Raises:\n        -------\n        TimeoutException\n            - If 'method' does not return a truthy value within the WebDriverWait\n            object's timeout\n    \n        Example:\n        --------\n        >>> from selenium.webdriver.common.by import By\n        >>> from selenium.webdriver.support.ui import WebDriverWait\n        >>> from selenium.webdriver.support import expected_conditions as EC\n    \n        # Wait until an element is visible on the page\n        >>> wait = WebDriverWait(driver, 10)\n        >>> element = wait.until(EC.visibility_of_element_located((By.ID, \"exampleId\")))\n        >>> print(element.text)\n        \"\"\"\n        screen = None\n        stacktrace = None\n    \n        end_time = time.monotonic() + self._timeout\n        while True:\n            try:\n                value = method(self._driver)\n                if value:\n                    return value\n            except self._ignored_exceptions as exc:\n                screen = getattr(exc, \"screen\", None)\n                stacktrace = getattr(exc, \"stacktrace\", None)\n            if time.monotonic() > end_time:\n                break\n            time.sleep(self._poll)\n>       raise TimeoutException(message, screen, stacktrace)\nE       selenium.common.exceptions.TimeoutException: Message: \nE       Stacktrace:\nE       Symbols not available. Dumping unresolved backtrace:\nE       \t0x7ff74af1fe35\nE       \t0x7ff74af1fe90\nE       \t0x7ff74aca139d\nE       \t0x7ff74acf9d8e\nE       \t0x7ff74acfa09c\nE       \t0x7ff74ad4e8d7\nE       \t0x7ff74ad4b61b\nE       \t0x7ff74aceac6d\nE       \t0x7ff74acebae3\nE       \t0x7ff74b1ea10d\nE       \t0x7ff74b1e448a\nE       \t0x7ff74b205157\nE       \t0x7ff74af3a81e\nE       \t0x7ff74af4262f\nE       \t0x7ff74af29324\nE       \t0x7ff74af294df\nE       \t0x7ff74af0ee88\nE       \t0x7ff9e6a37374\nE       \t0x7ff9e86dcc91\n\nD:\\Python310\\lib\\site-packages\\selenium\\webdriver\\support\\wait.py:138: TimeoutException","flaky":false,"newFailed":false,"newBroken":false,"newPassed":false,"retriesCount":1,"retriesStatusChange":false,"beforeStages":[{"name":"login_to_module","time":{"start":1769029822519,"stop":1769029841287,"duration":18768},"status":"passed","steps":[],"attachments":[],"parameters":[],"shouldDisplayMessage":false,"attachmentsCount":0,"stepsCount":0,"hasContent":false,"attachmentStep":false}],"testStage":{"status":"broken","statusMessage":"selenium.common.exceptions.TimeoutException: Message: \nStacktrace:\nSymbols not available. Dumping unresolved backtrace:\n\t0x7ff74af1fe35\n\t0x7ff74af1fe90\n\t0x7ff74aca139d\n\t0x7ff74acf9d8e\n\t0x7ff74acfa09c\n\t0x7ff74ad4e8d7\n\t0x7ff74ad4b61b\n\t0x7ff74aceac6d\n\t0x7ff74acebae3\n\t0x7ff74b1ea10d\n\t0x7ff74b1e448a\n\t0x7ff74b205157\n\t0x7ff74af3a81e\n\t0x7ff74af4262f\n\t0x7ff74af29324\n\t0x7ff74af294df\n\t0x7ff74af0ee88\n\t0x7ff9e6a37374\n\t0x7ff9e86dcc91","statusTrace":"self = <test_system.test_module.TestSModulePage object at 0x000001934B5059C0>, login_to_module = <selenium.webdriver.chrome.webdriver.WebDriver (session=\"c41d80f840264ceb36d56f6e5a87ac4a\")>\n\n    @allure.story(\"模拟ctrl+m修改\")\n    # @pytest.mark.run(order=1)\n    def test_module_ctrlM(self, login_to_module):\n        driver = login_to_module  # WebDriver 实例\n        module = ExpressionPage(driver)  # 用 driver 初始化 ExpressionPage\n        module.click_button('//table[@class=\"vxe-table--body\"]//tr[1]//td[2]')\n        ActionChains(driver).key_down(Keys.CONTROL).send_keys('m').key_up(Keys.CONTROL).perform()\n        module.click_button('(//table[@class=\"vxe-table--body\"]//tr[1]/td[2])[2]')\n        module.enter_texts('(//table[@class=\"vxe-table--body\"]//tr[1]/td[2])[2]//input', '1没有数据修改')\n        ele1 = module.get_find_element_xpath(\n            '(//table[@class=\"vxe-table--body\"]//tr[1]/td[2])[2]//input').get_attribute(\n            \"value\")\n        module.click_button('//div[@class=\"vxe-modal--footer\"]//span[text()=\"确定\"]')\n>       module.get_find_message()\n\nTests\\test_system\\test_module.py:916: \n_ _ _ _ _ _ _ _ _ _ _ _ _ _ _ _ _ _ _ _ _ _ _ _ _ _ _ _ _ _ _ _ _ _ _ _ _ _ _ _ _ _ _ _ _ _ _ _ _ _ _ _ _ _ _ _ _ _ _ _ _ _ _ _ _ _ _ _ _ _ _ _ _ _ _ _ _ _ _ _ _ _ _ _ _ _ _ _ _ _ _ _ _ _ _ _ _ _ _ _ _ _ _ _ _ _ _ _ _ _ _ _ _ _ _ _\nPages\\systemPage\\expression_page.py:35: in get_find_message\n    message = WebDriverWait(self.driver, 10).until(\n_ _ _ _ _ _ _ _ _ _ _ _ _ _ _ _ _ _ _ _ _ _ _ _ _ _ _ _ _ _ _ _ _ _ _ _ _ _ _ _ _ _ _ _ _ _ _ _ _ _ _ _ _ _ _ _ _ _ _ _ _ _ _ _ _ _ _ _ _ _ _ _ _ _ _ _ _ _ _ _ _ _ _ _ _ _ _ _ _ _ _ _ _ _ _ _ _ _ _ _ _ _ _ _ _ _ _ _ _ _ _ _ _ _ _ _\n\nself = <selenium.webdriver.support.wait.WebDriverWait (session=\"c41d80f840264ceb36d56f6e5a87ac4a\")>, method = <function visibility_of_element_located.<locals>._predicate at 0x000001934D8C84C0>, message = ''\n\n    def until(self, method: Callable[[D], Union[Literal[False], T]], message: str = \"\") -> T:\n        \"\"\"Wait until the method returns a value that is not False.\n    \n        Calls the method provided with the driver as an argument until the\n        return value does not evaluate to ``False``.\n    \n        Parameters:\n        -----------\n        method: callable(WebDriver)\n            - A callable object that takes a WebDriver instance as an argument.\n    \n        message: str\n            - Optional message for :exc:`TimeoutException`\n    \n        Return:\n        -------\n        object: T\n            - The result of the last call to `method`\n    \n        Raises:\n        -------\n        TimeoutException\n            - If 'method' does not return a truthy value within the WebDriverWait\n            object's timeout\n    \n        Example:\n        --------\n        >>> from selenium.webdriver.common.by import By\n        >>> from selenium.webdriver.support.ui import WebDriverWait\n        >>> from selenium.webdriver.support import expected_conditions as EC\n    \n        # Wait until an element is visible on the page\n        >>> wait = WebDriverWait(driver, 10)\n        >>> element = wait.until(EC.visibility_of_element_located((By.ID, \"exampleId\")))\n        >>> print(element.text)\n        \"\"\"\n        screen = None\n        stacktrace = None\n    \n        end_time = time.monotonic() + self._timeout\n        while True:\n            try:\n                value = method(self._driver)\n                if value:\n                    return value\n            except self._ignored_exceptions as exc:\n                screen = getattr(exc, \"screen\", None)\n                stacktrace = getattr(exc, \"stacktrace\", None)\n            if time.monotonic() > end_time:\n                break\n            time.sleep(self._poll)\n>       raise TimeoutException(message, screen, stacktrace)\nE       selenium.common.exceptions.TimeoutException: Message: \nE       Stacktrace:\nE       Symbols not available. Dumping unresolved backtrace:\nE       \t0x7ff74af1fe35\nE       \t0x7ff74af1fe90\nE       \t0x7ff74aca139d\nE       \t0x7ff74acf9d8e\nE       \t0x7ff74acfa09c\nE       \t0x7ff74ad4e8d7\nE       \t0x7ff74ad4b61b\nE       \t0x7ff74aceac6d\nE       \t0x7ff74acebae3\nE       \t0x7ff74b1ea10d\nE       \t0x7ff74b1e448a\nE       \t0x7ff74b205157\nE       \t0x7ff74af3a81e\nE       \t0x7ff74af4262f\nE       \t0x7ff74af29324\nE       \t0x7ff74af294df\nE       \t0x7ff74af0ee88\nE       \t0x7ff9e6a37374\nE       \t0x7ff9e86dcc91\n\nD:\\Python310\\lib\\site-packages\\selenium\\webdriver\\support\\wait.py:138: TimeoutException","steps":[],"attachments":[{"uid":"a680a340b526185d","name":"test_module_ctrlM_20260122_051737","source":"a680a340b526185d.png","type":"image/png","size":78656},{"uid":"9c085c71f5348552","name":"log","source":"9c085c71f5348552.txt","type":"text/plain","size":1911}],"parameters":[],"shouldDisplayMessage":true,"attachmentsCount":2,"stepsCount":0,"hasContent":true,"attachmentStep":false},"afterStages":[{"name":"login_to_module::0","time":{"start":1769030348625,"stop":1769030350771,"duration":2146},"status":"passed","steps":[],"attachments":[],"parameters":[],"shouldDisplayMessage":false,"attachmentsCount":0,"stepsCount":0,"hasContent":false,"attachmentStep":false}],"labels":[{"name":"feature","value":"模块管理页用例"},{"name":"story","value":"模拟ctrl+m修改"},{"name":"parentSuite","value":"Tests.test_system"},{"name":"suite","value":"test_module"},{"name":"subSuite","value":"TestSModulePage"},{"name":"host","value":"DESKTOP-L7L44NB"},{"name":"thread","value":"25180-MainThread"},{"name":"framework","value":"pytest"},{"name":"language","value":"cpython3"},{"name":"package","value":"Tests.test_system.test_module"},{"name":"resultFormat","value":"allure2"}],"parameters":[],"links":[],"hidden":false,"retry":false,"extra":{"severity":"normal","retries":[{"uid":"30f6133f54140fc0","status":"broken","statusDetails":"selenium.common.exceptions.TimeoutException: Message: \nStacktrace:\nSymbols not available. Dumping unresolved backtrace:\n\t0x7ff74af1fe35\n\t0x7ff74af1fe90\n\t0x7ff74aca139d\n\t0x7ff74acf9d8e\n\t0x7ff74acfa09c\n\t0x7ff74ad4e8d7\n\t0x7ff74ad4b61b\n\t0x7ff74aceac6d\n\t0x7ff74acebae3\n\t0x7ff74b1ea10d\n\t0x7ff74b1e448a\n\t0x7ff74b205157\n\t0x7ff74af3a81e\n\t0x7ff74af4262f\n\t0x7ff74af29324\n\t0x7ff74af294df\n\t0x7ff74af0ee88\n\t0x7ff9e6a37374\n\t0x7ff9e86dcc91","time":{"start":1769030229367,"stop":1769030243528,"duration":14161}}],"categories":[{"name":"Test defects","matchedStatuses":[]}],"tags":[]},"source":"ccb1cec2113128f1.json","parameterValues":[]}