{"uid":"cced26f6bd08e405","name":"test_taskdetails_select2","fullName":"Tests.test_items.test_worktasks.TestWorkTasksPage#test_taskdetails_select2","historyId":"617f1790832a1bb4743b38963ddbfd97","time":{"start":1765210727269,"stop":1765210741234,"duration":13965},"status":"failed","statusMessage":"AssertionError: assert False\n +  where False = all(<generator object TestWorkTasksPage.test_taskdetails_select2.<locals>.<genexpr> at 0x000001F32F757290>)","statusTrace":"self = <test_items.test_worktasks.TestWorkTasksPage object at 0x000001F32EC57190>, login_to_worktasks = <selenium.webdriver.chrome.webdriver.WebDriver (session=\"62d8ea584972031c51bc24124616fd6f\")>\n\n    @allure.story(\"任务明细页面过滤条件查询，设置包含条件查询成功\")\n    # @pytest.mark.run(order=1)\n    def test_taskdetails_select2(self, login_to_worktasks):\n        driver = login_to_worktasks  # WebDriver 实例\n        task = WorkTasksPage(driver)  # 用 driver 初始化 WorkTasksPage\n        task.click_button('(//span[text()=\"任务明细\"])[1]')\n        task.wait_for_loading_to_disappear()\n        name = \"1\"\n        task.click_button('//div[p[text()=\"总工时\"]]/following-sibling::div//i')\n        task.hover(\"包含\")\n        sleep(1)\n        task.enter_texts('//div[p[text()=\"总工时\"]]/following-sibling::div//input', name)\n        task.wait_for_loading_to_disappear()\n        sleep(1)\n        eles = task.finds_elements(By.XPATH, '//table[@class=\"vxe-table--body\"]//tr//td[6]')\n        sleep(1)\n        list_ = [ele.text for ele in eles]\n>       assert all(name in text for text in list_)\nE       assert False\nE        +  where False = all(<generator object TestWorkTasksPage.test_taskdetails_select2.<locals>.<genexpr> at 0x000001F32F757290>)\n\nTests\\test_items\\test_worktasks.py:184: AssertionError","flaky":false,"newFailed":false,"newBroken":false,"newPassed":false,"retriesCount":0,"retriesStatusChange":false,"beforeStages":[{"name":"login_to_worktasks","time":{"start":1765210714260,"stop":1765210727268,"duration":13008},"status":"passed","steps":[],"attachments":[],"parameters":[],"stepsCount":0,"attachmentStep":false,"hasContent":false,"attachmentsCount":0,"shouldDisplayMessage":false}],"testStage":{"status":"failed","statusMessage":"AssertionError: assert False\n +  where False = all(<generator object TestWorkTasksPage.test_taskdetails_select2.<locals>.<genexpr> at 0x000001F32F757290>)","statusTrace":"self = <test_items.test_worktasks.TestWorkTasksPage object at 0x000001F32EC57190>, login_to_worktasks = <selenium.webdriver.chrome.webdriver.WebDriver (session=\"62d8ea584972031c51bc24124616fd6f\")>\n\n    @allure.story(\"任务明细页面过滤条件查询，设置包含条件查询成功\")\n    # @pytest.mark.run(order=1)\n    def test_taskdetails_select2(self, login_to_worktasks):\n        driver = login_to_worktasks  # WebDriver 实例\n        task = WorkTasksPage(driver)  # 用 driver 初始化 WorkTasksPage\n        task.click_button('(//span[text()=\"任务明细\"])[1]')\n        task.wait_for_loading_to_disappear()\n        name = \"1\"\n        task.click_button('//div[p[text()=\"总工时\"]]/following-sibling::div//i')\n        task.hover(\"包含\")\n        sleep(1)\n        task.enter_texts('//div[p[text()=\"总工时\"]]/following-sibling::div//input', name)\n        task.wait_for_loading_to_disappear()\n        sleep(1)\n        eles = task.finds_elements(By.XPATH, '//table[@class=\"vxe-table--body\"]//tr//td[6]')\n        sleep(1)\n        list_ = [ele.text for ele in eles]\n>       assert all(name in text for text in list_)\nE       assert False\nE        +  where False = all(<generator object TestWorkTasksPage.test_taskdetails_select2.<locals>.<genexpr> at 0x000001F32F757290>)\n\nTests\\test_items\\test_worktasks.py:184: AssertionError","steps":[],"attachments":[{"uid":"2115ab29ca5f6be6","name":"test_taskdetails_select2_failure","source":"2115ab29ca5f6be6.png","type":"image/png","size":69889},{"uid":"5712cf5d6f4d0752","name":"test_taskdetails_select2_source","source":"5712cf5d6f4d0752.html","type":"text/html","size":1047327},{"uid":"c54e488e4c76da73","name":"log","source":"c54e488e4c76da73.txt","type":"text/plain","size":1520}],"parameters":[],"stepsCount":0,"attachmentStep":false,"hasContent":true,"attachmentsCount":3,"shouldDisplayMessage":true},"afterStages":[{"name":"login_to_worktasks::0","time":{"start":1765210741432,"stop":1765210743564,"duration":2132},"status":"passed","steps":[],"attachments":[],"parameters":[],"stepsCount":0,"attachmentStep":false,"hasContent":false,"attachmentsCount":0,"shouldDisplayMessage":false}],"labels":[{"name":"feature","value":"工作和任务表测试用例"},{"name":"story","value":"任务明细页面过滤条件查询，设置包含条件查询成功"},{"name":"parentSuite","value":"Tests.test_items"},{"name":"suite","value":"test_worktasks"},{"name":"subSuite","value":"TestWorkTasksPage"},{"name":"host","value":"DESKTOP-L7L44NB"},{"name":"thread","value":"23632-MainThread"},{"name":"framework","value":"pytest"},{"name":"language","value":"cpython3"},{"name":"package","value":"Tests.test_items.test_worktasks"},{"name":"resultFormat","value":"allure2"}],"parameters":[],"links":[],"hidden":true,"retry":true,"extra":{"categories":[],"tags":[]},"source":"cced26f6bd08e405.json","parameterValues":[]}