{"uid":"cecc61c3bffa37a6","name":"test_previewPlan_delete","fullName":"Tests.test_items.test_previewplan.TestPreviewPlanPage#test_previewPlan_delete","historyId":"b5a004c1e5a78d634189c0edd5495391","time":{"start":1769786538430,"stop":1769786549156,"duration":10726},"status":"broken","statusMessage":"selenium.common.exceptions.TimeoutException: Message: \nStacktrace:\nSymbols not available. Dumping unresolved backtrace:\n\t0x7ff609fefe35\n\t0x7ff609fefe90\n\t0x7ff609d7139d\n\t0x7ff609dc9d8e\n\t0x7ff609dca09c\n\t0x7ff609e1e8d7\n\t0x7ff609e1b61b\n\t0x7ff609dbac6d\n\t0x7ff609dbbae3\n\t0x7ff60a2ba10d\n\t0x7ff60a2b448a\n\t0x7ff60a2d5157\n\t0x7ff60a00a81e\n\t0x7ff60a01262f\n\t0x7ff609ff9324\n\t0x7ff609ff94df\n\t0x7ff609fdee88\n\t0x7ffc59d27374\n\t0x7ffc5a9fcc91","statusTrace":"self = <test_items.test_previewplan.TestPreviewPlanPage object at 0x0000021E304AE560>, login_to_previewPlan = <selenium.webdriver.chrome.webdriver.WebDriver (session=\"bc0d457d8fca46cbde307e143c0fe792\")>\n\n    @allure.story(\"删除工作指示成功，并且工作指示发布重新可以查询信息\")\n    # @pytest.mark.run(order=1)\n    def test_previewPlan_delete(self, login_to_previewPlan):\n        driver = login_to_previewPlan  # WebDriver 实例\n        previewPlan = PreviewPlanPage(driver)  # 用 previewPlan 初始化 PreviewPlanPage\n        operationPlan = operationPlanPage(driver)\n        shared_data = SharedDataUtil.load_data()\n        resource1 = shared_data.get(\"master_res1\")\n        resource2 = shared_data.get(\"master_res2\")\n        previewPlan.enter_texts(\n            '//div[./p[text()=\"订单代码\"]]/parent::div//input', \"1测试C订单\"\n        )\n>       ele_resource1 = previewPlan.get_find_element_xpath(\n            '//table[.//td[4]//span[text()=\"1测试C订单\"]]//tr[1]/td[7]'\n        ).text\n\nTests\\test_items\\test_previewplan.py:105: \n_ _ _ _ _ _ _ _ _ _ _ _ _ _ _ _ _ _ _ _ _ _ _ _ _ _ _ _ _ _ _ _ _ _ _ _ _ _ _ _ _ _ _ _ _ _ _ _ _ _ _ _ _ _ _ _ _ _ _ _ _ _ _ _ _ _ _ _ _ _ _ _ _ _ _ _ _ _ _ _ _ _ _ _ _ _ _ _ _ _ _ _ _ _ _ _ _ _ _ _ _ _ _ _ _ _ _ _ _ _ _ _ _ _ _ _\nPages\\itemsPage\\previewPlan_page.py:30: in get_find_element_xpath\n    return self.find_element(By.XPATH, xpath)\nPages\\base_page.py:28: in find_element\n    return WebDriverWait(self.driver, wait_time).until(\n_ _ _ _ _ _ _ _ _ _ _ _ _ _ _ _ _ _ _ _ _ _ _ _ _ _ _ _ _ _ _ _ _ _ _ _ _ _ _ _ _ _ _ _ _ _ _ _ _ _ _ _ _ _ _ _ _ _ _ _ _ _ _ _ _ _ _ _ _ _ _ _ _ _ _ _ _ _ _ _ _ _ _ _ _ _ _ _ _ _ _ _ _ _ _ _ _ _ _ _ _ _ _ _ _ _ _ _ _ _ _ _ _ _ _ _\n\nself = <selenium.webdriver.support.wait.WebDriverWait (session=\"bc0d457d8fca46cbde307e143c0fe792\")>, method = <function presence_of_element_located.<locals>._predicate at 0x0000021E312EB2E0>, message = ''\n\n    def until(self, method: Callable[[D], Union[Literal[False], T]], message: str = \"\") -> T:\n        \"\"\"Wait until the method returns a value that is not False.\n    \n        Calls the method provided with the driver as an argument until the\n        return value does not evaluate to ``False``.\n    \n        Parameters:\n        -----------\n        method: callable(WebDriver)\n            - A callable object that takes a WebDriver instance as an argument.\n    \n        message: str\n            - Optional message for :exc:`TimeoutException`\n    \n        Return:\n        -------\n        object: T\n            - The result of the last call to `method`\n    \n        Raises:\n        -------\n        TimeoutException\n            - If 'method' does not return a truthy value within the WebDriverWait\n            object's timeout\n    \n        Example:\n        --------\n        >>> from selenium.webdriver.common.by import By\n        >>> from selenium.webdriver.support.ui import WebDriverWait\n        >>> from selenium.webdriver.support import expected_conditions as EC\n    \n        # Wait until an element is visible on the page\n        >>> wait = WebDriverWait(driver, 10)\n        >>> element = wait.until(EC.visibility_of_element_located((By.ID, \"exampleId\")))\n        >>> print(element.text)\n        \"\"\"\n        screen = None\n        stacktrace = None\n    \n        end_time = time.monotonic() + self._timeout\n        while True:\n            try:\n                value = method(self._driver)\n                if value:\n                    return value\n            except self._ignored_exceptions as exc:\n                screen = getattr(exc, \"screen\", None)\n                stacktrace = getattr(exc, \"stacktrace\", None)\n            if time.monotonic() > end_time:\n                break\n            time.sleep(self._poll)\n>       raise TimeoutException(message, screen, stacktrace)\nE       selenium.common.exceptions.TimeoutException: Message: \nE       Stacktrace:\nE       Symbols not available. Dumping unresolved backtrace:\nE       \t0x7ff609fefe35\nE       \t0x7ff609fefe90\nE       \t0x7ff609d7139d\nE       \t0x7ff609dc9d8e\nE       \t0x7ff609dca09c\nE       \t0x7ff609e1e8d7\nE       \t0x7ff609e1b61b\nE       \t0x7ff609dbac6d\nE       \t0x7ff609dbbae3\nE       \t0x7ff60a2ba10d\nE       \t0x7ff60a2b448a\nE       \t0x7ff60a2d5157\nE       \t0x7ff60a00a81e\nE       \t0x7ff60a01262f\nE       \t0x7ff609ff9324\nE       \t0x7ff609ff94df\nE       \t0x7ff609fdee88\nE       \t0x7ffc59d27374\nE       \t0x7ffc5a9fcc91\n\nD:\\Python310\\lib\\site-packages\\selenium\\webdriver\\support\\wait.py:138: TimeoutException","flaky":false,"newFailed":false,"newBroken":false,"newPassed":false,"retriesCount":1,"retriesStatusChange":false,"beforeStages":[{"name":"login_to_previewPlan","time":{"start":1769786491475,"stop":1769786508230,"duration":16755},"status":"passed","steps":[],"attachments":[],"parameters":[],"attachmentsCount":0,"shouldDisplayMessage":false,"hasContent":false,"attachmentStep":false,"stepsCount":0}],"testStage":{"status":"broken","statusMessage":"selenium.common.exceptions.TimeoutException: Message: \nStacktrace:\nSymbols not available. Dumping unresolved backtrace:\n\t0x7ff609fefe35\n\t0x7ff609fefe90\n\t0x7ff609d7139d\n\t0x7ff609dc9d8e\n\t0x7ff609dca09c\n\t0x7ff609e1e8d7\n\t0x7ff609e1b61b\n\t0x7ff609dbac6d\n\t0x7ff609dbbae3\n\t0x7ff60a2ba10d\n\t0x7ff60a2b448a\n\t0x7ff60a2d5157\n\t0x7ff60a00a81e\n\t0x7ff60a01262f\n\t0x7ff609ff9324\n\t0x7ff609ff94df\n\t0x7ff609fdee88\n\t0x7ffc59d27374\n\t0x7ffc5a9fcc91","statusTrace":"self = <test_items.test_previewplan.TestPreviewPlanPage object at 0x0000021E304AE560>, login_to_previewPlan = <selenium.webdriver.chrome.webdriver.WebDriver (session=\"bc0d457d8fca46cbde307e143c0fe792\")>\n\n    @allure.story(\"删除工作指示成功，并且工作指示发布重新可以查询信息\")\n    # @pytest.mark.run(order=1)\n    def test_previewPlan_delete(self, login_to_previewPlan):\n        driver = login_to_previewPlan  # WebDriver 实例\n        previewPlan = PreviewPlanPage(driver)  # 用 previewPlan 初始化 PreviewPlanPage\n        operationPlan = operationPlanPage(driver)\n        shared_data = SharedDataUtil.load_data()\n        resource1 = shared_data.get(\"master_res1\")\n        resource2 = shared_data.get(\"master_res2\")\n        previewPlan.enter_texts(\n            '//div[./p[text()=\"订单代码\"]]/parent::div//input', \"1测试C订单\"\n        )\n>       ele_resource1 = previewPlan.get_find_element_xpath(\n            '//table[.//td[4]//span[text()=\"1测试C订单\"]]//tr[1]/td[7]'\n        ).text\n\nTests\\test_items\\test_previewplan.py:105: \n_ _ _ _ _ _ _ _ _ _ _ _ _ _ _ _ _ _ _ _ _ _ _ _ _ _ _ _ _ _ _ _ _ _ _ _ _ _ _ _ _ _ _ _ _ _ _ _ _ _ _ _ _ _ _ _ _ _ _ _ _ _ _ _ _ _ _ _ _ _ _ _ _ _ _ _ _ _ _ _ _ _ _ _ _ _ _ _ _ _ _ _ _ _ _ _ _ _ _ _ _ _ _ _ _ _ _ _ _ _ _ _ _ _ _ _\nPages\\itemsPage\\previewPlan_page.py:30: in get_find_element_xpath\n    return self.find_element(By.XPATH, xpath)\nPages\\base_page.py:28: in find_element\n    return WebDriverWait(self.driver, wait_time).until(\n_ _ _ _ _ _ _ _ _ _ _ _ _ _ _ _ _ _ _ _ _ _ _ _ _ _ _ _ _ _ _ _ _ _ _ _ _ _ _ _ _ _ _ _ _ _ _ _ _ _ _ _ _ _ _ _ _ _ _ _ _ _ _ _ _ _ _ _ _ _ _ _ _ _ _ _ _ _ _ _ _ _ _ _ _ _ _ _ _ _ _ _ _ _ _ _ _ _ _ _ _ _ _ _ _ _ _ _ _ _ _ _ _ _ _ _\n\nself = <selenium.webdriver.support.wait.WebDriverWait (session=\"bc0d457d8fca46cbde307e143c0fe792\")>, method = <function presence_of_element_located.<locals>._predicate at 0x0000021E312EB2E0>, message = ''\n\n    def until(self, method: Callable[[D], Union[Literal[False], T]], message: str = \"\") -> T:\n        \"\"\"Wait until the method returns a value that is not False.\n    \n        Calls the method provided with the driver as an argument until the\n        return value does not evaluate to ``False``.\n    \n        Parameters:\n        -----------\n        method: callable(WebDriver)\n            - A callable object that takes a WebDriver instance as an argument.\n    \n        message: str\n            - Optional message for :exc:`TimeoutException`\n    \n        Return:\n        -------\n        object: T\n            - The result of the last call to `method`\n    \n        Raises:\n        -------\n        TimeoutException\n            - If 'method' does not return a truthy value within the WebDriverWait\n            object's timeout\n    \n        Example:\n        --------\n        >>> from selenium.webdriver.common.by import By\n        >>> from selenium.webdriver.support.ui import WebDriverWait\n        >>> from selenium.webdriver.support import expected_conditions as EC\n    \n        # Wait until an element is visible on the page\n        >>> wait = WebDriverWait(driver, 10)\n        >>> element = wait.until(EC.visibility_of_element_located((By.ID, \"exampleId\")))\n        >>> print(element.text)\n        \"\"\"\n        screen = None\n        stacktrace = None\n    \n        end_time = time.monotonic() + self._timeout\n        while True:\n            try:\n                value = method(self._driver)\n                if value:\n                    return value\n            except self._ignored_exceptions as exc:\n                screen = getattr(exc, \"screen\", None)\n                stacktrace = getattr(exc, \"stacktrace\", None)\n            if time.monotonic() > end_time:\n                break\n            time.sleep(self._poll)\n>       raise TimeoutException(message, screen, stacktrace)\nE       selenium.common.exceptions.TimeoutException: Message: \nE       Stacktrace:\nE       Symbols not available. Dumping unresolved backtrace:\nE       \t0x7ff609fefe35\nE       \t0x7ff609fefe90\nE       \t0x7ff609d7139d\nE       \t0x7ff609dc9d8e\nE       \t0x7ff609dca09c\nE       \t0x7ff609e1e8d7\nE       \t0x7ff609e1b61b\nE       \t0x7ff609dbac6d\nE       \t0x7ff609dbbae3\nE       \t0x7ff60a2ba10d\nE       \t0x7ff60a2b448a\nE       \t0x7ff60a2d5157\nE       \t0x7ff60a00a81e\nE       \t0x7ff60a01262f\nE       \t0x7ff609ff9324\nE       \t0x7ff609ff94df\nE       \t0x7ff609fdee88\nE       \t0x7ffc59d27374\nE       \t0x7ffc5a9fcc91\n\nD:\\Python310\\lib\\site-packages\\selenium\\webdriver\\support\\wait.py:138: TimeoutException","steps":[],"attachments":[{"uid":"5637f3e14ededcf","name":"test_previewPlan_delete_20260130_232229","source":"5637f3e14ededcf.png","type":"image/png","size":90128},{"uid":"a205c243e9552751","name":"log","source":"a205c243e9552751.txt","type":"text/plain","size":2966}],"parameters":[],"attachmentsCount":2,"shouldDisplayMessage":true,"hasContent":true,"attachmentStep":false,"stepsCount":0},"afterStages":[{"name":"login_to_previewPlan::0","time":{"start":1769786614592,"stop":1769786616738,"duration":2146},"status":"passed","steps":[],"attachments":[],"parameters":[],"attachmentsCount":0,"shouldDisplayMessage":false,"hasContent":false,"attachmentStep":false,"stepsCount":0}],"labels":[{"name":"feature","value":"工作指示一览表测试用例"},{"name":"story","value":"删除工作指示成功，并且工作指示发布重新可以查询信息"},{"name":"parentSuite","value":"Tests.test_items"},{"name":"suite","value":"test_previewplan"},{"name":"subSuite","value":"TestPreviewPlanPage"},{"name":"host","value":"DESKTOP-L7L44NB"},{"name":"thread","value":"24728-MainThread"},{"name":"framework","value":"pytest"},{"name":"language","value":"cpython3"},{"name":"package","value":"Tests.test_items.test_previewplan"},{"name":"resultFormat","value":"allure2"}],"parameters":[],"links":[],"hidden":false,"retry":false,"extra":{"severity":"normal","retries":[{"uid":"96917a8ad956aa2b","status":"broken","statusDetails":"selenium.common.exceptions.TimeoutException: Message: \nStacktrace:\nSymbols not available. Dumping unresolved backtrace:\n\t0x7ff609fefe35\n\t0x7ff609fefe90\n\t0x7ff609d7139d\n\t0x7ff609dc9d8e\n\t0x7ff609dca09c\n\t0x7ff609e1e8d7\n\t0x7ff609e1b61b\n\t0x7ff609dbac6d\n\t0x7ff609dbbae3\n\t0x7ff60a2ba10d\n\t0x7ff60a2b448a\n\t0x7ff60a2d5157\n\t0x7ff60a00a81e\n\t0x7ff60a01262f\n\t0x7ff609ff9324\n\t0x7ff609ff94df\n\t0x7ff609fdee88\n\t0x7ffc59d27374\n\t0x7ffc5a9fcc91","time":{"start":1769786517113,"stop":1769786538276,"duration":21163}}],"categories":[{"name":"Test defects","matchedStatuses":[]}],"tags":[]},"source":"cecc61c3bffa37a6.json","parameterValues":[]}