{"uid":"cf01a2f3cf3d4ee","name":"test_affairs_process_nextsuccess2","fullName":"Tests.test_system.test_affairs.TestAffairsPage#test_affairs_process_nextsuccess2","historyId":"0e7e0bd9b114b3100dfe12aaaa06a90a","time":{"start":1768849633196,"stop":1768849657671,"duration":24475},"status":"failed","statusMessage":"AssertionError: assert ('\\u65b0\\u589e...0\\u529f\\uff01' == '\\u65b0\\u589e...0\\u529f\\uff01'\n  \n  \u001B[0m\u001B[90m \u001B[39;49;00m 新增成功！\u001B[90m\u001B[39;49;00m and 1 == 0)\n +  where 0 = len([])","statusTrace":"self = <test_system.test_affairs.TestAffairsPage object at 0x000001E2FAAADA50>, login_to_affairs = <selenium.webdriver.chrome.webdriver.WebDriver (session=\"feeb2ae6d0198b4d9d76905a4f3edfe1\")>\n\n    @allure.story(\"我的流程-频率为每天，下一步重新添加一个事务点击保存，保存成功,并且新添加的事务出现在事务模版中\")\n    # @pytest.mark.run(order=1)\n    def test_affairs_process_nextsuccess2(self, login_to_affairs):\n        driver = login_to_affairs  # WebDriver 实例\n        affairs = AffairsPage(driver)  # 用 driver 初始化 AffairsPage\n        name = \"测试流程6\"\n        process_name = \"添加事务模版1\"\n        affairs.click_process()\n        affairs.add_process(name=name, type=\"服务\", frequency=\"每天\")\n        affairs.click_button('//div[label[text()=\"是否启用\"]]/div/span')\n        sleep(2)\n        affairs.click_next()\n        value = affairs.add_process_affairs(name=process_name, add=True)\n        affairs.click_save()\n        message = affairs.get_find_message()\n        affairs.right_refresh()\n        ele1 = driver.find_elements(By.XPATH, f'//div[@class=\"template-card__title\"]/div[text()=\"{process_name}\"]')\n        affairs.click_process()\n        affairs.wait_for_el_loading_mask()\n        ele2 = affairs.finds_elements(By.XPATH, f'//table[@class=\"el-table__body\"]//tr[td[3][div[text()=\"{name}\"]]]')\n        ele3 = affairs.finds_elements(By.XPATH, f'//table[@class=\"el-table__body\"]//tr[td[2]//div[text()=\"{process_name}\"]]')\n>       assert message == \"新增成功！\" and len(ele1) == 1 == len(ele2) == len(ele3) and value[1] == process_name\nE       AssertionError: assert ('\\u65b0\\u589e...0\\u529f\\uff01' == '\\u65b0\\u589e...0\\u529f\\uff01'\nE         \nE         \u001B[0m\u001B[90m \u001B[39;49;00m 新增成功！\u001B[90m\u001B[39;49;00m and 1 == 0)\nE        +  where 0 = len([])\n\nTests\\test_system\\test_affairs.py:869: AssertionError","flaky":false,"newFailed":false,"newBroken":false,"newPassed":false,"retriesCount":0,"retriesStatusChange":false,"beforeStages":[{"name":"login_to_affairs","time":{"start":1768849620184,"stop":1768849633196,"duration":13012},"status":"passed","steps":[],"attachments":[],"parameters":[],"shouldDisplayMessage":false,"attachmentsCount":0,"attachmentStep":false,"stepsCount":0,"hasContent":false}],"testStage":{"status":"failed","statusMessage":"AssertionError: assert ('\\u65b0\\u589e...0\\u529f\\uff01' == '\\u65b0\\u589e...0\\u529f\\uff01'\n  \n  \u001B[0m\u001B[90m \u001B[39;49;00m 新增成功！\u001B[90m\u001B[39;49;00m and 1 == 0)\n +  where 0 = len([])","statusTrace":"self = <test_system.test_affairs.TestAffairsPage object at 0x000001E2FAAADA50>, login_to_affairs = <selenium.webdriver.chrome.webdriver.WebDriver (session=\"feeb2ae6d0198b4d9d76905a4f3edfe1\")>\n\n    @allure.story(\"我的流程-频率为每天，下一步重新添加一个事务点击保存，保存成功,并且新添加的事务出现在事务模版中\")\n    # @pytest.mark.run(order=1)\n    def test_affairs_process_nextsuccess2(self, login_to_affairs):\n        driver = login_to_affairs  # WebDriver 实例\n        affairs = AffairsPage(driver)  # 用 driver 初始化 AffairsPage\n        name = \"测试流程6\"\n        process_name = \"添加事务模版1\"\n        affairs.click_process()\n        affairs.add_process(name=name, type=\"服务\", frequency=\"每天\")\n        affairs.click_button('//div[label[text()=\"是否启用\"]]/div/span')\n        sleep(2)\n        affairs.click_next()\n        value = affairs.add_process_affairs(name=process_name, add=True)\n        affairs.click_save()\n        message = affairs.get_find_message()\n        affairs.right_refresh()\n        ele1 = driver.find_elements(By.XPATH, f'//div[@class=\"template-card__title\"]/div[text()=\"{process_name}\"]')\n        affairs.click_process()\n        affairs.wait_for_el_loading_mask()\n        ele2 = affairs.finds_elements(By.XPATH, f'//table[@class=\"el-table__body\"]//tr[td[3][div[text()=\"{name}\"]]]')\n        ele3 = affairs.finds_elements(By.XPATH, f'//table[@class=\"el-table__body\"]//tr[td[2]//div[text()=\"{process_name}\"]]')\n>       assert message == \"新增成功！\" and len(ele1) == 1 == len(ele2) == len(ele3) and value[1] == process_name\nE       AssertionError: assert ('\\u65b0\\u589e...0\\u529f\\uff01' == '\\u65b0\\u589e...0\\u529f\\uff01'\nE         \nE         \u001B[0m\u001B[90m \u001B[39;49;00m 新增成功！\u001B[90m\u001B[39;49;00m and 1 == 0)\nE        +  where 0 = len([])\n\nTests\\test_system\\test_affairs.py:869: AssertionError","steps":[],"attachments":[{"uid":"317ed88d0232717a","name":"test_affairs_process_nextsuccess2_20260120_030737","source":"317ed88d0232717a.png","type":"image/png","size":116691},{"uid":"60c09e56d00d11f3","name":"test_affairs_process_nextsuccess2_20260120_030737","source":"60c09e56d00d11f3.png","type":"image/png","size":116691},{"uid":"acac4863e5b7bfe3","name":"test_affairs_process_nextsuccess2_20260120_030737","source":"acac4863e5b7bfe3.png","type":"image/png","size":110848},{"uid":"d0c84404993385d8","name":"log","source":"d0c84404993385d8.txt","type":"text/plain","size":6329}],"parameters":[],"shouldDisplayMessage":true,"attachmentsCount":4,"attachmentStep":false,"stepsCount":0,"hasContent":true},"afterStages":[{"name":"login_to_affairs::0","time":{"start":1768849658019,"stop":1768849660178,"duration":2159},"status":"passed","steps":[],"attachments":[],"parameters":[],"shouldDisplayMessage":false,"attachmentsCount":0,"attachmentStep":false,"stepsCount":0,"hasContent":false}],"labels":[{"name":"story","value":"我的流程-频率为每天，下一步重新添加一个事务点击保存，保存成功,并且新添加的事务出现在事务模版中"},{"name":"feature","value":"事务管理页用例"},{"name":"parentSuite","value":"Tests.test_system"},{"name":"suite","value":"test_affairs"},{"name":"subSuite","value":"TestAffairsPage"},{"name":"host","value":"DESKTOP-L7L44NB"},{"name":"thread","value":"1124-MainThread"},{"name":"framework","value":"pytest"},{"name":"language","value":"cpython3"},{"name":"package","value":"Tests.test_system.test_affairs"},{"name":"resultFormat","value":"allure2"}],"parameters":[],"links":[],"hidden":true,"retry":true,"extra":{"categories":[],"tags":[]},"source":"cf01a2f3cf3d4ee.json","parameterValues":[]}