{"uid":"d6adb8614181297d","name":"test_process_addall","fullName":"Tests.test_items.test_process.TestProcessPage#test_process_addall","historyId":"ddce87b1a8fc9865cb9d57e5c1a64f5c","time":{"start":1767704050654,"stop":1767704063845,"duration":13191},"status":"failed","statusMessage":"AssertionError: 第6项包含断言失败：'2025' not in '2026/01/06 20:54:14'\nassert '2025' in '2026/01/06 20:54:14'\n +  where '2025' = str('2025')\n +  and   '2026/01/06 20:54:14' = str('2026/01/06 20:54:14')","statusTrace":"self = <test_items.test_process.TestProcessPage object at 0x0000024643035090>, login_to_process = <selenium.webdriver.chrome.webdriver.WebDriver (session=\"176d05195f5a2d2eb5cdf29f4c1e7668\")>\n\n    @allure.story(\"输入全部数据，添加保存成功\")\n    # @pytest.mark.run(order=1)\n    def test_process_addall(self, login_to_process):\n        driver = login_to_process  # WebDriver 实例\n        process = ProcessPage(driver)  # 用 driver 初始化 ProcessPage\n        data_list = [\"11测试全部数据\", \"20\"]\n        process.click_add_button()  # 检查点击添加\n        process.add_input_all(data_list[0], data_list[1])\n        sleep(1)\n        process.enter_texts(\n            '//p[text()=\"工序代码\"]/ancestor::div[2]//input', data_list[0]\n        )\n        # 缩放到最小（例如 70%）\n        driver.execute_script(\"document.body.style.zoom='0.7'\")\n        sleep(1)\n    \n        row_xpath = f'//tr[./td[2][.//span[text()=\"{data_list[0]}\"]]]'\n        # 获取目标行\n        target_row = driver.find_element(By.XPATH, row_xpath)\n    \n        # 获取该行下所有 td 元素\n        td_elements = target_row.find_elements(By.XPATH, \"./td\")\n        td_count = len(td_elements)\n        print(f\"该行共有 {td_count} 个 <td> 元素\")\n        columns_text = []\n        # 遍历每个 td[i]\n        # 遍历每个 td[i] 并提取文本\n        for i in range(2, td_count + 1):\n            td_xpath = f'{row_xpath}/td[{i}]'\n            sleep(0.2)\n            try:\n                td = driver.find_element(By.XPATH, td_xpath)\n            except StaleElementReferenceException:\n                print(f\"⚠️ 第 {i} 个单元格引用失效，尝试重新查找\")\n                sleep(0.2)\n                td = driver.find_element(By.XPATH, td_xpath)\n    \n            if i == 6:\n                try:\n                    label = td.find_element(By.TAG_NAME, \"label\")\n                    label_class = label.get_attribute(\"class\")\n                    print(f\"第 {i} 个单元格中 <label> 的 class 属性：{label_class}\")\n                    columns_text.append(label_class)\n                except NoSuchElementException:\n                    print(f\"⚠️ 第 {i} 个单元格中未找到 <label> 元素\")\n                    columns_text.append(\"\")\n            else:\n                text = td.text.strip()\n                print(f\"第 {i} 个单元格内容：{text}\")\n                columns_text.append(text)\n    \n        print(columns_text)\n        bef_text = [f'{data_list[0]}', f'{data_list[0]}', '2', f'{data_list[1]}', 'is--checked', f'{data_list[0]}', f'{DateDriver.username}', '2025']\n        process.right_refresh('工序')\n        assert len(columns_text) == len(bef_text), f\"长度不一致：actual={len(columns_text)}, expected={len(bef_text)}\"\n        for i, (a, e) in enumerate(zip(columns_text, bef_text)):\n            if i == 4:\n                assert str(e) in str(a), f\"第5项包含断言失败：'{e}' not in '{a}'\"\n            elif i == 7:\n>               assert str(e) in str(a), f\"第6项包含断言失败：'{e}' not in '{a}'\"\nE               AssertionError: 第6项包含断言失败：'2025' not in '2026/01/06 20:54:14'\nE               assert '2025' in '2026/01/06 20:54:14'\nE                +  where '2025' = str('2025')\nE                +  and   '2026/01/06 20:54:14' = str('2026/01/06 20:54:14')\n\nTests\\test_items\\test_process.py:964: AssertionError","flaky":false,"newFailed":false,"newBroken":false,"newPassed":false,"retriesCount":0,"retriesStatusChange":false,"beforeStages":[{"name":"login_to_process","time":{"start":1767703746831,"stop":1767703764291,"duration":17460},"status":"passed","steps":[],"attachments":[],"parameters":[],"shouldDisplayMessage":false,"attachmentsCount":0,"attachmentStep":false,"hasContent":false,"stepsCount":0}],"testStage":{"status":"failed","statusMessage":"AssertionError: 第6项包含断言失败：'2025' not in '2026/01/06 20:54:14'\nassert '2025' in '2026/01/06 20:54:14'\n +  where '2025' = str('2025')\n +  and   '2026/01/06 20:54:14' = str('2026/01/06 20:54:14')","statusTrace":"self = <test_items.test_process.TestProcessPage object at 0x0000024643035090>, login_to_process = <selenium.webdriver.chrome.webdriver.WebDriver (session=\"176d05195f5a2d2eb5cdf29f4c1e7668\")>\n\n    @allure.story(\"输入全部数据，添加保存成功\")\n    # @pytest.mark.run(order=1)\n    def test_process_addall(self, login_to_process):\n        driver = login_to_process  # WebDriver 实例\n        process = ProcessPage(driver)  # 用 driver 初始化 ProcessPage\n        data_list = [\"11测试全部数据\", \"20\"]\n        process.click_add_button()  # 检查点击添加\n        process.add_input_all(data_list[0], data_list[1])\n        sleep(1)\n        process.enter_texts(\n            '//p[text()=\"工序代码\"]/ancestor::div[2]//input', data_list[0]\n        )\n        # 缩放到最小（例如 70%）\n        driver.execute_script(\"document.body.style.zoom='0.7'\")\n        sleep(1)\n    \n        row_xpath = f'//tr[./td[2][.//span[text()=\"{data_list[0]}\"]]]'\n        # 获取目标行\n        target_row = driver.find_element(By.XPATH, row_xpath)\n    \n        # 获取该行下所有 td 元素\n        td_elements = target_row.find_elements(By.XPATH, \"./td\")\n        td_count = len(td_elements)\n        print(f\"该行共有 {td_count} 个 <td> 元素\")\n        columns_text = []\n        # 遍历每个 td[i]\n        # 遍历每个 td[i] 并提取文本\n        for i in range(2, td_count + 1):\n            td_xpath = f'{row_xpath}/td[{i}]'\n            sleep(0.2)\n            try:\n                td = driver.find_element(By.XPATH, td_xpath)\n            except StaleElementReferenceException:\n                print(f\"⚠️ 第 {i} 个单元格引用失效，尝试重新查找\")\n                sleep(0.2)\n                td = driver.find_element(By.XPATH, td_xpath)\n    \n            if i == 6:\n                try:\n                    label = td.find_element(By.TAG_NAME, \"label\")\n                    label_class = label.get_attribute(\"class\")\n                    print(f\"第 {i} 个单元格中 <label> 的 class 属性：{label_class}\")\n                    columns_text.append(label_class)\n                except NoSuchElementException:\n                    print(f\"⚠️ 第 {i} 个单元格中未找到 <label> 元素\")\n                    columns_text.append(\"\")\n            else:\n                text = td.text.strip()\n                print(f\"第 {i} 个单元格内容：{text}\")\n                columns_text.append(text)\n    \n        print(columns_text)\n        bef_text = [f'{data_list[0]}', f'{data_list[0]}', '2', f'{data_list[1]}', 'is--checked', f'{data_list[0]}', f'{DateDriver.username}', '2025']\n        process.right_refresh('工序')\n        assert len(columns_text) == len(bef_text), f\"长度不一致：actual={len(columns_text)}, expected={len(bef_text)}\"\n        for i, (a, e) in enumerate(zip(columns_text, bef_text)):\n            if i == 4:\n                assert str(e) in str(a), f\"第5项包含断言失败：'{e}' not in '{a}'\"\n            elif i == 7:\n>               assert str(e) in str(a), f\"第6项包含断言失败：'{e}' not in '{a}'\"\nE               AssertionError: 第6项包含断言失败：'2025' not in '2026/01/06 20:54:14'\nE               assert '2025' in '2026/01/06 20:54:14'\nE                +  where '2025' = str('2025')\nE                +  and   '2026/01/06 20:54:14' = str('2026/01/06 20:54:14')\n\nTests\\test_items\\test_process.py:964: AssertionError","steps":[],"attachments":[{"uid":"64abf473ab572c84","name":"test_process_addall_20260106_205423","source":"64abf473ab572c84.png","type":"image/png","size":68032},{"uid":"54355882ef5ce943","name":"log","source":"54355882ef5ce943.txt","type":"text/plain","size":1200}],"parameters":[],"shouldDisplayMessage":true,"attachmentsCount":2,"attachmentStep":false,"hasContent":true,"stepsCount":0},"afterStages":[{"name":"login_to_process::0","time":{"start":1767704214293,"stop":1767704216459,"duration":2166},"status":"passed","steps":[],"attachments":[],"parameters":[],"shouldDisplayMessage":false,"attachmentsCount":0,"attachmentStep":false,"hasContent":false,"stepsCount":0}],"labels":[{"name":"story","value":"输入全部数据，添加保存成功"},{"name":"feature","value":"工序表测试用例"},{"name":"parentSuite","value":"Tests.test_items"},{"name":"suite","value":"test_process"},{"name":"subSuite","value":"TestProcessPage"},{"name":"host","value":"DESKTOP-L7L44NB"},{"name":"thread","value":"436-MainThread"},{"name":"framework","value":"pytest"},{"name":"language","value":"cpython3"},{"name":"package","value":"Tests.test_items.test_process"},{"name":"resultFormat","value":"allure2"}],"parameters":[],"links":[],"hidden":true,"retry":true,"extra":{"categories":[],"tags":[]},"source":"d6adb8614181297d.json","parameterValues":[]}