{"uid":"d7cb5bea11484298","name":"test_production_editsele","fullName":"Tests.test_items.test_production.TestProductionPage#test_production_editsele","historyId":"12298516f1b2972c7bd37428d94520b1","time":{"start":1765987023589,"stop":1765987027711,"duration":4122},"status":"broken","statusMessage":"selenium.common.exceptions.ElementClickInterceptedException: Message: element click intercepted: Element <div data-v-4285c4d0=\"\" class=\"labelStyle cursor-pointer m-l-1\">...</div> is not clickable at point (452, 64). Other element would receive the click: <div data-v-29b89a5b=\"\" class=\"vxe-modal--wrapper type--modal is--animat lock--view is--resize is--mask is--visible is--active\" style=\"z-index: 523;\">...</div>\n  (Session info: chrome=142.0.7444.60)\nStacktrace:\nSymbols not available. Dumping unresolved backtrace:\n\t0x7ff6172afe35\n\t0x7ff6172afe90\n\t0x7ff61703139d\n\t0x7ff617091fb9\n\t0x7ff61708f93e\n\t0x7ff61708c861\n\t0x7ff61708b727\n\t0x7ff61707cf18\n\t0x7ff6170b265a\n\t0x7ff61707c7a6\n\t0x7ff6170db61b\n\t0x7ff61707ac6d\n\t0x7ff61707bae3\n\t0x7ff61757a10d\n\t0x7ff61757448a\n\t0x7ff617595157\n\t0x7ff6172ca81e\n\t0x7ff6172d262f\n\t0x7ff6172b9324\n\t0x7ff6172b94df\n\t0x7ff61729ee88\n\t0x7ffaae547374\n\t0x7ffaaedfcc91","statusTrace":"self = <test_items.test_production.TestProductionPage object at 0x000001D9FC408D90>, login_to_production = <selenium.webdriver.chrome.webdriver.WebDriver (session=\"c6ddde330c612eb73a496c2767ccacde\")>\n\n    @allure.story(\"选择下拉框成功，将开始生产改为结束\")\n    # @pytest.mark.run(order=1)\n    def test_production_editsele(self, login_to_production):\n        driver = login_to_production  # WebDriver 实例\n        production = ProductionPage(driver)  # 用 driver 初始化 ProductionPage\n        name = \"1测试C订单\"\n        production.click_button(f'//tr[./td[2]//span[text()=\"{name}:2\"]]/td[6]')\n        production.click_edi_button()\n    \n        before_input = production.get_find_element_xpath(\n            '//label[text()=\"实绩状态\"]/following-sibling::div//input'\n        ).get_attribute(\"value\")\n        production.click_button('//label[text()=\"实绩状态\"]/following-sibling::div//i')\n        production.click_button(\n            '//ul[@class=\"ivu-select-dropdown-list\" and ./li[text()=\"结束\"]]/li[text()=\"结束\"]'\n        )\n        afert_input = production.get_find_element_xpath(\n            '//label[text()=\"实绩状态\"]/following-sibling::div//input'\n        ).get_attribute(\"value\")\n        production.click_button('//div[@class=\"vxe-modal--footer\"]//span[text()=\"取消\"]')\n>       production.right_refresh(\"生产报工\")\n\nTests\\test_items\\test_production.py:612: \n_ _ _ _ _ _ _ _ _ _ _ _ _ _ _ _ _ _ _ _ _ _ _ _ _ _ _ _ _ _ _ _ _ _ _ _ _ _ _ _ _ _ _ _ _ _ _ _ _ _ _ _ _ _ _ _ _ _ _ _ _ _ _ _ _ _ _ _ _ _ _ _ _ _ _ _ _ _ _ _ _ _ _ _ _ _ _ _ _ _ _ _ _ _ _ _ _ _ _ _ _ _ _ _ _ _ _ _ _ _ _ _ _ _ _ _\nPages\\itemsPage\\production_page.py:72: in right_refresh\n    but.click()\nD:\\Python310\\lib\\site-packages\\selenium\\webdriver\\remote\\webelement.py:121: in click\n    self._execute(Command.CLICK_ELEMENT)\nD:\\Python310\\lib\\site-packages\\selenium\\webdriver\\remote\\webelement.py:574: in _execute\n    return self._parent.execute(command, params)\nD:\\Python310\\lib\\site-packages\\selenium\\webdriver\\remote\\webdriver.py:447: in execute\n    self.error_handler.check_response(response)\n_ _ _ _ _ _ _ _ _ _ _ _ _ _ _ _ _ _ _ _ _ _ _ _ _ _ _ _ _ _ _ _ _ _ _ _ _ _ _ _ _ _ _ _ _ _ _ _ _ _ _ _ _ _ _ _ _ _ _ _ _ _ _ _ _ _ _ _ _ _ _ _ _ _ _ _ _ _ _ _ _ _ _ _ _ _ _ _ _ _ _ _ _ _ _ _ _ _ _ _ _ _ _ _ _ _ _ _ _ _ _ _ _ _ _ _\n\nself = <selenium.webdriver.remote.errorhandler.ErrorHandler object at 0x000001D9FCDFD3F0>\nresponse = {'status': 400, 'value': '{\"value\":{\"error\":\"element click intercepted\",\"message\":\"element click intercepted: Element ...ff6172d262f\\\\n\\\\t0x7ff6172b9324\\\\n\\\\t0x7ff6172b94df\\\\n\\\\t0x7ff61729ee88\\\\n\\\\t0x7ffaae547374\\\\n\\\\t0x7ffaaedfcc91\\\\n\"}}'}\n\n    def check_response(self, response: Dict[str, Any]) -> None:\n        \"\"\"Checks that a JSON response from the WebDriver does not have an\n        error.\n    \n        :Args:\n         - response - The JSON response from the WebDriver server as a dictionary\n           object.\n    \n        :Raises: If the response contains an error message.\n        \"\"\"\n        status = response.get(\"status\", None)\n        if not status or status == ErrorCode.SUCCESS:\n            return\n        value = None\n        message = response.get(\"message\", \"\")\n        screen: str = response.get(\"screen\", \"\")\n        stacktrace = None\n        if isinstance(status, int):\n            value_json = response.get(\"value\", None)\n            if value_json and isinstance(value_json, str):\n                import json\n    \n                try:\n                    value = json.loads(value_json)\n                    if len(value) == 1:\n                        value = value[\"value\"]\n                    status = value.get(\"error\", None)\n                    if not status:\n                        status = value.get(\"status\", ErrorCode.UNKNOWN_ERROR)\n                        message = value.get(\"value\") or value.get(\"message\")\n                        if not isinstance(message, str):\n                            value = message\n                            message = message.get(\"message\")\n                    else:\n                        message = value.get(\"message\", None)\n                except ValueError:\n                    pass\n    \n        exception_class: Type[WebDriverException]\n        e = ErrorCode()\n        error_codes = [item for item in dir(e) if not item.startswith(\"__\")]\n        for error_code in error_codes:\n            error_info = getattr(ErrorCode, error_code)\n            if isinstance(error_info, list) and status in error_info:\n                exception_class = getattr(ExceptionMapping, error_code, WebDriverException)\n                break\n        else:\n            exception_class = WebDriverException\n    \n        if not value:\n            value = response[\"value\"]\n        if isinstance(value, str):\n            raise exception_class(value)\n        if message == \"\" and \"message\" in value:\n            message = value[\"message\"]\n    \n        screen = None  # type: ignore[assignment]\n        if \"screen\" in value:\n            screen = value[\"screen\"]\n    \n        stacktrace = None\n        st_value = value.get(\"stackTrace\") or value.get(\"stacktrace\")\n        if st_value:\n            if isinstance(st_value, str):\n                stacktrace = st_value.split(\"\\n\")\n            else:\n                stacktrace = []\n                try:\n                    for frame in st_value:\n                        line = frame.get(\"lineNumber\", \"\")\n                        file = frame.get(\"fileName\", \"<anonymous>\")\n                        if line:\n                            file = f\"{file}:{line}\"\n                        meth = frame.get(\"methodName\", \"<anonymous>\")\n                        if \"className\" in frame:\n                            meth = f\"{frame['className']}.{meth}\"\n                        msg = \"    at %s (%s)\"\n                        msg = msg % (meth, file)\n                        stacktrace.append(msg)\n                except TypeError:\n                    pass\n        if exception_class == UnexpectedAlertPresentException:\n            alert_text = None\n            if \"data\" in value:\n                alert_text = value[\"data\"].get(\"text\")\n            elif \"alert\" in value:\n                alert_text = value[\"alert\"].get(\"text\")\n            raise exception_class(message, screen, stacktrace, alert_text)  # type: ignore[call-arg]  # mypy is not smart enough here\n>       raise exception_class(message, screen, stacktrace)\nE       selenium.common.exceptions.ElementClickInterceptedException: Message: element click intercepted: Element <div data-v-4285c4d0=\"\" class=\"labelStyle cursor-pointer m-l-1\">...</div> is not clickable at point (452, 64). Other element would receive the click: <div data-v-29b89a5b=\"\" class=\"vxe-modal--wrapper type--modal is--animat lock--view is--resize is--mask is--visible is--active\" style=\"z-index: 523;\">...</div>\nE         (Session info: chrome=142.0.7444.60)\nE       Stacktrace:\nE       Symbols not available. Dumping unresolved backtrace:\nE       \t0x7ff6172afe35\nE       \t0x7ff6172afe90\nE       \t0x7ff61703139d\nE       \t0x7ff617091fb9\nE       \t0x7ff61708f93e\nE       \t0x7ff61708c861\nE       \t0x7ff61708b727\nE       \t0x7ff61707cf18\nE       \t0x7ff6170b265a\nE       \t0x7ff61707c7a6\nE       \t0x7ff6170db61b\nE       \t0x7ff61707ac6d\nE       \t0x7ff61707bae3\nE       \t0x7ff61757a10d\nE       \t0x7ff61757448a\nE       \t0x7ff617595157\nE       \t0x7ff6172ca81e\nE       \t0x7ff6172d262f\nE       \t0x7ff6172b9324\nE       \t0x7ff6172b94df\nE       \t0x7ff61729ee88\nE       \t0x7ffaae547374\nE       \t0x7ffaaedfcc91\n\nD:\\Python310\\lib\\site-packages\\selenium\\webdriver\\remote\\errorhandler.py:232: ElementClickInterceptedException","flaky":false,"newFailed":false,"newBroken":false,"newPassed":false,"retriesCount":1,"retriesStatusChange":false,"beforeStages":[{"name":"login_to_production","time":{"start":1765986666808,"stop":1765986683737,"duration":16929},"status":"passed","steps":[],"attachments":[],"parameters":[],"attachmentsCount":0,"shouldDisplayMessage":false,"hasContent":false,"stepsCount":0,"attachmentStep":false}],"testStage":{"status":"broken","statusMessage":"selenium.common.exceptions.ElementClickInterceptedException: Message: element click intercepted: Element <div data-v-4285c4d0=\"\" class=\"labelStyle cursor-pointer m-l-1\">...</div> is not clickable at point (452, 64). Other element would receive the click: <div data-v-29b89a5b=\"\" class=\"vxe-modal--wrapper type--modal is--animat lock--view is--resize is--mask is--visible is--active\" style=\"z-index: 523;\">...</div>\n  (Session info: chrome=142.0.7444.60)\nStacktrace:\nSymbols not available. Dumping unresolved backtrace:\n\t0x7ff6172afe35\n\t0x7ff6172afe90\n\t0x7ff61703139d\n\t0x7ff617091fb9\n\t0x7ff61708f93e\n\t0x7ff61708c861\n\t0x7ff61708b727\n\t0x7ff61707cf18\n\t0x7ff6170b265a\n\t0x7ff61707c7a6\n\t0x7ff6170db61b\n\t0x7ff61707ac6d\n\t0x7ff61707bae3\n\t0x7ff61757a10d\n\t0x7ff61757448a\n\t0x7ff617595157\n\t0x7ff6172ca81e\n\t0x7ff6172d262f\n\t0x7ff6172b9324\n\t0x7ff6172b94df\n\t0x7ff61729ee88\n\t0x7ffaae547374\n\t0x7ffaaedfcc91","statusTrace":"self = <test_items.test_production.TestProductionPage object at 0x000001D9FC408D90>, login_to_production = <selenium.webdriver.chrome.webdriver.WebDriver (session=\"c6ddde330c612eb73a496c2767ccacde\")>\n\n    @allure.story(\"选择下拉框成功，将开始生产改为结束\")\n    # @pytest.mark.run(order=1)\n    def test_production_editsele(self, login_to_production):\n        driver = login_to_production  # WebDriver 实例\n        production = ProductionPage(driver)  # 用 driver 初始化 ProductionPage\n        name = \"1测试C订单\"\n        production.click_button(f'//tr[./td[2]//span[text()=\"{name}:2\"]]/td[6]')\n        production.click_edi_button()\n    \n        before_input = production.get_find_element_xpath(\n            '//label[text()=\"实绩状态\"]/following-sibling::div//input'\n        ).get_attribute(\"value\")\n        production.click_button('//label[text()=\"实绩状态\"]/following-sibling::div//i')\n        production.click_button(\n            '//ul[@class=\"ivu-select-dropdown-list\" and ./li[text()=\"结束\"]]/li[text()=\"结束\"]'\n        )\n        afert_input = production.get_find_element_xpath(\n            '//label[text()=\"实绩状态\"]/following-sibling::div//input'\n        ).get_attribute(\"value\")\n        production.click_button('//div[@class=\"vxe-modal--footer\"]//span[text()=\"取消\"]')\n>       production.right_refresh(\"生产报工\")\n\nTests\\test_items\\test_production.py:612: \n_ _ _ _ _ _ _ _ _ _ _ _ _ _ _ _ _ _ _ _ _ _ _ _ _ _ _ _ _ _ _ _ _ _ _ _ _ _ _ _ _ _ _ _ _ _ _ _ _ _ _ _ _ _ _ _ _ _ _ _ _ _ _ _ _ _ _ _ _ _ _ _ _ _ _ _ _ _ _ _ _ _ _ _ _ _ _ _ _ _ _ _ _ _ _ _ _ _ _ _ _ _ _ _ _ _ _ _ _ _ _ _ _ _ _ _\nPages\\itemsPage\\production_page.py:72: in right_refresh\n    but.click()\nD:\\Python310\\lib\\site-packages\\selenium\\webdriver\\remote\\webelement.py:121: in click\n    self._execute(Command.CLICK_ELEMENT)\nD:\\Python310\\lib\\site-packages\\selenium\\webdriver\\remote\\webelement.py:574: in _execute\n    return self._parent.execute(command, params)\nD:\\Python310\\lib\\site-packages\\selenium\\webdriver\\remote\\webdriver.py:447: in execute\n    self.error_handler.check_response(response)\n_ _ _ _ _ _ _ _ _ _ _ _ _ _ _ _ _ _ _ _ _ _ _ _ _ _ _ _ _ _ _ _ _ _ _ _ _ _ _ _ _ _ _ _ _ _ _ _ _ _ _ _ _ _ _ _ _ _ _ _ _ _ _ _ _ _ _ _ _ _ _ _ _ _ _ _ _ _ _ _ _ _ _ _ _ _ _ _ _ _ _ _ _ _ _ _ _ _ _ _ _ _ _ _ _ _ _ _ _ _ _ _ _ _ _ _\n\nself = <selenium.webdriver.remote.errorhandler.ErrorHandler object at 0x000001D9FCDFD3F0>\nresponse = {'status': 400, 'value': '{\"value\":{\"error\":\"element click intercepted\",\"message\":\"element click intercepted: Element ...ff6172d262f\\\\n\\\\t0x7ff6172b9324\\\\n\\\\t0x7ff6172b94df\\\\n\\\\t0x7ff61729ee88\\\\n\\\\t0x7ffaae547374\\\\n\\\\t0x7ffaaedfcc91\\\\n\"}}'}\n\n    def check_response(self, response: Dict[str, Any]) -> None:\n        \"\"\"Checks that a JSON response from the WebDriver does not have an\n        error.\n    \n        :Args:\n         - response - The JSON response from the WebDriver server as a dictionary\n           object.\n    \n        :Raises: If the response contains an error message.\n        \"\"\"\n        status = response.get(\"status\", None)\n        if not status or status == ErrorCode.SUCCESS:\n            return\n        value = None\n        message = response.get(\"message\", \"\")\n        screen: str = response.get(\"screen\", \"\")\n        stacktrace = None\n        if isinstance(status, int):\n            value_json = response.get(\"value\", None)\n            if value_json and isinstance(value_json, str):\n                import json\n    \n                try:\n                    value = json.loads(value_json)\n                    if len(value) == 1:\n                        value = value[\"value\"]\n                    status = value.get(\"error\", None)\n                    if not status:\n                        status = value.get(\"status\", ErrorCode.UNKNOWN_ERROR)\n                        message = value.get(\"value\") or value.get(\"message\")\n                        if not isinstance(message, str):\n                            value = message\n                            message = message.get(\"message\")\n                    else:\n                        message = value.get(\"message\", None)\n                except ValueError:\n                    pass\n    \n        exception_class: Type[WebDriverException]\n        e = ErrorCode()\n        error_codes = [item for item in dir(e) if not item.startswith(\"__\")]\n        for error_code in error_codes:\n            error_info = getattr(ErrorCode, error_code)\n            if isinstance(error_info, list) and status in error_info:\n                exception_class = getattr(ExceptionMapping, error_code, WebDriverException)\n                break\n        else:\n            exception_class = WebDriverException\n    \n        if not value:\n            value = response[\"value\"]\n        if isinstance(value, str):\n            raise exception_class(value)\n        if message == \"\" and \"message\" in value:\n            message = value[\"message\"]\n    \n        screen = None  # type: ignore[assignment]\n        if \"screen\" in value:\n            screen = value[\"screen\"]\n    \n        stacktrace = None\n        st_value = value.get(\"stackTrace\") or value.get(\"stacktrace\")\n        if st_value:\n            if isinstance(st_value, str):\n                stacktrace = st_value.split(\"\\n\")\n            else:\n                stacktrace = []\n                try:\n                    for frame in st_value:\n                        line = frame.get(\"lineNumber\", \"\")\n                        file = frame.get(\"fileName\", \"<anonymous>\")\n                        if line:\n                            file = f\"{file}:{line}\"\n                        meth = frame.get(\"methodName\", \"<anonymous>\")\n                        if \"className\" in frame:\n                            meth = f\"{frame['className']}.{meth}\"\n                        msg = \"    at %s (%s)\"\n                        msg = msg % (meth, file)\n                        stacktrace.append(msg)\n                except TypeError:\n                    pass\n        if exception_class == UnexpectedAlertPresentException:\n            alert_text = None\n            if \"data\" in value:\n                alert_text = value[\"data\"].get(\"text\")\n            elif \"alert\" in value:\n                alert_text = value[\"alert\"].get(\"text\")\n            raise exception_class(message, screen, stacktrace, alert_text)  # type: ignore[call-arg]  # mypy is not smart enough here\n>       raise exception_class(message, screen, stacktrace)\nE       selenium.common.exceptions.ElementClickInterceptedException: Message: element click intercepted: Element <div data-v-4285c4d0=\"\" class=\"labelStyle cursor-pointer m-l-1\">...</div> is not clickable at point (452, 64). Other element would receive the click: <div data-v-29b89a5b=\"\" class=\"vxe-modal--wrapper type--modal is--animat lock--view is--resize is--mask is--visible is--active\" style=\"z-index: 523;\">...</div>\nE         (Session info: chrome=142.0.7444.60)\nE       Stacktrace:\nE       Symbols not available. Dumping unresolved backtrace:\nE       \t0x7ff6172afe35\nE       \t0x7ff6172afe90\nE       \t0x7ff61703139d\nE       \t0x7ff617091fb9\nE       \t0x7ff61708f93e\nE       \t0x7ff61708c861\nE       \t0x7ff61708b727\nE       \t0x7ff61707cf18\nE       \t0x7ff6170b265a\nE       \t0x7ff61707c7a6\nE       \t0x7ff6170db61b\nE       \t0x7ff61707ac6d\nE       \t0x7ff61707bae3\nE       \t0x7ff61757a10d\nE       \t0x7ff61757448a\nE       \t0x7ff617595157\nE       \t0x7ff6172ca81e\nE       \t0x7ff6172d262f\nE       \t0x7ff6172b9324\nE       \t0x7ff6172b94df\nE       \t0x7ff61729ee88\nE       \t0x7ffaae547374\nE       \t0x7ffaaedfcc91\n\nD:\\Python310\\lib\\site-packages\\selenium\\webdriver\\remote\\errorhandler.py:232: ElementClickInterceptedException","steps":[],"attachments":[{"uid":"75c995349dc9f4df","name":"test_production_editsele","source":"75c995349dc9f4df.png","type":"image/png","size":93338},{"uid":"4d97131fcf7c5981","name":"log","source":"4d97131fcf7c5981.txt","type":"text/plain","size":2977}],"parameters":[],"attachmentsCount":2,"shouldDisplayMessage":true,"hasContent":true,"stepsCount":0,"attachmentStep":false},"afterStages":[{"name":"login_to_production::0","time":{"start":1765987171175,"stop":1765987173340,"duration":2165},"status":"passed","steps":[],"attachments":[],"parameters":[],"attachmentsCount":0,"shouldDisplayMessage":false,"hasContent":false,"stepsCount":0,"attachmentStep":false}],"labels":[{"name":"feature","value":"生产报工测试用例"},{"name":"story","value":"选择下拉框成功，将开始生产改为结束"},{"name":"parentSuite","value":"Tests.test_items"},{"name":"suite","value":"test_production"},{"name":"subSuite","value":"TestProductionPage"},{"name":"host","value":"DESKTOP-L7L44NB"},{"name":"thread","value":"63784-MainThread"},{"name":"framework","value":"pytest"},{"name":"language","value":"cpython3"},{"name":"package","value":"Tests.test_items.test_production"},{"name":"resultFormat","value":"allure2"}],"parameters":[],"links":[],"hidden":false,"retry":false,"extra":{"severity":"normal","retries":[{"uid":"a90538eed5a3dd58","status":"broken","statusDetails":"selenium.common.exceptions.ElementClickInterceptedException: Message: element click intercepted: Element <div data-v-4285c4d0=\"\" class=\"labelStyle cursor-pointer m-l-1\">...</div> is not clickable at point (452, 64). Other element would receive the click: <div data-v-29b89a5b=\"\" class=\"vxe-modal--wrapper type--modal is--animat lock--view is--resize is--mask is--visible is--active\" style=\"z-index: 523;\">...</div>\n  (Session info: chrome=142.0.7444.60)\nStacktrace:\nSymbols not available. Dumping unresolved backtrace:\n\t0x7ff6172afe35\n\t0x7ff6172afe90\n\t0x7ff61703139d\n\t0x7ff617091fb9\n\t0x7ff61708f93e\n\t0x7ff61708c861\n\t0x7ff61708b727\n\t0x7ff61707cf18\n\t0x7ff6170b265a\n\t0x7ff61707c7a6\n\t0x7ff6170db61b\n\t0x7ff61707ac6d\n\t0x7ff61707bae3\n\t0x7ff61757a10d\n\t0x7ff61757448a\n\t0x7ff617595157\n\t0x7ff6172ca81e\n\t0x7ff6172d262f\n\t0x7ff6172b9324\n\t0x7ff6172b94df\n\t0x7ff61729ee88\n\t0x7ffaae547374\n\t0x7ffaaedfcc91","time":{"start":1765987019294,"stop":1765987023377,"duration":4083}}],"categories":[{"name":"Test defects","matchedStatuses":[]}],"tags":[]},"source":"d7cb5bea11484298.json","parameterValues":[]}