{"uid":"d85f2685ee18e22a","name":"test_modeldesign_save","fullName":"Tests.test_system.test_modeldesign.TestSModelDesignPage#test_modeldesign_save","historyId":"0f64803f1165750c5438c218ed2324c6","time":{"start":1766446830213,"stop":1766446842632,"duration":12419},"status":"broken","statusMessage":"selenium.common.exceptions.TimeoutException: Message: \nStacktrace:\nSymbols not available. Dumping unresolved backtrace:\n\t0x7ff77976fe35\n\t0x7ff77976fe90\n\t0x7ff7794f139d\n\t0x7ff779549d8e\n\t0x7ff77954a09c\n\t0x7ff77959e8d7\n\t0x7ff77959b61b\n\t0x7ff77953ac6d\n\t0x7ff77953bae3\n\t0x7ff779a3a10d\n\t0x7ff779a3448a\n\t0x7ff779a55157\n\t0x7ff77978a81e\n\t0x7ff77979262f\n\t0x7ff779779324\n\t0x7ff7797794df\n\t0x7ff77975ee88\n\t0x7ffaae547374\n\t0x7ffaaedfcc91","statusTrace":"self = <test_system.test_modeldesign.TestSModelDesignPage object at 0x0000028DAFC0CA00>, login_to_modeldesign = <selenium.webdriver.chrome.webdriver.WebDriver (session=\"3d51fffd16edf765147ebace5b9d2114\")>\n\n    @allure.story(\"点击保存 不报错\")\n    # @pytest.mark.run(order=1)\n    def test_modeldesign_save(self, login_to_modeldesign):\n        driver = login_to_modeldesign  # WebDriver 实例\n        model = OtherPage(driver)  # 用 driver 初始化 OtherPage\n        name = '3测试模型'\n        sleep(2)\n        model.click_button(\n            f'//div[@class=\"content-siadeNav\"]//div[@role=\"treeitem\"][1]/div[2]/div//span[text()=\" {name} \"]')\n        model.click_modeldesign_button(\"保存\")\n        model.click_del_confirm()\n>       message = model.get_find_message()\n\nTests\\test_system\\test_modeldesign.py:188: \n_ _ _ _ _ _ _ _ _ _ _ _ _ _ _ _ _ _ _ _ _ _ _ _ _ _ _ _ _ _ _ _ _ _ _ _ _ _ _ _ _ _ _ _ _ _ _ _ _ _ _ _ _ _ _ _ _ _ _ _ _ _ _ _ _ _ _ _ _ _ _ _ _ _ _ _ _ _ _ _ _ _ _ _ _ _ _ _ _ _ _ _ _ _ _ _ _ _ _ _ _ _ _ _ _ _ _ _ _ _ _ _ _ _ _ _\nPages\\systemPage\\other_page.py:35: in get_find_message\n    message = WebDriverWait(self.driver, 10).until(\n_ _ _ _ _ _ _ _ _ _ _ _ _ _ _ _ _ _ _ _ _ _ _ _ _ _ _ _ _ _ _ _ _ _ _ _ _ _ _ _ _ _ _ _ _ _ _ _ _ _ _ _ _ _ _ _ _ _ _ _ _ _ _ _ _ _ _ _ _ _ _ _ _ _ _ _ _ _ _ _ _ _ _ _ _ _ _ _ _ _ _ _ _ _ _ _ _ _ _ _ _ _ _ _ _ _ _ _ _ _ _ _ _ _ _ _\n\nself = <selenium.webdriver.support.wait.WebDriverWait (session=\"3d51fffd16edf765147ebace5b9d2114\")>, method = <function visibility_of_element_located.<locals>._predicate at 0x0000028DB231FE20>, message = ''\n\n    def until(self, method: Callable[[D], Union[Literal[False], T]], message: str = \"\") -> T:\n        \"\"\"Wait until the method returns a value that is not False.\n    \n        Calls the method provided with the driver as an argument until the\n        return value does not evaluate to ``False``.\n    \n        Parameters:\n        -----------\n        method: callable(WebDriver)\n            - A callable object that takes a WebDriver instance as an argument.\n    \n        message: str\n            - Optional message for :exc:`TimeoutException`\n    \n        Return:\n        -------\n        object: T\n            - The result of the last call to `method`\n    \n        Raises:\n        -------\n        TimeoutException\n            - If 'method' does not return a truthy value within the WebDriverWait\n            object's timeout\n    \n        Example:\n        --------\n        >>> from selenium.webdriver.common.by import By\n        >>> from selenium.webdriver.support.ui import WebDriverWait\n        >>> from selenium.webdriver.support import expected_conditions as EC\n    \n        # Wait until an element is visible on the page\n        >>> wait = WebDriverWait(driver, 10)\n        >>> element = wait.until(EC.visibility_of_element_located((By.ID, \"exampleId\")))\n        >>> print(element.text)\n        \"\"\"\n        screen = None\n        stacktrace = None\n    \n        end_time = time.monotonic() + self._timeout\n        while True:\n            try:\n                value = method(self._driver)\n                if value:\n                    return value\n            except self._ignored_exceptions as exc:\n                screen = getattr(exc, \"screen\", None)\n                stacktrace = getattr(exc, \"stacktrace\", None)\n            if time.monotonic() > end_time:\n                break\n            time.sleep(self._poll)\n>       raise TimeoutException(message, screen, stacktrace)\nE       selenium.common.exceptions.TimeoutException: Message: \nE       Stacktrace:\nE       Symbols not available. Dumping unresolved backtrace:\nE       \t0x7ff77976fe35\nE       \t0x7ff77976fe90\nE       \t0x7ff7794f139d\nE       \t0x7ff779549d8e\nE       \t0x7ff77954a09c\nE       \t0x7ff77959e8d7\nE       \t0x7ff77959b61b\nE       \t0x7ff77953ac6d\nE       \t0x7ff77953bae3\nE       \t0x7ff779a3a10d\nE       \t0x7ff779a3448a\nE       \t0x7ff779a55157\nE       \t0x7ff77978a81e\nE       \t0x7ff77979262f\nE       \t0x7ff779779324\nE       \t0x7ff7797794df\nE       \t0x7ff77975ee88\nE       \t0x7ffaae547374\nE       \t0x7ffaaedfcc91\n\nD:\\Python310\\lib\\site-packages\\selenium\\webdriver\\support\\wait.py:138: TimeoutException","flaky":false,"newFailed":false,"newBroken":false,"newPassed":false,"retriesCount":0,"retriesStatusChange":false,"beforeStages":[{"name":"login_to_modeldesign","time":{"start":1766446815905,"stop":1766446830213,"duration":14308},"status":"passed","steps":[],"attachments":[],"parameters":[],"attachmentStep":false,"hasContent":false,"stepsCount":0,"shouldDisplayMessage":false,"attachmentsCount":0}],"testStage":{"status":"broken","statusMessage":"selenium.common.exceptions.TimeoutException: Message: \nStacktrace:\nSymbols not available. Dumping unresolved backtrace:\n\t0x7ff77976fe35\n\t0x7ff77976fe90\n\t0x7ff7794f139d\n\t0x7ff779549d8e\n\t0x7ff77954a09c\n\t0x7ff77959e8d7\n\t0x7ff77959b61b\n\t0x7ff77953ac6d\n\t0x7ff77953bae3\n\t0x7ff779a3a10d\n\t0x7ff779a3448a\n\t0x7ff779a55157\n\t0x7ff77978a81e\n\t0x7ff77979262f\n\t0x7ff779779324\n\t0x7ff7797794df\n\t0x7ff77975ee88\n\t0x7ffaae547374\n\t0x7ffaaedfcc91","statusTrace":"self = <test_system.test_modeldesign.TestSModelDesignPage object at 0x0000028DAFC0CA00>, login_to_modeldesign = <selenium.webdriver.chrome.webdriver.WebDriver (session=\"3d51fffd16edf765147ebace5b9d2114\")>\n\n    @allure.story(\"点击保存 不报错\")\n    # @pytest.mark.run(order=1)\n    def test_modeldesign_save(self, login_to_modeldesign):\n        driver = login_to_modeldesign  # WebDriver 实例\n        model = OtherPage(driver)  # 用 driver 初始化 OtherPage\n        name = '3测试模型'\n        sleep(2)\n        model.click_button(\n            f'//div[@class=\"content-siadeNav\"]//div[@role=\"treeitem\"][1]/div[2]/div//span[text()=\" {name} \"]')\n        model.click_modeldesign_button(\"保存\")\n        model.click_del_confirm()\n>       message = model.get_find_message()\n\nTests\\test_system\\test_modeldesign.py:188: \n_ _ _ _ _ _ _ _ _ _ _ _ _ _ _ _ _ _ _ _ _ _ _ _ _ _ _ _ _ _ _ _ _ _ _ _ _ _ _ _ _ _ _ _ _ _ _ _ _ _ _ _ _ _ _ _ _ _ _ _ _ _ _ _ _ _ _ _ _ _ _ _ _ _ _ _ _ _ _ _ _ _ _ _ _ _ _ _ _ _ _ _ _ _ _ _ _ _ _ _ _ _ _ _ _ _ _ _ _ _ _ _ _ _ _ _\nPages\\systemPage\\other_page.py:35: in get_find_message\n    message = WebDriverWait(self.driver, 10).until(\n_ _ _ _ _ _ _ _ _ _ _ _ _ _ _ _ _ _ _ _ _ _ _ _ _ _ _ _ _ _ _ _ _ _ _ _ _ _ _ _ _ _ _ _ _ _ _ _ _ _ _ _ _ _ _ _ _ _ _ _ _ _ _ _ _ _ _ _ _ _ _ _ _ _ _ _ _ _ _ _ _ _ _ _ _ _ _ _ _ _ _ _ _ _ _ _ _ _ _ _ _ _ _ _ _ _ _ _ _ _ _ _ _ _ _ _\n\nself = <selenium.webdriver.support.wait.WebDriverWait (session=\"3d51fffd16edf765147ebace5b9d2114\")>, method = <function visibility_of_element_located.<locals>._predicate at 0x0000028DB231FE20>, message = ''\n\n    def until(self, method: Callable[[D], Union[Literal[False], T]], message: str = \"\") -> T:\n        \"\"\"Wait until the method returns a value that is not False.\n    \n        Calls the method provided with the driver as an argument until the\n        return value does not evaluate to ``False``.\n    \n        Parameters:\n        -----------\n        method: callable(WebDriver)\n            - A callable object that takes a WebDriver instance as an argument.\n    \n        message: str\n            - Optional message for :exc:`TimeoutException`\n    \n        Return:\n        -------\n        object: T\n            - The result of the last call to `method`\n    \n        Raises:\n        -------\n        TimeoutException\n            - If 'method' does not return a truthy value within the WebDriverWait\n            object's timeout\n    \n        Example:\n        --------\n        >>> from selenium.webdriver.common.by import By\n        >>> from selenium.webdriver.support.ui import WebDriverWait\n        >>> from selenium.webdriver.support import expected_conditions as EC\n    \n        # Wait until an element is visible on the page\n        >>> wait = WebDriverWait(driver, 10)\n        >>> element = wait.until(EC.visibility_of_element_located((By.ID, \"exampleId\")))\n        >>> print(element.text)\n        \"\"\"\n        screen = None\n        stacktrace = None\n    \n        end_time = time.monotonic() + self._timeout\n        while True:\n            try:\n                value = method(self._driver)\n                if value:\n                    return value\n            except self._ignored_exceptions as exc:\n                screen = getattr(exc, \"screen\", None)\n                stacktrace = getattr(exc, \"stacktrace\", None)\n            if time.monotonic() > end_time:\n                break\n            time.sleep(self._poll)\n>       raise TimeoutException(message, screen, stacktrace)\nE       selenium.common.exceptions.TimeoutException: Message: \nE       Stacktrace:\nE       Symbols not available. Dumping unresolved backtrace:\nE       \t0x7ff77976fe35\nE       \t0x7ff77976fe90\nE       \t0x7ff7794f139d\nE       \t0x7ff779549d8e\nE       \t0x7ff77954a09c\nE       \t0x7ff77959e8d7\nE       \t0x7ff77959b61b\nE       \t0x7ff77953ac6d\nE       \t0x7ff77953bae3\nE       \t0x7ff779a3a10d\nE       \t0x7ff779a3448a\nE       \t0x7ff779a55157\nE       \t0x7ff77978a81e\nE       \t0x7ff77979262f\nE       \t0x7ff779779324\nE       \t0x7ff7797794df\nE       \t0x7ff77975ee88\nE       \t0x7ffaae547374\nE       \t0x7ffaaedfcc91\n\nD:\\Python310\\lib\\site-packages\\selenium\\webdriver\\support\\wait.py:138: TimeoutException","steps":[],"attachments":[{"uid":"69d9183d2da9145c","name":"test_modeldesign_save","source":"69d9183d2da9145c.png","type":"image/png","size":65648},{"uid":"ffe1e127edfa3167","name":"log","source":"ffe1e127edfa3167.txt","type":"text/plain","size":1811}],"parameters":[],"attachmentStep":false,"hasContent":true,"stepsCount":0,"shouldDisplayMessage":true,"attachmentsCount":2},"afterStages":[{"name":"login_to_modeldesign::0","time":{"start":1766446842785,"stop":1766446844922,"duration":2137},"status":"passed","steps":[],"attachments":[],"parameters":[],"attachmentStep":false,"hasContent":false,"stepsCount":0,"shouldDisplayMessage":false,"attachmentsCount":0}],"labels":[{"name":"story","value":"点击保存 不报错"},{"name":"feature","value":"模型设计页用例"},{"name":"parentSuite","value":"Tests.test_system"},{"name":"suite","value":"test_modeldesign"},{"name":"subSuite","value":"TestSModelDesignPage"},{"name":"host","value":"DESKTOP-L7L44NB"},{"name":"thread","value":"55348-MainThread"},{"name":"framework","value":"pytest"},{"name":"language","value":"cpython3"},{"name":"package","value":"Tests.test_system.test_modeldesign"},{"name":"resultFormat","value":"allure2"}],"parameters":[],"links":[],"hidden":true,"retry":true,"extra":{"categories":[],"tags":[]},"source":"d85f2685ee18e22a.json","parameterValues":[]}