{"uid":"d9f725714a5a441a","name":"test_acceptdata_addrepeat","fullName":"Tests.test_system.test_acceptdata.TestSAcceptDataPage#test_acceptdata_addrepeat","historyId":"043b4c84769d0752a54a00be1fe8dd9e","time":{"start":1767835006923,"stop":1767835027710,"duration":20787},"status":"broken","statusMessage":"selenium.common.exceptions.TimeoutException: Message: \nStacktrace:\nSymbols not available. Dumping unresolved backtrace:\n\t0x7ff7b42cfe35\n\t0x7ff7b42cfe90\n\t0x7ff7b405139d\n\t0x7ff7b40a9d8e\n\t0x7ff7b40aa09c\n\t0x7ff7b40fe8d7\n\t0x7ff7b40fb61b\n\t0x7ff7b409ac6d\n\t0x7ff7b409bae3\n\t0x7ff7b459a10d\n\t0x7ff7b459448a\n\t0x7ff7b45b5157\n\t0x7ff7b42ea81e\n\t0x7ff7b42f262f\n\t0x7ff7b42d9324\n\t0x7ff7b42d94df\n\t0x7ff7b42bee88\n\t0x7ff9e6a37374\n\t0x7ff9e86dcc91","statusTrace":"self = <test_system.test_acceptdata.TestSAcceptDataPage object at 0x000001A2947DA230>, login_to_acceptdata = <selenium.webdriver.chrome.webdriver.WebDriver (session=\"a213f98d561f5aa08ef654429be1f9fd\")>\n\n    @allure.story(\"添加重复接口名称不允许添加\")\n    # @pytest.mark.run(order=1)\n    def test_acceptdata_addrepeat(self, login_to_acceptdata):\n        driver = login_to_acceptdata  # WebDriver 实例\n        acceptdata = ImpPage(driver)  # 用 driver 初始化 ImpPage\n        adds = AddsPages(driver)\n        plan = DateDriver.planning\n        input_value = '11测试全部数据'\n        acceptdata.click_all_button(\"新增\")\n    \n        text_list = [\n            '//div[label[text()=\"接口名称:\"]]//input[@type=\"text\"]',\n            '//div[label[text()=\"中间表名:\"]]//input[@type=\"text\"]',\n            '//div[label[text()=\"数据分类标识:\"]]//input[@type=\"text\"]',\n            '//div[label[text()=\"接收后执行存储过程名称:\"]]//input[@type=\"text\"]',\n        ]\n        adds.batch_modify_input(text_list, input_value)\n    \n        select_list = [\n            {\"select\": '//div[label[text()=\"源系统:\"]]//input[@type=\"text\"]', \"value\": '(//li[text()=\"SRM\"])[2]'},\n            {\"select\": '//div[label[text()=\"目的系统:\"]]//input[@type=\"text\"]', \"value\": '(//li[text()=\"APS\"])[1]'},\n            {\"select\": '//div[label[text()=\"数据单元:\"]]//input[@type=\"text\"]',\n             \"value\": f'(//li[text()=\"{plan}\"])[last()]'},\n        ]\n        adds.batch_modify_select_input(select_list)\n    \n        time_list = [\n            '//div[label[text()=\"有效结束日期:\"]]//input[@type=\"text\"]',\n            '(//span[contains(@class,\"ivu-date-picker-cells-cell-today\")])[2]',\n            '(//button[@class=\"ivu-btn ivu-btn-primary ivu-btn-small\" and span[contains(text(),\"确定\")]])[2]',\n            '//div[label[text()=\"有效开始日期:\"]]//input[@type=\"text\"]',\n            '(//span[contains(@class,\"ivu-date-picker-cells-cell-today\")])[1]',\n            '(//button[@class=\"ivu-btn ivu-btn-primary ivu-btn-small\" and span[contains(text(),\"确定\")]])[1]',\n        ]\n        for xpath in time_list:\n            acceptdata.click_button(xpath)\n    \n        acceptdata.click_confirm()\n>       message = acceptdata.get_error_message()\n\nTests\\test_system\\test_acceptdata.py:180: \n_ _ _ _ _ _ _ _ _ _ _ _ _ _ _ _ _ _ _ _ _ _ _ _ _ _ _ _ _ _ _ _ _ _ _ _ _ _ _ _ _ _ _ _ _ _ _ _ _ _ _ _ _ _ _ _ _ _ _ _ _ _ _ _ _ _ _ _ _ _ _ _ _ _ _ _ _ _ _ _ _ _ _ _ _ _ _ _ _ _ _ _ _ _ _ _ _ _ _ _ _ _ _ _ _ _ _ _ _ _ _ _ _ _ _ _\nPages\\systemPage\\imp_page.py:51: in get_error_message\n    message = WebDriverWait(self.driver, 10).until(\n_ _ _ _ _ _ _ _ _ _ _ _ _ _ _ _ _ _ _ _ _ _ _ _ _ _ _ _ _ _ _ _ _ _ _ _ _ _ _ _ _ _ _ _ _ _ _ _ _ _ _ _ _ _ _ _ _ _ _ _ _ _ _ _ _ _ _ _ _ _ _ _ _ _ _ _ _ _ _ _ _ _ _ _ _ _ _ _ _ _ _ _ _ _ _ _ _ _ _ _ _ _ _ _ _ _ _ _ _ _ _ _ _ _ _ _\n\nself = <selenium.webdriver.support.wait.WebDriverWait (session=\"a213f98d561f5aa08ef654429be1f9fd\")>, method = <function visibility_of_element_located.<locals>._predicate at 0x000001A2974D5CF0>, message = ''\n\n    def until(self, method: Callable[[D], Union[Literal[False], T]], message: str = \"\") -> T:\n        \"\"\"Wait until the method returns a value that is not False.\n    \n        Calls the method provided with the driver as an argument until the\n        return value does not evaluate to ``False``.\n    \n        Parameters:\n        -----------\n        method: callable(WebDriver)\n            - A callable object that takes a WebDriver instance as an argument.\n    \n        message: str\n            - Optional message for :exc:`TimeoutException`\n    \n        Return:\n        -------\n        object: T\n            - The result of the last call to `method`\n    \n        Raises:\n        -------\n        TimeoutException\n            - If 'method' does not return a truthy value within the WebDriverWait\n            object's timeout\n    \n        Example:\n        --------\n        >>> from selenium.webdriver.common.by import By\n        >>> from selenium.webdriver.support.ui import WebDriverWait\n        >>> from selenium.webdriver.support import expected_conditions as EC\n    \n        # Wait until an element is visible on the page\n        >>> wait = WebDriverWait(driver, 10)\n        >>> element = wait.until(EC.visibility_of_element_located((By.ID, \"exampleId\")))\n        >>> print(element.text)\n        \"\"\"\n        screen = None\n        stacktrace = None\n    \n        end_time = time.monotonic() + self._timeout\n        while True:\n            try:\n                value = method(self._driver)\n                if value:\n                    return value\n            except self._ignored_exceptions as exc:\n                screen = getattr(exc, \"screen\", None)\n                stacktrace = getattr(exc, \"stacktrace\", None)\n            if time.monotonic() > end_time:\n                break\n            time.sleep(self._poll)\n>       raise TimeoutException(message, screen, stacktrace)\nE       selenium.common.exceptions.TimeoutException: Message: \nE       Stacktrace:\nE       Symbols not available. Dumping unresolved backtrace:\nE       \t0x7ff7b42cfe35\nE       \t0x7ff7b42cfe90\nE       \t0x7ff7b405139d\nE       \t0x7ff7b40a9d8e\nE       \t0x7ff7b40aa09c\nE       \t0x7ff7b40fe8d7\nE       \t0x7ff7b40fb61b\nE       \t0x7ff7b409ac6d\nE       \t0x7ff7b409bae3\nE       \t0x7ff7b459a10d\nE       \t0x7ff7b459448a\nE       \t0x7ff7b45b5157\nE       \t0x7ff7b42ea81e\nE       \t0x7ff7b42f262f\nE       \t0x7ff7b42d9324\nE       \t0x7ff7b42d94df\nE       \t0x7ff7b42bee88\nE       \t0x7ff9e6a37374\nE       \t0x7ff9e86dcc91\n\nD:\\Python310\\lib\\site-packages\\selenium\\webdriver\\support\\wait.py:138: TimeoutException","flaky":false,"newFailed":false,"newBroken":false,"newPassed":false,"retriesCount":1,"retriesStatusChange":false,"beforeStages":[{"name":"login_to_acceptdata","time":{"start":1767834933600,"stop":1767835006923,"duration":73323},"status":"passed","steps":[],"attachments":[],"parameters":[],"shouldDisplayMessage":false,"attachmentsCount":0,"stepsCount":0,"hasContent":false,"attachmentStep":false}],"testStage":{"status":"broken","statusMessage":"selenium.common.exceptions.TimeoutException: Message: \nStacktrace:\nSymbols not available. Dumping unresolved backtrace:\n\t0x7ff7b42cfe35\n\t0x7ff7b42cfe90\n\t0x7ff7b405139d\n\t0x7ff7b40a9d8e\n\t0x7ff7b40aa09c\n\t0x7ff7b40fe8d7\n\t0x7ff7b40fb61b\n\t0x7ff7b409ac6d\n\t0x7ff7b409bae3\n\t0x7ff7b459a10d\n\t0x7ff7b459448a\n\t0x7ff7b45b5157\n\t0x7ff7b42ea81e\n\t0x7ff7b42f262f\n\t0x7ff7b42d9324\n\t0x7ff7b42d94df\n\t0x7ff7b42bee88\n\t0x7ff9e6a37374\n\t0x7ff9e86dcc91","statusTrace":"self = <test_system.test_acceptdata.TestSAcceptDataPage object at 0x000001A2947DA230>, login_to_acceptdata = <selenium.webdriver.chrome.webdriver.WebDriver (session=\"a213f98d561f5aa08ef654429be1f9fd\")>\n\n    @allure.story(\"添加重复接口名称不允许添加\")\n    # @pytest.mark.run(order=1)\n    def test_acceptdata_addrepeat(self, login_to_acceptdata):\n        driver = login_to_acceptdata  # WebDriver 实例\n        acceptdata = ImpPage(driver)  # 用 driver 初始化 ImpPage\n        adds = AddsPages(driver)\n        plan = DateDriver.planning\n        input_value = '11测试全部数据'\n        acceptdata.click_all_button(\"新增\")\n    \n        text_list = [\n            '//div[label[text()=\"接口名称:\"]]//input[@type=\"text\"]',\n            '//div[label[text()=\"中间表名:\"]]//input[@type=\"text\"]',\n            '//div[label[text()=\"数据分类标识:\"]]//input[@type=\"text\"]',\n            '//div[label[text()=\"接收后执行存储过程名称:\"]]//input[@type=\"text\"]',\n        ]\n        adds.batch_modify_input(text_list, input_value)\n    \n        select_list = [\n            {\"select\": '//div[label[text()=\"源系统:\"]]//input[@type=\"text\"]', \"value\": '(//li[text()=\"SRM\"])[2]'},\n            {\"select\": '//div[label[text()=\"目的系统:\"]]//input[@type=\"text\"]', \"value\": '(//li[text()=\"APS\"])[1]'},\n            {\"select\": '//div[label[text()=\"数据单元:\"]]//input[@type=\"text\"]',\n             \"value\": f'(//li[text()=\"{plan}\"])[last()]'},\n        ]\n        adds.batch_modify_select_input(select_list)\n    \n        time_list = [\n            '//div[label[text()=\"有效结束日期:\"]]//input[@type=\"text\"]',\n            '(//span[contains(@class,\"ivu-date-picker-cells-cell-today\")])[2]',\n            '(//button[@class=\"ivu-btn ivu-btn-primary ivu-btn-small\" and span[contains(text(),\"确定\")]])[2]',\n            '//div[label[text()=\"有效开始日期:\"]]//input[@type=\"text\"]',\n            '(//span[contains(@class,\"ivu-date-picker-cells-cell-today\")])[1]',\n            '(//button[@class=\"ivu-btn ivu-btn-primary ivu-btn-small\" and span[contains(text(),\"确定\")]])[1]',\n        ]\n        for xpath in time_list:\n            acceptdata.click_button(xpath)\n    \n        acceptdata.click_confirm()\n>       message = acceptdata.get_error_message()\n\nTests\\test_system\\test_acceptdata.py:180: \n_ _ _ _ _ _ _ _ _ _ _ _ _ _ _ _ _ _ _ _ _ _ _ _ _ _ _ _ _ _ _ _ _ _ _ _ _ _ _ _ _ _ _ _ _ _ _ _ _ _ _ _ _ _ _ _ _ _ _ _ _ _ _ _ _ _ _ _ _ _ _ _ _ _ _ _ _ _ _ _ _ _ _ _ _ _ _ _ _ _ _ _ _ _ _ _ _ _ _ _ _ _ _ _ _ _ _ _ _ _ _ _ _ _ _ _\nPages\\systemPage\\imp_page.py:51: in get_error_message\n    message = WebDriverWait(self.driver, 10).until(\n_ _ _ _ _ _ _ _ _ _ _ _ _ _ _ _ _ _ _ _ _ _ _ _ _ _ _ _ _ _ _ _ _ _ _ _ _ _ _ _ _ _ _ _ _ _ _ _ _ _ _ _ _ _ _ _ _ _ _ _ _ _ _ _ _ _ _ _ _ _ _ _ _ _ _ _ _ _ _ _ _ _ _ _ _ _ _ _ _ _ _ _ _ _ _ _ _ _ _ _ _ _ _ _ _ _ _ _ _ _ _ _ _ _ _ _\n\nself = <selenium.webdriver.support.wait.WebDriverWait (session=\"a213f98d561f5aa08ef654429be1f9fd\")>, method = <function visibility_of_element_located.<locals>._predicate at 0x000001A2974D5CF0>, message = ''\n\n    def until(self, method: Callable[[D], Union[Literal[False], T]], message: str = \"\") -> T:\n        \"\"\"Wait until the method returns a value that is not False.\n    \n        Calls the method provided with the driver as an argument until the\n        return value does not evaluate to ``False``.\n    \n        Parameters:\n        -----------\n        method: callable(WebDriver)\n            - A callable object that takes a WebDriver instance as an argument.\n    \n        message: str\n            - Optional message for :exc:`TimeoutException`\n    \n        Return:\n        -------\n        object: T\n            - The result of the last call to `method`\n    \n        Raises:\n        -------\n        TimeoutException\n            - If 'method' does not return a truthy value within the WebDriverWait\n            object's timeout\n    \n        Example:\n        --------\n        >>> from selenium.webdriver.common.by import By\n        >>> from selenium.webdriver.support.ui import WebDriverWait\n        >>> from selenium.webdriver.support import expected_conditions as EC\n    \n        # Wait until an element is visible on the page\n        >>> wait = WebDriverWait(driver, 10)\n        >>> element = wait.until(EC.visibility_of_element_located((By.ID, \"exampleId\")))\n        >>> print(element.text)\n        \"\"\"\n        screen = None\n        stacktrace = None\n    \n        end_time = time.monotonic() + self._timeout\n        while True:\n            try:\n                value = method(self._driver)\n                if value:\n                    return value\n            except self._ignored_exceptions as exc:\n                screen = getattr(exc, \"screen\", None)\n                stacktrace = getattr(exc, \"stacktrace\", None)\n            if time.monotonic() > end_time:\n                break\n            time.sleep(self._poll)\n>       raise TimeoutException(message, screen, stacktrace)\nE       selenium.common.exceptions.TimeoutException: Message: \nE       Stacktrace:\nE       Symbols not available. Dumping unresolved backtrace:\nE       \t0x7ff7b42cfe35\nE       \t0x7ff7b42cfe90\nE       \t0x7ff7b405139d\nE       \t0x7ff7b40a9d8e\nE       \t0x7ff7b40aa09c\nE       \t0x7ff7b40fe8d7\nE       \t0x7ff7b40fb61b\nE       \t0x7ff7b409ac6d\nE       \t0x7ff7b409bae3\nE       \t0x7ff7b459a10d\nE       \t0x7ff7b459448a\nE       \t0x7ff7b45b5157\nE       \t0x7ff7b42ea81e\nE       \t0x7ff7b42f262f\nE       \t0x7ff7b42d9324\nE       \t0x7ff7b42d94df\nE       \t0x7ff7b42bee88\nE       \t0x7ff9e6a37374\nE       \t0x7ff9e86dcc91\n\nD:\\Python310\\lib\\site-packages\\selenium\\webdriver\\support\\wait.py:138: TimeoutException","steps":[],"attachments":[{"uid":"cc8279153bd35484","name":"test_acceptdata_addrepeat_20260108_091707","source":"cc8279153bd35484.png","type":"image/png","size":56675},{"uid":"25ea679a02191b32","name":"log","source":"25ea679a02191b32.txt","type":"text/plain","size":4864}],"parameters":[],"shouldDisplayMessage":true,"attachmentsCount":2,"stepsCount":0,"hasContent":true,"attachmentStep":false},"afterStages":[{"name":"login_to_acceptdata::0","time":{"start":1767835027864,"stop":1767835029998,"duration":2134},"status":"passed","steps":[],"attachments":[],"parameters":[],"shouldDisplayMessage":false,"attachmentsCount":0,"stepsCount":0,"hasContent":false,"attachmentStep":false}],"labels":[{"name":"feature","value":"接收数据页用例"},{"name":"story","value":"添加重复接口名称不允许添加"},{"name":"parentSuite","value":"Tests.test_system"},{"name":"suite","value":"test_acceptdata"},{"name":"subSuite","value":"TestSAcceptDataPage"},{"name":"host","value":"DESKTOP-L7L44NB"},{"name":"thread","value":"16416-MainThread"},{"name":"framework","value":"pytest"},{"name":"language","value":"cpython3"},{"name":"package","value":"Tests.test_system.test_acceptdata"},{"name":"resultFormat","value":"allure2"}],"parameters":[],"links":[],"hidden":false,"retry":false,"extra":{"severity":"normal","retries":[{"uid":"bbfaf12d68635e14","status":"broken","statusDetails":"selenium.common.exceptions.TimeoutException: Message: \nStacktrace:\nSymbols not available. Dumping unresolved backtrace:\n\t0x7ff7b42cfe35\n\t0x7ff7b42cfe90\n\t0x7ff7b405139d\n\t0x7ff7b40a9d8e\n\t0x7ff7b40aa09c\n\t0x7ff7b40fe8d7\n\t0x7ff7b40fb61b\n\t0x7ff7b409ac6d\n\t0x7ff7b409bae3\n\t0x7ff7b459a10d\n\t0x7ff7b459448a\n\t0x7ff7b45b5157\n\t0x7ff7b42ea81e\n\t0x7ff7b42f262f\n\t0x7ff7b42d9324\n\t0x7ff7b42d94df\n\t0x7ff7b42bee88\n\t0x7ff9e6a37374\n\t0x7ff9e86dcc91","time":{"start":1767834916855,"stop":1767834916855,"duration":0}}],"categories":[{"name":"Test defects","matchedStatuses":[]}],"tags":[]},"source":"d9f725714a5a441a.json","parameterValues":[]}