{"uid":"db5ba33fe19c9c5a","name":"test_affairs_template_updatname","fullName":"Tests.test_system.test_affairs.TestAffairsPage#test_affairs_template_updatname","historyId":"92ea40f2db5568f7592dea51a9cf32aa","time":{"start":1769541059973,"stop":1769541070453,"duration":10480},"status":"broken","statusMessage":"selenium.common.exceptions.TimeoutException: Message:","statusTrace":"self = <test_system.test_affairs.TestAffairsPage object at 0x000001EC022230D0>, login_to_affairs = <selenium.webdriver.chrome.webdriver.WebDriver (session=\"3b7ac90c0e1c0c871e0b51219a0a85c8\")>\n\n    @allure.story(\"事务模版-修改事务名称成功\")\n    # @pytest.mark.run(order=1)\n    def test_affairs_template_updatname(self, login_to_affairs):\n        driver = login_to_affairs  # WebDriver 实例\n        affairs = AffairsPage(driver)  # 用 driver 初始化 AffairsPage\n        before_name = \"测试事务模版6\"\n        after_name = \"测试事务模版7\"\n>       affairs.hover(name=before_name, edi=\"编辑\")\n\nTests\\test_system\\test_affairs.py:464: \n_ _ _ _ _ _ _ _ _ _ _ _ _ _ _ _ _ _ _ _ _ _ _ _ _ _ _ _ _ _ _ _ _ _ _ _ _ _ _ _ _ _ _ _ _ _ _ _ _ _ _ _ _ _ _ _ _ _ _ _ _ _ _ _ _ _ _ _ _ _ _ _ _ _ _ _ _ _ _ _ _ _ _ _ _ _ _ _ _ _ _ _ _ _ _ _ _ _ _ _ _ _ _ _ _ _ _ _ _ _ _ _ _ _ _ _\nPages\\systemPage\\affairs_page.py:153: in hover\n    delete_icon = WebDriverWait(self.driver, 10).until(\n_ _ _ _ _ _ _ _ _ _ _ _ _ _ _ _ _ _ _ _ _ _ _ _ _ _ _ _ _ _ _ _ _ _ _ _ _ _ _ _ _ _ _ _ _ _ _ _ _ _ _ _ _ _ _ _ _ _ _ _ _ _ _ _ _ _ _ _ _ _ _ _ _ _ _ _ _ _ _ _ _ _ _ _ _ _ _ _ _ _ _ _ _ _ _ _ _ _ _ _ _ _ _ _ _ _ _ _ _ _ _ _ _ _ _ _\n\nself = <selenium.webdriver.support.wait.WebDriverWait (session=\"3b7ac90c0e1c0c871e0b51219a0a85c8\")>, method = <function visibility_of_element_located.<locals>._predicate at 0x000001EC03EE2560>, message = ''\n\n    def until(self, method: Callable[[D], Union[Literal[False], T]], message: str = \"\") -> T:\n        \"\"\"Wait until the method returns a value that is not False.\n    \n        Calls the method provided with the driver as an argument until the\n        return value does not evaluate to ``False``.\n    \n        Parameters:\n        -----------\n        method: callable(WebDriver)\n            - A callable object that takes a WebDriver instance as an argument.\n    \n        message: str\n            - Optional message for :exc:`TimeoutException`\n    \n        Return:\n        -------\n        object: T\n            - The result of the last call to `method`\n    \n        Raises:\n        -------\n        TimeoutException\n            - If 'method' does not return a truthy value within the WebDriverWait\n            object's timeout\n    \n        Example:\n        --------\n        >>> from selenium.webdriver.common.by import By\n        >>> from selenium.webdriver.support.ui import WebDriverWait\n        >>> from selenium.webdriver.support import expected_conditions as EC\n    \n        # Wait until an element is visible on the page\n        >>> wait = WebDriverWait(driver, 10)\n        >>> element = wait.until(EC.visibility_of_element_located((By.ID, \"exampleId\")))\n        >>> print(element.text)\n        \"\"\"\n        screen = None\n        stacktrace = None\n    \n        end_time = time.monotonic() + self._timeout\n        while True:\n            try:\n                value = method(self._driver)\n                if value:\n                    return value\n            except self._ignored_exceptions as exc:\n                screen = getattr(exc, \"screen\", None)\n                stacktrace = getattr(exc, \"stacktrace\", None)\n            if time.monotonic() > end_time:\n                break\n            time.sleep(self._poll)\n>       raise TimeoutException(message, screen, stacktrace)\nE       selenium.common.exceptions.TimeoutException: Message:\n\nD:\\Python310\\lib\\site-packages\\selenium\\webdriver\\support\\wait.py:138: TimeoutException","flaky":false,"newFailed":false,"newBroken":false,"newPassed":false,"retriesCount":0,"retriesStatusChange":false,"beforeStages":[{"name":"login_to_affairs","time":{"start":1769540835285,"stop":1769540851759,"duration":16474},"status":"passed","steps":[],"attachments":[],"parameters":[],"attachmentStep":false,"hasContent":false,"stepsCount":0,"shouldDisplayMessage":false,"attachmentsCount":0}],"testStage":{"status":"broken","statusMessage":"selenium.common.exceptions.TimeoutException: Message:","statusTrace":"self = <test_system.test_affairs.TestAffairsPage object at 0x000001EC022230D0>, login_to_affairs = <selenium.webdriver.chrome.webdriver.WebDriver (session=\"3b7ac90c0e1c0c871e0b51219a0a85c8\")>\n\n    @allure.story(\"事务模版-修改事务名称成功\")\n    # @pytest.mark.run(order=1)\n    def test_affairs_template_updatname(self, login_to_affairs):\n        driver = login_to_affairs  # WebDriver 实例\n        affairs = AffairsPage(driver)  # 用 driver 初始化 AffairsPage\n        before_name = \"测试事务模版6\"\n        after_name = \"测试事务模版7\"\n>       affairs.hover(name=before_name, edi=\"编辑\")\n\nTests\\test_system\\test_affairs.py:464: \n_ _ _ _ _ _ _ _ _ _ _ _ _ _ _ _ _ _ _ _ _ _ _ _ _ _ _ _ _ _ _ _ _ _ _ _ _ _ _ _ _ _ _ _ _ _ _ _ _ _ _ _ _ _ _ _ _ _ _ _ _ _ _ _ _ _ _ _ _ _ _ _ _ _ _ _ _ _ _ _ _ _ _ _ _ _ _ _ _ _ _ _ _ _ _ _ _ _ _ _ _ _ _ _ _ _ _ _ _ _ _ _ _ _ _ _\nPages\\systemPage\\affairs_page.py:153: in hover\n    delete_icon = WebDriverWait(self.driver, 10).until(\n_ _ _ _ _ _ _ _ _ _ _ _ _ _ _ _ _ _ _ _ _ _ _ _ _ _ _ _ _ _ _ _ _ _ _ _ _ _ _ _ _ _ _ _ _ _ _ _ _ _ _ _ _ _ _ _ _ _ _ _ _ _ _ _ _ _ _ _ _ _ _ _ _ _ _ _ _ _ _ _ _ _ _ _ _ _ _ _ _ _ _ _ _ _ _ _ _ _ _ _ _ _ _ _ _ _ _ _ _ _ _ _ _ _ _ _\n\nself = <selenium.webdriver.support.wait.WebDriverWait (session=\"3b7ac90c0e1c0c871e0b51219a0a85c8\")>, method = <function visibility_of_element_located.<locals>._predicate at 0x000001EC03EE2560>, message = ''\n\n    def until(self, method: Callable[[D], Union[Literal[False], T]], message: str = \"\") -> T:\n        \"\"\"Wait until the method returns a value that is not False.\n    \n        Calls the method provided with the driver as an argument until the\n        return value does not evaluate to ``False``.\n    \n        Parameters:\n        -----------\n        method: callable(WebDriver)\n            - A callable object that takes a WebDriver instance as an argument.\n    \n        message: str\n            - Optional message for :exc:`TimeoutException`\n    \n        Return:\n        -------\n        object: T\n            - The result of the last call to `method`\n    \n        Raises:\n        -------\n        TimeoutException\n            - If 'method' does not return a truthy value within the WebDriverWait\n            object's timeout\n    \n        Example:\n        --------\n        >>> from selenium.webdriver.common.by import By\n        >>> from selenium.webdriver.support.ui import WebDriverWait\n        >>> from selenium.webdriver.support import expected_conditions as EC\n    \n        # Wait until an element is visible on the page\n        >>> wait = WebDriverWait(driver, 10)\n        >>> element = wait.until(EC.visibility_of_element_located((By.ID, \"exampleId\")))\n        >>> print(element.text)\n        \"\"\"\n        screen = None\n        stacktrace = None\n    \n        end_time = time.monotonic() + self._timeout\n        while True:\n            try:\n                value = method(self._driver)\n                if value:\n                    return value\n            except self._ignored_exceptions as exc:\n                screen = getattr(exc, \"screen\", None)\n                stacktrace = getattr(exc, \"stacktrace\", None)\n            if time.monotonic() > end_time:\n                break\n            time.sleep(self._poll)\n>       raise TimeoutException(message, screen, stacktrace)\nE       selenium.common.exceptions.TimeoutException: Message:\n\nD:\\Python310\\lib\\site-packages\\selenium\\webdriver\\support\\wait.py:138: TimeoutException","steps":[],"attachments":[{"uid":"3f804be795e46787","name":"test_affairs_template_updatname_20260128_031110","source":"3f804be795e46787.png","type":"image/png","size":259111},{"uid":"eba1bb3c3a22e05b","name":"test_affairs_template_updatname_20260128_031110","source":"eba1bb3c3a22e05b.png","type":"image/png","size":19252},{"uid":"b20ccd60ce746ecc","name":"test_affairs_template_updatname_20260128_031110","source":"b20ccd60ce746ecc.png","type":"image/png","size":25727},{"uid":"851e68889b3bdd98","name":"test_affairs_template_updatname_20260128_031110","source":"851e68889b3bdd98.png","type":"image/png","size":19252},{"uid":"3620aced3e686895","name":"test_affairs_template_updatname_20260128_031111","source":"3620aced3e686895.png","type":"image/png","size":19252},{"uid":"5e233630ebb805f7","name":"test_affairs_template_updatname_20260128_031111","source":"5e233630ebb805f7.png","type":"image/png","size":25727},{"uid":"fc5597cae88aff5e","name":"test_affairs_template_updatname_20260128_031111","source":"fc5597cae88aff5e.png","type":"image/png","size":25727},{"uid":"a1de5f728f625141","name":"test_affairs_template_updatname_20260128_031111","source":"a1de5f728f625141.png","type":"image/png","size":19252},{"uid":"8437357282fcee5e","name":"test_affairs_template_updatname_20260128_031111","source":"8437357282fcee5e.png","type":"image/png","size":25727},{"uid":"318f19c4a9e0f621","name":"test_affairs_template_updatname_20260128_031111","source":"318f19c4a9e0f621.png","type":"image/png","size":25727},{"uid":"17f4789c080e3676","name":"test_affairs_template_updatname_20260128_031111","source":"17f4789c080e3676.png","type":"image/png","size":19252},{"uid":"3149353fb38ca389","name":"test_affairs_template_updatname_20260128_031111","source":"3149353fb38ca389.png","type":"image/png","size":25727},{"uid":"dfc0871abe01b766","name":"test_affairs_template_updatname_20260128_031111","source":"dfc0871abe01b766.png","type":"image/png","size":25727},{"uid":"80c508928b720e6b","name":"test_affairs_template_updatname_20260128_031112","source":"80c508928b720e6b.png","type":"image/png","size":25727},{"uid":"3d974ef868bed628","name":"test_affairs_template_updatname_20260128_031112","source":"3d974ef868bed628.png","type":"image/png","size":19252},{"uid":"831ba987ca468e17","name":"test_affairs_template_updatname_20260128_031112","source":"831ba987ca468e17.png","type":"image/png","size":25727},{"uid":"8a7ef66760fac5d1","name":"test_affairs_template_updatname_20260128_031112","source":"8a7ef66760fac5d1.png","type":"image/png","size":19252},{"uid":"8bf3bc451802ec34","name":"test_affairs_template_updatname_20260128_031112","source":"8bf3bc451802ec34.png","type":"image/png","size":100540},{"uid":"332e3cf1eb9dba1a","name":"log","source":"332e3cf1eb9dba1a.txt","type":"text/plain","size":132}],"parameters":[],"attachmentStep":false,"hasContent":true,"stepsCount":0,"shouldDisplayMessage":true,"attachmentsCount":19},"afterStages":[{"name":"login_to_affairs::0","time":{"start":1769542153059,"stop":1769542155239,"duration":2180},"status":"passed","steps":[],"attachments":[],"parameters":[],"attachmentStep":false,"hasContent":false,"stepsCount":0,"shouldDisplayMessage":false,"attachmentsCount":0}],"labels":[{"name":"story","value":"事务模版-修改事务名称成功"},{"name":"feature","value":"事务管理页用例"},{"name":"parentSuite","value":"Tests.test_system"},{"name":"suite","value":"test_affairs"},{"name":"subSuite","value":"TestAffairsPage"},{"name":"host","value":"DESKTOP-L7L44NB"},{"name":"thread","value":"15128-MainThread"},{"name":"framework","value":"pytest"},{"name":"language","value":"cpython3"},{"name":"package","value":"Tests.test_system.test_affairs"},{"name":"resultFormat","value":"allure2"}],"parameters":[],"links":[],"hidden":true,"retry":true,"extra":{"categories":[],"tags":[]},"source":"db5ba33fe19c9c5a.json","parameterValues":[]}