{"uid":"df8c90449ede1e25","name":"test_auditlog_defaultsele1","fullName":"Tests.test_system.test_auditLog.TestAuditLogPage#test_auditlog_defaultsele1","historyId":"f191bc4f3a5d93b98597c088aaa67dc6","time":{"start":1769631972606,"stop":1769631983155,"duration":10549},"status":"broken","statusMessage":"selenium.common.exceptions.TimeoutException: Message:","statusTrace":"self = <test_system.test_auditLog.TestAuditLogPage object at 0x000001F11BC95390>, login_to_auditlog = <selenium.webdriver.chrome.webdriver.WebDriver (session=\"78aaa6903f2f99759f66d86a78f08579\")>\n\n    @allure.story(\"点击查询默认显示当天有异常数据\")\n    # @pytest.mark.run(order=1)\n    def test_auditlog_defaultsele1(self, login_to_auditlog):\n        driver = login_to_auditlog  # WebDriver 实例\n        audit = AuditLogPage(driver)  # 用 driver 初始化 AuditLogPage\n        today = datetime.now().date()\n        # 格式化为年/月/日\n        formatted_date = today.strftime(\"%Y/%m/%d\")\n        audit.click_all_button(\"查询\")\n>       WebDriverWait(driver, 10).until(EC.invisibility_of_element_located((By.CLASS_NAME, \"is--visible\")))\n\nTests\\test_system\\test_auditLog.py:92: \n_ _ _ _ _ _ _ _ _ _ _ _ _ _ _ _ _ _ _ _ _ _ _ _ _ _ _ _ _ _ _ _ _ _ _ _ _ _ _ _ _ _ _ _ _ _ _ _ _ _ _ _ _ _ _ _ _ _ _ _ _ _ _ _ _ _ _ _ _ _ _ _ _ _ _ _ _ _ _ _ _ _ _ _ _ _ _ _ _ _ _ _ _ _ _ _ _ _ _ _ _ _ _ _ _ _ _ _ _ _ _ _ _ _ _ _\n\nself = <selenium.webdriver.support.wait.WebDriverWait (session=\"78aaa6903f2f99759f66d86a78f08579\")>, method = <function invisibility_of_element_located.<locals>._predicate at 0x000001F11E414EE0>, message = ''\n\n    def until(self, method: Callable[[D], Union[Literal[False], T]], message: str = \"\") -> T:\n        \"\"\"Wait until the method returns a value that is not False.\n    \n        Calls the method provided with the driver as an argument until the\n        return value does not evaluate to ``False``.\n    \n        Parameters:\n        -----------\n        method: callable(WebDriver)\n            - A callable object that takes a WebDriver instance as an argument.\n    \n        message: str\n            - Optional message for :exc:`TimeoutException`\n    \n        Return:\n        -------\n        object: T\n            - The result of the last call to `method`\n    \n        Raises:\n        -------\n        TimeoutException\n            - If 'method' does not return a truthy value within the WebDriverWait\n            object's timeout\n    \n        Example:\n        --------\n        >>> from selenium.webdriver.common.by import By\n        >>> from selenium.webdriver.support.ui import WebDriverWait\n        >>> from selenium.webdriver.support import expected_conditions as EC\n    \n        # Wait until an element is visible on the page\n        >>> wait = WebDriverWait(driver, 10)\n        >>> element = wait.until(EC.visibility_of_element_located((By.ID, \"exampleId\")))\n        >>> print(element.text)\n        \"\"\"\n        screen = None\n        stacktrace = None\n    \n        end_time = time.monotonic() + self._timeout\n        while True:\n            try:\n                value = method(self._driver)\n                if value:\n                    return value\n            except self._ignored_exceptions as exc:\n                screen = getattr(exc, \"screen\", None)\n                stacktrace = getattr(exc, \"stacktrace\", None)\n            if time.monotonic() > end_time:\n                break\n            time.sleep(self._poll)\n>       raise TimeoutException(message, screen, stacktrace)\nE       selenium.common.exceptions.TimeoutException: Message:\n\nD:\\Python310\\lib\\site-packages\\selenium\\webdriver\\support\\wait.py:138: TimeoutException","flaky":false,"newFailed":false,"newBroken":false,"newPassed":false,"retriesCount":0,"retriesStatusChange":false,"beforeStages":[{"name":"login_to_auditlog","time":{"start":1769631942528,"stop":1769631969382,"duration":26854},"status":"passed","steps":[],"attachments":[],"parameters":[],"shouldDisplayMessage":false,"attachmentsCount":0,"hasContent":false,"stepsCount":0,"attachmentStep":false}],"testStage":{"status":"broken","statusMessage":"selenium.common.exceptions.TimeoutException: Message:","statusTrace":"self = <test_system.test_auditLog.TestAuditLogPage object at 0x000001F11BC95390>, login_to_auditlog = <selenium.webdriver.chrome.webdriver.WebDriver (session=\"78aaa6903f2f99759f66d86a78f08579\")>\n\n    @allure.story(\"点击查询默认显示当天有异常数据\")\n    # @pytest.mark.run(order=1)\n    def test_auditlog_defaultsele1(self, login_to_auditlog):\n        driver = login_to_auditlog  # WebDriver 实例\n        audit = AuditLogPage(driver)  # 用 driver 初始化 AuditLogPage\n        today = datetime.now().date()\n        # 格式化为年/月/日\n        formatted_date = today.strftime(\"%Y/%m/%d\")\n        audit.click_all_button(\"查询\")\n>       WebDriverWait(driver, 10).until(EC.invisibility_of_element_located((By.CLASS_NAME, \"is--visible\")))\n\nTests\\test_system\\test_auditLog.py:92: \n_ _ _ _ _ _ _ _ _ _ _ _ _ _ _ _ _ _ _ _ _ _ _ _ _ _ _ _ _ _ _ _ _ _ _ _ _ _ _ _ _ _ _ _ _ _ _ _ _ _ _ _ _ _ _ _ _ _ _ _ _ _ _ _ _ _ _ _ _ _ _ _ _ _ _ _ _ _ _ _ _ _ _ _ _ _ _ _ _ _ _ _ _ _ _ _ _ _ _ _ _ _ _ _ _ _ _ _ _ _ _ _ _ _ _ _\n\nself = <selenium.webdriver.support.wait.WebDriverWait (session=\"78aaa6903f2f99759f66d86a78f08579\")>, method = <function invisibility_of_element_located.<locals>._predicate at 0x000001F11E414EE0>, message = ''\n\n    def until(self, method: Callable[[D], Union[Literal[False], T]], message: str = \"\") -> T:\n        \"\"\"Wait until the method returns a value that is not False.\n    \n        Calls the method provided with the driver as an argument until the\n        return value does not evaluate to ``False``.\n    \n        Parameters:\n        -----------\n        method: callable(WebDriver)\n            - A callable object that takes a WebDriver instance as an argument.\n    \n        message: str\n            - Optional message for :exc:`TimeoutException`\n    \n        Return:\n        -------\n        object: T\n            - The result of the last call to `method`\n    \n        Raises:\n        -------\n        TimeoutException\n            - If 'method' does not return a truthy value within the WebDriverWait\n            object's timeout\n    \n        Example:\n        --------\n        >>> from selenium.webdriver.common.by import By\n        >>> from selenium.webdriver.support.ui import WebDriverWait\n        >>> from selenium.webdriver.support import expected_conditions as EC\n    \n        # Wait until an element is visible on the page\n        >>> wait = WebDriverWait(driver, 10)\n        >>> element = wait.until(EC.visibility_of_element_located((By.ID, \"exampleId\")))\n        >>> print(element.text)\n        \"\"\"\n        screen = None\n        stacktrace = None\n    \n        end_time = time.monotonic() + self._timeout\n        while True:\n            try:\n                value = method(self._driver)\n                if value:\n                    return value\n            except self._ignored_exceptions as exc:\n                screen = getattr(exc, \"screen\", None)\n                stacktrace = getattr(exc, \"stacktrace\", None)\n            if time.monotonic() > end_time:\n                break\n            time.sleep(self._poll)\n>       raise TimeoutException(message, screen, stacktrace)\nE       selenium.common.exceptions.TimeoutException: Message:\n\nD:\\Python310\\lib\\site-packages\\selenium\\webdriver\\support\\wait.py:138: TimeoutException","steps":[],"attachments":[{"uid":"76863cb4a9c15162","name":"test_auditlog_defaultsele1_20260129_042623","source":"76863cb4a9c15162.png","type":"image/png","size":50671},{"uid":"f80d2d10e329f9da","name":"log","source":"f80d2d10e329f9da.txt","type":"text/plain","size":175}],"parameters":[],"shouldDisplayMessage":true,"attachmentsCount":2,"hasContent":true,"stepsCount":0,"attachmentStep":false},"afterStages":[{"name":"login_to_auditlog::0","time":{"start":1769632178291,"stop":1769632180478,"duration":2187},"status":"passed","steps":[],"attachments":[],"parameters":[],"shouldDisplayMessage":false,"attachmentsCount":0,"hasContent":false,"stepsCount":0,"attachmentStep":false}],"labels":[{"name":"story","value":"点击查询默认显示当天有异常数据"},{"name":"feature","value":"审核日志页用例"},{"name":"parentSuite","value":"Tests.test_system"},{"name":"suite","value":"test_auditLog"},{"name":"subSuite","value":"TestAuditLogPage"},{"name":"host","value":"DESKTOP-L7L44NB"},{"name":"thread","value":"29932-MainThread"},{"name":"framework","value":"pytest"},{"name":"language","value":"cpython3"},{"name":"package","value":"Tests.test_system.test_auditLog"},{"name":"resultFormat","value":"allure2"}],"parameters":[],"links":[],"hidden":true,"retry":true,"extra":{"categories":[],"tags":[]},"source":"df8c90449ede1e25.json","parameterValues":[]}