{"uid":"e4f505f9523b7472","name":"test_language_ctrlI","fullName":"Tests.test_system.test_language.TestSLanguagePage#test_language_ctrlI","historyId":"86a6189421ef5567400323ce09d7bab2","time":{"start":1770157661150,"stop":1770157783991,"duration":122841},"status":"broken","statusMessage":"selenium.common.exceptions.TimeoutException: Message: \nStacktrace:\nSymbols not available. Dumping unresolved backtrace:\n\t0x7ff64839fe35\n\t0x7ff64839fe90\n\t0x7ff64812139d\n\t0x7ff648179d8e\n\t0x7ff64817a09c\n\t0x7ff6481ce8d7\n\t0x7ff6481cb61b\n\t0x7ff64816ac6d\n\t0x7ff64816bae3\n\t0x7ff64866a10d\n\t0x7ff64866448a\n\t0x7ff648685157\n\t0x7ff6483ba81e\n\t0x7ff6483c262f\n\t0x7ff6483a9324\n\t0x7ff6483a94df\n\t0x7ff64838ee88\n\t0x7ffc59d27374\n\t0x7ffc5a9fcc91","statusTrace":"self = <test_system.test_language.TestSLanguagePage object at 0x0000025C780EADD0>, login_to_language = <selenium.webdriver.chrome.webdriver.WebDriver (session=\"c29111d445e3e6b56aad370aa22e4ac6\")>\n\n    @allure.story(\"模拟ctrl+i添加\")\n    # @pytest.mark.run(order=1)\n    def test_language_ctrlI(self, login_to_language):\n        driver = login_to_language  # WebDriver 实例\n        language = ExpressionPage(driver)  # 用 driver 初始化 ExpressionPage\n        language.click_button('//table[@class=\"vxe-table--body\"]//tr[2]//td[2]')\n        ActionChains(driver).key_down(Keys.CONTROL).send_keys('i').key_up(Keys.CONTROL).perform()\n        language.click_button('(//table[@class=\"vxe-table--body\"]//tr[1]/td[2])[2]')\n        language.enter_texts('(//table[@class=\"vxe-table--body\"]//tr[1]/td[2])[2]//input', '1没有数据添加')\n        sleep(1)\n        ele1 = language.get_find_element_xpath(\n            '(//table[@class=\"vxe-table--body\"]//tr[1]/td[2])[2]//input').get_attribute(\n            \"value\")\n        language.click_button('//div[@class=\"vxe-modal--footer\"]//span[text()=\"确定\"]')\n>       language.get_find_message()\n\nTests\\test_system\\test_language.py:588: \n_ _ _ _ _ _ _ _ _ _ _ _ _ _ _ _ _ _ _ _ _ _ _ _ _ _ _ _ _ _ _ _ _ _ _ _ _ _ _ _ _ _ _ _ _ _ _ _ _ _ _ _ _ _ _ _ _ _ _ _ _ _ _ _ _ _ _ _ _ _ _ _ _ _ _ _ _ _ _ _ _ _ _ _ _ _ _ _ _ _ _ _ _ _ _ _ _ _ _ _ _ _ _ _ _ _ _ _ _ _ _ _ _ _ _ _\nPages\\systemPage\\expression_page.py:35: in get_find_message\n    message = WebDriverWait(self.driver, 120).until(\n_ _ _ _ _ _ _ _ _ _ _ _ _ _ _ _ _ _ _ _ _ _ _ _ _ _ _ _ _ _ _ _ _ _ _ _ _ _ _ _ _ _ _ _ _ _ _ _ _ _ _ _ _ _ _ _ _ _ _ _ _ _ _ _ _ _ _ _ _ _ _ _ _ _ _ _ _ _ _ _ _ _ _ _ _ _ _ _ _ _ _ _ _ _ _ _ _ _ _ _ _ _ _ _ _ _ _ _ _ _ _ _ _ _ _ _\n\nself = <selenium.webdriver.support.wait.WebDriverWait (session=\"c29111d445e3e6b56aad370aa22e4ac6\")>, method = <function visibility_of_element_located.<locals>._predicate at 0x0000025C7AA95E10>, message = ''\n\n    def until(self, method: Callable[[D], Union[Literal[False], T]], message: str = \"\") -> T:\n        \"\"\"Wait until the method returns a value that is not False.\n    \n        Calls the method provided with the driver as an argument until the\n        return value does not evaluate to ``False``.\n    \n        Parameters:\n        -----------\n        method: callable(WebDriver)\n            - A callable object that takes a WebDriver instance as an argument.\n    \n        message: str\n            - Optional message for :exc:`TimeoutException`\n    \n        Return:\n        -------\n        object: T\n            - The result of the last call to `method`\n    \n        Raises:\n        -------\n        TimeoutException\n            - If 'method' does not return a truthy value within the WebDriverWait\n            object's timeout\n    \n        Example:\n        --------\n        >>> from selenium.webdriver.common.by import By\n        >>> from selenium.webdriver.support.ui import WebDriverWait\n        >>> from selenium.webdriver.support import expected_conditions as EC\n    \n        # Wait until an element is visible on the page\n        >>> wait = WebDriverWait(driver, 10)\n        >>> element = wait.until(EC.visibility_of_element_located((By.ID, \"exampleId\")))\n        >>> print(element.text)\n        \"\"\"\n        screen = None\n        stacktrace = None\n    \n        end_time = time.monotonic() + self._timeout\n        while True:\n            try:\n                value = method(self._driver)\n                if value:\n                    return value\n            except self._ignored_exceptions as exc:\n                screen = getattr(exc, \"screen\", None)\n                stacktrace = getattr(exc, \"stacktrace\", None)\n            if time.monotonic() > end_time:\n                break\n            time.sleep(self._poll)\n>       raise TimeoutException(message, screen, stacktrace)\nE       selenium.common.exceptions.TimeoutException: Message: \nE       Stacktrace:\nE       Symbols not available. Dumping unresolved backtrace:\nE       \t0x7ff64839fe35\nE       \t0x7ff64839fe90\nE       \t0x7ff64812139d\nE       \t0x7ff648179d8e\nE       \t0x7ff64817a09c\nE       \t0x7ff6481ce8d7\nE       \t0x7ff6481cb61b\nE       \t0x7ff64816ac6d\nE       \t0x7ff64816bae3\nE       \t0x7ff64866a10d\nE       \t0x7ff64866448a\nE       \t0x7ff648685157\nE       \t0x7ff6483ba81e\nE       \t0x7ff6483c262f\nE       \t0x7ff6483a9324\nE       \t0x7ff6483a94df\nE       \t0x7ff64838ee88\nE       \t0x7ffc59d27374\nE       \t0x7ffc5a9fcc91\n\nD:\\Python310\\lib\\site-packages\\selenium\\webdriver\\support\\wait.py:138: TimeoutException","flaky":false,"newFailed":false,"newBroken":false,"newPassed":false,"retriesCount":0,"retriesStatusChange":false,"beforeStages":[{"name":"login_to_language","time":{"start":1770157391959,"stop":1770157405914,"duration":13955},"status":"passed","steps":[],"attachments":[],"parameters":[],"attachmentsCount":0,"shouldDisplayMessage":false,"stepsCount":0,"attachmentStep":false,"hasContent":false}],"testStage":{"status":"broken","statusMessage":"selenium.common.exceptions.TimeoutException: Message: \nStacktrace:\nSymbols not available. Dumping unresolved backtrace:\n\t0x7ff64839fe35\n\t0x7ff64839fe90\n\t0x7ff64812139d\n\t0x7ff648179d8e\n\t0x7ff64817a09c\n\t0x7ff6481ce8d7\n\t0x7ff6481cb61b\n\t0x7ff64816ac6d\n\t0x7ff64816bae3\n\t0x7ff64866a10d\n\t0x7ff64866448a\n\t0x7ff648685157\n\t0x7ff6483ba81e\n\t0x7ff6483c262f\n\t0x7ff6483a9324\n\t0x7ff6483a94df\n\t0x7ff64838ee88\n\t0x7ffc59d27374\n\t0x7ffc5a9fcc91","statusTrace":"self = <test_system.test_language.TestSLanguagePage object at 0x0000025C780EADD0>, login_to_language = <selenium.webdriver.chrome.webdriver.WebDriver (session=\"c29111d445e3e6b56aad370aa22e4ac6\")>\n\n    @allure.story(\"模拟ctrl+i添加\")\n    # @pytest.mark.run(order=1)\n    def test_language_ctrlI(self, login_to_language):\n        driver = login_to_language  # WebDriver 实例\n        language = ExpressionPage(driver)  # 用 driver 初始化 ExpressionPage\n        language.click_button('//table[@class=\"vxe-table--body\"]//tr[2]//td[2]')\n        ActionChains(driver).key_down(Keys.CONTROL).send_keys('i').key_up(Keys.CONTROL).perform()\n        language.click_button('(//table[@class=\"vxe-table--body\"]//tr[1]/td[2])[2]')\n        language.enter_texts('(//table[@class=\"vxe-table--body\"]//tr[1]/td[2])[2]//input', '1没有数据添加')\n        sleep(1)\n        ele1 = language.get_find_element_xpath(\n            '(//table[@class=\"vxe-table--body\"]//tr[1]/td[2])[2]//input').get_attribute(\n            \"value\")\n        language.click_button('//div[@class=\"vxe-modal--footer\"]//span[text()=\"确定\"]')\n>       language.get_find_message()\n\nTests\\test_system\\test_language.py:588: \n_ _ _ _ _ _ _ _ _ _ _ _ _ _ _ _ _ _ _ _ _ _ _ _ _ _ _ _ _ _ _ _ _ _ _ _ _ _ _ _ _ _ _ _ _ _ _ _ _ _ _ _ _ _ _ _ _ _ _ _ _ _ _ _ _ _ _ _ _ _ _ _ _ _ _ _ _ _ _ _ _ _ _ _ _ _ _ _ _ _ _ _ _ _ _ _ _ _ _ _ _ _ _ _ _ _ _ _ _ _ _ _ _ _ _ _\nPages\\systemPage\\expression_page.py:35: in get_find_message\n    message = WebDriverWait(self.driver, 120).until(\n_ _ _ _ _ _ _ _ _ _ _ _ _ _ _ _ _ _ _ _ _ _ _ _ _ _ _ _ _ _ _ _ _ _ _ _ _ _ _ _ _ _ _ _ _ _ _ _ _ _ _ _ _ _ _ _ _ _ _ _ _ _ _ _ _ _ _ _ _ _ _ _ _ _ _ _ _ _ _ _ _ _ _ _ _ _ _ _ _ _ _ _ _ _ _ _ _ _ _ _ _ _ _ _ _ _ _ _ _ _ _ _ _ _ _ _\n\nself = <selenium.webdriver.support.wait.WebDriverWait (session=\"c29111d445e3e6b56aad370aa22e4ac6\")>, method = <function visibility_of_element_located.<locals>._predicate at 0x0000025C7AA95E10>, message = ''\n\n    def until(self, method: Callable[[D], Union[Literal[False], T]], message: str = \"\") -> T:\n        \"\"\"Wait until the method returns a value that is not False.\n    \n        Calls the method provided with the driver as an argument until the\n        return value does not evaluate to ``False``.\n    \n        Parameters:\n        -----------\n        method: callable(WebDriver)\n            - A callable object that takes a WebDriver instance as an argument.\n    \n        message: str\n            - Optional message for :exc:`TimeoutException`\n    \n        Return:\n        -------\n        object: T\n            - The result of the last call to `method`\n    \n        Raises:\n        -------\n        TimeoutException\n            - If 'method' does not return a truthy value within the WebDriverWait\n            object's timeout\n    \n        Example:\n        --------\n        >>> from selenium.webdriver.common.by import By\n        >>> from selenium.webdriver.support.ui import WebDriverWait\n        >>> from selenium.webdriver.support import expected_conditions as EC\n    \n        # Wait until an element is visible on the page\n        >>> wait = WebDriverWait(driver, 10)\n        >>> element = wait.until(EC.visibility_of_element_located((By.ID, \"exampleId\")))\n        >>> print(element.text)\n        \"\"\"\n        screen = None\n        stacktrace = None\n    \n        end_time = time.monotonic() + self._timeout\n        while True:\n            try:\n                value = method(self._driver)\n                if value:\n                    return value\n            except self._ignored_exceptions as exc:\n                screen = getattr(exc, \"screen\", None)\n                stacktrace = getattr(exc, \"stacktrace\", None)\n            if time.monotonic() > end_time:\n                break\n            time.sleep(self._poll)\n>       raise TimeoutException(message, screen, stacktrace)\nE       selenium.common.exceptions.TimeoutException: Message: \nE       Stacktrace:\nE       Symbols not available. Dumping unresolved backtrace:\nE       \t0x7ff64839fe35\nE       \t0x7ff64839fe90\nE       \t0x7ff64812139d\nE       \t0x7ff648179d8e\nE       \t0x7ff64817a09c\nE       \t0x7ff6481ce8d7\nE       \t0x7ff6481cb61b\nE       \t0x7ff64816ac6d\nE       \t0x7ff64816bae3\nE       \t0x7ff64866a10d\nE       \t0x7ff64866448a\nE       \t0x7ff648685157\nE       \t0x7ff6483ba81e\nE       \t0x7ff6483c262f\nE       \t0x7ff6483a9324\nE       \t0x7ff6483a94df\nE       \t0x7ff64838ee88\nE       \t0x7ffc59d27374\nE       \t0x7ffc5a9fcc91\n\nD:\\Python310\\lib\\site-packages\\selenium\\webdriver\\support\\wait.py:138: TimeoutException","steps":[],"attachments":[{"uid":"ce7fc4c9b6be1581","name":"test_language_ctrlI_20260204_062944","source":"ce7fc4c9b6be1581.png","type":"image/png","size":155921},{"uid":"4f760d9532e9cda","name":"test_language_ctrlI_20260204_062944","source":"4f760d9532e9cda.png","type":"image/png","size":155921},{"uid":"c553815367866984","name":"test_language_ctrlI_20260204_062944","source":"c553815367866984.png","type":"image/png","size":77150},{"uid":"c18f4ba1dd9ec81f","name":"log","source":"c18f4ba1dd9ec81f.txt","type":"text/plain","size":667}],"parameters":[],"attachmentsCount":4,"shouldDisplayMessage":true,"stepsCount":0,"attachmentStep":false,"hasContent":true},"afterStages":[{"name":"login_to_language::0","time":{"start":1770158476954,"stop":1770158479229,"duration":2275},"status":"passed","steps":[],"attachments":[],"parameters":[],"attachmentsCount":0,"shouldDisplayMessage":false,"stepsCount":0,"attachmentStep":false,"hasContent":false}],"labels":[{"name":"story","value":"模拟ctrl+i添加"},{"name":"feature","value":"多语言资源页用例"},{"name":"parentSuite","value":"Tests.test_system"},{"name":"suite","value":"test_language"},{"name":"subSuite","value":"TestSLanguagePage"},{"name":"host","value":"DESKTOP-L7L44NB"},{"name":"thread","value":"28920-MainThread"},{"name":"framework","value":"pytest"},{"name":"language","value":"cpython3"},{"name":"package","value":"Tests.test_system.test_language"},{"name":"resultFormat","value":"allure2"}],"parameters":[],"links":[],"hidden":true,"retry":true,"extra":{"categories":[],"tags":[]},"source":"e4f505f9523b7472.json","parameterValues":[]}