{"uid":"ea592d781bd7060f","name":"test_dictionary_addsuccess1","fullName":"Tests.test_system.test_dictionary.TestSDictionaryPage#test_dictionary_addsuccess1","historyId":"961618730b5d12790f90c7aec8658c3f","time":{"start":1766531376730,"stop":1766531392039,"duration":15309},"status":"broken","statusMessage":"selenium.common.exceptions.TimeoutException: Message: \nStacktrace:\nSymbols not available. Dumping unresolved backtrace:\n\t0x7ff77976fe35\n\t0x7ff77976fe90\n\t0x7ff7794f139d\n\t0x7ff779549d8e\n\t0x7ff77954a09c\n\t0x7ff77959e8d7\n\t0x7ff77959b61b\n\t0x7ff77953ac6d\n\t0x7ff77953bae3\n\t0x7ff779a3a10d\n\t0x7ff779a3448a\n\t0x7ff779a55157\n\t0x7ff77978a81e\n\t0x7ff77979262f\n\t0x7ff779779324\n\t0x7ff7797794df\n\t0x7ff77975ee88\n\t0x7ffaae547374\n\t0x7ffaaedfcc91","statusTrace":"self = <test_system.test_dictionary.TestSDictionaryPage object at 0x00000283AB95CB50>, login_to_dictionary = <selenium.webdriver.chrome.webdriver.WebDriver (session=\"c679ccb4e08fd676fb8a8a21536c6af0\")>\n\n    @allure.story(\"添加字典成功\")\n    # @pytest.mark.run(order=1)\n    def test_dictionary_addsuccess1(self, login_to_dictionary):\n        driver = login_to_dictionary  # WebDriver 实例\n        dictionary = ExpressionPage(driver)  # 用 driver 初始化 ExpressionPage\n        add = AddsPages(driver)\n        sleep(1)\n        name = '1字典1'\n        xpath_list = [\n            '//div[@id=\"240ciohl-584b\"]//input',\n            '//div[@id=\"wsgjozwj-57r6\"]//input',\n            '//div[@id=\"0tj1refm-xmig\"]//input',\n        ]\n        dictionary.click_all_button(\"新增\")\n        add.batch_modify_input(xpath_list, name)\n        dictionary.click_confirm()\n>       message = dictionary.get_find_message()\n\nTests\\test_system\\test_dictionary.py:112: \n_ _ _ _ _ _ _ _ _ _ _ _ _ _ _ _ _ _ _ _ _ _ _ _ _ _ _ _ _ _ _ _ _ _ _ _ _ _ _ _ _ _ _ _ _ _ _ _ _ _ _ _ _ _ _ _ _ _ _ _ _ _ _ _ _ _ _ _ _ _ _ _ _ _ _ _ _ _ _ _ _ _ _ _ _ _ _ _ _ _ _ _ _ _ _ _ _ _ _ _ _ _ _ _ _ _ _ _ _ _ _ _ _ _ _ _\nPages\\systemPage\\expression_page.py:35: in get_find_message\n    message = WebDriverWait(self.driver, 10).until(\n_ _ _ _ _ _ _ _ _ _ _ _ _ _ _ _ _ _ _ _ _ _ _ _ _ _ _ _ _ _ _ _ _ _ _ _ _ _ _ _ _ _ _ _ _ _ _ _ _ _ _ _ _ _ _ _ _ _ _ _ _ _ _ _ _ _ _ _ _ _ _ _ _ _ _ _ _ _ _ _ _ _ _ _ _ _ _ _ _ _ _ _ _ _ _ _ _ _ _ _ _ _ _ _ _ _ _ _ _ _ _ _ _ _ _ _\n\nself = <selenium.webdriver.support.wait.WebDriverWait (session=\"c679ccb4e08fd676fb8a8a21536c6af0\")>, method = <function visibility_of_element_located.<locals>._predicate at 0x00000283AD2F6560>, message = ''\n\n    def until(self, method: Callable[[D], Union[Literal[False], T]], message: str = \"\") -> T:\n        \"\"\"Wait until the method returns a value that is not False.\n    \n        Calls the method provided with the driver as an argument until the\n        return value does not evaluate to ``False``.\n    \n        Parameters:\n        -----------\n        method: callable(WebDriver)\n            - A callable object that takes a WebDriver instance as an argument.\n    \n        message: str\n            - Optional message for :exc:`TimeoutException`\n    \n        Return:\n        -------\n        object: T\n            - The result of the last call to `method`\n    \n        Raises:\n        -------\n        TimeoutException\n            - If 'method' does not return a truthy value within the WebDriverWait\n            object's timeout\n    \n        Example:\n        --------\n        >>> from selenium.webdriver.common.by import By\n        >>> from selenium.webdriver.support.ui import WebDriverWait\n        >>> from selenium.webdriver.support import expected_conditions as EC\n    \n        # Wait until an element is visible on the page\n        >>> wait = WebDriverWait(driver, 10)\n        >>> element = wait.until(EC.visibility_of_element_located((By.ID, \"exampleId\")))\n        >>> print(element.text)\n        \"\"\"\n        screen = None\n        stacktrace = None\n    \n        end_time = time.monotonic() + self._timeout\n        while True:\n            try:\n                value = method(self._driver)\n                if value:\n                    return value\n            except self._ignored_exceptions as exc:\n                screen = getattr(exc, \"screen\", None)\n                stacktrace = getattr(exc, \"stacktrace\", None)\n            if time.monotonic() > end_time:\n                break\n            time.sleep(self._poll)\n>       raise TimeoutException(message, screen, stacktrace)\nE       selenium.common.exceptions.TimeoutException: Message: \nE       Stacktrace:\nE       Symbols not available. Dumping unresolved backtrace:\nE       \t0x7ff77976fe35\nE       \t0x7ff77976fe90\nE       \t0x7ff7794f139d\nE       \t0x7ff779549d8e\nE       \t0x7ff77954a09c\nE       \t0x7ff77959e8d7\nE       \t0x7ff77959b61b\nE       \t0x7ff77953ac6d\nE       \t0x7ff77953bae3\nE       \t0x7ff779a3a10d\nE       \t0x7ff779a3448a\nE       \t0x7ff779a55157\nE       \t0x7ff77978a81e\nE       \t0x7ff77979262f\nE       \t0x7ff779779324\nE       \t0x7ff7797794df\nE       \t0x7ff77975ee88\nE       \t0x7ffaae547374\nE       \t0x7ffaaedfcc91\n\nD:\\Python310\\lib\\site-packages\\selenium\\webdriver\\support\\wait.py:138: TimeoutException","flaky":false,"newFailed":false,"newBroken":false,"newPassed":false,"retriesCount":1,"retriesStatusChange":false,"beforeStages":[{"name":"login_to_dictionary","time":{"start":1766531364944,"stop":1766531376730,"duration":11786},"status":"passed","steps":[],"attachments":[],"parameters":[],"hasContent":false,"attachmentStep":false,"stepsCount":0,"shouldDisplayMessage":false,"attachmentsCount":0}],"testStage":{"status":"broken","statusMessage":"selenium.common.exceptions.TimeoutException: Message: \nStacktrace:\nSymbols not available. Dumping unresolved backtrace:\n\t0x7ff77976fe35\n\t0x7ff77976fe90\n\t0x7ff7794f139d\n\t0x7ff779549d8e\n\t0x7ff77954a09c\n\t0x7ff77959e8d7\n\t0x7ff77959b61b\n\t0x7ff77953ac6d\n\t0x7ff77953bae3\n\t0x7ff779a3a10d\n\t0x7ff779a3448a\n\t0x7ff779a55157\n\t0x7ff77978a81e\n\t0x7ff77979262f\n\t0x7ff779779324\n\t0x7ff7797794df\n\t0x7ff77975ee88\n\t0x7ffaae547374\n\t0x7ffaaedfcc91","statusTrace":"self = <test_system.test_dictionary.TestSDictionaryPage object at 0x00000283AB95CB50>, login_to_dictionary = <selenium.webdriver.chrome.webdriver.WebDriver (session=\"c679ccb4e08fd676fb8a8a21536c6af0\")>\n\n    @allure.story(\"添加字典成功\")\n    # @pytest.mark.run(order=1)\n    def test_dictionary_addsuccess1(self, login_to_dictionary):\n        driver = login_to_dictionary  # WebDriver 实例\n        dictionary = ExpressionPage(driver)  # 用 driver 初始化 ExpressionPage\n        add = AddsPages(driver)\n        sleep(1)\n        name = '1字典1'\n        xpath_list = [\n            '//div[@id=\"240ciohl-584b\"]//input',\n            '//div[@id=\"wsgjozwj-57r6\"]//input',\n            '//div[@id=\"0tj1refm-xmig\"]//input',\n        ]\n        dictionary.click_all_button(\"新增\")\n        add.batch_modify_input(xpath_list, name)\n        dictionary.click_confirm()\n>       message = dictionary.get_find_message()\n\nTests\\test_system\\test_dictionary.py:112: \n_ _ _ _ _ _ _ _ _ _ _ _ _ _ _ _ _ _ _ _ _ _ _ _ _ _ _ _ _ _ _ _ _ _ _ _ _ _ _ _ _ _ _ _ _ _ _ _ _ _ _ _ _ _ _ _ _ _ _ _ _ _ _ _ _ _ _ _ _ _ _ _ _ _ _ _ _ _ _ _ _ _ _ _ _ _ _ _ _ _ _ _ _ _ _ _ _ _ _ _ _ _ _ _ _ _ _ _ _ _ _ _ _ _ _ _\nPages\\systemPage\\expression_page.py:35: in get_find_message\n    message = WebDriverWait(self.driver, 10).until(\n_ _ _ _ _ _ _ _ _ _ _ _ _ _ _ _ _ _ _ _ _ _ _ _ _ _ _ _ _ _ _ _ _ _ _ _ _ _ _ _ _ _ _ _ _ _ _ _ _ _ _ _ _ _ _ _ _ _ _ _ _ _ _ _ _ _ _ _ _ _ _ _ _ _ _ _ _ _ _ _ _ _ _ _ _ _ _ _ _ _ _ _ _ _ _ _ _ _ _ _ _ _ _ _ _ _ _ _ _ _ _ _ _ _ _ _\n\nself = <selenium.webdriver.support.wait.WebDriverWait (session=\"c679ccb4e08fd676fb8a8a21536c6af0\")>, method = <function visibility_of_element_located.<locals>._predicate at 0x00000283AD2F6560>, message = ''\n\n    def until(self, method: Callable[[D], Union[Literal[False], T]], message: str = \"\") -> T:\n        \"\"\"Wait until the method returns a value that is not False.\n    \n        Calls the method provided with the driver as an argument until the\n        return value does not evaluate to ``False``.\n    \n        Parameters:\n        -----------\n        method: callable(WebDriver)\n            - A callable object that takes a WebDriver instance as an argument.\n    \n        message: str\n            - Optional message for :exc:`TimeoutException`\n    \n        Return:\n        -------\n        object: T\n            - The result of the last call to `method`\n    \n        Raises:\n        -------\n        TimeoutException\n            - If 'method' does not return a truthy value within the WebDriverWait\n            object's timeout\n    \n        Example:\n        --------\n        >>> from selenium.webdriver.common.by import By\n        >>> from selenium.webdriver.support.ui import WebDriverWait\n        >>> from selenium.webdriver.support import expected_conditions as EC\n    \n        # Wait until an element is visible on the page\n        >>> wait = WebDriverWait(driver, 10)\n        >>> element = wait.until(EC.visibility_of_element_located((By.ID, \"exampleId\")))\n        >>> print(element.text)\n        \"\"\"\n        screen = None\n        stacktrace = None\n    \n        end_time = time.monotonic() + self._timeout\n        while True:\n            try:\n                value = method(self._driver)\n                if value:\n                    return value\n            except self._ignored_exceptions as exc:\n                screen = getattr(exc, \"screen\", None)\n                stacktrace = getattr(exc, \"stacktrace\", None)\n            if time.monotonic() > end_time:\n                break\n            time.sleep(self._poll)\n>       raise TimeoutException(message, screen, stacktrace)\nE       selenium.common.exceptions.TimeoutException: Message: \nE       Stacktrace:\nE       Symbols not available. Dumping unresolved backtrace:\nE       \t0x7ff77976fe35\nE       \t0x7ff77976fe90\nE       \t0x7ff7794f139d\nE       \t0x7ff779549d8e\nE       \t0x7ff77954a09c\nE       \t0x7ff77959e8d7\nE       \t0x7ff77959b61b\nE       \t0x7ff77953ac6d\nE       \t0x7ff77953bae3\nE       \t0x7ff779a3a10d\nE       \t0x7ff779a3448a\nE       \t0x7ff779a55157\nE       \t0x7ff77978a81e\nE       \t0x7ff77979262f\nE       \t0x7ff779779324\nE       \t0x7ff7797794df\nE       \t0x7ff77975ee88\nE       \t0x7ffaae547374\nE       \t0x7ffaaedfcc91\n\nD:\\Python310\\lib\\site-packages\\selenium\\webdriver\\support\\wait.py:138: TimeoutException","steps":[],"attachments":[{"uid":"d17ce94c3e283c50","name":"test_dictionary_addsuccess1_20251224_070952","source":"d17ce94c3e283c50.png","type":"image/png","size":108076},{"uid":"677112dacd810c62","name":"test_dictionary_addsuccess1_20251224_070952","source":"677112dacd810c62.png","type":"image/png","size":108063},{"uid":"c91ba37d9784744b","name":"test_dictionary_addsuccess1_20251224_070952","source":"c91ba37d9784744b.png","type":"image/png","size":90348},{"uid":"e73ace22b9c72085","name":"log","source":"e73ace22b9c72085.txt","type":"text/plain","size":3588}],"parameters":[],"hasContent":true,"attachmentStep":false,"stepsCount":0,"shouldDisplayMessage":true,"attachmentsCount":4},"afterStages":[{"name":"login_to_dictionary::0","time":{"start":1766531392468,"stop":1766531394629,"duration":2161},"status":"passed","steps":[],"attachments":[],"parameters":[],"hasContent":false,"attachmentStep":false,"stepsCount":0,"shouldDisplayMessage":false,"attachmentsCount":0}],"labels":[{"name":"feature","value":"字典页用例"},{"name":"story","value":"添加字典成功"},{"name":"parentSuite","value":"Tests.test_system"},{"name":"suite","value":"test_dictionary"},{"name":"subSuite","value":"TestSDictionaryPage"},{"name":"host","value":"DESKTOP-L7L44NB"},{"name":"thread","value":"44168-MainThread"},{"name":"framework","value":"pytest"},{"name":"language","value":"cpython3"},{"name":"package","value":"Tests.test_system.test_dictionary"},{"name":"resultFormat","value":"allure2"}],"parameters":[],"links":[],"hidden":false,"retry":false,"extra":{"severity":"normal","retries":[{"uid":"505bc68483265218","status":"broken","statusDetails":"selenium.common.exceptions.TimeoutException: Message: \nStacktrace:\nSymbols not available. Dumping unresolved backtrace:\n\t0x7ff77976fe35\n\t0x7ff77976fe90\n\t0x7ff7794f139d\n\t0x7ff779549d8e\n\t0x7ff77954a09c\n\t0x7ff77959e8d7\n\t0x7ff77959b61b\n\t0x7ff77953ac6d\n\t0x7ff77953bae3\n\t0x7ff779a3a10d\n\t0x7ff779a3448a\n\t0x7ff779a55157\n\t0x7ff77978a81e\n\t0x7ff77979262f\n\t0x7ff779779324\n\t0x7ff7797794df\n\t0x7ff77975ee88\n\t0x7ffaae547374\n\t0x7ffaaedfcc91","time":{"start":1766531346704,"stop":1766531362387,"duration":15683}}],"categories":[{"name":"Test defects","matchedStatuses":[]}],"tags":[]},"source":"ea592d781bd7060f.json","parameterValues":[]}