{"uid":"eabcbc6ff7eeafe","name":"test_user_lock2","fullName":"Tests.test_system.test_userRole.TestUserRolePage#test_user_lock2","historyId":"0a038d9fd0274e6e978cd4e786ceb0bc","time":{"start":1766006986520,"stop":1766007009197,"duration":22677},"status":"broken","statusMessage":"selenium.common.exceptions.TimeoutException: Message: \nStacktrace:\nSymbols not available. Dumping unresolved backtrace:\n\t0x7ff6172afe35\n\t0x7ff6172afe90\n\t0x7ff61703139d\n\t0x7ff617089d8e\n\t0x7ff61708a09c\n\t0x7ff6170de8d7\n\t0x7ff6170db61b\n\t0x7ff61707ac6d\n\t0x7ff61707bae3\n\t0x7ff61757a10d\n\t0x7ff61757448a\n\t0x7ff617595157\n\t0x7ff6172ca81e\n\t0x7ff6172d262f\n\t0x7ff6172b9324\n\t0x7ff6172b94df\n\t0x7ff61729ee88\n\t0x7ffaae547374\n\t0x7ffaaedfcc91","statusTrace":"self = <test_system.test_userRole.TestUserRolePage object at 0x000001D9FCAF4040>, login_to_userrole = <selenium.webdriver.chrome.webdriver.WebDriver (session=\"604a22e74b07d3ccb4322fe27cdca3fd\")>\n\n    @allure.story(\"当前用户被锁定，点击解除当前锁定，取消锁定成功\")\n    # @pytest.mark.run(order=1)\n    def test_user_lock2(self, login_to_userrole):\n        driver = login_to_userrole  # WebDriver 实例\n        user = UserRolePage(driver)  # 用 driver 初始化 UserRolePage\n        page = LoginPage(driver)\n        password = 'Qw123456'\n        name = '1user2'\n        user.select_input(name)\n        sleep(1)\n        user.click_button(f'//table[@class=\"vxe-table--body\"]//tr/td[2]//span[text()=\"{name}\"]')\n        # sleep(1)\n        # user.click_all_button(\"编辑\")\n        # sleep(1)\n        # sy = user.get_find_element_xpath('(//div[label[text()=\"是否锁定\"]]/div//span)[1]').get_attribute(\"class\")\n        # if 'ivu-checkbox-checked' in sy:\n        #     user.click_button('(//div[label[text()=\"是否锁定\"]]/div//span)[1]')\n        # sleep(1)\n        # user.click_all_button(\"保存\")\n        # user.get_find_message()\n        # user.right_refresh()\n        # user.select_input(name)\n        # sleep(1)\n        table_sy = user.get_find_element_xpath(\n            f'//table[@class=\"vxe-table--body\"]//tr[td[2]//span[text()=\"{name}\"]]/td[6]//span[1]').get_attribute(\n            \"class\")\n        if 'vxe-icon-checkbox-checked-fill' in table_sy:\n            user.click_all_button('解除当前锁定')\n            user.click_button('//div[@class=\"ivu-modal-confirm-footer\"]//span[text()=\"确定\"]')\n            message = user.get_find_message()\n            assert message == \"修改成功\"\n        else:\n            assert 1 == 0\n    \n        user.click_button('//div[@class=\"flex-alignItems-center\"]')\n        user.click_button('//ul/li/div[text()=\" 注销 \"]')\n        page.login(name, password, '1测试计划单元小日程')\n>       profile_icon = user.get_find_element_xpath(\n            f'//div[text()=\" 1测试计划单元小日程 \"]'\n        )\n\nTests\\test_system\\test_userRole.py:550: \n_ _ _ _ _ _ _ _ _ _ _ _ _ _ _ _ _ _ _ _ _ _ _ _ _ _ _ _ _ _ _ _ _ _ _ _ _ _ _ _ _ _ _ _ _ _ _ _ _ _ _ _ _ _ _ _ _ _ _ _ _ _ _ _ _ _ _ _ _ _ _ _ _ _ _ _ _ _ _ _ _ _ _ _ _ _ _ _ _ _ _ _ _ _ _ _ _ _ _ _ _ _ _ _ _ _ _ _ _ _ _ _ _ _ _ _\nPages\\systemPage\\userRole_page.py:29: in get_find_element_xpath\n    return self.find_element(By.XPATH, xpath)\nPages\\base_page.py:28: in find_element\n    return WebDriverWait(self.driver, wait_time).until(\n_ _ _ _ _ _ _ _ _ _ _ _ _ _ _ _ _ _ _ _ _ _ _ _ _ _ _ _ _ _ _ _ _ _ _ _ _ _ _ _ _ _ _ _ _ _ _ _ _ _ _ _ _ _ _ _ _ _ _ _ _ _ _ _ _ _ _ _ _ _ _ _ _ _ _ _ _ _ _ _ _ _ _ _ _ _ _ _ _ _ _ _ _ _ _ _ _ _ _ _ _ _ _ _ _ _ _ _ _ _ _ _ _ _ _ _\n\nself = <selenium.webdriver.support.wait.WebDriverWait (session=\"604a22e74b07d3ccb4322fe27cdca3fd\")>, method = <function presence_of_element_located.<locals>._predicate at 0x000001D9FE783130>, message = ''\n\n    def until(self, method: Callable[[D], Union[Literal[False], T]], message: str = \"\") -> T:\n        \"\"\"Wait until the method returns a value that is not False.\n    \n        Calls the method provided with the driver as an argument until the\n        return value does not evaluate to ``False``.\n    \n        Parameters:\n        -----------\n        method: callable(WebDriver)\n            - A callable object that takes a WebDriver instance as an argument.\n    \n        message: str\n            - Optional message for :exc:`TimeoutException`\n    \n        Return:\n        -------\n        object: T\n            - The result of the last call to `method`\n    \n        Raises:\n        -------\n        TimeoutException\n            - If 'method' does not return a truthy value within the WebDriverWait\n            object's timeout\n    \n        Example:\n        --------\n        >>> from selenium.webdriver.common.by import By\n        >>> from selenium.webdriver.support.ui import WebDriverWait\n        >>> from selenium.webdriver.support import expected_conditions as EC\n    \n        # Wait until an element is visible on the page\n        >>> wait = WebDriverWait(driver, 10)\n        >>> element = wait.until(EC.visibility_of_element_located((By.ID, \"exampleId\")))\n        >>> print(element.text)\n        \"\"\"\n        screen = None\n        stacktrace = None\n    \n        end_time = time.monotonic() + self._timeout\n        while True:\n            try:\n                value = method(self._driver)\n                if value:\n                    return value\n            except self._ignored_exceptions as exc:\n                screen = getattr(exc, \"screen\", None)\n                stacktrace = getattr(exc, \"stacktrace\", None)\n            if time.monotonic() > end_time:\n                break\n            time.sleep(self._poll)\n>       raise TimeoutException(message, screen, stacktrace)\nE       selenium.common.exceptions.TimeoutException: Message: \nE       Stacktrace:\nE       Symbols not available. Dumping unresolved backtrace:\nE       \t0x7ff6172afe35\nE       \t0x7ff6172afe90\nE       \t0x7ff61703139d\nE       \t0x7ff617089d8e\nE       \t0x7ff61708a09c\nE       \t0x7ff6170de8d7\nE       \t0x7ff6170db61b\nE       \t0x7ff61707ac6d\nE       \t0x7ff61707bae3\nE       \t0x7ff61757a10d\nE       \t0x7ff61757448a\nE       \t0x7ff617595157\nE       \t0x7ff6172ca81e\nE       \t0x7ff6172d262f\nE       \t0x7ff6172b9324\nE       \t0x7ff6172b94df\nE       \t0x7ff61729ee88\nE       \t0x7ffaae547374\nE       \t0x7ffaaedfcc91\n\nD:\\Python310\\lib\\site-packages\\selenium\\webdriver\\support\\wait.py:138: TimeoutException","flaky":false,"newFailed":false,"newBroken":false,"newPassed":false,"retriesCount":1,"retriesStatusChange":false,"beforeStages":[{"name":"login_to_userrole","time":{"start":1766006972009,"stop":1766006986519,"duration":14510},"status":"passed","steps":[],"attachments":[],"parameters":[],"attachmentsCount":0,"shouldDisplayMessage":false,"hasContent":false,"stepsCount":0,"attachmentStep":false}],"testStage":{"status":"broken","statusMessage":"selenium.common.exceptions.TimeoutException: Message: \nStacktrace:\nSymbols not available. Dumping unresolved backtrace:\n\t0x7ff6172afe35\n\t0x7ff6172afe90\n\t0x7ff61703139d\n\t0x7ff617089d8e\n\t0x7ff61708a09c\n\t0x7ff6170de8d7\n\t0x7ff6170db61b\n\t0x7ff61707ac6d\n\t0x7ff61707bae3\n\t0x7ff61757a10d\n\t0x7ff61757448a\n\t0x7ff617595157\n\t0x7ff6172ca81e\n\t0x7ff6172d262f\n\t0x7ff6172b9324\n\t0x7ff6172b94df\n\t0x7ff61729ee88\n\t0x7ffaae547374\n\t0x7ffaaedfcc91","statusTrace":"self = <test_system.test_userRole.TestUserRolePage object at 0x000001D9FCAF4040>, login_to_userrole = <selenium.webdriver.chrome.webdriver.WebDriver (session=\"604a22e74b07d3ccb4322fe27cdca3fd\")>\n\n    @allure.story(\"当前用户被锁定，点击解除当前锁定，取消锁定成功\")\n    # @pytest.mark.run(order=1)\n    def test_user_lock2(self, login_to_userrole):\n        driver = login_to_userrole  # WebDriver 实例\n        user = UserRolePage(driver)  # 用 driver 初始化 UserRolePage\n        page = LoginPage(driver)\n        password = 'Qw123456'\n        name = '1user2'\n        user.select_input(name)\n        sleep(1)\n        user.click_button(f'//table[@class=\"vxe-table--body\"]//tr/td[2]//span[text()=\"{name}\"]')\n        # sleep(1)\n        # user.click_all_button(\"编辑\")\n        # sleep(1)\n        # sy = user.get_find_element_xpath('(//div[label[text()=\"是否锁定\"]]/div//span)[1]').get_attribute(\"class\")\n        # if 'ivu-checkbox-checked' in sy:\n        #     user.click_button('(//div[label[text()=\"是否锁定\"]]/div//span)[1]')\n        # sleep(1)\n        # user.click_all_button(\"保存\")\n        # user.get_find_message()\n        # user.right_refresh()\n        # user.select_input(name)\n        # sleep(1)\n        table_sy = user.get_find_element_xpath(\n            f'//table[@class=\"vxe-table--body\"]//tr[td[2]//span[text()=\"{name}\"]]/td[6]//span[1]').get_attribute(\n            \"class\")\n        if 'vxe-icon-checkbox-checked-fill' in table_sy:\n            user.click_all_button('解除当前锁定')\n            user.click_button('//div[@class=\"ivu-modal-confirm-footer\"]//span[text()=\"确定\"]')\n            message = user.get_find_message()\n            assert message == \"修改成功\"\n        else:\n            assert 1 == 0\n    \n        user.click_button('//div[@class=\"flex-alignItems-center\"]')\n        user.click_button('//ul/li/div[text()=\" 注销 \"]')\n        page.login(name, password, '1测试计划单元小日程')\n>       profile_icon = user.get_find_element_xpath(\n            f'//div[text()=\" 1测试计划单元小日程 \"]'\n        )\n\nTests\\test_system\\test_userRole.py:550: \n_ _ _ _ _ _ _ _ _ _ _ _ _ _ _ _ _ _ _ _ _ _ _ _ _ _ _ _ _ _ _ _ _ _ _ _ _ _ _ _ _ _ _ _ _ _ _ _ _ _ _ _ _ _ _ _ _ _ _ _ _ _ _ _ _ _ _ _ _ _ _ _ _ _ _ _ _ _ _ _ _ _ _ _ _ _ _ _ _ _ _ _ _ _ _ _ _ _ _ _ _ _ _ _ _ _ _ _ _ _ _ _ _ _ _ _\nPages\\systemPage\\userRole_page.py:29: in get_find_element_xpath\n    return self.find_element(By.XPATH, xpath)\nPages\\base_page.py:28: in find_element\n    return WebDriverWait(self.driver, wait_time).until(\n_ _ _ _ _ _ _ _ _ _ _ _ _ _ _ _ _ _ _ _ _ _ _ _ _ _ _ _ _ _ _ _ _ _ _ _ _ _ _ _ _ _ _ _ _ _ _ _ _ _ _ _ _ _ _ _ _ _ _ _ _ _ _ _ _ _ _ _ _ _ _ _ _ _ _ _ _ _ _ _ _ _ _ _ _ _ _ _ _ _ _ _ _ _ _ _ _ _ _ _ _ _ _ _ _ _ _ _ _ _ _ _ _ _ _ _\n\nself = <selenium.webdriver.support.wait.WebDriverWait (session=\"604a22e74b07d3ccb4322fe27cdca3fd\")>, method = <function presence_of_element_located.<locals>._predicate at 0x000001D9FE783130>, message = ''\n\n    def until(self, method: Callable[[D], Union[Literal[False], T]], message: str = \"\") -> T:\n        \"\"\"Wait until the method returns a value that is not False.\n    \n        Calls the method provided with the driver as an argument until the\n        return value does not evaluate to ``False``.\n    \n        Parameters:\n        -----------\n        method: callable(WebDriver)\n            - A callable object that takes a WebDriver instance as an argument.\n    \n        message: str\n            - Optional message for :exc:`TimeoutException`\n    \n        Return:\n        -------\n        object: T\n            - The result of the last call to `method`\n    \n        Raises:\n        -------\n        TimeoutException\n            - If 'method' does not return a truthy value within the WebDriverWait\n            object's timeout\n    \n        Example:\n        --------\n        >>> from selenium.webdriver.common.by import By\n        >>> from selenium.webdriver.support.ui import WebDriverWait\n        >>> from selenium.webdriver.support import expected_conditions as EC\n    \n        # Wait until an element is visible on the page\n        >>> wait = WebDriverWait(driver, 10)\n        >>> element = wait.until(EC.visibility_of_element_located((By.ID, \"exampleId\")))\n        >>> print(element.text)\n        \"\"\"\n        screen = None\n        stacktrace = None\n    \n        end_time = time.monotonic() + self._timeout\n        while True:\n            try:\n                value = method(self._driver)\n                if value:\n                    return value\n            except self._ignored_exceptions as exc:\n                screen = getattr(exc, \"screen\", None)\n                stacktrace = getattr(exc, \"stacktrace\", None)\n            if time.monotonic() > end_time:\n                break\n            time.sleep(self._poll)\n>       raise TimeoutException(message, screen, stacktrace)\nE       selenium.common.exceptions.TimeoutException: Message: \nE       Stacktrace:\nE       Symbols not available. Dumping unresolved backtrace:\nE       \t0x7ff6172afe35\nE       \t0x7ff6172afe90\nE       \t0x7ff61703139d\nE       \t0x7ff617089d8e\nE       \t0x7ff61708a09c\nE       \t0x7ff6170de8d7\nE       \t0x7ff6170db61b\nE       \t0x7ff61707ac6d\nE       \t0x7ff61707bae3\nE       \t0x7ff61757a10d\nE       \t0x7ff61757448a\nE       \t0x7ff617595157\nE       \t0x7ff6172ca81e\nE       \t0x7ff6172d262f\nE       \t0x7ff6172b9324\nE       \t0x7ff6172b94df\nE       \t0x7ff61729ee88\nE       \t0x7ffaae547374\nE       \t0x7ffaaedfcc91\n\nD:\\Python310\\lib\\site-packages\\selenium\\webdriver\\support\\wait.py:138: TimeoutException","steps":[],"attachments":[{"uid":"cf848cb0f9abb192","name":"test_user_lock2","source":"cf848cb0f9abb192.png","type":"image/png","size":182320},{"uid":"8e76b77032fd026","name":"log","source":"8e76b77032fd026.txt","type":"text/plain","size":6229}],"parameters":[],"attachmentsCount":2,"shouldDisplayMessage":true,"hasContent":true,"stepsCount":0,"attachmentStep":false},"afterStages":[{"name":"login_to_userrole::0","time":{"start":1766007009397,"stop":1766007011529,"duration":2132},"status":"passed","steps":[],"attachments":[],"parameters":[],"attachmentsCount":0,"shouldDisplayMessage":false,"hasContent":false,"stepsCount":0,"attachmentStep":false}],"labels":[{"name":"feature","value":"用户权限管理页用例"},{"name":"story","value":"当前用户被锁定，点击解除当前锁定，取消锁定成功"},{"name":"parentSuite","value":"Tests.test_system"},{"name":"suite","value":"test_userRole"},{"name":"subSuite","value":"TestUserRolePage"},{"name":"host","value":"DESKTOP-L7L44NB"},{"name":"thread","value":"63784-MainThread"},{"name":"framework","value":"pytest"},{"name":"language","value":"cpython3"},{"name":"package","value":"Tests.test_system.test_userRole"},{"name":"resultFormat","value":"allure2"}],"parameters":[],"links":[],"hidden":false,"retry":false,"extra":{"severity":"normal","retries":[{"uid":"4809c179451f69b9","status":"broken","statusDetails":"selenium.common.exceptions.TimeoutException: Message: \nStacktrace:\nSymbols not available. Dumping unresolved backtrace:\n\t0x7ff6172afe35\n\t0x7ff6172afe90\n\t0x7ff61703139d\n\t0x7ff617089d8e\n\t0x7ff61708a09c\n\t0x7ff6170de8d7\n\t0x7ff6170db61b\n\t0x7ff61707ac6d\n\t0x7ff61707bae3\n\t0x7ff61757a10d\n\t0x7ff61757448a\n\t0x7ff617595157\n\t0x7ff6172ca81e\n\t0x7ff6172d262f\n\t0x7ff6172b9324\n\t0x7ff6172b94df\n\t0x7ff61729ee88\n\t0x7ffaae547374\n\t0x7ffaaedfcc91","time":{"start":1766006945625,"stop":1766006969681,"duration":24056}}],"categories":[{"name":"Test defects","matchedStatuses":[]}],"tags":[]},"source":"eabcbc6ff7eeafe.json","parameterValues":[]}