{"uid":"ef5868e1c17db673","name":"test_planUnit_success1","fullName":"Tests.test_system.test_planUnit.TestPlanUnitPage#test_planUnit_success1","historyId":"4ef24c8cef65ae5f9a8952b573e7b688","time":{"start":1766437266394,"stop":1766437283537,"duration":17143},"status":"broken","statusMessage":"selenium.common.exceptions.TimeoutException: Message: \nStacktrace:\nSymbols not available. Dumping unresolved backtrace:\n\t0x7ff77976fe35\n\t0x7ff77976fe90\n\t0x7ff7794f139d\n\t0x7ff779549d8e\n\t0x7ff77954a09c\n\t0x7ff77959e8d7\n\t0x7ff77959b61b\n\t0x7ff77953ac6d\n\t0x7ff77953bae3\n\t0x7ff779a3a10d\n\t0x7ff779a3448a\n\t0x7ff779a55157\n\t0x7ff77978a81e\n\t0x7ff77979262f\n\t0x7ff779779324\n\t0x7ff7797794df\n\t0x7ff77975ee88\n\t0x7ffaae547374\n\t0x7ffaaedfcc91","statusTrace":"self = <test_system.test_planUnit.TestPlanUnitPage object at 0x0000028DB00D3BB0>, login_to_planUnit = <selenium.webdriver.chrome.webdriver.WebDriver (session=\"defc970bec5a8a2157d159bbb8e4188a\")>\n\n    @allure.story(\"添加标准计划单元成功\")\n    # @pytest.mark.run(order=1)\n    def test_planUnit_success1(self, login_to_planUnit):\n        driver = login_to_planUnit  # WebDriver 实例\n        unit = PlanUnitPage(driver)  # 用 driver 初始化 PlanUnitPage\n        name = \"1测试计划单元标准\"\n        module = \"标准\"\n        unit.add_plan_unit(name, module)\n        unit.click_button('(//div[@class=\"vxe-modal--footer\"]//span[text()=\"确定\"])')\n>       unit.get_find_message()\n\nTests\\test_system\\test_planUnit.py:164: \n_ _ _ _ _ _ _ _ _ _ _ _ _ _ _ _ _ _ _ _ _ _ _ _ _ _ _ _ _ _ _ _ _ _ _ _ _ _ _ _ _ _ _ _ _ _ _ _ _ _ _ _ _ _ _ _ _ _ _ _ _ _ _ _ _ _ _ _ _ _ _ _ _ _ _ _ _ _ _ _ _ _ _ _ _ _ _ _ _ _ _ _ _ _ _ _ _ _ _ _ _ _ _ _ _ _ _ _ _ _ _ _ _ _ _ _\nPages\\systemPage\\planUnit_page.py:35: in get_find_message\n    message = WebDriverWait(self.driver, 10).until(\n_ _ _ _ _ _ _ _ _ _ _ _ _ _ _ _ _ _ _ _ _ _ _ _ _ _ _ _ _ _ _ _ _ _ _ _ _ _ _ _ _ _ _ _ _ _ _ _ _ _ _ _ _ _ _ _ _ _ _ _ _ _ _ _ _ _ _ _ _ _ _ _ _ _ _ _ _ _ _ _ _ _ _ _ _ _ _ _ _ _ _ _ _ _ _ _ _ _ _ _ _ _ _ _ _ _ _ _ _ _ _ _ _ _ _ _\n\nself = <selenium.webdriver.support.wait.WebDriverWait (session=\"defc970bec5a8a2157d159bbb8e4188a\")>, method = <function visibility_of_element_located.<locals>._predicate at 0x0000028DB2296C20>, message = ''\n\n    def until(self, method: Callable[[D], Union[Literal[False], T]], message: str = \"\") -> T:\n        \"\"\"Wait until the method returns a value that is not False.\n    \n        Calls the method provided with the driver as an argument until the\n        return value does not evaluate to ``False``.\n    \n        Parameters:\n        -----------\n        method: callable(WebDriver)\n            - A callable object that takes a WebDriver instance as an argument.\n    \n        message: str\n            - Optional message for :exc:`TimeoutException`\n    \n        Return:\n        -------\n        object: T\n            - The result of the last call to `method`\n    \n        Raises:\n        -------\n        TimeoutException\n            - If 'method' does not return a truthy value within the WebDriverWait\n            object's timeout\n    \n        Example:\n        --------\n        >>> from selenium.webdriver.common.by import By\n        >>> from selenium.webdriver.support.ui import WebDriverWait\n        >>> from selenium.webdriver.support import expected_conditions as EC\n    \n        # Wait until an element is visible on the page\n        >>> wait = WebDriverWait(driver, 10)\n        >>> element = wait.until(EC.visibility_of_element_located((By.ID, \"exampleId\")))\n        >>> print(element.text)\n        \"\"\"\n        screen = None\n        stacktrace = None\n    \n        end_time = time.monotonic() + self._timeout\n        while True:\n            try:\n                value = method(self._driver)\n                if value:\n                    return value\n            except self._ignored_exceptions as exc:\n                screen = getattr(exc, \"screen\", None)\n                stacktrace = getattr(exc, \"stacktrace\", None)\n            if time.monotonic() > end_time:\n                break\n            time.sleep(self._poll)\n>       raise TimeoutException(message, screen, stacktrace)\nE       selenium.common.exceptions.TimeoutException: Message: \nE       Stacktrace:\nE       Symbols not available. Dumping unresolved backtrace:\nE       \t0x7ff77976fe35\nE       \t0x7ff77976fe90\nE       \t0x7ff7794f139d\nE       \t0x7ff779549d8e\nE       \t0x7ff77954a09c\nE       \t0x7ff77959e8d7\nE       \t0x7ff77959b61b\nE       \t0x7ff77953ac6d\nE       \t0x7ff77953bae3\nE       \t0x7ff779a3a10d\nE       \t0x7ff779a3448a\nE       \t0x7ff779a55157\nE       \t0x7ff77978a81e\nE       \t0x7ff77979262f\nE       \t0x7ff779779324\nE       \t0x7ff7797794df\nE       \t0x7ff77975ee88\nE       \t0x7ffaae547374\nE       \t0x7ffaaedfcc91\n\nD:\\Python310\\lib\\site-packages\\selenium\\webdriver\\support\\wait.py:138: TimeoutException","flaky":false,"newFailed":false,"newBroken":false,"newPassed":false,"retriesCount":1,"retriesStatusChange":true,"beforeStages":[{"name":"login_to_planUnit","time":{"start":1766437180828,"stop":1766437197182,"duration":16354},"status":"passed","steps":[],"attachments":[],"parameters":[],"attachmentStep":false,"hasContent":false,"stepsCount":0,"shouldDisplayMessage":false,"attachmentsCount":0}],"testStage":{"status":"broken","statusMessage":"selenium.common.exceptions.TimeoutException: Message: \nStacktrace:\nSymbols not available. Dumping unresolved backtrace:\n\t0x7ff77976fe35\n\t0x7ff77976fe90\n\t0x7ff7794f139d\n\t0x7ff779549d8e\n\t0x7ff77954a09c\n\t0x7ff77959e8d7\n\t0x7ff77959b61b\n\t0x7ff77953ac6d\n\t0x7ff77953bae3\n\t0x7ff779a3a10d\n\t0x7ff779a3448a\n\t0x7ff779a55157\n\t0x7ff77978a81e\n\t0x7ff77979262f\n\t0x7ff779779324\n\t0x7ff7797794df\n\t0x7ff77975ee88\n\t0x7ffaae547374\n\t0x7ffaaedfcc91","statusTrace":"self = <test_system.test_planUnit.TestPlanUnitPage object at 0x0000028DB00D3BB0>, login_to_planUnit = <selenium.webdriver.chrome.webdriver.WebDriver (session=\"defc970bec5a8a2157d159bbb8e4188a\")>\n\n    @allure.story(\"添加标准计划单元成功\")\n    # @pytest.mark.run(order=1)\n    def test_planUnit_success1(self, login_to_planUnit):\n        driver = login_to_planUnit  # WebDriver 实例\n        unit = PlanUnitPage(driver)  # 用 driver 初始化 PlanUnitPage\n        name = \"1测试计划单元标准\"\n        module = \"标准\"\n        unit.add_plan_unit(name, module)\n        unit.click_button('(//div[@class=\"vxe-modal--footer\"]//span[text()=\"确定\"])')\n>       unit.get_find_message()\n\nTests\\test_system\\test_planUnit.py:164: \n_ _ _ _ _ _ _ _ _ _ _ _ _ _ _ _ _ _ _ _ _ _ _ _ _ _ _ _ _ _ _ _ _ _ _ _ _ _ _ _ _ _ _ _ _ _ _ _ _ _ _ _ _ _ _ _ _ _ _ _ _ _ _ _ _ _ _ _ _ _ _ _ _ _ _ _ _ _ _ _ _ _ _ _ _ _ _ _ _ _ _ _ _ _ _ _ _ _ _ _ _ _ _ _ _ _ _ _ _ _ _ _ _ _ _ _\nPages\\systemPage\\planUnit_page.py:35: in get_find_message\n    message = WebDriverWait(self.driver, 10).until(\n_ _ _ _ _ _ _ _ _ _ _ _ _ _ _ _ _ _ _ _ _ _ _ _ _ _ _ _ _ _ _ _ _ _ _ _ _ _ _ _ _ _ _ _ _ _ _ _ _ _ _ _ _ _ _ _ _ _ _ _ _ _ _ _ _ _ _ _ _ _ _ _ _ _ _ _ _ _ _ _ _ _ _ _ _ _ _ _ _ _ _ _ _ _ _ _ _ _ _ _ _ _ _ _ _ _ _ _ _ _ _ _ _ _ _ _\n\nself = <selenium.webdriver.support.wait.WebDriverWait (session=\"defc970bec5a8a2157d159bbb8e4188a\")>, method = <function visibility_of_element_located.<locals>._predicate at 0x0000028DB2296C20>, message = ''\n\n    def until(self, method: Callable[[D], Union[Literal[False], T]], message: str = \"\") -> T:\n        \"\"\"Wait until the method returns a value that is not False.\n    \n        Calls the method provided with the driver as an argument until the\n        return value does not evaluate to ``False``.\n    \n        Parameters:\n        -----------\n        method: callable(WebDriver)\n            - A callable object that takes a WebDriver instance as an argument.\n    \n        message: str\n            - Optional message for :exc:`TimeoutException`\n    \n        Return:\n        -------\n        object: T\n            - The result of the last call to `method`\n    \n        Raises:\n        -------\n        TimeoutException\n            - If 'method' does not return a truthy value within the WebDriverWait\n            object's timeout\n    \n        Example:\n        --------\n        >>> from selenium.webdriver.common.by import By\n        >>> from selenium.webdriver.support.ui import WebDriverWait\n        >>> from selenium.webdriver.support import expected_conditions as EC\n    \n        # Wait until an element is visible on the page\n        >>> wait = WebDriverWait(driver, 10)\n        >>> element = wait.until(EC.visibility_of_element_located((By.ID, \"exampleId\")))\n        >>> print(element.text)\n        \"\"\"\n        screen = None\n        stacktrace = None\n    \n        end_time = time.monotonic() + self._timeout\n        while True:\n            try:\n                value = method(self._driver)\n                if value:\n                    return value\n            except self._ignored_exceptions as exc:\n                screen = getattr(exc, \"screen\", None)\n                stacktrace = getattr(exc, \"stacktrace\", None)\n            if time.monotonic() > end_time:\n                break\n            time.sleep(self._poll)\n>       raise TimeoutException(message, screen, stacktrace)\nE       selenium.common.exceptions.TimeoutException: Message: \nE       Stacktrace:\nE       Symbols not available. Dumping unresolved backtrace:\nE       \t0x7ff77976fe35\nE       \t0x7ff77976fe90\nE       \t0x7ff7794f139d\nE       \t0x7ff779549d8e\nE       \t0x7ff77954a09c\nE       \t0x7ff77959e8d7\nE       \t0x7ff77959b61b\nE       \t0x7ff77953ac6d\nE       \t0x7ff77953bae3\nE       \t0x7ff779a3a10d\nE       \t0x7ff779a3448a\nE       \t0x7ff779a55157\nE       \t0x7ff77978a81e\nE       \t0x7ff77979262f\nE       \t0x7ff779779324\nE       \t0x7ff7797794df\nE       \t0x7ff77975ee88\nE       \t0x7ffaae547374\nE       \t0x7ffaaedfcc91\n\nD:\\Python310\\lib\\site-packages\\selenium\\webdriver\\support\\wait.py:138: TimeoutException","steps":[],"attachments":[{"uid":"c5eae0c96f0ff9c","name":"test_planUnit_success1","source":"c5eae0c96f0ff9c.png","type":"image/png","size":75835},{"uid":"37786a4f2b439f22","name":"log","source":"37786a4f2b439f22.txt","type":"text/plain","size":2814}],"parameters":[],"attachmentStep":false,"hasContent":true,"stepsCount":0,"shouldDisplayMessage":true,"attachmentsCount":2},"afterStages":[{"name":"login_to_planUnit::0","time":{"start":1766437539737,"stop":1766437541908,"duration":2171},"status":"passed","steps":[],"attachments":[],"parameters":[],"attachmentStep":false,"hasContent":false,"stepsCount":0,"shouldDisplayMessage":false,"attachmentsCount":0}],"labels":[{"name":"story","value":"添加标准计划单元成功"},{"name":"feature","value":"计划单元页用例"},{"name":"parentSuite","value":"Tests.test_system"},{"name":"suite","value":"test_planUnit"},{"name":"subSuite","value":"TestPlanUnitPage"},{"name":"host","value":"DESKTOP-L7L44NB"},{"name":"thread","value":"55348-MainThread"},{"name":"framework","value":"pytest"},{"name":"language","value":"cpython3"},{"name":"package","value":"Tests.test_system.test_planUnit"},{"name":"resultFormat","value":"allure2"}],"parameters":[],"links":[],"hidden":false,"retry":false,"extra":{"severity":"normal","retries":[{"uid":"452918ed9ceceb8b","status":"failed","statusDetails":"AssertionError: assert not True\n +  where True = has_fail_message()\n +    where has_fail_message = <Pages.systemPage.planUnit_page.PlanUnitPage object at 0x0000028DAFE5FDF0>.has_fail_message","time":{"start":1766437253064,"stop":1766437266242,"duration":13178}}],"categories":[{"name":"Test defects","matchedStatuses":[]}],"tags":[]},"source":"ef5868e1c17db673.json","parameterValues":[]}