{"uid":"ef77f7f4594edb0b","name":"test_materialplan_success","fullName":"Tests.test_material.test_materialplan.TestMaterialPlanPage#test_materialplan_success","historyId":"d9d83b70188dee25ffb1449f120b16bd","time":{"start":1767637841849,"stop":1767637906492,"duration":64643},"status":"broken","statusMessage":"selenium.common.exceptions.TimeoutException: Message: \nStacktrace:\nSymbols not available. Dumping unresolved backtrace:\n\t0x7ff6c092fe35\n\t0x7ff6c092fe90\n\t0x7ff6c06b139d\n\t0x7ff6c0709d8e\n\t0x7ff6c070a09c\n\t0x7ff6c075e8d7\n\t0x7ff6c075b61b\n\t0x7ff6c06fac6d\n\t0x7ff6c06fbae3\n\t0x7ff6c0bfa10d\n\t0x7ff6c0bf448a\n\t0x7ff6c0c15157\n\t0x7ff6c094a81e\n\t0x7ff6c095262f\n\t0x7ff6c0939324\n\t0x7ff6c09394df\n\t0x7ff6c091ee88\n\t0x7fffdc107374\n\t0x7fffddb5cc91","statusTrace":"self = <test_material.test_materialplan.TestMaterialPlanPage object at 0x000001FF2B4BDA80>, login_to_materialplan = <selenium.webdriver.chrome.webdriver.WebDriver (session=\"15d74f1752fdcef004913f562e411610\")>\n\n    @allure.story(\"执行成功\")\n    # @pytest.mark.run(order=1)\n    def test_materialplan_success(self, login_to_materialplan):\n        driver = login_to_materialplan\n        plan = PlanPage(driver)\n        wait = WebDriverWait(driver, 60)\n    \n        # 等待 el-loading-spinner 消失\n        WebDriverWait(driver, 10).until(\n            EC.invisibility_of_element_located((By.CLASS_NAME, \"el-loading-spinner\"))\n        )\n        target = WebDriverWait(driver, 10).until(\n            EC.element_to_be_clickable((By.XPATH, '//div[@class=\"vue-treeselect__control-arrow-container\"]'))\n        )\n        sleep(3)\n        target.click()\n    \n        # 等待第一个方案标签可点击后点击选择\n        first_option = wait.until(\n            EC.element_to_be_clickable(\n                (\n                    By.XPATH,\n                    '//div[@class=\"vue-treeselect__list\"]/div[1]',\n                )\n            )\n        )\n        first_option.click()\n    \n        # 执行计划\n        plan.click_plan()\n        # 等待“完成”的文本出现\n        success_element1 = wait.until(\n            EC.presence_of_element_located(\n                (By.XPATH, '(//div[@class=\"d-flex\"])[1]/p[text()=\" 完成 \"]')\n            )\n        )\n    \n        # 等待“完成”的文本出现\n>       success_element3 = wait.until(\n            EC.presence_of_element_located(\n                (By.XPATH, '(//div[@class=\"d-flex\"])[3]/p[text()=\" 完成 \"]')\n            )\n        )\n\nTests\\test_material\\test_materialplan.py:118: \n_ _ _ _ _ _ _ _ _ _ _ _ _ _ _ _ _ _ _ _ _ _ _ _ _ _ _ _ _ _ _ _ _ _ _ _ _ _ _ _ _ _ _ _ _ _ _ _ _ _ _ _ _ _ _ _ _ _ _ _ _ _ _ _ _ _ _ _ _ _ _ _ _ _ _ _ _ _ _ _ _ _ _ _ _ _ _ _ _ _ _ _ _ _ _ _ _ _ _ _ _ _ _ _ _ _ _ _ _ _ _ _ _ _ _ _\n\nself = <selenium.webdriver.support.wait.WebDriverWait (session=\"15d74f1752fdcef004913f562e411610\")>, method = <function presence_of_element_located.<locals>._predicate at 0x000001FF2D29A4D0>, message = ''\n\n    def until(self, method: Callable[[D], Union[Literal[False], T]], message: str = \"\") -> T:\n        \"\"\"Wait until the method returns a value that is not False.\n    \n        Calls the method provided with the driver as an argument until the\n        return value does not evaluate to ``False``.\n    \n        Parameters:\n        -----------\n        method: callable(WebDriver)\n            - A callable object that takes a WebDriver instance as an argument.\n    \n        message: str\n            - Optional message for :exc:`TimeoutException`\n    \n        Return:\n        -------\n        object: T\n            - The result of the last call to `method`\n    \n        Raises:\n        -------\n        TimeoutException\n            - If 'method' does not return a truthy value within the WebDriverWait\n            object's timeout\n    \n        Example:\n        --------\n        >>> from selenium.webdriver.common.by import By\n        >>> from selenium.webdriver.support.ui import WebDriverWait\n        >>> from selenium.webdriver.support import expected_conditions as EC\n    \n        # Wait until an element is visible on the page\n        >>> wait = WebDriverWait(driver, 10)\n        >>> element = wait.until(EC.visibility_of_element_located((By.ID, \"exampleId\")))\n        >>> print(element.text)\n        \"\"\"\n        screen = None\n        stacktrace = None\n    \n        end_time = time.monotonic() + self._timeout\n        while True:\n            try:\n                value = method(self._driver)\n                if value:\n                    return value\n            except self._ignored_exceptions as exc:\n                screen = getattr(exc, \"screen\", None)\n                stacktrace = getattr(exc, \"stacktrace\", None)\n            if time.monotonic() > end_time:\n                break\n            time.sleep(self._poll)\n>       raise TimeoutException(message, screen, stacktrace)\nE       selenium.common.exceptions.TimeoutException: Message: \nE       Stacktrace:\nE       Symbols not available. Dumping unresolved backtrace:\nE       \t0x7ff6c092fe35\nE       \t0x7ff6c092fe90\nE       \t0x7ff6c06b139d\nE       \t0x7ff6c0709d8e\nE       \t0x7ff6c070a09c\nE       \t0x7ff6c075e8d7\nE       \t0x7ff6c075b61b\nE       \t0x7ff6c06fac6d\nE       \t0x7ff6c06fbae3\nE       \t0x7ff6c0bfa10d\nE       \t0x7ff6c0bf448a\nE       \t0x7ff6c0c15157\nE       \t0x7ff6c094a81e\nE       \t0x7ff6c095262f\nE       \t0x7ff6c0939324\nE       \t0x7ff6c09394df\nE       \t0x7ff6c091ee88\nE       \t0x7fffdc107374\nE       \t0x7fffddb5cc91\n\nD:\\Python310\\lib\\site-packages\\selenium\\webdriver\\support\\wait.py:138: TimeoutException","flaky":false,"newFailed":false,"newBroken":false,"newPassed":false,"retriesCount":0,"retriesStatusChange":false,"beforeStages":[{"name":"login_to_materialplan","time":{"start":1767637828638,"stop":1767637841847,"duration":13209},"status":"passed","steps":[],"attachments":[],"parameters":[],"attachmentsCount":0,"shouldDisplayMessage":false,"stepsCount":0,"hasContent":false,"attachmentStep":false}],"testStage":{"status":"broken","statusMessage":"selenium.common.exceptions.TimeoutException: Message: \nStacktrace:\nSymbols not available. Dumping unresolved backtrace:\n\t0x7ff6c092fe35\n\t0x7ff6c092fe90\n\t0x7ff6c06b139d\n\t0x7ff6c0709d8e\n\t0x7ff6c070a09c\n\t0x7ff6c075e8d7\n\t0x7ff6c075b61b\n\t0x7ff6c06fac6d\n\t0x7ff6c06fbae3\n\t0x7ff6c0bfa10d\n\t0x7ff6c0bf448a\n\t0x7ff6c0c15157\n\t0x7ff6c094a81e\n\t0x7ff6c095262f\n\t0x7ff6c0939324\n\t0x7ff6c09394df\n\t0x7ff6c091ee88\n\t0x7fffdc107374\n\t0x7fffddb5cc91","statusTrace":"self = <test_material.test_materialplan.TestMaterialPlanPage object at 0x000001FF2B4BDA80>, login_to_materialplan = <selenium.webdriver.chrome.webdriver.WebDriver (session=\"15d74f1752fdcef004913f562e411610\")>\n\n    @allure.story(\"执行成功\")\n    # @pytest.mark.run(order=1)\n    def test_materialplan_success(self, login_to_materialplan):\n        driver = login_to_materialplan\n        plan = PlanPage(driver)\n        wait = WebDriverWait(driver, 60)\n    \n        # 等待 el-loading-spinner 消失\n        WebDriverWait(driver, 10).until(\n            EC.invisibility_of_element_located((By.CLASS_NAME, \"el-loading-spinner\"))\n        )\n        target = WebDriverWait(driver, 10).until(\n            EC.element_to_be_clickable((By.XPATH, '//div[@class=\"vue-treeselect__control-arrow-container\"]'))\n        )\n        sleep(3)\n        target.click()\n    \n        # 等待第一个方案标签可点击后点击选择\n        first_option = wait.until(\n            EC.element_to_be_clickable(\n                (\n                    By.XPATH,\n                    '//div[@class=\"vue-treeselect__list\"]/div[1]',\n                )\n            )\n        )\n        first_option.click()\n    \n        # 执行计划\n        plan.click_plan()\n        # 等待“完成”的文本出现\n        success_element1 = wait.until(\n            EC.presence_of_element_located(\n                (By.XPATH, '(//div[@class=\"d-flex\"])[1]/p[text()=\" 完成 \"]')\n            )\n        )\n    \n        # 等待“完成”的文本出现\n>       success_element3 = wait.until(\n            EC.presence_of_element_located(\n                (By.XPATH, '(//div[@class=\"d-flex\"])[3]/p[text()=\" 完成 \"]')\n            )\n        )\n\nTests\\test_material\\test_materialplan.py:118: \n_ _ _ _ _ _ _ _ _ _ _ _ _ _ _ _ _ _ _ _ _ _ _ _ _ _ _ _ _ _ _ _ _ _ _ _ _ _ _ _ _ _ _ _ _ _ _ _ _ _ _ _ _ _ _ _ _ _ _ _ _ _ _ _ _ _ _ _ _ _ _ _ _ _ _ _ _ _ _ _ _ _ _ _ _ _ _ _ _ _ _ _ _ _ _ _ _ _ _ _ _ _ _ _ _ _ _ _ _ _ _ _ _ _ _ _\n\nself = <selenium.webdriver.support.wait.WebDriverWait (session=\"15d74f1752fdcef004913f562e411610\")>, method = <function presence_of_element_located.<locals>._predicate at 0x000001FF2D29A4D0>, message = ''\n\n    def until(self, method: Callable[[D], Union[Literal[False], T]], message: str = \"\") -> T:\n        \"\"\"Wait until the method returns a value that is not False.\n    \n        Calls the method provided with the driver as an argument until the\n        return value does not evaluate to ``False``.\n    \n        Parameters:\n        -----------\n        method: callable(WebDriver)\n            - A callable object that takes a WebDriver instance as an argument.\n    \n        message: str\n            - Optional message for :exc:`TimeoutException`\n    \n        Return:\n        -------\n        object: T\n            - The result of the last call to `method`\n    \n        Raises:\n        -------\n        TimeoutException\n            - If 'method' does not return a truthy value within the WebDriverWait\n            object's timeout\n    \n        Example:\n        --------\n        >>> from selenium.webdriver.common.by import By\n        >>> from selenium.webdriver.support.ui import WebDriverWait\n        >>> from selenium.webdriver.support import expected_conditions as EC\n    \n        # Wait until an element is visible on the page\n        >>> wait = WebDriverWait(driver, 10)\n        >>> element = wait.until(EC.visibility_of_element_located((By.ID, \"exampleId\")))\n        >>> print(element.text)\n        \"\"\"\n        screen = None\n        stacktrace = None\n    \n        end_time = time.monotonic() + self._timeout\n        while True:\n            try:\n                value = method(self._driver)\n                if value:\n                    return value\n            except self._ignored_exceptions as exc:\n                screen = getattr(exc, \"screen\", None)\n                stacktrace = getattr(exc, \"stacktrace\", None)\n            if time.monotonic() > end_time:\n                break\n            time.sleep(self._poll)\n>       raise TimeoutException(message, screen, stacktrace)\nE       selenium.common.exceptions.TimeoutException: Message: \nE       Stacktrace:\nE       Symbols not available. Dumping unresolved backtrace:\nE       \t0x7ff6c092fe35\nE       \t0x7ff6c092fe90\nE       \t0x7ff6c06b139d\nE       \t0x7ff6c0709d8e\nE       \t0x7ff6c070a09c\nE       \t0x7ff6c075e8d7\nE       \t0x7ff6c075b61b\nE       \t0x7ff6c06fac6d\nE       \t0x7ff6c06fbae3\nE       \t0x7ff6c0bfa10d\nE       \t0x7ff6c0bf448a\nE       \t0x7ff6c0c15157\nE       \t0x7ff6c094a81e\nE       \t0x7ff6c095262f\nE       \t0x7ff6c0939324\nE       \t0x7ff6c09394df\nE       \t0x7ff6c091ee88\nE       \t0x7fffdc107374\nE       \t0x7fffddb5cc91\n\nD:\\Python310\\lib\\site-packages\\selenium\\webdriver\\support\\wait.py:138: TimeoutException","steps":[],"attachments":[{"uid":"ac8103a2fe366fe","name":"test_materialplan_success_20260106_023146","source":"ac8103a2fe366fe.png","type":"image/png","size":104552},{"uid":"7412e66ece4680fe","name":"log","source":"7412e66ece4680fe.txt","type":"text/plain","size":1293}],"parameters":[],"attachmentsCount":2,"shouldDisplayMessage":true,"stepsCount":0,"hasContent":true,"attachmentStep":false},"afterStages":[{"name":"login_to_materialplan::0","time":{"start":1767637906633,"stop":1767637908781,"duration":2148},"status":"passed","steps":[],"attachments":[],"parameters":[],"attachmentsCount":0,"shouldDisplayMessage":false,"stepsCount":0,"hasContent":false,"attachmentStep":false}],"labels":[{"name":"feature","value":"物控计算测试用例"},{"name":"story","value":"执行成功"},{"name":"parentSuite","value":"Tests.test_material"},{"name":"suite","value":"test_materialplan"},{"name":"subSuite","value":"TestMaterialPlanPage"},{"name":"host","value":"DESKTOP-L7L44NB"},{"name":"thread","value":"35836-MainThread"},{"name":"framework","value":"pytest"},{"name":"language","value":"cpython3"},{"name":"package","value":"Tests.test_material.test_materialplan"},{"name":"resultFormat","value":"allure2"}],"parameters":[],"links":[],"hidden":true,"retry":true,"extra":{"categories":[],"tags":[]},"source":"ef77f7f4594edb0b.json","parameterValues":[]}