{"uid":"f62f46faf016a928","name":"test_setting_label_nodisplay","fullName":"Tests.test_items.test_setting.TestSettingPage#test_setting_label_nodisplay","historyId":"a639239f431948aaa55ab9115e82cce6","time":{"start":1766168812478,"stop":1766168821615,"duration":9137},"status":"failed","statusMessage":"AssertionError: 页面上没有找到'标签3'\nassert '\\u6807\\u7b7e3' not in '\\u6807\\u7b7e3'\n  \n  '标签3' is contained here:\n    标签3","statusTrace":"self = <test_items.test_setting.TestSettingPage object at 0x000001BB367BCF40>, login_to_setting = <selenium.webdriver.chrome.webdriver.WebDriver (session=\"34dc358ae5acd3bf190e0027213e5678\")>\n\n    @allure.story(\"标签设置不显示在快速查询下放\")\n    # @pytest.mark.run(order=1)\n    def test_setting_label_nodisplay(self, login_to_setting):\n        driver = login_to_setting  # WebDriver 实例\n        setting = SettingPage(driver)  # 用 driver 初始化 SettingPage\n        layout = \"测试布局A\"\n        lable = \"标签3\"\n        sleep(1)\n        setting.click_button(f'//div[@class=\"tabsDivItemCon\"]/div[text()=\" {layout} \"]')\n        setting.click_button('//div[@class=\"toolTabsDiv\"]/div[2]/div[5]//i')\n        sleep(1)\n        setting.click_button(\n            f'//div[@class=\"labelItem\" and ./div[text()=\" {lable} \"]]//i[@title=\"编辑\"]'\n        )\n        ele = setting.get_find_element_xpath('//div[text()=\"是否显示在快速查询下方:\"]/following-sibling::label/span')\n        if ele.get_attribute(\"class\") == \"ivu-checkbox\":\n            setting.click_button('(//button[@class=\"ivu-btn ivu-btn-primary\"])[last()]')\n        else:\n            setting.click_button('//div[text()=\"是否显示在快速查询下方:\"]/following-sibling::label/span')\n            setting.click_button('(//button[@class=\"ivu-btn ivu-btn-primary\"])[last()]')\n    \n        sleep(1)\n        driver.refresh()\n        setting.click_button(f'//div[@class=\"tabsDivItemCon\"]/div[text()=\" {layout} \"]')\n        sleep(1)\n        eles = driver.find_elements(By.XPATH, '//div[@class=\"labelItemDIv\"]')\n        all_text = \" \".join([element.get_attribute(\"innerText\") for element in eles])\n>       assert lable not in all_text, f\"页面上没有找到'{lable}'\"\nE       AssertionError: 页面上没有找到'标签3'\nE       assert '\\u6807\\u7b7e3' not in '\\u6807\\u7b7e3'\nE         \nE         '标签3' is contained here:\nE           标签3\n\nTests\\test_items\\test_setting.py:2041: AssertionError","flaky":false,"newFailed":false,"newBroken":false,"newPassed":false,"retriesCount":0,"retriesStatusChange":false,"beforeStages":[{"name":"login_to_setting","time":{"start":1766168791371,"stop":1766168812477,"duration":21106},"status":"passed","steps":[],"attachments":[],"parameters":[],"attachmentsCount":0,"shouldDisplayMessage":false,"hasContent":false,"stepsCount":0,"attachmentStep":false}],"testStage":{"status":"failed","statusMessage":"AssertionError: 页面上没有找到'标签3'\nassert '\\u6807\\u7b7e3' not in '\\u6807\\u7b7e3'\n  \n  '标签3' is contained here:\n    标签3","statusTrace":"self = <test_items.test_setting.TestSettingPage object at 0x000001BB367BCF40>, login_to_setting = <selenium.webdriver.chrome.webdriver.WebDriver (session=\"34dc358ae5acd3bf190e0027213e5678\")>\n\n    @allure.story(\"标签设置不显示在快速查询下放\")\n    # @pytest.mark.run(order=1)\n    def test_setting_label_nodisplay(self, login_to_setting):\n        driver = login_to_setting  # WebDriver 实例\n        setting = SettingPage(driver)  # 用 driver 初始化 SettingPage\n        layout = \"测试布局A\"\n        lable = \"标签3\"\n        sleep(1)\n        setting.click_button(f'//div[@class=\"tabsDivItemCon\"]/div[text()=\" {layout} \"]')\n        setting.click_button('//div[@class=\"toolTabsDiv\"]/div[2]/div[5]//i')\n        sleep(1)\n        setting.click_button(\n            f'//div[@class=\"labelItem\" and ./div[text()=\" {lable} \"]]//i[@title=\"编辑\"]'\n        )\n        ele = setting.get_find_element_xpath('//div[text()=\"是否显示在快速查询下方:\"]/following-sibling::label/span')\n        if ele.get_attribute(\"class\") == \"ivu-checkbox\":\n            setting.click_button('(//button[@class=\"ivu-btn ivu-btn-primary\"])[last()]')\n        else:\n            setting.click_button('//div[text()=\"是否显示在快速查询下方:\"]/following-sibling::label/span')\n            setting.click_button('(//button[@class=\"ivu-btn ivu-btn-primary\"])[last()]')\n    \n        sleep(1)\n        driver.refresh()\n        setting.click_button(f'//div[@class=\"tabsDivItemCon\"]/div[text()=\" {layout} \"]')\n        sleep(1)\n        eles = driver.find_elements(By.XPATH, '//div[@class=\"labelItemDIv\"]')\n        all_text = \" \".join([element.get_attribute(\"innerText\") for element in eles])\n>       assert lable not in all_text, f\"页面上没有找到'{lable}'\"\nE       AssertionError: 页面上没有找到'标签3'\nE       assert '\\u6807\\u7b7e3' not in '\\u6807\\u7b7e3'\nE         \nE         '标签3' is contained here:\nE           标签3\n\nTests\\test_items\\test_setting.py:2041: AssertionError","steps":[],"attachments":[{"uid":"d599156b1dd1222e","name":"test_setting_label_nodisplay","source":"d599156b1dd1222e.png","type":"image/png","size":92855},{"uid":"71130e348c3b2a2c","name":"log","source":"71130e348c3b2a2c.txt","type":"text/plain","size":2506}],"parameters":[],"attachmentsCount":2,"shouldDisplayMessage":true,"hasContent":true,"stepsCount":0,"attachmentStep":false},"afterStages":[{"name":"login_to_setting::0","time":{"start":1766168821816,"stop":1766168823958,"duration":2142},"status":"passed","steps":[],"attachments":[],"parameters":[],"attachmentsCount":0,"shouldDisplayMessage":false,"hasContent":false,"stepsCount":0,"attachmentStep":false}],"labels":[{"name":"feature","value":"标准应用设置测试用例"},{"name":"story","value":"标签设置不显示在快速查询下放"},{"name":"parentSuite","value":"Tests.test_items"},{"name":"suite","value":"test_setting"},{"name":"subSuite","value":"TestSettingPage"},{"name":"host","value":"DESKTOP-L7L44NB"},{"name":"thread","value":"72920-MainThread"},{"name":"framework","value":"pytest"},{"name":"language","value":"cpython3"},{"name":"package","value":"Tests.test_items.test_setting"},{"name":"resultFormat","value":"allure2"}],"parameters":[],"links":[],"hidden":true,"retry":true,"extra":{"categories":[],"tags":[]},"source":"f62f46faf016a928.json","parameterValues":[]}