{"uid":"fbb63901086be6b5","name":"test_inTransitInventory_add_success","fullName":"Tests.test_material.test_inTransitInventory.TestItemPage#test_inTransitInventory_add_success","historyId":"8028b7067f82b4e798dd315bd181c0aa","time":{"start":1768239352835,"stop":1768239352835,"duration":0},"status":"broken","statusMessage":"selenium.common.exceptions.WebDriverException: Message: unknown error: net::ERR_CONNECTION_RESET\n  (Session info: chrome=142.0.7444.60)\nStacktrace:\nSymbols not available. Dumping unresolved backtrace:\n\t0x7ff66d2efe35\n\t0x7ff66d2efe90\n\t0x7ff66d07139d\n\t0x7ff66d06def8\n\t0x7ff66d05e779\n\t0x7ff66d0605a7\n\t0x7ff66d05ed35\n\t0x7ff66d05e4e7\n\t0x7ff66d05e1ab\n\t0x7ff66d05bd15\n\t0x7ff66d05c5ac\n\t0x7ff66d0756aa\n\t0x7ff66d11c41e\n\t0x7ff66d0f265a\n\t0x7ff66d11b61b\n\t0x7ff66d0bac6d\n\t0x7ff66d0bbae3\n\t0x7ff66d5ba10d\n\t0x7ff66d5b448a\n\t0x7ff66d5d5157\n\t0x7ff66d30a81e\n\t0x7ff66d31262f\n\t0x7ff66d2f9324\n\t0x7ff66d2f94df\n\t0x7ff66d2dee88\n\t0x7ff9e6a37374\n\t0x7ff9e86dcc91","statusTrace":"@pytest.fixture  # (scope=\"class\")这个参数表示整个测试类共用同一个浏览器，默认一个用例执行一次\n    def login_to_item():\n        \"\"\"初始化并返回 driver\"\"\"\n        driver_path = DateDriver().driver_path\n        driver = create_driver(driver_path)\n        driver.implicitly_wait(3)\n    \n        # 初始化登录页面\n        page = LoginPage(driver)  # 初始化登录页面\n>       page.navigate_to(DateDriver().url)  # 导航到登录页面\n\nTests\\test_material\\test_inTransitInventory.py:29: \n_ _ _ _ _ _ _ _ _ _ _ _ _ _ _ _ _ _ _ _ _ _ _ _ _ _ _ _ _ _ _ _ _ _ _ _ _ _ _ _ _ _ _ _ _ _ _ _ _ _ _ _ _ _ _ _ _ _ _ _ _ _ _ _ _ _ _ _ _ _ _ _ _ _ _ _ _ _ _ _ _ _ _ _ _ _ _ _ _ _ _ _ _ _ _ _ _ _ _ _ _ _ _ _ _ _ _ _ _ _ _ _ _ _ _ _\nPages\\base_page.py:107: in navigate_to\n    self.driver.get(url)\nD:\\Python310\\lib\\site-packages\\selenium\\webdriver\\remote\\webdriver.py:472: in get\n    self.execute(Command.GET, {\"url\": url})\nD:\\Python310\\lib\\site-packages\\selenium\\webdriver\\remote\\webdriver.py:447: in execute\n    self.error_handler.check_response(response)\n_ _ _ _ _ _ _ _ _ _ _ _ _ _ _ _ _ _ _ _ _ _ _ _ _ _ _ _ _ _ _ _ _ _ _ _ _ _ _ _ _ _ _ _ _ _ _ _ _ _ _ _ _ _ _ _ _ _ _ _ _ _ _ _ _ _ _ _ _ _ _ _ _ _ _ _ _ _ _ _ _ _ _ _ _ _ _ _ _ _ _ _ _ _ _ _ _ _ _ _ _ _ _ _ _ _ _ _ _ _ _ _ _ _ _ _\n\nself = <selenium.webdriver.remote.errorhandler.ErrorHandler object at 0x000001F2236DEDD0>\nresponse = {'status': 500, 'value': '{\"value\":{\"error\":\"unknown error\",\"message\":\"unknown error: net::ERR_CONNECTION_RESET\\\\n  (S...ff66d31262f\\\\n\\\\t0x7ff66d2f9324\\\\n\\\\t0x7ff66d2f94df\\\\n\\\\t0x7ff66d2dee88\\\\n\\\\t0x7ff9e6a37374\\\\n\\\\t0x7ff9e86dcc91\\\\n\"}}'}\n\n    def check_response(self, response: Dict[str, Any]) -> None:\n        \"\"\"Checks that a JSON response from the WebDriver does not have an\n        error.\n    \n        :Args:\n         - response - The JSON response from the WebDriver server as a dictionary\n           object.\n    \n        :Raises: If the response contains an error message.\n        \"\"\"\n        status = response.get(\"status\", None)\n        if not status or status == ErrorCode.SUCCESS:\n            return\n        value = None\n        message = response.get(\"message\", \"\")\n        screen: str = response.get(\"screen\", \"\")\n        stacktrace = None\n        if isinstance(status, int):\n            value_json = response.get(\"value\", None)\n            if value_json and isinstance(value_json, str):\n                import json\n    \n                try:\n                    value = json.loads(value_json)\n                    if len(value) == 1:\n                        value = value[\"value\"]\n                    status = value.get(\"error\", None)\n                    if not status:\n                        status = value.get(\"status\", ErrorCode.UNKNOWN_ERROR)\n                        message = value.get(\"value\") or value.get(\"message\")\n                        if not isinstance(message, str):\n                            value = message\n                            message = message.get(\"message\")\n                    else:\n                        message = value.get(\"message\", None)\n                except ValueError:\n                    pass\n    \n        exception_class: Type[WebDriverException]\n        e = ErrorCode()\n        error_codes = [item for item in dir(e) if not item.startswith(\"__\")]\n        for error_code in error_codes:\n            error_info = getattr(ErrorCode, error_code)\n            if isinstance(error_info, list) and status in error_info:\n                exception_class = getattr(ExceptionMapping, error_code, WebDriverException)\n                break\n        else:\n            exception_class = WebDriverException\n    \n        if not value:\n            value = response[\"value\"]\n        if isinstance(value, str):\n            raise exception_class(value)\n        if message == \"\" and \"message\" in value:\n            message = value[\"message\"]\n    \n        screen = None  # type: ignore[assignment]\n        if \"screen\" in value:\n            screen = value[\"screen\"]\n    \n        stacktrace = None\n        st_value = value.get(\"stackTrace\") or value.get(\"stacktrace\")\n        if st_value:\n            if isinstance(st_value, str):\n                stacktrace = st_value.split(\"\\n\")\n            else:\n                stacktrace = []\n                try:\n                    for frame in st_value:\n                        line = frame.get(\"lineNumber\", \"\")\n                        file = frame.get(\"fileName\", \"<anonymous>\")\n                        if line:\n                            file = f\"{file}:{line}\"\n                        meth = frame.get(\"methodName\", \"<anonymous>\")\n                        if \"className\" in frame:\n                            meth = f\"{frame['className']}.{meth}\"\n                        msg = \"    at %s (%s)\"\n                        msg = msg % (meth, file)\n                        stacktrace.append(msg)\n                except TypeError:\n                    pass\n        if exception_class == UnexpectedAlertPresentException:\n            alert_text = None\n            if \"data\" in value:\n                alert_text = value[\"data\"].get(\"text\")\n            elif \"alert\" in value:\n                alert_text = value[\"alert\"].get(\"text\")\n            raise exception_class(message, screen, stacktrace, alert_text)  # type: ignore[call-arg]  # mypy is not smart enough here\n>       raise exception_class(message, screen, stacktrace)\nE       selenium.common.exceptions.WebDriverException: Message: unknown error: net::ERR_CONNECTION_RESET\nE         (Session info: chrome=142.0.7444.60)\nE       Stacktrace:\nE       Symbols not available. Dumping unresolved backtrace:\nE       \t0x7ff66d2efe35\nE       \t0x7ff66d2efe90\nE       \t0x7ff66d07139d\nE       \t0x7ff66d06def8\nE       \t0x7ff66d05e779\nE       \t0x7ff66d0605a7\nE       \t0x7ff66d05ed35\nE       \t0x7ff66d05e4e7\nE       \t0x7ff66d05e1ab\nE       \t0x7ff66d05bd15\nE       \t0x7ff66d05c5ac\nE       \t0x7ff66d0756aa\nE       \t0x7ff66d11c41e\nE       \t0x7ff66d0f265a\nE       \t0x7ff66d11b61b\nE       \t0x7ff66d0bac6d\nE       \t0x7ff66d0bbae3\nE       \t0x7ff66d5ba10d\nE       \t0x7ff66d5b448a\nE       \t0x7ff66d5d5157\nE       \t0x7ff66d30a81e\nE       \t0x7ff66d31262f\nE       \t0x7ff66d2f9324\nE       \t0x7ff66d2f94df\nE       \t0x7ff66d2dee88\nE       \t0x7ff9e6a37374\nE       \t0x7ff9e86dcc91\n\nD:\\Python310\\lib\\site-packages\\selenium\\webdriver\\remote\\errorhandler.py:232: WebDriverException","flaky":false,"newFailed":false,"newBroken":false,"newPassed":false,"retriesCount":1,"retriesStatusChange":false,"beforeStages":[{"name":"login_to_item","time":{"start":1768239352835,"stop":1768239355185,"duration":2350},"status":"broken","statusMessage":"selenium.common.exceptions.WebDriverException: Message: unknown error: net::ERR_CONNECTION_RESET\n  (Session info: chrome=142.0.7444.60)\nStacktrace:\nSymbols not available. Dumping unresolved backtrace:\n\t0x7ff66d2efe35\n\t0x7ff66d2efe90\n\t0x7ff66d07139d\n\t0x7ff66d06def8\n\t0x7ff66d05e779\n\t0x7ff66d0605a7\n\t0x7ff66d05ed35\n\t0x7ff66d05e4e7\n\t0x7ff66d05e1ab\n\t0x7ff66d05bd15\n\t0x7ff66d05c5ac\n\t0x7ff66d0756aa\n\t0x7ff66d11c41e\n\t0x7ff66d0f265a\n\t0x7ff66d11b61b\n\t0x7ff66d0bac6d\n\t0x7ff66d0bbae3\n\t0x7ff66d5ba10d\n\t0x7ff66d5b448a\n\t0x7ff66d5d5157\n\t0x7ff66d30a81e\n\t0x7ff66d31262f\n\t0x7ff66d2f9324\n\t0x7ff66d2f94df\n\t0x7ff66d2dee88\n\t0x7ff9e6a37374\n\t0x7ff9e86dcc91\n\n","statusTrace":"  File \"D:\\Python310\\lib\\site-packages\\pluggy\\_callers.py\", line 38, in run_old_style_hookwrapper\n    res = yield\n  File \"D:\\Python310\\lib\\site-packages\\pluggy\\_callers.py\", line 139, in _multicall\n    teardown.throw(exception)\n  File \"D:\\Python310\\lib\\site-packages\\pluggy\\_callers.py\", line 53, in run_old_style_hookwrapper\n    return result.get_result()\n  File \"D:\\Python310\\lib\\site-packages\\pluggy\\_result.py\", line 103, in get_result\n    raise exc.with_traceback(tb)\n  File \"D:\\Python310\\lib\\site-packages\\pluggy\\_callers.py\", line 38, in run_old_style_hookwrapper\n    res = yield\n  File \"D:\\Python310\\lib\\site-packages\\pluggy\\_callers.py\", line 139, in _multicall\n    teardown.throw(exception)\n  File \"D:\\Python310\\lib\\site-packages\\_pytest\\setuponly.py\", line 36, in pytest_fixture_setup\n    return (yield)\n  File \"D:\\Python310\\lib\\site-packages\\pluggy\\_callers.py\", line 121, in _multicall\n    res = hook_impl.function(*args)\n  File \"D:\\Python310\\lib\\site-packages\\_pytest\\fixtures.py\", line 1195, in pytest_fixture_setup\n    result = call_fixture_func(fixturefunc, request, kwargs)\n  File \"D:\\Python310\\lib\\site-packages\\_pytest\\fixtures.py\", line 922, in call_fixture_func\n    fixture_result = next(generator)\n  File \"D:\\PycharmProjects\\APS\\Tests\\test_material\\test_inTransitInventory.py\", line 29, in login_to_item\n    page.navigate_to(DateDriver().url)  # 导航到登录页面\n  File \"D:\\PycharmProjects\\APS\\Pages\\base_page.py\", line 107, in navigate_to\n    self.driver.get(url)\n  File \"D:\\Python310\\lib\\site-packages\\selenium\\webdriver\\remote\\webdriver.py\", line 472, in get\n    self.execute(Command.GET, {\"url\": url})\n  File \"D:\\Python310\\lib\\site-packages\\selenium\\webdriver\\remote\\webdriver.py\", line 447, in execute\n    self.error_handler.check_response(response)\n  File \"D:\\Python310\\lib\\site-packages\\selenium\\webdriver\\remote\\errorhandler.py\", line 232, in check_response\n    raise exception_class(message, screen, stacktrace)\n","steps":[],"attachments":[{"uid":"7ed8c485bfd2df2d","name":"Tests_test_material_test_inTransitInventory.py__TestItemPage__test_inTransitInventory_add_success_20260113_013554","source":"7ed8c485bfd2df2d.png","type":"image/png","size":8127},{"uid":"3d1fd2a8586567cb","name":"Tests_test_material_test_inTransitInventory.py__TestItemPage__test_inTransitInventory_add_success_20260113_013554","source":"3d1fd2a8586567cb.png","type":"image/png","size":19252},{"uid":"5f32e43db7ea58ea","name":"Tests_test_material_test_inTransitInventory.py__TestItemPage__test_inTransitInventory_add_success_20260113_013554","source":"5f32e43db7ea58ea.png","type":"image/png","size":19252},{"uid":"8c0737f4abfbcb9f","name":"Tests_test_material_test_inTransitInventory.py__TestItemPage__test_inTransitInventory_add_success_20260113_013554","source":"8c0737f4abfbcb9f.png","type":"image/png","size":19252},{"uid":"ff79c2d751122487","name":"Tests_test_material_test_inTransitInventory.py__TestItemPage__test_inTransitInventory_add_success_20260113_013554","source":"ff79c2d751122487.png","type":"image/png","size":19252},{"uid":"bf01e6948171aadc","name":"Tests_test_material_test_inTransitInventory.py__TestItemPage__test_inTransitInventory_add_success_20260113_013554","source":"bf01e6948171aadc.png","type":"image/png","size":19252},{"uid":"884b2b8a37c1ccd2","name":"Tests_test_material_test_inTransitInventory.py__TestItemPage__test_inTransitInventory_add_success_20260113_013555","source":"884b2b8a37c1ccd2.png","type":"image/png","size":19252},{"uid":"92c1f2f761e317ab","name":"Tests_test_material_test_inTransitInventory.py__TestItemPage__test_inTransitInventory_add_success_20260113_013555","source":"92c1f2f761e317ab.png","type":"image/png","size":25727}],"parameters":[],"hasContent":true,"stepsCount":0,"attachmentStep":false,"shouldDisplayMessage":true,"attachmentsCount":8},{"name":"setup","time":{"start":1768239391172,"stop":1768239391203,"duration":31},"status":"passed","steps":[],"attachments":[],"parameters":[],"hasContent":false,"stepsCount":0,"attachmentStep":false,"shouldDisplayMessage":false,"attachmentsCount":0}],"testStage":{"status":"broken","statusMessage":"selenium.common.exceptions.WebDriverException: Message: unknown error: net::ERR_CONNECTION_RESET\n  (Session info: chrome=142.0.7444.60)\nStacktrace:\nSymbols not available. Dumping unresolved backtrace:\n\t0x7ff66d2efe35\n\t0x7ff66d2efe90\n\t0x7ff66d07139d\n\t0x7ff66d06def8\n\t0x7ff66d05e779\n\t0x7ff66d0605a7\n\t0x7ff66d05ed35\n\t0x7ff66d05e4e7\n\t0x7ff66d05e1ab\n\t0x7ff66d05bd15\n\t0x7ff66d05c5ac\n\t0x7ff66d0756aa\n\t0x7ff66d11c41e\n\t0x7ff66d0f265a\n\t0x7ff66d11b61b\n\t0x7ff66d0bac6d\n\t0x7ff66d0bbae3\n\t0x7ff66d5ba10d\n\t0x7ff66d5b448a\n\t0x7ff66d5d5157\n\t0x7ff66d30a81e\n\t0x7ff66d31262f\n\t0x7ff66d2f9324\n\t0x7ff66d2f94df\n\t0x7ff66d2dee88\n\t0x7ff9e6a37374\n\t0x7ff9e86dcc91","statusTrace":"@pytest.fixture  # (scope=\"class\")这个参数表示整个测试类共用同一个浏览器，默认一个用例执行一次\n    def login_to_item():\n        \"\"\"初始化并返回 driver\"\"\"\n        driver_path = DateDriver().driver_path\n        driver = create_driver(driver_path)\n        driver.implicitly_wait(3)\n    \n        # 初始化登录页面\n        page = LoginPage(driver)  # 初始化登录页面\n>       page.navigate_to(DateDriver().url)  # 导航到登录页面\n\nTests\\test_material\\test_inTransitInventory.py:29: \n_ _ _ _ _ _ _ _ _ _ _ _ _ _ _ _ _ _ _ _ _ _ _ _ _ _ _ _ _ _ _ _ _ _ _ _ _ _ _ _ _ _ _ _ _ _ _ _ _ _ _ _ _ _ _ _ _ _ _ _ _ _ _ _ _ _ _ _ _ _ _ _ _ _ _ _ _ _ _ _ _ _ _ _ _ _ _ _ _ _ _ _ _ _ _ _ _ _ _ _ _ _ _ _ _ _ _ _ _ _ _ _ _ _ _ _\nPages\\base_page.py:107: in navigate_to\n    self.driver.get(url)\nD:\\Python310\\lib\\site-packages\\selenium\\webdriver\\remote\\webdriver.py:472: in get\n    self.execute(Command.GET, {\"url\": url})\nD:\\Python310\\lib\\site-packages\\selenium\\webdriver\\remote\\webdriver.py:447: in execute\n    self.error_handler.check_response(response)\n_ _ _ _ _ _ _ _ _ _ _ _ _ _ _ _ _ _ _ _ _ _ _ _ _ _ _ _ _ _ _ _ _ _ _ _ _ _ _ _ _ _ _ _ _ _ _ _ _ _ _ _ _ _ _ _ _ _ _ _ _ _ _ _ _ _ _ _ _ _ _ _ _ _ _ _ _ _ _ _ _ _ _ _ _ _ _ _ _ _ _ _ _ _ _ _ _ _ _ _ _ _ _ _ _ _ _ _ _ _ _ _ _ _ _ _\n\nself = <selenium.webdriver.remote.errorhandler.ErrorHandler object at 0x000001F2236DEDD0>\nresponse = {'status': 500, 'value': '{\"value\":{\"error\":\"unknown error\",\"message\":\"unknown error: net::ERR_CONNECTION_RESET\\\\n  (S...ff66d31262f\\\\n\\\\t0x7ff66d2f9324\\\\n\\\\t0x7ff66d2f94df\\\\n\\\\t0x7ff66d2dee88\\\\n\\\\t0x7ff9e6a37374\\\\n\\\\t0x7ff9e86dcc91\\\\n\"}}'}\n\n    def check_response(self, response: Dict[str, Any]) -> None:\n        \"\"\"Checks that a JSON response from the WebDriver does not have an\n        error.\n    \n        :Args:\n         - response - The JSON response from the WebDriver server as a dictionary\n           object.\n    \n        :Raises: If the response contains an error message.\n        \"\"\"\n        status = response.get(\"status\", None)\n        if not status or status == ErrorCode.SUCCESS:\n            return\n        value = None\n        message = response.get(\"message\", \"\")\n        screen: str = response.get(\"screen\", \"\")\n        stacktrace = None\n        if isinstance(status, int):\n            value_json = response.get(\"value\", None)\n            if value_json and isinstance(value_json, str):\n                import json\n    \n                try:\n                    value = json.loads(value_json)\n                    if len(value) == 1:\n                        value = value[\"value\"]\n                    status = value.get(\"error\", None)\n                    if not status:\n                        status = value.get(\"status\", ErrorCode.UNKNOWN_ERROR)\n                        message = value.get(\"value\") or value.get(\"message\")\n                        if not isinstance(message, str):\n                            value = message\n                            message = message.get(\"message\")\n                    else:\n                        message = value.get(\"message\", None)\n                except ValueError:\n                    pass\n    \n        exception_class: Type[WebDriverException]\n        e = ErrorCode()\n        error_codes = [item for item in dir(e) if not item.startswith(\"__\")]\n        for error_code in error_codes:\n            error_info = getattr(ErrorCode, error_code)\n            if isinstance(error_info, list) and status in error_info:\n                exception_class = getattr(ExceptionMapping, error_code, WebDriverException)\n                break\n        else:\n            exception_class = WebDriverException\n    \n        if not value:\n            value = response[\"value\"]\n        if isinstance(value, str):\n            raise exception_class(value)\n        if message == \"\" and \"message\" in value:\n            message = value[\"message\"]\n    \n        screen = None  # type: ignore[assignment]\n        if \"screen\" in value:\n            screen = value[\"screen\"]\n    \n        stacktrace = None\n        st_value = value.get(\"stackTrace\") or value.get(\"stacktrace\")\n        if st_value:\n            if isinstance(st_value, str):\n                stacktrace = st_value.split(\"\\n\")\n            else:\n                stacktrace = []\n                try:\n                    for frame in st_value:\n                        line = frame.get(\"lineNumber\", \"\")\n                        file = frame.get(\"fileName\", \"<anonymous>\")\n                        if line:\n                            file = f\"{file}:{line}\"\n                        meth = frame.get(\"methodName\", \"<anonymous>\")\n                        if \"className\" in frame:\n                            meth = f\"{frame['className']}.{meth}\"\n                        msg = \"    at %s (%s)\"\n                        msg = msg % (meth, file)\n                        stacktrace.append(msg)\n                except TypeError:\n                    pass\n        if exception_class == UnexpectedAlertPresentException:\n            alert_text = None\n            if \"data\" in value:\n                alert_text = value[\"data\"].get(\"text\")\n            elif \"alert\" in value:\n                alert_text = value[\"alert\"].get(\"text\")\n            raise exception_class(message, screen, stacktrace, alert_text)  # type: ignore[call-arg]  # mypy is not smart enough here\n>       raise exception_class(message, screen, stacktrace)\nE       selenium.common.exceptions.WebDriverException: Message: unknown error: net::ERR_CONNECTION_RESET\nE         (Session info: chrome=142.0.7444.60)\nE       Stacktrace:\nE       Symbols not available. Dumping unresolved backtrace:\nE       \t0x7ff66d2efe35\nE       \t0x7ff66d2efe90\nE       \t0x7ff66d07139d\nE       \t0x7ff66d06def8\nE       \t0x7ff66d05e779\nE       \t0x7ff66d0605a7\nE       \t0x7ff66d05ed35\nE       \t0x7ff66d05e4e7\nE       \t0x7ff66d05e1ab\nE       \t0x7ff66d05bd15\nE       \t0x7ff66d05c5ac\nE       \t0x7ff66d0756aa\nE       \t0x7ff66d11c41e\nE       \t0x7ff66d0f265a\nE       \t0x7ff66d11b61b\nE       \t0x7ff66d0bac6d\nE       \t0x7ff66d0bbae3\nE       \t0x7ff66d5ba10d\nE       \t0x7ff66d5b448a\nE       \t0x7ff66d5d5157\nE       \t0x7ff66d30a81e\nE       \t0x7ff66d31262f\nE       \t0x7ff66d2f9324\nE       \t0x7ff66d2f94df\nE       \t0x7ff66d2dee88\nE       \t0x7ff9e6a37374\nE       \t0x7ff9e86dcc91\n\nD:\\Python310\\lib\\site-packages\\selenium\\webdriver\\remote\\errorhandler.py:232: WebDriverException","steps":[],"attachments":[{"uid":"45289a88b86f6b62","name":"test_inTransitInventory_add_success_20260113_013555","source":"45289a88b86f6b62.png","type":"image/png","size":8047},{"uid":"d6b2d510bcc52672","name":"test_inTransitInventory_add_success_20260113_013555","source":"d6b2d510bcc52672.png","type":"image/png","size":19252},{"uid":"4a94c0af52d7aee4","name":"test_inTransitInventory_add_success_20260113_013555","source":"4a94c0af52d7aee4.png","type":"image/png","size":19252},{"uid":"fb7dea3463cbe8ff","name":"test_inTransitInventory_add_success_20260113_013555","source":"fb7dea3463cbe8ff.png","type":"image/png","size":19252},{"uid":"ee53bfb8f4dafd78","name":"test_inTransitInventory_add_success_20260113_013555","source":"ee53bfb8f4dafd78.png","type":"image/png","size":19252},{"uid":"55c6f617f89c453c","name":"test_inTransitInventory_add_success_20260113_013555","source":"55c6f617f89c453c.png","type":"image/png","size":19252},{"uid":"6449166fb7bd86d6","name":"test_inTransitInventory_add_success_20260113_013555","source":"6449166fb7bd86d6.png","type":"image/png","size":19252},{"uid":"12403fe774419f0d","name":"test_inTransitInventory_add_success_20260113_013556","source":"12403fe774419f0d.png","type":"image/png","size":25727},{"uid":"bb04a0daec0a8902","name":"log","source":"bb04a0daec0a8902.txt","type":"text/plain","size":15713}],"parameters":[],"hasContent":true,"stepsCount":0,"attachmentStep":false,"shouldDisplayMessage":true,"attachmentsCount":9},"afterStages":[],"labels":[{"name":"story","value":"新增全部数据测试"},{"name":"feature","value":"在途库存测试用例"},{"name":"parentSuite","value":"Tests.test_material"},{"name":"suite","value":"test_inTransitInventory"},{"name":"subSuite","value":"TestItemPage"},{"name":"host","value":"DESKTOP-L7L44NB"},{"name":"thread","value":"11696-MainThread"},{"name":"framework","value":"pytest"},{"name":"language","value":"cpython3"},{"name":"package","value":"Tests.test_material.test_inTransitInventory"},{"name":"resultFormat","value":"allure2"}],"parameters":[],"links":[],"hidden":false,"retry":false,"extra":{"severity":"normal","retries":[{"uid":"a44c8cfdf87a43de","status":"broken","statusDetails":"selenium.common.exceptions.TimeoutException: Message: \nStacktrace:\nSymbols not available. Dumping unresolved backtrace:\n\t0x7ff66d2efe35\n\t0x7ff66d2efe90\n\t0x7ff66d07139d\n\t0x7ff66d0c9d8e\n\t0x7ff66d0ca09c\n\t0x7ff66d11e8d7\n\t0x7ff66d11b61b\n\t0x7ff66d0bac6d\n\t0x7ff66d0bbae3\n\t0x7ff66d5ba10d\n\t0x7ff66d5b448a\n\t0x7ff66d5d5157\n\t0x7ff66d30a81e\n\t0x7ff66d31262f\n\t0x7ff66d2f9324\n\t0x7ff66d2f94df\n\t0x7ff66d2dee88\n\t0x7ff9e6a37374\n\t0x7ff9e86dcc91","time":{"start":1768239336508,"stop":1768239336508,"duration":0}}],"categories":[{"name":"Test defects","matchedStatuses":[]}],"tags":[]},"source":"fbb63901086be6b5.json","parameterValues":[]}