{"uid":"fbbb80bf521d9343","name":"test_affairs_log_sel2","fullName":"Tests.test_system.test_affairs.TestAffairsPage#test_affairs_log_sel2","historyId":"5ff216c773eb8cc05e55221fa518b63d","time":{"start":1768850983461,"stop":1768850991098,"duration":7637},"status":"failed","statusMessage":"AssertionError: assert False\n +  where False = all(<generator object TestAffairsPage.test_affairs_log_sel2.<locals>.<genexpr> at 0x000001E2FCE790E0>)","statusTrace":"self = <test_system.test_affairs.TestAffairsPage object at 0x000001E2FAAAD150>, login_to_affairs = <selenium.webdriver.chrome.webdriver.WebDriver (session=\"35549b70981e86cec878342a0a186f8b\")>\n\n    @allure.story(\"流程日志-执行执行状态执行成功搜索成功\")\n    def test_affairs_log_sel2(self, login_to_affairs):\n        driver = login_to_affairs  # WebDriver 实例\n        affairs = AffairsPage(driver)  # 用 driver 初始化 AffairsPage\n        ptype = \"执行成功\"\n        num = 1000\n        affairs.click_process_log()\n        affairs.click_paging(num)\n        sleep(1)\n        affairs.sel_log_all(ptype=ptype)\n        list_ = []\n        cells = driver.find_elements(By.XPATH, '(//table[@class=\"el-table__body\"])[2]//tr/td[2]')\n        for cell in cells:\n            list_.append(cell.text)\n>       assert all(ptype == t for t in list_)\nE       assert False\nE        +  where False = all(<generator object TestAffairsPage.test_affairs_log_sel2.<locals>.<genexpr> at 0x000001E2FCE790E0>)\n\nTests\\test_system\\test_affairs.py:1375: AssertionError","flaky":false,"newFailed":false,"newBroken":false,"newPassed":false,"retriesCount":1,"retriesStatusChange":false,"beforeStages":[{"name":"login_to_affairs","time":{"start":1768850968466,"stop":1768850983460,"duration":14994},"status":"passed","steps":[],"attachments":[],"parameters":[],"shouldDisplayMessage":false,"attachmentsCount":0,"attachmentStep":false,"stepsCount":0,"hasContent":false}],"testStage":{"status":"failed","statusMessage":"AssertionError: assert False\n +  where False = all(<generator object TestAffairsPage.test_affairs_log_sel2.<locals>.<genexpr> at 0x000001E2FCE790E0>)","statusTrace":"self = <test_system.test_affairs.TestAffairsPage object at 0x000001E2FAAAD150>, login_to_affairs = <selenium.webdriver.chrome.webdriver.WebDriver (session=\"35549b70981e86cec878342a0a186f8b\")>\n\n    @allure.story(\"流程日志-执行执行状态执行成功搜索成功\")\n    def test_affairs_log_sel2(self, login_to_affairs):\n        driver = login_to_affairs  # WebDriver 实例\n        affairs = AffairsPage(driver)  # 用 driver 初始化 AffairsPage\n        ptype = \"执行成功\"\n        num = 1000\n        affairs.click_process_log()\n        affairs.click_paging(num)\n        sleep(1)\n        affairs.sel_log_all(ptype=ptype)\n        list_ = []\n        cells = driver.find_elements(By.XPATH, '(//table[@class=\"el-table__body\"])[2]//tr/td[2]')\n        for cell in cells:\n            list_.append(cell.text)\n>       assert all(ptype == t for t in list_)\nE       assert False\nE        +  where False = all(<generator object TestAffairsPage.test_affairs_log_sel2.<locals>.<genexpr> at 0x000001E2FCE790E0>)\n\nTests\\test_system\\test_affairs.py:1375: AssertionError","steps":[],"attachments":[{"uid":"3cc81928c281542e","name":"test_affairs_log_sel2_20260120_032951","source":"3cc81928c281542e.png","type":"image/png","size":116691},{"uid":"bced3d5dc8481d53","name":"test_affairs_log_sel2_20260120_032951","source":"bced3d5dc8481d53.png","type":"image/png","size":116691},{"uid":"24c4fa6d639e8597","name":"test_affairs_log_sel2_20260120_032951","source":"24c4fa6d639e8597.png","type":"image/png","size":127634},{"uid":"9e0ee66a03828aa0","name":"log","source":"9e0ee66a03828aa0.txt","type":"text/plain","size":4325}],"parameters":[],"shouldDisplayMessage":true,"attachmentsCount":4,"attachmentStep":false,"stepsCount":0,"hasContent":true},"afterStages":[{"name":"login_to_affairs::0","time":{"start":1768850991484,"stop":1768850993616,"duration":2132},"status":"passed","steps":[],"attachments":[],"parameters":[],"shouldDisplayMessage":false,"attachmentsCount":0,"attachmentStep":false,"stepsCount":0,"hasContent":false}],"labels":[{"name":"story","value":"流程日志-执行执行状态执行成功搜索成功"},{"name":"feature","value":"事务管理页用例"},{"name":"parentSuite","value":"Tests.test_system"},{"name":"suite","value":"test_affairs"},{"name":"subSuite","value":"TestAffairsPage"},{"name":"host","value":"DESKTOP-L7L44NB"},{"name":"thread","value":"1124-MainThread"},{"name":"framework","value":"pytest"},{"name":"language","value":"cpython3"},{"name":"package","value":"Tests.test_system.test_affairs"},{"name":"resultFormat","value":"allure2"}],"parameters":[],"links":[],"hidden":false,"retry":false,"extra":{"severity":"normal","retries":[{"uid":"4be0c4f3b30e3d8b","status":"failed","statusDetails":"AssertionError: assert False\n +  where False = all(<generator object TestAffairsPage.test_affairs_log_sel2.<locals>.<genexpr> at 0x000001E2FCE7AFF0>)","time":{"start":1768850958261,"stop":1768850965900,"duration":7639}}],"categories":[{"name":"Product defects","matchedStatuses":[]}],"tags":[]},"source":"fbbb80bf521d9343.json","parameterValues":[]}