{"uid":"fd8d510eca14a623","name":"test_user_roledel2","fullName":"Tests.test_system.test_userRole.TestUserRolePage#test_user_roledel2","historyId":"3e95d395688141b76ea80471d073565b","time":{"start":1766785970096,"stop":1766786059451,"duration":89355},"status":"broken","statusMessage":"selenium.common.exceptions.TimeoutException: Message: \nStacktrace:\nSymbols not available. Dumping unresolved backtrace:\n\t0x7ff6c092fe35\n\t0x7ff6c092fe90\n\t0x7ff6c06b139d\n\t0x7ff6c0709d8e\n\t0x7ff6c070a09c\n\t0x7ff6c075e8d7\n\t0x7ff6c075b61b\n\t0x7ff6c06fac6d\n\t0x7ff6c06fbae3\n\t0x7ff6c0bfa10d\n\t0x7ff6c0bf448a\n\t0x7ff6c0c15157\n\t0x7ff6c094a81e\n\t0x7ff6c095262f\n\t0x7ff6c0939324\n\t0x7ff6c09394df\n\t0x7ff6c091ee88\n\t0x7fffdc107374\n\t0x7fffddb5cc91","statusTrace":"self = <test_system.test_userRole.TestUserRolePage object at 0x000002368691EE30>, login_to_userrole = <selenium.webdriver.chrome.webdriver.WebDriver (session=\"3bb79ca4a3490b07220bc8bf77585f33\")>\n\n    @allure.story(\"删除角色成功\")\n    # @pytest.mark.run(order=1)\n    def test_user_roledel2(self, login_to_userrole):\n        driver = login_to_userrole  # WebDriver 实例\n        user = UserRolePage(driver)  # 用 driver 初始化 UserRolePage\n        username = DateDriver().username\n        name1 = \"1测试角色代码2\"\n        # 取消当前用户选中的角色\n        user.select_input(username)\n        user.click_button(f'(//table[@class=\"vxe-table--body\"])[1]//tr/td[2]//span[text()=\"{username}\"]')\n        sleep(1)\n        user.click_all_button(\"编辑\")\n        sleep(1)\n        user.enter_texts('//div[div[p[text()=\"角色代码\"]]]//input', name1)\n        sleep(1)\n        user.click_button('//table[@class=\"vxe-table--body\"]//tr/td[2]//span[@class=\"vxe-cell--checkbox is--checked\"]')\n        user.click_all_button(\"保存\")\n        user.get_find_message()\n        user.right_refresh()\n    \n        name2 = \"1测试角色代码4\"\n        # 取消当前用户选中的角色\n        user.select_input(username)\n        user.click_button(f'(//table[@class=\"vxe-table--body\"])[1]//tr/td[2]//span[text()=\"{username}\"]')\n        sleep(1)\n        user.click_all_button(\"编辑\")\n        sleep(1)\n        user.enter_texts('//div[div[p[text()=\"角色代码\"]]]//input', name2)\n        sleep(1)\n        user.click_button('//table[@class=\"vxe-table--body\"]//tr/td[2]//span[@class=\"vxe-cell--checkbox is--checked\"]')\n        user.click_all_button(\"保存\")\n        user.get_find_message()\n    \n        user.click_button('(//span[text()=\"角色管理\"])[1]')\n        # 等待遮罩层消失\n        user.wait_for_el_loading_mask()\n        user.enter_texts('//div[div[p[text()=\"角色代码\"]]]//input', name1)\n        sleep(1)\n        user.click_button(f'(//table[@class=\"vxe-table--body\"])[1]//tr/td[2]//span[text()=\"{name1}\"]')\n        user.click_all_button(\"删除\")\n        user.click_button('//div[@class=\"ivu-modal-confirm-footer\"]//span[text()=\"确定\"]')\n>       user.get_find_message()\n\nTests\\test_system\\test_userRole.py:945: \n_ _ _ _ _ _ _ _ _ _ _ _ _ _ _ _ _ _ _ _ _ _ _ _ _ _ _ _ _ _ _ _ _ _ _ _ _ _ _ _ _ _ _ _ _ _ _ _ _ _ _ _ _ _ _ _ _ _ _ _ _ _ _ _ _ _ _ _ _ _ _ _ _ _ _ _ _ _ _ _ _ _ _ _ _ _ _ _ _ _ _ _ _ _ _ _ _ _ _ _ _ _ _ _ _ _ _ _ _ _ _ _ _ _ _ _\nPages\\systemPage\\userRole_page.py:35: in get_find_message\n    message = WebDriverWait(self.driver, 60).until(\n_ _ _ _ _ _ _ _ _ _ _ _ _ _ _ _ _ _ _ _ _ _ _ _ _ _ _ _ _ _ _ _ _ _ _ _ _ _ _ _ _ _ _ _ _ _ _ _ _ _ _ _ _ _ _ _ _ _ _ _ _ _ _ _ _ _ _ _ _ _ _ _ _ _ _ _ _ _ _ _ _ _ _ _ _ _ _ _ _ _ _ _ _ _ _ _ _ _ _ _ _ _ _ _ _ _ _ _ _ _ _ _ _ _ _ _\n\nself = <selenium.webdriver.support.wait.WebDriverWait (session=\"3bb79ca4a3490b07220bc8bf77585f33\")>, method = <function visibility_of_element_located.<locals>._predicate at 0x0000023688A4EC20>, message = ''\n\n    def until(self, method: Callable[[D], Union[Literal[False], T]], message: str = \"\") -> T:\n        \"\"\"Wait until the method returns a value that is not False.\n    \n        Calls the method provided with the driver as an argument until the\n        return value does not evaluate to ``False``.\n    \n        Parameters:\n        -----------\n        method: callable(WebDriver)\n            - A callable object that takes a WebDriver instance as an argument.\n    \n        message: str\n            - Optional message for :exc:`TimeoutException`\n    \n        Return:\n        -------\n        object: T\n            - The result of the last call to `method`\n    \n        Raises:\n        -------\n        TimeoutException\n            - If 'method' does not return a truthy value within the WebDriverWait\n            object's timeout\n    \n        Example:\n        --------\n        >>> from selenium.webdriver.common.by import By\n        >>> from selenium.webdriver.support.ui import WebDriverWait\n        >>> from selenium.webdriver.support import expected_conditions as EC\n    \n        # Wait until an element is visible on the page\n        >>> wait = WebDriverWait(driver, 10)\n        >>> element = wait.until(EC.visibility_of_element_located((By.ID, \"exampleId\")))\n        >>> print(element.text)\n        \"\"\"\n        screen = None\n        stacktrace = None\n    \n        end_time = time.monotonic() + self._timeout\n        while True:\n            try:\n                value = method(self._driver)\n                if value:\n                    return value\n            except self._ignored_exceptions as exc:\n                screen = getattr(exc, \"screen\", None)\n                stacktrace = getattr(exc, \"stacktrace\", None)\n            if time.monotonic() > end_time:\n                break\n            time.sleep(self._poll)\n>       raise TimeoutException(message, screen, stacktrace)\nE       selenium.common.exceptions.TimeoutException: Message: \nE       Stacktrace:\nE       Symbols not available. Dumping unresolved backtrace:\nE       \t0x7ff6c092fe35\nE       \t0x7ff6c092fe90\nE       \t0x7ff6c06b139d\nE       \t0x7ff6c0709d8e\nE       \t0x7ff6c070a09c\nE       \t0x7ff6c075e8d7\nE       \t0x7ff6c075b61b\nE       \t0x7ff6c06fac6d\nE       \t0x7ff6c06fbae3\nE       \t0x7ff6c0bfa10d\nE       \t0x7ff6c0bf448a\nE       \t0x7ff6c0c15157\nE       \t0x7ff6c094a81e\nE       \t0x7ff6c095262f\nE       \t0x7ff6c0939324\nE       \t0x7ff6c09394df\nE       \t0x7ff6c091ee88\nE       \t0x7fffdc107374\nE       \t0x7fffddb5cc91\n\nD:\\Python310\\lib\\site-packages\\selenium\\webdriver\\support\\wait.py:138: TimeoutException","flaky":false,"newFailed":false,"newBroken":false,"newPassed":false,"retriesCount":0,"retriesStatusChange":false,"beforeStages":[{"name":"login_to_userrole","time":{"start":1766785953433,"stop":1766785970095,"duration":16662},"status":"passed","steps":[],"attachments":[],"parameters":[],"attachmentsCount":0,"shouldDisplayMessage":false,"hasContent":false,"stepsCount":0,"attachmentStep":false}],"testStage":{"status":"broken","statusMessage":"selenium.common.exceptions.TimeoutException: Message: \nStacktrace:\nSymbols not available. Dumping unresolved backtrace:\n\t0x7ff6c092fe35\n\t0x7ff6c092fe90\n\t0x7ff6c06b139d\n\t0x7ff6c0709d8e\n\t0x7ff6c070a09c\n\t0x7ff6c075e8d7\n\t0x7ff6c075b61b\n\t0x7ff6c06fac6d\n\t0x7ff6c06fbae3\n\t0x7ff6c0bfa10d\n\t0x7ff6c0bf448a\n\t0x7ff6c0c15157\n\t0x7ff6c094a81e\n\t0x7ff6c095262f\n\t0x7ff6c0939324\n\t0x7ff6c09394df\n\t0x7ff6c091ee88\n\t0x7fffdc107374\n\t0x7fffddb5cc91","statusTrace":"self = <test_system.test_userRole.TestUserRolePage object at 0x000002368691EE30>, login_to_userrole = <selenium.webdriver.chrome.webdriver.WebDriver (session=\"3bb79ca4a3490b07220bc8bf77585f33\")>\n\n    @allure.story(\"删除角色成功\")\n    # @pytest.mark.run(order=1)\n    def test_user_roledel2(self, login_to_userrole):\n        driver = login_to_userrole  # WebDriver 实例\n        user = UserRolePage(driver)  # 用 driver 初始化 UserRolePage\n        username = DateDriver().username\n        name1 = \"1测试角色代码2\"\n        # 取消当前用户选中的角色\n        user.select_input(username)\n        user.click_button(f'(//table[@class=\"vxe-table--body\"])[1]//tr/td[2]//span[text()=\"{username}\"]')\n        sleep(1)\n        user.click_all_button(\"编辑\")\n        sleep(1)\n        user.enter_texts('//div[div[p[text()=\"角色代码\"]]]//input', name1)\n        sleep(1)\n        user.click_button('//table[@class=\"vxe-table--body\"]//tr/td[2]//span[@class=\"vxe-cell--checkbox is--checked\"]')\n        user.click_all_button(\"保存\")\n        user.get_find_message()\n        user.right_refresh()\n    \n        name2 = \"1测试角色代码4\"\n        # 取消当前用户选中的角色\n        user.select_input(username)\n        user.click_button(f'(//table[@class=\"vxe-table--body\"])[1]//tr/td[2]//span[text()=\"{username}\"]')\n        sleep(1)\n        user.click_all_button(\"编辑\")\n        sleep(1)\n        user.enter_texts('//div[div[p[text()=\"角色代码\"]]]//input', name2)\n        sleep(1)\n        user.click_button('//table[@class=\"vxe-table--body\"]//tr/td[2]//span[@class=\"vxe-cell--checkbox is--checked\"]')\n        user.click_all_button(\"保存\")\n        user.get_find_message()\n    \n        user.click_button('(//span[text()=\"角色管理\"])[1]')\n        # 等待遮罩层消失\n        user.wait_for_el_loading_mask()\n        user.enter_texts('//div[div[p[text()=\"角色代码\"]]]//input', name1)\n        sleep(1)\n        user.click_button(f'(//table[@class=\"vxe-table--body\"])[1]//tr/td[2]//span[text()=\"{name1}\"]')\n        user.click_all_button(\"删除\")\n        user.click_button('//div[@class=\"ivu-modal-confirm-footer\"]//span[text()=\"确定\"]')\n>       user.get_find_message()\n\nTests\\test_system\\test_userRole.py:945: \n_ _ _ _ _ _ _ _ _ _ _ _ _ _ _ _ _ _ _ _ _ _ _ _ _ _ _ _ _ _ _ _ _ _ _ _ _ _ _ _ _ _ _ _ _ _ _ _ _ _ _ _ _ _ _ _ _ _ _ _ _ _ _ _ _ _ _ _ _ _ _ _ _ _ _ _ _ _ _ _ _ _ _ _ _ _ _ _ _ _ _ _ _ _ _ _ _ _ _ _ _ _ _ _ _ _ _ _ _ _ _ _ _ _ _ _\nPages\\systemPage\\userRole_page.py:35: in get_find_message\n    message = WebDriverWait(self.driver, 60).until(\n_ _ _ _ _ _ _ _ _ _ _ _ _ _ _ _ _ _ _ _ _ _ _ _ _ _ _ _ _ _ _ _ _ _ _ _ _ _ _ _ _ _ _ _ _ _ _ _ _ _ _ _ _ _ _ _ _ _ _ _ _ _ _ _ _ _ _ _ _ _ _ _ _ _ _ _ _ _ _ _ _ _ _ _ _ _ _ _ _ _ _ _ _ _ _ _ _ _ _ _ _ _ _ _ _ _ _ _ _ _ _ _ _ _ _ _\n\nself = <selenium.webdriver.support.wait.WebDriverWait (session=\"3bb79ca4a3490b07220bc8bf77585f33\")>, method = <function visibility_of_element_located.<locals>._predicate at 0x0000023688A4EC20>, message = ''\n\n    def until(self, method: Callable[[D], Union[Literal[False], T]], message: str = \"\") -> T:\n        \"\"\"Wait until the method returns a value that is not False.\n    \n        Calls the method provided with the driver as an argument until the\n        return value does not evaluate to ``False``.\n    \n        Parameters:\n        -----------\n        method: callable(WebDriver)\n            - A callable object that takes a WebDriver instance as an argument.\n    \n        message: str\n            - Optional message for :exc:`TimeoutException`\n    \n        Return:\n        -------\n        object: T\n            - The result of the last call to `method`\n    \n        Raises:\n        -------\n        TimeoutException\n            - If 'method' does not return a truthy value within the WebDriverWait\n            object's timeout\n    \n        Example:\n        --------\n        >>> from selenium.webdriver.common.by import By\n        >>> from selenium.webdriver.support.ui import WebDriverWait\n        >>> from selenium.webdriver.support import expected_conditions as EC\n    \n        # Wait until an element is visible on the page\n        >>> wait = WebDriverWait(driver, 10)\n        >>> element = wait.until(EC.visibility_of_element_located((By.ID, \"exampleId\")))\n        >>> print(element.text)\n        \"\"\"\n        screen = None\n        stacktrace = None\n    \n        end_time = time.monotonic() + self._timeout\n        while True:\n            try:\n                value = method(self._driver)\n                if value:\n                    return value\n            except self._ignored_exceptions as exc:\n                screen = getattr(exc, \"screen\", None)\n                stacktrace = getattr(exc, \"stacktrace\", None)\n            if time.monotonic() > end_time:\n                break\n            time.sleep(self._poll)\n>       raise TimeoutException(message, screen, stacktrace)\nE       selenium.common.exceptions.TimeoutException: Message: \nE       Stacktrace:\nE       Symbols not available. Dumping unresolved backtrace:\nE       \t0x7ff6c092fe35\nE       \t0x7ff6c092fe90\nE       \t0x7ff6c06b139d\nE       \t0x7ff6c0709d8e\nE       \t0x7ff6c070a09c\nE       \t0x7ff6c075e8d7\nE       \t0x7ff6c075b61b\nE       \t0x7ff6c06fac6d\nE       \t0x7ff6c06fbae3\nE       \t0x7ff6c0bfa10d\nE       \t0x7ff6c0bf448a\nE       \t0x7ff6c0c15157\nE       \t0x7ff6c094a81e\nE       \t0x7ff6c095262f\nE       \t0x7ff6c0939324\nE       \t0x7ff6c09394df\nE       \t0x7ff6c091ee88\nE       \t0x7fffdc107374\nE       \t0x7fffddb5cc91\n\nD:\\Python310\\lib\\site-packages\\selenium\\webdriver\\support\\wait.py:138: TimeoutException","steps":[],"attachments":[{"uid":"2859fd8baaff5026","name":"test_user_roledel2_20251227_055419","source":"2859fd8baaff5026.png","type":"image/png","size":92842},{"uid":"d977118eefd2bf53","name":"log","source":"d977118eefd2bf53.txt","type":"text/plain","size":4374}],"parameters":[],"attachmentsCount":2,"shouldDisplayMessage":true,"hasContent":true,"stepsCount":0,"attachmentStep":false},"afterStages":[{"name":"login_to_userrole::0","time":{"start":1766786059650,"stop":1766786061784,"duration":2134},"status":"passed","steps":[],"attachments":[],"parameters":[],"attachmentsCount":0,"shouldDisplayMessage":false,"hasContent":false,"stepsCount":0,"attachmentStep":false}],"labels":[{"name":"feature","value":"用户权限管理页用例"},{"name":"story","value":"删除角色成功"},{"name":"parentSuite","value":"Tests.test_system"},{"name":"suite","value":"test_userRole"},{"name":"subSuite","value":"TestUserRolePage"},{"name":"host","value":"DESKTOP-L7L44NB"},{"name":"thread","value":"11080-MainThread"},{"name":"framework","value":"pytest"},{"name":"language","value":"cpython3"},{"name":"package","value":"Tests.test_system.test_userRole"},{"name":"resultFormat","value":"allure2"}],"parameters":[],"links":[],"hidden":true,"retry":true,"extra":{"categories":[],"tags":[]},"source":"fd8d510eca14a623.json","parameterValues":[]}