{"uid":"ff0ecdf8ebc36a03","name":"test_spec_spec7","fullName":"Tests.test_items.test_spec1.TestSpecPage#test_spec_spec7","historyId":"5545305f8bddb3b0eee6b246a7c28b32","time":{"start":1767700755849,"stop":1767700810372,"duration":54523},"status":"failed","statusMessage":"AssertionError: assert 1 == 0\n +  where 1 = len([<selenium.webdriver.remote.webelement.WebElement (session=\"76ae6d7f6ca17a46097b4c86a69d3b3f\", element=\"f.C844A5D3661BDB04842D09F27761FABB.d.56A488F706213B6C09B042BBFC93C77E.e.3356\")>])","statusTrace":"self = <test_items.test_spec1.TestSpecPage object at 0x00000246432178B0>, login_to_spec1 = <selenium.webdriver.chrome.webdriver.WebDriver (session=\"76ae6d7f6ca17a46097b4c86a69d3b3f\")>\n\n    @allure.story(\"生产特征7增删查改\")\n    # @pytest.mark.run(order=1)\n    def test_spec_spec7(self, login_to_spec1):\n        driver = login_to_spec1  # WebDriver 实例\n        spec = Spec1Page(driver)  # 用 driver 初始化 Spec1Page\n        list_name = ['1测试生产特征77', '1测试生产特征7']\n        after_name = '1修改生产特征77'\n        spec.click_button('//div[text()=\" 生产特征6 \"]')\n        spec.click_button('//div[div[text()=\" 生产特征6 \"]]/span')\n        spec.click_spec_num(7)\n        add1 = spec.finds_elements(By.XPATH, f'//tr[./td[2][.//span[text()=\"{list_name[0]}\"]]]/td[2]')\n        add2 = spec.finds_elements(By.XPATH, f'//tr[./td[2][.//span[text()=\"{list_name[1]}\"]]]/td[2]')\n        add3 = spec.finds_elements(By.XPATH, f'//tr[./td[2][.//span[text()=\"{after_name}\"]]]/td[2]')\n        if len(add2) == 0:\n            spec.add_spec_data(list_name[1])\n        if len(add1) == 0 and len(add3) == 0:\n            spec.add_spec_data(list_name[0])\n            ele0 = spec.finds_elements(By.XPATH, f'//tr[./td[2][.//span[text()=\"{list_name[0]}\"]]]/td[2]')\n            assert len(ele0) == 1\n        ele1 = spec.finds_elements(By.XPATH, f'//tr[./td[2][.//span[text()=\"{list_name[1]}\"]]]/td[2]')\n        assert len(ele1) == 1\n    \n        edit = spec.finds_elements(By.XPATH, f'//tr[./td[2][.//span[text()=\"{after_name}\"]]]/td[2]')\n        if len(edit) == 0:\n            spec.edit_spec_data(list_name[0], after_name)\n        ele = spec.finds_elements(By.XPATH, f'//tr[./td[2][.//span[text()=\"{after_name}\"]]]/td[2]')\n        assert len(ele) == 1\n    \n        spec.select_spec_data(after_name)\n        speccode = spec.get_find_element_xpath(\n            '(//table[@class=\"vxe-table--body\"])[2]//tr[1]/td[2]'\n        ).text\n        # 定位第二行没有数据\n        speccode2 = driver.find_elements(\n            By.XPATH,\n            '(//table[contains(@class, \"vxe-table--body\")])[2]//tr[2]/td[2]',\n        )\n        assert speccode == after_name and len(speccode2) == 0\n    \n        spec.del_spec_data(after_name)\n        ele = spec.finds_elements(By.XPATH, f'//tr[./td[2][.//span[text()=\"{after_name}\"]]]/td[2]')\n        assert len(ele) == 0\n    \n        ele = spec.finds_elements(By.XPATH, '//i[@class=\"ivu-icon ivu-icon-ios-close-circle\"]')\n>       assert len(ele) == 0\nE       assert 1 == 0\nE        +  where 1 = len([<selenium.webdriver.remote.webelement.WebElement (session=\"76ae6d7f6ca17a46097b4c86a69d3b3f\", element=\"f.C844A5D3661BDB04842D09F27761FABB.d.56A488F706213B6C09B042BBFC93C77E.e.3356\")>])\n\nTests\\test_items\\test_spec1.py:1223: AssertionError","flaky":false,"newFailed":false,"newBroken":false,"newPassed":false,"retriesCount":0,"retriesStatusChange":false,"beforeStages":[{"name":"login_to_spec1","time":{"start":1767699985249,"stop":1767700005910,"duration":20661},"status":"passed","steps":[],"attachments":[],"parameters":[],"shouldDisplayMessage":false,"attachmentsCount":0,"attachmentStep":false,"hasContent":false,"stepsCount":0}],"testStage":{"status":"failed","statusMessage":"AssertionError: assert 1 == 0\n +  where 1 = len([<selenium.webdriver.remote.webelement.WebElement (session=\"76ae6d7f6ca17a46097b4c86a69d3b3f\", element=\"f.C844A5D3661BDB04842D09F27761FABB.d.56A488F706213B6C09B042BBFC93C77E.e.3356\")>])","statusTrace":"self = <test_items.test_spec1.TestSpecPage object at 0x00000246432178B0>, login_to_spec1 = <selenium.webdriver.chrome.webdriver.WebDriver (session=\"76ae6d7f6ca17a46097b4c86a69d3b3f\")>\n\n    @allure.story(\"生产特征7增删查改\")\n    # @pytest.mark.run(order=1)\n    def test_spec_spec7(self, login_to_spec1):\n        driver = login_to_spec1  # WebDriver 实例\n        spec = Spec1Page(driver)  # 用 driver 初始化 Spec1Page\n        list_name = ['1测试生产特征77', '1测试生产特征7']\n        after_name = '1修改生产特征77'\n        spec.click_button('//div[text()=\" 生产特征6 \"]')\n        spec.click_button('//div[div[text()=\" 生产特征6 \"]]/span')\n        spec.click_spec_num(7)\n        add1 = spec.finds_elements(By.XPATH, f'//tr[./td[2][.//span[text()=\"{list_name[0]}\"]]]/td[2]')\n        add2 = spec.finds_elements(By.XPATH, f'//tr[./td[2][.//span[text()=\"{list_name[1]}\"]]]/td[2]')\n        add3 = spec.finds_elements(By.XPATH, f'//tr[./td[2][.//span[text()=\"{after_name}\"]]]/td[2]')\n        if len(add2) == 0:\n            spec.add_spec_data(list_name[1])\n        if len(add1) == 0 and len(add3) == 0:\n            spec.add_spec_data(list_name[0])\n            ele0 = spec.finds_elements(By.XPATH, f'//tr[./td[2][.//span[text()=\"{list_name[0]}\"]]]/td[2]')\n            assert len(ele0) == 1\n        ele1 = spec.finds_elements(By.XPATH, f'//tr[./td[2][.//span[text()=\"{list_name[1]}\"]]]/td[2]')\n        assert len(ele1) == 1\n    \n        edit = spec.finds_elements(By.XPATH, f'//tr[./td[2][.//span[text()=\"{after_name}\"]]]/td[2]')\n        if len(edit) == 0:\n            spec.edit_spec_data(list_name[0], after_name)\n        ele = spec.finds_elements(By.XPATH, f'//tr[./td[2][.//span[text()=\"{after_name}\"]]]/td[2]')\n        assert len(ele) == 1\n    \n        spec.select_spec_data(after_name)\n        speccode = spec.get_find_element_xpath(\n            '(//table[@class=\"vxe-table--body\"])[2]//tr[1]/td[2]'\n        ).text\n        # 定位第二行没有数据\n        speccode2 = driver.find_elements(\n            By.XPATH,\n            '(//table[contains(@class, \"vxe-table--body\")])[2]//tr[2]/td[2]',\n        )\n        assert speccode == after_name and len(speccode2) == 0\n    \n        spec.del_spec_data(after_name)\n        ele = spec.finds_elements(By.XPATH, f'//tr[./td[2][.//span[text()=\"{after_name}\"]]]/td[2]')\n        assert len(ele) == 0\n    \n        ele = spec.finds_elements(By.XPATH, '//i[@class=\"ivu-icon ivu-icon-ios-close-circle\"]')\n>       assert len(ele) == 0\nE       assert 1 == 0\nE        +  where 1 = len([<selenium.webdriver.remote.webelement.WebElement (session=\"76ae6d7f6ca17a46097b4c86a69d3b3f\", element=\"f.C844A5D3661BDB04842D09F27761FABB.d.56A488F706213B6C09B042BBFC93C77E.e.3356\")>])\n\nTests\\test_items\\test_spec1.py:1223: AssertionError","steps":[],"attachments":[{"uid":"3a499236bb4de89e","name":"test_spec_spec7_20260106_200010","source":"3a499236bb4de89e.png","type":"image/png","size":67046},{"uid":"52d0b48d428c2bee","name":"log","source":"52d0b48d428c2bee.txt","type":"text/plain","size":4482}],"parameters":[],"shouldDisplayMessage":true,"attachmentsCount":2,"attachmentStep":false,"hasContent":true,"stepsCount":0},"afterStages":[{"name":"login_to_spec1::0","time":{"start":1767701013584,"stop":1767701015741,"duration":2157},"status":"passed","steps":[],"attachments":[],"parameters":[],"shouldDisplayMessage":false,"attachmentsCount":0,"attachmentStep":false,"hasContent":false,"stepsCount":0}],"labels":[{"name":"story","value":"生产特征7增删查改"},{"name":"feature","value":"生产特征表测试用例"},{"name":"parentSuite","value":"Tests.test_items"},{"name":"suite","value":"test_spec1"},{"name":"subSuite","value":"TestSpecPage"},{"name":"host","value":"DESKTOP-L7L44NB"},{"name":"thread","value":"436-MainThread"},{"name":"framework","value":"pytest"},{"name":"language","value":"cpython3"},{"name":"package","value":"Tests.test_items.test_spec1"},{"name":"resultFormat","value":"allure2"}],"parameters":[],"links":[],"hidden":true,"retry":true,"extra":{"categories":[],"tags":[]},"source":"ff0ecdf8ebc36a03.json","parameterValues":[]}