{"uid":"ffd99549ce227bee","name":"test_button_addfail1","fullName":"Tests.test_system.test_button.TestSButtonPage#test_button_addfail1","historyId":"561d487be3fa8d59a3a4d8009b9365a5","time":{"start":1767046194771,"stop":1767046229351,"duration":34580},"status":"broken","statusMessage":"selenium.common.exceptions.TimeoutException: Message: \nStacktrace:\nSymbols not available. Dumping unresolved backtrace:\n\t0x7ff6c092fe35\n\t0x7ff6c092fe90\n\t0x7ff6c06b139d\n\t0x7ff6c0709d8e\n\t0x7ff6c070a09c\n\t0x7ff6c075e8d7\n\t0x7ff6c075b61b\n\t0x7ff6c06fac6d\n\t0x7ff6c06fbae3\n\t0x7ff6c0bfa10d\n\t0x7ff6c0bf448a\n\t0x7ff6c0c15157\n\t0x7ff6c094a81e\n\t0x7ff6c095262f\n\t0x7ff6c0939324\n\t0x7ff6c09394df\n\t0x7ff6c091ee88\n\t0x7fffdc107374\n\t0x7fffddb5cc91","statusTrace":"self = <test_system.test_button.TestSButtonPage object at 0x0000024C8DDF9D80>, login_to_button = <selenium.webdriver.chrome.webdriver.WebDriver (session=\"943c7a2c438db2fef898c8a386e3fd7a\")>\n\n    @allure.story(\"新增直接点击保存不允许添加\")\n    # @pytest.mark.run(order=1)\n    def test_button_addfail1(self, login_to_button):\n        driver = login_to_button  # WebDriver 实例\n        button = ExpressionPage(driver)  # 用 driver 初始化 ExpressionPage\n        layout = \"测试布局A\"\n        button.add_layout(layout)\n        # 获取布局名称的文本元素\n        name = button.get_find_element_xpath(\n            f'//div[@class=\"tabsDivItemCon\"]/div[text()=\" {layout} \"]'\n        ).text\n        sleep(1)\n        button.click_all_button(\"新增\")\n        sleep(1)\n        button.click_confirm()\n>       message = button.get_error_message()\n\nTests\\test_system\\test_button.py:79: \n_ _ _ _ _ _ _ _ _ _ _ _ _ _ _ _ _ _ _ _ _ _ _ _ _ _ _ _ _ _ _ _ _ _ _ _ _ _ _ _ _ _ _ _ _ _ _ _ _ _ _ _ _ _ _ _ _ _ _ _ _ _ _ _ _ _ _ _ _ _ _ _ _ _ _ _ _ _ _ _ _ _ _ _ _ _ _ _ _ _ _ _ _ _ _ _ _ _ _ _ _ _ _ _ _ _ _ _ _ _ _ _ _ _ _ _\nPages\\systemPage\\expression_page.py:44: in get_error_message\n    message = WebDriverWait(self.driver, 10).until(\n_ _ _ _ _ _ _ _ _ _ _ _ _ _ _ _ _ _ _ _ _ _ _ _ _ _ _ _ _ _ _ _ _ _ _ _ _ _ _ _ _ _ _ _ _ _ _ _ _ _ _ _ _ _ _ _ _ _ _ _ _ _ _ _ _ _ _ _ _ _ _ _ _ _ _ _ _ _ _ _ _ _ _ _ _ _ _ _ _ _ _ _ _ _ _ _ _ _ _ _ _ _ _ _ _ _ _ _ _ _ _ _ _ _ _ _\n\nself = <selenium.webdriver.support.wait.WebDriverWait (session=\"943c7a2c438db2fef898c8a386e3fd7a\")>, method = <function visibility_of_element_located.<locals>._predicate at 0x0000024C8C358940>, message = ''\n\n    def until(self, method: Callable[[D], Union[Literal[False], T]], message: str = \"\") -> T:\n        \"\"\"Wait until the method returns a value that is not False.\n    \n        Calls the method provided with the driver as an argument until the\n        return value does not evaluate to ``False``.\n    \n        Parameters:\n        -----------\n        method: callable(WebDriver)\n            - A callable object that takes a WebDriver instance as an argument.\n    \n        message: str\n            - Optional message for :exc:`TimeoutException`\n    \n        Return:\n        -------\n        object: T\n            - The result of the last call to `method`\n    \n        Raises:\n        -------\n        TimeoutException\n            - If 'method' does not return a truthy value within the WebDriverWait\n            object's timeout\n    \n        Example:\n        --------\n        >>> from selenium.webdriver.common.by import By\n        >>> from selenium.webdriver.support.ui import WebDriverWait\n        >>> from selenium.webdriver.support import expected_conditions as EC\n    \n        # Wait until an element is visible on the page\n        >>> wait = WebDriverWait(driver, 10)\n        >>> element = wait.until(EC.visibility_of_element_located((By.ID, \"exampleId\")))\n        >>> print(element.text)\n        \"\"\"\n        screen = None\n        stacktrace = None\n    \n        end_time = time.monotonic() + self._timeout\n        while True:\n            try:\n                value = method(self._driver)\n                if value:\n                    return value\n            except self._ignored_exceptions as exc:\n                screen = getattr(exc, \"screen\", None)\n                stacktrace = getattr(exc, \"stacktrace\", None)\n            if time.monotonic() > end_time:\n                break\n            time.sleep(self._poll)\n>       raise TimeoutException(message, screen, stacktrace)\nE       selenium.common.exceptions.TimeoutException: Message: \nE       Stacktrace:\nE       Symbols not available. Dumping unresolved backtrace:\nE       \t0x7ff6c092fe35\nE       \t0x7ff6c092fe90\nE       \t0x7ff6c06b139d\nE       \t0x7ff6c0709d8e\nE       \t0x7ff6c070a09c\nE       \t0x7ff6c075e8d7\nE       \t0x7ff6c075b61b\nE       \t0x7ff6c06fac6d\nE       \t0x7ff6c06fbae3\nE       \t0x7ff6c0bfa10d\nE       \t0x7ff6c0bf448a\nE       \t0x7ff6c0c15157\nE       \t0x7ff6c094a81e\nE       \t0x7ff6c095262f\nE       \t0x7ff6c0939324\nE       \t0x7ff6c09394df\nE       \t0x7ff6c091ee88\nE       \t0x7fffdc107374\nE       \t0x7fffddb5cc91\n\nD:\\Python310\\lib\\site-packages\\selenium\\webdriver\\support\\wait.py:138: TimeoutException","flaky":false,"newFailed":false,"newBroken":false,"newPassed":false,"retriesCount":0,"retriesStatusChange":false,"beforeStages":[{"name":"login_to_button","time":{"start":1767046181095,"stop":1767046194771,"duration":13676},"status":"passed","steps":[],"attachments":[],"parameters":[],"hasContent":false,"attachmentStep":false,"stepsCount":0,"attachmentsCount":0,"shouldDisplayMessage":false}],"testStage":{"status":"broken","statusMessage":"selenium.common.exceptions.TimeoutException: Message: \nStacktrace:\nSymbols not available. Dumping unresolved backtrace:\n\t0x7ff6c092fe35\n\t0x7ff6c092fe90\n\t0x7ff6c06b139d\n\t0x7ff6c0709d8e\n\t0x7ff6c070a09c\n\t0x7ff6c075e8d7\n\t0x7ff6c075b61b\n\t0x7ff6c06fac6d\n\t0x7ff6c06fbae3\n\t0x7ff6c0bfa10d\n\t0x7ff6c0bf448a\n\t0x7ff6c0c15157\n\t0x7ff6c094a81e\n\t0x7ff6c095262f\n\t0x7ff6c0939324\n\t0x7ff6c09394df\n\t0x7ff6c091ee88\n\t0x7fffdc107374\n\t0x7fffddb5cc91","statusTrace":"self = <test_system.test_button.TestSButtonPage object at 0x0000024C8DDF9D80>, login_to_button = <selenium.webdriver.chrome.webdriver.WebDriver (session=\"943c7a2c438db2fef898c8a386e3fd7a\")>\n\n    @allure.story(\"新增直接点击保存不允许添加\")\n    # @pytest.mark.run(order=1)\n    def test_button_addfail1(self, login_to_button):\n        driver = login_to_button  # WebDriver 实例\n        button = ExpressionPage(driver)  # 用 driver 初始化 ExpressionPage\n        layout = \"测试布局A\"\n        button.add_layout(layout)\n        # 获取布局名称的文本元素\n        name = button.get_find_element_xpath(\n            f'//div[@class=\"tabsDivItemCon\"]/div[text()=\" {layout} \"]'\n        ).text\n        sleep(1)\n        button.click_all_button(\"新增\")\n        sleep(1)\n        button.click_confirm()\n>       message = button.get_error_message()\n\nTests\\test_system\\test_button.py:79: \n_ _ _ _ _ _ _ _ _ _ _ _ _ _ _ _ _ _ _ _ _ _ _ _ _ _ _ _ _ _ _ _ _ _ _ _ _ _ _ _ _ _ _ _ _ _ _ _ _ _ _ _ _ _ _ _ _ _ _ _ _ _ _ _ _ _ _ _ _ _ _ _ _ _ _ _ _ _ _ _ _ _ _ _ _ _ _ _ _ _ _ _ _ _ _ _ _ _ _ _ _ _ _ _ _ _ _ _ _ _ _ _ _ _ _ _\nPages\\systemPage\\expression_page.py:44: in get_error_message\n    message = WebDriverWait(self.driver, 10).until(\n_ _ _ _ _ _ _ _ _ _ _ _ _ _ _ _ _ _ _ _ _ _ _ _ _ _ _ _ _ _ _ _ _ _ _ _ _ _ _ _ _ _ _ _ _ _ _ _ _ _ _ _ _ _ _ _ _ _ _ _ _ _ _ _ _ _ _ _ _ _ _ _ _ _ _ _ _ _ _ _ _ _ _ _ _ _ _ _ _ _ _ _ _ _ _ _ _ _ _ _ _ _ _ _ _ _ _ _ _ _ _ _ _ _ _ _\n\nself = <selenium.webdriver.support.wait.WebDriverWait (session=\"943c7a2c438db2fef898c8a386e3fd7a\")>, method = <function visibility_of_element_located.<locals>._predicate at 0x0000024C8C358940>, message = ''\n\n    def until(self, method: Callable[[D], Union[Literal[False], T]], message: str = \"\") -> T:\n        \"\"\"Wait until the method returns a value that is not False.\n    \n        Calls the method provided with the driver as an argument until the\n        return value does not evaluate to ``False``.\n    \n        Parameters:\n        -----------\n        method: callable(WebDriver)\n            - A callable object that takes a WebDriver instance as an argument.\n    \n        message: str\n            - Optional message for :exc:`TimeoutException`\n    \n        Return:\n        -------\n        object: T\n            - The result of the last call to `method`\n    \n        Raises:\n        -------\n        TimeoutException\n            - If 'method' does not return a truthy value within the WebDriverWait\n            object's timeout\n    \n        Example:\n        --------\n        >>> from selenium.webdriver.common.by import By\n        >>> from selenium.webdriver.support.ui import WebDriverWait\n        >>> from selenium.webdriver.support import expected_conditions as EC\n    \n        # Wait until an element is visible on the page\n        >>> wait = WebDriverWait(driver, 10)\n        >>> element = wait.until(EC.visibility_of_element_located((By.ID, \"exampleId\")))\n        >>> print(element.text)\n        \"\"\"\n        screen = None\n        stacktrace = None\n    \n        end_time = time.monotonic() + self._timeout\n        while True:\n            try:\n                value = method(self._driver)\n                if value:\n                    return value\n            except self._ignored_exceptions as exc:\n                screen = getattr(exc, \"screen\", None)\n                stacktrace = getattr(exc, \"stacktrace\", None)\n            if time.monotonic() > end_time:\n                break\n            time.sleep(self._poll)\n>       raise TimeoutException(message, screen, stacktrace)\nE       selenium.common.exceptions.TimeoutException: Message: \nE       Stacktrace:\nE       Symbols not available. Dumping unresolved backtrace:\nE       \t0x7ff6c092fe35\nE       \t0x7ff6c092fe90\nE       \t0x7ff6c06b139d\nE       \t0x7ff6c0709d8e\nE       \t0x7ff6c070a09c\nE       \t0x7ff6c075e8d7\nE       \t0x7ff6c075b61b\nE       \t0x7ff6c06fac6d\nE       \t0x7ff6c06fbae3\nE       \t0x7ff6c0bfa10d\nE       \t0x7ff6c0bf448a\nE       \t0x7ff6c0c15157\nE       \t0x7ff6c094a81e\nE       \t0x7ff6c095262f\nE       \t0x7ff6c0939324\nE       \t0x7ff6c09394df\nE       \t0x7ff6c091ee88\nE       \t0x7fffdc107374\nE       \t0x7fffddb5cc91\n\nD:\\Python310\\lib\\site-packages\\selenium\\webdriver\\support\\wait.py:138: TimeoutException","steps":[],"attachments":[{"uid":"4159862c68980d00","name":"test_button_addfail1_20251230_061029","source":"4159862c68980d00.png","type":"image/png","size":105660},{"uid":"862edeced6494303","name":"log","source":"862edeced6494303.txt","type":"text/plain","size":3189}],"parameters":[],"hasContent":true,"attachmentStep":false,"stepsCount":0,"attachmentsCount":2,"shouldDisplayMessage":true},"afterStages":[{"name":"login_to_button::0","time":{"start":1767046229481,"stop":1767046231616,"duration":2135},"status":"passed","steps":[],"attachments":[],"parameters":[],"hasContent":false,"attachmentStep":false,"stepsCount":0,"attachmentsCount":0,"shouldDisplayMessage":false}],"labels":[{"name":"story","value":"新增直接点击保存不允许添加"},{"name":"feature","value":"工具栏按钮管理页用例"},{"name":"parentSuite","value":"Tests.test_system"},{"name":"suite","value":"test_button"},{"name":"subSuite","value":"TestSButtonPage"},{"name":"host","value":"DESKTOP-L7L44NB"},{"name":"thread","value":"21848-MainThread"},{"name":"framework","value":"pytest"},{"name":"language","value":"cpython3"},{"name":"package","value":"Tests.test_system.test_button"},{"name":"resultFormat","value":"allure2"}],"parameters":[],"links":[],"hidden":true,"retry":true,"extra":{"categories":[],"tags":[]},"source":"ffd99549ce227bee.json","parameterValues":[]}