{"name": "test_user_roledel2", "status": "broken", "statusDetails": {"message": "selenium.common.exceptions.TimeoutException: Message: 点击失败，找不到元素：xpath = //table[@class=\"vxe-table--body\"]//tr/td[2]//span[@class=\"vxe-cell--checkbox is--checked\"]", "trace": "self = <Pages.systemPage.userRole_page.UserRolePage object at 0x000001D6DD635660>\nby_or_element = 'xpath'\nvalue = '//table[@class=\"vxe-table--body\"]//tr/td[2]//span[@class=\"vxe-cell--checkbox is--checked\"]'\nwait_time = 10, retries = 2\n\n    def click(self, by_or_element, value=None, wait_time=10, retries=2):\n        \"\"\"\n        更稳健的点击方法：支持定位符或 WebElement，自动处理 stale 元素、点击拦截等问题。\n        \"\"\"\n        for attempt in range(retries):\n            try:\n                if value is not None:\n                    by = by_or_element\n                    logging.info(f\"点击元素：By = {by}, Value = {value}\")\n>                   element = WebDriverWait(self.driver, wait_time).until(\n                        EC.element_to_be_clickable((by, value))\n                    )\n\n..\\..\\Pages\\base_page.py:49: \n_ _ _ _ _ _ _ _ _ _ _ _ _ _ _ _ _ _ _ _ _ _ _ _ _ _ _ _ _ _ _ _ _ _ _ _ _ _ _ _\n\nself = <selenium.webdriver.support.wait.WebDriverWait (session=\"5545aadb00633c84913acc6cb01f71d4\")>\nmethod = <function element_to_be_clickable.<locals>._predicate at 0x000001D6DD956EF0>\nmessage = ''\n\n    def until(self, method: Callable[[D], Union[Literal[False], T]], message: str = \"\") -> T:\n        \"\"\"Wait until the method returns a value that is not False.\n    \n        Calls the method provided with the driver as an argument until the\n        return value does not evaluate to ``False``.\n    \n        Parameters:\n        -----------\n        method: callable(WebDriver)\n            - A callable object that takes a WebDriver instance as an argument.\n    \n        message: str\n            - Optional message for :exc:`TimeoutException`\n    \n        Return:\n        -------\n        object: T\n            - The result of the last call to `method`\n    \n        Raises:\n        -------\n        TimeoutException\n            - If 'method' does not return a truthy value within the WebDriverWait\n            object's timeout\n    \n        Example:\n        --------\n        >>> from selenium.webdriver.common.by import By\n        >>> from selenium.webdriver.support.ui import WebDriverWait\n        >>> from selenium.webdriver.support import expected_conditions as EC\n    \n        # Wait until an element is visible on the page\n        >>> wait = WebDriverWait(driver, 10)\n        >>> element = wait.until(EC.visibility_of_element_located((By.ID, \"exampleId\")))\n        >>> print(element.text)\n        \"\"\"\n        screen = None\n        stacktrace = None\n    \n        end_time = time.monotonic() + self._timeout\n        while True:\n            try:\n                value = method(self._driver)\n                if value:\n                    return value\n            except self._ignored_exceptions as exc:\n                screen = getattr(exc, \"screen\", None)\n                stacktrace = getattr(exc, \"stacktrace\", None)\n            if time.monotonic() > end_time:\n                break\n            time.sleep(self._poll)\n>       raise TimeoutException(message, screen, stacktrace)\nE       selenium.common.exceptions.TimeoutException: Message: \nE       Stacktrace:\nE       Symbols not available. Dumping unresolved backtrace:\nE       \t0x7ff6cd0bfe35\nE       \t0x7ff6cd0bfe90\nE       \t0x7ff6cce4139d\nE       \t0x7ff6cce99d8e\nE       \t0x7ff6cce9a09c\nE       \t0x7ff6cceee8d7\nE       \t0x7ff6cceeb61b\nE       \t0x7ff6cce8ac6d\nE       \t0x7ff6cce8bae3\nE       \t0x7ff6cd38a10d\nE       \t0x7ff6cd38448a\nE       \t0x7ff6cd3a5157\nE       \t0x7ff6cd0da81e\nE       \t0x7ff6cd0e262f\nE       \t0x7ff6cd0c9324\nE       \t0x7ff6cd0c94df\nE       \t0x7ff6cd0aee88\nE       \t0x7ffa307f7374\nE       \t0x7ffa31ffcc91\n\nD:\\Python310\\lib\\site-packages\\selenium\\webdriver\\support\\wait.py:138: TimeoutException\n\nDuring handling of the above exception, another exception occurred:\n\nself = <test_system.test_userRole.TestUserRolePage object at 0x000001D6DD6348E0>\nlogin_to_userrole = <selenium.webdriver.chrome.webdriver.WebDriver (session=\"5545aadb00633c84913acc6cb01f71d4\")>\n\n    @allure.story(\"删除角色成功\")\n    # @pytest.mark.run(order=1)\n    def test_user_roledel2(self, login_to_userrole):\n        driver = login_to_userrole  # WebDriver 实例\n        user = UserRolePage(driver)  # 用 driver 初始化 UserRolePage\n        username = DateDriver().username\n        name1 = \"1测试角色代码2\"\n        # 取消当前用户选中的角色\n        user.select_input(username)\n        user.click_button(f'(//table[@class=\"vxe-table--body\"])[1]//tr/td[2]//span[text()=\"{username}\"]')\n        sleep(1)\n        user.click_all_button(\"编辑\")\n        sleep(1)\n        user.enter_texts('//div[div[p[text()=\"角色代码\"]]]//input', name1)\n        sleep(1)\n        user.click_button('//table[@class=\"vxe-table--body\"]//tr/td[2]//span[@class=\"vxe-cell--checkbox is--checked\"]')\n        user.click_all_button(\"保存\")\n        user.get_find_message()\n    \n        name2 = \"1测试角色代码4\"\n        # 取消当前用户选中的角色\n        user.select_input(username)\n        user.click_button(f'(//table[@class=\"vxe-table--body\"])[1]//tr/td[2]//span[text()=\"{username}\"]')\n        sleep(1)\n        user.click_all_button(\"编辑\")\n        sleep(1)\n        user.enter_texts('//div[div[p[text()=\"角色代码\"]]]//input', name2)\n        sleep(1)\n>       user.click_button('//table[@class=\"vxe-table--body\"]//tr/td[2]//span[@class=\"vxe-cell--checkbox is--checked\"]')\n\ntest_userRole.py:914: \n_ _ _ _ _ _ _ _ _ _ _ _ _ _ _ _ _ _ _ _ _ _ _ _ _ _ _ _ _ _ _ _ _ _ _ _ _ _ _ _\n..\\..\\Pages\\systemPage\\userRole_page.py:24: in click_button\n    self.click(By.XPATH, xpath)\n_ _ _ _ _ _ _ _ _ _ _ _ _ _ _ _ _ _ _ _ _ _ _ _ _ _ _ _ _ _ _ _ _ _ _ _ _ _ _ _\n\nself = <Pages.systemPage.userRole_page.UserRolePage object at 0x000001D6DD635660>\nby_or_element = 'xpath'\nvalue = '//table[@class=\"vxe-table--body\"]//tr/td[2]//span[@class=\"vxe-cell--checkbox is--checked\"]'\nwait_time = 10, retries = 2\n\n    def click(self, by_or_element, value=None, wait_time=10, retries=2):\n        \"\"\"\n        更稳健的点击方法：支持定位符或 WebElement，自动处理 stale 元素、点击拦截等问题。\n        \"\"\"\n        for attempt in range(retries):\n            try:\n                if value is not None:\n                    by = by_or_element\n                    logging.info(f\"点击元素：By = {by}, Value = {value}\")\n                    element = WebDriverWait(self.driver, wait_time).until(\n                        EC.element_to_be_clickable((by, value))\n                    )\n                else:\n                    logging.info(\"点击元素：WebElement 对象\")\n                    element = by_or_element\n    \n                element.click()\n                logging.info(\"✅ 点击成功\")\n                return\n    \n            except ElementClickInterceptedException:\n                logging.warning(\"⚠️ 原生点击被拦截，尝试使用 JS 点击\")\n                try:\n                    self.driver.execute_script(\"arguments[0].click();\", element)\n                    logging.info(\"✅ JS 点击成功\")\n                    return\n                except Exception as js_error:\n                    logging.warning(f\"⚠️ JS 点击失败：{js_error}\")\n                    sleep(1)\n                    continue  # 下一轮重试\n    \n            except StaleElementReferenceException:\n                logging.warning(f\"⚠️ 第 {attempt + 1} 次点击失败：元素过期，尝试重新定位\")\n                sleep(1)\n                continue  # 下一轮重试时重新定位\n    \n            except TimeoutException:\n                logging.error(f\"❌ 元素未在 {wait_time} 秒内变为可点击\")\n>               raise TimeoutException(f\"点击失败，找不到元素：{by_or_element} = {value}\")\nE               selenium.common.exceptions.TimeoutException: Message: 点击失败，找不到元素：xpath = //table[@class=\"vxe-table--body\"]//tr/td[2]//span[@class=\"vxe-cell--checkbox is--checked\"]\n\n..\\..\\Pages\\base_page.py:78: TimeoutException"}, "attachments": [{"name": "test_user_roledel2_failure", "source": "989ebc45-87e2-4ec1-9e36-030c75d42e4f-attachment.png", "type": "image/png"}, {"name": "test_user_roledel2_source", "source": "3d67a0e8-c5d5-48ae-823c-fe8da8b25db9-attachment.html", "type": "text/html"}, {"name": "log", "source": "b703307b-5694-47ae-a71e-e03f09a8fc5a-attachment.txt", "type": "text/plain"}], "start": 1762921352912, "stop": 1762921375988, "uuid": "4348f975-8e35-464a-8853-67a4e1fff934", "historyId": "3e95d395688141b76ea80471d073565b", "testCaseId": "3e95d395688141b76ea80471d073565b", "fullName": "Tests.test_system.test_userRole.TestUserRolePage#test_user_roledel2", "labels": [{"name": "story", "value": "删除角色成功"}, {"name": "feature", "value": "用户权限管理页用例"}, {"name": "parentSuite", "value": "Tests.test_system"}, {"name": "suite", "value": "test_userRole"}, {"name": "subSuite", "value": "TestUserRolePage"}, {"name": "host", "value": "DESKTOP-L7L44NB"}, {"name": "thread", "value": "9276-MainThread"}, {"name": "framework", "value": "pytest"}, {"name": "language", "value": "cpython3"}, {"name": "package", "value": "Tests.test_system.test_userRole"}]}