{"name": "test_affairs_log_sel9", "status": "broken", "statusDetails": {"message": "selenium.common.exceptions.TimeoutException: Message: \nStacktrace:\nSymbols not available. Dumping unresolved backtrace:\n\t0x7ff6fa53fe35\n\t0x7ff6fa53fe90\n\t0x7ff6fa2c139d\n\t0x7ff6fa319d8e\n\t0x7ff6fa31a09c\n\t0x7ff6fa36e8d7\n\t0x7ff6fa36b61b\n\t0x7ff6fa30ac6d\n\t0x7ff6fa30bae3\n\t0x7ff6fa80a10d\n\t0x7ff6fa80448a\n\t0x7ff6fa825157\n\t0x7ff6fa55a81e\n\t0x7ff6fa56262f\n\t0x7ff6fa549324\n\t0x7ff6fa5494df\n\t0x7ff6fa52ee88\n\t0x7ffaae547374\n\t0x7ffaaedfcc91", "trace": "self = <test_system.test_affairs.TestAffairsPage object at 0x000002D156342980>\nlogin_to_affairs = <selenium.webdriver.chrome.webdriver.WebDriver (session=\"930068dc05dc765337bb12f3c0757c3a\")>\n\n    @allure.story(\"流程日志-点击重置按钮成功\")\n    def test_affairs_log_sel9(self, login_to_affairs):\n        driver = login_to_affairs  # WebDriver 实例\n        affairs = AffairsPage(driver)  # 用 driver 初始化 AffairsPage\n        sleep(1)\n        num = 1000\n        time1 = \"2025-02-27 \"\n        time2 = \"10:20:00\"\n        ptype = \"执行失败\"\n        pid = \"4118362784269241\"\n        pname = \"每周\"\n>       affairs_name_all = affairs.get_find_element_xpath(\n            '(//table[@class=\"el-table__body\"])[2]//tr[2]/td[2]').get_attribute(\"innerText\")\n\ntest_affairs.py:1509: \n_ _ _ _ _ _ _ _ _ _ _ _ _ _ _ _ _ _ _ _ _ _ _ _ _ _ _ _ _ _ _ _ _ _ _ _ _ _ _ _\n..\\..\\Pages\\systemPage\\affairs_page.py:28: in get_find_element_xpath\n    return self.find_element(By.XPATH, xpath)\n..\\..\\Pages\\base_page.py:28: in find_element\n    return WebDriverWait(self.driver, wait_time).until(\n_ _ _ _ _ _ _ _ _ _ _ _ _ _ _ _ _ _ _ _ _ _ _ _ _ _ _ _ _ _ _ _ _ _ _ _ _ _ _ _\n\nself = <selenium.webdriver.support.wait.WebDriverWait (session=\"930068dc05dc765337bb12f3c0757c3a\")>\nmethod = <function presence_of_element_located.<locals>._predicate at 0x000002D1561EC4C0>\nmessage = ''\n\n    def until(self, method: Callable[[D], Union[Literal[False], T]], message: str = \"\") -> T:\n        \"\"\"Wait until the method returns a value that is not False.\n    \n        Calls the method provided with the driver as an argument until the\n        return value does not evaluate to ``False``.\n    \n        Parameters:\n        -----------\n        method: callable(WebDriver)\n            - A callable object that takes a WebDriver instance as an argument.\n    \n        message: str\n            - Optional message for :exc:`TimeoutException`\n    \n        Return:\n        -------\n        object: T\n            - The result of the last call to `method`\n    \n        Raises:\n        -------\n        TimeoutException\n            - If 'method' does not return a truthy value within the WebDriverWait\n            object's timeout\n    \n        Example:\n        --------\n        >>> from selenium.webdriver.common.by import By\n        >>> from selenium.webdriver.support.ui import WebDriverWait\n        >>> from selenium.webdriver.support import expected_conditions as EC\n    \n        # Wait until an element is visible on the page\n        >>> wait = WebDriverWait(driver, 10)\n        >>> element = wait.until(EC.visibility_of_element_located((By.ID, \"exampleId\")))\n        >>> print(element.text)\n        \"\"\"\n        screen = None\n        stacktrace = None\n    \n        end_time = time.monotonic() + self._timeout\n        while True:\n            try:\n                value = method(self._driver)\n                if value:\n                    return value\n            except self._ignored_exceptions as exc:\n                screen = getattr(exc, \"screen\", None)\n                stacktrace = getattr(exc, \"stacktrace\", None)\n            if time.monotonic() > end_time:\n                break\n            time.sleep(self._poll)\n>       raise TimeoutException(message, screen, stacktrace)\nE       selenium.common.exceptions.TimeoutException: Message: \nE       Stacktrace:\nE       Symbols not available. Dumping unresolved backtrace:\nE       \t0x7ff6fa53fe35\nE       \t0x7ff6fa53fe90\nE       \t0x7ff6fa2c139d\nE       \t0x7ff6fa319d8e\nE       \t0x7ff6fa31a09c\nE       \t0x7ff6fa36e8d7\nE       \t0x7ff6fa36b61b\nE       \t0x7ff6fa30ac6d\nE       \t0x7ff6fa30bae3\nE       \t0x7ff6fa80a10d\nE       \t0x7ff6fa80448a\nE       \t0x7ff6fa825157\nE       \t0x7ff6fa55a81e\nE       \t0x7ff6fa56262f\nE       \t0x7ff6fa549324\nE       \t0x7ff6fa5494df\nE       \t0x7ff6fa52ee88\nE       \t0x7ffaae547374\nE       \t0x7ffaaedfcc91\n\nD:\\Python310\\lib\\site-packages\\selenium\\webdriver\\support\\wait.py:138: TimeoutException"}, "attachments": [{"name": "test_affairs_log_sel9", "source": "6f15115d-da07-438f-9dd1-4cdc1f58614e-attachment.png", "type": "image/png"}, {"name": "log", "source": "9a2c5f7f-8bbd-48de-93fb-4718ae144f46-attachment.txt", "type": "text/plain"}], "start": 1765854663893, "stop": 1765854675036, "uuid": "a2992628-b3bf-43f8-9866-d579a64f942c", "historyId": "e34c9c27ec70f6a32c94f93204b5ee91", "testCaseId": "e34c9c27ec70f6a32c94f93204b5ee91", "fullName": "Tests.test_system.test_affairs.TestAffairsPage#test_affairs_log_sel9", "labels": [{"name": "story", "value": "流程日志-点击重置按钮成功"}, {"name": "feature", "value": "事务管理页用例"}, {"name": "parentSuite", "value": "Tests.test_system"}, {"name": "suite", "value": "test_affairs"}, {"name": "subSuite", "value": "TestAffairsPage"}, {"name": "host", "value": "DESKTOP-L7L44NB"}, {"name": "thread", "value": "55632-MainThread"}, {"name": "framework", "value": "pytest"}, {"name": "language", "value": "cpython3"}, {"name": "package", "value": "Tests.test_system.test_affairs"}]}