{"name": "test_modeldesign_update", "status": "failed", "statusDetails": {"message": "AssertionError: assert '新增成功！' == '编辑成功！'\n  \n  \u001b[0m\u001b[91m- 编辑成功！\u001b[39;49;00m\u001b[90m\u001b[39;49;00m\n  \u001b[92m+ 新增成功！\u001b[39;49;00m\u001b[90m\u001b[39;49;00m", "trace": "self = <test_system.test_modeldesign.TestSModelDesignPage object at 0x000001F4BA67EA70>\nlogin_to_modeldesign = <selenium.webdriver.chrome.webdriver.WebDriver (session=\"996cf7434a76fb2cf8b43ecb788a73c7\")>\n\n    @allure.story(\"修改名称名称成功\")\n    # @pytest.mark.run(order=1)\n    def test_modeldesign_update(self, login_to_modeldesign):\n        driver = login_to_modeldesign  # WebDriver 实例\n        model = OtherPage(driver)  # 用 driver 初始化 OtherPage\n        before_name = '1测试模型'\n        after_name = '3测试模型'\n        sleep(2)\n        model.click_button(f'//div[@class=\"content-siadeNav\"]//div[@role=\"treeitem\"][1]/div[2]/div//span[text()=\" {before_name} \"]')\n        model.click_modeldesign_button(\"模型重命名\")\n        model.enter_texts('//div[label[text()=\"模型名称\"]]//input', after_name)\n        model.click_confirm()\n        message = model.get_find_message()\n        sy = model.get_find_element_xpath(\n            f'(//div[@class=\"content-siadeNav\"]//div[@role=\"treeitem\"][1]/div[1]/span[contains(@class,\"el-tree-node__expand-icon\")])[1]').get_attribute(\n            'class')\n        if 'expanded' not in sy:\n            model.click_button(\n                '(//div[@class=\"content-siadeNav\"]//div[@role=\"treeitem\"][1]/div[1]/span[contains(@class,\"el-tree-node__expand-icon\")])[1]')\n        sleep(1)\n        ele1 = model.finds_elements(By.XPATH,\n                                   f'//div[@class=\"content-siadeNav\"]//div[@role=\"treeitem\"]//span[text()=\" {after_name} \"]')\n        ele2 = model.finds_elements(By.XPATH,\n                                    f'//div[@class=\"content-siadeNav\"]//div[@role=\"treeitem\"]//span[text()=\" {before_name} \"]')\n>       assert message == \"编辑成功！\"\nE       AssertionError: assert '新增成功！' == '编辑成功！'\nE         \nE         \u001b[0m\u001b[91m- 编辑成功！\u001b[39;49;00m\u001b[90m\u001b[39;49;00m\nE         \u001b[92m+ 新增成功！\u001b[39;49;00m\u001b[90m\u001b[39;49;00m\n\ntest_modeldesign.py:173: AssertionError"}, "attachments": [{"name": "test_modeldesign_update_failure", "source": "8d4166f6-2c7c-40b5-9c26-161e8e1afbef-attachment.png", "type": "image/png"}, {"name": "test_modeldesign_update_source", "source": "942d2777-2c79-4b02-b999-88f74f093fc5-attachment.html", "type": "text/html"}, {"name": "log", "source": "490b2376-f380-4991-b56e-22da115fb275-attachment.txt", "type": "text/plain"}], "start": 1761899275719, "stop": 1761899280407, "uuid": "a67c8a52-7810-4f0d-87de-8d7280c3213b", "historyId": "81dfcaa27dd3bcf281cd76b54d7aa3ec", "testCaseId": "81dfcaa27dd3bcf281cd76b54d7aa3ec", "fullName": "Tests.test_system.test_modeldesign.TestSModelDesignPage#test_modeldesign_update", "labels": [{"name": "feature", "value": "模型设计页用例"}, {"name": "story", "value": "修改名称名称成功"}, {"name": "tag", "value": "run(order=223)"}, {"name": "parentSuite", "value": "Tests.test_system"}, {"name": "suite", "value": "test_modeldesign"}, {"name": "subSuite", "value": "TestSModelDesignPage"}, {"name": "host", "value": "WIN-20240820MJV"}, {"name": "thread", "value": "29216-MainThread"}, {"name": "framework", "value": "pytest"}, {"name": "language", "value": "cpython3"}, {"name": "package", "value": "Tests.test_system.test_modeldesign"}]}