{"name": "test_user_update", "status": "broken", "statusDetails": {"message": "selenium.common.exceptions.TimeoutException: Message: \nStacktrace:\nSymbols not available. Dumping unresolved backtrace:\n\t0x7ff63975fe35\n\t0x7ff63975fe90\n\t0x7ff6394e139d\n\t0x7ff639539d8e\n\t0x7ff63953a09c\n\t0x7ff63958e8d7\n\t0x7ff63958b61b\n\t0x7ff63952ac6d\n\t0x7ff63952bae3\n\t0x7ff639a2a10d\n\t0x7ff639a2448a\n\t0x7ff639a45157\n\t0x7ff63977a81e\n\t0x7ff63978262f\n\t0x7ff639769324\n\t0x7ff6397694df\n\t0x7ff63974ee88\n\t0x7ff9e6a37374\n\t0x7ff9e86dcc91", "trace": "self = <test_system.test_userRole.TestUserRolePage object at 0x0000029EB3E6C520>\nlogin_to_userrole = <selenium.webdriver.chrome.webdriver.WebDriver (session=\"285fa0bdbbfa6bad73aef4cd0d3cda24\")>\n\n    @allure.story(\"修改用户名称，用户日期，用户类型，密码有效天数，角色代码成功\")\n    # @pytest.mark.run(order=1)\n    def test_user_update(self, login_to_userrole):\n        driver = login_to_userrole  # WebDriver 实例\n        user = UserRolePage(driver)  # 用 driver 初始化 UserRolePage\n        page = LoginPage(driver)\n        date_driver = DateDriver()\n    \n        name = '1user2'\n        password = 'Qw123456'\n        module = '1测试计划单元标准'\n        user.select_input(name)\n        sleep(1)\n        user.click_button(f'//table[@class=\"vxe-table--body\"]//tr/td[2]//span[text()=\"{name}\"]')\n        sleep(1)\n        user.click_all_button(\"编辑\")\n        sleep(1)\n    \n        user.enter_texts('//div[label[text()=\"用户名称\"]]//input', '修改用户名称')\n    \n        user.click_button('//div[label[text()=\"用户类型\"]]//div[@class=\"ivu-select-selection\"]')\n        user.click_button('//ul/li[text()=\"计划用户\"]')\n        ele = user.get_find_element_xpath('//div[label[text()=\"密码有效天数\"]]//input')\n        ele.send_keys(Keys.CONTROL, \"a\")\n        ele.send_keys(Keys.DELETE)\n        user.enter_texts('//div[label[text()=\"密码有效天数\"]]//input', '2')\n    \n        user.click_button('//div[label[text()=\"用户有效日期\"]]//input')\n        user.click_button(\n            '//div[@class=\"ivu-date-picker-cells\"]/span[@class=\"ivu-date-picker-cells-cell ivu-date-picker-cells-cell-today ivu-date-picker-cells-focused\"]/following-sibling::span[1]')\n    \n        user.enter_texts('//div[div[p[text()=\"角色代码\"]]]//input', '1测试角色代码3')\n        sleep(2)\n        user.click_button('(//table[@class=\"vxe-table--body\"]//tr[1]/td[2]/div/span)[2]')\n    \n        before_name = user.get_find_element_xpath('//div[label[text()=\"用户名称\"]]//input').get_attribute(\"value\")\n        before_sel = user.get_find_element_xpath('//div[label[text()=\"用户类型\"]]//div[@class=\"ivu-select-selection\"]//span').text\n        before_pass = user.get_find_element_xpath('//div[label[text()=\"密码有效天数\"]]//input').get_attribute(\"value\")\n        user.click_all_button(\"保存\")\n        sleep(1)\n        message = user.get_find_message()\n    \n        user.click_button(f'//table[@class=\"vxe-table--body\"]//tr/td[2]//span[text()=\"{name}\"]')\n        sleep(1)\n        user.click_all_button(\"编辑\")\n        after_name = user.get_find_element_xpath('//div[label[text()=\"用户名称\"]]//input').get_attribute(\"value\")\n        after_sel = user.get_find_element_xpath(\n            '//div[label[text()=\"用户类型\"]]//div[@class=\"ivu-select-selection\"]//span').text\n        after_pass = user.get_find_element_xpath('//div[label[text()=\"密码有效天数\"]]//input').get_attribute(\n            \"value\")\n        user.click_button('//div[@class=\"flex-alignItems-center\"]')\n        user.click_button('//ul/li/div[text()=\" 注销 \"]')\n        page.login(name, password, module)\n        user.wait_for_loadingbox()\n        num_ = len(user.finds_elements(By.XPATH, f'//div[@class=\"listDivCon\"]/div'))\n>       swich_name = user.get_find_element_xpath(f'//div[@class=\"ivu-dropdown-rel\"]/div').text\n\ntest_userRole.py:724: \n_ _ _ _ _ _ _ _ _ _ _ _ _ _ _ _ _ _ _ _ _ _ _ _ _ _ _ _ _ _ _ _ _ _ _ _ _ _ _ _\n..\\..\\Pages\\systemPage\\userRole_page.py:29: in get_find_element_xpath\n    return self.find_element(By.XPATH, xpath)\n..\\..\\Pages\\base_page.py:28: in find_element\n    return WebDriverWait(self.driver, wait_time).until(\n_ _ _ _ _ _ _ _ _ _ _ _ _ _ _ _ _ _ _ _ _ _ _ _ _ _ _ _ _ _ _ _ _ _ _ _ _ _ _ _\n\nself = <selenium.webdriver.support.wait.WebDriverWait (session=\"285fa0bdbbfa6bad73aef4cd0d3cda24\")>\nmethod = <function presence_of_element_located.<locals>._predicate at 0x0000029EB3E9EF80>\nmessage = ''\n\n    def until(self, method: Callable[[D], Union[Literal[False], T]], message: str = \"\") -> T:\n        \"\"\"Wait until the method returns a value that is not False.\n    \n        Calls the method provided with the driver as an argument until the\n        return value does not evaluate to ``False``.\n    \n        Parameters:\n        -----------\n        method: callable(WebDriver)\n            - A callable object that takes a WebDriver instance as an argument.\n    \n        message: str\n            - Optional message for :exc:`TimeoutException`\n    \n        Return:\n        -------\n        object: T\n            - The result of the last call to `method`\n    \n        Raises:\n        -------\n        TimeoutException\n            - If 'method' does not return a truthy value within the WebDriverWait\n            object's timeout\n    \n        Example:\n        --------\n        >>> from selenium.webdriver.common.by import By\n        >>> from selenium.webdriver.support.ui import WebDriverWait\n        >>> from selenium.webdriver.support import expected_conditions as EC\n    \n        # Wait until an element is visible on the page\n        >>> wait = WebDriverWait(driver, 10)\n        >>> element = wait.until(EC.visibility_of_element_located((By.ID, \"exampleId\")))\n        >>> print(element.text)\n        \"\"\"\n        screen = None\n        stacktrace = None\n    \n        end_time = time.monotonic() + self._timeout\n        while True:\n            try:\n                value = method(self._driver)\n                if value:\n                    return value\n            except self._ignored_exceptions as exc:\n                screen = getattr(exc, \"screen\", None)\n                stacktrace = getattr(exc, \"stacktrace\", None)\n            if time.monotonic() > end_time:\n                break\n            time.sleep(self._poll)\n>       raise TimeoutException(message, screen, stacktrace)\nE       selenium.common.exceptions.TimeoutException: Message: \nE       Stacktrace:\nE       Symbols not available. Dumping unresolved backtrace:\nE       \t0x7ff63975fe35\nE       \t0x7ff63975fe90\nE       \t0x7ff6394e139d\nE       \t0x7ff639539d8e\nE       \t0x7ff63953a09c\nE       \t0x7ff63958e8d7\nE       \t0x7ff63958b61b\nE       \t0x7ff63952ac6d\nE       \t0x7ff63952bae3\nE       \t0x7ff639a2a10d\nE       \t0x7ff639a2448a\nE       \t0x7ff639a45157\nE       \t0x7ff63977a81e\nE       \t0x7ff63978262f\nE       \t0x7ff639769324\nE       \t0x7ff6397694df\nE       \t0x7ff63974ee88\nE       \t0x7ff9e6a37374\nE       \t0x7ff9e86dcc91\n\nD:\\Python310\\lib\\site-packages\\selenium\\webdriver\\support\\wait.py:138: TimeoutException"}, "attachments": [{"name": "test_user_update_20260116_161753", "source": "09430706-5eaf-43ab-ae31-d2f2c27cf951-attachment.png", "type": "image/png"}, {"name": "log", "source": "8a754ccb-ebcd-4c56-838e-e85710840600-attachment.txt", "type": "text/plain"}], "start": 1768551435589, "stop": 1768551473320, "uuid": "77377bda-70e0-4b7b-83ac-27fd060c2cc1", "historyId": "7a95de6210969ff180934e2de6e3cbcd", "testCaseId": "7a95de6210969ff180934e2de6e3cbcd", "fullName": "Tests.test_system.test_userRole.TestUserRolePage#test_user_update", "labels": [{"name": "feature", "value": "用户权限管理页用例"}, {"name": "story", "value": "修改用户名称，用户日期，用户类型，密码有效天数，角色代码成功"}, {"name": "parentSuite", "value": "Tests.test_system"}, {"name": "suite", "value": "test_userRole"}, {"name": "subSuite", "value": "TestUserRolePage"}, {"name": "host", "value": "DESKTOP-L7L44NB"}, {"name": "thread", "value": "40236-MainThread"}, {"name": "framework", "value": "pytest"}, {"name": "language", "value": "cpython3"}, {"name": "package", "value": "Tests.test_system.test_userRole"}]}