{"name": "test_user_roledel1", "status": "broken", "statusDetails": {"message": "selenium.common.exceptions.TimeoutException: Message: 点击失败，找不到元素：xpath = (//span[text()=\"角色管理\"])[1]", "trace": "self = <Pages.systemPage.userRole_page.UserRolePage object at 0x0000029EB41A43A0>\nby_or_element = 'xpath', value = '(//span[text()=\"角色管理\"])[1]', wait_time = 10\nretries = 2\n\n    def click(self, by_or_element, value=None, wait_time=10, retries=2):\n        \"\"\"\n        更稳健的点击方法：支持定位符或 WebElement，自动处理 stale 元素、点击拦截等问题。\n        \"\"\"\n        for attempt in range(retries):\n            try:\n                if value is not None:\n                    by = by_or_element\n                    logging.info(f\"点击元素：By = {by}, Value = {value}\")\n>                   element = WebDriverWait(self.driver, wait_time).until(\n                        EC.element_to_be_clickable((by, value))\n                    )\n\n..\\..\\Pages\\base_page.py:49: \n_ _ _ _ _ _ _ _ _ _ _ _ _ _ _ _ _ _ _ _ _ _ _ _ _ _ _ _ _ _ _ _ _ _ _ _ _ _ _ _\n\nself = <selenium.webdriver.support.wait.WebDriverWait (session=\"285fa0bdbbfa6bad73aef4cd0d3cda24\")>\nmethod = <function element_to_be_clickable.<locals>._predicate at 0x0000029EB4079990>\nmessage = ''\n\n    def until(self, method: Callable[[D], Union[Literal[False], T]], message: str = \"\") -> T:\n        \"\"\"Wait until the method returns a value that is not False.\n    \n        Calls the method provided with the driver as an argument until the\n        return value does not evaluate to ``False``.\n    \n        Parameters:\n        -----------\n        method: callable(WebDriver)\n            - A callable object that takes a WebDriver instance as an argument.\n    \n        message: str\n            - Optional message for :exc:`TimeoutException`\n    \n        Return:\n        -------\n        object: T\n            - The result of the last call to `method`\n    \n        Raises:\n        -------\n        TimeoutException\n            - If 'method' does not return a truthy value within the WebDriverWait\n            object's timeout\n    \n        Example:\n        --------\n        >>> from selenium.webdriver.common.by import By\n        >>> from selenium.webdriver.support.ui import WebDriverWait\n        >>> from selenium.webdriver.support import expected_conditions as EC\n    \n        # Wait until an element is visible on the page\n        >>> wait = WebDriverWait(driver, 10)\n        >>> element = wait.until(EC.visibility_of_element_located((By.ID, \"exampleId\")))\n        >>> print(element.text)\n        \"\"\"\n        screen = None\n        stacktrace = None\n    \n        end_time = time.monotonic() + self._timeout\n        while True:\n            try:\n                value = method(self._driver)\n                if value:\n                    return value\n            except self._ignored_exceptions as exc:\n                screen = getattr(exc, \"screen\", None)\n                stacktrace = getattr(exc, \"stacktrace\", None)\n            if time.monotonic() > end_time:\n                break\n            time.sleep(self._poll)\n>       raise TimeoutException(message, screen, stacktrace)\nE       selenium.common.exceptions.TimeoutException: Message: \nE       Stacktrace:\nE       Symbols not available. Dumping unresolved backtrace:\nE       \t0x7ff63975fe35\nE       \t0x7ff63975fe90\nE       \t0x7ff6394e139d\nE       \t0x7ff639539d8e\nE       \t0x7ff63953a09c\nE       \t0x7ff63958e8d7\nE       \t0x7ff63958b61b\nE       \t0x7ff63952ac6d\nE       \t0x7ff63952bae3\nE       \t0x7ff639a2a10d\nE       \t0x7ff639a2448a\nE       \t0x7ff639a45157\nE       \t0x7ff63977a81e\nE       \t0x7ff63978262f\nE       \t0x7ff639769324\nE       \t0x7ff6397694df\nE       \t0x7ff63974ee88\nE       \t0x7ff9e6a37374\nE       \t0x7ff9e86dcc91\n\nD:\\Python310\\lib\\site-packages\\selenium\\webdriver\\support\\wait.py:138: TimeoutException\n\nDuring handling of the above exception, another exception occurred:\n\nself = <test_system.test_userRole.TestUserRolePage object at 0x0000029EB3E6D030>\nlogin_to_userrole = <selenium.webdriver.chrome.webdriver.WebDriver (session=\"285fa0bdbbfa6bad73aef4cd0d3cda24\")>\n\n    @allure.story(\"角色有用户使用不允许删除\")\n    # @pytest.mark.run(order=1)\n    def test_user_roledel1(self, login_to_userrole):\n        driver = login_to_userrole  # WebDriver 实例\n        user = UserRolePage(driver)  # 用 driver 初始化 UserRolePage\n>       user.click_button('(//span[text()=\"角色管理\"])[1]')\n\ntest_userRole.py:940: \n_ _ _ _ _ _ _ _ _ _ _ _ _ _ _ _ _ _ _ _ _ _ _ _ _ _ _ _ _ _ _ _ _ _ _ _ _ _ _ _\n..\\..\\Pages\\systemPage\\userRole_page.py:24: in click_button\n    self.click(By.XPATH, xpath)\n_ _ _ _ _ _ _ _ _ _ _ _ _ _ _ _ _ _ _ _ _ _ _ _ _ _ _ _ _ _ _ _ _ _ _ _ _ _ _ _\n\nself = <Pages.systemPage.userRole_page.UserRolePage object at 0x0000029EB41A43A0>\nby_or_element = 'xpath', value = '(//span[text()=\"角色管理\"])[1]', wait_time = 10\nretries = 2\n\n    def click(self, by_or_element, value=None, wait_time=10, retries=2):\n        \"\"\"\n        更稳健的点击方法：支持定位符或 WebElement，自动处理 stale 元素、点击拦截等问题。\n        \"\"\"\n        for attempt in range(retries):\n            try:\n                if value is not None:\n                    by = by_or_element\n                    logging.info(f\"点击元素：By = {by}, Value = {value}\")\n                    element = WebDriverWait(self.driver, wait_time).until(\n                        EC.element_to_be_clickable((by, value))\n                    )\n                else:\n                    logging.info(\"点击元素：WebElement 对象\")\n                    element = by_or_element\n    \n                element.click()\n                logging.info(\"✅ 点击成功\")\n                return\n    \n            except ElementClickInterceptedException:\n                logging.warning(\"⚠️ 原生点击被拦截，尝试使用 JS 点击\")\n                try:\n                    self.driver.execute_script(\"arguments[0].click();\", element)\n                    logging.info(\"✅ JS 点击成功\")\n                    return\n                except Exception as js_error:\n                    logging.warning(f\"⚠️ JS 点击失败：{js_error}\")\n                    sleep(1)\n                    continue  # 下一轮重试\n    \n            except StaleElementReferenceException:\n                logging.warning(f\"⚠️ 第 {attempt + 1} 次点击失败：元素过期，尝试重新定位\")\n                sleep(1)\n                continue  # 下一轮重试时重新定位\n    \n            except TimeoutException:\n                logging.error(f\"❌ 元素未在 {wait_time} 秒内变为可点击\")\n>               raise TimeoutException(f\"点击失败，找不到元素：{by_or_element} = {value}\")\nE               selenium.common.exceptions.TimeoutException: Message: 点击失败，找不到元素：xpath = (//span[text()=\"角色管理\"])[1]\n\n..\\..\\Pages\\base_page.py:78: TimeoutException"}, "attachments": [{"name": "test_user_roledel1_20260116_162130", "source": "d0991558-23ee-4d3d-9b0e-e6e6ba77079b-attachment.png", "type": "image/png"}, {"name": "log", "source": "7a669b72-77f9-489a-a3db-a68e52e96323-attachment.txt", "type": "text/plain"}], "start": 1768551680225, "stop": 1768551690357, "uuid": "87e9f3ec-62cd-4768-9008-4436df8780e7", "historyId": "841d83019fec44652b86bafec0dadcb9", "testCaseId": "841d83019fec44652b86bafec0dadcb9", "fullName": "Tests.test_system.test_userRole.TestUserRolePage#test_user_roledel1", "labels": [{"name": "feature", "value": "用户权限管理页用例"}, {"name": "story", "value": "角色有用户使用不允许删除"}, {"name": "parentSuite", "value": "Tests.test_system"}, {"name": "suite", "value": "test_userRole"}, {"name": "subSuite", "value": "TestUserRolePage"}, {"name": "host", "value": "DESKTOP-L7L44NB"}, {"name": "thread", "value": "40236-MainThread"}, {"name": "framework", "value": "pytest"}, {"name": "language", "value": "cpython3"}, {"name": "package", "value": "Tests.test_system.test_userRole"}]}