{"name": "test_role_updatedata1", "status": "broken", "statusDetails": {"message": "selenium.common.exceptions.NoSuchWindowException: Message: no such window: target window already closed\nfrom unknown error: web view not found\n  (Session info: chrome=142.0.7444.60)\nStacktrace:\nSymbols not available. Dumping unresolved backtrace:\n\t0x7ff6cd0bfe35\n\t0x7ff6cd0bfe90\n\t0x7ff6cce4139d\n\t0x7ff6cce18a01\n\t0x7ff6ccec9d9e\n\t0x7ff6cceeaf52\n\t0x7ff6cce8ac6d\n\t0x7ff6cce8bae3\n\t0x7ff6cd38a10d\n\t0x7ff6cd38448a\n\t0x7ff6cd3a5157\n\t0x7ff6cd0da81e\n\t0x7ff6cd0e262f\n\t0x7ff6cd0c9324\n\t0x7ff6cd0c94df\n\t0x7ff6cd0aee88\n\t0x7ffa307f7374\n\t0x7ffa31ffcc91", "trace": "@pytest.fixture  # (scope=\"class\")这个参数表示整个测试类共用同一个浏览器，默认一个用例执行一次\n    def login_to_role():\n        driver = None\n        try:\n            \"\"\"初始化并返回 driver\"\"\"\n            date_driver = DateDriver()\n            driver = create_driver(date_driver.driver_path)\n            driver.implicitly_wait(3)\n    \n            # 初始化登录页面\n            page = LoginPage(driver)  # 初始化登录页面\n            url = date_driver.url\n            print(f\"[INFO] 正在导航到 URL: {url}\")\n            # 尝试访问 URL，捕获连接错误\n            for attempt in range(2):\n                try:\n                    page.navigate_to(url)\n                    break\n                except WebDriverException as e:\n                    capture_screenshot(driver, f\"login_fail_{attempt + 1}\")\n                    logging.warning(f\"第 {attempt + 1} 次连接失败: {e}\")\n                    driver.refresh()\n                    sleep(date_driver.URL_RETRY_WAIT)\n            else:\n                logging.error(\"连接失败多次，测试中止\")\n                safe_quit(driver)\n                raise RuntimeError(\"无法连接到登录页面\")\n    \n>           page.login(date_driver.username, date_driver.password, date_driver.planning)\n\ntest_role.py:51: \n_ _ _ _ _ _ _ _ _ _ _ _ _ _ _ _ _ _ _ _ _ _ _ _ _ _ _ _ _ _ _ _ _ _ _ _ _ _ _ _\n..\\..\\Pages\\itemsPage\\login_page.py:32: in login\n    self.enter_username(username)\n..\\..\\Pages\\itemsPage\\login_page.py:16: in enter_username\n    self.enter_text(By.XPATH, '//input[@placeholder=\"请输入账户\"]', username)\n..\\..\\Pages\\base_page.py:90: in enter_text\n    element = WebDriverWait(self.driver, wait_time).until(\nD:\\Python310\\lib\\site-packages\\selenium\\webdriver\\support\\wait.py:129: in until\n    value = method(self._driver)\nD:\\Python310\\lib\\site-packages\\selenium\\webdriver\\support\\expected_conditions.py:217: in _predicate\n    return _element_if_visible(driver.find_element(*locator))\nD:\\Python310\\lib\\site-packages\\selenium\\webdriver\\remote\\webdriver.py:914: in find_element\n    return self.execute(Command.FIND_ELEMENT, {\"using\": by, \"value\": value})[\"value\"]\nD:\\Python310\\lib\\site-packages\\selenium\\webdriver\\remote\\webdriver.py:447: in execute\n    self.error_handler.check_response(response)\n_ _ _ _ _ _ _ _ _ _ _ _ _ _ _ _ _ _ _ _ _ _ _ _ _ _ _ _ _ _ _ _ _ _ _ _ _ _ _ _\n\nself = <selenium.webdriver.remote.errorhandler.ErrorHandler object at 0x0000021FA030FE20>\nresponse = {'status': 404, 'value': '{\"value\":{\"error\":\"no such window\",\"message\":\"no such window: target window already closed\\\\...ff6cd0e262f\\\\n\\\\t0x7ff6cd0c9324\\\\n\\\\t0x7ff6cd0c94df\\\\n\\\\t0x7ff6cd0aee88\\\\n\\\\t0x7ffa307f7374\\\\n\\\\t0x7ffa31ffcc91\\\\n\"}}'}\n\n    def check_response(self, response: Dict[str, Any]) -> None:\n        \"\"\"Checks that a JSON response from the WebDriver does not have an\n        error.\n    \n        :Args:\n         - response - The JSON response from the WebDriver server as a dictionary\n           object.\n    \n        :Raises: If the response contains an error message.\n        \"\"\"\n        status = response.get(\"status\", None)\n        if not status or status == ErrorCode.SUCCESS:\n            return\n        value = None\n        message = response.get(\"message\", \"\")\n        screen: str = response.get(\"screen\", \"\")\n        stacktrace = None\n        if isinstance(status, int):\n            value_json = response.get(\"value\", None)\n            if value_json and isinstance(value_json, str):\n                import json\n    \n                try:\n                    value = json.loads(value_json)\n                    if len(value) == 1:\n                        value = value[\"value\"]\n                    status = value.get(\"error\", None)\n                    if not status:\n                        status = value.get(\"status\", ErrorCode.UNKNOWN_ERROR)\n                        message = value.get(\"value\") or value.get(\"message\")\n                        if not isinstance(message, str):\n                            value = message\n                            message = message.get(\"message\")\n                    else:\n                        message = value.get(\"message\", None)\n                except ValueError:\n                    pass\n    \n        exception_class: Type[WebDriverException]\n        e = ErrorCode()\n        error_codes = [item for item in dir(e) if not item.startswith(\"__\")]\n        for error_code in error_codes:\n            error_info = getattr(ErrorCode, error_code)\n            if isinstance(error_info, list) and status in error_info:\n                exception_class = getattr(ExceptionMapping, error_code, WebDriverException)\n                break\n        else:\n            exception_class = WebDriverException\n    \n        if not value:\n            value = response[\"value\"]\n        if isinstance(value, str):\n            raise exception_class(value)\n        if message == \"\" and \"message\" in value:\n            message = value[\"message\"]\n    \n        screen = None  # type: ignore[assignment]\n        if \"screen\" in value:\n            screen = value[\"screen\"]\n    \n        stacktrace = None\n        st_value = value.get(\"stackTrace\") or value.get(\"stacktrace\")\n        if st_value:\n            if isinstance(st_value, str):\n                stacktrace = st_value.split(\"\\n\")\n            else:\n                stacktrace = []\n                try:\n                    for frame in st_value:\n                        line = frame.get(\"lineNumber\", \"\")\n                        file = frame.get(\"fileName\", \"<anonymous>\")\n                        if line:\n                            file = f\"{file}:{line}\"\n                        meth = frame.get(\"methodName\", \"<anonymous>\")\n                        if \"className\" in frame:\n                            meth = f\"{frame['className']}.{meth}\"\n                        msg = \"    at %s (%s)\"\n                        msg = msg % (meth, file)\n                        stacktrace.append(msg)\n                except TypeError:\n                    pass\n        if exception_class == UnexpectedAlertPresentException:\n            alert_text = None\n            if \"data\" in value:\n                alert_text = value[\"data\"].get(\"text\")\n            elif \"alert\" in value:\n                alert_text = value[\"alert\"].get(\"text\")\n            raise exception_class(message, screen, stacktrace, alert_text)  # type: ignore[call-arg]  # mypy is not smart enough here\n>       raise exception_class(message, screen, stacktrace)\nE       selenium.common.exceptions.NoSuchWindowException: Message: no such window: target window already closed\nE       from unknown error: web view not found\nE         (Session info: chrome=142.0.7444.60)\nE       Stacktrace:\nE       Symbols not available. Dumping unresolved backtrace:\nE       \t0x7ff6cd0bfe35\nE       \t0x7ff6cd0bfe90\nE       \t0x7ff6cce4139d\nE       \t0x7ff6cce18a01\nE       \t0x7ff6ccec9d9e\nE       \t0x7ff6cceeaf52\nE       \t0x7ff6cce8ac6d\nE       \t0x7ff6cce8bae3\nE       \t0x7ff6cd38a10d\nE       \t0x7ff6cd38448a\nE       \t0x7ff6cd3a5157\nE       \t0x7ff6cd0da81e\nE       \t0x7ff6cd0e262f\nE       \t0x7ff6cd0c9324\nE       \t0x7ff6cd0c94df\nE       \t0x7ff6cd0aee88\nE       \t0x7ffa307f7374\nE       \t0x7ffa31ffcc91\n\nD:\\Python310\\lib\\site-packages\\selenium\\webdriver\\remote\\errorhandler.py:232: NoSuchWindowException"}, "attachments": [{"name": "log", "source": "d0f4769e-5d7c-4681-bb0f-f6c23c0ea6fb-attachment.txt", "type": "text/plain"}], "start": 1762918709194, "stop": 1762918709194, "uuid": "faafdb4e-90e0-45f6-86bb-42c39c8b02a6", "historyId": "de762058599f2ab2cf3ff5810d2766eb", "testCaseId": "de762058599f2ab2cf3ff5810d2766eb", "fullName": "Tests.test_system.test_role.TestRolePage#test_role_updatedata1", "labels": [{"name": "story", "value": "修改和角色名称成功，并且可切换计划单元"}, {"name": "feature", "value": "角色管理页用例"}, {"name": "parentSuite", "value": "Tests.test_system"}, {"name": "suite", "value": "test_role"}, {"name": "subSuite", "value": "TestRolePage"}, {"name": "host", "value": "DESKTOP-L7L44NB"}, {"name": "thread", "value": "3732-MainThread"}, {"name": "framework", "value": "pytest"}, {"name": "language", "value": "cpython3"}, {"name": "package", "value": "Tests.test_system.test_role"}]}