{"name": "test_online_select3", "status": "broken", "statusDetails": {"message": "selenium.common.exceptions.TimeoutException: Message: \nStacktrace:\n\tGetHandleVerifier [0x0x7ff765cb6f65+78965]\n\tGetHandleVerifier [0x0x7ff765cb6fc0+79056]\n\t(No symbol) [0x0x7ff765a49dda]\n\t(No symbol) [0x0x7ff765aa02ea]\n\t(No symbol) [0x0x7ff765aa059c]\n\t(No symbol) [0x0x7ff765af3f37]\n\t(No symbol) [0x0x7ff765ac86af]\n\t(No symbol) [0x0x7ff765af0dbe]\n\t(No symbol) [0x0x7ff765ac8443]\n\t(No symbol) [0x0x7ff765a91311]\n\t(No symbol) [0x0x7ff765a920a3]\n\tGetHandleVerifier [0x0x7ff765f6e26d+2926461]\n\tGetHandleVerifier [0x0x7ff765f68993+2903715]\n\tGetHandleVerifier [0x0x7ff765f86aed+3026941]\n\tGetHandleVerifier [0x0x7ff765cd16fe+187406]\n\tGetHandleVerifier [0x0x7ff765cd96ef+220159]\n\tGetHandleVerifier [0x0x7ff765cbfaf4+114692]\n\tGetHandleVerifier [0x0x7ff765cbfca9+115129]\n\tGetHandleVerifier [0x0x7ff765ca64d8+10728]\n\tBaseThreadInitThunk [0x0x7ff832417374+20]\n\tRtlUserThreadStart [0x0x7ff833d3cc91+33]", "trace": "self = <test_system.test_online.TestSOnlinePage object at 0x000002D0E4D87670>\nlogin_to_online = <selenium.webdriver.chrome.webdriver.WebDriver (session=\"d16017af7929f7bf6870b7399a8366c2\")>\n\n    @allure.story(\"过滤条件查询，设置包含条件查询成功\")\n    # @pytest.mark.run(order=1)\n    def test_online_select3(self, login_to_online):\n        driver = login_to_online  # WebDriver 实例\n        online = OtherPage(driver)  # 用 driver 初始化 OtherPage\n        name = \"a\"\n        online.click_button('//div[div[span[text()=\" 用户代码\"]]]//input')\n>       online.hover(\"包含\")\n\ntest_online.py:84: \n_ _ _ _ _ _ _ _ _ _ _ _ _ _ _ _ _ _ _ _ _ _ _ _ _ _ _ _ _ _ _ _ _ _ _ _ _ _ _ _\n..\\..\\Pages\\systemPage\\other_page.py:109: in hover\n    container = self.get_find_element_xpath(\n..\\..\\Pages\\systemPage\\other_page.py:29: in get_find_element_xpath\n    return self.find_element(By.XPATH, xpath)\n..\\..\\Pages\\base_page.py:28: in find_element\n    return WebDriverWait(self.driver, wait_time).until(\n_ _ _ _ _ _ _ _ _ _ _ _ _ _ _ _ _ _ _ _ _ _ _ _ _ _ _ _ _ _ _ _ _ _ _ _ _ _ _ _\n\nself = <selenium.webdriver.support.wait.WebDriverWait (session=\"d16017af7929f7bf6870b7399a8366c2\")>\nmethod = <function presence_of_element_located.<locals>._predicate at 0x000002D0E4CEE290>\nmessage = ''\n\n    def until(self, method: Callable[[D], Union[Literal[False], T]], message: str = \"\") -> T:\n        \"\"\"Wait until the method returns a value that is not False.\n    \n        Calls the method provided with the driver as an argument until the\n        return value does not evaluate to ``False``.\n    \n        Parameters:\n        -----------\n        method: callable(WebDriver)\n            - A callable object that takes a WebDriver instance as an argument.\n    \n        message: str\n            - Optional message for :exc:`TimeoutException`\n    \n        Return:\n        -------\n        object: T\n            - The result of the last call to `method`\n    \n        Raises:\n        -------\n        TimeoutException\n            - If 'method' does not return a truthy value within the WebDriverWait\n            object's timeout\n    \n        Example:\n        --------\n        >>> from selenium.webdriver.common.by import By\n        >>> from selenium.webdriver.support.ui import WebDriverWait\n        >>> from selenium.webdriver.support import expected_conditions as EC\n    \n        # Wait until an element is visible on the page\n        >>> wait = WebDriverWait(driver, 10)\n        >>> element = wait.until(EC.visibility_of_element_located((By.ID, \"exampleId\")))\n        >>> print(element.text)\n        \"\"\"\n        screen = None\n        stacktrace = None\n    \n        end_time = time.monotonic() + self._timeout\n        while True:\n            try:\n                value = method(self._driver)\n                if value:\n                    return value\n            except self._ignored_exceptions as exc:\n                screen = getattr(exc, \"screen\", None)\n                stacktrace = getattr(exc, \"stacktrace\", None)\n            if time.monotonic() > end_time:\n                break\n            time.sleep(self._poll)\n>       raise TimeoutException(message, screen, stacktrace)\nE       selenium.common.exceptions.TimeoutException: Message: \nE       Stacktrace:\nE       \tGetHandleVerifier [0x0x7ff765cb6f65+78965]\nE       \tGetHandleVerifier [0x0x7ff765cb6fc0+79056]\nE       \t(No symbol) [0x0x7ff765a49dda]\nE       \t(No symbol) [0x0x7ff765aa02ea]\nE       \t(No symbol) [0x0x7ff765aa059c]\nE       \t(No symbol) [0x0x7ff765af3f37]\nE       \t(No symbol) [0x0x7ff765ac86af]\nE       \t(No symbol) [0x0x7ff765af0dbe]\nE       \t(No symbol) [0x0x7ff765ac8443]\nE       \t(No symbol) [0x0x7ff765a91311]\nE       \t(No symbol) [0x0x7ff765a920a3]\nE       \tGetHandleVerifier [0x0x7ff765f6e26d+2926461]\nE       \tGetHandleVerifier [0x0x7ff765f68993+2903715]\nE       \tGetHandleVerifier [0x0x7ff765f86aed+3026941]\nE       \tGetHandleVerifier [0x0x7ff765cd16fe+187406]\nE       \tGetHandleVerifier [0x0x7ff765cd96ef+220159]\nE       \tGetHandleVerifier [0x0x7ff765cbfaf4+114692]\nE       \tGetHandleVerifier [0x0x7ff765cbfca9+115129]\nE       \tGetHandleVerifier [0x0x7ff765ca64d8+10728]\nE       \tBaseThreadInitThunk [0x0x7ff832417374+20]\nE       \tRtlUserThreadStart [0x0x7ff833d3cc91+33]\n\nD:\\Program Files\\Python310\\lib\\site-packages\\selenium\\webdriver\\support\\wait.py:146: TimeoutException"}, "attachments": [{"name": "test_online_select3_failure", "source": "6a3bee71-e630-46b5-abdf-cbb1e4acde8f-attachment.png", "type": "image/png"}, {"name": "test_online_select3_source", "source": "1a4a9133-7c39-4701-a6bf-9f6d148e4243-attachment.html", "type": "text/html"}, {"name": "log", "source": "21569c19-063f-4a09-a71f-08d3ab9e92d8-attachment.txt", "type": "text/plain"}], "start": 1761901756020, "stop": 1761901768112, "uuid": "310853d7-28c4-4e7b-b0fb-797dad5a1191", "historyId": "b88f0ab476c8e1363e13c547d82b2dfc", "testCaseId": "b88f0ab476c8e1363e13c547d82b2dfc", "fullName": "Tests.test_system.test_online.TestSOnlinePage#test_online_select3", "labels": [{"name": "feature", "value": "在线管理页用例"}, {"name": "story", "value": "过滤条件查询，设置包含条件查询成功"}, {"name": "tag", "value": "run(order=224)"}, {"name": "parentSuite", "value": "Tests.test_system"}, {"name": "suite", "value": "test_online"}, {"name": "subSuite", "value": "TestSOnlinePage"}, {"name": "host", "value": "WIN-20240820MJV"}, {"name": "thread", "value": "34960-MainThread"}, {"name": "framework", "value": "pytest"}, {"name": "language", "value": "cpython3"}, {"name": "package", "value": "Tests.test_system.test_online"}]}